core   0: 0x00001000 (0x00000297) auipc   t0, 0x0
core   0: 3 0x00001000 (0x00000297) x5  0x00001000
core   0: 0x00001004 (0x02028593) addi    a1, t0, 32
core   0: 3 0x00001004 (0x02028593) x11 0x00001020
core   0: 0x00001008 (0xf1402573) csrr    a0, mhartid
core   0: 3 0x00001008 (0xf1402573) x10 0x00000000
core   0: 0x0000100c (0x0182a283) lw      t0, 24(t0)
core   0: 3 0x0000100c (0x0182a283) x5  0x80000000 mem 0x00001018
core   0: 0x00001010 (0x00028067) jr      t0
core   0: 3 0x00001010 (0x00028067)
core   0: 0x80000000 (0xf14022f3) csrr    t0, mhartid
core   0: 3 0x80000000 (0xf14022f3) x5  0x00000000
core   0: 0x80000004 (0x00000313) li      t1, 0
core   0: 3 0x80000004 (0x00000313) x6  0x00000000
core   0: 0x80000008 (0x00628263) beq     t0, t1, pc + 4
core   0: 3 0x80000008 (0x00628263)
core   0: 0x8000000c (0x00000997) auipc   s3, 0x0
core   0: 3 0x8000000c (0x00000997) x19 0x8000000c
core   0: 0x80000010 (0x00c98993) addi    s3, s3, 12
core   0: 3 0x80000010 (0x00c98993) x19 0x80000018
core   0: 0x80000014 (0x00098067) jr      s3
core   0: 3 0x80000014 (0x00098067)
core   0: 0x80000018 (0x400004b7) lui     s1, 0x40000
core   0: 3 0x80000018 (0x400004b7) x9  0x40000000
core   0: 0x8000001c (0x10048493) addi    s1, s1, 256
core   0: 3 0x8000001c (0x10048493) x9  0x40000100
core   0: 0x80000020 (0x30149073) csrw    misa, s1
core   0: 3 0x80000020 (0x30149073) c769_misa 0x40140100
core   0: 0x80000024 (0x00019f17) auipc   t5, 0x19
core   0: 3 0x80000024 (0x00019f17) x30 0x80019024
core   0: 0x80000028 (0xcc0f0f13) addi    t5, t5, -832
core   0: 3 0x80000028 (0xcc0f0f13) x30 0x80018ce4
core   0: 0x8000002c (0x0000a497) auipc   s1, 0xa
core   0: 3 0x8000002c (0x0000a497) x9  0x8000a02c
core   0: 0x80000030 (0xd5048493) addi    s1, s1, -688
core   0: 3 0x80000030 (0xd5048493) x9  0x80009d7c
core   0: 0x80000034 (0x0004e493) ori     s1, s1, 0
core   0: 3 0x80000034 (0x0004e493) x9  0x80009d7c
core   0: 0x80000038 (0x30549073) csrw    mtvec, s1
core   0: 3 0x80000038 (0x30549073) c773_mtvec 0x80009d7c
core   0: 0x8000003c (0x00000497) auipc   s1, 0x0
core   0: 3 0x8000003c (0x00000497) x9  0x8000003c
core   0: 0x80000040 (0x02848493) addi    s1, s1, 40
core   0: 3 0x80000040 (0x02848493) x9  0x80000064
core   0: 0x80000044 (0x34149073) csrw    mepc, s1
core   0: 3 0x80000044 (0x34149073) c833_mepc 0x80000064
core   0: 0x80000048 (0x00000013) nop
core   0: 3 0x80000048 (0x00000013)
core   0: 0x8000004c (0x000024b7) lui     s1, 0x2
core   0: 3 0x8000004c (0x000024b7) x9  0x00002000
core   0: 0x80000050 (0x80048493) addi    s1, s1, -2048
core   0: 3 0x80000050 (0x80048493) x9  0x00001800
core   0: 0x80000054 (0x30049073) csrw    mstatus, s1
core   0: 3 0x80000054 (0x30049073) c768_mstatus 0x00001800
core   0: 0x80000058 (0x00000493) li      s1, 0
core   0: 3 0x80000058 (0x00000493) x9  0x00000000
core   0: 0x8000005c (0x30449073) csrw    mie, s1
core   0: 3 0x8000005c (0x30449073) c772_mie 0x00000000
core   0: 0x80000060 (0x30200073) mret
core   0: 3 0x80000060 (0x30200073) c1957_tcontrol 0x00000000 c768_mstatus 0x00000080 c784_mstatush 0x00000000
core   0: >>>>  init
core   0: 0x80000064 (0x00000013) nop
core   0: 3 0x80000064 (0x00000013)
core   0: 0x80000068 (0x00000093) li      ra, 0
core   0: 3 0x80000068 (0x00000093) x1  0x00000000
core   0: 0x8000006c (0x00000113) li      sp, 0
core   0: 3 0x8000006c (0x00000113) x2  0x00000000
core   0: 0x80000070 (0x800001b7) lui     gp, 0x80000
core   0: 3 0x80000070 (0x800001b7) x3  0x80000000
core   0: 0x80000074 (0xfd135237) lui     tp, 0xfd135
core   0: 3 0x80000074 (0xfd135237) x4  0xfd135000
core   0: 0x80000078 (0xc1820213) addi    tp, tp, -1000
core   0: 3 0x80000078 (0xc1820213) x4  0xfd134c18
core   0: 0x8000007c (0xf46ab2b7) lui     t0, 0xf46ab
core   0: 3 0x8000007c (0xf46ab2b7) x5  0xf46ab000
core   0: 0x80000080 (0x4c128293) addi    t0, t0, 1217
core   0: 3 0x80000080 (0x4c128293) x5  0xf46ab4c1
core   0: 0x80000084 (0x80000337) lui     t1, 0x80000
core   0: 3 0x80000084 (0x80000337) x6  0x80000000
core   0: 0x80000088 (0xfde963b7) lui     t2, 0xfde96
core   0: 3 0x80000088 (0xfde963b7) x7  0xfde96000
core   0: 0x8000008c (0x0d938393) addi    t2, t2, 217
core   0: 3 0x8000008c (0x0d938393) x7  0xfde960d9
core   0: 0x80000090 (0x80000437) lui     s0, 0x80000
core   0: 3 0x80000090 (0x80000437) x8  0x80000000
core   0: 0x80000094 (0x9c54c4b7) lui     s1, 0x9c54c
core   0: 3 0x80000094 (0x9c54c4b7) x9  0x9c54c000
core   0: 0x80000098 (0x41648493) addi    s1, s1, 1046
core   0: 3 0x80000098 (0x41648493) x9  0x9c54c416
core   0: 0x8000009c (0xb45be5b7) lui     a1, 0xb45be
core   0: 3 0x8000009c (0xb45be5b7) x11 0xb45be000
core   0: 0x800000a0 (0x49958593) addi    a1, a1, 1177
core   0: 3 0x800000a0 (0x49958593) x11 0xb45be499
core   0: 0x800000a4 (0x80000637) lui     a2, 0x80000
core   0: 3 0x800000a4 (0x80000637) x12 0x80000000
core   0: 0x800000a8 (0xfd69e6b7) lui     a3, 0xfd69e
core   0: 3 0x800000a8 (0xfd69e6b7) x13 0xfd69e000
core   0: 0x800000ac (0x65468693) addi    a3, a3, 1620
core   0: 3 0x800000ac (0x65468693) x13 0xfd69e654
core   0: 0x800000b0 (0x00700713) li      a4, 7
core   0: 3 0x800000b0 (0x00700713) x14 0x00000007
core   0: 0x800000b4 (0xfa04e7b7) lui     a5, 0xfa04e
core   0: 3 0x800000b4 (0xfa04e7b7) x15 0xfa04e000
core   0: 0x800000b8 (0xf3878793) addi    a5, a5, -200
core   0: 3 0x800000b8 (0xf3878793) x15 0xfa04df38
core   0: 0x800000bc (0x80000837) lui     a6, 0x80000
core   0: 3 0x800000bc (0x80000837) x16 0x80000000
core   0: 0x800000c0 (0x24db98b7) lui     a7, 0x24db9
core   0: 3 0x800000c0 (0x24db98b7) x17 0x24db9000
core   0: 0x800000c4 (0xa9f88893) addi    a7, a7, -1377
core   0: 3 0x800000c4 (0xa9f88893) x17 0x24db8a9f
core   0: 0x800000c8 (0xe7502937) lui     s2, 0xe7502
core   0: 3 0x800000c8 (0xe7502937) x18 0xe7502000
core   0: 0x800000cc (0x13c90913) addi    s2, s2, 316
core   0: 3 0x800000cc (0x13c90913) x18 0xe750213c
core   0: 0x800000d0 (0x00f00993) li      s3, 15
core   0: 3 0x800000d0 (0x00f00993) x19 0x0000000f
core   0: 0x800000d4 (0xdfcaca37) lui     s4, 0xdfcac
core   0: 3 0x800000d4 (0xdfcaca37) x20 0xdfcac000
core   0: 0x800000d8 (0x6d2a0a13) addi    s4, s4, 1746
core   0: 3 0x800000d8 (0x6d2a0a13) x20 0xdfcac6d2
core   0: 0x800000dc (0xffe14ab7) lui     s5, 0xffe14
core   0: 3 0x800000dc (0xffe14ab7) x21 0xffe14000
core   0: 0x800000e0 (0x9b2a8a93) addi    s5, s5, -1614
core   0: 3 0x800000e0 (0x9b2a8a93) x21 0xffe139b2
core   0: 0x800000e4 (0x00800b13) li      s6, 8
core   0: 3 0x800000e4 (0x00800b13) x22 0x00000008
core   0: 0x800000e8 (0x00000b93) li      s7, 0
core   0: 3 0x800000e8 (0x00000b93) x23 0x00000000
core   0: 0x800000ec (0xd2e35c37) lui     s8, 0xd2e35
core   0: 3 0x800000ec (0xd2e35c37) x24 0xd2e35000
core   0: 0x800000f0 (0x29dc0c13) addi    s8, s8, 669
core   0: 3 0x800000f0 (0x29dc0c13) x24 0xd2e3529d
core   0: 0x800000f4 (0x00300c93) li      s9, 3
core   0: 3 0x800000f4 (0x00300c93) x25 0x00000003
core   0: 0x800000f8 (0x80000d37) lui     s10, 0x80000
core   0: 3 0x800000f8 (0x80000d37) x26 0x80000000
core   0: 0x800000fc (0x00900d93) li      s11, 9
core   0: 3 0x800000fc (0x00900d93) x27 0x00000009
core   0: 0x80000100 (0x80000e37) lui     t3, 0x80000
core   0: 3 0x80000100 (0x80000e37) x28 0x80000000
core   0: 0x80000104 (0xdff5eeb7) lui     t4, 0xdff5e
core   0: 3 0x80000104 (0xdff5eeb7) x29 0xdff5e000
core   0: 0x80000108 (0xd81e8e93) addi    t4, t4, -639
core   0: 3 0x80000108 (0xd81e8e93) x29 0xdff5dd81
core   0: 0x8000010c (0x00000f93) li      t6, 0
core   0: 3 0x8000010c (0x00000f93) x31 0x00000000
core   0: 0x80000110 (0x00015517) auipc   a0, 0x15
core   0: 3 0x80000110 (0x00015517) x10 0x80015110
core   0: 0x80000114 (0xd5450513) addi    a0, a0, -684
core   0: 3 0x80000114 (0xd5450513) x10 0x80014e64
core   0: 0x80000118 (0x41a300b3) sub     ra, t1, s10
core   0: 3 0x80000118 (0x41a300b3) x1  0x00000000
core   0: 0x8000011c (0x00ef9433) sll     s0, t6, a4
core   0: 3 0x8000011c (0x00ef9433) x8  0x00000000
core   0: 0x80000120 (0xf2c2f713) andi    a4, t0, -212
core   0: 3 0x80000120 (0xf2c2f713) x14 0xf46ab400
core   0: 0x80000124 (0x400bdc13) srai    s8, s7, 0
core   0: 3 0x80000124 (0x400bdc13) x24 0x00000000
core   0: 0x80000128 (0x59b62893) slti    a7, a2, 1435
core   0: 3 0x80000128 (0x59b62893) x17 0x00000001
core   0: 0x8000012c (0xfb6d6617) auipc   a2, 0xfb6d6
core   0: 3 0x8000012c (0xfb6d6617) x12 0x7b6d612c
core   0: 0x80000130 (0x4d9b0c13) addi    s8, s6, 1241
core   0: 3 0x80000130 (0x4d9b0c13) x24 0x000004e1
core   0: 0x80000134 (0x01ad1033) sll     zero, s10, s10
core   0: 3 0x80000134 (0x01ad1033)
core   0: 0x80000138 (0x01249793) slli    a5, s1, 18
core   0: 3 0x80000138 (0x01249793) x15 0x10580000
core   0: 0x8000013c (0x4f55cb13) xori    s6, a1, 1269
core   0: 3 0x8000013c (0x4f55cb13) x22 0xb45be06c
core   0: 0x80000140 (0x000cda13) srli    s4, s9, 0
core   0: 3 0x80000140 (0x000cda13) x20 0x00000003
core   0: 0x80000144 (0x00e147b3) xor     a5, sp, a4
core   0: 3 0x80000144 (0x00e147b3) x15 0xf46ab400
core   0: 0x80000148 (0x0184edb3) or      s11, s1, s8
core   0: 3 0x80000148 (0x0184edb3) x27 0x9c54c4f7
core   0: 0x8000014c (0x40260833) sub     a6, a2, sp
core   0: 3 0x8000014c (0x40260833) x16 0x7b6d612c
core   0: 0x80000150 (0x01cc7ab3) and     s5, s8, t3
core   0: 3 0x80000150 (0x01cc7ab3) x21 0x00000000
core   0: 0x80000154 (0x00069493) slli    s1, a3, 0
core   0: 3 0x80000154 (0x00069493) x9  0xfd69e654
core   0: 0x80000158 (0x10d0c793) xori    a5, ra, 269
core   0: 3 0x80000158 (0x10d0c793) x15 0x0000010d
core   0: 0x8000015c (0x008e8833) add     a6, t4, s0
core   0: 3 0x8000015c (0x008e8833) x16 0xdff5dd81
core   0: 0x80000160 (0x40fc5c13) srai    s8, s8, 15
core   0: 3 0x80000160 (0x40fc5c13) x24 0x00000000
core   0: 0x80000164 (0x01100633) add     a2, zero, a7
core   0: 3 0x80000164 (0x01100633) x12 0x00000001
core   0: 0x80000168 (0x01c410b3) sll     ra, s0, t3
core   0: 3 0x80000168 (0x01c410b3) x1  0x00000000
core   0: 0x8000016c (0x40638033) sub     zero, t2, t1
core   0: 3 0x8000016c (0x40638033)
core   0: 0x80000170 (0x00101333) sll     t1, zero, ra
core   0: 3 0x80000170 (0x00101333) x6  0x00000000
core   0: 0x80000174 (0x8adec893) xori    a7, t4, -1875
core   0: 3 0x80000174 (0x8adec893) x17 0x200a252c
core   0: 0x80000178 (0x7faa8f93) addi    t6, s5, 2042
core   0: 3 0x80000178 (0x7faa8f93) x31 0x000007fa
core   0: 0x8000017c (0x0102d933) srl     s2, t0, a6
core   0: 3 0x8000017c (0x0102d933) x18 0x7a355a60
core   0: 0x80000180 (0x587a7b13) andi    s6, s4, 1415
core   0: 3 0x80000180 (0x587a7b13) x22 0x00000003
core   0: 0x80000184 (0x013c2b33) slt     s6, s8, s3
core   0: 3 0x80000184 (0x013c2b33) x22 0x00000001
core   0: 0x80000188 (0xc5c28593) addi    a1, t0, -932
core   0: 3 0x80000188 (0xc5c28593) x11 0xf46ab11d
core   0: 0x8000018c (0x00914333) xor     t1, sp, s1
core   0: 3 0x8000018c (0x00914333) x6  0xfd69e654
core   0: 0x80000190 (0x010e1eb3) sll     t4, t3, a6
core   0: 3 0x80000190 (0x010e1eb3) x29 0x00000000
core   0: 0x80000194 (0x00129113) slli    sp, t0, 1
core   0: 3 0x80000194 (0x00129113) x2  0xe8d56982
core   0: 0x80000198 (0x4f0ebd93) sltiu   s11, t4, 1264
core   0: 3 0x80000198 (0x4f0ebd93) x27 0x00000001
core   0: 0x8000019c (0x008f9bb3) sll     s7, t6, s0
core   0: 3 0x8000019c (0x008f9bb3) x23 0x000007fa
core   0: 0x800001a0 (0x44454b93) xori    s7, a0, 1092
core   0: 3 0x800001a0 (0x44454b93) x23 0x80014a20
core   0: 0x800001a4 (0x5a113f93) sltiu   t6, sp, 1441
core   0: 3 0x800001a4 (0x5a113f93) x31 0x00000000
core   0: 0x800001a8 (0x02b5c693) xori    a3, a1, 43
core   0: 3 0x800001a8 (0x02b5c693) x13 0xf46ab136
core   0: 0x800001ac (0x749b7793) andi    a5, s6, 1865
core   0: 3 0x800001ac (0x749b7793) x15 0x00000001
core   0: 0x800001b0 (0x413a5493) srai    s1, s4, 19
core   0: 3 0x800001b0 (0x413a5493) x9  0x00000000
core   0: 0x800001b4 (0x01337633) and     a2, t1, s3
core   0: 3 0x800001b4 (0x01337633) x12 0x00000004
core   0: 0x800001b8 (0xcf879217) auipc   tp, 0xcf879
core   0: 3 0x800001b8 (0xcf879217) x4  0x4f8791b8
core   0: 0x800001bc (0x0063fcb3) and     s9, t2, t1
core   0: 3 0x800001bc (0x0063fcb3) x25 0xfd696050
core   0: 0x800001c0 (0xb4b91d37) lui     s10, 0xb4b91
core   0: 3 0x800001c0 (0xb4b91d37) x26 0xb4b91000
core   0: 0x800001c4 (0x00e5d5b3) srl     a1, a1, a4
core   0: 3 0x800001c4 (0x00e5d5b3) x11 0xf46ab11d
core   0: 0x800001c8 (0x016cdd33) srl     s10, s9, s6
core   0: 3 0x800001c8 (0x016cdd33) x26 0x7eb4b028
core   0: 0x800001cc (0x013b3233) sltu    tp, s6, s3
core   0: 3 0x800001cc (0x013b3233) x4  0x00000001
core   0: 0x800001d0 (0x01a7f0b3) and     ra, a5, s10
core   0: 3 0x800001d0 (0x01a7f0b3) x1  0x00000000
core   0: 0x800001d4 (0x76b75417) auipc   s0, 0x76b75
core   0: 3 0x800001d4 (0x76b75417) x8  0xf6b751d4
core   0: 0x800001d8 (0x41cb0bb3) sub     s7, s6, t3
core   0: 3 0x800001d8 (0x41cb0bb3) x23 0x80000001
core   0: 0x800001dc (0x40efddb3) sra     s11, t6, a4
core   0: 3 0x800001dc (0x40efddb3) x27 0x00000000
core   0: 0x800001e0 (0x40115db3) sra     s11, sp, ra
core   0: 3 0x800001e0 (0x40115db3) x27 0xe8d56982
core   0: 0x800001e4 (0x00000013) nop
core   0: 3 0x800001e4 (0x00000013)
core   0: 0x800001e8 (0x404c5a13) srai    s4, s8, 4
core   0: 3 0x800001e8 (0x404c5a13) x20 0x00000000
core   0: 0x800001ec (0x08c54593) xori    a1, a0, 140
core   0: 3 0x800001ec (0x08c54593) x11 0x80014ee8
core   0: 0x800001f0 (0xb3bc7c37) lui     s8, 0xb3bc7
core   0: 3 0x800001f0 (0xb3bc7c37) x24 0xb3bc7000
core   0: 0x800001f4 (0x0002a0b3) slt     ra, t0, zero
core   0: 3 0x800001f4 (0x0002a0b3) x1  0x00000001
core   0: 0x800001f8 (0x00000013) nop
core   0: 3 0x800001f8 (0x00000013)
core   0: 0x800001fc (0x004a3ab3) sltu    s5, s4, tp
core   0: 3 0x800001fc (0x004a3ab3) x21 0x00000001
core   0: 0x80000200 (0x8cea4213) xori    tp, s4, -1842
core   0: 3 0x80000200 (0x8cea4213) x4  0xfffff8ce
core   0: 0x80000204 (0xeac54c13) xori    s8, a0, -340
core   0: 3 0x80000204 (0xeac54c13) x24 0x7ffeb0c8
core   0: 0x80000208 (0xd9bc0037) lui     zero, 0xd9bc0
core   0: 3 0x80000208 (0xd9bc0037)
core   0: 0x8000020c (0x00f69d33) sll     s10, a3, a5
core   0: 3 0x8000020c (0x00f69d33) x26 0xe8d5626c
core   0: 0x80000210 (0x3172cb93) xori    s7, t0, 791
core   0: 3 0x80000210 (0x3172cb93) x23 0xf46ab7d6
core   0: 0x80000214 (0x1ee8c617) auipc   a2, 0x1ee8c
core   0: 3 0x80000214 (0x1ee8c617) x12 0x9ee8c214
core   0: 0x80000218 (0x00be34b3) sltu    s1, t3, a1
core   0: 3 0x80000218 (0x00be34b3) x9  0x00000001
core   0: 0x8000021c (0x01d36733) or      a4, t1, t4
core   0: 3 0x8000021c (0x01d36733) x14 0xfd69e654
core   0: 0x80000220 (0x015c9113) slli    sp, s9, 21
core   0: 3 0x80000220 (0x015c9113) x2  0x0a000000
core   0: 0x80000224 (0xdd3e7137) lui     sp, 0xdd3e7
core   0: 3 0x80000224 (0xdd3e7137) x2  0xdd3e7000
core   0: 0x80000228 (0x01821a13) slli    s4, tp, 24
core   0: 3 0x80000228 (0x01821a13) x20 0xce000000
core   0: 0x8000022c (0x4016da93) srai    s5, a3, 1
core   0: 3 0x8000022c (0x4016da93) x21 0xfa35589b
core   0: 0x80000230 (0x70f433b7) lui     t2, 0x70f43
core   0: 3 0x80000230 (0x70f433b7) x7  0x70f43000
core   0: 0x80000234 (0x01a01cb3) sll     s9, zero, s10
core   0: 3 0x80000234 (0x01a01cb3) x25 0x00000000
core   0: 0x80000238 (0x846e6693) ori     a3, t3, -1978
core   0: 3 0x80000238 (0x846e6693) x13 0xfffff846
core   0: 0x8000023c (0x408c5213) srai    tp, s8, 8
core   0: 3 0x8000023c (0x408c5213) x4  0x007ffeb0
core   0: 0x80000240 (0x00000013) nop
core   0: 3 0x80000240 (0x00000013)
core   0: 0x80000244 (0x047c2613) slti    a2, s8, 71
core   0: 3 0x80000244 (0x047c2613) x12 0x00000000
core   0: 0x80000248 (0x212db313) sltiu   t1, s11, 530
core   0: 3 0x80000248 (0x212db313) x6  0x00000000
core   0: 0x8000024c (0x00039a33) sll     s4, t2, zero
core   0: 3 0x8000024c (0x00039a33) x20 0x70f43000
core   0: 0x80000250 (0x00ae4a33) xor     s4, t3, a0
core   0: 3 0x80000250 (0x00ae4a33) x20 0x00014e64
core   0: 0x80000254 (0x01b49cb3) sll     s9, s1, s11
core   0: 3 0x80000254 (0x01b49cb3) x25 0x00000004
core   0: 0x80000258 (0xe9966393) ori     t2, a2, -359
core   0: 3 0x80000258 (0xe9966393) x7  0xfffffe99
core   0: 0x8000025c (0x40a10a33) sub     s4, sp, a0
core   0: 3 0x8000025c (0x40a10a33) x20 0x5d3d219c
core   0: 0x80000260 (0x01f518b3) sll     a7, a0, t6
core   0: 3 0x80000260 (0x01f518b3) x17 0x80014e64
core   0: 0x80000264 (0x00000013) nop
core   0: 3 0x80000264 (0x00000013)
core   0: 0x80000268 (0xc6e5c793) xori    a5, a1, -914
core   0: 3 0x80000268 (0xc6e5c793) x15 0x7ffeb286
core   0: 0x8000026c (0xf32a74b7) lui     s1, 0xf32a7
core   0: 3 0x8000026c (0xf32a74b7) x9  0xf32a7000
core   0: 0x80000270 (0xdc17e713) ori     a4, a5, -575
core   0: 3 0x80000270 (0xdc17e713) x14 0xffffffc7
core   0: 0x80000274 (0x01c05d93) srli    s11, zero, 28
core   0: 3 0x80000274 (0x01c05d93) x27 0x00000000
core   0: 0x80000278 (0x4152dc33) sra     s8, t0, s5
core   0: 3 0x80000278 (0x4152dc33) x24 0xfffffffe
core   0: 0x8000027c (0xe0bd2d93) slti    s11, s10, -501
core   0: 3 0x8000027c (0xe0bd2d93) x27 0x00000001
core   0: 0x80000280 (0x0010d7b3) srl     a5, ra, ra
core   0: 3 0x80000280 (0x0010d7b3) x15 0x00000000
core   0: 0x80000284 (0x018d8733) add     a4, s11, s8
core   0: 3 0x80000284 (0x018d8733) x14 0xffffffff
core   0: 0x80000288 (0x010a6033) or      zero, s4, a6
core   0: 3 0x80000288 (0x010a6033)
core   0: 0x8000028c (0xa1024413) xori    s0, tp, -1520
core   0: 3 0x8000028c (0xa1024413) x8  0xff8004a0
core   0: 0x80000290 (0xd6eaa613) slti    a2, s5, -658
core   0: 3 0x80000290 (0xd6eaa613) x12 0x00000001
core   0: 0x80000294 (0x46530397) auipc   t2, 0x46530
core   0: 3 0x80000294 (0x46530397) x7  0xc6530294
core   0: 0x80000298 (0xf40fb793) sltiu   a5, t6, -192
core   0: 3 0x80000298 (0xf40fb793) x15 0x00000001
core   0: 0x8000029c (0xe97b6093) ori     ra, s6, -361
core   0: 3 0x8000029c (0xe97b6093) x1  0xfffffe97
core   0: 0x800002a0 (0x002cdeb3) srl     t4, s9, sp
core   0: 3 0x800002a0 (0x002cdeb3) x29 0x00000004
core   0: 0x800002a4 (0x966a8893) addi    a7, s5, -1690
core   0: 3 0x800002a4 (0x966a8893) x17 0xfa355201
core   0: 0x800002a8 (0x90488e13) addi    t3, a7, -1788
core   0: 3 0x800002a8 (0x90488e13) x28 0xfa354b05
core   0: 0x800002ac (0x00000013) nop
core   0: 3 0x800002ac (0x00000013)
core   0: 0x800002b0 (0x6f6d9a97) auipc   s5, 0x6f6d9
core   0: 3 0x800002b0 (0x6f6d9a97) x21 0xef6d92b0
core   0: 0x800002b4 (0x012dd033) srl     zero, s11, s2
core   0: 3 0x800002b4 (0x012dd033)
core   0: 0x800002b8 (0x00645b33) srl     s6, s0, t1
core   0: 3 0x800002b8 (0x00645b33) x22 0xff8004a0
core   0: 0x800002bc (0x00f3e433) or      s0, t2, a5
core   0: 3 0x800002bc (0x00f3e433) x8  0xc6530295
core   0: 0x800002c0 (0x01f7ea33) or      s4, a5, t6
core   0: 3 0x800002c0 (0x01f7ea33) x20 0x00000001
core   0: 0x800002c4 (0x01569893) slli    a7, a3, 21
core   0: 3 0x800002c4 (0x01569893) x17 0x08c00000
core   0: 0x800002c8 (0x401c8eb3) sub     t4, s9, ra
core   0: 3 0x800002c8 (0x401c8eb3) x29 0x0000016d
core   0: 0x800002cc (0x00cd55b3) srl     a1, s10, a2
core   0: 3 0x800002cc (0x00cd55b3) x11 0x746ab136
core   0: 0x800002d0 (0x41288733) sub     a4, a7, s2
core   0: 3 0x800002d0 (0x41288733) x14 0x8e8aa5a0
core   0: 0x800002d4 (0x403e81b3) sub     gp, t4, gp
core   0: 3 0x800002d4 (0x403e81b3) x3  0x8000016d
core   0: 0x800002d8 (0x41d8d193) srai    gp, a7, 29
core   0: 3 0x800002d8 (0x41d8d193) x3  0x00000000
core   0: 0x800002dc (0x01305cb3) srl     s9, zero, s3
core   0: 3 0x800002dc (0x01305cb3) x25 0x00000000
core   0: 0x800002e0 (0x00afda93) srli    s5, t6, 10
core   0: 3 0x800002e0 (0x00afda93) x21 0x00000000
core   0: 0x800002e4 (0x40885a13) srai    s4, a6, 8
core   0: 3 0x800002e4 (0x40885a13) x20 0xffdff5dd
core   0: 0x800002e8 (0x00b1c5b3) xor     a1, gp, a1
core   0: 3 0x800002e8 (0x00b1c5b3) x11 0x746ab136
core   0: 0x800002ec (0x00000013) nop
core   0: 3 0x800002ec (0x00000013)
core   0: 0x800002f0 (0x00000013) nop
core   0: 3 0x800002f0 (0x00000013)
core   0: 0x800002f4 (0x01986e33) or      t3, a6, s9
core   0: 3 0x800002f4 (0x01986e33) x28 0xdff5dd81
core   0: 0x800002f8 (0x5b820617) auipc   a2, 0x5b820
core   0: 3 0x800002f8 (0x5b820617) x12 0xdb8202f8
core   0: 0x800002fc (0x41ce86b3) sub     a3, t4, t3
core   0: 3 0x800002fc (0x41ce86b3) x13 0x200a23ec
core   0: 0x80000300 (0xec33fb93) andi    s7, t2, -317
core   0: 3 0x80000300 (0xec33fb93) x23 0xc6530280
core   0: 0x80000304 (0x85053b13) sltiu   s6, a0, -1968
core   0: 3 0x80000304 (0x85053b13) x22 0x00000001
core   0: 0x80000308 (0x01cee033) or      zero, t4, t3
core   0: 3 0x80000308 (0x01cee033)
core   0: 0x8000030c (0x402950b3) sra     ra, s2, sp
core   0: 3 0x8000030c (0x402950b3) x1  0x7a355a60
core   0: 0x80000310 (0x7cd745b7) lui     a1, 0x7cd74
core   0: 3 0x80000310 (0x7cd745b7) x11 0x7cd74000
core   0: 0x80000314 (0xd40af393) andi    t2, s5, -704
core   0: 3 0x80000314 (0xd40af393) x7  0x00000000
core   0: 0x80000318 (0x2a6a4d13) xori    s10, s4, 678
core   0: 3 0x80000318 (0x2a6a4d13) x26 0xffdff77b
core   0: 0x8000031c (0x417f5fb3) sra     t6, t5, s7
core   0: 3 0x8000031c (0x417f5fb3) x31 0x80018ce4
core   0: 0x80000320 (0x004bd593) srli    a1, s7, 4
core   0: 3 0x80000320 (0x004bd593) x11 0x0c653028
core   0: 0x80000324 (0x526cad13) slti    s10, s9, 1318
core   0: 3 0x80000324 (0x526cad13) x26 0x00000001
core   0: 0x80000328 (0x00000013) nop
core   0: 3 0x80000328 (0x00000013)
core   0: 0x8000032c (0x7784a317) auipc   t1, 0x7784a
core   0: 3 0x8000032c (0x7784a317) x6  0xf784a32c
core   0: 0x80000330 (0x407f5713) srai    a4, t5, 7
core   0: 3 0x80000330 (0x407f5713) x14 0xff000319
core   0: 0x80000334 (0x014778b3) and     a7, a4, s4
core   0: 3 0x80000334 (0x014778b3) x17 0xff000119
core   0: 0x80000338 (0xf370c913) xori    s2, ra, -201
core   0: 3 0x80000338 (0xf370c913) x18 0x85caa557
core   0: 0x8000033c (0x013591b3) sll     gp, a1, s3
core   0: 3 0x8000033c (0x013591b3) x3  0x98140000
core   0: 0x80000340 (0x616a9197) auipc   gp, 0x616a9
core   0: 3 0x80000340 (0x616a9197) x3  0xe16a9340
core   0: 0x80000344 (0x015d4133) xor     sp, s10, s5
core   0: 3 0x80000344 (0x015d4133) x2  0x00000001
core   0: 0x80000348 (0x016778b3) and     a7, a4, s6
core   0: 3 0x80000348 (0x016778b3) x17 0x00000001
core   0: 0x8000034c (0xb73d3093) sltiu   ra, s10, -1165
core   0: 3 0x8000034c (0xb73d3093) x1  0x00000001
core   0: 0x80000350 (0xc61aaa93) slti    s5, s5, -927
core   0: 3 0x80000350 (0xc61aaa93) x21 0x00000000
core   0: 0x80000354 (0x0007acb3) slt     s9, a5, zero
core   0: 3 0x80000354 (0x0007acb3) x25 0x00000000
core   0: 0x80000358 (0xb18e4413) xori    s0, t3, -1256
core   0: 3 0x80000358 (0xb18e4413) x8  0x200a2699
core   0: 0x8000035c (0x00000013) nop
core   0: 3 0x8000035c (0x00000013)
core   0: 0x80000360 (0x00000013) nop
core   0: 3 0x80000360 (0x00000013)
core   0: 0x80000364 (0x001535b3) sltu    a1, a0, ra
core   0: 3 0x80000364 (0x001535b3) x11 0x00000000
core   0: 0x80000368 (0xbb79b293) sltiu   t0, s3, -1097
core   0: 3 0x80000368 (0xbb79b293) x5  0x00000001
core   0: 0x8000036c (0x3ac9c193) xori    gp, s3, 940
core   0: 3 0x8000036c (0x3ac9c193) x3  0x000003a3
core   0: 0x80000370 (0x0022f233) and     tp, t0, sp
core   0: 3 0x80000370 (0x0022f233) x4  0x00000001
core   0: 0x80000374 (0x01624c33) xor     s8, tp, s6
core   0: 3 0x80000374 (0x01624c33) x24 0x00000000
core   0: 0x80000378 (0x01c4a3b3) slt     t2, s1, t3
core   0: 3 0x80000378 (0x01c4a3b3) x7  0x00000000
core   0: 0x8000037c (0x00fa65b3) or      a1, s4, a5
core   0: 3 0x8000037c (0x00fa65b3) x11 0xffdff5dd
core   0: 0x80000380 (0x78e0a813) slti    a6, ra, 1934
core   0: 3 0x80000380 (0x78e0a813) x16 0x00000001
core   0: 0x80000384 (0x956d8913) addi    s2, s11, -1706
core   0: 3 0x80000384 (0x956d8913) x18 0xfffff957
core   0: 0x80000388 (0x00000013) nop
core   0: 3 0x80000388 (0x00000013)
core   0: 0x8000038c (0x0140a433) slt     s0, ra, s4
core   0: 3 0x8000038c (0x0140a433) x8  0x00000000
core   0: 0x80000390 (0x00000013) nop
core   0: 3 0x80000390 (0x00000013)
core   0: 0x80000394 (0x40135c13) srai    s8, t1, 1
core   0: 3 0x80000394 (0x40135c13) x24 0xfbc25196
core   0: 0x80000398 (0x01215e13) srli    t3, sp, 18
core   0: 3 0x80000398 (0x01215e13) x28 0x00000000
core   0: 0x8000039c (0x01f247b3) xor     a5, tp, t6
core   0: 3 0x8000039c (0x01f247b3) x15 0x80018ce5
core   0: 0x800003a0 (0xe01bf813) andi    a6, s7, -511
core   0: 3 0x800003a0 (0xe01bf813) x16 0xc6530200
core   0: 0x800003a4 (0x00698933) add     s2, s3, t1
core   0: 3 0x800003a4 (0x00698933) x18 0xf784a33b
core   0: 0x800003a8 (0x01bd6fb3) or      t6, s10, s11
core   0: 3 0x800003a8 (0x01bd6fb3) x31 0x00000001
core   0: 0x800003ac (0x00000013) nop
core   0: 3 0x800003ac (0x00000013)
core   0: 0x800003b0 (0xbd6bc493) xori    s1, s7, -1066
core   0: 3 0x800003b0 (0xbd6bc493) x9  0x39acf956
core   0: 0x800003b4 (0x00da8eb3) add     t4, s5, a3
core   0: 3 0x800003b4 (0x00da8eb3) x29 0x200a23ec
core   0: 0x800003b8 (0x01869933) sll     s2, a3, s8
core   0: 3 0x800003b8 (0x01869933) x18 0xfb000000
core   0: 0x800003bc (0x6ca7fc13) andi    s8, a5, 1738
core   0: 3 0x800003bc (0x6ca7fc13) x24 0x000004c0
core   0: 0x800003c0 (0xdc18cf93) xori    t6, a7, -575
core   0: 3 0x800003c0 (0xdc18cf93) x31 0xfffffdc0
core   0: 0x800003c4 (0x012e6e33) or      t3, t3, s2
core   0: 3 0x800003c4 (0x012e6e33) x28 0xfb000000
core   0: 0x800003c8 (0xe0bbbc93) sltiu   s9, s7, -501
core   0: 3 0x800003c8 (0xe0bbbc93) x25 0x00000001
core   0: 0x800003cc (0x01197ab3) and     s5, s2, a7
core   0: 3 0x800003cc (0x01197ab3) x21 0x00000000
core   0: 0x800003d0 (0xb055e213) ori     tp, a1, -1275
core   0: 3 0x800003d0 (0xb055e213) x4  0xffffffdd
core   0: 0x800003d4 (0xdd99fa93) andi    s5, s3, -551
core   0: 3 0x800003d4 (0xdd99fa93) x21 0x00000009
core   0: 0x800003d8 (0x01d5d833) srl     a6, a1, t4
core   0: 3 0x800003d8 (0x01d5d833) x16 0x000ffdff
core   0: 0x800003dc (0x92b29eb7) lui     t4, 0x92b29
core   0: 3 0x800003dc (0x92b29eb7) x29 0x92b29000
core   0: 0x800003e0 (0x00fd5293) srli    t0, s10, 15
core   0: 3 0x800003e0 (0x00fd5293) x5  0x00000000
core   0: 0x800003e4 (0x00c8e7b3) or      a5, a7, a2
core   0: 3 0x800003e4 (0x00c8e7b3) x15 0xdb8202f9
core   0: 0x800003e8 (0xa7f13b13) sltiu   s6, sp, -1409
core   0: 3 0x800003e8 (0xa7f13b13) x22 0x00000001
core   0: 0x800003ec (0xf099f893) andi    a7, s3, -247
core   0: 3 0x800003ec (0xf099f893) x17 0x00000009
core   0: 0x800003f0 (0x0198f8b3) and     a7, a7, s9
core   0: 3 0x800003f0 (0x0198f8b3) x17 0x00000001
core   0: 0x800003f4 (0x40025e33) sra     t3, tp, zero
core   0: 3 0x800003f4 (0x40025e33) x28 0xffffffdd
core   0: 0x800003f8 (0x014bd5b3) srl     a1, s7, s4
core   0: 3 0x800003f8 (0x014bd5b3) x11 0x00000006
core   0: 0x800003fc (0x41d9d0b3) sra     ra, s3, t4
core   0: 3 0x800003fc (0x41d9d0b3) x1  0x0000000f
core   0: 0x80000400 (0x004fdd13) srli    s10, t6, 4
core   0: 3 0x80000400 (0x004fdd13) x26 0x0fffffdc
core   0: 0x80000404 (0x37abf193) andi    gp, s7, 890
core   0: 3 0x80000404 (0x37abf193) x3  0x00000200
core   0: 0x80000408 (0x015b8ab3) add     s5, s7, s5
core   0: 3 0x80000408 (0x015b8ab3) x21 0xc6530289
core   0: 0x8000040c (0x01dfcdb3) xor     s11, t6, t4
core   0: 3 0x8000040c (0x01dfcdb3) x27 0x6d4d6dc0
core   0: 0x80000410 (0x00c47db3) and     s11, s0, a2
core   0: 3 0x80000410 (0x00c47db3) x27 0x00000000
core   0: 0x80000414 (0x29eb0b13) addi    s6, s6, 670
core   0: 3 0x80000414 (0x29eb0b13) x22 0x0000029f
core   0: 0x80000418 (0x40445fb3) sra     t6, s0, tp
core   0: 3 0x80000418 (0x40445fb3) x31 0x00000000
core   0: 0x8000041c (0x9d11b093) sltiu   ra, gp, -1583
core   0: 3 0x8000041c (0x9d11b093) x1  0x00000001
core   0: 0x80000420 (0x40b85cb3) sra     s9, a6, a1
core   0: 3 0x80000420 (0x40b85cb3) x25 0x00003ff7
core   0: 0x80000424 (0x00000013) nop
core   0: 3 0x80000424 (0x00000013)
core   0: 0x80000428 (0x00ae14b3) sll     s1, t3, a0
core   0: 3 0x80000428 (0x00ae14b3) x9  0xfffffdd0
core   0: 0x8000042c (0x5ea3ce93) xori    t4, t2, 1514
core   0: 3 0x8000042c (0x5ea3ce93) x29 0x000005ea
core   0: 0x80000430 (0x01e81693) slli    a3, a6, 30
core   0: 3 0x80000430 (0x01e81693) x13 0xc0000000
core   0: 0x80000434 (0x16372913) slti    s2, a4, 355
core   0: 3 0x80000434 (0x16372913) x18 0x00000001
core   0: 0x80000438 (0x01cf4bb3) xor     s7, t5, t3
core   0: 3 0x80000438 (0x01cf4bb3) x23 0x7ffe7339
core   0: 0x8000043c (0x01a4d5b3) srl     a1, s1, s10
core   0: 3 0x8000043c (0x01a4d5b3) x11 0x0000000f
core   0: 0x80000440 (0x00ac5333) srl     t1, s8, a0
core   0: 3 0x80000440 (0x00ac5333) x6  0x0000004c
core   0: 0x80000444 (0x3f92e893) ori     a7, t0, 1017
core   0: 3 0x80000444 (0x3f92e893) x17 0x000003f9
core   0: 0x80000448 (0x474d0493) addi    s1, s10, 1140
core   0: 3 0x80000448 (0x474d0493) x9  0x10000450
core   0: 0x8000044c (0x010b2033) slt     zero, s6, a6
core   0: 3 0x8000044c (0x010b2033)
core   0: 0x80000450 (0x01fa3a13) sltiu   s4, s4, 31
core   0: 3 0x80000450 (0x01fa3a13) x20 0x00000000
core   0: 0x80000454 (0x2d23ed97) auipc   s11, 0x2d23e
core   0: 3 0x80000454 (0x2d23ed97) x27 0xad23e454
core   0: 0x80000458 (0x01148a33) add     s4, s1, a7
core   0: 3 0x80000458 (0x01148a33) x20 0x10000849
core   0: 0x8000045c (0x71d636b7) lui     a3, 0x71d63
core   0: 3 0x8000045c (0x71d636b7) x13 0x71d63000
core   0: 0x80000460 (0xfd670613) addi    a2, a4, -42
core   0: 3 0x80000460 (0xfd670613) x12 0xff0002ef
core   0: 0x80000464 (0x01d30bb3) add     s7, t1, t4
core   0: 3 0x80000464 (0x01d30bb3) x23 0x00000636
core   0: 0x80000468 (0x015c3e33) sltu    t3, s8, s5
core   0: 3 0x80000468 (0x015c3e33) x28 0x00000001
core   0: 0x8000046c (0x00000013) nop
core   0: 3 0x8000046c (0x00000013)
core   0: 0x80000470 (0x01945b33) srl     s6, s0, s9
core   0: 3 0x80000470 (0x01945b33) x22 0x00000000
core   0: 0x80000474 (0xdaddfb17) auipc   s6, 0xdaddf
core   0: 3 0x80000474 (0xdaddfb17) x22 0x5addf474
core   0: 0x80000478 (0xa9c14eb7) lui     t4, 0xa9c14
core   0: 3 0x80000478 (0xa9c14eb7) x29 0xa9c14000
core   0: 0x8000047c (0x01cd7cb3) and     s9, s10, t3
core   0: 3 0x8000047c (0x01cd7cb3) x25 0x00000000
core   0: 0x80000480 (0x41c15c93) srai    s9, sp, 28
core   0: 3 0x80000480 (0x41c15c93) x25 0x00000000
core   0: 0x80000484 (0x0171d633) srl     a2, gp, s7
core   0: 3 0x80000484 (0x0171d633) x12 0x00000000
core   0: 0x80000488 (0x41475133) sra     sp, a4, s4
core   0: 3 0x80000488 (0x41475133) x2  0xffff8001
core   0: 0x8000048c (0x01764bb3) xor     s7, a2, s7
core   0: 3 0x8000048c (0x01764bb3) x23 0x00000636
core   0: 0x80000490 (0x001fcbb3) xor     s7, t6, ra
core   0: 3 0x80000490 (0x001fcbb3) x23 0x00000001
core   0: 0x80000494 (0xbd036a93) ori     s5, t1, -1072
core   0: 3 0x80000494 (0xbd036a93) x21 0xfffffbdc
core   0: 0x80000498 (0x00b91813) slli    a6, s2, 11
core   0: 3 0x80000498 (0x00b91813) x16 0x00000800
core   0: 0x8000049c (0x014a67b3) or      a5, s4, s4
core   0: 3 0x8000049c (0x014a67b3) x15 0x10000849
core   0: 0x800004a0 (0x00000013) nop
core   0: 3 0x800004a0 (0x00000013)
core   0: 0x800004a4 (0x72ae6e97) auipc   t4, 0x72ae6
core   0: 3 0x800004a4 (0x72ae6e97) x29 0xf2ae64a4
core   0: 0x800004a8 (0x01f91fb3) sll     t6, s2, t6
core   0: 3 0x800004a8 (0x01f91fb3) x31 0x00000001
core   0: 0x800004ac (0xa6cbfa13) andi    s4, s7, -1428
core   0: 3 0x800004ac (0xa6cbfa13) x20 0x00000000
core   0: 0x800004b0 (0xfc44b213) sltiu   tp, s1, -60
core   0: 3 0x800004b0 (0xfc44b213) x4  0x00000001
core   0: 0x800004b4 (0x40e90e33) sub     t3, s2, a4
core   0: 3 0x800004b4 (0x40e90e33) x28 0x00fffce8
core   0: 0x800004b8 (0x01e334b7) lui     s1, 0x1e33
core   0: 3 0x800004b8 (0x01e334b7) x9  0x01e33000
core   0: 0x800004bc (0x0135b7b3) sltu    a5, a1, s3
core   0: 3 0x800004bc (0x0135b7b3) x15 0x00000000
core   0: 0x800004c0 (0x00c33cb3) sltu    s9, t1, a2
core   0: 3 0x800004c0 (0x00c33cb3) x25 0x00000000
core   0: 0x800004c4 (0x41b70bb3) sub     s7, a4, s11
core   0: 3 0x800004c4 (0x41b70bb3) x23 0x51dc1ec5
core   0: 0x800004c8 (0x40568db3) sub     s11, a3, t0
core   0: 3 0x800004c8 (0x40568db3) x27 0x71d63000
core   0: 0x800004cc (0xc6aacc93) xori    s9, s5, -918
core   0: 3 0x800004cc (0xc6aacc93) x25 0x000007b6
core   0: 0x800004d0 (0x01d6db13) srli    s6, a3, 29
core   0: 3 0x800004d0 (0x01d6db13) x22 0x00000003
core   0: 0x800004d4 (0x00192eb3) slt     t4, s2, ra
core   0: 3 0x800004d4 (0x00192eb3) x29 0x00000000
core   0: 0x800004d8 (0x0a4a2d93) slti    s11, s4, 164
core   0: 3 0x800004d8 (0x0a4a2d93) x27 0x00000001
core   0: 0x800004dc (0x00000013) nop
core   0: 3 0x800004dc (0x00000013)
core   0: 0x800004e0 (0x69559a37) lui     s4, 0x69559
core   0: 3 0x800004e0 (0x69559a37) x20 0x69559000
core   0: 0x800004e4 (0x0024d013) srli    zero, s1, 2
core   0: 3 0x800004e4 (0x0024d013)
core   0: 0x800004e8 (0x0009fc33) and     s8, s3, zero
core   0: 3 0x800004e8 (0x0009fc33) x24 0x00000000
core   0: 0x800004ec (0xf3620593) addi    a1, tp, -202
core   0: 3 0x800004ec (0xf3620593) x11 0xffffff37
core   0: 0x800004f0 (0x83d86313) ori     t1, a6, -1987
core   0: 3 0x800004f0 (0x83d86313) x6  0xfffff83d
core   0: 0x800004f4 (0x41805493) srai    s1, zero, 24
core   0: 3 0x800004f4 (0x41805493) x9  0x00000000
core   0: 0x800004f8 (0x01fe2db3) slt     s11, t3, t6
core   0: 3 0x800004f8 (0x01fe2db3) x27 0x00000000
core   0: 0x800004fc (0x019dbeb3) sltu    t4, s11, s9
core   0: 3 0x800004fc (0x019dbeb3) x29 0x00000001
core   0: 0x80000500 (0x01931d93) slli    s11, t1, 25
core   0: 3 0x80000500 (0x01931d93) x27 0x7a000000
core   0: 0x80000504 (0x017badb3) slt     s11, s7, s7
core   0: 3 0x80000504 (0x017badb3) x27 0x00000000
core   0: 0x80000508 (0x01535193) srli    gp, t1, 21
core   0: 3 0x80000508 (0x01535193) x3  0x000007ff
core   0: 0x8000050c (0xc26b7493) andi    s1, s6, -986
core   0: 3 0x8000050c (0xc26b7493) x9  0x00000002
core   0: 0x80000510 (0x01f5ad33) slt     s10, a1, t6
core   0: 3 0x80000510 (0x01f5ad33) x26 0x00000001
core   0: 0x80000514 (0x0002afb3) slt     t6, t0, zero
core   0: 3 0x80000514 (0x0002afb3) x31 0x00000000
core   0: 0x80000518 (0x00000013) nop
core   0: 3 0x80000518 (0x00000013)
core   0: 0x8000051c (0x005de733) or      a4, s11, t0
core   0: 3 0x8000051c (0x005de733) x14 0x00000000
core   0: 0x80000520 (0x3c9db193) sltiu   gp, s11, 969
core   0: 3 0x80000520 (0x3c9db193) x3  0x00000001
core   0: 0x80000524 (0xfda583b7) lui     t2, 0xfda58
core   0: 3 0x80000524 (0xfda583b7) x7  0xfda58000
core   0: 0x80000528 (0x01447bb3) and     s7, s0, s4
core   0: 3 0x80000528 (0x01447bb3) x23 0x00000000
core   0: 0x8000052c (0x010eb3b3) sltu    t2, t4, a6
core   0: 3 0x8000052c (0x010eb3b3) x7  0x00000001
core   0: 0x80000530 (0x6f0e4313) xori    t1, t3, 1776
core   0: 3 0x80000530 (0x6f0e4313) x6  0x00fffa18
core   0: 0x80000534 (0xc14644b7) lui     s1, 0xc1464
core   0: 3 0x80000534 (0xc14644b7) x9  0xc1464000
core   0: 0x80000538 (0x52f50613) addi    a2, a0, 1327
core   0: 3 0x80000538 (0x52f50613) x12 0x80015393
core   0: 0x8000053c (0x014c1a33) sll     s4, s8, s4
core   0: 3 0x8000053c (0x014c1a33) x20 0x00000000
core   0: 0x80000540 (0x019add13) srli    s10, s5, 25
core   0: 3 0x80000540 (0x019add13) x26 0x0000007f
core   0: 0x80000544 (0x010425b3) slt     a1, s0, a6
core   0: 3 0x80000544 (0x010425b3) x11 0x00000001
core   0: 0x80000548 (0x547bcb37) lui     s6, 0x547bc
core   0: 3 0x80000548 (0x547bcb37) x22 0x547bc000
core   0: 0x8000054c (0x9f242093) slti    ra, s0, -1550
core   0: 3 0x8000054c (0x9f242093) x1  0x00000000
core   0: 0x80000550 (0x1369f793) andi    a5, s3, 310
core   0: 3 0x80000550 (0x1369f793) x15 0x00000006
core   0: 0x80000554 (0x407edeb3) sra     t4, t4, t2
core   0: 3 0x80000554 (0x407edeb3) x29 0x00000000
core   0: 0x80000558 (0x2c5e6717) auipc   a4, 0x2c5e6
core   0: 3 0x80000558 (0x2c5e6717) x14 0xac5e6558
core   0: 0x8000055c (0x40acdf93) srai    t6, s9, 10
core   0: 3 0x8000055c (0x40acdf93) x31 0x00000001
core   0: 0x80000560 (0x00d734b3) sltu    s1, a4, a3
core   0: 3 0x80000560 (0x00d734b3) x9  0x00000000
core   0: 0x80000564 (0x0154b733) sltu    a4, s1, s5
core   0: 3 0x80000564 (0x0154b733) x14 0x00000001
core   0: 0x80000568 (0x64d587b7) lui     a5, 0x64d58
core   0: 3 0x80000568 (0x64d587b7) x15 0x64d58000
core   0: 0x8000056c (0x55fc8d97) auipc   s11, 0x55fc8
core   0: 3 0x8000056c (0x55fc8d97) x27 0xd5fc856c
core   0: 0x80000570 (0x400e50b3) sra     ra, t3, zero
core   0: 3 0x80000570 (0x400e50b3) x1  0x00fffce8
core   0: 0x80000574 (0x95378413) addi    s0, a5, -1709
core   0: 3 0x80000574 (0x95378413) x8  0x64d57953
core   0: 0x80000578 (0x41335cb3) sra     s9, t1, s3
core   0: 3 0x80000578 (0x41335cb3) x25 0x000001ff
core   0: 0x8000057c (0x01109bb3) sll     s7, ra, a7
core   0: 3 0x8000057c (0x01109bb3) x23 0xd0000000
core   0: 0x80000580 (0x5ebd7417) auipc   s0, 0x5ebd7
core   0: 3 0x80000580 (0x5ebd7417) x8  0xdebd7580
core   0: 0x80000584 (0x00291a33) sll     s4, s2, sp
core   0: 3 0x80000584 (0x00291a33) x20 0x00000002
core   0: 0x80000588 (0x015ed333) srl     t1, t4, s5
core   0: 3 0x80000588 (0x015ed333) x6  0x00000000
core   0: 0x8000058c (0x008f9b33) sll     s6, t6, s0
core   0: 3 0x8000058c (0x008f9b33) x22 0x00000001
core   0: 0x80000590 (0x63517b37) lui     s6, 0x63517
core   0: 3 0x80000590 (0x63517b37) x22 0x63517000
core   0: 0x80000594 (0x41998033) sub     zero, s3, s9
core   0: 3 0x80000594 (0x41998033)
core   0: 0x80000598 (0x90502893) slti    a7, zero, -1787
core   0: 3 0x80000598 (0x90502893) x17 0x00000000
core   0: 0x8000059c (0x00000013) nop
core   0: 3 0x8000059c (0x00000013)
core   0: 0x800005a0 (0x01ff6db3) or      s11, t5, t6
core   0: 3 0x800005a0 (0x01ff6db3) x27 0x80018ce5
core   0: 0x800005a4 (0x004ad093) srli    ra, s5, 4
core   0: 3 0x800005a4 (0x004ad093) x1  0x0fffffbd
core   0: 0x800005a8 (0x00b0fd33) and     s10, ra, a1
core   0: 3 0x800005a8 (0x00b0fd33) x26 0x00000001
core   0: 0x800005ac (0x01be8a33) add     s4, t4, s11
core   0: 3 0x800005ac (0x01be8a33) x20 0x80018ce5
core   0: 0x800005b0 (0x013a7b33) and     s6, s4, s3
core   0: 3 0x800005b0 (0x013a7b33) x22 0x00000005
core   0: 0x800005b4 (0x011c6fb3) or      t6, s8, a7
core   0: 3 0x800005b4 (0x011c6fb3) x31 0x00000000
core   0: 0x800005b8 (0x3f987013) andi    zero, a6, 1017
core   0: 3 0x800005b8 (0x3f987013)
core   0: 0x800005bc (0x227a90b7) lui     ra, 0x227a9
core   0: 3 0x800005bc (0x227a90b7) x1  0x227a9000
core   0: 0x800005c0 (0x018c2933) slt     s2, s8, s8
core   0: 3 0x800005c0 (0x018c2933) x18 0x00000000
core   0: 0x800005c4 (0x00000013) nop
core   0: 3 0x800005c4 (0x00000013)
core   0: 0x800005c8 (0x63639b37) lui     s6, 0x63639
core   0: 3 0x800005c8 (0x63639b37) x22 0x63639000
core   0: 0x800005cc (0x008e93b3) sll     t2, t4, s0
core   0: 3 0x800005cc (0x008e93b3) x7  0x00000000
core   0: 0x800005d0 (0x2007bf93) sltiu   t6, a5, 512
core   0: 3 0x800005d0 (0x2007bf93) x31 0x00000000
core   0: 0x800005d4 (0x0088e7b3) or      a5, a7, s0
core   0: 3 0x800005d4 (0x0088e7b3) x15 0xdebd7580
core   0: 0x800005d8 (0x00145ab3) srl     s5, s0, ra
core   0: 3 0x800005d8 (0x00145ab3) x21 0xdebd7580
core   0: 0x800005dc (0x01c9f333) and     t1, s3, t3
core   0: 3 0x800005dc (0x01c9f333) x6  0x00000008
core   0: 0x800005e0 (0xe56fba13) sltiu   s4, t6, -426
core   0: 3 0x800005e0 (0xe56fba13) x20 0x00000001
core   0: 0x800005e4 (0x019bec33) or      s8, s7, s9
core   0: 3 0x800005e4 (0x019bec33) x24 0xd00001ff
core   0: 0x800005e8 (0x71f36113) ori     sp, t1, 1823
core   0: 3 0x800005e8 (0x71f36113) x2  0x0000071f
core   0: 0x800005ec (0x40ecd5b3) sra     a1, s9, a4
core   0: 3 0x800005ec (0x40ecd5b3) x11 0x000000ff
core   0: 0x800005f0 (0x5af9bf93) sltiu   t6, s3, 1455
core   0: 3 0x800005f0 (0x5af9bf93) x31 0x00000001
core   0: 0x800005f4 (0x4087d693) srai    a3, a5, 8
core   0: 3 0x800005f4 (0x4087d693) x13 0xffdebd75
core   0: 0x800005f8 (0x01789733) sll     a4, a7, s7
core   0: 3 0x800005f8 (0x01789733) x14 0x00000000
core   0: 0x800005fc (0x01397033) and     zero, s2, s3
core   0: 3 0x800005fc (0x01397033)
core   0: 0x80000600 (0x00416833) or      a6, sp, tp
core   0: 3 0x80000600 (0x00416833) x16 0x0000071f
core   0: 0x80000604 (0x00dc7433) and     s0, s8, a3
core   0: 3 0x80000604 (0x00dc7433) x8  0xd0000175
core   0: 0x80000608 (0x41030e33) sub     t3, t1, a6
core   0: 3 0x80000608 (0x41030e33) x28 0xfffff8e9
core   0: 0x8000060c (0x01dfda33) srl     s4, t6, t4
core   0: 3 0x8000060c (0x01dfda33) x20 0x00000001
core   0: 0x80000610 (0x49d90c93) addi    s9, s2, 1181
core   0: 3 0x80000610 (0x49d90c93) x25 0x0000049d
core   0: 0x80000614 (0x40e38ab3) sub     s5, t2, a4
core   0: 3 0x80000614 (0x40e38ab3) x21 0x00000000
core   0: 0x80000618 (0x60422393) slti    t2, tp, 1540
core   0: 3 0x80000618 (0x60422393) x7  0x00000001
core   0: 0x8000061c (0x77e18413) addi    s0, gp, 1918
core   0: 3 0x8000061c (0x77e18413) x8  0x0000077f
core   0: 0x80000620 (0x40de5913) srai    s2, t3, 13
core   0: 3 0x80000620 (0x40de5913) x18 0xffffffff
core   0: 0x80000624 (0x018491b3) sll     gp, s1, s8
core   0: 3 0x80000624 (0x018491b3) x3  0x00000000
core   0: 0x80000628 (0x40dad633) sra     a2, s5, a3
core   0: 3 0x80000628 (0x40dad633) x12 0x00000000
core   0: 0x8000062c (0x01ce9113) slli    sp, t4, 28
core   0: 3 0x8000062c (0x01ce9113) x2  0x00000000
core   0: 0x80000630 (0x009fd6b3) srl     a3, t6, s1
core   0: 3 0x80000630 (0x009fd6b3) x13 0x00000001
core   0: 0x80000634 (0x00000013) nop
core   0: 3 0x80000634 (0x00000013)
core   0: 0x80000638 (0x358f8e93) addi    t4, t6, 856
core   0: 3 0x80000638 (0x358f8e93) x29 0x00000359
core   0: 0x8000063c (0x00aa9793) slli    a5, s5, 10
core   0: 3 0x8000063c (0x00aa9793) x15 0x00000000
core   0: 0x80000640 (0x008a6833) or      a6, s4, s0
core   0: 3 0x80000640 (0x008a6833) x16 0x0000077f
core   0: 0x80000644 (0x404a5db3) sra     s11, s4, tp
core   0: 3 0x80000644 (0x404a5db3) x27 0x00000000
core   0: 0x80000648 (0x40f95733) sra     a4, s2, a5
core   0: 3 0x80000648 (0x40f95733) x14 0xffffffff
core   0: 0x8000064c (0x3823b213) sltiu   tp, t2, 898
core   0: 3 0x8000064c (0x3823b213) x4  0x00000001
core   0: 0x80000650 (0xb3ac8693) addi    a3, s9, -1222
core   0: 3 0x80000650 (0xb3ac8693) x13 0xffffffd7
core   0: 0x80000654 (0x402152b3) sra     t0, sp, sp
core   0: 3 0x80000654 (0x402152b3) x5  0x00000000
core   0: 0x80000658 (0x06e78a93) addi    s5, a5, 110
core   0: 3 0x80000658 (0x06e78a93) x21 0x0000006e
core   0: 0x8000065c (0x01cd3bb3) sltu    s7, s10, t3
core   0: 3 0x8000065c (0x01cd3bb3) x23 0x00000001
core   0: 0x80000660 (0x41cd05b3) sub     a1, s10, t3
core   0: 3 0x80000660 (0x41cd05b3) x11 0x00000718
core   0: 0x80000664 (0xbd30e593) ori     a1, ra, -1069
core   0: 3 0x80000664 (0xbd30e593) x11 0xfffffbd3
core   0: 0x80000668 (0x38434213) xori    tp, t1, 900
core   0: 3 0x80000668 (0x38434213) x4  0x0000038c
core   0: 0x8000066c (0x6573b813) sltiu   a6, t2, 1623
core   0: 3 0x8000066c (0x6573b813) x16 0x00000001
core   0: 0x80000670 (0x41728833) sub     a6, t0, s7
core   0: 3 0x80000670 (0x41728833) x16 0xffffffff
core   0: 0x80000674 (0x01125f93) srli    t6, tp, 17
core   0: 3 0x80000674 (0x01125f93) x31 0x00000000
core   0: 0x80000678 (0x01159213) slli    tp, a1, 17
core   0: 3 0x80000678 (0x01159213) x4  0xf7a60000
core   0: 0x8000067c (0x85630893) addi    a7, t1, -1962
core   0: 3 0x8000067c (0x85630893) x17 0xfffff85e
core   0: 0x80000680 (0x41130633) sub     a2, t1, a7
core   0: 3 0x80000680 (0x41130633) x12 0x000007aa
core   0: 0x80000684 (0xc50c4393) xori    t2, s8, -944
core   0: 3 0x80000684 (0xc50c4393) x7  0x2ffffdaf
core   0: 0x80000688 (0x006fcc33) xor     s8, t6, t1
core   0: 3 0x80000688 (0x006fcc33) x24 0x00000008
core   0: 0x8000068c (0x9ef03293) sltiu   t0, zero, -1553
core   0: 3 0x8000068c (0x9ef03293) x5  0x00000001
core   0: 0x80000690 (0x00c80933) add     s2, a6, a2
core   0: 3 0x80000690 (0x00c80933) x18 0x000007a9
core   0: 0x80000694 (0x402e0bb3) sub     s7, t3, sp
core   0: 3 0x80000694 (0x402e0bb3) x23 0xfffff8e9
core   0: 0x80000698 (0xd1fa4b93) xori    s7, s4, -737
core   0: 3 0x80000698 (0xd1fa4b93) x23 0xfffffd1e
core   0: 0x8000069c (0x01b05413) srli    s0, zero, 27
core   0: 3 0x8000069c (0x01b05413) x8  0x00000000
core   0: 0x800006a0 (0xbd7a3693) sltiu   a3, s4, -1065
core   0: 3 0x800006a0 (0xbd7a3693) x13 0x00000001
core   0: 0x800006a4 (0x75e4a393) slti    t2, s1, 1886
core   0: 3 0x800006a4 (0x75e4a393) x7  0x00000001
core   0: 0x800006a8 (0x008fda33) srl     s4, t6, s0
core   0: 3 0x800006a8 (0x008fda33) x20 0x00000000
core   0: 0x800006ac (0x007e5a93) srli    s5, t3, 7
core   0: 3 0x800006ac (0x007e5a93) x21 0x01fffff1
core   0: 0x800006b0 (0x94fb3713) sltiu   a4, s6, -1713
core   0: 3 0x800006b0 (0x94fb3713) x14 0x00000001
core   0: 0x800006b4 (0xa95ca013) slti    zero, s9, -1387
core   0: 3 0x800006b4 (0xa95ca013)
core   0: 0x800006b8 (0x00701213) slli    tp, zero, 7
core   0: 3 0x800006b8 (0x00701213) x4  0x00000000
core   0: 0x800006bc (0xa3e0f013) andi    zero, ra, -1474
core   0: 3 0x800006bc (0xa3e0f013)
core   0: 0x800006c0 (0x01bad333) srl     t1, s5, s11
core   0: 3 0x800006c0 (0x01bad333) x6  0x01fffff1
core   0: 0x800006c4 (0x00cdddb3) srl     s11, s11, a2
core   0: 3 0x800006c4 (0x00cdddb3) x27 0x00000000
core   0: 0x800006c8 (0x40f00cb3) sub     s9, zero, a5
core   0: 3 0x800006c8 (0x40f00cb3) x25 0x00000000
core   0: 0x800006cc (0x94b15f97) auipc   t6, 0x94b15
core   0: 3 0x800006cc (0x94b15f97) x31 0x14b156cc
core   0: 0x800006d0 (0x002ff033) and     zero, t6, sp
core   0: 3 0x800006d0 (0x002ff033)
core   0: 0x800006d4 (0x41f65ab3) sra     s5, a2, t6
core   0: 3 0x800006d4 (0x41f65ab3) x21 0x00000000
core   0: 0x800006d8 (0x8ee56293) ori     t0, a0, -1810
core   0: 3 0x800006d8 (0x8ee56293) x5  0xfffffeee
core   0: 0x800006dc (0x008a5fb3) srl     t6, s4, s0
core   0: 3 0x800006dc (0x008a5fb3) x31 0x00000000
core   0: 0x800006e0 (0x41ba5613) srai    a2, s4, 27
core   0: 3 0x800006e0 (0x41ba5613) x12 0x00000000
core   0: 0x800006e4 (0x4c2f3d13) sltiu   s10, t5, 1218
core   0: 3 0x800006e4 (0x4c2f3d13) x26 0x00000000
core   0: 0x800006e8 (0x41a657b3) sra     a5, a2, s10
core   0: 3 0x800006e8 (0x41a657b3) x15 0x00000000
core   0: 0x800006ec (0x41af8333) sub     t1, t6, s10
core   0: 3 0x800006ec (0x41af8333) x6  0x00000000
core   0: 0x800006f0 (0x8d1cb613) sltiu   a2, s9, -1839
core   0: 3 0x800006f0 (0x8d1cb613) x12 0x00000001
core   0: 0x800006f4 (0xde62ad93) slti    s11, t0, -538
core   0: 3 0x800006f4 (0xde62ad93) x27 0x00000000
core   0: 0x800006f8 (0x00ec2733) slt     a4, s8, a4
core   0: 3 0x800006f8 (0x00ec2733) x14 0x00000000
core   0: 0x800006fc (0x0192dcb3) srl     s9, t0, s9
core   0: 3 0x800006fc (0x0192dcb3) x25 0xfffffeee
core   0: 0x80000700 (0x4364fa93) andi    s5, s1, 1078
core   0: 3 0x80000700 (0x4364fa93) x21 0x00000000
core   0: 0x80000704 (0x00f000b3) add     ra, zero, a5
core   0: 3 0x80000704 (0x00f000b3) x1  0x00000000
core   0: 0x80000708 (0x015d8a33) add     s4, s11, s5
core   0: 3 0x80000708 (0x015d8a33) x20 0x00000000
core   0: 0x8000070c (0x41aa5d13) srai    s10, s4, 26
core   0: 3 0x8000070c (0x41aa5d13) x26 0x00000000
core   0: 0x80000710 (0xc6248813) addi    a6, s1, -926
core   0: 3 0x80000710 (0xc6248813) x16 0xfffffc62
core   0: 0x80000714 (0x00acd8b3) srl     a7, s9, a0
core   0: 3 0x80000714 (0x00acd8b3) x17 0x0fffffee
core   0: 0x80000718 (0x01758b33) add     s6, a1, s7
core   0: 3 0x80000718 (0x01758b33) x22 0xfffff8f1
core   0: 0x8000071c (0x00ed5eb3) srl     t4, s10, a4
core   0: 3 0x8000071c (0x00ed5eb3) x29 0x00000000
core   0: 0x80000720 (0x004e2a33) slt     s4, t3, tp
core   0: 3 0x80000720 (0x004e2a33) x20 0x00000001
core   0: 0x80000724 (0x004bfdb3) and     s11, s7, tp
core   0: 3 0x80000724 (0x004bfdb3) x27 0x00000000
core   0: 0x80000728 (0x019c9a93) slli    s5, s9, 25
core   0: 3 0x80000728 (0x019c9a93) x21 0xdc000000
core   0: 0x8000072c (0x6f7c6b13) ori     s6, s8, 1783
core   0: 3 0x8000072c (0x6f7c6b13) x22 0x000006ff
core   0: 0x80000730 (0x0011b633) sltu    a2, gp, ra
core   0: 3 0x80000730 (0x0011b633) x12 0x00000000
core   0: 0x80000734 (0x00707333) and     t1, zero, t2
core   0: 3 0x80000734 (0x00707333) x6  0x00000000
core   0: 0x80000738 (0x0141bab3) sltu    s5, gp, s4
core   0: 3 0x80000738 (0x0141bab3) x21 0x00000001
core   0: 0x8000073c (0x40c708b3) sub     a7, a4, a2
core   0: 3 0x8000073c (0x40c708b3) x17 0x00000000
core   0: 0x80000740 (0x40b90333) sub     t1, s2, a1
core   0: 3 0x80000740 (0x40b90333) x6  0x00000bd6
core   0: 0x80000744 (0x009383b3) add     t2, t2, s1
core   0: 3 0x80000744 (0x009383b3) x7  0x00000001
core   0: 0x80000748 (0x01a50ab3) add     s5, a0, s10
core   0: 3 0x80000748 (0x01a50ab3) x21 0x80014e64
core   0: 0x8000074c (0x00a8bab3) sltu    s5, a7, a0
core   0: 3 0x8000074c (0x00a8bab3) x21 0x00000001
core   0: 0x80000750 (0x013ba5b3) slt     a1, s7, s3
core   0: 3 0x80000750 (0x013ba5b3) x11 0x00000001
core   0: 0x80000754 (0x00886033) or      zero, a6, s0
core   0: 3 0x80000754 (0x00886033)
core   0: 0x80000758 (0x00f10033) add     zero, sp, a5
core   0: 3 0x80000758 (0x00f10033)
core   0: 0x8000075c (0x40fa8a33) sub     s4, s5, a5
core   0: 3 0x8000075c (0x40fa8a33) x20 0x00000001
core   0: 0x80000760 (0x0105b2b3) sltu    t0, a1, a6
core   0: 3 0x80000760 (0x0105b2b3) x5  0x00000001
core   0: 0x80000764 (0x40bd8b33) sub     s6, s11, a1
core   0: 3 0x80000764 (0x40bd8b33) x22 0xffffffff
core   0: 0x80000768 (0x01538133) add     sp, t2, s5
core   0: 3 0x80000768 (0x01538133) x2  0x00000002
core   0: 0x8000076c (0x9df662b7) lui     t0, 0x9df66
core   0: 3 0x8000076c (0x9df662b7) x5  0x9df66000
core   0: 0x80000770 (0x41cfde93) srai    t4, t6, 28
core   0: 3 0x80000770 (0x41cfde93) x29 0x00000000
core   0: 0x80000774 (0x0007bdb3) sltu    s11, a5, zero
core   0: 3 0x80000774 (0x0007bdb3) x27 0x00000000
core   0: 0x80000778 (0x19090013) addi    zero, s2, 400
core   0: 3 0x80000778 (0x19090013)
core   0: 0x8000077c (0x01eeb633) sltu    a2, t4, t5
core   0: 3 0x8000077c (0x01eeb633) x12 0x00000001
core   0: 0x80000780 (0x41e98933) sub     s2, s3, t5
core   0: 3 0x80000780 (0x41e98933) x18 0x7ffe732b
core   0: 0x80000784 (0x01b6db13) srli    s6, a3, 27
core   0: 3 0x80000784 (0x01b6db13) x22 0x00000000
core   0: 0x80000788 (0x01366933) or      s2, a2, s3
core   0: 3 0x80000788 (0x01366933) x18 0x0000000f
core   0: 0x8000078c (0x00855cb3) srl     s9, a0, s0
core   0: 3 0x8000078c (0x00855cb3) x25 0x80014e64
core   0: 0x80000790 (0x8c6fb393) sltiu   t2, t6, -1850
core   0: 3 0x80000790 (0x8c6fb393) x7  0x00000001
core   0: 0x80000794 (0x016fb0b3) sltu    ra, t6, s6
core   0: 3 0x80000794 (0x016fb0b3) x1  0x00000000
core   0: 0x80000798 (0x010d88b3) add     a7, s11, a6
core   0: 3 0x80000798 (0x010d88b3) x17 0xfffffc62
core   0: 0x8000079c (0x00a60033) add     zero, a2, a0
core   0: 3 0x8000079c (0x00a60033)
core   0: 0x800007a0 (0x01904333) xor     t1, zero, s9
core   0: 3 0x800007a0 (0x01904333) x6  0x80014e64
core   0: 0x800007a4 (0x00ef68b3) or      a7, t5, a4
core   0: 3 0x800007a4 (0x00ef68b3) x17 0x80018ce4
core   0: 0x800007a8 (0x000a5eb3) srl     t4, s4, zero
core   0: 3 0x800007a8 (0x000a5eb3) x29 0x00000001
core   0: 0x800007ac (0x404b85b3) sub     a1, s7, tp
core   0: 3 0x800007ac (0x404b85b3) x11 0xfffffd1e
core   0: 0x800007b0 (0x2db6ea13) ori     s4, a3, 731
core   0: 3 0x800007b0 (0x2db6ea13) x20 0x000002db
core   0: 0x800007b4 (0x016306b3) add     a3, t1, s6
core   0: 3 0x800007b4 (0x016306b3) x13 0x80014e64
core   0: 0x800007b8 (0x885f0f93) addi    t6, t5, -1915
core   0: 3 0x800007b8 (0x885f0f93) x31 0x80018569
core   0: 0x800007bc (0x7d0bff93) andi    t6, s7, 2000
core   0: 3 0x800007bc (0x7d0bff93) x31 0x00000510
core   0: 0x800007c0 (0x0044fbb3) and     s7, s1, tp
core   0: 3 0x800007c0 (0x0044fbb3) x23 0x00000000
core   0: 0x800007c4 (0x403fd733) sra     a4, t6, gp
core   0: 3 0x800007c4 (0x403fd733) x14 0x00000510
core   0: 0x800007c8 (0x40388833) sub     a6, a7, gp
core   0: 3 0x800007c8 (0x40388833) x16 0x80018ce4
core   0: 0x800007cc (0x00000013) nop
core   0: 3 0x800007cc (0x00000013)
core   0: 0x800007d0 (0x01145193) srli    gp, s0, 17
core   0: 3 0x800007d0 (0x01145193) x3  0x00000000
core   0: 0x800007d4 (0x0120a133) slt     sp, ra, s2
core   0: 3 0x800007d4 (0x0120a133) x2  0x00000001
core   0: 0x800007d8 (0x8ef67d13) andi    s10, a2, -1809
core   0: 3 0x800007d8 (0x8ef67d13) x26 0x00000001
core   0: 0x800007dc (0x51287293) andi    t0, a6, 1298
core   0: 3 0x800007dc (0x51287293) x5  0x00000400
core   0: 0x800007e0 (0x0002e733) or      a4, t0, zero
core   0: 3 0x800007e0 (0x0002e733) x14 0x00000400
core   0: 0x800007e4 (0x01ebce33) xor     t3, s7, t5
core   0: 3 0x800007e4 (0x01ebce33) x28 0x80018ce4
core   0: 0x800007e8 (0x01505213) srli    tp, zero, 21
core   0: 3 0x800007e8 (0x01505213) x4  0x00000000
core   0: 0x800007ec (0x8dca8613) addi    a2, s5, -1828
core   0: 3 0x800007ec (0x8dca8613) x12 0xfffff8dd
core   0: 0x800007f0 (0x95ff6313) ori     t1, t5, -1697
core   0: 3 0x800007f0 (0x95ff6313) x6  0xfffffdff
core   0: 0x800007f4 (0x709c9897) auipc   a7, 0x709c9
core   0: 3 0x800007f4 (0x709c9897) x17 0xf09c97f4
core   0: 0x800007f8 (0xc7626e17) auipc   t3, 0xc7626
core   0: 3 0x800007f8 (0xc7626e17) x28 0x476267f8
core   0: 0x800007fc (0x404dd333) sra     t1, s11, tp
core   0: 3 0x800007fc (0x404dd333) x6  0x00000000
core   0: 0x80000800 (0x29dc8693) addi    a3, s9, 669
core   0: 3 0x80000800 (0x29dc8693) x13 0x80015101
core   0: 0x80000804 (0x000bb033) sltu    zero, s7, zero
core   0: 3 0x80000804 (0x000bb033)
core   0: 0x80000808 (0x0108fd33) and     s10, a7, a6
core   0: 3 0x80000808 (0x0108fd33) x26 0x800084e4
core   0: 0x8000080c (0x0004d713) srli    a4, s1, 0
core   0: 3 0x8000080c (0x0004d713) x14 0x00000000
core   0: 0x80000810 (0x00b09933) sll     s2, ra, a1
core   0: 3 0x80000810 (0x00b09933) x18 0x00000000
core   0: 0x80000814 (0xfa9cb813) sltiu   a6, s9, -87
core   0: 3 0x80000814 (0xfa9cb813) x16 0x00000001
core   0: 0x80000818 (0x243c6893) ori     a7, s8, 579
core   0: 3 0x80000818 (0x243c6893) x17 0x0000024b
core   0: 0x8000081c (0x00c27433) and     s0, tp, a2
core   0: 3 0x8000081c (0x00c27433) x8  0x00000000
core   0: 0x80000820 (0x01295293) srli    t0, s2, 18
core   0: 3 0x80000820 (0x01295293) x5  0x00000000
core   0: 0x80000824 (0x0060b0b3) sltu    ra, ra, t1
core   0: 3 0x80000824 (0x0060b0b3) x1  0x00000000
core   0: 0x80000828 (0xeabaca13) xori    s4, s5, -341
core   0: 3 0x80000828 (0xeabaca13) x20 0xfffffeaa
core   0: 0x8000082c (0x0068dc93) srli    s9, a7, 6
core   0: 3 0x8000082c (0x0068dc93) x25 0x00000009
core   0: 0x80000830 (0x01f4a133) slt     sp, s1, t6
core   0: 3 0x80000830 (0x01f4a133) x2  0x00000001
core   0: 0x80000834 (0x00ab84b3) add     s1, s7, a0
core   0: 3 0x80000834 (0x00ab84b3) x9  0x80014e64
core   0: 0x80000838 (0xfdd3fe93) andi    t4, t2, -35
core   0: 3 0x80000838 (0xfdd3fe93) x29 0x00000001
core   0: 0x8000083c (0x41cbd213) srai    tp, s7, 28
core   0: 3 0x8000083c (0x41cbd213) x4  0x00000000
core   0: 0x80000840 (0xb816ccb7) lui     s9, 0xb816c
core   0: 3 0x80000840 (0xb816ccb7) x25 0xb816c000
core   0: 0x80000844 (0x01651f93) slli    t6, a0, 22
core   0: 3 0x80000844 (0x01651f93) x31 0x99000000
core   0: 0x80000848 (0x004b7433) and     s0, s6, tp
core   0: 3 0x80000848 (0x004b7433) x8  0x00000000
core   0: 0x8000084c (0x001a7cb3) and     s9, s4, ra
core   0: 3 0x8000084c (0x001a7cb3) x25 0x00000000
core   0: 0x80000850 (0xc3b9b013) sltiu   zero, s3, -965
core   0: 3 0x80000850 (0xc3b9b013)
core   0: 0x80000854 (0x001e6a33) or      s4, t3, ra
core   0: 3 0x80000854 (0x001e6a33) x20 0x476267f8
core   0: 0x80000858 (0x01985913) srli    s2, a6, 25
core   0: 3 0x80000858 (0x01985913) x18 0x00000000
core   0: 0x8000085c (0xcd468713) addi    a4, a3, -812
core   0: 3 0x8000085c (0xcd468713) x14 0x80014dd5
core   0: 0x80000860 (0x00905613) srli    a2, zero, 9
core   0: 3 0x80000860 (0x00905613) x12 0x00000000
core   0: 0x80000864 (0x015e27b3) slt     a5, t3, s5
core   0: 3 0x80000864 (0x015e27b3) x15 0x00000000
core   0: 0x80000868 (0xf738c193) xori    gp, a7, -141
core   0: 3 0x80000868 (0xf738c193) x3  0xfffffd38
core   0: 0x8000086c (0x015a7033) and     zero, s4, s5
core   0: 3 0x8000086c (0x015a7033)
core   0: 0x80000870 (0xb67b6793) ori     a5, s6, -1177
core   0: 3 0x80000870 (0xb67b6793) x15 0xfffffb67
core   0: 0x80000874 (0x014987b3) add     a5, s3, s4
core   0: 3 0x80000874 (0x014987b3) x15 0x47626807
core   0: 0x80000878 (0x007d5633) srl     a2, s10, t2
core   0: 3 0x80000878 (0x007d5633) x12 0x40004272
core   0: 0x8000087c (0x72007213) andi    tp, zero, 1824
core   0: 3 0x8000087c (0x72007213) x4  0x00000000
core   0: 0x80000880 (0x003d9db3) sll     s11, s11, gp
core   0: 3 0x80000880 (0x003d9db3) x27 0x00000000
core   0: 0x80000884 (0x40635a13) srai    s4, t1, 6
core   0: 3 0x80000884 (0x40635a13) x20 0x00000000
core   0: 0x80000888 (0x4c1e6193) ori     gp, t3, 1217
core   0: 3 0x80000888 (0x4c1e6193) x3  0x476267f9
core   0: 0x8000088c (0x58163a13) sltiu   s4, a2, 1409
core   0: 3 0x8000088c (0x58163a13) x20 0x00000000
core   0: 0x80000890 (0x512ae0b7) lui     ra, 0x512ae
core   0: 3 0x80000890 (0x512ae0b7) x1  0x512ae000
core   0: 0x80000894 (0x005e1113) slli    sp, t3, 5
core   0: 3 0x80000894 (0x005e1113) x2  0xec4cff00
core   0: 0x80000898 (0x019015b3) sll     a1, zero, s9
core   0: 3 0x80000898 (0x019015b3) x11 0x00000000
core   0: 0x8000089c (0x225ca493) slti    s1, s9, 549
core   0: 3 0x8000089c (0x225ca493) x9  0x00000001
core   0: 0x800008a0 (0x0181db33) srl     s6, gp, s8
core   0: 3 0x800008a0 (0x0181db33) x22 0x00476267
core   0: 0x800008a4 (0xea5ff293) andi    t0, t6, -347
core   0: 3 0x800008a4 (0xea5ff293) x5  0x99000000
core   0: 0x800008a8 (0x19d63793) sltiu   a5, a2, 413
core   0: 3 0x800008a8 (0x19d63793) x15 0x00000000
core   0: 0x800008ac (0xe7006a17) auipc   s4, 0xe7006
core   0: 3 0x800008ac (0xe7006a17) x20 0x670068ac
core   0: 0x800008b0 (0x1cfda913) slti    s2, s11, 463
core   0: 3 0x800008b0 (0x1cfda913) x18 0x00000001
core   0: 0x800008b4 (0x38276c13) ori     s8, a4, 898
core   0: 3 0x800008b4 (0x38276c13) x24 0x80014fd7
core   0: 0x800008b8 (0x634da313) slti    t1, s11, 1588
core   0: 3 0x800008b8 (0x634da313) x6  0x00000001
core   0: 0x800008bc (0x580c8893) addi    a7, s9, 1408
core   0: 3 0x800008bc (0x580c8893) x17 0x00000580
core   0: 0x800008c0 (0xc41d8637) lui     a2, 0xc41d8
core   0: 3 0x800008c0 (0xc41d8637) x12 0xc41d8000
core   0: 0x800008c4 (0x015ede33) srl     t3, t4, s5
core   0: 3 0x800008c4 (0x015ede33) x28 0x00000000
core   0: 0x800008c8 (0xb4f74817) auipc   a6, 0xb4f74
core   0: 3 0x800008c8 (0xb4f74817) x16 0x34f748c8
core   0: 0x800008cc (0x00a1aab3) slt     s5, gp, a0
core   0: 3 0x800008cc (0x00a1aab3) x21 0x00000000
core   0: 0x800008d0 (0x00d5f0b3) and     ra, a1, a3
core   0: 3 0x800008d0 (0x00d5f0b3) x1  0x00000000
core   0: 0x800008d4 (0x00000013) nop
core   0: 3 0x800008d4 (0x00000013)
core   0: 0x800008d8 (0x68060c93) addi    s9, a2, 1664
core   0: 3 0x800008d8 (0x68060c93) x25 0xc41d8680
core   0: 0x800008dc (0x00a864b3) or      s1, a6, a0
core   0: 3 0x800008dc (0x00a864b3) x9  0xb4f74eec
core   0: 0x800008e0 (0x00005f93) srli    t6, zero, 0
core   0: 3 0x800008e0 (0x00005f93) x31 0x00000000
core   0: 0x800008e4 (0x45aeba93) sltiu   s5, t4, 1114
core   0: 3 0x800008e4 (0x45aeba93) x21 0x00000001
core   0: 0x800008e8 (0x00df27b3) slt     a5, t5, a3
core   0: 3 0x800008e8 (0x00df27b3) x15 0x00000000
core   0: 0x800008ec (0xf9963393) sltiu   t2, a2, -103
core   0: 3 0x800008ec (0xf9963393) x7  0x00000001
core   0: 0x800008f0 (0x69b04593) xori    a1, zero, 1691
core   0: 3 0x800008f0 (0x69b04593) x11 0x0000069b
core   0: 0x800008f4 (0x7bc7e493) ori     s1, a5, 1980
core   0: 3 0x800008f4 (0x7bc7e493) x9  0x000007bc
core   0: 0x800008f8 (0x413adb33) sra     s6, s5, s3
core   0: 3 0x800008f8 (0x413adb33) x22 0x00000000
core   0: 0x800008fc (0x012ec1b3) xor     gp, t4, s2
core   0: 3 0x800008fc (0x012ec1b3) x3  0x00000000
core   0: 0x80000900 (0x014b8033) add     zero, s7, s4
core   0: 3 0x80000900 (0x014b8033)
core   0: 0x80000904 (0x1d852893) slti    a7, a0, 472
core   0: 3 0x80000904 (0x1d852893) x17 0x00000001
core   0: 0x80000908 (0x00605293) srli    t0, zero, 6
core   0: 3 0x80000908 (0x00605293) x5  0x00000000
core   0: 0x8000090c (0x009ec933) xor     s2, t4, s1
core   0: 3 0x8000090c (0x009ec933) x18 0x000007bd
core   0: 0x80000910 (0x44c77313) andi    t1, a4, 1100
core   0: 3 0x80000910 (0x44c77313) x6  0x00000444
core   0: 0x80000914 (0x41acda93) srai    s5, s9, 26
core   0: 3 0x80000914 (0x41acda93) x21 0xfffffff1
core   0: 0x80000918 (0x0124d433) srl     s0, s1, s2
core   0: 3 0x80000918 (0x0124d433) x8  0x00000000
core   0: 0x8000091c (0x01ab0433) add     s0, s6, s10
core   0: 3 0x8000091c (0x01ab0433) x8  0x800084e4
core   0: 0x80000920 (0x00fe5393) srli    t2, t3, 15
core   0: 3 0x80000920 (0x00fe5393) x7  0x00000000
core   0: 0x80000924 (0x4058d693) srai    a3, a7, 5
core   0: 3 0x80000924 (0x4058d693) x13 0x00000000
core   0: 0x80000928 (0xfb92b213) sltiu   tp, t0, -71
core   0: 3 0x80000928 (0xfb92b213) x4  0x00000001
core   0: 0x8000092c (0x0056c233) xor     tp, a3, t0
core   0: 3 0x8000092c (0x0056c233) x4  0x00000000
core   0: 0x80000930 (0x412c5193) srai    gp, s8, 18
core   0: 3 0x80000930 (0x412c5193) x3  0xffffe000
core   0: 0x80000934 (0x005e64b3) or      s1, t3, t0
core   0: 3 0x80000934 (0x005e64b3) x9  0x00000000
core   0: 0x80000938 (0x00ef1b13) slli    s6, t5, 14
core   0: 3 0x80000938 (0x00ef1b13) x22 0x63390000
core   0: 0x8000093c (0xbe5e7e93) andi    t4, t3, -1051
core   0: 3 0x8000093c (0xbe5e7e93) x29 0x00000000
core   0: 0x80000940 (0x4051d433) sra     s0, gp, t0
core   0: 3 0x80000940 (0x4051d433) x8  0xffffe000
core   0: 0x80000944 (0x01701133) sll     sp, zero, s7
core   0: 3 0x80000944 (0x01701133) x2  0x00000000
core   0: 0x80000948 (0x82af0113) addi    sp, t5, -2006
core   0: 3 0x80000948 (0x82af0113) x2  0x8001850e
core   0: 0x8000094c (0x008fb433) sltu    s0, t6, s0
core   0: 3 0x8000094c (0x008fb433) x8  0x00000001
core   0: 0x80000950 (0x68e44497) auipc   s1, 0x68e44
core   0: 3 0x80000950 (0x68e44497) x9  0xe8e44950
core   0: 0x80000954 (0x00000013) nop
core   0: 3 0x80000954 (0x00000013)
core   0: 0x80000958 (0x016f20b3) slt     ra, t5, s6
core   0: 3 0x80000958 (0x016f20b3) x1  0x00000001
core   0: 0x8000095c (0x00721e93) slli    t4, tp, 7
core   0: 3 0x8000095c (0x00721e93) x29 0x00000000
core   0: 0x80000960 (0xa1cff313) andi    t1, t6, -1508
core   0: 3 0x80000960 (0xa1cff313) x6  0x00000000
core   0: 0x80000964 (0x00fb8733) add     a4, s7, a5
core   0: 3 0x80000964 (0x00fb8733) x14 0x00000000
core   0: 0x80000968 (0x92dcc093) xori    ra, s9, -1747
core   0: 3 0x80000968 (0x92dcc093) x1  0x3be27fad
core   0: 0x8000096c (0x01ef3a33) sltu    s4, t5, t5
core   0: 3 0x8000096c (0x01ef3a33) x20 0x00000000
core   0: 0x80000970 (0x01699713) slli    a4, s3, 22
core   0: 3 0x80000970 (0x01699713) x14 0x03c00000
core   0: 0x80000974 (0x6ca1c713) xori    a4, gp, 1738
core   0: 3 0x80000974 (0x6ca1c713) x14 0xffffe6ca
core   0: 0x80000978 (0x00000013) nop
core   0: 3 0x80000978 (0x00000013)
core   0: 0x8000097c (0x2627b213) sltiu   tp, a5, 610
core   0: 3 0x8000097c (0x2627b213) x4  0x00000001
core   0: 0x80000980 (0x023591b7) lui     gp, 0x2359
core   0: 3 0x80000980 (0x023591b7) x3  0x02359000
core   0: 0x80000984 (0x00e822b3) slt     t0, a6, a4
core   0: 3 0x80000984 (0x00e822b3) x5  0x00000000
core   0: 0x80000988 (0x01265493) srli    s1, a2, 18
core   0: 3 0x80000988 (0x01265493) x9  0x00003107
core   0: 0x8000098c (0x01eebe33) sltu    t3, t4, t5
core   0: 3 0x8000098c (0x01eebe33) x28 0x00000001
core   0: 0x80000990 (0xca66a013) slti    zero, a3, -858
core   0: 3 0x80000990 (0xca66a013)
core   0: 0x80000994 (0x36bc00b7) lui     ra, 0x36bc0
core   0: 3 0x80000994 (0x36bc00b7) x1  0x36bc0000
core   0: 0x80000998 (0x40175db3) sra     s11, a4, ra
core   0: 3 0x80000998 (0x40175db3) x27 0xffffe6ca
core   0: 0x8000099c (0x4f28f717) auipc   a4, 0x4f28f
core   0: 3 0x8000099c (0x4f28f717) x14 0xcf28f99c
core   0: 0x800009a0 (0x41c70c33) sub     s8, a4, t3
core   0: 3 0x800009a0 (0x41c70c33) x24 0xcf28f99b
core   0: 0x800009a4 (0x01e66eb3) or      t4, a2, t5
core   0: 3 0x800009a4 (0x01e66eb3) x29 0xc41d8ce4
core   0: 0x800009a8 (0x01e997b3) sll     a5, s3, t5
core   0: 3 0x800009a8 (0x01e997b3) x15 0x000000f0
core   0: 0x800009ac (0x41c85313) srai    t1, a6, 28
core   0: 3 0x800009ac (0x41c85313) x6  0x00000003
core   0: 0x800009b0 (0x005f35b3) sltu    a1, t5, t0
core   0: 3 0x800009b0 (0x005f35b3) x11 0x00000000
core   0: 0x800009b4 (0x414701b3) sub     gp, a4, s4
core   0: 3 0x800009b4 (0x414701b3) x3  0xcf28f99c
core   0: 0x800009b8 (0x009a9e93) slli    t4, s5, 9
core   0: 3 0x800009b8 (0x009a9e93) x29 0xffffe200
core   0: 0x800009bc (0xc7d40a13) addi    s4, s0, -899
core   0: 3 0x800009bc (0xc7d40a13) x20 0xfffffc7e
core   0: 0x800009c0 (0x00000013) nop
core   0: 3 0x800009c0 (0x00000013)
core   0: 0x800009c4 (0x012b2133) slt     sp, s6, s2
core   0: 3 0x800009c4 (0x012b2133) x2  0x00000000
core   0: 0x800009c8 (0x417ade93) srai    t4, s5, 23
core   0: 3 0x800009c8 (0x417ade93) x29 0xffffffff
core   0: 0x800009cc (0x00d4da13) srli    s4, s1, 13
core   0: 3 0x800009cc (0x00d4da13) x20 0x00000001
core   0: 0x800009d0 (0x00f21633) sll     a2, tp, a5
core   0: 3 0x800009d0 (0x00f21633) x12 0x00010000
core   0: 0x800009d4 (0x00597fb3) and     t6, s2, t0
core   0: 3 0x800009d4 (0x00597fb3) x31 0x00000000
core   0: 0x800009d8 (0x01714ab3) xor     s5, sp, s7
core   0: 3 0x800009d8 (0x01714ab3) x21 0x00000000
core   0: 0x800009dc (0x77ed4413) xori    s0, s10, 1918
core   0: 3 0x800009dc (0x77ed4413) x8  0x8000839a
core   0: 0x800009e0 (0x01d8e633) or      a2, a7, t4
core   0: 3 0x800009e0 (0x01d8e633) x12 0xffffffff
core   0: 0x800009e4 (0x40eb0cb3) sub     s9, s6, a4
core   0: 3 0x800009e4 (0x40eb0cb3) x25 0x94100664
core   0: 0x800009e8 (0x161f1117) auipc   sp, 0x161f1
core   0: 3 0x800009e8 (0x161f1117) x2  0x961f19e8
core   0: 0x800009ec (0x0135a0b3) slt     ra, a1, s3
core   0: 3 0x800009ec (0x0135a0b3) x1  0x00000001
core   0: 0x800009f0 (0x53838813) addi    a6, t2, 1336
core   0: 3 0x800009f0 (0x53838813) x16 0x00000538
core   0: 0x800009f4 (0x41588d33) sub     s10, a7, s5
core   0: 3 0x800009f4 (0x41588d33) x26 0x00000001
core   0: 0x800009f8 (0x2e5b2213) slti    tp, s6, 741
core   0: 3 0x800009f8 (0x2e5b2213) x4  0x00000000
core   0: 0x800009fc (0x00000013) nop
core   0: 3 0x800009fc (0x00000013)
core   0: 0x80000a00 (0x4b1fc293) xori    t0, t6, 1201
core   0: 3 0x80000a00 (0x4b1fc293) x5  0x000004b1
core   0: 0x80000a04 (0x016ff633) and     a2, t6, s6
core   0: 3 0x80000a04 (0x016ff633) x12 0x00000000
core   0: 0x80000a08 (0x36d94d13) xori    s10, s2, 877
core   0: 3 0x80000a08 (0x36d94d13) x26 0x000004d0
core   0: 0x80000a0c (0x64b66113) ori     sp, a2, 1611
core   0: 3 0x80000a0c (0x64b66113) x2  0x0000064b
core   0: 0x80000a10 (0x7c8d4193) xori    gp, s10, 1992
core   0: 3 0x80000a10 (0x7c8d4193) x3  0x00000318
core   0: 0x80000a14 (0x419108b3) sub     a7, sp, s9
core   0: 3 0x80000a14 (0x419108b3) x17 0x6befffe7
core   0: 0x80000a18 (0x001a1813) slli    a6, s4, 1
core   0: 3 0x80000a18 (0x001a1813) x16 0x00000002
core   0: 0x80000a1c (0x7eedb617) auipc   a2, 0x7eedb
core   0: 3 0x80000a1c (0x7eedb617) x12 0xfeedba1c
core   0: 0x80000a20 (0x01d03833) snez    a6, t4
core   0: 3 0x80000a20 (0x01d03833) x16 0x00000001
core   0: 0x80000a24 (0x410b5833) sra     a6, s6, a6
core   0: 3 0x80000a24 (0x410b5833) x16 0x319c8000
core   0: 0x80000a28 (0x592feb93) ori     s7, t6, 1426
core   0: 3 0x80000a28 (0x592feb93) x23 0x00000592
core   0: 0x80000a2c (0x00000013) nop
core   0: 3 0x80000a2c (0x00000013)
core   0: 0x80000a30 (0x01329193) slli    gp, t0, 19
core   0: 3 0x80000a30 (0x01329193) x3  0x25880000
core   0: 0x80000a34 (0xdcf57113) andi    sp, a0, -561
core   0: 3 0x80000a34 (0xdcf57113) x2  0x80014c44
core   0: 0x80000a38 (0x64a4ec97) auipc   s9, 0x64a4e
core   0: 3 0x80000a38 (0x64a4ec97) x25 0xe4a4ea38
core   0: 0x80000a3c (0x0da11c17) auipc   s8, 0xda11
core   0: 3 0x80000a3c (0x0da11c17) x24 0x8da11a3c
core   0: 0x80000a40 (0x0097cfb3) xor     t6, a5, s1
core   0: 3 0x80000a40 (0x0097cfb3) x31 0x000031f7
core   0: 0x80000a44 (0x5f417c13) andi    s8, sp, 1524
core   0: 3 0x80000a44 (0x5f417c13) x24 0x00000444
core   0: 0x80000a48 (0x00f27fb3) and     t6, tp, a5
core   0: 3 0x80000a48 (0x00f27fb3) x31 0x00000000
core   0: 0x80000a4c (0x419cd233) sra     tp, s9, s9
core   0: 3 0x80000a4c (0x419cd233) x4  0xffffffe4
core   0: 0x80000a50 (0x0145b833) sltu    a6, a1, s4
core   0: 3 0x80000a50 (0x0145b833) x16 0x00000001
core   0: 0x80000a54 (0x01fb20b3) slt     ra, s6, t6
core   0: 3 0x80000a54 (0x01fb20b3) x1  0x00000000
core   0: 0x80000a58 (0x00ee32b3) sltu    t0, t3, a4
core   0: 3 0x80000a58 (0x00ee32b3) x5  0x00000001
core   0: 0x80000a5c (0x01326db3) or      s11, tp, s3
core   0: 3 0x80000a5c (0x01326db3) x27 0xffffffef
core   0: 0x80000a60 (0x011d36b3) sltu    a3, s10, a7
core   0: 3 0x80000a60 (0x011d36b3) x13 0x00000001
core   0: 0x80000a64 (0xfee20193) addi    gp, tp, -18
core   0: 3 0x80000a64 (0xfee20193) x3  0xffffffd2
core   0: 0x80000a68 (0x89a18c93) addi    s9, gp, -1894
core   0: 3 0x80000a68 (0x89a18c93) x25 0xfffff86c
core   0: 0x80000a6c (0xf1e38f97) auipc   t6, 0xf1e38
core   0: 3 0x80000a6c (0xf1e38f97) x31 0x71e38a6c
core   0: 0x80000a70 (0x30a5e613) ori     a2, a1, 778
core   0: 3 0x80000a70 (0x30a5e613) x12 0x0000030a
core   0: 0x80000a74 (0x00d983b3) add     t2, s3, a3
core   0: 3 0x80000a74 (0x00d983b3) x7  0x00000010
core   0: 0x80000a78 (0x01defcb3) and     s9, t4, t4
core   0: 3 0x80000a78 (0x01defcb3) x25 0xffffffff
core   0: 0x80000a7c (0x01589d13) slli    s10, a7, 21
core   0: 3 0x80000a7c (0x01589d13) x26 0xfce00000
core   0: 0x80000a80 (0x018ad013) srli    zero, s5, 24
core   0: 3 0x80000a80 (0x018ad013)
core   0: 0x80000a84 (0x76c88d13) addi    s10, a7, 1900
core   0: 3 0x80000a84 (0x76c88d13) x26 0x6bf00753
core   0: 0x80000a88 (0x00ca6fb3) or      t6, s4, a2
core   0: 3 0x80000a88 (0x00ca6fb3) x31 0x0000030b
core   0: 0x80000a8c (0x007c9193) slli    gp, s9, 7
core   0: 3 0x80000a8c (0x007c9193) x3  0xffffff80
core   0: 0x80000a90 (0xa7127893) andi    a7, tp, -1423
core   0: 3 0x80000a90 (0xa7127893) x17 0xfffffa60
core   0: 0x80000a94 (0x41bc5913) srai    s2, s8, 27
core   0: 3 0x80000a94 (0x41bc5913) x18 0x00000000
core   0: 0x80000a98 (0x5c71e8b7) lui     a7, 0x5c71e
core   0: 3 0x80000a98 (0x5c71e8b7) x17 0x5c71e000
core   0: 0x80000a9c (0x0175c433) xor     s0, a1, s7
core   0: 3 0x80000a9c (0x0175c433) x8  0x00000592
core   0: 0x80000aa0 (0x01fab0b3) sltu    ra, s5, t6
core   0: 3 0x80000aa0 (0x01fab0b3) x1  0x00000001
core   0: 0x80000aa4 (0x00000013) nop
core   0: 3 0x80000aa4 (0x00000013)
core   0: 0x80000aa8 (0x115e13b7) lui     t2, 0x115e1
core   0: 3 0x80000aa8 (0x115e13b7) x7  0x115e1000
core   0: 0x80000aac (0x4e43a013) slti    zero, t2, 1252
core   0: 3 0x80000aac (0x4e43a013)
core   0: 0x80000ab0 (0x00d41db3) sll     s11, s0, a3
core   0: 3 0x80000ab0 (0x00d41db3) x27 0x00000b24
core   0: 0x80000ab4 (0x8a883113) sltiu   sp, a6, -1880
core   0: 3 0x80000ab4 (0x8a883113) x2  0x00000001
core   0: 0x80000ab8 (0xe8cd6b13) ori     s6, s10, -372
core   0: 3 0x80000ab8 (0xe8cd6b13) x22 0xffffffdf
core   0: 0x80000abc (0x56127a93) andi    s5, tp, 1377
core   0: 3 0x80000abc (0x56127a93) x21 0x00000560
core   0: 0x80000ac0 (0x40ee8e33) sub     t3, t4, a4
core   0: 3 0x80000ac0 (0x40ee8e33) x28 0x30d70663
core   0: 0x80000ac4 (0x0104dc13) srli    s8, s1, 16
core   0: 3 0x80000ac4 (0x0104dc13) x24 0x00000000
core   0: 0x80000ac8 (0x00836133) or      sp, t1, s0
core   0: 3 0x80000ac8 (0x00836133) x2  0x00000593
core   0: 0x80000acc (0x3175b413) sltiu   s0, a1, 791
core   0: 3 0x80000acc (0x3175b413) x8  0x00000001
core   0: 0x80000ad0 (0x00000013) nop
core   0: 3 0x80000ad0 (0x00000013)
core   0: 0x80000ad4 (0x41f66a93) ori     s5, a2, 1055
core   0: 3 0x80000ad4 (0x41f66a93) x21 0x0000071f
core   0: 0x80000ad8 (0x585c0413) addi    s0, s8, 1413
core   0: 3 0x80000ad8 (0x585c0413) x8  0x00000585
core   0: 0x80000adc (0x359452b7) lui     t0, 0x35945
core   0: 3 0x80000adc (0x359452b7) x5  0x35945000
core   0: 0x80000ae0 (0x01678db3) add     s11, a5, s6
core   0: 3 0x80000ae0 (0x01678db3) x27 0x000000cf
core   0: 0x80000ae4 (0xa8207017) auipc   zero, 0xa8207
core   0: 3 0x80000ae4 (0xa8207017)
core   0: 0x80000ae8 (0x0182fe33) and     t3, t0, s8
core   0: 3 0x80000ae8 (0x0182fe33) x28 0x00000000
core   0: 0x80000aec (0x0055c933) xor     s2, a1, t0
core   0: 3 0x80000aec (0x0055c933) x18 0x35945000
core   0: 0x80000af0 (0xe640e693) ori     a3, ra, -412
core   0: 3 0x80000af0 (0xe640e693) x13 0xfffffe65
core   0: 0x80000af4 (0x579f2b93) slti    s7, t5, 1401
core   0: 3 0x80000af4 (0x579f2b93) x23 0x00000001
core   0: 0x80000af8 (0xd9aa3217) auipc   tp, 0xd9aa3
core   0: 3 0x80000af8 (0xd9aa3217) x4  0x59aa3af8
core   0: 0x80000afc (0x0126d313) srli    t1, a3, 18
core   0: 3 0x80000afc (0x0126d313) x6  0x00003fff
core   0: 0x80000b00 (0x40635813) srai    a6, t1, 6
core   0: 3 0x80000b00 (0x40635813) x16 0x000000ff
core   0: 0x80000b04 (0x002a8413) addi    s0, s5, 2
core   0: 3 0x80000b04 (0x002a8413) x8  0x00000721
core   0: 0x80000b08 (0x0044f0b3) and     ra, s1, tp
core   0: 3 0x80000b08 (0x0044f0b3) x1  0x00003000
core   0: 0x80000b0c (0x00133933) sltu    s2, t1, ra
core   0: 3 0x80000b0c (0x00133933) x18 0x00000000
core   0: 0x80000b10 (0xc9826293) ori     t0, tp, -872
core   0: 3 0x80000b10 (0xc9826293) x5  0xfffffef8
core   0: 0x80000b14 (0xbd13e613) ori     a2, t2, -1071
core   0: 3 0x80000b14 (0xbd13e613) x12 0xfffffbd1
core   0: 0x80000b18 (0x00ee0133) add     sp, t3, a4
core   0: 3 0x80000b18 (0x00ee0133) x2  0xcf28f99c
core   0: 0x80000b1c (0x01d8dab3) srl     s5, a7, t4
core   0: 3 0x80000b1c (0x01d8dab3) x21 0x00000000
core   0: 0x80000b20 (0x9a9c6a93) ori     s5, s8, -1623
core   0: 3 0x80000b20 (0x9a9c6a93) x21 0xfffff9a9
core   0: 0x80000b24 (0x00febbb3) sltu    s7, t4, a5
core   0: 3 0x80000b24 (0x00febbb3) x23 0x00000000
core   0: 0x80000b28 (0x00b91593) slli    a1, s2, 11
core   0: 3 0x80000b28 (0x00b91593) x11 0x00000000
core   0: 0x80000b2c (0x00e35493) srli    s1, t1, 14
core   0: 3 0x80000b2c (0x00e35493) x9  0x00000000
core   0: 0x80000b30 (0x0136ae33) slt     t3, a3, s3
core   0: 3 0x80000b30 (0x0136ae33) x28 0x00000001
core   0: 0x80000b34 (0x00e25293) srli    t0, tp, 14
core   0: 3 0x80000b34 (0x00e25293) x5  0x000166a8
core   0: 0x80000b38 (0xf4930913) addi    s2, t1, -183
core   0: 3 0x80000b38 (0xf4930913) x18 0x00003f48
core   0: 0x80000b3c (0x00270133) add     sp, a4, sp
core   0: 3 0x80000b3c (0x00270133) x2  0x9e51f338
core   0: 0x80000b40 (0x51a9b113) sltiu   sp, s3, 1306
core   0: 3 0x80000b40 (0x51a9b113) x2  0x00000001
core   0: 0x80000b44 (0x0113be33) sltu    t3, t2, a7
core   0: 3 0x80000b44 (0x0113be33) x28 0x00000001
core   0: 0x80000b48 (0x4ba2a013) slti    zero, t0, 1210
core   0: 3 0x80000b48 (0x4ba2a013)
core   0: 0x80000b4c (0x5d11b213) sltiu   tp, gp, 1489
core   0: 3 0x80000b4c (0x5d11b213) x4  0x00000000
core   0: 0x80000b50 (0x00000013) nop
core   0: 3 0x80000b50 (0x00000013)
core   0: 0x80000b54 (0x00341a33) sll     s4, s0, gp
core   0: 3 0x80000b54 (0x00341a33) x20 0x00000721
core   0: 0x80000b58 (0x00e945b3) xor     a1, s2, a4
core   0: 3 0x80000b58 (0x00e945b3) x11 0xcf28c6d4
core   0: 0x80000b5c (0x01bbeeb3) or      t4, s7, s11
core   0: 3 0x80000b5c (0x01bbeeb3) x29 0x000000cf
core   0: 0x80000b60 (0x403b0db3) sub     s11, s6, gp
core   0: 3 0x80000b60 (0x403b0db3) x27 0x0000005f
core   0: 0x80000b64 (0x416105b3) sub     a1, sp, s6
core   0: 3 0x80000b64 (0x416105b3) x11 0x00000022
core   0: 0x80000b68 (0x91636093) ori     ra, t1, -1770
core   0: 3 0x80000b68 (0x91636093) x1  0xffffffff
core   0: 0x80000b6c (0x41eb82b3) sub     t0, s7, t5
core   0: 3 0x80000b6c (0x41eb82b3) x5  0x7ffe731c
core   0: 0x80000b70 (0x40080eb3) sub     t4, a6, zero
core   0: 3 0x80000b70 (0x40080eb3) x29 0x000000ff
core   0: 0x80000b74 (0x41060fb3) sub     t6, a2, a6
core   0: 3 0x80000b74 (0x41060fb3) x31 0xfffffad2
core   0: 0x80000b78 (0x40998033) sub     zero, s3, s1
core   0: 3 0x80000b78 (0x40998033)
core   0: 0x80000b7c (0x6657c1b7) lui     gp, 0x6657c
core   0: 3 0x80000b7c (0x6657c1b7) x3  0x6657c000
core   0: 0x80000b80 (0x02f2f137) lui     sp, 0x2f2f
core   0: 3 0x80000b80 (0x02f2f137) x2  0x02f2f000
core   0: 0x80000b84 (0x0008bd33) sltu    s10, a7, zero
core   0: 3 0x80000b84 (0x0008bd33) x26 0x00000000
core   0: 0x80000b88 (0x405f50b3) sra     ra, t5, t0
core   0: 3 0x80000b88 (0x405f50b3) x1  0xfffffff8
core   0: 0x80000b8c (0x01e52033) slt     zero, a0, t5
core   0: 3 0x80000b8c (0x01e52033)
core   0: 0x80000b90 (0x77abc917) auipc   s2, 0x77abc
core   0: 3 0x80000b90 (0x77abc917) x18 0xf7abcb90
core   0: 0x80000b94 (0x40285313) srai    t1, a6, 2
core   0: 3 0x80000b94 (0x40285313) x6  0x0000003f
core   0: 0x80000b98 (0xfbf7fb93) andi    s7, a5, -65
core   0: 3 0x80000b98 (0xfbf7fb93) x23 0x000000b0
core   0: 0x80000b9c (0x005e9093) slli    ra, t4, 5
core   0: 3 0x80000b9c (0x005e9093) x1  0x00001fe0
core   0: 0x80000ba0 (0x017e9013) slli    zero, t4, 23
core   0: 3 0x80000ba0 (0x017e9013)
core   0: 0x80000ba4 (0xe35a6c13) ori     s8, s4, -459
core   0: 3 0x80000ba4 (0xe35a6c13) x24 0xffffff35
core   0: 0x80000ba8 (0x01514a17) auipc   s4, 0x1514
core   0: 3 0x80000ba8 (0x01514a17) x20 0x81514ba8
core   0: 0x80000bac (0xb64a4793) xori    a5, s4, -1180
core   0: 3 0x80000bac (0xb64a4793) x15 0x7eaeb0cc
core   0: 0x80000bb0 (0x0035cc33) xor     s8, a1, gp
core   0: 3 0x80000bb0 (0x0035cc33) x24 0x6657c022
core   0: 0x80000bb4 (0x00d48433) add     s0, s1, a3
core   0: 3 0x80000bb4 (0x00d48433) x8  0xfffffe65
core   0: 0x80000bb8 (0x01aeb3b3) sltu    t2, t4, s10
core   0: 3 0x80000bb8 (0x01aeb3b3) x7  0x00000000
core   0: 0x80000bbc (0x01409e33) sll     t3, ra, s4
core   0: 3 0x80000bbc (0x01409e33) x28 0x001fe000
core   0: 0x80000bc0 (0x00000013) nop
core   0: 3 0x80000bc0 (0x00000013)
core   0: 0x80000bc4 (0x4156dab3) sra     s5, a3, s5
core   0: 3 0x80000bc4 (0x4156dab3) x21 0xffffffff
core   0: 0x80000bc8 (0x40a25833) sra     a6, tp, a0
core   0: 3 0x80000bc8 (0x40a25833) x16 0x00000000
core   0: 0x80000bcc (0xda6413b7) lui     t2, 0xda641
core   0: 3 0x80000bcc (0xda6413b7) x7  0xda641000
core   0: 0x80000bd0 (0x01c89293) slli    t0, a7, 28
core   0: 3 0x80000bd0 (0x01c89293) x5  0x00000000
core   0: 0x80000bd4 (0x0116d293) srli    t0, a3, 17
core   0: 3 0x80000bd4 (0x0116d293) x5  0x00007fff
core   0: 0x80000bd8 (0x4038d093) srai    ra, a7, 3
core   0: 3 0x80000bd8 (0x4038d093) x1  0x0b8e3c00
core   0: 0x80000bdc (0x403c5033) sra     zero, s8, gp
core   0: 3 0x80000bdc (0x403c5033)
core   0: 0x80000be0 (0x01639c13) slli    s8, t2, 22
core   0: 3 0x80000be0 (0x01639c13) x24 0x00000000
core   0: 0x80000be4 (0x0057dcb3) srl     s9, a5, t0
core   0: 3 0x80000be4 (0x0057dcb3) x25 0x00000000
core   0: 0x80000be8 (0x018cc7b3) xor     a5, s9, s8
core   0: 3 0x80000be8 (0x018cc7b3) x15 0x00000000
core   0: 0x80000bec (0x001a0d33) add     s10, s4, ra
core   0: 3 0x80000bec (0x001a0d33) x26 0x8cdf87a8
core   0: 0x80000bf0 (0xed21af93) slti    t6, gp, -302
core   0: 3 0x80000bf0 (0xed21af93) x31 0x00000000
core   0: 0x80000bf4 (0xaa7c8d93) addi    s11, s9, -1369
core   0: 3 0x80000bf4 (0xaa7c8d93) x27 0xfffffaa7
core   0: 0x80000bf8 (0x78508013) addi    zero, ra, 1925
core   0: 3 0x80000bf8 (0x78508013)
core   0: 0x80000bfc (0xc570fe13) andi    t3, ra, -937
core   0: 3 0x80000bfc (0xc570fe13) x28 0x0b8e3c00
core   0: 0x80000c00 (0x61258113) addi    sp, a1, 1554
core   0: 3 0x80000c00 (0x61258113) x2  0x00000634
core   0: 0x80000c04 (0x41a70c33) sub     s8, a4, s10
core   0: 3 0x80000c04 (0x41a70c33) x24 0x424971f4
core   0: 0x80000c08 (0x1ba1f597) auipc   a1, 0x1ba1f
core   0: 3 0x80000c08 (0x1ba1f597) x11 0x9ba1fc08
core   0: 0x80000c0c (0x41455a33) sra     s4, a0, s4
core   0: 3 0x80000c0c (0x41455a33) x20 0xff80014e
core   0: 0x80000c10 (0x00c92233) slt     tp, s2, a2
core   0: 3 0x80000c10 (0x00c92233) x4  0x00000001
core   0: 0x80000c14 (0x01035fb3) srl     t6, t1, a6
core   0: 3 0x80000c14 (0x01035fb3) x31 0x0000003f
core   0: 0x80000c18 (0x00edc833) xor     a6, s11, a4
core   0: 3 0x80000c18 (0x00edc833) x16 0x30d7033b
core   0: 0x80000c1c (0x007a1833) sll     a6, s4, t2
core   0: 3 0x80000c1c (0x007a1833) x16 0xff80014e
core   0: 0x80000c20 (0x011216b3) sll     a3, tp, a7
core   0: 3 0x80000c20 (0x011216b3) x13 0x00000001
core   0: 0x80000c24 (0x8b853393) sltiu   t2, a0, -1864
core   0: 3 0x80000c24 (0x8b853393) x7  0x00000001
core   0: 0x80000c28 (0x56eb4393) xori    t2, s6, 1390
core   0: 3 0x80000c28 (0x56eb4393) x7  0xfffffab1
core   0: 0x80000c2c (0x4123db93) srai    s7, t2, 18
core   0: 3 0x80000c2c (0x4123db93) x23 0xffffffff
core   0: 0x80000c30 (0x008312b3) sll     t0, t1, s0
core   0: 3 0x80000c30 (0x008312b3) x5  0x000007e0
core   0: 0x80000c34 (0x00970033) add     zero, a4, s1
core   0: 3 0x80000c34 (0x00970033)
core   0: 0x80000c38 (0x1605cf93) xori    t6, a1, 352
core   0: 3 0x80000c38 (0x1605cf93) x31 0x9ba1fd68
core   0: 0x80000c3c (0x007082b3) add     t0, ra, t2
core   0: 3 0x80000c3c (0x007082b3) x5  0x0b8e36b1
core   0: 0x80000c40 (0x009802b3) add     t0, a6, s1
core   0: 3 0x80000c40 (0x009802b3) x5  0xff80014e
core   0: 0x80000c44 (0xbdaf9c17) auipc   s8, 0xbdaf9
core   0: 3 0x80000c44 (0xbdaf9c17) x24 0x3daf9c44
core   0: 0x80000c48 (0x005673b3) and     t2, a2, t0
core   0: 3 0x80000c48 (0x005673b3) x7  0xff800140
core   0: 0x80000c4c (0x009ce033) or      zero, s9, s1
core   0: 3 0x80000c4c (0x009ce033)
core   0: 0x80000c50 (0x010b5113) srli    sp, s6, 16
core   0: 3 0x80000c50 (0x010b5113) x2  0x0000ffff
core   0: 0x80000c54 (0x40ba5113) srai    sp, s4, 11
core   0: 3 0x80000c54 (0x40ba5113) x2  0xfffff000
core   0: 0x80000c58 (0x66d47317) auipc   t1, 0x66d47
core   0: 3 0x80000c58 (0x66d47317) x6  0xe6d47c58
core   0: 0x80000c5c (0x63bfb713) sltiu   a4, t6, 1595
core   0: 3 0x80000c5c (0x63bfb713) x14 0x00000000
core   0: 0x80000c60 (0xaf8a66b7) lui     a3, 0xaf8a6
core   0: 3 0x80000c60 (0xaf8a66b7) x13 0xaf8a6000
core   0: 0x80000c64 (0x00d544b3) xor     s1, a0, a3
core   0: 3 0x80000c64 (0x00d544b3) x9  0x2f8b2e64
core   0: 0x80000c68 (0x014160b3) or      ra, sp, s4
core   0: 3 0x80000c68 (0x014160b3) x1  0xfffff14e
core   0: 0x80000c6c (0x00c04ab3) xor     s5, zero, a2
core   0: 3 0x80000c6c (0x00c04ab3) x21 0xfffffbd1
core   0: 0x80000c70 (0x2a8cb797) auipc   a5, 0x2a8cb
core   0: 3 0x80000c70 (0x2a8cb797) x15 0xaa8cbc70
core   0: 0x80000c74 (0xec527093) andi    ra, tp, -315
core   0: 3 0x80000c74 (0xec527093) x1  0x00000001
core   0: 0x80000c78 (0x00691393) slli    t2, s2, 6
core   0: 3 0x80000c78 (0x00691393) x7  0xeaf2e400
core   0: 0x80000c7c (0xabb2b693) sltiu   a3, t0, -1349
core   0: 3 0x80000c7c (0xabb2b693) x13 0x00000001
core   0: 0x80000c80 (0xd0a22913) slti    s2, tp, -758
core   0: 3 0x80000c80 (0xd0a22913) x18 0x00000000
core   0: 0x80000c84 (0x40c984b3) sub     s1, s3, a2
core   0: 3 0x80000c84 (0x40c984b3) x9  0x0000043e
core   0: 0x80000c88 (0x65814213) xori    tp, sp, 1624
core   0: 3 0x80000c88 (0x65814213) x4  0xfffff658
core   0: 0x80000c8c (0x00edcc33) xor     s8, s11, a4
core   0: 3 0x80000c8c (0x00edcc33) x24 0xfffffaa7
core   0: 0x80000c90 (0x01339633) sll     a2, t2, s3
core   0: 3 0x80000c90 (0x01339633) x12 0x72000000
core   0: 0x80000c94 (0x013452b3) srl     t0, s0, s3
core   0: 3 0x80000c94 (0x013452b3) x5  0x0001ffff
core   0: 0x80000c98 (0x20640293) addi    t0, s0, 518
core   0: 3 0x80000c98 (0x20640293) x5  0x0000006b
core   0: 0x80000c9c (0x012a1b13) slli    s6, s4, 18
core   0: 3 0x80000c9c (0x012a1b13) x22 0x05380000
core   0: 0x80000ca0 (0x01b62db3) slt     s11, a2, s11
core   0: 3 0x80000ca0 (0x01b62db3) x27 0x00000000
core   0: 0x80000ca4 (0xf1117113) andi    sp, sp, -239
core   0: 3 0x80000ca4 (0xf1117113) x2  0xfffff000
core   0: 0x80000ca8 (0x00a27eb3) and     t4, tp, a0
core   0: 3 0x80000ca8 (0x00a27eb3) x29 0x80014640
core   0: 0x80000cac (0x012fecb3) or      s9, t6, s2
core   0: 3 0x80000cac (0x012fecb3) x25 0x9ba1fd68
core   0: 0x80000cb0 (0x674aa713) slti    a4, s5, 1652
core   0: 3 0x80000cb0 (0x674aa713) x14 0x00000001
core   0: 0x80000cb4 (0x7fb00493) li      s1, 2043
core   0: 3 0x80000cb4 (0x7fb00493) x9  0x000007fb
core   0: 0x80000cb8 (0x00b55d13) srli    s10, a0, 11
core   0: 3 0x80000cb8 (0x00b55d13) x26 0x00100029
core   0: 0x80000cbc (0xb4e63b13) sltiu   s6, a2, -1202
core   0: 3 0x80000cbc (0xb4e63b13) x22 0x00000001
core   0: 0x80000cc0 (0x4970e393) ori     t2, ra, 1175
core   0: 3 0x80000cc0 (0x4970e393) x7  0x00000497
core   0: 0x80000cc4 (0x01ebfb33) and     s6, s7, t5
core   0: 3 0x80000cc4 (0x01ebfb33) x22 0x80018ce4
core   0: 0x80000cc8 (0x7942f613) andi    a2, t0, 1940
core   0: 3 0x80000cc8 (0x7942f613) x12 0x00000000
core   0: 0x80000ccc (0x3d70fd13) andi    s10, ra, 983
core   0: 3 0x80000ccc (0x3d70fd13) x26 0x00000001
core   0: 0x80000cd0 (0xd6c3c493) xori    s1, t2, -660
core   0: 3 0x80000cd0 (0xd6c3c493) x9  0xfffff9fb
core   0: 0x80000cd4 (0x00000013) nop
core   0: 3 0x80000cd4 (0x00000013)
core   0: 0x80000cd8 (0x41f4d6b3) sra     a3, s1, t6
core   0: 3 0x80000cd8 (0x41f4d6b3) x13 0xfffffff9
core   0: 0x80000cdc (0x00811ab3) sll     s5, sp, s0
core   0: 3 0x80000cdc (0x00811ab3) x21 0xfffe0000
core   0: 0x80000ce0 (0x0089e733) or      a4, s3, s0
core   0: 3 0x80000ce0 (0x0089e733) x14 0xfffffe6f
core   0: 0x80000ce4 (0x00d5e0b3) or      ra, a1, a3
core   0: 3 0x80000ce4 (0x00d5e0b3) x1  0xfffffff9
core   0: 0x80000ce8 (0x00000013) nop
core   0: 3 0x80000ce8 (0x00000013)
core   0: 0x80000cec (0x00000013) nop
core   0: 3 0x80000cec (0x00000013)
core   0: 0x80000cf0 (0xe60e6b93) ori     s7, t3, -416
core   0: 3 0x80000cf0 (0xe60e6b93) x23 0xfffffe60
core   0: 0x80000cf4 (0xe2eeea93) ori     s5, t4, -466
core   0: 3 0x80000cf4 (0xe2eeea93) x21 0xfffffe6e
core   0: 0x80000cf8 (0x00000013) nop
core   0: 3 0x80000cf8 (0x00000013)
core   0: 0x80000cfc (0x01d65e93) srli    t4, a2, 29
core   0: 3 0x80000cfc (0x01d65e93) x29 0x00000000
core   0: 0x80000d00 (0x014b6bb3) or      s7, s6, s4
core   0: 3 0x80000d00 (0x014b6bb3) x23 0xff818dee
core   0: 0x80000d04 (0x402057b3) sra     a5, zero, sp
core   0: 3 0x80000d04 (0x402057b3) x15 0x00000000
core   0: 0x80000d08 (0x010177b3) and     a5, sp, a6
core   0: 3 0x80000d08 (0x010177b3) x15 0xff800000
core   0: 0x80000d0c (0x016342b3) xor     t0, t1, s6
core   0: 3 0x80000d0c (0x016342b3) x5  0x66d5f0bc
core   0: 0x80000d10 (0x000d3fb3) sltu    t6, s10, zero
core   0: 3 0x80000d10 (0x000d3fb3) x31 0x00000000
core   0: 0x80000d14 (0x006227b3) slt     a5, tp, t1
core   0: 3 0x80000d14 (0x006227b3) x15 0x00000000
core   0: 0x80000d18 (0x00fb91b3) sll     gp, s7, a5
core   0: 3 0x80000d18 (0x00fb91b3) x3  0xff818dee
core   0: 0x80000d1c (0x01c64eb3) xor     t4, a2, t3
core   0: 3 0x80000d1c (0x01c64eb3) x29 0x0b8e3c00
core   0: 0x80000d20 (0x01e81713) slli    a4, a6, 30
core   0: 3 0x80000d20 (0x01e81713) x14 0x80000000
core   0: 0x80000d24 (0x2d72b293) sltiu   t0, t0, 727
core   0: 3 0x80000d24 (0x2d72b293) x5  0x00000000
core   0: 0x80000d28 (0xfe293597) auipc   a1, 0xfe293
core   0: 3 0x80000d28 (0xfe293597) x11 0x7e293d28
core   0: 0x80000d2c (0x01902ab3) slt     s5, zero, s9
core   0: 3 0x80000d2c (0x01902ab3) x21 0x00000000
core   0: 0x80000d30 (0x1f0b4413) xori    s0, s6, 496
core   0: 3 0x80000d30 (0x1f0b4413) x8  0x80018d14
core   0: 0x80000d34 (0x08743eb7) lui     t4, 0x8743
core   0: 3 0x80000d34 (0x08743eb7) x29 0x08743000
core   0: 0x80000d38 (0x84e90937) lui     s2, 0x84e90
core   0: 3 0x80000d38 (0x84e90937) x18 0x84e90000
core   0: 0x80000d3c (0x01ea5813) srli    a6, s4, 30
core   0: 3 0x80000d3c (0x01ea5813) x16 0x00000003
core   0: 0x80000d40 (0x69d20793) addi    a5, tp, 1693
core   0: 3 0x80000d40 (0x69d20793) x15 0xfffffcf5
core   0: 0x80000d44 (0x407b5c13) srai    s8, s6, 7
core   0: 3 0x80000d44 (0x407b5c13) x24 0xff000319
core   0: 0x80000d48 (0x419785b3) sub     a1, a5, s9
core   0: 3 0x80000d48 (0x419785b3) x11 0x645dff8d
core   0: 0x80000d4c (0x013a9c33) sll     s8, s5, s3
core   0: 3 0x80000d4c (0x013a9c33) x24 0x00000000
core   0: 0x80000d50 (0x00a79133) sll     sp, a5, a0
core   0: 3 0x80000d50 (0x00a79133) x2  0xffffcf50
core   0: 0x80000d54 (0x4050d593) srai    a1, ra, 5
core   0: 3 0x80000d54 (0x4050d593) x11 0xffffffff
core   0: 0x80000d58 (0x01c6d713) srli    a4, a3, 28
core   0: 3 0x80000d58 (0x01c6d713) x14 0x0000000f
core   0: 0x80000d5c (0x01192eb3) slt     t4, s2, a7
core   0: 3 0x80000d5c (0x01192eb3) x29 0x00000001
core   0: 0x80000d60 (0x01dd5a13) srli    s4, s10, 29
core   0: 3 0x80000d60 (0x01dd5a13) x20 0x00000000
core   0: 0x80000d64 (0x014d54b3) srl     s1, s10, s4
core   0: 3 0x80000d64 (0x014d54b3) x9  0x00000001
core   0: 0x80000d68 (0x5c1f7493) andi    s1, t5, 1473
core   0: 3 0x80000d68 (0x5c1f7493) x9  0x000004c0
core   0: 0x80000d6c (0x01e21813) slli    a6, tp, 30
core   0: 3 0x80000d6c (0x01e21813) x16 0x00000000
core   0: 0x80000d70 (0x37d28613) addi    a2, t0, 893
core   0: 3 0x80000d70 (0x37d28613) x12 0x0000037d
core   0: 0x80000d74 (0x40c85a93) srai    s5, a6, 12
core   0: 3 0x80000d74 (0x40c85a93) x21 0x00000000
core   0: 0x80000d78 (0xbb97fab7) lui     s5, 0xbb97f
core   0: 3 0x80000d78 (0xbb97fab7) x21 0xbb97f000
core   0: 0x80000d7c (0xa2aece13) xori    t3, t4, -1494
core   0: 3 0x80000d7c (0xa2aece13) x28 0xfffffa2b
core   0: 0x80000d80 (0x01759333) sll     t1, a1, s7
core   0: 3 0x80000d80 (0x01759333) x6  0xffffc000
core   0: 0x80000d84 (0x01b307b3) add     a5, t1, s11
core   0: 3 0x80000d84 (0x01b307b3) x15 0xffffc000
core   0: 0x80000d88 (0x889c8b37) lui     s6, 0x889c8
core   0: 3 0x80000d88 (0x889c8b37) x22 0x889c8000
core   0: 0x80000d8c (0x3801ee17) auipc   t3, 0x3801e
core   0: 3 0x80000d8c (0x3801ee17) x28 0xb801ed8c
core   0: 0x80000d90 (0x4130d333) sra     t1, ra, s3
core   0: 3 0x80000d90 (0x4130d333) x6  0xffffffff
core   0: 0x80000d94 (0xdb188a93) addi    s5, a7, -591
core   0: 3 0x80000d94 (0xdb188a93) x21 0x5c71ddb1
core   0: 0x80000d98 (0x00e8cc33) xor     s8, a7, a4
core   0: 3 0x80000d98 (0x00e8cc33) x24 0x5c71e00f
core   0: 0x80000d9c (0x01d68ab3) add     s5, a3, t4
core   0: 3 0x80000d9c (0x01d68ab3) x21 0xfffffffa
core   0: 0x80000da0 (0xbdbba393) slti    t2, s7, -1061
core   0: 3 0x80000da0 (0xbdbba393) x7  0x00000001
core   0: 0x80000da4 (0x418f8eb3) sub     t4, t6, s8
core   0: 3 0x80000da4 (0x418f8eb3) x29 0xa38e1ff1
core   0: 0x80000da8 (0xbd510193) addi    gp, sp, -1067
core   0: 3 0x80000da8 (0xbd510193) x3  0xffffcb25
core   0: 0x80000dac (0x40ba51b3) sra     gp, s4, a1
core   0: 3 0x80000dac (0x40ba51b3) x3  0x00000000
core   0: 0x80000db0 (0xdeba6fb7) lui     t6, 0xdeba6
core   0: 3 0x80000db0 (0xdeba6fb7) x31 0xdeba6000
core   0: 0x80000db4 (0xbf4cbf93) sltiu   t6, s9, -1036
core   0: 3 0x80000db4 (0xbf4cbf93) x31 0x00000001
core   0: 0x80000db8 (0x41225b13) srai    s6, tp, 18
core   0: 3 0x80000db8 (0x41225b13) x22 0xffffffff
core   0: 0x80000dbc (0x00a7e0b3) or      ra, a5, a0
core   0: 3 0x80000dbc (0x00a7e0b3) x1  0xffffce64
core   0: 0x80000dc0 (0x01a2f2b3) and     t0, t0, s10
core   0: 3 0x80000dc0 (0x01a2f2b3) x5  0x00000000
core   0: 0x80000dc4 (0x86d4e313) ori     t1, s1, -1939
core   0: 3 0x80000dc4 (0x86d4e313) x6  0xfffffced
core   0: 0x80000dc8 (0x002f18b3) sll     a7, t5, sp
core   0: 3 0x80000dc8 (0x002f18b3) x17 0x8ce40000
core   0: 0x80000dcc (0x0016c633) xor     a2, a3, ra
core   0: 3 0x80000dcc (0x0016c633) x12 0x0000319d
core   0: 0x80000dd0 (0x67806813) ori     a6, zero, 1656
core   0: 3 0x80000dd0 (0x67806813) x16 0x00000678
core   0: 0x80000dd4 (0x01aa9293) slli    t0, s5, 26
core   0: 3 0x80000dd4 (0x01aa9293) x5  0xe8000000
core   0: 0x80000dd8 (0x4513fa13) andi    s4, t2, 1105
core   0: 3 0x80000dd8 (0x4513fa13) x20 0x00000001
core   0: 0x80000ddc (0x36c6ff93) andi    t6, a3, 876
core   0: 3 0x80000ddc (0x36c6ff93) x31 0x00000368
core   0: 0x80000de0 (0x00b8aab3) slt     s5, a7, a1
core   0: 3 0x80000de0 (0x00b8aab3) x21 0x00000001
core   0: 0x80000de4 (0x004edd13) srli    s10, t4, 4
core   0: 3 0x80000de4 (0x004edd13) x26 0x0a38e1ff
core   0: 0x80000de8 (0x92c43a93) sltiu   s5, s0, -1748
core   0: 3 0x80000de8 (0x92c43a93) x21 0x00000001
core   0: 0x80000dec (0x00000013) nop
core   0: 3 0x80000dec (0x00000013)
core   0: 0x80000df0 (0x5debfc93) andi    s9, s7, 1502
core   0: 3 0x80000df0 (0x5debfc93) x25 0x000005ce
core   0: 0x80000df4 (0x40515d13) srai    s10, sp, 5
core   0: 3 0x80000df4 (0x40515d13) x26 0xfffffe7a
core   0: 0x80000df8 (0x01e45713) srli    a4, s0, 30
core   0: 3 0x80000df8 (0x01e45713) x14 0x00000002
core   0: 0x80000dfc (0x9a1a6a93) ori     s5, s4, -1631
core   0: 3 0x80000dfc (0x9a1a6a93) x21 0xfffff9a1
core   0: 0x80000e00 (0x5a57f913) andi    s2, a5, 1445
core   0: 3 0x80000e00 (0x5a57f913) x18 0x00000000
core   0: 0x80000e04 (0x00000013) nop
core   0: 3 0x80000e04 (0x00000013)
core   0: 0x80000e08 (0x40585633) sra     a2, a6, t0
core   0: 3 0x80000e08 (0x40585633) x12 0x00000678
core   0: 0x80000e0c (0x00da1eb3) sll     t4, s4, a3
core   0: 3 0x80000e0c (0x00da1eb3) x29 0x02000000
core   0: 0x80000e10 (0x40398fb3) sub     t6, s3, gp
core   0: 3 0x80000e10 (0x40398fb3) x31 0x0000000f
core   0: 0x80000e14 (0x0ab59217) auipc   tp, 0xab59
core   0: 3 0x80000e14 (0x0ab59217) x4  0x8ab59e14
core   0: 0x80000e18 (0x000d1e93) slli    t4, s10, 0
core   0: 3 0x80000e18 (0x000d1e93) x29 0xfffffe7a
core   0: 0x80000e1c (0x0094c5b3) xor     a1, s1, s1
core   0: 3 0x80000e1c (0x0094c5b3) x11 0x00000000
core   0: 0x80000e20 (0x01a13ab3) sltu    s5, sp, s10
core   0: 3 0x80000e20 (0x01a13ab3) x21 0x00000001
core   0: 0x80000e24 (0x003f3b33) sltu    s6, t5, gp
core   0: 3 0x80000e24 (0x003f3b33) x22 0x00000000
core   0: 0x80000e28 (0x5fe5a913) slti    s2, a1, 1534
core   0: 3 0x80000e28 (0x5fe5a913) x18 0x00000001
core   0: 0x80000e2c (0x00d3beb3) sltu    t4, t2, a3
core   0: 3 0x80000e2c (0x00d3beb3) x29 0x00000001
core   0: 0x80000e30 (0x01b39833) sll     a6, t2, s11
core   0: 3 0x80000e30 (0x01b39833) x16 0x00000001
core   0: 0x80000e34 (0x64ddfb93) andi    s7, s11, 1613
core   0: 3 0x80000e34 (0x64ddfb93) x23 0x00000000
core   0: 0x80000e38 (0x4084d213) srai    tp, s1, 8
core   0: 3 0x80000e38 (0x4084d213) x4  0x00000004
core   0: 0x80000e3c (0x70ba4b93) xori    s7, s4, 1803
core   0: 3 0x80000e3c (0x70ba4b93) x23 0x0000070a
core   0: 0x80000e40 (0x37a55637) lui     a2, 0x37a55
core   0: 3 0x80000e40 (0x37a55637) x12 0x37a55000
core   0: 0x80000e44 (0x2272f013) andi    zero, t0, 551
core   0: 3 0x80000e44 (0x2272f013)
core   0: 0x80000e48 (0xbbdf2293) slti    t0, t5, -1091
core   0: 3 0x80000e48 (0xbbdf2293) x5  0x00000001
core   0: 0x80000e4c (0x010d71b3) and     gp, s10, a6
core   0: 3 0x80000e4c (0x010d71b3) x3  0x00000000
core   0: 0x80000e50 (0x7b667c93) andi    s9, a2, 1974
core   0: 3 0x80000e50 (0x7b667c93) x25 0x00000000
core   0: 0x80000e54 (0xb2416f93) ori     t6, sp, -1244
core   0: 3 0x80000e54 (0xb2416f93) x31 0xffffff74
core   0: 0x80000e58 (0x012bbab3) sltu    s5, s7, s2
core   0: 3 0x80000e58 (0x012bbab3) x21 0x00000000
core   0: 0x80000e5c (0x408e5cb3) sra     s9, t3, s0
core   0: 3 0x80000e5c (0x408e5cb3) x25 0xfffffb80
core   0: 0x80000e60 (0x7f898e13) addi    t3, s3, 2040
core   0: 3 0x80000e60 (0x7f898e13) x28 0x00000807
core   0: 0x80000e64 (0x011b23b3) slt     t2, s6, a7
core   0: 3 0x80000e64 (0x011b23b3) x7  0x00000000
core   0: 0x80000e68 (0x40695a33) sra     s4, s2, t1
core   0: 3 0x80000e68 (0x40695a33) x20 0x00000000
core   0: 0x80000e6c (0x1f9a57b7) lui     a5, 0x1f9a5
core   0: 3 0x80000e6c (0x1f9a57b7) x15 0x1f9a5000
core   0: 0x80000e70 (0x45186b93) ori     s7, a6, 1105
core   0: 3 0x80000e70 (0x45186b93) x23 0x00000451
core   0: 0x80000e74 (0x71496493) ori     s1, s2, 1812
core   0: 3 0x80000e74 (0x71496493) x9  0x00000715
core   0: 0x80000e78 (0x014ea3b3) slt     t2, t4, s4
core   0: 3 0x80000e78 (0x014ea3b3) x7  0x00000000
core   0: 0x80000e7c (0x006321b3) slt     gp, t1, t1
core   0: 3 0x80000e7c (0x006321b3) x3  0x00000000
core   0: 0x80000e80 (0x01c882b3) add     t0, a7, t3
core   0: 3 0x80000e80 (0x01c882b3) x5  0x8ce40807
core   0: 0x80000e84 (0xf24db413) sltiu   s0, s11, -220
core   0: 3 0x80000e84 (0xf24db413) x8  0x00000001
core   0: 0x80000e88 (0x7f403597) auipc   a1, 0x7f403
core   0: 3 0x80000e88 (0x7f403597) x11 0xff403e88
core   0: 0x80000e8c (0x95952113) slti    sp, a0, -1703
core   0: 3 0x80000e8c (0x95952113) x2  0x00000001
core   0: 0x80000e90 (0x40d55c13) srai    s8, a0, 13
core   0: 3 0x80000e90 (0x40d55c13) x24 0xfffc000a
core   0: 0x80000e94 (0x0101ceb3) xor     t4, gp, a6
core   0: 3 0x80000e94 (0x0101ceb3) x29 0x00000001
core   0: 0x80000e98 (0x00b87a33) and     s4, a6, a1
core   0: 3 0x80000e98 (0x00b87a33) x20 0x00000000
core   0: 0x80000e9c (0x40398fb3) sub     t6, s3, gp
core   0: 3 0x80000e9c (0x40398fb3) x31 0x0000000f
core   0: 0x80000ea0 (0x01952cb3) slt     s9, a0, s9
core   0: 3 0x80000ea0 (0x01952cb3) x25 0x00000001
core   0: 0x80000ea4 (0x412982b3) sub     t0, s3, s2
core   0: 3 0x80000ea4 (0x412982b3) x5  0x0000000e
core   0: 0x80000ea8 (0x019e7133) and     sp, t3, s9
core   0: 3 0x80000ea8 (0x019e7133) x2  0x00000001
core   0: 0x80000eac (0x41f15b93) srai    s7, sp, 31
core   0: 3 0x80000eac (0x41f15b93) x23 0x00000000
core   0: 0x80000eb0 (0x019bf933) and     s2, s7, s9
core   0: 3 0x80000eb0 (0x019bf933) x18 0x00000000
core   0: 0x80000eb4 (0xb8386213) ori     tp, a6, -1149
core   0: 3 0x80000eb4 (0xb8386213) x4  0xfffffb83
core   0: 0x80000eb8 (0x01dc5c93) srli    s9, s8, 29
core   0: 3 0x80000eb8 (0x01dc5c93) x25 0x00000007
core   0: 0x80000ebc (0x4042db93) srai    s7, t0, 4
core   0: 3 0x80000ebc (0x4042db93) x23 0x00000000
core   0: 0x80000ec0 (0x5b3cf093) andi    ra, s9, 1459
core   0: 3 0x80000ec0 (0x5b3cf093) x1  0x00000003
core   0: 0x80000ec4 (0x005bd413) srli    s0, s7, 5
core   0: 3 0x80000ec4 (0x005bd413) x8  0x00000000
core   0: 0x80000ec8 (0x8ca94793) xori    a5, s2, -1846
core   0: 3 0x80000ec8 (0x8ca94793) x15 0xfffff8ca
core   0: 0x80000ecc (0x01c045b3) xor     a1, zero, t3
core   0: 3 0x80000ecc (0x01c045b3) x11 0x00000807
core   0: 0x80000ed0 (0x41975c13) srai    s8, a4, 25
core   0: 3 0x80000ed0 (0x41975c13) x24 0x00000000
core   0: 0x80000ed4 (0xde953613) sltiu   a2, a0, -535
core   0: 3 0x80000ed4 (0xde953613) x12 0x00000001
core   0: 0x80000ed8 (0x6e2c4113) xori    sp, s8, 1762
core   0: 3 0x80000ed8 (0x6e2c4113) x2  0x000006e2
core   0: 0x80000edc (0xe5494213) xori    tp, s2, -428
core   0: 3 0x80000edc (0xe5494213) x4  0xfffffe54
core   0: 0x80000ee0 (0x0176d293) srli    t0, a3, 23
core   0: 3 0x80000ee0 (0x0176d293) x5  0x000001ff
core   0: 0x80000ee4 (0xb57ffc93) andi    s9, t6, -1193
core   0: 3 0x80000ee4 (0xb57ffc93) x25 0x00000007
core   0: 0x80000ee8 (0x409e5733) sra     a4, t3, s1
core   0: 3 0x80000ee8 (0x409e5733) x14 0x00000000
core   0: 0x80000eec (0x36aaf413) andi    s0, s5, 874
core   0: 3 0x80000eec (0x36aaf413) x8  0x00000000
core   0: 0x80000ef0 (0x010c20b3) slt     ra, s8, a6
core   0: 3 0x80000ef0 (0x010c20b3) x1  0x00000001
core   0: 0x80000ef4 (0x7011af93) slti    t6, gp, 1793
core   0: 3 0x80000ef4 (0x7011af93) x31 0x00000001
core   0: 0x80000ef8 (0xb7ecb913) sltiu   s2, s9, -1154
core   0: 3 0x80000ef8 (0xb7ecb913) x18 0x00000001
core   0: 0x80000efc (0x01869cb3) sll     s9, a3, s8
core   0: 3 0x80000efc (0x01869cb3) x25 0xfffffff9
core   0: 0x80000f00 (0x58c33e97) auipc   t4, 0x58c33
core   0: 3 0x80000f00 (0x58c33e97) x29 0xd8c33f00
core   0: 0x80000f04 (0x00000013) nop
core   0: 3 0x80000f04 (0x00000013)
core   0: 0x80000f08 (0x2be28c13) addi    s8, t0, 702
core   0: 3 0x80000f08 (0x2be28c13) x24 0x000004bd
core   0: 0x80000f0c (0xb8dda597) auipc   a1, 0xb8dda
core   0: 3 0x80000f0c (0xb8dda597) x11 0x38ddaf0c
core   0: 0x80000f10 (0x97807693) andi    a3, zero, -1672
core   0: 3 0x80000f10 (0x97807693) x13 0x00000000
core   0: 0x80000f14 (0x00000013) nop
core   0: 3 0x80000f14 (0x00000013)
core   0: 0x80000f18 (0x0c58a093) slti    ra, a7, 197
core   0: 3 0x80000f18 (0x0c58a093) x1  0x00000001
core   0: 0x80000f1c (0x0089fe33) and     t3, s3, s0
core   0: 3 0x80000f1c (0x0089fe33) x28 0x00000000
core   0: 0x80000f20 (0x389e2117) auipc   sp, 0x389e2
core   0: 3 0x80000f20 (0x389e2117) x2  0xb89e2f20
core   0: 0x80000f24 (0x00000013) nop
core   0: 3 0x80000f24 (0x00000013)
core   0: 0x80000f28 (0x4080ab13) slti    s6, ra, 1032
core   0: 3 0x80000f28 (0x4080ab13) x22 0x00000001
core   0: 0x80000f2c (0x012097b3) sll     a5, ra, s2
core   0: 3 0x80000f2c (0x012097b3) x15 0x00000002
core   0: 0x80000f30 (0x00ec9a33) sll     s4, s9, a4
core   0: 3 0x80000f30 (0x00ec9a33) x20 0xfffffff9
core   0: 0x80000f34 (0x00e6bcb3) sltu    s9, a3, a4
core   0: 3 0x80000f34 (0x00e6bcb3) x25 0x00000000
core   0: 0x80000f38 (0x6c01eb13) ori     s6, gp, 1728
core   0: 3 0x80000f38 (0x6c01eb13) x22 0x000006c0
core   0: 0x80000f3c (0xebc47f93) andi    t6, s0, -324
core   0: 3 0x80000f3c (0xebc47f93) x31 0x00000000
core   0: 0x80000f40 (0x007cf1b3) and     gp, s9, t2
core   0: 3 0x80000f40 (0x007cf1b3) x3  0x00000000
core   0: 0x80000f44 (0x00bdc0b3) xor     ra, s11, a1
core   0: 3 0x80000f44 (0x00bdc0b3) x1  0x38ddaf0c
core   0: 0x80000f48 (0x00331893) slli    a7, t1, 3
core   0: 3 0x80000f48 (0x00331893) x17 0xffffe768
core   0: 0x80000f4c (0xa10eb413) sltiu   s0, t4, -1520
core   0: 3 0x80000f4c (0xa10eb413) x8  0x00000001
core   0: 0x80000f50 (0x005643b3) xor     t2, a2, t0
core   0: 3 0x80000f50 (0x005643b3) x7  0x000001fe
core   0: 0x80000f54 (0x418adab3) sra     s5, s5, s8
core   0: 3 0x80000f54 (0x418adab3) x21 0x00000000
core   0: 0x80000f58 (0x1342d8b7) lui     a7, 0x1342d
core   0: 3 0x80000f58 (0x1342d8b7) x17 0x1342d000
core   0: 0x80000f5c (0x408450b3) sra     ra, s0, s0
core   0: 3 0x80000f5c (0x408450b3) x1  0x00000000
core   0: 0x80000f60 (0x0fe5ae13) slti    t3, a1, 254
core   0: 3 0x80000f60 (0x0fe5ae13) x28 0x00000000
core   0: 0x80000f64 (0x003b9933) sll     s2, s7, gp
core   0: 3 0x80000f64 (0x003b9933) x18 0x00000000
core   0: 0x80000f68 (0x360b8a93) addi    s5, s7, 864
core   0: 3 0x80000f68 (0x360b8a93) x21 0x00000360
core   0: 0x80000f6c (0x00825593) srli    a1, tp, 8
core   0: 3 0x80000f6c (0x00825593) x11 0x00fffffe
core   0: 0x80000f70 (0x8616c737) lui     a4, 0x8616c
core   0: 3 0x80000f70 (0x8616c737) x14 0x8616c000
core   0: 0x80000f74 (0xc7357213) andi    tp, a0, -909
core   0: 3 0x80000f74 (0xc7357213) x4  0x80014c60
core   0: 0x80000f78 (0x01d74633) xor     a2, a4, t4
core   0: 3 0x80000f78 (0x01d74633) x12 0x5ed5ff00
core   0: 0x80000f7c (0x00d85733) srl     a4, a6, a3
core   0: 3 0x80000f7c (0x00d85733) x14 0x00000001
core   0: 0x80000f80 (0x00bf1293) slli    t0, t5, 11
core   0: 3 0x80000f80 (0x00bf1293) x5  0x0c672000
core   0: 0x80000f84 (0x013432b3) sltu    t0, s0, s3
core   0: 3 0x80000f84 (0x013432b3) x5  0x00000001
core   0: 0x80000f88 (0x41dc0e33) sub     t3, s8, t4
core   0: 3 0x80000f88 (0x41dc0e33) x28 0x273cc5bd
core   0: 0x80000f8c (0x35f17797) auipc   a5, 0x35f17
core   0: 3 0x80000f8c (0x35f17797) x15 0xb5f17f8c
core   0: 0x80000f90 (0x00785793) srli    a5, a6, 7
core   0: 3 0x80000f90 (0x00785793) x15 0x00000000
core   0: 0x80000f94 (0x0097a933) slt     s2, a5, s1
core   0: 3 0x80000f94 (0x0097a933) x18 0x00000001
core   0: 0x80000f98 (0x3d6b05b7) lui     a1, 0x3d6b0
core   0: 3 0x80000f98 (0x3d6b05b7) x11 0x3d6b0000
core   0: 0x80000f9c (0x9edacb13) xori    s6, s5, -1555
core   0: 3 0x80000f9c (0x9edacb13) x22 0xfffffa8d
core   0: 0x80000fa0 (0x01c61893) slli    a7, a2, 28
core   0: 3 0x80000fa0 (0x01c61893) x17 0x00000000
core   0: 0x80000fa4 (0x40918333) sub     t1, gp, s1
core   0: 3 0x80000fa4 (0x40918333) x6  0xfffff8eb
core   0: 0x80000fa8 (0x013c54b3) srl     s1, s8, s3
core   0: 3 0x80000fa8 (0x013c54b3) x9  0x00000000
core   0: 0x80000fac (0xe3208193) addi    gp, ra, -462
core   0: 3 0x80000fac (0xe3208193) x3  0xfffffe32
core   0: 0x80000fb0 (0x413ed093) srai    ra, t4, 19
core   0: 3 0x80000fb0 (0x413ed093) x1  0xfffffb18
core   0: 0x80000fb4 (0x0010d433) srl     s0, ra, ra
core   0: 3 0x80000fb4 (0x0010d433) x8  0x000000ff
core   0: 0x80000fb8 (0x00ef9113) slli    sp, t6, 14
core   0: 3 0x80000fb8 (0x00ef9113) x2  0x00000000
core   0: 0x80000fbc (0x4174d013) srai    zero, s1, 23
core   0: 3 0x80000fbc (0x4174d013)
core   0: 0x80000fc0 (0x41bf0033) sub     zero, t5, s11
core   0: 3 0x80000fc0 (0x41bf0033)
core   0: 0x80000fc4 (0x01dbdcb3) srl     s9, s7, t4
core   0: 3 0x80000fc4 (0x01dbdcb3) x25 0x00000000
core   0: 0x80000fc8 (0x01f49713) slli    a4, s1, 31
core   0: 3 0x80000fc8 (0x01f49713) x14 0x00000000
core   0: 0x80000fcc (0x9175b497) auipc   s1, 0x9175b
core   0: 3 0x80000fcc (0x9175b497) x9  0x1175bfcc
core   0: 0x80000fd0 (0x01ebe233) or      tp, s7, t5
core   0: 3 0x80000fd0 (0x01ebe233) x4  0x80018ce4
core   0: 0x80000fd4 (0x01d4fe33) and     t3, s1, t4
core   0: 3 0x80000fd4 (0x01d4fe33) x28 0x10413f00
core   0: 0x80000fd8 (0xbb440093) addi    ra, s0, -1100
core   0: 3 0x80000fd8 (0xbb440093) x1  0xfffffcb3
core   0: 0x80000fdc (0x00000013) nop
core   0: 3 0x80000fdc (0x00000013)
core   0: 0x80000fe0 (0xb079e313) ori     t1, s3, -1273
core   0: 3 0x80000fe0 (0xb079e313) x6  0xfffffb0f
core   0: 0x80000fe4 (0xe90e0093) addi    ra, t3, -368
core   0: 3 0x80000fe4 (0xe90e0093) x1  0x10413d90
core   0: 0x80000fe8 (0x33997fb7) lui     t6, 0x33997
core   0: 3 0x80000fe8 (0x33997fb7) x31 0x33997000
core   0: 0x80000fec (0x0118c0b3) xor     ra, a7, a7
core   0: 3 0x80000fec (0x0118c0b3) x1  0x00000000
core   0: 0x80000ff0 (0x00000013) nop
core   0: 3 0x80000ff0 (0x00000013)
core   0: 0x80000ff4 (0x019e5c93) srli    s9, t3, 25
core   0: 3 0x80000ff4 (0x019e5c93) x25 0x00000008
core   0: 0x80000ff8 (0x000671b3) and     gp, a2, zero
core   0: 3 0x80000ff8 (0x000671b3) x3  0x00000000
core   0: 0x80000ffc (0x01dd9db3) sll     s11, s11, t4
core   0: 3 0x80000ffc (0x01dd9db3) x27 0x00000000
core   0: 0x80001000 (0xf7b2a393) slti    t2, t0, -133
core   0: 3 0x80001000 (0xf7b2a393) x7  0x00000000
core   0: 0x80001004 (0x410b16b7) lui     a3, 0x410b1
core   0: 3 0x80001004 (0x410b16b7) x13 0x410b1000
core   0: 0x80001008 (0x0014c933) xor     s2, s1, ra
core   0: 3 0x80001008 (0x0014c933) x18 0x1175bfcc
core   0: 0x8000100c (0x41388fb3) sub     t6, a7, s3
core   0: 3 0x8000100c (0x41388fb3) x31 0xfffffff1
core   0: 0x80001010 (0x001af033) and     zero, s5, ra
core   0: 3 0x80001010 (0x001af033)
core   0: 0x80001014 (0x00eeffb3) and     t6, t4, a4
core   0: 3 0x80001014 (0x00eeffb3) x31 0x00000000
core   0: 0x80001018 (0x006800b3) add     ra, a6, t1
core   0: 3 0x80001018 (0x006800b3) x1  0xfffffb10
core   0: 0x8000101c (0x01a22b33) slt     s6, tp, s10
core   0: 3 0x8000101c (0x01a22b33) x22 0x00000001
core   0: 0x80001020 (0x997a6213) ori     tp, s4, -1641
core   0: 3 0x80001020 (0x997a6213) x4  0xffffffff
core   0: 0x80001024 (0x602d3f93) sltiu   t6, s10, 1538
core   0: 3 0x80001024 (0x602d3f93) x31 0x00000000
core   0: 0x80001028 (0x4d4c6193) ori     gp, s8, 1236
core   0: 3 0x80001028 (0x4d4c6193) x3  0x000004fd
core   0: 0x8000102c (0x41425e13) srai    t3, tp, 20
core   0: 3 0x8000102c (0x41425e13) x28 0xffffffff
core   0: 0x80001030 (0x41d15f93) srai    t6, sp, 29
core   0: 3 0x80001030 (0x41d15f93) x31 0x00000000
core   0: 0x80001034 (0x014fa333) slt     t1, t6, s4
core   0: 3 0x80001034 (0x014fa333) x6  0x00000000
core   0: 0x80001038 (0xdb2dae17) auipc   t3, 0xdb2da
core   0: 3 0x80001038 (0xdb2dae17) x28 0x5b2db038
core   0: 0x8000103c (0x00de5793) srli    a5, t3, 13
core   0: 3 0x8000103c (0x00de5793) x15 0x0002d96d
core   0: 0x80001040 (0x2876b193) sltiu   gp, a3, 647
core   0: 3 0x80001040 (0x2876b193) x3  0x00000000
core   0: 0x80001044 (0x01125113) srli    sp, tp, 17
core   0: 3 0x80001044 (0x01125113) x2  0x00007fff
core   0: 0x80001048 (0x00deecb3) or      s9, t4, a3
core   0: 3 0x80001048 (0x00deecb3) x25 0xd9cb3f00
core   0: 0x8000104c (0xdb112893) slti    a7, sp, -591
core   0: 3 0x8000104c (0xdb112893) x17 0x00000000
core   0: 0x80001050 (0x485e7793) andi    a5, t3, 1157
core   0: 3 0x80001050 (0x485e7793) x15 0x00000000
core   0: 0x80001054 (0x36398793) addi    a5, s3, 867
core   0: 3 0x80001054 (0x36398793) x15 0x00000372
core   0: 0x80001058 (0xaf392d37) lui     s10, 0xaf392
core   0: 3 0x80001058 (0xaf392d37) x26 0xaf392000
core   0: 0x8000105c (0x41c85b33) sra     s6, a6, t3
core   0: 3 0x8000105c (0x41c85b33) x22 0x00000000
core   0: 0x80001060 (0x006ce233) or      tp, s9, t1
core   0: 3 0x80001060 (0x006ce233) x4  0xd9cb3f00
core   0: 0x80001064 (0x40b5dc93) srai    s9, a1, 11
core   0: 3 0x80001064 (0x40b5dc93) x25 0x0007ad60
core   0: 0x80001068 (0x01c01633) sll     a2, zero, t3
core   0: 3 0x80001068 (0x01c01633) x12 0x00000000
core   0: 0x8000106c (0x4061d013) srai    zero, gp, 6
core   0: 3 0x8000106c (0x4061d013)
core   0: 0x80001070 (0x397fe213) ori     tp, t6, 919
core   0: 3 0x80001070 (0x397fe213) x4  0x00000397
core   0: 0x80001074 (0xf4ad8e93) addi    t4, s11, -182
core   0: 3 0x80001074 (0xf4ad8e93) x29 0xffffff4a
core   0: 0x80001078 (0x41360933) sub     s2, a2, s3
core   0: 3 0x80001078 (0x41360933) x18 0xfffffff1
core   0: 0x8000107c (0xc5440d17) auipc   s10, 0xc5440
core   0: 3 0x8000107c (0xc5440d17) x26 0x4544107c
core   0: 0x80001080 (0x002960b3) or      ra, s2, sp
core   0: 3 0x80001080 (0x002960b3) x1  0xffffffff
core   0: 0x80001084 (0x004b1b13) slli    s6, s6, 4
core   0: 3 0x80001084 (0x004b1b13) x22 0x00000000
core   0: 0x80001088 (0xb4ae4a37) lui     s4, 0xb4ae4
core   0: 3 0x80001088 (0xb4ae4a37) x20 0xb4ae4000
core   0: 0x8000108c (0x01628d33) add     s10, t0, s6
core   0: 3 0x8000108c (0x01628d33) x26 0x00000001
core   0: 0x80001090 (0x45dea137) lui     sp, 0x45dea
core   0: 3 0x80001090 (0x45dea137) x2  0x45dea000
core   0: 0x80001094 (0xec936a93) ori     s5, t1, -311
core   0: 3 0x80001094 (0xec936a93) x21 0xfffffec9
core   0: 0x80001098 (0x5ece6a97) auipc   s5, 0x5ece6
core   0: 3 0x80001098 (0x5ece6a97) x21 0xdece7098
core   0: 0x8000109c (0x1317c293) xori    t0, a5, 305
core   0: 3 0x8000109c (0x1317c293) x5  0x00000243
core   0: 0x800010a0 (0x41a35013) srai    zero, t1, 26
core   0: 3 0x800010a0 (0x41a35013)
core   0: 0x800010a4 (0x9d46f693) andi    a3, a3, -1580
core   0: 3 0x800010a4 (0x9d46f693) x13 0x410b1000
core   0: 0x800010a8 (0x41c3d133) sra     sp, t2, t3
core   0: 3 0x800010a8 (0x41c3d133) x2  0x00000000
core   0: 0x800010ac (0x49698413) addi    s0, s3, 1174
core   0: 3 0x800010ac (0x49698413) x8  0x000004a5
core   0: 0x800010b0 (0x0f3ccf93) xori    t6, s9, 243
core   0: 3 0x800010b0 (0x0f3ccf93) x31 0x0007ad93
core   0: 0x800010b4 (0x01729d33) sll     s10, t0, s7
core   0: 3 0x800010b4 (0x01729d33) x26 0x00000243
core   0: 0x800010b8 (0x01b88933) add     s2, a7, s11
core   0: 3 0x800010b8 (0x01b88933) x18 0x00000000
core   0: 0x800010bc (0x01d8d433) srl     s0, a7, t4
core   0: 3 0x800010bc (0x01d8d433) x8  0x00000000
core   0: 0x800010c0 (0x00c26c33) or      s8, tp, a2
core   0: 3 0x800010c0 (0x00c26c33) x24 0x00000397
core   0: 0x800010c4 (0x01015293) srli    t0, sp, 16
core   0: 3 0x800010c4 (0x01015293) x5  0x00000000
core   0: 0x800010c8 (0x01cd80b3) add     ra, s11, t3
core   0: 3 0x800010c8 (0x01cd80b3) x1  0x5b2db038
core   0: 0x800010cc (0x01135b93) srli    s7, t1, 17
core   0: 3 0x800010cc (0x01135b93) x23 0x00000000
core   0: 0x800010d0 (0xf7b0b313) sltiu   t1, ra, -133
core   0: 3 0x800010d0 (0xf7b0b313) x6  0x00000001
core   0: 0x800010d4 (0x401552b3) sra     t0, a0, ra
core   0: 3 0x800010d4 (0x401552b3) x5  0xffffff80
core   0: 0x800010d8 (0x005436b3) sltu    a3, s0, t0
core   0: 3 0x800010d8 (0x005436b3) x13 0x00000001
core   0: 0x800010dc (0x00811c13) slli    s8, sp, 8
core   0: 3 0x800010dc (0x00811c13) x24 0x00000000
core   0: 0x800010e0 (0x33dbe893) ori     a7, s7, 829
core   0: 3 0x800010e0 (0x33dbe893) x17 0x0000033d
core   0: 0x800010e4 (0x4b387693) andi    a3, a6, 1203
core   0: 3 0x800010e4 (0x4b387693) x13 0x00000001
core   0: 0x800010e8 (0x41fed193) srai    gp, t4, 31
core   0: 3 0x800010e8 (0x41fed193) x3  0xffffffff
core   0: 0x800010ec (0x01663833) sltu    a6, a2, s6
core   0: 3 0x800010ec (0x01663833) x16 0x00000000
core   0: 0x800010f0 (0x41065833) sra     a6, a2, a6
core   0: 3 0x800010f0 (0x41065833) x16 0x00000000
core   0: 0x800010f4 (0x017ce633) or      a2, s9, s7
core   0: 3 0x800010f4 (0x017ce633) x12 0x0007ad60
core   0: 0x800010f8 (0x353f4793) xori    a5, t5, 851
core   0: 3 0x800010f8 (0x353f4793) x15 0x80018fb7
core   0: 0x800010fc (0xc5ab1417) auipc   s0, 0xc5ab1
core   0: 3 0x800010fc (0xc5ab1417) x8  0x45ab20fc
core   0: 0x80001100 (0xcdfc5037) lui     zero, 0xcdfc5
core   0: 3 0x80001100 (0xcdfc5037)
core   0: 0x80001104 (0x0027d7b3) srl     a5, a5, sp
core   0: 3 0x80001104 (0x0027d7b3) x15 0x80018fb7
core   0: 0x80001108 (0xdda06837) lui     a6, 0xdda06
core   0: 3 0x80001108 (0xdda06837) x16 0xdda06000
core   0: 0x8000110c (0xf5a87593) andi    a1, a6, -166
core   0: 3 0x8000110c (0xf5a87593) x11 0xdda06000
core   0: 0x80001110 (0x010813b3) sll     t2, a6, a6
core   0: 3 0x80001110 (0x010813b3) x7  0xdda06000
core   0: 0x80001114 (0x7eccf793) andi    a5, s9, 2028
core   0: 3 0x80001114 (0x7eccf793) x15 0x00000560
core   0: 0x80001118 (0x68b0f7b7) lui     a5, 0x68b0f
core   0: 3 0x80001118 (0x68b0f7b7) x15 0x68b0f000
core   0: 0x8000111c (0x4bb2e493) ori     s1, t0, 1211
core   0: 3 0x8000111c (0x4bb2e493) x9  0xffffffbb
core   0: 0x80001120 (0x0068c633) xor     a2, a7, t1
core   0: 3 0x80001120 (0x0068c633) x12 0x0000033c
core   0: 0x80001124 (0x014bf333) and     t1, s7, s4
core   0: 3 0x80001124 (0x014bf333) x6  0x00000000
core   0: 0x80001128 (0x403804b3) sub     s1, a6, gp
core   0: 3 0x80001128 (0x403804b3) x9  0xdda06001
core   0: 0x8000112c (0x6d7e3893) sltiu   a7, t3, 1751
core   0: 3 0x8000112c (0x6d7e3893) x17 0x00000000
core   0: 0x80001130 (0xe00daf93) slti    t6, s11, -512
core   0: 3 0x80001130 (0xe00daf93) x31 0x00000000
core   0: 0x80001134 (0x40fc5ab3) sra     s5, s8, a5
core   0: 3 0x80001134 (0x40fc5ab3) x21 0x00000000
core   0: 0x80001138 (0xf942fc93) andi    s9, t0, -108
core   0: 3 0x80001138 (0xf942fc93) x25 0xffffff80
core   0: 0x8000113c (0x015153b3) srl     t2, sp, s5
core   0: 3 0x8000113c (0x015153b3) x7  0x00000000
core   0: 0x80001140 (0x4109b793) sltiu   a5, s3, 1040
core   0: 3 0x80001140 (0x4109b793) x15 0x00000001
core   0: 0x80001144 (0x4107d593) srai    a1, a5, 16
core   0: 3 0x80001144 (0x4107d593) x11 0x00000000
core   0: 0x80001148 (0x83397a13) andi    s4, s2, -1997
core   0: 3 0x80001148 (0x83397a13) x20 0x00000000
core   0: 0x8000114c (0x00f51d93) slli    s11, a0, 15
core   0: 3 0x8000114c (0x00f51d93) x27 0xa7320000
core   0: 0x80001150 (0x008b4db3) xor     s11, s6, s0
core   0: 3 0x80001150 (0x008b4db3) x27 0x45ab20fc
core   0: 0x80001154 (0x0141f333) and     t1, gp, s4
core   0: 3 0x80001154 (0x0141f333) x6  0x00000000
core   0: 0x80001158 (0x00c9b733) sltu    a4, s3, a2
core   0: 3 0x80001158 (0x00c9b733) x14 0x00000001
core   0: 0x8000115c (0x01c2d113) srli    sp, t0, 28
core   0: 3 0x8000115c (0x01c2d113) x2  0x0000000f
core   0: 0x80001160 (0x00306cb3) or      s9, zero, gp
core   0: 3 0x80001160 (0x00306cb3) x25 0xffffffff
core   0: 0x80001164 (0x4094d593) srai    a1, s1, 9
core   0: 3 0x80001164 (0x4094d593) x11 0xffeed030
core   0: 0x80001168 (0x256a4793) xori    a5, s4, 598
core   0: 3 0x80001168 (0x256a4793) x15 0x00000256
core   0: 0x8000116c (0x3438e613) ori     a2, a7, 835
core   0: 3 0x8000116c (0x3438e613) x12 0x00000343
core   0: 0x80001170 (0x406e8933) sub     s2, t4, t1
core   0: 3 0x80001170 (0x406e8933) x18 0xffffff4a
core   0: 0x80001174 (0x008b9213) slli    tp, s7, 8
core   0: 3 0x80001174 (0x008b9213) x4  0x00000000
core   0: 0x80001178 (0x0d3b2c93) slti    s9, s6, 211
core   0: 3 0x80001178 (0x0d3b2c93) x25 0x00000001
core   0: 0x8000117c (0x00d8edb3) or      s11, a7, a3
core   0: 3 0x8000117c (0x00d8edb3) x27 0x00000001
core   0: 0x80001180 (0xc602c193) xori    gp, t0, -928
core   0: 3 0x80001180 (0xc602c193) x3  0x000003e0
core   0: 0x80001184 (0x2017f713) andi    a4, a5, 513
core   0: 3 0x80001184 (0x2017f713) x14 0x00000200
core   0: 0x80001188 (0x5a618293) addi    t0, gp, 1446
core   0: 3 0x80001188 (0x5a618293) x5  0x00000986
core   0: 0x8000118c (0x40c78733) sub     a4, a5, a2
core   0: 3 0x8000118c (0x40c78733) x14 0xffffff13
core   0: 0x80001190 (0x01c11bb3) sll     s7, sp, t3
core   0: 3 0x80001190 (0x01c11bb3) x23 0x0f000000
core   0: 0x80001194 (0x0148d693) srli    a3, a7, 20
core   0: 3 0x80001194 (0x0148d693) x13 0x00000000
core   0: 0x80001198 (0x00949b33) sll     s6, s1, s1
core   0: 3 0x80001198 (0x00949b33) x22 0xbb40c002
core   0: 0x8000119c (0xf6dfb393) sltiu   t2, t6, -147
core   0: 3 0x8000119c (0xf6dfb393) x7  0x00000001
core   0: 0x800011a0 (0xde1dbe97) auipc   t4, 0xde1db
core   0: 3 0x800011a0 (0xde1dbe97) x29 0x5e1dc1a0
core   0: 0x800011a4 (0x00069433) sll     s0, a3, zero
core   0: 3 0x800011a4 (0x00069433) x8  0x00000000
core   0: 0x800011a8 (0xd5a70093) addi    ra, a4, -678
core   0: 3 0x800011a8 (0xd5a70093) x1  0xfffffc6d
core   0: 0x800011ac (0x115fa937) lui     s2, 0x115fa
core   0: 3 0x800011ac (0x115fa937) x18 0x115fa000
core   0: 0x800011b0 (0xa2025cb7) lui     s9, 0xa2025
core   0: 3 0x800011b0 (0xa2025cb7) x25 0xa2025000
core   0: 0x800011b4 (0x00954033) xor     zero, a0, s1
core   0: 3 0x800011b4 (0x00954033)
core   0: 0x800011b8 (0x2eab4613) xori    a2, s6, 746
core   0: 3 0x800011b8 (0x2eab4613) x12 0xbb40c2e8
core   0: 0x800011bc (0x0000dc33) srl     s8, ra, zero
core   0: 3 0x800011bc (0x0000dc33) x24 0xfffffc6d
core   0: 0x800011c0 (0x00000013) nop
core   0: 3 0x800011c0 (0x00000013)
core   0: 0x800011c4 (0x3ab83e93) sltiu   t4, a6, 939
core   0: 3 0x800011c4 (0x3ab83e93) x29 0x00000000
core   0: 0x800011c8 (0x0c6a7793) andi    a5, s4, 198
core   0: 3 0x800011c8 (0x0c6a7793) x15 0x00000000
core   0: 0x800011cc (0x00d171b3) and     gp, sp, a3
core   0: 3 0x800011cc (0x00d171b3) x3  0x00000000
core   0: 0x800011d0 (0x40de06b3) sub     a3, t3, a3
core   0: 3 0x800011d0 (0x40de06b3) x13 0x5b2db038
core   0: 0x800011d4 (0x01023833) sltu    a6, tp, a6
core   0: 3 0x800011d4 (0x01023833) x16 0x00000001
core   0: 0x800011d8 (0x01947433) and     s0, s0, s9
core   0: 3 0x800011d8 (0x01947433) x8  0x00000000
core   0: 0x800011dc (0x0038a5b3) slt     a1, a7, gp
core   0: 3 0x800011dc (0x0038a5b3) x11 0x00000000
core   0: 0x800011e0 (0xea6f2f93) slti    t6, t5, -346
core   0: 3 0x800011e0 (0xea6f2f93) x31 0x00000001
core   0: 0x800011e4 (0xbb369e97) auipc   t4, 0xbb369
core   0: 3 0x800011e4 (0xbb369e97) x29 0x3b36a1e4
core   0: 0x800011e8 (0xa9e67737) lui     a4, 0xa9e67
core   0: 3 0x800011e8 (0xa9e67737) x14 0xa9e67000
core   0: 0x800011ec (0x209064b7) lui     s1, 0x20906
core   0: 3 0x800011ec (0x209064b7) x9  0x20906000
core   0: 0x800011f0 (0x796c2293) slti    t0, s8, 1942
core   0: 3 0x800011f0 (0x796c2293) x5  0x00000001
core   0: 0x800011f4 (0xf0821f97) auipc   t6, 0xf0821
core   0: 3 0x800011f4 (0xf0821f97) x31 0x708221f4
core   0: 0x800011f8 (0x00b6b333) sltu    t1, a3, a1
core   0: 3 0x800011f8 (0x00b6b333) x6  0x00000000
core   0: 0x800011fc (0x8955a093) slti    ra, a1, -1899
core   0: 3 0x800011fc (0x8955a093) x1  0x00000000
core   0: 0x80001200 (0x411f55b3) sra     a1, t5, a7
core   0: 3 0x80001200 (0x411f55b3) x11 0x80018ce4
core   0: 0x80001204 (0x00a70233) add     tp, a4, a0
core   0: 3 0x80001204 (0x00a70233) x4  0x29e7be64
core   0: 0x80001208 (0x7641ba97) auipc   s5, 0x7641b
core   0: 3 0x80001208 (0x7641ba97) x21 0xf641c208
core   0: 0x8000120c (0x4048d693) srai    a3, a7, 4
core   0: 3 0x8000120c (0x4048d693) x13 0x00000000
core   0: 0x80001210 (0x32d9f693) andi    a3, s3, 813
core   0: 3 0x80001210 (0x32d9f693) x13 0x0000000d
core   0: 0x80001214 (0x416854b3) sra     s1, a6, s6
core   0: 3 0x80001214 (0x416854b3) x9  0x00000000
core   0: 0x80001218 (0xf6742693) slti    a3, s0, -153
core   0: 3 0x80001218 (0xf6742693) x13 0x00000000
core   0: 0x8000121c (0x00c79b33) sll     s6, a5, a2
core   0: 3 0x8000121c (0x00c79b33) x22 0x00000000
core   0: 0x80001220 (0x01af5db3) srl     s11, t5, s10
core   0: 3 0x80001220 (0x01af5db3) x27 0x1000319c
core   0: 0x80001224 (0x4ad56493) ori     s1, a0, 1197
core   0: 3 0x80001224 (0x4ad56493) x9  0x80014eed
core   0: 0x80001228 (0x00000013) nop
core   0: 3 0x80001228 (0x00000013)
core   0: 0x8000122c (0x00f55913) srli    s2, a0, 15
core   0: 3 0x8000122c (0x00f55913) x18 0x00010002
core   0: 0x80001230 (0x002693b3) sll     t2, a3, sp
core   0: 3 0x80001230 (0x002693b3) x7  0x00000000
core   0: 0x80001234 (0x000fc033) xor     zero, t6, zero
core   0: 3 0x80001234 (0x000fc033)
core   0: 0x80001238 (0xb712cc13) xori    s8, t0, -1167
core   0: 3 0x80001238 (0xb712cc13) x24 0xfffffb70
core   0: 0x8000123c (0x0015d433) srl     s0, a1, ra
core   0: 3 0x8000123c (0x0015d433) x8  0x80018ce4
core   0: 0x80001240 (0x6ed56f93) ori     t6, a0, 1773
core   0: 3 0x80001240 (0x6ed56f93) x31 0x80014eed
core   0: 0x80001244 (0x01a00d33) add     s10, zero, s10
core   0: 3 0x80001244 (0x01a00d33) x26 0x00000243
core   0: 0x80001248 (0x00636ab3) or      s5, t1, t1
core   0: 3 0x80001248 (0x00636ab3) x21 0x00000000
core   0: 0x8000124c (0x01f4d813) srli    a6, s1, 31
core   0: 3 0x8000124c (0x01f4d813) x16 0x00000001
core   0: 0x80001250 (0x40475a93) srai    s5, a4, 4
core   0: 3 0x80001250 (0x40475a93) x21 0xfa9e6700
core   0: 0x80001254 (0x017742b3) xor     t0, a4, s7
core   0: 3 0x80001254 (0x017742b3) x5  0xa6e67000
core   0: 0x80001258 (0x00000013) nop
core   0: 3 0x80001258 (0x00000013)
core   0: 0x8000125c (0x0003d833) srl     a6, t2, zero
core   0: 3 0x8000125c (0x0003d833) x16 0x00000000
core   0: 0x80001260 (0xe6fd4893) xori    a7, s10, -401
core   0: 3 0x80001260 (0xe6fd4893) x17 0xfffffc2c
core   0: 0x80001264 (0x00ef74b3) and     s1, t5, a4
core   0: 3 0x80001264 (0x00ef74b3) x9  0x80000000
core   0: 0x80001268 (0x007f2833) slt     a6, t5, t2
core   0: 3 0x80001268 (0x007f2833) x16 0x00000001
core   0: 0x8000126c (0x41670cb3) sub     s9, a4, s6
core   0: 3 0x8000126c (0x41670cb3) x25 0xa9e67000
core   0: 0x80001270 (0x91f40e93) addi    t4, s0, -1761
core   0: 3 0x80001270 (0x91f40e93) x29 0x80018603
core   0: 0x80001274 (0x0198cab3) xor     s5, a7, s9
core   0: 3 0x80001274 (0x0198cab3) x21 0x56198c2c
core   0: 0x80001278 (0x400282b3) sub     t0, t0, zero
core   0: 3 0x80001278 (0x400282b3) x5  0xa6e67000
core   0: 0x8000127c (0x1fc5ea93) ori     s5, a1, 508
core   0: 3 0x8000127c (0x1fc5ea93) x21 0x80018dfc
core   0: 0x80001280 (0x01d3bdb3) sltu    s11, t2, t4
core   0: 3 0x80001280 (0x01d3bdb3) x27 0x00000001
core   0: 0x80001284 (0x40ae83b3) sub     t2, t4, a0
core   0: 3 0x80001284 (0x40ae83b3) x7  0x0000379f
core   0: 0x80001288 (0x0136d833) srl     a6, a3, s3
core   0: 3 0x80001288 (0x0136d833) x16 0x00000000
core   0: 0x8000128c (0x9e1d5d17) auipc   s10, 0x9e1d5
core   0: 3 0x8000128c (0x9e1d5d17) x26 0x1e1d628c
core   0: 0x80001290 (0x49c6f313) andi    t1, a3, 1180
core   0: 3 0x80001290 (0x49c6f313) x6  0x00000000
core   0: 0x80001294 (0x9bf3c693) xori    a3, t2, -1601
core   0: 3 0x80001294 (0x9bf3c693) x13 0xffffce20
core   0: 0x80001298 (0x8ad3f813) andi    a6, t2, -1875
core   0: 3 0x80001298 (0x8ad3f813) x16 0x0000308d
core   0: 0x8000129c (0x410e0fb3) sub     t6, t3, a6
core   0: 3 0x8000129c (0x410e0fb3) x31 0x5b2d7fab
core   0: 0x800012a0 (0xefa40113) addi    sp, s0, -262
core   0: 3 0x800012a0 (0xefa40113) x2  0x80018bde
core   0: 0x800012a4 (0x00bdd493) srli    s1, s11, 11
core   0: 3 0x800012a4 (0x00bdd493) x9  0x00000000
core   0: 0x800012a8 (0x00000013) nop
core   0: 3 0x800012a8 (0x00000013)
core   0: 0x800012ac (0x71ce8413) addi    s0, t4, 1820
core   0: 3 0x800012ac (0x71ce8413) x8  0x80018d1f
core   0: 0x800012b0 (0x00c307b3) add     a5, t1, a2
core   0: 3 0x800012b0 (0x00c307b3) x15 0xbb40c2e8
core   0: 0x800012b4 (0xccb7e113) ori     sp, a5, -821
core   0: 3 0x800012b4 (0xccb7e113) x2  0xfffffeeb
core   0: 0x800012b8 (0x00ed8d33) add     s10, s11, a4
core   0: 3 0x800012b8 (0x00ed8d33) x26 0xa9e67001
core   0: 0x800012bc (0x00000013) nop
core   0: 3 0x800012bc (0x00000013)
core   0: 0x800012c0 (0x014fe8b3) or      a7, t6, s4
core   0: 3 0x800012c0 (0x014fe8b3) x17 0x5b2d7fab
core   0: 0x800012c4 (0x012e3eb3) sltu    t4, t3, s2
core   0: 3 0x800012c4 (0x012e3eb3) x29 0x00000000
core   0: 0x800012c8 (0xc871b613) sltiu   a2, gp, -889
core   0: 3 0x800012c8 (0xc871b613) x12 0x00000001
core   0: 0x800012cc (0x01096833) or      a6, s2, a6
core   0: 3 0x800012cc (0x01096833) x16 0x0001308f
core   0: 0x800012d0 (0x00000013) nop
core   0: 3 0x800012d0 (0x00000013)
core   0: 0x800012d4 (0x00667933) and     s2, a2, t1
core   0: 3 0x800012d4 (0x00667933) x18 0x00000000
core   0: 0x800012d8 (0x01954db3) xor     s11, a0, s9
core   0: 3 0x800012d8 (0x01954db3) x27 0x29e73e64
core   0: 0x800012dc (0xfefc8693) addi    a3, s9, -17
core   0: 3 0x800012dc (0xfefc8693) x13 0xa9e66fef
core   0: 0x800012e0 (0x00000013) nop
core   0: 3 0x800012e0 (0x00000013)
core   0: 0x800012e4 (0x406e57b3) sra     a5, t3, t1
core   0: 3 0x800012e4 (0x406e57b3) x15 0x5b2db038
core   0: 0x800012e8 (0x40e2d4b3) sra     s1, t0, a4
core   0: 3 0x800012e8 (0x40e2d4b3) x9  0xa6e67000
core   0: 0x800012ec (0x04642c13) slti    s8, s0, 70
core   0: 3 0x800012ec (0x04642c13) x24 0x00000001
core   0: 0x800012f0 (0x01bd56b3) srl     a3, s10, s11
core   0: 3 0x800012f0 (0x01bd56b3) x13 0x0a9e6700
core   0: 0x800012f4 (0x4071da13) srai    s4, gp, 7
core   0: 3 0x800012f4 (0x4071da13) x20 0x00000000
core   0: 0x800012f8 (0x6fcf8613) addi    a2, t6, 1788
core   0: 3 0x800012f8 (0x6fcf8613) x12 0x5b2d86a7
core   0: 0x800012fc (0x00426c33) or      s8, tp, tp
core   0: 3 0x800012fc (0x00426c33) x24 0x29e7be64
core   0: 0x80001300 (0x00c0dcb3) srl     s9, ra, a2
core   0: 3 0x80001300 (0x00c0dcb3) x25 0x00000000
core   0: 0x80001304 (0x017e1393) slli    t2, t3, 23
core   0: 3 0x80001304 (0x017e1393) x7  0x1c000000
core   0: 0x80001308 (0xbaef3e13) sltiu   t3, t5, -1106
core   0: 3 0x80001308 (0xbaef3e13) x28 0x00000001
core   0: 0x8000130c (0x0104f1b3) and     gp, s1, a6
core   0: 3 0x8000130c (0x0104f1b3) x3  0x00003000
core   0: 0x80001310 (0x016b3d33) sltu    s10, s6, s6
core   0: 3 0x80001310 (0x016b3d33) x26 0x00000000
core   0: 0x80001314 (0x01cfe933) or      s2, t6, t3
core   0: 3 0x80001314 (0x01cfe933) x18 0x5b2d7fab
core   0: 0x80001318 (0xf77dea93) ori     s5, s11, -137
core   0: 3 0x80001318 (0xf77dea93) x21 0xffffff77
core   0: 0x8000131c (0x131a0197) auipc   gp, 0x131a0
core   0: 3 0x8000131c (0x131a0197) x3  0x931a131c
core   0: 0x80001320 (0x01d07333) and     t1, zero, t4
core   0: 3 0x80001320 (0x01d07333) x6  0x00000000
core   0: 0x80001324 (0x40625693) srai    a3, tp, 6
core   0: 3 0x80001324 (0x40625693) x13 0x00a79ef9
core   0: 0x80001328 (0x01d9e1b3) or      gp, s3, t4
core   0: 3 0x80001328 (0x01d9e1b3) x3  0x0000000f
core   0: 0x8000132c (0xf2b34813) xori    a6, t1, -213
core   0: 3 0x8000132c (0xf2b34813) x16 0xffffff2b
core   0: 0x80001330 (0x00359393) slli    t2, a1, 3
core   0: 3 0x80001330 (0x00359393) x7  0x000c6720
core   0: 0x80001334 (0x00d71193) slli    gp, a4, 13
core   0: 3 0x80001334 (0x00d71193) x3  0xce000000
core   0: 0x80001338 (0xe891eb13) ori     s6, gp, -375
core   0: 3 0x80001338 (0xe891eb13) x22 0xfffffe89
core   0: 0x8000133c (0x41cb5e13) srai    t3, s6, 28
core   0: 3 0x8000133c (0x41cb5e13) x28 0xffffffff
core   0: 0x80001340 (0x0179ad33) slt     s10, s3, s7
core   0: 3 0x80001340 (0x0179ad33) x26 0x00000001
core   0: 0x80001344 (0x64b36913) ori     s2, t1, 1611
core   0: 3 0x80001344 (0x64b36913) x18 0x0000064b
core   0: 0x80001348 (0x00539813) slli    a6, t2, 5
core   0: 3 0x80001348 (0x00539813) x16 0x018ce400
core   0: 0x8000134c (0x008dbbb3) sltu    s7, s11, s0
core   0: 3 0x8000134c (0x008dbbb3) x23 0x00000001
core   0: 0x80001350 (0x40c65f93) srai    t6, a2, 12
core   0: 3 0x80001350 (0x40c65f93) x31 0x0005b2d8
core   0: 0x80001354 (0x0b35bb93) sltiu   s7, a1, 179
core   0: 3 0x80001354 (0x0b35bb93) x23 0x00000000
core   0: 0x80001358 (0x002ecfb3) xor     t6, t4, sp
core   0: 3 0x80001358 (0x002ecfb3) x31 0xfffffeeb
core   0: 0x8000135c (0xea004213) xori    tp, zero, -352
core   0: 3 0x8000135c (0xea004213) x4  0xfffffea0
core   0: 0x80001360 (0x00000013) nop
core   0: 3 0x80001360 (0x00000013)
core   0: 0x80001364 (0x01a13833) sltu    a6, sp, s10
core   0: 3 0x80001364 (0x01a13833) x16 0x00000000
core   0: 0x80001368 (0x00dcedb3) or      s11, s9, a3
core   0: 3 0x80001368 (0x00dcedb3) x27 0x00a79ef9
core   0: 0x8000136c (0x00ab0233) add     tp, s6, a0
core   0: 3 0x8000136c (0x00ab0233) x4  0x80014ced
core   0: 0x80001370 (0x01674a33) xor     s4, a4, s6
core   0: 3 0x80001370 (0x01674a33) x20 0x56198e89
core   0: 0x80001374 (0x1dbf0893) addi    a7, t5, 475
core   0: 3 0x80001374 (0x1dbf0893) x17 0x80018ebf
core   0: 0x80001378 (0x33b89397) auipc   t2, 0x33b89
core   0: 3 0x80001378 (0x33b89397) x7  0xb3b8a378
core   0: 0x8000137c (0xcc3bfc13) andi    s8, s7, -829
core   0: 3 0x8000137c (0xcc3bfc13) x24 0x00000000
core   0: 0x80001380 (0x01973133) sltu    sp, a4, s9
core   0: 3 0x80001380 (0x01973133) x2  0x00000000
core   0: 0x80001384 (0x00aa80b3) add     ra, s5, a0
core   0: 3 0x80001384 (0x00aa80b3) x1  0x80014ddb
core   0: 0x80001388 (0x47d19437) lui     s0, 0x47d19
core   0: 3 0x80001388 (0x47d19437) x8  0x47d19000
core   0: 0x8000138c (0x008d1bb3) sll     s7, s10, s0
core   0: 3 0x8000138c (0x008d1bb3) x23 0x00000001
core   0: 0x80001390 (0x01d10ab3) add     s5, sp, t4
core   0: 3 0x80001390 (0x01d10ab3) x21 0x00000000
core   0: 0x80001394 (0xbe7305b7) lui     a1, 0xbe730
core   0: 3 0x80001394 (0xbe7305b7) x11 0xbe730000
core   0: 0x80001398 (0xfb6d0d13) addi    s10, s10, -74
core   0: 3 0x80001398 (0xfb6d0d13) x26 0xffffffb7
core   0: 0x8000139c (0x6fe5e093) ori     ra, a1, 1790
core   0: 3 0x8000139c (0x6fe5e093) x1  0xbe7306fe
core   0: 0x800013a0 (0x89500913) li      s2, -1899
core   0: 3 0x800013a0 (0x89500913) x18 0xfffff895
core   0: 0x800013a4 (0x019cbab3) sltu    s5, s9, s9
core   0: 3 0x800013a4 (0x019cbab3) x21 0x00000000
core   0: 0x800013a8 (0x1e4e6c13) ori     s8, t3, 484
core   0: 3 0x800013a8 (0x1e4e6c13) x24 0xffffffff
core   0: 0x800013ac (0x94a30317) auipc   t1, 0x94a30
core   0: 3 0x800013ac (0x94a30317) x6  0x14a313ac
core   0: 0x800013b0 (0x00000013) nop
core   0: 3 0x800013b0 (0x00000013)
core   0: 0x800013b4 (0x00f8d313) srli    t1, a7, 15
core   0: 3 0x800013b4 (0x00f8d313) x6  0x00010003
core   0: 0x800013b8 (0xc9aca213) slti    tp, s9, -870
core   0: 3 0x800013b8 (0xc9aca213) x4  0x00000000
core   0: 0x800013bc (0x00b4e4b3) or      s1, s1, a1
core   0: 3 0x800013bc (0x00b4e4b3) x9  0xbef77000
core   0: 0x800013c0 (0x01177db3) and     s11, a4, a7
core   0: 3 0x800013c0 (0x01177db3) x27 0x80000000
core   0: 0x800013c4 (0x4a632313) slti    t1, t1, 1190
core   0: 3 0x800013c4 (0x4a632313) x6  0x00000000
core   0: 0x800013c8 (0x41185633) sra     a2, a6, a7
core   0: 3 0x800013c8 (0x41185633) x12 0x00000000
core   0: 0x800013cc (0x3c23b793) sltiu   a5, t2, 962
core   0: 3 0x800013cc (0x3c23b793) x15 0x00000000
core   0: 0x800013d0 (0x00ec5633) srl     a2, s8, a4
core   0: 3 0x800013d0 (0x00ec5633) x12 0xffffffff
core   0: 0x800013d4 (0x013780b3) add     ra, a5, s3
core   0: 3 0x800013d4 (0x013780b3) x1  0x0000000f
core   0: 0x800013d8 (0x01010933) add     s2, sp, a6
core   0: 3 0x800013d8 (0x01010933) x18 0x00000000
core   0: 0x800013dc (0x4141dbb3) sra     s7, gp, s4
core   0: 3 0x800013dc (0x4141dbb3) x23 0xffe70000
core   0: 0x800013e0 (0x015161b3) or      gp, sp, s5
core   0: 3 0x800013e0 (0x015161b3) x3  0x00000000
core   0: 0x800013e4 (0x6def78b7) lui     a7, 0x6def7
core   0: 3 0x800013e4 (0x6def78b7) x17 0x6def7000
core   0: 0x800013e8 (0xd011f493) andi    s1, gp, -767
core   0: 3 0x800013e8 (0xd011f493) x9  0x00000000
core   0: 0x800013ec (0xa8a6b3b7) lui     t2, 0xa8a6b
core   0: 3 0x800013ec (0xa8a6b3b7) x7  0xa8a6b000
core   0: 0x800013f0 (0x116e2a97) auipc   s5, 0x116e2
core   0: 3 0x800013f0 (0x116e2a97) x21 0x916e33f0
core   0: 0x800013f4 (0xc941cc13) xori    s8, gp, -876
core   0: 3 0x800013f4 (0xc941cc13) x24 0xfffffc94
core   0: 0x800013f8 (0x00000013) nop
core   0: 3 0x800013f8 (0x00000013)
core   0: 0x800013fc (0x9861fe13) andi    t3, gp, -1658
core   0: 3 0x800013fc (0x9861fe13) x28 0x00000000
core   0: 0x80001400 (0x5b2ca393) slti    t2, s9, 1458
core   0: 3 0x80001400 (0x5b2ca393) x7  0x00000001
core   0: 0x80001404 (0x00685193) srli    gp, a6, 6
core   0: 3 0x80001404 (0x00685193) x3  0x00000000
core   0: 0x80001408 (0x01c8feb3) and     t4, a7, t3
core   0: 3 0x80001408 (0x01c8feb3) x29 0x00000000
core   0: 0x8000140c (0x698b0093) addi    ra, s6, 1688
core   0: 3 0x8000140c (0x698b0093) x1  0x00000521
core   0: 0x80001410 (0x40fadeb3) sra     t4, s5, a5
core   0: 3 0x80001410 (0x40fadeb3) x29 0x916e33f0
core   0: 0x80001414 (0x00601893) slli    a7, zero, 6
core   0: 3 0x80001414 (0x00601893) x17 0x00000000
core   0: 0x80001418 (0x0063d233) srl     tp, t2, t1
core   0: 3 0x80001418 (0x0063d233) x4  0x00000001
core   0: 0x8000141c (0x049b4793) xori    a5, s6, 73
core   0: 3 0x8000141c (0x049b4793) x15 0xfffffec0
core   0: 0x80001420 (0x01aa15b3) sll     a1, s4, s10
core   0: 3 0x80001420 (0x01aa15b3) x11 0x44800000
core   0: 0x80001424 (0xc5596f93) ori     t6, s2, -939
core   0: 3 0x80001424 (0xc5596f93) x31 0xfffffc55
core   0: 0x80001428 (0xb7b4f293) andi    t0, s1, -1157
core   0: 3 0x80001428 (0xb7b4f293) x5  0x00000000
core   0: 0x8000142c (0x01a9b1b3) sltu    gp, s3, s10
core   0: 3 0x8000142c (0x01a9b1b3) x3  0x00000001
core   0: 0x80001430 (0xd6fee013) ori     zero, t4, -657
core   0: 3 0x80001430 (0xd6fee013)
core   0: 0x80001434 (0x00000013) nop
core   0: 3 0x80001434 (0x00000013)
core   0: 0x80001438 (0xbdd06193) ori     gp, zero, -1059
core   0: 3 0x80001438 (0xbdd06193) x3  0xfffffbdd
core   0: 0x8000143c (0x40a6d933) sra     s2, a3, a0
core   0: 3 0x8000143c (0x40a6d933) x18 0x000a79ef
core   0: 0x80001440 (0x01e3a433) slt     s0, t2, t5
core   0: 3 0x80001440 (0x01e3a433) x8  0x00000000
core   0: 0x80001444 (0x012a4b33) xor     s6, s4, s2
core   0: 3 0x80001444 (0x012a4b33) x22 0x5613f766
core   0: 0x80001448 (0x86683193) sltiu   gp, a6, -1946
core   0: 3 0x80001448 (0x86683193) x3  0x00000001
core   0: 0x8000144c (0x40fadeb3) sra     t4, s5, a5
core   0: 3 0x8000144c (0x40fadeb3) x29 0x916e33f0
core   0: 0x80001450 (0x002a07b3) add     a5, s4, sp
core   0: 3 0x80001450 (0x002a07b3) x15 0x56198e89
core   0: 0x80001454 (0x6d0fb413) sltiu   s0, t6, 1744
core   0: 3 0x80001454 (0x6d0fb413) x8  0x00000000
core   0: 0x80001458 (0x69247693) andi    a3, s0, 1682
core   0: 3 0x80001458 (0x69247693) x13 0x00000000
core   0: 0x8000145c (0x6ef86693) ori     a3, a6, 1775
core   0: 3 0x8000145c (0x6ef86693) x13 0x000006ef
core   0: 0x80001460 (0x6e176c93) ori     s9, a4, 1761
core   0: 3 0x80001460 (0x6e176c93) x25 0xa9e676e1
core   0: 0x80001464 (0xbb7c2593) slti    a1, s8, -1097
core   0: 3 0x80001464 (0xbb7c2593) x11 0x00000000
core   0: 0x80001468 (0x00e6e433) or      s0, a3, a4
core   0: 3 0x80001468 (0x00e6e433) x8  0xa9e676ef
core   0: 0x8000146c (0x01e141b3) xor     gp, sp, t5
core   0: 3 0x8000146c (0x01e141b3) x3  0x80018ce4
core   0: 0x80001470 (0x15c43c37) lui     s8, 0x15c43
core   0: 3 0x80001470 (0x15c43c37) x24 0x15c43000
core   0: 0x80001474 (0x6784ab93) slti    s7, s1, 1656
core   0: 3 0x80001474 (0x6784ab93) x23 0x00000001
core   0: 0x80001478 (0x00b00ab3) add     s5, zero, a1
core   0: 3 0x80001478 (0x00b00ab3) x21 0x00000000
core   0: 0x8000147c (0x41065d33) sra     s10, a2, a6
core   0: 3 0x8000147c (0x41065d33) x26 0xffffffff
core   0: 0x80001480 (0x00d50cb3) add     s9, a0, a3
core   0: 3 0x80001480 (0x00d50cb3) x25 0x80015553
core   0: 0x80001484 (0x0118b2b3) sltu    t0, a7, a7
core   0: 3 0x80001484 (0x0118b2b3) x5  0x00000000
core   0: 0x80001488 (0xd957be93) sltiu   t4, a5, -619
core   0: 3 0x80001488 (0xd957be93) x29 0x00000001
core   0: 0x8000148c (0x01254cb3) xor     s9, a0, s2
core   0: 3 0x8000148c (0x01254cb3) x25 0x800b378b
core   0: 0x80001490 (0x00a7a0b3) slt     ra, a5, a0
core   0: 3 0x80001490 (0x00a7a0b3) x1  0x00000000
core   0: 0x80001494 (0x0084d393) srli    t2, s1, 8
core   0: 3 0x80001494 (0x0084d393) x7  0x00000000
core   0: 0x80001498 (0x011eee33) or      t3, t4, a7
core   0: 3 0x80001498 (0x011eee33) x28 0x00000001
core   0: 0x8000149c (0x01629093) slli    ra, t0, 22
core   0: 3 0x8000149c (0x01629093) x1  0x00000000
core   0: 0x800014a0 (0xe7770693) addi    a3, a4, -393
core   0: 3 0x800014a0 (0xe7770693) x13 0xa9e66e77
core   0: 0x800014a4 (0x42a5d597) auipc   a1, 0x42a5d
core   0: 3 0x800014a4 (0x42a5d597) x11 0xc2a5e4a4
core   0: 0x800014a8 (0x0097e2b3) or      t0, a5, s1
core   0: 3 0x800014a8 (0x0097e2b3) x5  0x56198e89
core   0: 0x800014ac (0x012b9113) slli    sp, s7, 18
core   0: 3 0x800014ac (0x012b9113) x2  0x00040000
core   0: 0x800014b0 (0x4145db93) srai    s7, a1, 20
core   0: 3 0x800014b0 (0x4145db93) x23 0xfffffc2a
core   0: 0x800014b4 (0x86826e17) auipc   t3, 0x86826
core   0: 3 0x800014b4 (0x86826e17) x28 0x068274b4
core   0: 0x800014b8 (0x0078aab3) slt     s5, a7, t2
core   0: 3 0x800014b8 (0x0078aab3) x21 0x00000000
core   0: 0x800014bc (0x00917433) and     s0, sp, s1
core   0: 3 0x800014bc (0x00917433) x8  0x00000000
core   0: 0x800014c0 (0xeeb78493) addi    s1, a5, -277
core   0: 3 0x800014c0 (0xeeb78493) x9  0x56198d74
core   0: 0x800014c4 (0x41b8dc93) srai    s9, a7, 27
core   0: 3 0x800014c4 (0x41b8dc93) x25 0x00000000
core   0: 0x800014c8 (0x9fc48693) addi    a3, s1, -1540
core   0: 3 0x800014c8 (0x9fc48693) x13 0x56198770
core   0: 0x800014cc (0x011edeb3) srl     t4, t4, a7
core   0: 3 0x800014cc (0x011edeb3) x29 0x00000001
core   0: 0x800014d0 (0x01999493) slli    s1, s3, 25
core   0: 3 0x800014d0 (0x01999493) x9  0x1e000000
core   0: 0x800014d4 (0x8e3e4ab7) lui     s5, 0x8e3e4
core   0: 3 0x800014d4 (0x8e3e4ab7) x21 0x8e3e4000
core   0: 0x800014d8 (0x4024dfb3) sra     t6, s1, sp
core   0: 3 0x800014d8 (0x4024dfb3) x31 0x1e000000
core   0: 0x800014dc (0x01411c13) slli    s8, sp, 20
core   0: 3 0x800014dc (0x01411c13) x24 0x00000000
core   0: 0x800014e0 (0x00000013) nop
core   0: 3 0x800014e0 (0x00000013)
core   0: 0x800014e4 (0x01900db3) add     s11, zero, s9
core   0: 3 0x800014e4 (0x01900db3) x27 0x00000000
core   0: 0x800014e8 (0x73329c17) auipc   s8, 0x73329
core   0: 3 0x800014e8 (0x73329c17) x24 0xf332a4e8
core   0: 0x800014ec (0x7d180493) addi    s1, a6, 2001
core   0: 3 0x800014ec (0x7d180493) x9  0x000007d1
core   0: 0x800014f0 (0x7754fb93) andi    s7, s1, 1909
core   0: 3 0x800014f0 (0x7754fb93) x23 0x00000751
core   0: 0x800014f4 (0x407788b3) sub     a7, a5, t2
core   0: 3 0x800014f4 (0x407788b3) x17 0x56198e89
core   0: 0x800014f8 (0xde085337) lui     t1, 0xde085
core   0: 3 0x800014f8 (0xde085337) x6  0xde085000
core   0: 0x800014fc (0x0094a433) slt     s0, s1, s1
core   0: 3 0x800014fc (0x0094a433) x8  0x00000000
core   0: 0x80001500 (0xda76ca13) xori    s4, a3, -601
core   0: 3 0x80001500 (0xda76ca13) x20 0xa9e67ad7
core   0: 0x80001504 (0x7540aab7) lui     s5, 0x7540a
core   0: 3 0x80001504 (0x7540aab7) x21 0x7540a000
core   0: 0x80001508 (0x4043d5b3) sra     a1, t2, tp
core   0: 3 0x80001508 (0x4043d5b3) x11 0x00000000
core   0: 0x8000150c (0x010c3e33) sltu    t3, s8, a6
core   0: 3 0x8000150c (0x010c3e33) x28 0x00000000
core   0: 0x80001510 (0x002cc333) xor     t1, s9, sp
core   0: 3 0x80001510 (0x002cc333) x6  0x00040000
core   0: 0x80001514 (0x41050733) sub     a4, a0, a6
core   0: 3 0x80001514 (0x41050733) x14 0x80014e64
core   0: 0x80001518 (0x013b9793) slli    a5, s7, 19
core   0: 3 0x80001518 (0x013b9793) x15 0x3a880000
core   0: 0x8000151c (0x01d742b3) xor     t0, a4, t4
core   0: 3 0x8000151c (0x01d742b3) x5  0x80014e65
core   0: 0x80001520 (0x310c6613) ori     a2, s8, 784
core   0: 3 0x80001520 (0x310c6613) x12 0xf332a7f8
core   0: 0x80001524 (0x4eca7613) andi    a2, s4, 1260
core   0: 3 0x80001524 (0x4eca7613) x12 0x000000c4
core   0: 0x80001528 (0x01251cb3) sll     s9, a0, s2
core   0: 3 0x80001528 (0x01251cb3) x25 0xa7320000
core   0: 0x8000152c (0x89c57f93) andi    t6, a0, -1892
core   0: 3 0x8000152c (0x89c57f93) x31 0x80014804
core   0: 0x80001530 (0x7437bb93) sltiu   s7, a5, 1859
core   0: 3 0x80001530 (0x7437bb93) x23 0x00000000
core   0: 0x80001534 (0x01c613b3) sll     t2, a2, t3
core   0: 3 0x80001534 (0x01c613b3) x7  0x000000c4
core   0: 0x80001538 (0x9cfa0a13) addi    s4, s4, -1585
core   0: 3 0x80001538 (0x9cfa0a13) x20 0xa9e674a6
core   0: 0x8000153c (0x23b43413) sltiu   s0, s0, 571
core   0: 3 0x8000153c (0x23b43413) x8  0x00000001
core   0: 0x80001540 (0x739dffb7) lui     t6, 0x739df
core   0: 3 0x80001540 (0x739dffb7) x31 0x739df000
core   0: 0x80001544 (0x01ea5213) srli    tp, s4, 30
core   0: 3 0x80001544 (0x01ea5213) x4  0x00000002
core   0: 0x80001548 (0x4ac33c13) sltiu   s8, t1, 1196
core   0: 3 0x80001548 (0x4ac33c13) x24 0x00000000
core   0: 0x8000154c (0x338bbd13) sltiu   s10, s7, 824
core   0: 3 0x8000154c (0x338bbd13) x26 0x00000001
core   0: 0x80001550 (0x01cdd733) srl     a4, s11, t3
core   0: 3 0x80001550 (0x01cdd733) x14 0x00000000
core   0: 0x80001554 (0x005ed893) srli    a7, t4, 5
core   0: 3 0x80001554 (0x005ed893) x17 0x00000000
core   0: 0x80001558 (0x21b38713) addi    a4, t2, 539
core   0: 3 0x80001558 (0x21b38713) x14 0x000002df
core   0: 0x8000155c (0xadcc2b93) slti    s7, s8, -1316
core   0: 3 0x8000155c (0xadcc2b93) x23 0x00000000
core   0: 0x80001560 (0x416308b3) sub     a7, t1, s6
core   0: 3 0x80001560 (0x416308b3) x17 0xa9f0089a
core   0: 0x80001564 (0x00000013) nop
core   0: 3 0x80001564 (0x00000013)
core   0: 0x80001568 (0x8a114093) xori    ra, sp, -1887
core   0: 3 0x80001568 (0x8a114093) x1  0xfffbf8a1
core   0: 0x8000156c (0x0025c333) xor     t1, a1, sp
core   0: 3 0x8000156c (0x0025c333) x6  0x00040000
core   0: 0x80001570 (0x00000013) nop
core   0: 3 0x80001570 (0x00000013)
core   0: 0x80001574 (0x01621493) slli    s1, tp, 22
core   0: 3 0x80001574 (0x01621493) x9  0x00800000
core   0: 0x80001578 (0x01967db3) and     s11, a2, s9
core   0: 3 0x80001578 (0x01967db3) x27 0x00000000
core   0: 0x8000157c (0x01589393) slli    t2, a7, 21
core   0: 3 0x8000157c (0x01589393) x7  0x13400000
core   0: 0x80001580 (0xac000c93) li      s9, -1344
core   0: 3 0x80001580 (0xac000c93) x25 0xfffffac0
core   0: 0x80001584 (0x41fd57b3) sra     a5, s10, t6
core   0: 3 0x80001584 (0x41fd57b3) x15 0x00000001
core   0: 0x80001588 (0x4101d093) srai    ra, gp, 16
core   0: 3 0x80001588 (0x4101d093) x1  0xffff8001
core   0: 0x8000158c (0x00000013) nop
core   0: 3 0x8000158c (0x00000013)
core   0: 0x80001590 (0xb7dca313) slti    t1, s9, -1155
core   0: 3 0x80001590 (0xb7dca313) x6  0x00000001
core   0: 0x80001594 (0x41ad8333) sub     t1, s11, s10
core   0: 3 0x80001594 (0x41ad8333) x6  0xffffffff
core   0: 0x80001598 (0x00000013) nop
core   0: 3 0x80001598 (0x00000013)
core   0: 0x8000159c (0x564cbc93) sltiu   s9, s9, 1380
core   0: 3 0x8000159c (0x564cbc93) x25 0x00000000
core   0: 0x800015a0 (0x41ffd913) srai    s2, t6, 31
core   0: 3 0x800015a0 (0x41ffd913) x18 0x00000000
core   0: 0x800015a4 (0x00c95e93) srli    t4, s2, 12
core   0: 3 0x800015a4 (0x00c95e93) x29 0x00000000
core   0: 0x800015a8 (0x6a367cb7) lui     s9, 0x6a367
core   0: 3 0x800015a8 (0x6a367cb7) x25 0x6a367000
core   0: 0x800015ac (0x01869fb3) sll     t6, a3, s8
core   0: 3 0x800015ac (0x01869fb3) x31 0x56198770
core   0: 0x800015b0 (0xb20ec793) xori    a5, t4, -1248
core   0: 3 0x800015b0 (0xb20ec793) x15 0xfffffb20
core   0: 0x800015b4 (0x009e91b3) sll     gp, t4, s1
core   0: 3 0x800015b4 (0x009e91b3) x3  0x00000000
core   0: 0x800015b8 (0x01194d33) xor     s10, s2, a7
core   0: 3 0x800015b8 (0x01194d33) x26 0xa9f0089a
core   0: 0x800015bc (0x01eeba33) sltu    s4, t4, t5
core   0: 3 0x800015bc (0x01eeba33) x20 0x00000001
core   0: 0x800015c0 (0x01001293) slli    t0, zero, 16
core   0: 3 0x800015c0 (0x01001293) x5  0x00000000
core   0: 0x800015c4 (0x41ec8e33) sub     t3, s9, t5
core   0: 3 0x800015c4 (0x41ec8e33) x28 0xea34e31c
core   0: 0x800015c8 (0x004b0c33) add     s8, s6, tp
core   0: 3 0x800015c8 (0x004b0c33) x24 0x5613f768
core   0: 0x800015cc (0x4039d093) srai    ra, s3, 3
core   0: 3 0x800015cc (0x4039d093) x1  0x00000001
core   0: 0x800015d0 (0x40d45733) sra     a4, s0, a3
core   0: 3 0x800015d0 (0x40d45733) x14 0x00000000
core   0: 0x800015d4 (0x7e0f8c37) lui     s8, 0x7e0f8
core   0: 3 0x800015d4 (0x7e0f8c37) x24 0x7e0f8000
core   0: 0x800015d8 (0x00000013) nop
core   0: 3 0x800015d8 (0x00000013)
core   0: 0x800015dc (0x384ae037) lui     zero, 0x384ae
core   0: 3 0x800015dc (0x384ae037)
core   0: 0x800015e0 (0x26e3fe97) auipc   t4, 0x26e3f
core   0: 3 0x800015e0 (0x26e3fe97) x29 0xa6e405e0
core   0: 0x800015e4 (0x015c5213) srli    tp, s8, 21
core   0: 3 0x800015e4 (0x015c5213) x4  0x000003f0
core   0: 0x800015e8 (0x012b5933) srl     s2, s6, s2
core   0: 3 0x800015e8 (0x012b5933) x18 0x5613f766
core   0: 0x800015ec (0x01a50733) add     a4, a0, s10
core   0: 3 0x800015ec (0x01a50733) x14 0x29f156fe
core   0: 0x800015f0 (0x00d5d7b3) srl     a5, a1, a3
core   0: 3 0x800015f0 (0x00d5d7b3) x15 0x00000000
core   0: 0x800015f4 (0x009006b3) add     a3, zero, s1
core   0: 3 0x800015f4 (0x009006b3) x13 0x00800000
core   0: 0x800015f8 (0xdb273a13) sltiu   s4, a4, -590
core   0: 3 0x800015f8 (0xdb273a13) x20 0x00000001
core   0: 0x800015fc (0xc5387013) andi    zero, a6, -941
core   0: 3 0x800015fc (0xc5387013)
core   0: 0x80001600 (0xf87fb213) sltiu   tp, t6, -121
core   0: 3 0x80001600 (0xf87fb213) x4  0x00000001
core   0: 0x80001604 (0x00915cb3) srl     s9, sp, s1
core   0: 3 0x80001604 (0x00915cb3) x25 0x00040000
core   0: 0x80001608 (0x97633637) lui     a2, 0x97633
core   0: 3 0x80001608 (0x97633637) x12 0x97633000
core   0: 0x8000160c (0x018e0bb3) add     s7, t3, s8
core   0: 3 0x8000160c (0x018e0bb3) x23 0x6844631c
core   0: 0x80001610 (0x01cbadb3) slt     s11, s7, t3
core   0: 3 0x80001610 (0x01cbadb3) x27 0x00000000
core   0: 0x80001614 (0x01dceeb3) or      t4, s9, t4
core   0: 3 0x80001614 (0x01dceeb3) x29 0xa6e405e0
core   0: 0x80001618 (0xfe90c093) xori    ra, ra, -23
core   0: 3 0x80001618 (0xfe90c093) x1  0xffffffe8
core   0: 0x8000161c (0x01db2e33) slt     t3, s6, t4
core   0: 3 0x8000161c (0x01db2e33) x28 0x00000000
core   0: 0x80001620 (0x00000013) nop
core   0: 3 0x80001620 (0x00000013)
core   0: 0x80001624 (0xf11a1237) lui     tp, 0xf11a1
core   0: 3 0x80001624 (0xf11a1237) x4  0xf11a1000
core   0: 0x80001628 (0x0114c233) xor     tp, s1, a7
core   0: 3 0x80001628 (0x0114c233) x4  0xa970089a
core   0: 0x8000162c (0x723f7a93) andi    s5, t5, 1827
core   0: 3 0x8000162c (0x723f7a93) x21 0x00000420
core   0: 0x80001630 (0x016bee33) or      t3, s7, s6
core   0: 3 0x80001630 (0x016bee33) x28 0x7e57f77e
core   0: 0x80001634 (0x00000013) nop
core   0: 3 0x80001634 (0x00000013)
core   0: 0x80001638 (0x40540933) sub     s2, s0, t0
core   0: 3 0x80001638 (0x40540933) x18 0x00000001
core   0: 0x8000163c (0x0013c633) xor     a2, t2, ra
core   0: 3 0x8000163c (0x0013c633) x12 0xecbfffe8
core   0: 0x80001640 (0xba48a793) slti    a5, a7, -1116
core   0: 3 0x80001640 (0xba48a793) x15 0x00000001
core   0: 0x80001644 (0x01f932b3) sltu    t0, s2, t6
core   0: 3 0x80001644 (0x01f932b3) x5  0x00000001
core   0: 0x80001648 (0x01d21833) sll     a6, tp, t4
core   0: 3 0x80001648 (0x01d21833) x16 0xa970089a
core   0: 0x8000164c (0x18c3b113) sltiu   sp, t2, 396
core   0: 3 0x8000164c (0x18c3b113) x2  0x00000000
core   0: 0x80001650 (0x41e95e93) srai    t4, s2, 30
core   0: 3 0x80001650 (0x41e95e93) x29 0x00000000
core   0: 0x80001654 (0x41ec57b3) sra     a5, s8, t5
core   0: 3 0x80001654 (0x41ec57b3) x15 0x07e0f800
core   0: 0x80001658 (0xf8136a13) ori     s4, t1, -127
core   0: 3 0x80001658 (0xf8136a13) x20 0xffffffff
core   0: 0x8000165c (0x01b0d5b3) srl     a1, ra, s11
core   0: 3 0x8000165c (0x01b0d5b3) x11 0xffffffe8
core   0: 0x80001660 (0x014d3c33) sltu    s8, s10, s4
core   0: 3 0x80001660 (0x014d3c33) x24 0x00000001
core   0: 0x80001664 (0xf50cbe13) sltiu   t3, s9, -176
core   0: 3 0x80001664 (0xf50cbe13) x28 0x00000001
core   0: 0x80001668 (0x54420f93) addi    t6, tp, 1348
core   0: 3 0x80001668 (0x54420f93) x31 0xa9700dde
core   0: 0x8000166c (0x01739d13) slli    s10, t2, 23
core   0: 3 0x8000166c (0x01739d13) x26 0x00000000
core   0: 0x80001670 (0x001e81b3) add     gp, t4, ra
core   0: 3 0x80001670 (0x001e81b3) x3  0xffffffe8
core   0: 0x80001674 (0x00ea5113) srli    sp, s4, 14
core   0: 3 0x80001674 (0x00ea5113) x2  0x0003ffff
core   0: 0x80001678 (0xeb2a5917) auipc   s2, 0xeb2a5
core   0: 3 0x80001678 (0xeb2a5917) x18 0x6b2a6678
core   0: 0x8000167c (0xb0f6bb17) auipc   s6, 0xb0f6b
core   0: 3 0x8000167c (0xb0f6bb17) x22 0x30f6c67c
core   0: 0x80001680 (0x0042cfb3) xor     t6, t0, tp
core   0: 3 0x80001680 (0x0042cfb3) x31 0xa970089b
core   0: 0x80001684 (0x41a007b3) sub     a5, zero, s10
core   0: 3 0x80001684 (0x41a007b3) x15 0x00000000
core   0: 0x80001688 (0x4318cc13) xori    s8, a7, 1073
core   0: 3 0x80001688 (0x4318cc13) x24 0xa9f00cab
core   0: 0x8000168c (0x01009593) slli    a1, ra, 16
core   0: 3 0x8000168c (0x01009593) x11 0xffe80000
core   0: 0x80001690 (0x00631633) sll     a2, t1, t1
core   0: 3 0x80001690 (0x00631633) x12 0x80000000
core   0: 0x80001694 (0x810ac613) xori    a2, s5, -2032
core   0: 3 0x80001694 (0x810ac613) x12 0xfffffc30
core   0: 0x80001698 (0x00708ab3) add     s5, ra, t2
core   0: 3 0x80001698 (0x00708ab3) x21 0x133fffe8
core   0: 0x8000169c (0x00000013) nop
core   0: 3 0x8000169c (0x00000013)
core   0: 0x800016a0 (0x244db313) sltiu   t1, s11, 580
core   0: 3 0x800016a0 (0x244db313) x6  0x00000001
core   0: 0x800016a4 (0x01f25b13) srli    s6, tp, 31
core   0: 3 0x800016a4 (0x01f25b13) x22 0x00000001
core   0: 0x800016a8 (0x00379793) slli    a5, a5, 3
core   0: 3 0x800016a8 (0x00379793) x15 0x00000000
core   0: 0x800016ac (0x00000013) nop
core   0: 3 0x800016ac (0x00000013)
core   0: 0x800016b0 (0x2f514d93) xori    s11, sp, 757
core   0: 3 0x800016b0 (0x2f514d93) x27 0x0003fd0a
core   0: 0x800016b4 (0x8cc9ff93) andi    t6, s3, -1844
core   0: 3 0x800016b4 (0x8cc9ff93) x31 0x0000000c
core   0: 0x800016b8 (0x01e33cb3) sltu    s9, t1, t5
core   0: 3 0x800016b8 (0x01e33cb3) x25 0x00000001
core   0: 0x800016bc (0x40460933) sub     s2, a2, tp
core   0: 3 0x800016bc (0x40460933) x18 0x568ff396
core   0: 0x800016c0 (0x18dc0413) addi    s0, s8, 397
core   0: 3 0x800016c0 (0x18dc0413) x8  0xa9f00e38
core   0: 0x800016c4 (0x004b4433) xor     s0, s6, tp
core   0: 3 0x800016c4 (0x004b4433) x8  0xa970089b
core   0: 0x800016c8 (0x41b65013) srai    zero, a2, 27
core   0: 3 0x800016c8 (0x41b65013)
core   0: 0x800016cc (0x4161d493) srai    s1, gp, 22
core   0: 3 0x800016cc (0x4161d493) x9  0xffffffff
core   0: 0x800016d0 (0x40b7db33) sra     s6, a5, a1
core   0: 3 0x800016d0 (0x40b7db33) x22 0x00000000
core   0: 0x800016d4 (0x66c02297) auipc   t0, 0x66c02
core   0: 3 0x800016d4 (0x66c02297) x5  0xe6c036d4
core   0: 0x800016d8 (0x41dcd013) srai    zero, s9, 29
core   0: 3 0x800016d8 (0x41dcd013)
core   0: 0x800016dc (0x40fdd613) srai    a2, s11, 15
core   0: 3 0x800016dc (0x40fdd613) x12 0x00000007
core   0: 0x800016e0 (0x00000013) nop
core   0: 3 0x800016e0 (0x00000013)
core   0: 0x800016e4 (0xc23f2493) slti    s1, t5, -989
core   0: 3 0x800016e4 (0xc23f2493) x9  0x00000001
core   0: 0x800016e8 (0x406f8fb3) sub     t6, t6, t1
core   0: 3 0x800016e8 (0x406f8fb3) x31 0x0000000b
core   0: 0x800016ec (0x3188dc97) auipc   s9, 0x3188d
core   0: 3 0x800016ec (0x3188dc97) x25 0xb188e6ec
core   0: 0x800016f0 (0x479c2893) slti    a7, s8, 1145
core   0: 3 0x800016f0 (0x479c2893) x17 0x00000001
core   0: 0x800016f4 (0x00cb97b3) sll     a5, s7, a2
core   0: 3 0x800016f4 (0x00cb97b3) x15 0x22318e00
core   0: 0x800016f8 (0x41810133) sub     sp, sp, s8
core   0: 3 0x800016f8 (0x41810133) x2  0x5613f354
core   0: 0x800016fc (0x00b15933) srl     s2, sp, a1
core   0: 3 0x800016fc (0x00b15933) x18 0x5613f354
core   0: 0x80001700 (0x00000013) nop
core   0: 3 0x80001700 (0x00000013)
core   0: 0x80001704 (0xc674b913) sltiu   s2, s1, -921
core   0: 3 0x80001704 (0xc674b913) x18 0x00000001
core   0: 0x80001708 (0x5c3a4693) xori    a3, s4, 1475
core   0: 3 0x80001708 (0x5c3a4693) x13 0xfffffa3c
core   0: 0x8000170c (0xf8ee0e17) auipc   t3, 0xf8ee0
core   0: 3 0x8000170c (0xf8ee0e17) x28 0x78ee170c
core   0: 0x80001710 (0x0149aab3) slt     s5, s3, s4
core   0: 3 0x80001710 (0x0149aab3) x21 0x00000000
core   0: 0x80001714 (0x02b8ea37) lui     s4, 0x2b8e
core   0: 3 0x80001714 (0x02b8ea37) x20 0x02b8e000
core   0: 0x80001718 (0x013e02b3) add     t0, t3, s3
core   0: 3 0x80001718 (0x013e02b3) x5  0x78ee171b
core   0: 0x8000171c (0x30b6ca97) auipc   s5, 0x30b6c
core   0: 3 0x8000171c (0x30b6ca97) x21 0xb0b6d71c
core   0: 0x80001720 (0x90d36013) ori     zero, t1, -1779
core   0: 3 0x80001720 (0x90d36013)
core   0: 0x80001724 (0xb8f20693) addi    a3, tp, -1137
core   0: 3 0x80001724 (0xb8f20693) x13 0xa9700429
core   0: 0x80001728 (0xf5404313) xori    t1, zero, -172
core   0: 3 0x80001728 (0xf5404313) x6  0xffffff54
core   0: 0x8000172c (0xf41da617) auipc   a2, 0xf41da
core   0: 3 0x8000172c (0xf41da617) x12 0x741db72c
core   0: 0x80001730 (0xbd6e8e93) addi    t4, t4, -1066
core   0: 3 0x80001730 (0xbd6e8e93) x29 0xfffffbd6
core   0: 0x80001734 (0x01c81eb3) sll     t4, a6, t3
core   0: 3 0x80001734 (0x01c81eb3) x29 0x0089a000
core   0: 0x80001738 (0x0078d913) srli    s2, a7, 7
core   0: 3 0x80001738 (0x0078d913) x18 0x00000000
core   0: 0x8000173c (0x01950033) add     zero, a0, s9
core   0: 3 0x8000173c (0x01950033)
core   0: 0x80001740 (0x2e3eba93) sltiu   s5, t4, 739
core   0: 3 0x80001740 (0x2e3eba93) x21 0x00000000
core   0: 0x80001744 (0x01779c13) slli    s8, a5, 23
core   0: 3 0x80001744 (0x01779c13) x24 0x00000000
core   0: 0x80001748 (0xc4ad7d13) andi    s10, s10, -950
core   0: 3 0x80001748 (0xc4ad7d13) x26 0x00000000
core   0: 0x8000174c (0x25c70313) addi    t1, a4, 604
core   0: 3 0x8000174c (0x25c70313) x6  0x29f1595a
core   0: 0x80001750 (0xc204d337) lui     t1, 0xc204d
core   0: 3 0x80001750 (0xc204d337) x6  0xc204d000
core   0: 0x80001754 (0x00e192b3) sll     t0, gp, a4
core   0: 3 0x80001754 (0x00e192b3) x5  0x00000000
core   0: 0x80001758 (0x00b71913) slli    s2, a4, 11
core   0: 3 0x80001758 (0x00b71913) x18 0x8ab7f000
core   0: 0x8000175c (0x415d0ab3) sub     s5, s10, s5
core   0: 3 0x8000175c (0x415d0ab3) x21 0x00000000
core   0: 0x80001760 (0x010d1433) sll     s0, s10, a6
core   0: 3 0x80001760 (0x010d1433) x8  0x00000000
core   0: 0x80001764 (0x015963b3) or      t2, s2, s5
core   0: 3 0x80001764 (0x015963b3) x7  0x8ab7f000
core   0: 0x80001768 (0x9f57a013) slti    zero, a5, -1547
core   0: 3 0x80001768 (0x9f57a013)
core   0: 0x8000176c (0x018bc0b3) xor     ra, s7, s8
core   0: 3 0x8000176c (0x018bc0b3) x1  0x6844631c
core   0: 0x80001770 (0x41455f93) srai    t6, a0, 20
core   0: 3 0x80001770 (0x41455f93) x31 0xfffff800
core   0: 0x80001774 (0x00fc7613) andi    a2, s8, 15
core   0: 3 0x80001774 (0x00fc7613) x12 0x00000000
core   0: 0x80001778 (0x017455b3) srl     a1, s0, s7
core   0: 3 0x80001778 (0x017455b3) x11 0x00000000
core   0: 0x8000177c (0x01f48033) add     zero, s1, t6
core   0: 3 0x8000177c (0x01f48033)
core   0: 0x80001780 (0x00bcecb3) or      s9, s9, a1
core   0: 3 0x80001780 (0x00bcecb3) x25 0xb188e6ec
core   0: 0x80001784 (0xf320b593) sltiu   a1, ra, -206
core   0: 3 0x80001784 (0xf320b593) x11 0x00000001
core   0: 0x80001788 (0x7d822293) slti    t0, tp, 2008
core   0: 3 0x80001788 (0x7d822293) x5  0x00000001
core   0: 0x8000178c (0x013605b3) add     a1, a2, s3
core   0: 3 0x8000178c (0x013605b3) x11 0x0000000f
core   0: 0x80001790 (0x001125b3) slt     a1, sp, ra
core   0: 3 0x80001790 (0x001125b3) x11 0x00000001
core   0: 0x80001794 (0x41445c13) srai    s8, s0, 20
core   0: 3 0x80001794 (0x41445c13) x24 0x00000000
core   0: 0x80001798 (0xa9da4193) xori    gp, s4, -1379
core   0: 3 0x80001798 (0xa9da4193) x3  0xfd471a9d
core   0: 0x8000179c (0xe68aad13) slti    s10, s5, -408
core   0: 3 0x8000179c (0xe68aad13) x26 0x00000000
core   0: 0x800017a0 (0x417c5bb3) sra     s7, s8, s7
core   0: 3 0x800017a0 (0x417c5bb3) x23 0x00000000
core   0: 0x800017a4 (0x00881413) slli    s0, a6, 8
core   0: 3 0x800017a4 (0x00881413) x8  0x70089a00
core   0: 0x800017a8 (0xd308f393) andi    t2, a7, -720
core   0: 3 0x800017a8 (0xd308f393) x7  0x00000000
core   0: 0x800017ac (0x825d0893) addi    a7, s10, -2011
core   0: 3 0x800017ac (0x825d0893) x17 0xfffff825
core   0: 0x800017b0 (0x015a6713) ori     a4, s4, 21
core   0: 3 0x800017b0 (0x015a6713) x14 0x02b8e015
core   0: 0x800017b4 (0x5e748a13) addi    s4, s1, 1511
core   0: 3 0x800017b4 (0x5e748a13) x20 0x000005e8
core   0: 0x800017b8 (0x40795eb3) sra     t4, s2, t2
core   0: 3 0x800017b8 (0x40795eb3) x29 0x8ab7f000
core   0: 0x800017bc (0xb1646a13) ori     s4, s0, -1258
core   0: 3 0x800017bc (0xb1646a13) x20 0xfffffb16
core   0: 0x800017c0 (0x2c2aba93) sltiu   s5, s5, 706
core   0: 3 0x800017c0 (0x2c2aba93) x21 0x00000001
core   0: 0x800017c4 (0x2770e593) ori     a1, ra, 631
core   0: 3 0x800017c4 (0x2770e593) x11 0x6844637f
core   0: 0x800017c8 (0xdb967197) auipc   gp, 0xdb967
core   0: 3 0x800017c8 (0xdb967197) x3  0x5b9687c8
core   0: 0x800017cc (0x003bc433) xor     s0, s7, gp
core   0: 3 0x800017cc (0x003bc433) x8  0x5b9687c8
core   0: 0x800017d0 (0x00c04e33) xor     t3, zero, a2
core   0: 3 0x800017d0 (0x00c04e33) x28 0x00000000
core   0: 0x800017d4 (0x3e978893) addi    a7, a5, 1001
core   0: 3 0x800017d4 (0x3e978893) x17 0x223191e9
core   0: 0x800017d8 (0x01fa70b3) and     ra, s4, t6
core   0: 3 0x800017d8 (0x01fa70b3) x1  0xfffff800
core   0: 0x800017dc (0xc66f8893) addi    a7, t6, -922
core   0: 3 0x800017dc (0xc66f8893) x17 0xfffff466
core   0: 0x800017e0 (0x01b2c833) xor     a6, t0, s11
core   0: 3 0x800017e0 (0x01b2c833) x16 0x0003fd0b
core   0: 0x800017e4 (0x23734493) xori    s1, t1, 567
core   0: 3 0x800017e4 (0x23734493) x9  0xc204d237
core   0: 0x800017e8 (0x410f0033) sub     zero, t5, a6
core   0: 3 0x800017e8 (0x410f0033)
core   0: 0x800017ec (0x0110c833) xor     a6, ra, a7
core   0: 3 0x800017ec (0x0110c833) x16 0x00000c66
core   0: 0x800017f0 (0x0146a5b7) lui     a1, 0x146a
core   0: 3 0x800017f0 (0x0146a5b7) x11 0x0146a000
core   0: 0x800017f4 (0x46156b93) ori     s7, a0, 1121
core   0: 3 0x800017f4 (0x46156b93) x23 0x80014e65
core   0: 0x800017f8 (0x0046bcb3) sltu    s9, a3, tp
core   0: 3 0x800017f8 (0x0046bcb3) x25 0x00000001
core   0: 0x800017fc (0x000c1593) slli    a1, s8, 0
core   0: 3 0x800017fc (0x000c1593) x11 0x00000000
core   0: 0x80001800 (0x3d287697) auipc   a3, 0x3d287
core   0: 3 0x80001800 (0x3d287697) x13 0xbd288800
core   0: 0x80001804 (0x0171f333) and     t1, gp, s7
core   0: 3 0x80001804 (0x0171f333) x6  0x00000640
core   0: 0x80001808 (0x01f45393) srli    t2, s0, 31
core   0: 3 0x80001808 (0x01f45393) x7  0x00000000
core   0: 0x8000180c (0x00000013) nop
core   0: 3 0x8000180c (0x00000013)
core   0: 0x80001810 (0x404ada33) sra     s4, s5, tp
core   0: 3 0x80001810 (0x404ada33) x20 0x00000000
core   0: 0x80001814 (0x416c5fb3) sra     t6, s8, s6
core   0: 3 0x80001814 (0x416c5fb3) x31 0x00000000
core   0: 0x80001818 (0x6db28d93) addi    s11, t0, 1755
core   0: 3 0x80001818 (0x6db28d93) x27 0x000006dc
core   0: 0x8000181c (0x95d0e797) auipc   a5, 0x95d0e
core   0: 3 0x8000181c (0x95d0e797) x15 0x15d0f81c
core   0: 0x80001820 (0x224c3813) sltiu   a6, s8, 548
core   0: 3 0x80001820 (0x224c3813) x16 0x00000001
core   0: 0x80001824 (0x00f36d33) or      s10, t1, a5
core   0: 3 0x80001824 (0x00f36d33) x26 0x15d0fe5c
core   0: 0x80001828 (0x012faeb3) slt     t4, t6, s2
core   0: 3 0x80001828 (0x012faeb3) x29 0x00000000
core   0: 0x8000182c (0x01389b33) sll     s6, a7, s3
core   0: 3 0x8000182c (0x01389b33) x22 0xfa330000
core   0: 0x80001830 (0x8fa7c693) xori    a3, a5, -1798
core   0: 3 0x80001830 (0x8fa7c693) x13 0xea2f00e6
core   0: 0x80001834 (0x014cfc33) and     s8, s9, s4
core   0: 3 0x80001834 (0x014cfc33) x24 0x00000000
core   0: 0x80001838 (0x0134a733) slt     a4, s1, s3
core   0: 3 0x80001838 (0x0134a733) x14 0x00000001
core   0: 0x8000183c (0x0116cfb3) xor     t6, a3, a7
core   0: 3 0x8000183c (0x0116cfb3) x31 0x15d0f480
core   0: 0x80001840 (0x01d81d13) slli    s10, a6, 29
core   0: 3 0x80001840 (0x01d81d13) x26 0x20000000
core   0: 0x80001844 (0x008b1133) sll     sp, s6, s0
core   0: 3 0x80001844 (0x008b1133) x2  0x33000000
core   0: 0x80001848 (0x0081d713) srli    a4, gp, 8
core   0: 3 0x80001848 (0x0081d713) x14 0x005b9687
core   0: 0x8000184c (0x40705593) srai    a1, zero, 7
core   0: 3 0x8000184c (0x40705593) x11 0x00000000
core   0: 0x80001850 (0x004e5413) srli    s0, t3, 4
core   0: 3 0x80001850 (0x004e5413) x8  0x00000000
core   0: 0x80001854 (0x012d5333) srl     t1, s10, s2
core   0: 3 0x80001854 (0x012d5333) x6  0x20000000
core   0: 0x80001858 (0x81304413) xori    s0, zero, -2029
core   0: 3 0x80001858 (0x81304413) x8  0xfffff813
core   0: 0x8000185c (0x01679933) sll     s2, a5, s6
core   0: 3 0x8000185c (0x01679933) x18 0x15d0f81c
core   0: 0x80001860 (0x013934b3) sltu    s1, s2, s3
core   0: 3 0x80001860 (0x013934b3) x9  0x00000000
core   0: 0x80001864 (0x40d3db93) srai    s7, t2, 13
core   0: 3 0x80001864 (0x40d3db93) x23 0x00000000
core   0: 0x80001868 (0x416d80b3) sub     ra, s11, s6
core   0: 3 0x80001868 (0x416d80b3) x1  0x05cd06dc
core   0: 0x8000186c (0x411e5833) sra     a6, t3, a7
core   0: 3 0x8000186c (0x411e5833) x16 0x00000000
core   0: 0x80001870 (0x014d4db3) xor     s11, s10, s4
core   0: 3 0x80001870 (0x014d4db3) x27 0x20000000
core   0: 0x80001874 (0x012bd413) srli    s0, s7, 18
core   0: 3 0x80001874 (0x012bd413) x8  0x00000000
core   0: 0x80001878 (0x00d65b93) srli    s7, a2, 13
core   0: 3 0x80001878 (0x00d65b93) x23 0x00000000
core   0: 0x8000187c (0x0154f333) and     t1, s1, s5
core   0: 3 0x8000187c (0x0154f333) x6  0x00000000
core   0: 0x80001880 (0x01912c33) slt     s8, sp, s9
core   0: 3 0x80001880 (0x01912c33) x24 0x00000000
core   0: 0x80001884 (0x01840fb3) add     t6, s0, s8
core   0: 3 0x80001884 (0x01840fb3) x31 0x00000000
core   0: 0x80001888 (0x00b9e433) or      s0, s3, a1
core   0: 3 0x80001888 (0x00b9e433) x8  0x0000000f
core   0: 0x8000188c (0x3221fb97) auipc   s7, 0x3221f
core   0: 3 0x8000188c (0x3221fb97) x23 0xb222088c
core   0: 0x80001890 (0x01f323b3) slt     t2, t1, t6
core   0: 3 0x80001890 (0x01f323b3) x7  0x00000000
core   0: 0x80001894 (0x005ef633) and     a2, t4, t0
core   0: 3 0x80001894 (0x005ef633) x12 0x00000000
core   0: 0x80001898 (0x007dfbb3) and     s7, s11, t2
core   0: 3 0x80001898 (0x007dfbb3) x23 0x00000000
core   0: 0x8000189c (0xbf6d2593) slti    a1, s10, -1034
core   0: 3 0x8000189c (0xbf6d2593) x11 0x00000000
core   0: 0x800018a0 (0x01f355b3) srl     a1, t1, t6
core   0: 3 0x800018a0 (0x01f355b3) x11 0x00000000
core   0: 0x800018a4 (0x40e9dcb3) sra     s9, s3, a4
core   0: 3 0x800018a4 (0x40e9dcb3) x25 0x00000000
core   0: 0x800018a8 (0x006bca33) xor     s4, s7, t1
core   0: 3 0x800018a8 (0x006bca33) x20 0x00000000
core   0: 0x800018ac (0xec3f0497) auipc   s1, 0xec3f0
core   0: 3 0x800018ac (0xec3f0497) x9  0x6c3f18ac
core   0: 0x800018b0 (0x00269093) slli    ra, a3, 2
core   0: 3 0x800018b0 (0x00269093) x1  0xa8bc0398
core   0: 0x800018b4 (0x414357b3) sra     a5, t1, s4
core   0: 3 0x800018b4 (0x414357b3) x15 0x00000000
core   0: 0x800018b8 (0x9ba14313) xori    t1, sp, -1606
core   0: 3 0x800018b8 (0x9ba14313) x6  0xccfff9ba
core   0: 0x800018bc (0x01f184b3) add     s1, gp, t6
core   0: 3 0x800018bc (0x01f184b3) x9  0x5b9687c8
core   0: 0x800018c0 (0x00000013) nop
core   0: 3 0x800018c0 (0x00000013)
core   0: 0x800018c4 (0x00d79593) slli    a1, a5, 13
core   0: 3 0x800018c4 (0x00d79593) x11 0x00000000
core   0: 0x800018c8 (0x811cb037) lui     zero, 0x811cb
core   0: 3 0x800018c8 (0x811cb037)
core   0: 0x800018cc (0x006e7fb3) and     t6, t3, t1
core   0: 3 0x800018cc (0x006e7fb3) x31 0x00000000
core   0: 0x800018d0 (0x01776fb3) or      t6, a4, s7
core   0: 3 0x800018d0 (0x01776fb3) x31 0x005b9687
core   0: 0x800018d4 (0x01dc5c13) srli    s8, s8, 29
core   0: 3 0x800018d4 (0x01dc5c13) x24 0x00000000
core   0: 0x800018d8 (0x013a9413) slli    s0, s5, 19
core   0: 3 0x800018d8 (0x013a9413) x8  0x00080000
core   0: 0x800018dc (0x0186e2b3) or      t0, a3, s8
core   0: 3 0x800018dc (0x0186e2b3) x5  0xea2f00e6
core   0: 0x800018e0 (0x010918b3) sll     a7, s2, a6
core   0: 3 0x800018e0 (0x010918b3) x17 0x15d0f81c
core   0: 0x800018e4 (0x015264b3) or      s1, tp, s5
core   0: 3 0x800018e4 (0x015264b3) x9  0xa970089b
core   0: 0x800018e8 (0x8b3c7613) andi    a2, s8, -1869
core   0: 3 0x800018e8 (0x8b3c7613) x12 0x00000000
core   0: 0x800018ec (0x01fd84b3) add     s1, s11, t6
core   0: 3 0x800018ec (0x01fd84b3) x9  0x205b9687
core   0: 0x800018f0 (0x0021b0b3) sltu    ra, gp, sp
core   0: 3 0x800018f0 (0x0021b0b3) x1  0x00000000
core   0: 0x800018f4 (0x41f58633) sub     a2, a1, t6
core   0: 3 0x800018f4 (0x41f58633) x12 0xffa46979
core   0: 0x800018f8 (0x40e1d033) sra     zero, gp, a4
core   0: 3 0x800018f8 (0x40e1d033)
core   0: 0x800018fc (0x41635c93) srai    s9, t1, 22
core   0: 3 0x800018fc (0x41635c93) x25 0xffffff33
core   0: 0x80001900 (0x00000013) nop
core   0: 3 0x80001900 (0x00000013)
core   0: 0x80001904 (0x3c033f93) sltiu   t6, t1, 960
core   0: 3 0x80001904 (0x3c033f93) x31 0x00000000
core   0: 0x80001908 (0x013343b3) xor     t2, t1, s3
core   0: 3 0x80001908 (0x013343b3) x7  0xccfff9b5
core   0: 0x8000190c (0x003e58b3) srl     a7, t3, gp
core   0: 3 0x8000190c (0x003e58b3) x17 0x00000000
core   0: 0x80001910 (0xdc434a13) xori    s4, t1, -572
core   0: 3 0x80001910 (0xdc434a13) x20 0x3300047e
core   0: 0x80001914 (0x85ce3a13) sltiu   s4, t3, -1956
core   0: 3 0x80001914 (0x85ce3a13) x20 0x00000001
core   0: 0x80001918 (0x00583d33) sltu    s10, a6, t0
core   0: 3 0x80001918 (0x00583d33) x26 0x00000001
core   0: 0x8000191c (0x010e0833) add     a6, t3, a6
core   0: 3 0x8000191c (0x010e0833) x16 0x00000000
core   0: 0x80001920 (0x00e35bb3) srl     s7, t1, a4
core   0: 3 0x80001920 (0x00e35bb3) x23 0x0199fff3
core   0: 0x80001924 (0x00000013) nop
core   0: 3 0x80001924 (0x00000013)
core   0: 0x80001928 (0x48b40c93) addi    s9, s0, 1163
core   0: 3 0x80001928 (0x48b40c93) x25 0x0008048b
core   0: 0x8000192c (0x41990a33) sub     s4, s2, s9
core   0: 3 0x8000192c (0x41990a33) x20 0x15c8f391
core   0: 0x80001930 (0xb8c83013) sltiu   zero, a6, -1140
core   0: 3 0x80001930 (0xb8c83013)
core   0: 0x80001934 (0x40f6db33) sra     s6, a3, a5
core   0: 3 0x80001934 (0x40f6db33) x22 0xea2f00e6
core   0: 0x80001938 (0x01ff67b3) or      a5, t5, t6
core   0: 3 0x80001938 (0x01ff67b3) x15 0x80018ce4
core   0: 0x8000193c (0xdafd57b7) lui     a5, 0xdafd5
core   0: 3 0x8000193c (0xdafd57b7) x15 0xdafd5000
core   0: 0x80001940 (0x018963b3) or      t2, s2, s8
core   0: 3 0x80001940 (0x018963b3) x7  0x15d0f81c
core   0: 0x80001944 (0x013a1633) sll     a2, s4, s3
core   0: 3 0x80001944 (0x013a1633) x12 0x79c88000
core   0: 0x80001948 (0x403c84b3) sub     s1, s9, gp
core   0: 3 0x80001948 (0x403c84b3) x9  0xa4717cc3
core   0: 0x8000194c (0x01255c33) srl     s8, a0, s2
core   0: 3 0x8000194c (0x01255c33) x24 0x00000008
core   0: 0x80001950 (0x00c01433) sll     s0, zero, a2
core   0: 3 0x80001950 (0x00c01433) x8  0x00000000
core   0: 0x80001954 (0x641ac697) auipc   a3, 0x641ac
core   0: 3 0x80001954 (0x641ac697) x13 0xe41ad954
core   0: 0x80001958 (0x003ef333) and     t1, t4, gp
core   0: 3 0x80001958 (0x003ef333) x6  0x00000000
core   0: 0x8000195c (0x01e35433) srl     s0, t1, t5
core   0: 3 0x8000195c (0x01e35433) x8  0x00000000
core   0: 0x80001960 (0x002762b3) or      t0, a4, sp
core   0: 3 0x80001960 (0x002762b3) x5  0x335b9687
core   0: 0x80001964 (0x0122d8b3) srl     a7, t0, s2
core   0: 3 0x80001964 (0x0122d8b3) x17 0x00000003
core   0: 0x80001968 (0x40ae84b3) sub     s1, t4, a0
core   0: 3 0x80001968 (0x40ae84b3) x9  0x7ffeb19c
core   0: 0x8000196c (0x00f4e333) or      t1, s1, a5
core   0: 3 0x8000196c (0x00f4e333) x6  0xfffff19c
core   0: 0x80001970 (0x415d5313) srai    t1, s10, 21
core   0: 3 0x80001970 (0x415d5313) x6  0x00000000
core   0: 0x80001974 (0x01d5b6b3) sltu    a3, a1, t4
core   0: 3 0x80001974 (0x01d5b6b3) x13 0x00000000
core   0: 0x80001978 (0x2ae24b13) xori    s6, tp, 686
core   0: 3 0x80001978 (0x2ae24b13) x22 0xa9700a34
core   0: 0x8000197c (0x3b880393) addi    t2, a6, 952
core   0: 3 0x8000197c (0x3b880393) x7  0x000003b8
core   0: 0x80001980 (0x011bfe33) and     t3, s7, a7
core   0: 3 0x80001980 (0x011bfe33) x28 0x00000003
core   0: 0x80001984 (0x65938693) addi    a3, t2, 1625
core   0: 3 0x80001984 (0x65938693) x13 0x00000a11
core   0: 0x80001988 (0x83653a17) auipc   s4, 0x83653
core   0: 3 0x80001988 (0x83653a17) x20 0x03654988
core   0: 0x8000198c (0x002dbfb3) sltu    t6, s11, sp
core   0: 3 0x8000198c (0x002dbfb3) x31 0x00000001
core   0: 0x80001990 (0xf16be813) ori     a6, s7, -234
core   0: 3 0x80001990 (0xf16be813) x16 0xfffffff7
core   0: 0x80001994 (0x0201a413) slti    s0, gp, 32
core   0: 3 0x80001994 (0x0201a413) x8  0x00000000
core   0: 0x80001998 (0x000e0eb3) add     t4, t3, zero
core   0: 3 0x80001998 (0x000e0eb3) x29 0x00000003
core   0: 0x8000199c (0xa80ad637) lui     a2, 0xa80ad
core   0: 3 0x8000199c (0xa80ad637) x12 0xa80ad000
core   0: 0x800019a0 (0x0166a433) slt     s0, a3, s6
core   0: 3 0x800019a0 (0x0166a433) x8  0x00000000
core   0: 0x800019a4 (0x00ad91b3) sll     gp, s11, a0
core   0: 3 0x800019a4 (0x00ad91b3) x3  0x00000000
core   0: 0x800019a8 (0xfd7cb213) sltiu   tp, s9, -41
core   0: 3 0x800019a8 (0xfd7cb213) x4  0x00000001
core   0: 0x800019ac (0x013914b3) sll     s1, s2, s3
core   0: 3 0x800019ac (0x013914b3) x9  0x7c0e0000
core   0: 0x800019b0 (0x00e38133) add     sp, t2, a4
core   0: 3 0x800019b0 (0x00e38133) x2  0x005b9a3f
core   0: 0x800019b4 (0xe65c6013) ori     zero, s8, -411
core   0: 3 0x800019b4 (0xe65c6013)
core   0: 0x800019b8 (0x01188633) add     a2, a7, a7
core   0: 3 0x800019b8 (0x01188633) x12 0x00000006
core   0: 0x800019bc (0x01ea5b13) srli    s6, s4, 30
core   0: 3 0x800019bc (0x01ea5b13) x22 0x00000000
core   0: 0x800019c0 (0x0092c233) xor     tp, t0, s1
core   0: 3 0x800019c0 (0x0092c233) x4  0x4f559687
core   0: 0x800019c4 (0x00dc5a33) srl     s4, s8, a3
core   0: 3 0x800019c4 (0x00dc5a33) x20 0x00000000
core   0: 0x800019c8 (0x00000013) nop
core   0: 3 0x800019c8 (0x00000013)
core   0: 0x800019cc (0x0111ab33) slt     s6, gp, a7
core   0: 3 0x800019cc (0x0111ab33) x22 0x00000001
core   0: 0x800019d0 (0x03bd3097) auipc   ra, 0x3bd3
core   0: 3 0x800019d0 (0x03bd3097) x1  0x83bd49d0
core   0: 0x800019d4 (0x01091c13) slli    s8, s2, 16
core   0: 3 0x800019d4 (0x01091c13) x24 0xf81c0000
core   0: 0x800019d8 (0x01e35813) srli    a6, t1, 30
core   0: 3 0x800019d8 (0x01e35813) x16 0x00000000
core   0: 0x800019dc (0x0003c3b3) xor     t2, t2, zero
core   0: 3 0x800019dc (0x0003c3b3) x7  0x000003b8
core   0: 0x800019e0 (0x01065a93) srli    s5, a2, 16
core   0: 3 0x800019e0 (0x01065a93) x21 0x00000000
core   0: 0x800019e4 (0x00000013) nop
core   0: 3 0x800019e4 (0x00000013)
core   0: 0x800019e8 (0x4133d093) srai    ra, t2, 19
core   0: 3 0x800019e8 (0x4133d093) x1  0x00000000
core   0: 0x800019ec (0x01804333) xor     t1, zero, s8
core   0: 3 0x800019ec (0x01804333) x6  0xf81c0000
core   0: 0x800019f0 (0x01d331b3) sltu    gp, t1, t4
core   0: 3 0x800019f0 (0x01d331b3) x3  0x00000000
core   0: 0x800019f4 (0x41ccd7b3) sra     a5, s9, t3
core   0: 3 0x800019f4 (0x41ccd7b3) x15 0x00010091
core   0: 0x800019f8 (0x01c0ed33) or      s10, ra, t3
core   0: 3 0x800019f8 (0x01c0ed33) x26 0x00000003
core   0: 0x800019fc (0x00000013) nop
core   0: 3 0x800019fc (0x00000013)
core   0: 0x80001a00 (0x00000013) nop
core   0: 3 0x80001a00 (0x00000013)
core   0: 0x80001a04 (0x0198c633) xor     a2, a7, s9
core   0: 3 0x80001a04 (0x0198c633) x12 0x00080488
core   0: 0x80001a08 (0x0123fc33) and     s8, t2, s2
core   0: 3 0x80001a08 (0x0123fc33) x24 0x00000018
core   0: 0x80001a0c (0x0071b033) sltu    zero, gp, t2
core   0: 3 0x80001a0c (0x0071b033)
core   0: 0x80001a10 (0x40305913) srai    s2, zero, 3
core   0: 3 0x80001a10 (0x40305913) x18 0x00000000
core   0: 0x80001a14 (0x49ae6713) ori     a4, t3, 1178
core   0: 3 0x80001a14 (0x49ae6713) x14 0x0000049b
core   0: 0x80001a18 (0xb4af6f93) ori     t6, t5, -1206
core   0: 3 0x80001a18 (0xb4af6f93) x31 0xffffffee
core   0: 0x80001a1c (0x015ece33) xor     t3, t4, s5
core   0: 3 0x80001a1c (0x015ece33) x28 0x00000003
core   0: 0x80001a20 (0x534fe837) lui     a6, 0x534fe
core   0: 3 0x80001a20 (0x534fe837) x16 0x534fe000
core   0: 0x80001a24 (0xde1fae13) slti    t3, t6, -543
core   0: 3 0x80001a24 (0xde1fae13) x28 0x00000000
core   0: 0x80001a28 (0x40625d13) srai    s10, tp, 6
core   0: 3 0x80001a28 (0x40625d13) x26 0x013d565a
core   0: 0x80001a2c (0x00000013) nop
core   0: 3 0x80001a2c (0x00000013)
core   0: 0x80001a30 (0x4065d5b3) sra     a1, a1, t1
core   0: 3 0x80001a30 (0x4065d5b3) x11 0x00000000
core   0: 0x80001a34 (0x01cc9d93) slli    s11, s9, 28
core   0: 3 0x80001a34 (0x01cc9d93) x27 0xb0000000
core   0: 0x80001a38 (0x00d5a3b3) slt     t2, a1, a3
core   0: 3 0x80001a38 (0x00d5a3b3) x7  0x00000001
core   0: 0x80001a3c (0x40e25913) srai    s2, tp, 14
core   0: 3 0x80001a3c (0x40e25913) x18 0x00013d56
core   0: 0x80001a40 (0x5f10e613) ori     a2, ra, 1521
core   0: 3 0x80001a40 (0x5f10e613) x12 0x000005f1
core   0: 0x80001a44 (0x7cf36493) ori     s1, t1, 1999
core   0: 3 0x80001a44 (0x7cf36493) x9  0xf81c07cf
core   0: 0x80001a48 (0x0134e633) or      a2, s1, s3
core   0: 3 0x80001a48 (0x0134e633) x12 0xf81c07cf
core   0: 0x80001a4c (0x35c14737) lui     a4, 0x35c14
core   0: 3 0x80001a4c (0x35c14737) x14 0x35c14000
core   0: 0x80001a50 (0xc7715f97) auipc   t6, 0xc7715
core   0: 3 0x80001a50 (0xc7715f97) x31 0x47716a50
core   0: 0x80001a54 (0xd6728613) addi    a2, t0, -665
core   0: 3 0x80001a54 (0xd6728613) x12 0x335b93ee
core   0: 0x80001a58 (0x4e845f97) auipc   t6, 0x4e845
core   0: 3 0x80001a58 (0x4e845f97) x31 0xce846a58
core   0: 0x80001a5c (0x41da5293) srai    t0, s4, 29
core   0: 3 0x80001a5c (0x41da5293) x5  0x00000000
core   0: 0x80001a60 (0x00000013) nop
core   0: 3 0x80001a60 (0x00000013)
core   0: 0x80001a64 (0x4f697d13) andi    s10, s2, 1270
core   0: 3 0x80001a64 (0x4f697d13) x26 0x00000456
core   0: 0x80001a68 (0x01b08fb3) add     t6, ra, s11
core   0: 3 0x80001a68 (0x01b08fb3) x31 0xb0000000
core   0: 0x80001a6c (0x012b0e33) add     t3, s6, s2
core   0: 3 0x80001a6c (0x012b0e33) x28 0x00013d57
core   0: 0x80001a70 (0x00372933) slt     s2, a4, gp
core   0: 3 0x80001a70 (0x00372933) x18 0x00000000
core   0: 0x80001a74 (0x00510433) add     s0, sp, t0
core   0: 3 0x80001a74 (0x00510433) x8  0x005b9a3f
core   0: 0x80001a78 (0x01e491b3) sll     gp, s1, t5
core   0: 3 0x80001a78 (0x01e491b3) x3  0x81c07cf0
core   0: 0x80001a7c (0x009927b3) slt     a5, s2, s1
core   0: 3 0x80001a7c (0x009927b3) x15 0x00000000
core   0: 0x80001a80 (0x595fc393) xori    t2, t6, 1429
core   0: 3 0x80001a80 (0x595fc393) x7  0xb0000595
core   0: 0x80001a84 (0x40e8d6b3) sra     a3, a7, a4
core   0: 3 0x80001a84 (0x40e8d6b3) x13 0x00000003
core   0: 0x80001a88 (0x4147d633) sra     a2, a5, s4
core   0: 3 0x80001a88 (0x4147d633) x12 0x00000000
core   0: 0x80001a8c (0x00000013) nop
core   0: 3 0x80001a8c (0x00000013)
core   0: 0x80001a90 (0x00522fb3) slt     t6, tp, t0
core   0: 3 0x80001a90 (0x00522fb3) x31 0x00000000
core   0: 0x80001a94 (0x015a47b3) xor     a5, s4, s5
core   0: 3 0x80001a94 (0x015a47b3) x15 0x00000000
core   0: 0x80001a98 (0x002243b3) xor     t2, tp, sp
core   0: 3 0x80001a98 (0x002243b3) x7  0x4f0e0cb8
core   0: 0x80001a9c (0x00000013) nop
core   0: 3 0x80001a9c (0x00000013)
core   0: 0x80001aa0 (0x00a89793) slli    a5, a7, 10
core   0: 3 0x80001aa0 (0x00a89793) x15 0x00000c00
core   0: 0x80001aa4 (0x12bacb13) xori    s6, s5, 299
core   0: 3 0x80001aa4 (0x12bacb13) x22 0x0000012b
core   0: 0x80001aa8 (0x018567b3) or      a5, a0, s8
core   0: 3 0x80001aa8 (0x018567b3) x15 0x80014e7c
core   0: 0x80001aac (0x00000013) nop
core   0: 3 0x80001aac (0x00000013)
core   0: 0x80001ab0 (0x00107933) and     s2, zero, ra
core   0: 3 0x80001ab0 (0x00107933) x18 0x00000000
core   0: 0x80001ab4 (0x41f5dcb3) sra     s9, a1, t6
core   0: 3 0x80001ab4 (0x41f5dcb3) x25 0x00000000
core   0: 0x80001ab8 (0x41f6d2b3) sra     t0, a3, t6
core   0: 3 0x80001ab8 (0x41f6d2b3) x5  0x00000003
core   0: 0x80001abc (0x5fc28c93) addi    s9, t0, 1532
core   0: 3 0x80001abc (0x5fc28c93) x25 0x000005ff
core   0: 0x80001ac0 (0x7ffbe793) ori     a5, s7, 2047
core   0: 3 0x80001ac0 (0x7ffbe793) x15 0x0199ffff
core   0: 0x80001ac4 (0x00a9bab3) sltu    s5, s3, a0
core   0: 3 0x80001ac4 (0x00a9bab3) x21 0x00000001
core   0: 0x80001ac8 (0x00a754b3) srl     s1, a4, a0
core   0: 3 0x80001ac8 (0x00a754b3) x9  0x035c1400
core   0: 0x80001acc (0x9aff0a17) auipc   s4, 0x9aff0
core   0: 3 0x80001acc (0x9aff0a17) x20 0x1aff1acc
core   0: 0x80001ad0 (0x0007c833) xor     a6, a5, zero
core   0: 3 0x80001ad0 (0x0007c833) x16 0x0199ffff
core   0: 0x80001ad4 (0x00cdd033) srl     zero, s11, a2
core   0: 3 0x80001ad4 (0x00cdd033)
core   0: 0x80001ad8 (0x0191db33) srl     s6, gp, s9
core   0: 3 0x80001ad8 (0x0191db33) x22 0x00000001
core   0: 0x80001adc (0x94412493) slti    s1, sp, -1724
core   0: 3 0x80001adc (0x94412493) x9  0x00000000
core   0: 0x80001ae0 (0x01a31b13) slli    s6, t1, 26
core   0: 3 0x80001ae0 (0x01a31b13) x22 0x00000000
core   0: 0x80001ae4 (0x0048bdb3) sltu    s11, a7, tp
core   0: 3 0x80001ae4 (0x0048bdb3) x27 0x00000001
core   0: 0x80001ae8 (0x016681b3) add     gp, a3, s6
core   0: 3 0x80001ae8 (0x016681b3) x3  0x00000003
core   0: 0x80001aec (0x0075b5b3) sltu    a1, a1, t2
core   0: 3 0x80001aec (0x0075b5b3) x11 0x00000001
core   0: 0x80001af0 (0x00761113) slli    sp, a2, 7
core   0: 3 0x80001af0 (0x00761113) x2  0x00000000
core   0: 0x80001af4 (0x907b6a93) ori     s5, s6, -1785
core   0: 3 0x80001af4 (0x907b6a93) x21 0xfffff907
core   0: 0x80001af8 (0x00f99413) slli    s0, s3, 15
core   0: 3 0x80001af8 (0x00f99413) x8  0x00078000
core   0: 0x80001afc (0x01a0d7b3) srl     a5, ra, s10
core   0: 3 0x80001afc (0x01a0d7b3) x15 0x00000000
core   0: 0x80001b00 (0x2123b193) sltiu   gp, t2, 530
core   0: 3 0x80001b00 (0x2123b193) x3  0x00000000
core   0: 0x80001b04 (0x652f3e93) sltiu   t4, t5, 1618
core   0: 3 0x80001b04 (0x652f3e93) x29 0x00000000
core   0: 0x80001b08 (0x41c45d33) sra     s10, s0, t3
core   0: 3 0x80001b08 (0x41c45d33) x26 0x00000000
core   0: 0x80001b0c (0x0149c333) xor     t1, s3, s4
core   0: 3 0x80001b0c (0x0149c333) x6  0x1aff1ac3
core   0: 0x80001b10 (0x00dcda33) srl     s4, s9, a3
core   0: 3 0x80001b10 (0x00dcda33) x20 0x000000bf
core   0: 0x80001b14 (0x4b948a13) addi    s4, s1, 1209
core   0: 3 0x80001b14 (0x4b948a13) x20 0x000004b9
core   0: 0x80001b18 (0xa4b66a13) ori     s4, a2, -1461
core   0: 3 0x80001b18 (0xa4b66a13) x20 0xfffffa4b
core   0: 0x80001b1c (0x006b02b3) add     t0, s6, t1
core   0: 3 0x80001b1c (0x006b02b3) x5  0x1aff1ac3
core   0: 0x80001b20 (0x002968b3) or      a7, s2, sp
core   0: 3 0x80001b20 (0x002968b3) x17 0x00000000
core   0: 0x80001b24 (0x40d8d793) srai    a5, a7, 13
core   0: 3 0x80001b24 (0x40d8d793) x15 0x00000000
core   0: 0x80001b28 (0x4004d4b3) sra     s1, s1, zero
core   0: 3 0x80001b28 (0x4004d4b3) x9  0x00000000
core   0: 0x80001b2c (0x007738b3) sltu    a7, a4, t2
core   0: 3 0x80001b2c (0x007738b3) x17 0x00000001
core   0: 0x80001b30 (0x01bdfe13) andi    t3, s11, 27
core   0: 3 0x80001b30 (0x01bdfe13) x28 0x00000001
core   0: 0x80001b34 (0x08d73e93) sltiu   t4, a4, 141
core   0: 3 0x80001b34 (0x08d73e93) x29 0x00000000
core   0: 0x80001b38 (0x014270b3) and     ra, tp, s4
core   0: 3 0x80001b38 (0x014270b3) x1  0x4f559203
core   0: 0x80001b3c (0x00a1d113) srli    sp, gp, 10
core   0: 3 0x80001b3c (0x00a1d113) x2  0x00000000
core   0: 0x80001b40 (0x41195eb3) sra     t4, s2, a7
core   0: 3 0x80001b40 (0x41195eb3) x29 0x00000000
core   0: 0x80001b44 (0x012f1f93) slli    t6, t5, 18
core   0: 3 0x80001b44 (0x012f1f93) x31 0x33900000
core   0: 0x80001b48 (0x4146d933) sra     s2, a3, s4
core   0: 3 0x80001b48 (0x4146d933) x18 0x00000000
core   0: 0x80001b4c (0x000785b3) add     a1, a5, zero
core   0: 3 0x80001b4c (0x000785b3) x11 0x00000000
core   0: 0x80001b50 (0xa1c6b293) sltiu   t0, a3, -1508
core   0: 3 0x80001b50 (0xa1c6b293) x5  0x00000001
core   0: 0x80001b54 (0xb4fda113) slti    sp, s11, -1201
core   0: 3 0x80001b54 (0xb4fda113) x2  0x00000000
core   0: 0x80001b58 (0x01b9ae33) slt     t3, s3, s11
core   0: 3 0x80001b58 (0x01b9ae33) x28 0x00000000
core   0: 0x80001b5c (0x01755f93) srli    t6, a0, 23
core   0: 3 0x80001b5c (0x01755f93) x31 0x00000100
core   0: 0x80001b60 (0x00851fb3) sll     t6, a0, s0
core   0: 3 0x80001b60 (0x00851fb3) x31 0x80014e64
core   0: 0x80001b64 (0x0154b4b3) sltu    s1, s1, s5
core   0: 3 0x80001b64 (0x0154b4b3) x9  0x00000001
core   0: 0x80001b68 (0x0134d413) srli    s0, s1, 19
core   0: 3 0x80001b68 (0x0134d413) x8  0x00000000
core   0: 0x80001b6c (0x0048f6b3) and     a3, a7, tp
core   0: 3 0x80001b6c (0x0048f6b3) x13 0x00000001
core   0: 0x80001b70 (0x0119fab3) and     s5, s3, a7
core   0: 3 0x80001b70 (0x0119fab3) x21 0x00000001
core   0: 0x80001b74 (0x01f7f233) and     tp, a5, t6
core   0: 3 0x80001b74 (0x01f7f233) x4  0x00000000
core   0: 0x80001b78 (0x009b05b3) add     a1, s6, s1
core   0: 3 0x80001b78 (0x009b05b3) x11 0x00000001
core   0: 0x80001b7c (0x016775b3) and     a1, a4, s6
core   0: 3 0x80001b7c (0x016775b3) x11 0x00000000
core   0: 0x80001b80 (0xe9ce95b7) lui     a1, 0xe9ce9
core   0: 3 0x80001b80 (0xe9ce95b7) x11 0xe9ce9000
core   0: 0x80001b84 (0x40cf8cb3) sub     s9, t6, a2
core   0: 3 0x80001b84 (0x40cf8cb3) x25 0x80014e64
core   0: 0x80001b88 (0x014ed233) srl     tp, t4, s4
core   0: 3 0x80001b88 (0x014ed233) x4  0x00000000
core   0: 0x80001b8c (0x396c8013) addi    zero, s9, 918
core   0: 3 0x80001b8c (0x396c8013)
core   0: 0x80001b90 (0x00000013) nop
core   0: 3 0x80001b90 (0x00000013)
core   0: 0x80001b94 (0x9c22cb37) lui     s6, 0x9c22c
core   0: 3 0x80001b94 (0x9c22cb37) x22 0x9c22c000
core   0: 0x80001b98 (0x01437433) and     s0, t1, s4
core   0: 3 0x80001b98 (0x01437433) x8  0x1aff1a43
core   0: 0x80001b9c (0x01d4aab3) slt     s5, s1, t4
core   0: 3 0x80001b9c (0x01d4aab3) x21 0x00000000
core   0: 0x80001ba0 (0x01c6f633) and     a2, a3, t3
core   0: 3 0x80001ba0 (0x01c6f633) x12 0x00000000
core   0: 0x80001ba4 (0x52d3b193) sltiu   gp, t2, 1325
core   0: 3 0x80001ba4 (0x52d3b193) x3  0x00000000
core   0: 0x80001ba8 (0xb31658b7) lui     a7, 0xb3165
core   0: 3 0x80001ba8 (0xb31658b7) x17 0xb3165000
core   0: 0x80001bac (0x414682b3) sub     t0, a3, s4
core   0: 3 0x80001bac (0x414682b3) x5  0x000005b6
core   0: 0x80001bb0 (0x69c80337) lui     t1, 0x69c80
core   0: 3 0x80001bb0 (0x69c80337) x6  0x69c80000
core   0: 0x80001bb4 (0x00000013) nop
core   0: 3 0x80001bb4 (0x00000013)
core   0: 0x80001bb8 (0x00fda433) slt     s0, s11, a5
core   0: 3 0x80001bb8 (0x00fda433) x8  0x00000000
core   0: 0x80001bbc (0x00000013) nop
core   0: 3 0x80001bbc (0x00000013)
core   0: 0x80001bc0 (0x00dd5e93) srli    t4, s10, 13
core   0: 3 0x80001bc0 (0x00dd5e93) x29 0x00000000
core   0: 0x80001bc4 (0x0189c4b3) xor     s1, s3, s8
core   0: 3 0x80001bc4 (0x0189c4b3) x9  0x00000017
core   0: 0x80001bc8 (0x0056e3b3) or      t2, a3, t0
core   0: 3 0x80001bc8 (0x0056e3b3) x7  0x000005b7
core   0: 0x80001bcc (0x00000013) nop
core   0: 3 0x80001bcc (0x00000013)
core   0: 0x80001bd0 (0x00000013) nop
core   0: 3 0x80001bd0 (0x00000013)
core   0: 0x80001bd4 (0x91befe93) andi    t4, t4, -1765
core   0: 3 0x80001bd4 (0x91befe93) x29 0x00000000
core   0: 0x80001bd8 (0x01bfedb3) or      s11, t6, s11
core   0: 3 0x80001bd8 (0x01bfedb3) x27 0x80014e65
core   0: 0x80001bdc (0x3a297c93) andi    s9, s2, 930
core   0: 3 0x80001bdc (0x3a297c93) x25 0x00000000
core   0: 0x80001be0 (0x005e3fb3) sltu    t6, t3, t0
core   0: 3 0x80001be0 (0x005e3fb3) x31 0x00000001
core   0: 0x80001be4 (0x009ed2b3) srl     t0, t4, s1
core   0: 3 0x80001be4 (0x009ed2b3) x5  0x00000000
core   0: 0x80001be8 (0x402f8db3) sub     s11, t6, sp
core   0: 3 0x80001be8 (0x402f8db3) x27 0x00000001
core   0: 0x80001bec (0x11860c93) addi    s9, a2, 280
core   0: 3 0x80001bec (0x11860c93) x25 0x00000118
core   0: 0x80001bf0 (0x73337d13) andi    s10, t1, 1843
core   0: 3 0x80001bf0 (0x73337d13) x26 0x00000000
core   0: 0x80001bf4 (0x40fe3213) sltiu   tp, t3, 1039
core   0: 3 0x80001bf4 (0x40fe3213) x4  0x00000001
core   0: 0x80001bf8 (0xda4aa293) slti    t0, s5, -604
core   0: 3 0x80001bf8 (0xda4aa293) x5  0x00000000
core   0: 0x80001bfc (0x791b2413) slti    s0, s6, 1937
core   0: 3 0x80001bfc (0x791b2413) x8  0x00000001
core   0: 0x80001c00 (0x0079e633) or      a2, s3, t2
core   0: 3 0x80001c00 (0x0079e633) x12 0x000005bf
core   0: 0x80001c04 (0x41c85033) sra     zero, a6, t3
core   0: 3 0x80001c04 (0x41c85033)
core   0: 0x80001c08 (0x00e1fdb3) and     s11, gp, a4
core   0: 3 0x80001c08 (0x00e1fdb3) x27 0x00000000
core   0: 0x80001c0c (0x409b02b3) sub     t0, s6, s1
core   0: 3 0x80001c0c (0x409b02b3) x5  0x9c22bfe9
core   0: 0x80001c10 (0x210de393) ori     t2, s11, 528
core   0: 3 0x80001c10 (0x210de393) x7  0x00000210
core   0: 0x80001c14 (0x41c403b3) sub     t2, s0, t3
core   0: 3 0x80001c14 (0x41c403b3) x7  0x00000001
core   0: 0x80001c18 (0x00964833) xor     a6, a2, s1
core   0: 3 0x80001c18 (0x00964833) x16 0x000005a8
core   0: 0x80001c1c (0xe8d04193) xori    gp, zero, -371
core   0: 3 0x80001c1c (0xe8d04193) x3  0xfffffe8d
core   0: 0x80001c20 (0x01717ab3) and     s5, sp, s7
core   0: 3 0x80001c20 (0x01717ab3) x21 0x00000000
core   0: 0x80001c24 (0x381d26b7) lui     a3, 0x381d2
core   0: 3 0x80001c24 (0x381d26b7) x13 0x381d2000
core   0: 0x80001c28 (0x019138b3) sltu    a7, sp, s9
core   0: 3 0x80001c28 (0x019138b3) x17 0x00000001
core   0: 0x80001c2c (0x4eabfa13) andi    s4, s7, 1258
core   0: 3 0x80001c2c (0x4eabfa13) x20 0x000004e2
core   0: 0x80001c30 (0x41c55913) srai    s2, a0, 28
core   0: 3 0x80001c30 (0x41c55913) x18 0xfffffff8
core   0: 0x80001c34 (0x00f10033) add     zero, sp, a5
core   0: 3 0x80001c34 (0x00f10033)
core   0: 0x80001c38 (0x01657933) and     s2, a0, s6
core   0: 3 0x80001c38 (0x01657933) x18 0x80004000
core   0: 0x80001c3c (0x131b4893) xori    a7, s6, 305
core   0: 3 0x80001c3c (0x131b4893) x17 0x9c22c131
core   0: 0x80001c40 (0x24d95a37) lui     s4, 0x24d95
core   0: 3 0x80001c40 (0x24d95a37) x20 0x24d95000
core   0: 0x80001c44 (0x00fbde13) srli    t3, s7, 15
core   0: 3 0x80001c44 (0x00fbde13) x28 0x00000333
core   0: 0x80001c48 (0xa8bb8593) addi    a1, s7, -1397
core   0: 3 0x80001c48 (0xa8bb8593) x11 0x0199fa7e
core   0: 0x80001c4c (0x00ba1193) slli    gp, s4, 11
core   0: 3 0x80001c4c (0x00ba1193) x3  0xca800000
core   0: 0x80001c50 (0x23a9bf93) sltiu   t6, s3, 570
core   0: 3 0x80001c50 (0x23a9bf93) x31 0x00000001
core   0: 0x80001c54 (0x00f89233) sll     tp, a7, a5
core   0: 3 0x80001c54 (0x00f89233) x4  0x9c22c131
core   0: 0x80001c58 (0x00b28833) add     a6, t0, a1
core   0: 3 0x80001c58 (0x00b28833) x16 0x9dbcba67
core   0: 0x80001c5c (0x290f3a13) sltiu   s4, t5, 656
core   0: 3 0x80001c5c (0x290f3a13) x20 0x00000000
core   0: 0x80001c60 (0x323dcc93) xori    s9, s11, 803
core   0: 3 0x80001c60 (0x323dcc93) x25 0x00000323
core   0: 0x80001c64 (0x25884713) xori    a4, a6, 600
core   0: 3 0x80001c64 (0x25884713) x14 0x9dbcb83f
core   0: 0x80001c68 (0xe11ab117) auipc   sp, 0xe11ab
core   0: 3 0x80001c68 (0xe11ab117) x2  0x611acc68
core   0: 0x80001c6c (0x004ebc33) sltu    s8, t4, tp
core   0: 3 0x80001c6c (0x004ebc33) x24 0x00000001
core   0: 0x80001c70 (0x015c7d33) and     s10, s8, s5
core   0: 3 0x80001c70 (0x015c7d33) x26 0x00000000
core   0: 0x80001c74 (0x00311b33) sll     s6, sp, gp
core   0: 3 0x80001c74 (0x00311b33) x22 0x611acc68
core   0: 0x80001c78 (0x00000013) nop
core   0: 3 0x80001c78 (0x00000013)
core   0: 0x80001c7c (0x019714b3) sll     s1, a4, s9
core   0: 3 0x80001c7c (0x019714b3) x9  0xede5c1f8
core   0: 0x80001c80 (0x34a4fd93) andi    s11, s1, 842
core   0: 3 0x80001c80 (0x34a4fd93) x27 0x00000148
core   0: 0x80001c84 (0x6408ed97) auipc   s11, 0x6408e
core   0: 3 0x80001c84 (0x6408ed97) x27 0xe408fc84
core   0: 0x80001c88 (0x62ab6a93) ori     s5, s6, 1578
core   0: 3 0x80001c88 (0x62ab6a93) x21 0x611ace6a
core   0: 0x80001c8c (0x0022bab3) sltu    s5, t0, sp
core   0: 3 0x80001c8c (0x0022bab3) x21 0x00000000
core   0: 0x80001c90 (0x00000013) nop
core   0: 3 0x80001c90 (0x00000013)
core   0: 0x80001c94 (0x8f1ae293) ori     t0, s5, -1807
core   0: 3 0x80001c94 (0x8f1ae293) x5  0xfffff8f1
core   0: 0x80001c98 (0x7f8eff93) andi    t6, t4, 2040
core   0: 3 0x80001c98 (0x7f8eff93) x31 0x00000000
core   0: 0x80001c9c (0x00ee4db3) xor     s11, t3, a4
core   0: 3 0x80001c9c (0x00ee4db3) x27 0x9dbcbb0c
core   0: 0x80001ca0 (0xfc2180b7) lui     ra, 0xfc218
core   0: 3 0x80001ca0 (0xfc2180b7) x1  0xfc218000
core   0: 0x80001ca4 (0x006b40b3) xor     ra, s6, t1
core   0: 3 0x80001ca4 (0x006b40b3) x1  0x08d2cc68
core   0: 0x80001ca8 (0x00e7a2b3) slt     t0, a5, a4
core   0: 3 0x80001ca8 (0x00e7a2b3) x5  0x00000000
core   0: 0x80001cac (0x012b5833) srl     a6, s6, s2
core   0: 3 0x80001cac (0x012b5833) x16 0x611acc68
core   0: 0x80001cb0 (0x2cfe6197) auipc   gp, 0x2cfe6
core   0: 3 0x80001cb0 (0x2cfe6197) x3  0xacfe7cb0
core   0: 0x80001cb4 (0x00222333) slt     t1, tp, sp
core   0: 3 0x80001cb4 (0x00222333) x6  0x00000001
core   0: 0x80001cb8 (0x01468b33) add     s6, a3, s4
core   0: 3 0x80001cb8 (0x01468b33) x22 0x381d2000
core   0: 0x80001cbc (0x4ea58293) addi    t0, a1, 1258
core   0: 3 0x80001cbc (0x4ea58293) x5  0x0199ff68
core   0: 0x80001cc0 (0x41ec5b33) sra     s6, s8, t5
core   0: 3 0x80001cc0 (0x41ec5b33) x22 0x00000000
core   0: 0x80001cc4 (0xe6992193) slti    gp, s2, -407
core   0: 3 0x80001cc4 (0xe6992193) x3  0x00000001
core   0: 0x80001cc8 (0x007146b3) xor     a3, sp, t2
core   0: 3 0x80001cc8 (0x007146b3) x13 0x611acc69
core   0: 0x80001ccc (0x002f4ab3) xor     s5, t5, sp
core   0: 3 0x80001ccc (0x002f4ab3) x21 0xe11b408c
core   0: 0x80001cd0 (0x00000013) nop
core   0: 3 0x80001cd0 (0x00000013)
core   0: 0x80001cd4 (0xb2f5b393) sltiu   t2, a1, -1233
core   0: 3 0x80001cd4 (0xb2f5b393) x7  0x00000001
core   0: 0x80001cd8 (0x00405c93) srli    s9, zero, 4
core   0: 3 0x80001cd8 (0x00405c93) x25 0x00000000
core   0: 0x80001cdc (0x71d0dc97) auipc   s9, 0x71d0d
core   0: 3 0x80001cdc (0x71d0dc97) x25 0xf1d0ecdc
core   0: 0x80001ce0 (0x009d00b3) add     ra, s10, s1
core   0: 3 0x80001ce0 (0x009d00b3) x1  0xede5c1f8
core   0: 0x80001ce4 (0x0018ddb3) srl     s11, a7, ra
core   0: 3 0x80001ce4 (0x0018ddb3) x27 0x0000009c
core   0: 0x80001ce8 (0x4191d693) srai    a3, gp, 25
core   0: 3 0x80001ce8 (0x4191d693) x13 0x00000000
core   0: 0x80001cec (0x00000013) nop
core   0: 3 0x80001cec (0x00000013)
core   0: 0x80001cf0 (0x00000013) nop
core   0: 3 0x80001cf0 (0x00000013)
core   0: 0x80001cf4 (0x01629733) sll     a4, t0, s6
core   0: 3 0x80001cf4 (0x01629733) x14 0x0199ff68
core   0: 0x80001cf8 (0x018f1d93) slli    s11, t5, 24
core   0: 3 0x80001cf8 (0x018f1d93) x27 0xe4000000
core   0: 0x80001cfc (0xf6f38313) addi    t1, t2, -145
core   0: 3 0x80001cfc (0xf6f38313) x6  0xffffff70
core   0: 0x80001d00 (0x00089013) slli    zero, a7, 0
core   0: 3 0x80001d00 (0x00089013)
core   0: 0x80001d04 (0x88013b93) sltiu   s7, sp, -1920
core   0: 3 0x80001d04 (0x88013b93) x23 0x00000001
core   0: 0x80001d08 (0x00fc60b3) or      ra, s8, a5
core   0: 3 0x80001d08 (0x00fc60b3) x1  0x00000001
core   0: 0x80001d0c (0x00881f93) slli    t6, a6, 8
core   0: 3 0x80001d0c (0x00881f93) x31 0x1acc6800
core   0: 0x80001d10 (0x2d5ecc13) xori    s8, t4, 725
core   0: 3 0x80001d10 (0x2d5ecc13) x24 0x000002d5
core   0: 0x80001d14 (0x007fe7b3) or      a5, t6, t2
core   0: 3 0x80001d14 (0x007fe7b3) x15 0x1acc6801
core   0: 0x80001d18 (0x0e72b913) sltiu   s2, t0, 231
core   0: 3 0x80001d18 (0x0e72b913) x18 0x00000000
core   0: 0x80001d1c (0x0010e6b3) or      a3, ra, ra
core   0: 3 0x80001d1c (0x0010e6b3) x13 0x00000001
core   0: 0x80001d20 (0x8b8d2293) slti    t0, s10, -1864
core   0: 3 0x80001d20 (0x8b8d2293) x5  0x00000000
core   0: 0x80001d24 (0x0041ea33) or      s4, gp, tp
core   0: 3 0x80001d24 (0x0041ea33) x20 0x9c22c131
core   0: 0x80001d28 (0xf6903ab7) lui     s5, 0xf6903
core   0: 3 0x80001d28 (0xf6903ab7) x21 0xf6903000
core   0: 0x80001d2c (0xce982093) slti    ra, a6, -791
core   0: 3 0x80001d2c (0xce982093) x1  0x00000000
core   0: 0x80001d30 (0x002f51b3) srl     gp, t5, sp
core   0: 3 0x80001d30 (0x002f51b3) x3  0x0080018c
core   0: 0x80001d34 (0x28464493) xori    s1, a2, 644
core   0: 3 0x80001d34 (0x28464493) x9  0x0000073b
core   0: 0x80001d38 (0x004113b3) sll     t2, sp, tp
core   0: 3 0x80001d38 (0x004113b3) x7  0x98d00000
core   0: 0x80001d3c (0x40295b33) sra     s6, s2, sp
core   0: 3 0x80001d3c (0x40295b33) x22 0x00000000
core   0: 0x80001d40 (0x7b930a13) addi    s4, t1, 1977
core   0: 3 0x80001d40 (0x7b930a13) x20 0x00000729
core   0: 0x80001d44 (0x00c1d813) srli    a6, gp, 12
core   0: 3 0x80001d44 (0x00c1d813) x16 0x00000800
core   0: 0x80001d48 (0x01193c33) sltu    s8, s2, a7
core   0: 3 0x80001d48 (0x01193c33) x24 0x00000001
core   0: 0x80001d4c (0x006efc33) and     s8, t4, t1
core   0: 3 0x80001d4c (0x006efc33) x24 0x00000000
core   0: 0x80001d50 (0x0164ac33) slt     s8, s1, s6
core   0: 3 0x80001d50 (0x0164ac33) x24 0x00000000
core   0: 0x80001d54 (0x7530a113) slti    sp, ra, 1875
core   0: 3 0x80001d54 (0x7530a113) x2  0x00000001
core   0: 0x80001d58 (0x79d3ff93) andi    t6, t2, 1949
core   0: 3 0x80001d58 (0x79d3ff93) x31 0x00000000
core   0: 0x80001d5c (0x0043fe33) and     t3, t2, tp
core   0: 3 0x80001d5c (0x0043fe33) x28 0x98000000
core   0: 0x80001d60 (0x1d10c313) xori    t1, ra, 465
core   0: 3 0x80001d60 (0x1d10c313) x6  0x000001d1
core   0: 0x80001d64 (0x41c60e33) sub     t3, a2, t3
core   0: 3 0x80001d64 (0x41c60e33) x28 0x680005bf
core   0: 0x80001d68 (0x013bf0b3) and     ra, s7, s3
core   0: 3 0x80001d68 (0x013bf0b3) x1  0x00000001
core   0: 0x80001d6c (0x00855a33) srl     s4, a0, s0
core   0: 3 0x80001d6c (0x00855a33) x20 0x4000a732
core   0: 0x80001d70 (0x5f23ce93) xori    t4, t2, 1522
core   0: 3 0x80001d70 (0x5f23ce93) x29 0x98d005f2
core   0: 0x80001d74 (0x00b69db3) sll     s11, a3, a1
core   0: 3 0x80001d74 (0x00b69db3) x27 0x40000000
core   0: 0x80001d78 (0x01438e33) add     t3, t2, s4
core   0: 3 0x80001d78 (0x01438e33) x28 0xd8d0a732
core   0: 0x80001d7c (0xce8af937) lui     s2, 0xce8af
core   0: 3 0x80001d7c (0xce8af937) x18 0xce8af000
core   0: 0x80001d80 (0x0100d4b3) srl     s1, ra, a6
core   0: 3 0x80001d80 (0x0100d4b3) x9  0x00000001
core   0: 0x80001d84 (0xcd6a6ab7) lui     s5, 0xcd6a6
core   0: 3 0x80001d84 (0xcd6a6ab7) x21 0xcd6a6000
core   0: 0x80001d88 (0x00d81a33) sll     s4, a6, a3
core   0: 3 0x80001d88 (0x00d81a33) x20 0x00001000
core   0: 0x80001d8c (0x2a5f8393) addi    t2, t6, 677
core   0: 3 0x80001d8c (0x2a5f8393) x7  0x000002a5
core   0: 0x80001d90 (0xa8e46413) ori     s0, s0, -1394
core   0: 3 0x80001d90 (0xa8e46413) x8  0xfffffa8f
core   0: 0x80001d94 (0x00719d33) sll     s10, gp, t2
core   0: 3 0x80001d94 (0x00719d33) x26 0x10003180
core   0: 0x80001d98 (0x00000013) nop
core   0: 3 0x80001d98 (0x00000013)
core   0: 0x80001d9c (0x0019d233) srl     tp, s3, ra
core   0: 3 0x80001d9c (0x0019d233) x4  0x00000007
core   0: 0x80001da0 (0xc4b17ab7) lui     s5, 0xc4b17
core   0: 3 0x80001da0 (0xc4b17ab7) x21 0xc4b17000
core   0: 0x80001da4 (0x00bda633) slt     a2, s11, a1
core   0: 3 0x80001da4 (0x00bda633) x12 0x00000000
core   0: 0x80001da8 (0x00000013) nop
core   0: 3 0x80001da8 (0x00000013)
core   0: 0x80001dac (0x01280633) add     a2, a6, s2
core   0: 3 0x80001dac (0x01280633) x12 0xce8af800
core   0: 0x80001db0 (0x00891813) slli    a6, s2, 8
core   0: 3 0x80001db0 (0x00891813) x16 0x8af00000
core   0: 0x80001db4 (0x01bddb93) srli    s7, s11, 27
core   0: 3 0x80001db4 (0x01bddb93) x23 0x00000008
core   0: 0x80001db8 (0x00000013) nop
core   0: 3 0x80001db8 (0x00000013)
core   0: 0x80001dbc (0x11720f93) addi    t6, tp, 279
core   0: 3 0x80001dbc (0x11720f93) x31 0x0000011e
core   0: 0x80001dc0 (0x00c1c933) xor     s2, gp, a2
core   0: 3 0x80001dc0 (0x00c1c933) x18 0xce0af98c
core   0: 0x80001dc4 (0x00000013) nop
core   0: 3 0x80001dc4 (0x00000013)
core   0: 0x80001dc8 (0x0118edb3) or      s11, a7, a7
core   0: 3 0x80001dc8 (0x0118edb3) x27 0x9c22c131
core   0: 0x80001dcc (0x40f45c13) srai    s8, s0, 15
core   0: 3 0x80001dcc (0x40f45c13) x24 0xffffffff
core   0: 0x80001dd0 (0x40fe5c13) srai    s8, t3, 15
core   0: 3 0x80001dd0 (0x40fe5c13) x24 0xffffb1a1
core   0: 0x80001dd4 (0x0084be33) sltu    t3, s1, s0
core   0: 3 0x80001dd4 (0x0084be33) x28 0x00000001
core   0: 0x80001dd8 (0x014cfa33) and     s4, s9, s4
core   0: 3 0x80001dd8 (0x014cfa33) x20 0x00000000
core   0: 0x80001ddc (0x18eff613) andi    a2, t6, 398
core   0: 3 0x80001ddc (0x18eff613) x12 0x0000010e
core   0: 0x80001de0 (0x00e5d593) srli    a1, a1, 14
core   0: 3 0x80001de0 (0x00e5d593) x11 0x00000667
core   0: 0x80001de4 (0x006ff833) and     a6, t6, t1
core   0: 3 0x80001de4 (0x006ff833) x16 0x00000110
core   0: 0x80001de8 (0x0b9ed2b7) lui     t0, 0xb9ed
core   0: 3 0x80001de8 (0x0b9ed2b7) x5  0x0b9ed000
core   0: 0x80001dec (0x00a38cb3) add     s9, t2, a0
core   0: 3 0x80001dec (0x00a38cb3) x25 0x80015109
core   0: 0x80001df0 (0x5e4de713) ori     a4, s11, 1508
core   0: 3 0x80001df0 (0x5e4de713) x14 0x9c22c5f5
core   0: 0x80001df4 (0xab97ec93) ori     s9, a5, -1351
core   0: 3 0x80001df4 (0xab97ec93) x25 0xfffffab9
core   0: 0x80001df8 (0x01a79713) slli    a4, a5, 26
core   0: 3 0x80001df8 (0x01a79713) x14 0x04000000
core   0: 0x80001dfc (0x410b5e93) srai    t4, s6, 16
core   0: 3 0x80001dfc (0x410b5e93) x29 0x00000000
core   0: 0x80001e00 (0x00cf4d33) xor     s10, t5, a2
core   0: 3 0x80001e00 (0x00cf4d33) x26 0x80018dea
core   0: 0x80001e04 (0xa3766093) ori     ra, a2, -1481
core   0: 3 0x80001e04 (0xa3766093) x1  0xfffffb3f
core   0: 0x80001e08 (0x001aab33) slt     s6, s5, ra
core   0: 3 0x80001e08 (0x001aab33) x22 0x00000001
core   0: 0x80001e0c (0x00006233) or      tp, zero, zero
core   0: 3 0x80001e0c (0x00006233) x4  0x00000000
core   0: 0x80001e10 (0x41275d13) srai    s10, a4, 18
core   0: 3 0x80001e10 (0x41275d13) x26 0x00000100
core   0: 0x80001e14 (0x0067d793) srli    a5, a5, 6
core   0: 3 0x80001e14 (0x0067d793) x15 0x006b31a0
core   0: 0x80001e18 (0x00000013) nop
core   0: 3 0x80001e18 (0x00000013)
core   0: 0x80001e1c (0x4a563593) sltiu   a1, a2, 1189
core   0: 3 0x80001e1c (0x4a563593) x11 0x00000001
core   0: 0x80001e20 (0x00000013) nop
core   0: 3 0x80001e20 (0x00000013)
core   0: 0x80001e24 (0x72f56493) ori     s1, a0, 1839
core   0: 3 0x80001e24 (0x72f56493) x9  0x80014f6f
core   0: 0x80001e28 (0x01b6d033) srl     zero, a3, s11
core   0: 3 0x80001e28 (0x01b6d033)
core   0: 0x80001e2c (0xb752b093) sltiu   ra, t0, -1163
core   0: 3 0x80001e2c (0xb752b093) x1  0x00000001
core   0: 0x80001e30 (0x00335cb3) srl     s9, t1, gp
core   0: 3 0x80001e30 (0x00335cb3) x25 0x00000000
core   0: 0x80001e34 (0x0117bab3) sltu    s5, a5, a7
core   0: 3 0x80001e34 (0x0117bab3) x21 0x00000001
core   0: 0x80001e38 (0x015e8bb3) add     s7, t4, s5
core   0: 3 0x80001e38 (0x015e8bb3) x23 0x00000001
core   0: 0x80001e3c (0x000a1b13) slli    s6, s4, 0
core   0: 3 0x80001e3c (0x000a1b13) x22 0x00000000
core   0: 0x80001e40 (0x4e386813) ori     a6, a6, 1251
core   0: 3 0x80001e40 (0x4e386813) x16 0x000005f3
core   0: 0x80001e44 (0x01e50d33) add     s10, a0, t5
core   0: 3 0x80001e44 (0x01e50d33) x26 0x0002db48
core   0: 0x80001e48 (0x01945db3) srl     s11, s0, s9
core   0: 3 0x80001e48 (0x01945db3) x27 0xfffffa8f
core   0: 0x80001e4c (0x696fe913) ori     s2, t6, 1686
core   0: 3 0x80001e4c (0x696fe913) x18 0x0000079e
core   0: 0x80001e50 (0x00000013) nop
core   0: 3 0x80001e50 (0x00000013)
core   0: 0x80001e54 (0x01221593) slli    a1, tp, 18
core   0: 3 0x80001e54 (0x01221593) x11 0x00000000
core   0: 0x80001e58 (0x41690ab3) sub     s5, s2, s6
core   0: 3 0x80001e58 (0x41690ab3) x21 0x0000079e
core   0: 0x80001e5c (0xb1663813) sltiu   a6, a2, -1258
core   0: 3 0x80001e5c (0xb1663813) x16 0x00000001
core   0: 0x80001e60 (0xd2355f97) auipc   t6, 0xd2355
core   0: 3 0x80001e60 (0xd2355f97) x31 0x52356e60
core   0: 0x80001e64 (0x41a2cd17) auipc   s10, 0x41a2c
core   0: 3 0x80001e64 (0x41a2cd17) x26 0xc1a2de64
core   0: 0x80001e68 (0x00699913) slli    s2, s3, 6
core   0: 3 0x80001e68 (0x00699913) x18 0x000003c0
core   0: 0x80001e6c (0xfb023317) auipc   t1, 0xfb023
core   0: 3 0x80001e6c (0xfb023317) x6  0x7b024e6c
core   0: 0x80001e70 (0xd39f6d17) auipc   s10, 0xd39f6
core   0: 3 0x80001e70 (0xd39f6d17) x26 0x539f7e70
core   0: 0x80001e74 (0x40e40cb3) sub     s9, s0, a4
core   0: 3 0x80001e74 (0x40e40cb3) x25 0xfbfffa8f
core   0: 0x80001e78 (0x01719313) slli    t1, gp, 23
core   0: 3 0x80001e78 (0x01719313) x6  0xc6000000
core   0: 0x80001e7c (0x40d30933) sub     s2, t1, a3
core   0: 3 0x80001e7c (0x40d30933) x18 0xc5ffffff
core   0: 0x80001e80 (0x417d5c93) srai    s9, s10, 23
core   0: 3 0x80001e80 (0x417d5c93) x25 0x000000a7
core   0: 0x80001e84 (0x01709313) slli    t1, ra, 23
core   0: 3 0x80001e84 (0x01709313) x6  0x00800000
core   0: 0x80001e88 (0xedd7a193) slti    gp, a5, -291
core   0: 3 0x80001e88 (0xedd7a193) x3  0x00000000
core   0: 0x80001e8c (0x00ff1833) sll     a6, t5, a5
core   0: 3 0x80001e8c (0x00ff1833) x16 0x80018ce4
core   0: 0x80001e90 (0x00e547b3) xor     a5, a0, a4
core   0: 3 0x80001e90 (0x00e547b3) x15 0x84014e64
core   0: 0x80001e94 (0x005e1a13) slli    s4, t3, 5
core   0: 3 0x80001e94 (0x005e1a13) x20 0x00000020
core   0: 0x80001e98 (0x544caa97) auipc   s5, 0x544ca
core   0: 3 0x80001e98 (0x544caa97) x21 0xd44cbe98
core   0: 0x80001e9c (0x00d8d893) srli    a7, a7, 13
core   0: 3 0x80001e9c (0x00d8d893) x17 0x0004e116
core   0: 0x80001ea0 (0x41b60033) sub     zero, a2, s11
core   0: 3 0x80001ea0 (0x41b60033)
core   0: 0x80001ea4 (0x400155b3) sra     a1, sp, zero
core   0: 3 0x80001ea4 (0x400155b3) x11 0x00000001
core   0: 0x80001ea8 (0x592b8613) addi    a2, s7, 1426
core   0: 3 0x80001ea8 (0x592b8613) x12 0x00000593
core   0: 0x80001eac (0x5c1b0db7) lui     s11, 0x5c1b0
core   0: 3 0x80001eac (0x5c1b0db7) x27 0x5c1b0000
core   0: 0x80001eb0 (0x41843593) sltiu   a1, s0, 1048
core   0: 3 0x80001eb0 (0x41843593) x11 0x00000000
core   0: 0x80001eb4 (0x01d2a033) slt     zero, t0, t4
core   0: 3 0x80001eb4 (0x01d2a033)
core   0: 0x80001eb8 (0x4ddab113) sltiu   sp, s5, 1245
core   0: 3 0x80001eb8 (0x4ddab113) x2  0x00000000
core   0: 0x80001ebc (0x40cbdc13) srai    s8, s7, 12
core   0: 3 0x80001ebc (0x40cbdc13) x24 0x00000000
core   0: 0x80001ec0 (0x00000013) nop
core   0: 3 0x80001ec0 (0x00000013)
core   0: 0x80001ec4 (0x002d66b3) or      a3, s10, sp
core   0: 3 0x80001ec4 (0x002d66b3) x13 0x539f7e70
core   0: 0x80001ec8 (0x00d76233) or      tp, a4, a3
core   0: 3 0x80001ec8 (0x00d76233) x4  0x579f7e70
core   0: 0x80001ecc (0x67cfa813) slti    a6, t6, 1660
core   0: 3 0x80001ecc (0x67cfa813) x16 0x00000000
core   0: 0x80001ed0 (0x00000013) nop
core   0: 3 0x80001ed0 (0x00000013)
core   0: 0x80001ed4 (0x41465b93) srai    s7, a2, 20
core   0: 3 0x80001ed4 (0x41465b93) x23 0x00000000
core   0: 0x80001ed8 (0x7d1fd637) lui     a2, 0x7d1fd
core   0: 3 0x80001ed8 (0x7d1fd637) x12 0x7d1fd000
core   0: 0x80001edc (0x00000013) nop
core   0: 3 0x80001edc (0x00000013)
core   0: 0x80001ee0 (0x01202fb3) slt     t6, zero, s2
core   0: 3 0x80001ee0 (0x01202fb3) x31 0x00000000
core   0: 0x80001ee4 (0x00cf5d93) srli    s11, t5, 12
core   0: 3 0x80001ee4 (0x00cf5d93) x27 0x00080018
core   0: 0x80001ee8 (0x0147abb3) slt     s7, a5, s4
core   0: 3 0x80001ee8 (0x0147abb3) x23 0x00000001
core   0: 0x80001eec (0x00000013) nop
core   0: 3 0x80001eec (0x00000013)
core   0: 0x80001ef0 (0x018cb633) sltu    a2, s9, s8
core   0: 3 0x80001ef0 (0x018cb633) x12 0x00000000
core   0: 0x80001ef4 (0x01b624b3) slt     s1, a2, s11
core   0: 3 0x80001ef4 (0x01b624b3) x9  0x00000001
core   0: 0x80001ef8 (0x415d8133) sub     sp, s11, s5
core   0: 3 0x80001ef8 (0x415d8133) x2  0x2bbb4180
core   0: 0x80001efc (0x4f8483b7) lui     t2, 0x4f848
core   0: 3 0x80001efc (0x4f8483b7) x7  0x4f848000
core   0: 0x80001f00 (0x40e783b3) sub     t2, a5, a4
core   0: 3 0x80001f00 (0x40e783b3) x7  0x80014e64
core   0: 0x80001f04 (0x41ff5613) srai    a2, t5, 31
core   0: 3 0x80001f04 (0x41ff5613) x12 0xffffffff
core   0: 0x80001f08 (0x21d0f137) lui     sp, 0x21d0f
core   0: 3 0x80001f08 (0x21d0f137) x2  0x21d0f000
core   0: 0x80001f0c (0x01c700b3) add     ra, a4, t3
core   0: 3 0x80001f0c (0x01c700b3) x1  0x04000001
core   0: 0x80001f10 (0x00931d93) slli    s11, t1, 9
core   0: 3 0x80001f10 (0x00931d93) x27 0x00000000
core   0: 0x80001f14 (0x01aba3b3) slt     t2, s7, s10
core   0: 3 0x80001f14 (0x01aba3b3) x7  0x00000001
core   0: 0x80001f18 (0x01fb9913) slli    s2, s7, 31
core   0: 3 0x80001f18 (0x01fb9913) x18 0x80000000
core   0: 0x80001f1c (0x95d94e13) xori    t3, s2, -1699
core   0: 3 0x80001f1c (0x95d94e13) x28 0x7ffff95d
core   0: 0x80001f20 (0xab89e113) ori     sp, s3, -1352
core   0: 3 0x80001f20 (0xab89e113) x2  0xfffffabf
core   0: 0x80001f24 (0x00e167b3) or      a5, sp, a4
core   0: 3 0x80001f24 (0x00e167b3) x15 0xfffffabf
core   0: 0x80001f28 (0x875ba213) slti    tp, s7, -1931
core   0: 3 0x80001f28 (0x875ba213) x4  0x00000000
core   0: 0x80001f2c (0x5f427e17) auipc   t3, 0x5f427
core   0: 3 0x80001f2c (0x5f427e17) x28 0xdf428f2c
core   0: 0x80001f30 (0x409f5413) srai    s0, t5, 9
core   0: 3 0x80001f30 (0x409f5413) x8  0xffc000c6
core   0: 0x80001f34 (0x7b987f93) andi    t6, a6, 1977
core   0: 3 0x80001f34 (0x7b987f93) x31 0x00000000
core   0: 0x80001f38 (0x47b9d617) auipc   a2, 0x47b9d
core   0: 3 0x80001f38 (0x47b9d617) x12 0xc7b9ef38
core   0: 0x80001f3c (0x2661e693) ori     a3, gp, 614
core   0: 3 0x80001f3c (0x2661e693) x13 0x00000266
core   0: 0x80001f40 (0x017facb3) slt     s9, t6, s7
core   0: 3 0x80001f40 (0x017facb3) x25 0x00000001
core   0: 0x80001f44 (0x03468c13) addi    s8, a3, 52
core   0: 3 0x80001f44 (0x03468c13) x24 0x0000029a
core   0: 0x80001f48 (0xa397e293) ori     t0, a5, -1479
core   0: 3 0x80001f48 (0xa397e293) x5  0xfffffabf
core   0: 0x80001f4c (0x01b5deb3) srl     t4, a1, s11
core   0: 3 0x80001f4c (0x01b5deb3) x29 0x00000000
core   0: 0x80001f50 (0x0070efb3) or      t6, ra, t2
core   0: 3 0x80001f50 (0x0070efb3) x31 0x04000001
core   0: 0x80001f54 (0x008c56b3) srl     a3, s8, s0
core   0: 3 0x80001f54 (0x008c56b3) x13 0x0000000a
core   0: 0x80001f58 (0x01bd3ab3) sltu    s5, s10, s11
core   0: 3 0x80001f58 (0x01bd3ab3) x21 0x00000000
core   0: 0x80001f5c (0x41ea5233) sra     tp, s4, t5
core   0: 3 0x80001f5c (0x41ea5233) x4  0x00000002
core   0: 0x80001f60 (0x0040feb3) and     t4, ra, tp
core   0: 3 0x80001f60 (0x0040feb3) x29 0x00000000
core   0: 0x80001f64 (0xf1453ab7) lui     s5, 0xf1453
core   0: 3 0x80001f64 (0xf1453ab7) x21 0xf1453000
core   0: 0x80001f68 (0x00e802b3) add     t0, a6, a4
core   0: 3 0x80001f68 (0x00e802b3) x5  0x04000000
core   0: 0x80001f6c (0x62dbfc93) andi    s9, s7, 1581
core   0: 3 0x80001f6c (0x62dbfc93) x25 0x00000001
core   0: 0x80001f70 (0x018d1793) slli    a5, s10, 24
core   0: 3 0x80001f70 (0x018d1793) x15 0x70000000
core   0: 0x80001f74 (0x00bf1c93) slli    s9, t5, 11
core   0: 3 0x80001f74 (0x00bf1c93) x25 0x0c672000
core   0: 0x80001f78 (0x012ede33) srl     t3, t4, s2
core   0: 3 0x80001f78 (0x012ede33) x28 0x00000000
core   0: 0x80001f7c (0x017d1fb3) sll     t6, s10, s7
core   0: 3 0x80001f7c (0x017d1fb3) x31 0xa73efce0
core   0: 0x80001f80 (0x41860033) sub     zero, a2, s8
core   0: 3 0x80001f80 (0x41860033)
core   0: 0x80001f84 (0xa6a67a17) auipc   s4, 0xa6a67
core   0: 3 0x80001f84 (0xa6a67a17) x20 0x26a68f84
core   0: 0x80001f88 (0x00782d33) slt     s10, a6, t2
core   0: 3 0x80001f88 (0x00782d33) x26 0x00000001
core   0: 0x80001f8c (0x008963b3) or      t2, s2, s0
core   0: 3 0x80001f8c (0x008963b3) x7  0xffc000c6
core   0: 0x80001f90 (0x00dd6eb3) or      t4, s10, a3
core   0: 3 0x80001f90 (0x00dd6eb3) x29 0x0000000b
core   0: 0x80001f94 (0x01a36bb3) or      s7, t1, s10
core   0: 3 0x80001f94 (0x01a36bb3) x23 0x00800001
core   0: 0x80001f98 (0x01659493) slli    s1, a1, 22
core   0: 3 0x80001f98 (0x01659493) x9  0x00000000
core   0: 0x80001f9c (0x416d88b3) sub     a7, s11, s6
core   0: 3 0x80001f9c (0x416d88b3) x17 0x00000000
core   0: 0x80001fa0 (0x95666713) ori     a4, a2, -1706
core   0: 3 0x80001fa0 (0x95666713) x14 0xffffff7e
core   0: 0x80001fa4 (0x87798e13) addi    t3, s3, -1929
core   0: 3 0x80001fa4 (0x87798e13) x28 0xfffff886
core   0: 0x80001fa8 (0x01ed92b3) sll     t0, s11, t5
core   0: 3 0x80001fa8 (0x01ed92b3) x5  0x00000000
core   0: 0x80001fac (0x1fde8237) lui     tp, 0x1fde8
core   0: 3 0x80001fac (0x1fde8237) x4  0x1fde8000
core   0: 0x80001fb0 (0x01c98eb3) add     t4, s3, t3
core   0: 3 0x80001fb0 (0x01c98eb3) x29 0xfffff895
core   0: 0x80001fb4 (0x01583a33) sltu    s4, a6, s5
core   0: 3 0x80001fb4 (0x01583a33) x20 0x00000001
core   0: 0x80001fb8 (0x412458b3) sra     a7, s0, s2
core   0: 3 0x80001fb8 (0x412458b3) x17 0xffc000c6
core   0: 0x80001fbc (0x01c4d7b3) srl     a5, s1, t3
core   0: 3 0x80001fbc (0x01c4d7b3) x15 0x00000000
core   0: 0x80001fc0 (0x00000013) nop
core   0: 3 0x80001fc0 (0x00000013)
core   0: 0x80001fc4 (0x8a0e7613) andi    a2, t3, -1888
core   0: 3 0x80001fc4 (0x8a0e7613) x12 0xfffff880
core   0: 0x80001fc8 (0x3919b617) auipc   a2, 0x3919b
core   0: 3 0x80001fc8 (0x3919b617) x12 0xb919cfc8
core   0: 0x80001fcc (0x8ef3a193) slti    gp, t2, -1809
core   0: 3 0x80001fcc (0x8ef3a193) x3  0x00000001
core   0: 0x80001fd0 (0x00103fb3) snez    t6, ra
core   0: 3 0x80001fd0 (0x00103fb3) x31 0x00000001
core   0: 0x80001fd4 (0x7ad6ed93) ori     s11, a3, 1965
core   0: 3 0x80001fd4 (0x7ad6ed93) x27 0x000007af
core   0: 0x80001fd8 (0x01ea78b3) and     a7, s4, t5
core   0: 3 0x80001fd8 (0x01ea78b3) x17 0x00000000
core   0: 0x80001fdc (0x01b42233) slt     tp, s0, s11
core   0: 3 0x80001fdc (0x01b42233) x4  0x00000001
core   0: 0x80001fe0 (0x9cd9ec13) ori     s8, s3, -1587
core   0: 3 0x80001fe0 (0x9cd9ec13) x24 0xfffff9cf
core   0: 0x80001fe4 (0x017adab3) srl     s5, s5, s7
core   0: 3 0x80001fe4 (0x017adab3) x21 0x78a29800
core   0: 0x80001fe8 (0x40bd5133) sra     sp, s10, a1
core   0: 3 0x80001fe8 (0x40bd5133) x2  0x00000001
core   0: 0x80001fec (0x0022a633) slt     a2, t0, sp
core   0: 3 0x80001fec (0x0022a633) x12 0x00000001
core   0: 0x80001ff0 (0x40100833) sub     a6, zero, ra
core   0: 3 0x80001ff0 (0x40100833) x16 0xfbffffff
core   0: 0x80001ff4 (0x40c55e33) sra     t3, a0, a2
core   0: 3 0x80001ff4 (0x40c55e33) x28 0xc000a732
core   0: 0x80001ff8 (0x4c1dec13) ori     s8, s11, 1217
core   0: 3 0x80001ff8 (0x4c1dec13) x24 0x000007ef
core   0: 0x80001ffc (0x40dc8c33) sub     s8, s9, a3
core   0: 3 0x80001ffc (0x40dc8c33) x24 0x0c671ff6
core   0: 0x80002000 (0xff7c6493) ori     s1, s8, -9
core   0: 3 0x80002000 (0xff7c6493) x9  0xfffffff7
core   0: 0x80002004 (0x7996c493) xori    s1, a3, 1945
core   0: 3 0x80002004 (0x7996c493) x9  0x00000793
core   0: 0x80002008 (0xb1e53193) sltiu   gp, a0, -1250
core   0: 3 0x80002008 (0xb1e53193) x3  0x00000001
core   0: 0x8000200c (0xe12fc217) auipc   tp, 0xe12fc
core   0: 3 0x8000200c (0xe12fc217) x4  0x612fe00c
core   0: 0x80002010 (0xfcb56213) ori     tp, a0, -53
core   0: 3 0x80002010 (0xfcb56213) x4  0xffffffef
core   0: 0x80002014 (0x00beda13) srli    s4, t4, 11
core   0: 3 0x80002014 (0x00beda13) x20 0x001fffff
core   0: 0x80002018 (0x0048ee33) or      t3, a7, tp
core   0: 3 0x80002018 (0x0048ee33) x28 0xffffffef
core   0: 0x8000201c (0x1ca28b13) addi    s6, t0, 458
core   0: 3 0x8000201c (0x1ca28b13) x22 0x000001ca
core   0: 0x80002020 (0x31654193) xori    gp, a0, 790
core   0: 3 0x80002020 (0x31654193) x3  0x80014d72
core   0: 0x80002024 (0xd8a6b293) sltiu   t0, a3, -630
core   0: 3 0x80002024 (0xd8a6b293) x5  0x00000001
core   0: 0x80002028 (0x01a2de33) srl     t3, t0, s10
core   0: 3 0x80002028 (0x01a2de33) x28 0x00000000
core   0: 0x8000202c (0x00c05713) srli    a4, zero, 12
core   0: 3 0x8000202c (0x00c05713) x14 0x00000000
core   0: 0x80002030 (0x018d8eb3) add     t4, s11, s8
core   0: 3 0x80002030 (0x018d8eb3) x29 0x0c6727a5
core   0: 0x80002034 (0x013628b3) slt     a7, a2, s3
core   0: 3 0x80002034 (0x013628b3) x17 0x00000001
core   0: 0x80002038 (0x00359593) slli    a1, a1, 3
core   0: 3 0x80002038 (0x00359593) x11 0x00000000
core   0: 0x8000203c (0x01de5eb3) srl     t4, t3, t4
core   0: 3 0x8000203c (0x01de5eb3) x29 0x00000000
core   0: 0x80002040 (0x357b6493) ori     s1, s6, 855
core   0: 3 0x80002040 (0x357b6493) x9  0x000003df
core   0: 0x80002044 (0xd3cae313) ori     t1, s5, -708
core   0: 3 0x80002044 (0xd3cae313) x6  0xfffffd3c
core   0: 0x80002048 (0x01edb7b3) sltu    a5, s11, t5
core   0: 3 0x80002048 (0x01edb7b3) x15 0x00000001
core   0: 0x8000204c (0x006f9433) sll     s0, t6, t1
core   0: 3 0x8000204c (0x006f9433) x8  0x10000000
core   0: 0x80002050 (0xe880df97) auipc   t6, 0xe880d
core   0: 3 0x80002050 (0xe880df97) x31 0x6880f050
core   0: 0x80002054 (0x00000013) nop
core   0: 3 0x80002054 (0x00000013)
core   0: 0x80002058 (0x00782033) slt     zero, a6, t2
core   0: 3 0x80002058 (0x00782033)
core   0: 0x8000205c (0xac78ee13) ori     t3, a7, -1337
core   0: 3 0x8000205c (0xac78ee13) x28 0xfffffac7
core   0: 0x80002060 (0x0001e333) or      t1, gp, zero
core   0: 3 0x80002060 (0x0001e333) x6  0x80014d72
core   0: 0x80002064 (0x014838b3) sltu    a7, a6, s4
core   0: 3 0x80002064 (0x014838b3) x17 0x00000000
core   0: 0x80002068 (0xd4f4e893) ori     a7, s1, -689
core   0: 3 0x80002068 (0xd4f4e893) x17 0xffffffdf
core   0: 0x8000206c (0x008e9913) slli    s2, t4, 8
core   0: 3 0x8000206c (0x008e9913) x18 0x00000000
core   0: 0x80002070 (0x01675e13) srli    t3, a4, 22
core   0: 3 0x80002070 (0x01675e13) x28 0x00000000
core   0: 0x80002074 (0x014c3333) sltu    t1, s8, s4
core   0: 3 0x80002074 (0x014c3333) x6  0x00000000
core   0: 0x80002078 (0x00f71633) sll     a2, a4, a5
core   0: 3 0x80002078 (0x00f71633) x12 0x00000000
core   0: 0x8000207c (0x40b88b33) sub     s6, a7, a1
core   0: 3 0x8000207c (0x40b88b33) x22 0xffffffdf
core   0: 0x80002080 (0x00e78eb3) add     t4, a5, a4
core   0: 3 0x80002080 (0x00e78eb3) x29 0x00000001
core   0: 0x80002084 (0x40955e93) srai    t4, a0, 9
core   0: 3 0x80002084 (0x40955e93) x29 0xffc000a7
core   0: 0x80002088 (0x00000013) nop
core   0: 3 0x80002088 (0x00000013)
core   0: 0x8000208c (0x405657b3) sra     a5, a2, t0
core   0: 3 0x8000208c (0x405657b3) x15 0x00000000
core   0: 0x80002090 (0x36e2a693) slti    a3, t0, 878
core   0: 3 0x80002090 (0x36e2a693) x13 0x00000001
core   0: 0x80002094 (0x0158fb33) and     s6, a7, s5
core   0: 3 0x80002094 (0x0158fb33) x22 0x78a29800
core   0: 0x80002098 (0xa3a58817) auipc   a6, 0xa3a58
core   0: 3 0x80002098 (0xa3a58817) x16 0x23a5a098
core   0: 0x8000209c (0x01900bb3) add     s7, zero, s9
core   0: 3 0x8000209c (0x01900bb3) x23 0x0c672000
core   0: 0x800020a0 (0x01d55e13) srli    t3, a0, 29
core   0: 3 0x800020a0 (0x01d55e13) x28 0x00000004
core   0: 0x800020a4 (0x00000013) nop
core   0: 3 0x800020a4 (0x00000013)
core   0: 0x800020a8 (0x29106e93) ori     t4, zero, 657
core   0: 3 0x800020a8 (0x29106e93) x29 0x00000291
core   0: 0x800020ac (0x0053bcb3) sltu    s9, t2, t0
core   0: 3 0x800020ac (0x0053bcb3) x25 0x00000000
core   0: 0x800020b0 (0x01f6afb3) slt     t6, a3, t6
core   0: 3 0x800020b0 (0x01f6afb3) x31 0x00000001
core   0: 0x800020b4 (0x008fae33) slt     t3, t6, s0
core   0: 3 0x800020b4 (0x008fae33) x28 0x00000001
core   0: 0x800020b8 (0xa7090713) addi    a4, s2, -1424
core   0: 3 0x800020b8 (0xa7090713) x14 0xfffffa70
core   0: 0x800020bc (0x014f1b93) slli    s7, t5, 20
core   0: 3 0x800020bc (0x014f1b93) x23 0xce400000
core   0: 0x800020c0 (0x01c33cb3) sltu    s9, t1, t3
core   0: 3 0x800020c0 (0x01c33cb3) x25 0x00000001
core   0: 0x800020c4 (0x0112c3b3) xor     t2, t0, a7
core   0: 3 0x800020c4 (0x0112c3b3) x7  0xffffffde
core   0: 0x800020c8 (0x8a644593) xori    a1, s0, -1882
core   0: 3 0x800020c8 (0x8a644593) x11 0xeffff8a6
core   0: 0x800020cc (0x1a0ac893) xori    a7, s5, 416
core   0: 3 0x800020cc (0x1a0ac893) x17 0x78a299a0
core   0: 0x800020d0 (0x412858b3) sra     a7, a6, s2
core   0: 3 0x800020d0 (0x412858b3) x17 0x23a5a098
core   0: 0x800020d4 (0x414cdd93) srai    s11, s9, 20
core   0: 3 0x800020d4 (0x414cdd93) x27 0x00000000
core   0: 0x800020d8 (0x0128b6b3) sltu    a3, a7, s2
core   0: 3 0x800020d8 (0x0128b6b3) x13 0x00000000
core   0: 0x800020dc (0x0160e633) or      a2, ra, s6
core   0: 3 0x800020dc (0x0160e633) x12 0x7ca29801
core   0: 0x800020e0 (0x016e3433) sltu    s0, t3, s6
core   0: 3 0x800020e0 (0x016e3433) x8  0x00000001
core   0: 0x800020e4 (0x40618333) sub     t1, gp, t1
core   0: 3 0x800020e4 (0x40618333) x6  0x80014d72
core   0: 0x800020e8 (0xe267bd93) sltiu   s11, a5, -474
core   0: 3 0x800020e8 (0xe267bd93) x27 0x00000001
core   0: 0x800020ec (0x01a05d33) srl     s10, zero, s10
core   0: 3 0x800020ec (0x01a05d33) x26 0x00000000
core   0: 0x800020f0 (0x00c32133) slt     sp, t1, a2
core   0: 3 0x800020f0 (0x00c32133) x2  0x00000001
core   0: 0x800020f4 (0xf70cf593) andi    a1, s9, -144
core   0: 3 0x800020f4 (0xf70cf593) x11 0x00000000
core   0: 0x800020f8 (0xaf27eb13) ori     s6, a5, -1294
core   0: 3 0x800020f8 (0xaf27eb13) x22 0xfffffaf2
core   0: 0x800020fc (0x00000013) nop
core   0: 3 0x800020fc (0x00000013)
core   0: 0x80002100 (0x015e77b3) and     a5, t3, s5
core   0: 3 0x80002100 (0x015e77b3) x15 0x00000000
core   0: 0x80002104 (0x014ef7b3) and     a5, t4, s4
core   0: 3 0x80002104 (0x014ef7b3) x15 0x00000291
core   0: 0x80002108 (0x0067b8b3) sltu    a7, a5, t1
core   0: 3 0x80002108 (0x0067b8b3) x17 0x00000001
core   0: 0x8000210c (0x00c25793) srli    a5, tp, 12
core   0: 3 0x8000210c (0x00c25793) x15 0x000fffff
core   0: 0x80002110 (0x09872ab7) lui     s5, 0x9872
core   0: 3 0x80002110 (0x09872ab7) x21 0x09872000
core   0: 0x80002114 (0x017feb33) or      s6, t6, s7
core   0: 3 0x80002114 (0x017feb33) x22 0xce400001
core   0: 0x80002118 (0x40d803b3) sub     t2, a6, a3
core   0: 3 0x80002118 (0x40d803b3) x7  0x23a5a098
core   0: 0x8000211c (0xa6f4b893) sltiu   a7, s1, -1425
core   0: 3 0x8000211c (0xa6f4b893) x17 0x00000001
core   0: 0x80002120 (0x6a83b093) sltiu   ra, t2, 1704
core   0: 3 0x80002120 (0x6a83b093) x1  0x00000000
core   0: 0x80002124 (0x410b5bb3) sra     s7, s6, a6
core   0: 3 0x80002124 (0x410b5bb3) x23 0xffffffce
core   0: 0x80002128 (0x68ace693) ori     a3, s9, 1674
core   0: 3 0x80002128 (0x68ace693) x13 0x0000068b
core   0: 0x8000212c (0x00813233) sltu    tp, sp, s0
core   0: 3 0x8000212c (0x00813233) x4  0x00000000
core   0: 0x80002130 (0x017475b3) and     a1, s0, s7
core   0: 3 0x80002130 (0x017475b3) x11 0x00000000
core   0: 0x80002134 (0x405ad193) srai    gp, s5, 5
core   0: 3 0x80002134 (0x405ad193) x3  0x004c3900
core   0: 0x80002138 (0x01cf68b3) or      a7, t5, t3
core   0: 3 0x80002138 (0x01cf68b3) x17 0x80018ce5
core   0: 0x8000213c (0x00091193) slli    gp, s2, 0
core   0: 3 0x8000213c (0x00091193) x3  0x00000000
core   0: 0x80002140 (0x4fbe8713) addi    a4, t4, 1275
core   0: 3 0x80002140 (0x4fbe8713) x14 0x0000078c
core   0: 0x80002144 (0x01de1233) sll     tp, t3, t4
core   0: 3 0x80002144 (0x01de1233) x4  0x00020000
core   0: 0x80002148 (0x014eb833) sltu    a6, t4, s4
core   0: 3 0x80002148 (0x014eb833) x16 0x00000001
core   0: 0x8000214c (0xc1cbc3b7) lui     t2, 0xc1cbc
core   0: 3 0x8000214c (0xc1cbc3b7) x7  0xc1cbc000
core   0: 0x80002150 (0x40810033) sub     zero, sp, s0
core   0: 3 0x80002150 (0x40810033)
core   0: 0x80002154 (0x60d56113) ori     sp, a0, 1549
core   0: 3 0x80002154 (0x60d56113) x2  0x80014e6d
core   0: 0x80002158 (0x2ab98a97) auipc   s5, 0x2ab98
core   0: 3 0x80002158 (0x2ab98a97) x21 0xaab9a158
core   0: 0x8000215c (0x01c4fa33) and     s4, s1, t3
core   0: 3 0x8000215c (0x01c4fa33) x20 0x00000001
core   0: 0x80002160 (0xd44e6f93) ori     t6, t3, -700
core   0: 3 0x80002160 (0xd44e6f93) x31 0xfffffd45
core   0: 0x80002164 (0x0052b7b3) sltu    a5, t0, t0
core   0: 3 0x80002164 (0x0052b7b3) x15 0x00000000
core   0: 0x80002168 (0x34b12193) slti    gp, sp, 843
core   0: 3 0x80002168 (0x34b12193) x3  0x00000001
core   0: 0x8000216c (0x003df333) and     t1, s11, gp
core   0: 3 0x8000216c (0x003df333) x6  0x00000001
core   0: 0x80002170 (0x41b8da13) srai    s4, a7, 27
core   0: 3 0x80002170 (0x41b8da13) x20 0xfffffff0
core   0: 0x80002174 (0x017c97b3) sll     a5, s9, s7
core   0: 3 0x80002174 (0x017c97b3) x15 0x00004000
core   0: 0x80002178 (0xbb32a613) slti    a2, t0, -1101
core   0: 3 0x80002178 (0xbb32a613) x12 0x00000000
core   0: 0x8000217c (0x8351fc93) andi    s9, gp, -1995
core   0: 3 0x8000217c (0x8351fc93) x25 0x00000001
core   0: 0x80002180 (0x8fe3e213) ori     tp, t2, -1794
core   0: 3 0x80002180 (0x8fe3e213) x4  0xfffff8fe
core   0: 0x80002184 (0x87b54c13) xori    s8, a0, -1925
core   0: 3 0x80002184 (0x87b54c13) x24 0x7ffeb61f
core   0: 0x80002188 (0x00ca3733) sltu    a4, s4, a2
core   0: 3 0x80002188 (0x00ca3733) x14 0x00000000
core   0: 0x8000218c (0x01aa3633) sltu    a2, s4, s10
core   0: 3 0x8000218c (0x01aa3633) x12 0x00000000
core   0: 0x80002190 (0x0026d933) srl     s2, a3, sp
core   0: 3 0x80002190 (0x0026d933) x18 0x00000000
core   0: 0x80002194 (0x00de0fb3) add     t6, t3, a3
core   0: 3 0x80002194 (0x00de0fb3) x31 0x0000068c
core   0: 0x80002198 (0xc98c4b93) xori    s7, s8, -872
core   0: 3 0x80002198 (0xc98c4b93) x23 0x80014a87
core   0: 0x8000219c (0x00d2d4b3) srl     s1, t0, a3
core   0: 3 0x8000219c (0x00d2d4b3) x9  0x00000000
core   0: 0x800021a0 (0x00abdb93) srli    s7, s7, 10
core   0: 3 0x800021a0 (0x00abdb93) x23 0x00200052
core   0: 0x800021a4 (0x00cbc3b3) xor     t2, s7, a2
core   0: 3 0x800021a4 (0x00cbc3b3) x7  0x00200052
core   0: 0x800021a8 (0x20d96d93) ori     s11, s2, 525
core   0: 3 0x800021a8 (0x20d96d93) x27 0x0000020d
core   0: 0x800021ac (0x01662d97) auipc   s11, 0x1662
core   0: 3 0x800021ac (0x01662d97) x27 0x816641ac
core   0: 0x800021b0 (0x00561213) slli    tp, a2, 5
core   0: 3 0x800021b0 (0x00561213) x4  0x00000000
core   0: 0x800021b4 (0x014fbdb3) sltu    s11, t6, s4
core   0: 3 0x800021b4 (0x014fbdb3) x27 0x00000001
core   0: 0x800021b8 (0x01f9b833) sltu    a6, s3, t6
core   0: 3 0x800021b8 (0x01f9b833) x16 0x00000001
core   0: 0x800021bc (0x01bfde93) srli    t4, t6, 27
core   0: 3 0x800021bc (0x01bfde93) x29 0x00000000
core   0: 0x800021c0 (0x0112d313) srli    t1, t0, 17
core   0: 3 0x800021c0 (0x0112d313) x6  0x00000000
core   0: 0x800021c4 (0x529cc413) xori    s0, s9, 1321
core   0: 3 0x800021c4 (0x529cc413) x8  0x00000528
core   0: 0x800021c8 (0xf95b2413) slti    s0, s6, -107
core   0: 3 0x800021c8 (0xf95b2413) x8  0x00000001
core   0: 0x800021cc (0x012f5633) srl     a2, t5, s2
core   0: 3 0x800021cc (0x012f5633) x12 0x80018ce4
core   0: 0x800021d0 (0x01a80d33) add     s10, a6, s10
core   0: 3 0x800021d0 (0x01a80d33) x26 0x00000001
core   0: 0x800021d4 (0x0086ecb3) or      s9, a3, s0
core   0: 3 0x800021d4 (0x0086ecb3) x25 0x0000068b
core   0: 0x800021d8 (0xb2b08e37) lui     t3, 0xb2b08
core   0: 3 0x800021d8 (0xb2b08e37) x28 0xb2b08000
core   0: 0x800021dc (0x16447437) lui     s0, 0x16447
core   0: 3 0x800021dc (0x16447437) x8  0x16447000
core   0: 0x800021e0 (0x01465313) srli    t1, a2, 20
core   0: 3 0x800021e0 (0x01465313) x6  0x00000800
core   0: 0x800021e4 (0x0137b0b3) sltu    ra, a5, s3
core   0: 3 0x800021e4 (0x0137b0b3) x1  0x00000000
core   0: 0x800021e8 (0x403586b3) sub     a3, a1, gp
core   0: 3 0x800021e8 (0x403586b3) x13 0xffffffff
core   0: 0x800021ec (0x99802313) slti    t1, zero, -1640
core   0: 3 0x800021ec (0x99802313) x6  0x00000000
core   0: 0x800021f0 (0x0055e933) or      s2, a1, t0
core   0: 3 0x800021f0 (0x0055e933) x18 0x00000001
core   0: 0x800021f4 (0x0bebf793) andi    a5, s7, 190
core   0: 3 0x800021f4 (0x0bebf793) x15 0x00000012
core   0: 0x800021f8 (0x01c87233) and     tp, a6, t3
core   0: 3 0x800021f8 (0x01c87233) x4  0x00000000
core   0: 0x800021fc (0x9bce2113) slti    sp, t3, -1604
core   0: 3 0x800021fc (0x9bce2113) x2  0x00000001
core   0: 0x80002200 (0x560e3093) sltiu   ra, t3, 1376
core   0: 3 0x80002200 (0x560e3093) x1  0x00000000
core   0: 0x80002204 (0x0025d6b3) srl     a3, a1, sp
core   0: 3 0x80002204 (0x0025d6b3) x13 0x00000000
core   0: 0x80002208 (0x1bc6cd13) xori    s10, a3, 444
core   0: 3 0x80002208 (0x1bc6cd13) x26 0x000001bc
core   0: 0x8000220c (0x4066da93) srai    s5, a3, 6
core   0: 3 0x8000220c (0x4066da93) x21 0x00000000
core   0: 0x80002210 (0xae74ea13) ori     s4, s1, -1305
core   0: 3 0x80002210 (0xae74ea13) x20 0xfffffae7
core   0: 0x80002214 (0x7b4db317) auipc   t1, 0x7b4db
core   0: 3 0x80002214 (0x7b4db317) x6  0xfb4dd214
core   0: 0x80002218 (0x0096cfb3) xor     t6, a3, s1
core   0: 3 0x80002218 (0x0096cfb3) x31 0x00000000
core   0: 0x8000221c (0x00ce37b3) sltu    a5, t3, a2
core   0: 3 0x8000221c (0x00ce37b3) x15 0x00000000
core   0: 0x80002220 (0x6b3bc913) xori    s2, s7, 1715
core   0: 3 0x80002220 (0x6b3bc913) x18 0x002006e1
core   0: 0x80002224 (0x01884233) xor     tp, a6, s8
core   0: 3 0x80002224 (0x01884233) x4  0x7ffeb61e
core   0: 0x80002228 (0x40a700b3) sub     ra, a4, a0
core   0: 3 0x80002228 (0x40a700b3) x1  0x7ffeb19c
core   0: 0x8000222c (0x007f5a13) srli    s4, t5, 7
core   0: 3 0x8000222c (0x007f5a13) x20 0x01000319
core   0: 0x80002230 (0x00000013) nop
core   0: 3 0x80002230 (0x00000013)
core   0: 0x80002234 (0x7fccf093) andi    ra, s9, 2044
core   0: 3 0x80002234 (0x7fccf093) x1  0x00000688
core   0: 0x80002238 (0x41c0d733) sra     a4, ra, t3
core   0: 3 0x80002238 (0x41c0d733) x14 0x00000688
core   0: 0x8000223c (0x0084f233) and     tp, s1, s0
core   0: 3 0x8000223c (0x0084f233) x4  0x00000000
core   0: 0x80002240 (0x6f10b493) sltiu   s1, ra, 1777
core   0: 3 0x80002240 (0x6f10b493) x9  0x00000001
core   0: 0x80002244 (0x9b52fbb7) lui     s7, 0x9b52f
core   0: 3 0x80002244 (0x9b52fbb7) x23 0x9b52f000
core   0: 0x80002248 (0x0105bbb3) sltu    s7, a1, a6
core   0: 3 0x80002248 (0x0105bbb3) x23 0x00000001
core   0: 0x8000224c (0x01895e93) srli    t4, s2, 24
core   0: 3 0x8000224c (0x01895e93) x29 0x00000000
core   0: 0x80002250 (0x002e5213) srli    tp, t3, 2
core   0: 3 0x80002250 (0x002e5213) x4  0x2cac2000
core   0: 0x80002254 (0x01921613) slli    a2, tp, 25
core   0: 3 0x80002254 (0x01921613) x12 0x00000000
core   0: 0x80002258 (0xf5b9c2b7) lui     t0, 0xf5b9c
core   0: 3 0x80002258 (0xf5b9c2b7) x5  0xf5b9c000
core   0: 0x8000225c (0x405e0f93) addi    t6, t3, 1029
core   0: 3 0x8000225c (0x405e0f93) x31 0xb2b08405
core   0: 0x80002260 (0x00555693) srli    a3, a0, 5
core   0: 3 0x80002260 (0x00555693) x13 0x04000a73
core   0: 0x80002264 (0x00e51693) slli    a3, a0, 14
core   0: 3 0x80002264 (0x00e51693) x13 0x53990000
core   0: 0x80002268 (0x71bcf493) andi    s1, s9, 1819
core   0: 3 0x80002268 (0x71bcf493) x9  0x0000060b
core   0: 0x8000226c (0x42a6c813) xori    a6, a3, 1066
core   0: 3 0x8000226c (0x42a6c813) x16 0x5399042a
core   0: 0x80002270 (0x01da0ab3) add     s5, s4, t4
core   0: 3 0x80002270 (0x01da0ab3) x21 0x01000319
core   0: 0x80002274 (0x00198a33) add     s4, s3, ra
core   0: 3 0x80002274 (0x00198a33) x20 0x00000697
core   0: 0x80002278 (0xe9db3217) auipc   tp, 0xe9db3
core   0: 3 0x80002278 (0xe9db3217) x4  0x69db5278
core   0: 0x8000227c (0x62294e13) xori    t3, s2, 1570
core   0: 3 0x8000227c (0x62294e13) x28 0x002000c3
core   0: 0x80002280 (0x413350b3) sra     ra, t1, s3
core   0: 3 0x80002280 (0x413350b3) x1  0xfffff69b
core   0: 0x80002284 (0x016620b3) slt     ra, a2, s6
core   0: 3 0x80002284 (0x016620b3) x1  0x00000000
core   0: 0x80002288 (0x8ea8e417) auipc   s0, 0x8ea8e
core   0: 3 0x80002288 (0x8ea8e417) x8  0x0ea90288
core   0: 0x8000228c (0x41ad5693) srai    a3, s10, 26
core   0: 3 0x8000228c (0x41ad5693) x13 0x00000000
core   0: 0x80002290 (0xa2e89437) lui     s0, 0xa2e89
core   0: 3 0x80002290 (0xa2e89437) x8  0xa2e89000
core   0: 0x80002294 (0x00000013) nop
core   0: 3 0x80002294 (0x00000013)
core   0: 0x80002298 (0x01a9f633) and     a2, s3, s10
core   0: 3 0x80002298 (0x01a9f633) x12 0x0000000c
core   0: 0x8000229c (0x00331b33) sll     s6, t1, gp
core   0: 3 0x8000229c (0x00331b33) x22 0xf69ba428
core   0: 0x800022a0 (0x8896aa13) slti    s4, a3, -1911
core   0: 3 0x800022a0 (0x8896aa13) x20 0x00000000
core   0: 0x800022a4 (0x0bc9cbb7) lui     s7, 0xbc9c
core   0: 3 0x800022a4 (0x0bc9cbb7) x23 0x0bc9c000
core   0: 0x800022a8 (0x9e27c393) xori    t2, a5, -1566
core   0: 3 0x800022a8 (0x9e27c393) x7  0xfffff9e2
core   0: 0x800022ac (0x01bd0233) add     tp, s10, s11
core   0: 3 0x800022ac (0x01bd0233) x4  0x000001bd
core   0: 0x800022b0 (0x01399393) slli    t2, s3, 19
core   0: 3 0x800022b0 (0x01399393) x7  0x00780000
core   0: 0x800022b4 (0x00ed6133) or      sp, s10, a4
core   0: 3 0x800022b4 (0x00ed6133) x2  0x000007bc
core   0: 0x800022b8 (0x3c5a2b97) auipc   s7, 0x3c5a2
core   0: 3 0x800022b8 (0x3c5a2b97) x23 0xbc5a42b8
core   0: 0x800022bc (0x41ff04b3) sub     s1, t5, t6
core   0: 3 0x800022bc (0x41ff04b3) x9  0xcd5108df
core   0: 0x800022c0 (0x015ff7b3) and     a5, t6, s5
core   0: 3 0x800022c0 (0x015ff7b3) x15 0x00000001
core   0: 0x800022c4 (0x00724333) xor     t1, tp, t2
core   0: 3 0x800022c4 (0x00724333) x6  0x007801bd
core   0: 0x800022c8 (0x01b29093) slli    ra, t0, 27
core   0: 3 0x800022c8 (0x01b29093) x1  0x00000000
core   0: 0x800022cc (0x2852ed93) ori     s11, t0, 645
core   0: 3 0x800022cc (0x2852ed93) x27 0xf5b9c285
core   0: 0x800022d0 (0x005eee33) or      t3, t4, t0
core   0: 3 0x800022d0 (0x005eee33) x28 0xf5b9c000
core   0: 0x800022d4 (0x004fd613) srli    a2, t6, 4
core   0: 3 0x800022d4 (0x004fd613) x12 0x0b2b0840
core   0: 0x800022d8 (0x4f0c0813) addi    a6, s8, 1264
core   0: 3 0x800022d8 (0x4f0c0813) x16 0x7ffebb0f
core   0: 0x800022dc (0x00ec3e33) sltu    t3, s8, a4
core   0: 3 0x800022dc (0x00ec3e33) x28 0x00000000
core   0: 0x800022e0 (0x6847be13) sltiu   t3, a5, 1668
core   0: 3 0x800022e0 (0x6847be13) x28 0x00000001
core   0: 0x800022e4 (0x001778b3) and     a7, a4, ra
core   0: 3 0x800022e4 (0x001778b3) x17 0x00000000
core   0: 0x800022e8 (0x00000013) nop
core   0: 3 0x800022e8 (0x00000013)
core   0: 0x800022ec (0x00c1ac33) slt     s8, gp, a2
core   0: 3 0x800022ec (0x00c1ac33) x24 0x00000001
core   0: 0x800022f0 (0x40ae8333) sub     t1, t4, a0
core   0: 3 0x800022f0 (0x40ae8333) x6  0x7ffeb19c
core   0: 0x800022f4 (0x01170233) add     tp, a4, a7
core   0: 3 0x800022f4 (0x01170233) x4  0x00000688
core   0: 0x800022f8 (0x01cfa333) slt     t1, t6, t3
core   0: 3 0x800022f8 (0x01cfa333) x6  0x00000001
core   0: 0x800022fc (0x01401d93) slli    s11, zero, 20
core   0: 3 0x800022fc (0x01401d93) x27 0x00000000
core   0: 0x80002300 (0x417fd393) srai    t2, t6, 23
core   0: 3 0x80002300 (0x417fd393) x7  0xffffff65
core   0: 0x80002304 (0x00000013) nop
core   0: 3 0x80002304 (0x00000013)
core   0: 0x80002308 (0x01fa03b3) add     t2, s4, t6
core   0: 3 0x80002308 (0x01fa03b3) x7  0xb2b08405
core   0: 0x8000230c (0xbf787637) lui     a2, 0xbf787
core   0: 3 0x8000230c (0xbf787637) x12 0xbf787000
core   0: 0x80002310 (0xf2d96393) ori     t2, s2, -211
core   0: 3 0x80002310 (0xf2d96393) x7  0xffffffed
core   0: 0x80002314 (0x019e2233) slt     tp, t3, s9
core   0: 3 0x80002314 (0x019e2233) x4  0x00000001
core   0: 0x80002318 (0x4059b713) sltiu   a4, s3, 1029
core   0: 3 0x80002318 (0x4059b713) x14 0x00000001
core   0: 0x8000231c (0x000f1033) sll     zero, t5, zero
core   0: 3 0x8000231c (0x000f1033)
core   0: 0x80002320 (0x00000013) nop
core   0: 3 0x80002320 (0x00000013)
core   0: 0x80002324 (0x40d70133) sub     sp, a4, a3
core   0: 3 0x80002324 (0x40d70133) x2  0x00000001
core   0: 0x80002328 (0x409edc93) srai    s9, t4, 9
core   0: 3 0x80002328 (0x409edc93) x25 0x00000000
core   0: 0x8000232c (0x0057b733) sltu    a4, a5, t0
core   0: 3 0x8000232c (0x0057b733) x14 0x00000001
core   0: 0x80002330 (0x62c9a493) slti    s1, s3, 1580
core   0: 3 0x80002330 (0x62c9a493) x9  0x00000001
core   0: 0x80002334 (0xa2c60213) addi    tp, a2, -1492
core   0: 3 0x80002334 (0xa2c60213) x4  0xbf786a2c
core   0: 0x80002338 (0x565df093) andi    ra, s11, 1381
core   0: 3 0x80002338 (0x565df093) x1  0x00000000
core   0: 0x8000233c (0x00000013) nop
core   0: 3 0x8000233c (0x00000013)
core   0: 0x80002340 (0x00ef9a93) slli    s5, t6, 14
core   0: 3 0x80002340 (0x00ef9a93) x21 0x21014000
core   0: 0x80002344 (0xebe33213) sltiu   tp, t1, -322
core   0: 3 0x80002344 (0xebe33213) x4  0x00000001
core   0: 0x80002348 (0x41c50e33) sub     t3, a0, t3
core   0: 3 0x80002348 (0x41c50e33) x28 0x80014e63
core   0: 0x8000234c (0x41b8d933) sra     s2, a7, s11
core   0: 3 0x8000234c (0x41b8d933) x18 0x00000000
core   0: 0x80002350 (0xa32bef93) ori     t6, s7, -1486
core   0: 3 0x80002350 (0xa32bef93) x31 0xfffffaba
core   0: 0x80002354 (0x94f8c813) xori    a6, a7, -1713
core   0: 3 0x80002354 (0x94f8c813) x16 0xfffff94f
core   0: 0x80002358 (0x019cf233) and     tp, s9, s9
core   0: 3 0x80002358 (0x019cf233) x4  0x00000000
core   0: 0x8000235c (0x13957b13) andi    s6, a0, 313
core   0: 3 0x8000235c (0x13957b13) x22 0x00000020
core   0: 0x80002360 (0x00ba0e33) add     t3, s4, a1
core   0: 3 0x80002360 (0x00ba0e33) x28 0x00000000
core   0: 0x80002364 (0x4a548213) addi    tp, s1, 1189
core   0: 3 0x80002364 (0x4a548213) x4  0x000004a6
core   0: 0x80002368 (0x016273b3) and     t2, tp, s6
core   0: 3 0x80002368 (0x016273b3) x7  0x00000020
core   0: 0x8000236c (0x014badb3) slt     s11, s7, s4
core   0: 3 0x8000236c (0x014badb3) x27 0x00000001
core   0: 0x80002370 (0x2f7eb413) sltiu   s0, t4, 759
core   0: 3 0x80002370 (0x2f7eb413) x8  0x00000001
core   0: 0x80002374 (0x015cec33) or      s8, s9, s5
core   0: 3 0x80002374 (0x015cec33) x24 0x21014000
core   0: 0x80002378 (0x009cf7b3) and     a5, s9, s1
core   0: 3 0x80002378 (0x009cf7b3) x15 0x00000000
core   0: 0x8000237c (0x9a0d3693) sltiu   a3, s10, -1632
core   0: 3 0x8000237c (0x9a0d3693) x13 0x00000001
core   0: 0x80002380 (0xa69b0c97) auipc   s9, 0xa69b0
core   0: 3 0x80002380 (0xa69b0c97) x25 0x269b2380
core   0: 0x80002384 (0x0f7e6f97) auipc   t6, 0xf7e6
core   0: 3 0x80002384 (0x0f7e6f97) x31 0x8f7e8384
core   0: 0x80002388 (0xeb301437) lui     s0, 0xeb301
core   0: 3 0x80002388 (0xeb301437) x8  0xeb301000
core   0: 0x8000238c (0x96d72613) slti    a2, a4, -1683
core   0: 3 0x8000238c (0x96d72613) x12 0x00000000
core   0: 0x80002390 (0x010fcdb3) xor     s11, t6, a6
core   0: 3 0x80002390 (0x010fcdb3) x27 0x70817acb
core   0: 0x80002394 (0x012f1213) slli    tp, t5, 18
core   0: 3 0x80002394 (0x012f1213) x4  0x33900000
core   0: 0x80002398 (0x41f28d33) sub     s10, t0, t6
core   0: 3 0x80002398 (0x41f28d33) x26 0x663b3c7c
core   0: 0x8000239c (0x004a2933) slt     s2, s4, tp
core   0: 3 0x8000239c (0x004a2933) x18 0x00000001
core   0: 0x800023a0 (0x016318b3) sll     a7, t1, s6
core   0: 3 0x800023a0 (0x016318b3) x17 0x00000001
core   0: 0x800023a4 (0x1c93beb7) lui     t4, 0x1c93b
core   0: 3 0x800023a4 (0x1c93beb7) x29 0x1c93b000
core   0: 0x800023a8 (0x40cd0433) sub     s0, s10, a2
core   0: 3 0x800023a8 (0x40cd0433) x8  0x663b3c7c
core   0: 0x800023ac (0x00f10833) add     a6, sp, a5
core   0: 3 0x800023ac (0x00f10833) x16 0x00000001
core   0: 0x800023b0 (0x40e3d613) srai    a2, t2, 14
core   0: 3 0x800023b0 (0x40e3d613) x12 0x00000000
core   0: 0x800023b4 (0x01140eb3) add     t4, s0, a7
core   0: 3 0x800023b4 (0x01140eb3) x29 0x663b3c7d
core   0: 0x800023b8 (0x01055033) srl     zero, a0, a6
core   0: 3 0x800023b8 (0x01055033)
core   0: 0x800023bc (0x01344133) xor     sp, s0, s3
core   0: 3 0x800023bc (0x01344133) x2  0x663b3c73
core   0: 0x800023c0 (0x01678ab3) add     s5, a5, s6
core   0: 3 0x800023c0 (0x01678ab3) x21 0x00000020
core   0: 0x800023c4 (0x0db7e913) ori     s2, a5, 219
core   0: 3 0x800023c4 (0x0db7e913) x18 0x000000db
core   0: 0x800023c8 (0x41925ab3) sra     s5, tp, s9
core   0: 3 0x800023c8 (0x41925ab3) x21 0x33900000
core   0: 0x800023cc (0x017183b3) add     t2, gp, s7
core   0: 3 0x800023cc (0x017183b3) x7  0xbc5a42b9
core   0: 0x800023d0 (0x409d5913) srai    s2, s10, 9
core   0: 3 0x800023d0 (0x409d5913) x18 0x00331d9e
core   0: 0x800023d4 (0x01ac4893) xori    a7, s8, 26
core   0: 3 0x800023d4 (0x01ac4893) x17 0x2101401a
core   0: 0x800023d8 (0x9db83393) sltiu   t2, a6, -1573
core   0: 3 0x800023d8 (0x9db83393) x7  0x00000001
core   0: 0x800023dc (0xc40ea793) slti    a5, t4, -960
core   0: 3 0x800023dc (0xc40ea793) x15 0x00000000
core   0: 0x800023e0 (0x40fd0eb3) sub     t4, s10, a5
core   0: 3 0x800023e0 (0x40fd0eb3) x29 0x663b3c7c
core   0: 0x800023e4 (0x01f5bcb3) sltu    s9, a1, t6
core   0: 3 0x800023e4 (0x01f5bcb3) x25 0x00000001
core   0: 0x800023e8 (0x01cb0eb3) add     t4, s6, t3
core   0: 3 0x800023e8 (0x01cb0eb3) x29 0x00000020
core   0: 0x800023ec (0x40e68033) sub     zero, a3, a4
core   0: 3 0x800023ec (0x40e68033)
core   0: 0x800023f0 (0x01b89033) sll     zero, a7, s11
core   0: 3 0x800023f0 (0x01b89033)
core   0: 0x800023f4 (0x004d4733) xor     a4, s10, tp
core   0: 3 0x800023f4 (0x004d4733) x14 0x55ab3c7c
core   0: 0x800023f8 (0xa4a00e13) li      t3, -1462
core   0: 3 0x800023f8 (0xa4a00e13) x28 0xfffffa4a
core   0: 0x800023fc (0x41510ab3) sub     s5, sp, s5
core   0: 3 0x800023fc (0x41510ab3) x21 0x32ab3c73
core   0: 0x80002400 (0x22f0ed97) auipc   s11, 0x22f0e
core   0: 3 0x80002400 (0x22f0ed97) x27 0xa2f10400
core   0: 0x80002404 (0x00ccedb3) or      s11, s9, a2
core   0: 3 0x80002404 (0x00ccedb3) x27 0x00000001
core   0: 0x80002408 (0x409bd933) sra     s2, s7, s1
core   0: 3 0x80002408 (0x409bd933) x18 0xde2d215c
core   0: 0x8000240c (0x01ce4eb3) xor     t4, t3, t3
core   0: 3 0x8000240c (0x01ce4eb3) x29 0x00000000
core   0: 0x80002410 (0x7583db97) auipc   s7, 0x7583d
core   0: 3 0x80002410 (0x7583db97) x23 0xf583f410
core   0: 0x80002414 (0xc7efbc93) sltiu   s9, t6, -898
core   0: 3 0x80002414 (0xc7efbc93) x25 0x00000001
core   0: 0x80002418 (0x93a30293) addi    t0, t1, -1734
core   0: 3 0x80002418 (0x93a30293) x5  0xfffff93b
core   0: 0x8000241c (0x00000013) nop
core   0: 3 0x8000241c (0x00000013)
core   0: 0x80002420 (0x418587b3) sub     a5, a1, s8
core   0: 3 0x80002420 (0x418587b3) x15 0xdefec000
core   0: 0x80002424 (0x4bbca193) slti    gp, s9, 1211
core   0: 3 0x80002424 (0x4bbca193) x3  0x00000001
core   0: 0x80002428 (0x01e9a3b3) slt     t2, s3, t5
core   0: 3 0x80002428 (0x01e9a3b3) x7  0x00000000
core   0: 0x8000242c (0x00662cb3) slt     s9, a2, t1
core   0: 3 0x8000242c (0x00662cb3) x25 0x00000001
core   0: 0x80002430 (0xd5b94913) xori    s2, s2, -677
core   0: 3 0x80002430 (0xd5b94913) x18 0x21d2dc07
core   0: 0x80002434 (0x01a08433) add     s0, ra, s10
core   0: 3 0x80002434 (0x01a08433) x8  0x663b3c7c
core   0: 0x80002438 (0xd689f393) andi    t2, s3, -664
core   0: 3 0x80002438 (0xd689f393) x7  0x00000008
core   0: 0x8000243c (0x0164c4b3) xor     s1, s1, s6
core   0: 3 0x8000243c (0x0164c4b3) x9  0x00000021
core   0: 0x80002440 (0x00828633) add     a2, t0, s0
core   0: 3 0x80002440 (0x00828633) x12 0x663b35b7
core   0: 0x80002444 (0x41f100b3) sub     ra, sp, t6
core   0: 3 0x80002444 (0x41f100b3) x1  0xd6bcb8ef
core   0: 0x80002448 (0x4027dc33) sra     s8, a5, sp
core   0: 3 0x80002448 (0x4027dc33) x24 0xfffffbdf
core   0: 0x8000244c (0x08f90c93) addi    s9, s2, 143
core   0: 3 0x8000244c (0x08f90c93) x25 0x21d2dc96
core   0: 0x80002450 (0x4079d593) srai    a1, s3, 7
core   0: 3 0x80002450 (0x4079d593) x11 0x00000000
core   0: 0x80002454 (0x58a88093) addi    ra, a7, 1418
core   0: 3 0x80002454 (0x58a88093) x1  0x210145a4
core   0: 0x80002458 (0x57b36f93) ori     t6, t1, 1403
core   0: 3 0x80002458 (0x57b36f93) x31 0x0000057b
core   0: 0x8000245c (0x017ebdb3) sltu    s11, t4, s7
core   0: 3 0x8000245c (0x017ebdb3) x27 0x00000001
core   0: 0x80002460 (0xb86b0493) addi    s1, s6, -1146
core   0: 3 0x80002460 (0xb86b0493) x9  0xfffffba6
core   0: 0x80002464 (0x01358cb3) add     s9, a1, s3
core   0: 3 0x80002464 (0x01358cb3) x25 0x0000000f
core   0: 0x80002468 (0x01c6cd33) xor     s10, a3, t3
core   0: 3 0x80002468 (0x01c6cd33) x26 0xfffffa4b
core   0: 0x8000246c (0x01c2ecb3) or      s9, t0, t3
core   0: 3 0x8000246c (0x01c2ecb3) x25 0xfffffb7b
core   0: 0x80002470 (0x674fb493) sltiu   s1, t6, 1652
core   0: 3 0x80002470 (0x674fb493) x9  0x00000001
core   0: 0x80002474 (0x00da07b3) add     a5, s4, a3
core   0: 3 0x80002474 (0x00da07b3) x15 0x00000001
core   0: 0x80002478 (0x2294ff93) andi    t6, s1, 553
core   0: 3 0x80002478 (0x2294ff93) x31 0x00000001
core   0: 0x8000247c (0x79d9f213) andi    tp, s3, 1949
core   0: 3 0x8000247c (0x79d9f213) x4  0x0000000d
core   0: 0x80002480 (0x0003f633) and     a2, t2, zero
core   0: 3 0x80002480 (0x0003f633) x12 0x00000000
core   0: 0x80002484 (0xa7daf393) andi    t2, s5, -1411
core   0: 3 0x80002484 (0xa7daf393) x7  0x32ab3871
core   0: 0x80002488 (0x299c0837) lui     a6, 0x299c0
core   0: 3 0x80002488 (0x299c0837) x16 0x299c0000
core   0: 0x8000248c (0x01f0ee33) or      t3, ra, t6
core   0: 3 0x8000248c (0x01f0ee33) x28 0x210145a5
core   0: 0x80002490 (0x00b94eb3) xor     t4, s2, a1
core   0: 3 0x80002490 (0x00b94eb3) x29 0x21d2dc07
core   0: 0x80002494 (0x00b63c33) sltu    s8, a2, a1
core   0: 3 0x80002494 (0x00b63c33) x24 0x00000000
core   0: 0x80002498 (0x00752b13) slti    s6, a0, 7
core   0: 3 0x80002498 (0x00752b13) x22 0x00000001
core   0: 0x8000249c (0x00d25cb3) srl     s9, tp, a3
core   0: 3 0x8000249c (0x00d25cb3) x25 0x00000006
core   0: 0x800024a0 (0x00375d93) srli    s11, a4, 3
core   0: 3 0x800024a0 (0x00375d93) x27 0x0ab5678f
core   0: 0x800024a4 (0x00000013) nop
core   0: 3 0x800024a4 (0x00000013)
core   0: 0x800024a8 (0x00accc33) xor     s8, s9, a0
core   0: 3 0x800024a8 (0x00accc33) x24 0x80014e62
core   0: 0x800024ac (0x6418c893) xori    a7, a7, 1601
core   0: 3 0x800024ac (0x6418c893) x17 0x2101465b
core   0: 0x800024b0 (0x41735f93) srai    t6, t1, 23
core   0: 3 0x800024b0 (0x41735f93) x31 0x00000000
core   0: 0x800024b4 (0x0152a333) slt     t1, t0, s5
core   0: 3 0x800024b4 (0x0152a333) x6  0x00000001
core   0: 0x800024b8 (0x00e40033) add     zero, s0, a4
core   0: 3 0x800024b8 (0x00e40033)
core   0: 0x800024bc (0x01391593) slli    a1, s2, 19
core   0: 3 0x800024bc (0x01391593) x11 0xe0380000
core   0: 0x800024c0 (0x2ec5eb13) ori     s6, a1, 748
core   0: 3 0x800024c0 (0x2ec5eb13) x22 0xe03802ec
core   0: 0x800024c4 (0x8e253113) sltiu   sp, a0, -1822
core   0: 3 0x800024c4 (0x8e253113) x2  0x00000001
core   0: 0x800024c8 (0x011bc1b3) xor     gp, s7, a7
core   0: 3 0x800024c8 (0x011bc1b3) x3  0xd482b24b
core   0: 0x800024cc (0x0013bbb3) sltu    s7, t2, ra
core   0: 3 0x800024cc (0x0013bbb3) x23 0x00000000
core   0: 0x800024d0 (0x00707133) and     sp, zero, t2
core   0: 3 0x800024d0 (0x00707133) x2  0x00000000
core   0: 0x800024d4 (0x494a0a13) addi    s4, s4, 1172
core   0: 3 0x800024d4 (0x494a0a13) x20 0x00000494
core   0: 0x800024d8 (0x01774833) xor     a6, a4, s7
core   0: 3 0x800024d8 (0x01774833) x16 0x55ab3c7c
core   0: 0x800024dc (0x86c4c793) xori    a5, s1, -1940
core   0: 3 0x800024dc (0x86c4c793) x15 0xfffff86d
core   0: 0x800024e0 (0x001c52b3) srl     t0, s8, ra
core   0: 3 0x800024e0 (0x001c52b3) x5  0x080014e6
core   0: 0x800024e4 (0xe1043413) sltiu   s0, s0, -496
core   0: 3 0x800024e4 (0xe1043413) x8  0x00000001
core   0: 0x800024e8 (0x009a1d93) slli    s11, s4, 9
core   0: 3 0x800024e8 (0x009a1d93) x27 0x00092800
core   0: 0x800024ec (0x00389013) slli    zero, a7, 3
core   0: 3 0x800024ec (0x00389013)
core   0: 0x800024f0 (0x00000013) nop
core   0: 3 0x800024f0 (0x00000013)
core   0: 0x800024f4 (0x0117d413) srli    s0, a5, 17
core   0: 3 0x800024f4 (0x0117d413) x8  0x00007fff
core   0: 0x800024f8 (0x12760e37) lui     t3, 0x12760
core   0: 3 0x800024f8 (0x12760e37) x28 0x12760000
core   0: 0x800024fc (0x408bdcb3) sra     s9, s7, s0
core   0: 3 0x800024fc (0x408bdcb3) x25 0x00000000
core   0: 0x80002500 (0x00000013) nop
core   0: 3 0x80002500 (0x00000013)
core   0: 0x80002504 (0x41415233) sra     tp, sp, s4
core   0: 3 0x80002504 (0x41415233) x4  0x00000000
core   0: 0x80002508 (0x40c7d2b3) sra     t0, a5, a2
core   0: 3 0x80002508 (0x40c7d2b3) x5  0xfffff86d
core   0: 0x8000250c (0x41ba0b33) sub     s6, s4, s11
core   0: 3 0x8000250c (0x41ba0b33) x22 0xfff6dc94
core   0: 0x80002510 (0x461c4d13) xori    s10, s8, 1121
core   0: 3 0x80002510 (0x461c4d13) x26 0x80014a03
core   0: 0x80002514 (0x141a8e37) lui     t3, 0x141a8
core   0: 3 0x80002514 (0x141a8e37) x28 0x141a8000
core   0: 0x80002518 (0x00585813) srli    a6, a6, 5
core   0: 3 0x80002518 (0x00585813) x16 0x02ad59e3
core   0: 0x8000251c (0xd66d2937) lui     s2, 0xd66d2
core   0: 3 0x8000251c (0xd66d2937) x18 0xd66d2000
core   0: 0x80002520 (0x014621b3) slt     gp, a2, s4
core   0: 3 0x80002520 (0x014621b3) x3  0x00000001
core   0: 0x80002524 (0x00a24133) xor     sp, tp, a0
core   0: 3 0x80002524 (0x00a24133) x2  0x80014e64
core   0: 0x80002528 (0x535d2213) slti    tp, s10, 1333
core   0: 3 0x80002528 (0x535d2213) x4  0x00000001
core   0: 0x8000252c (0x5b53a913) slti    s2, t2, 1461
core   0: 3 0x8000252c (0x5b53a913) x18 0x00000000
core   0: 0x80002530 (0x00e84ab3) xor     s5, a6, a4
core   0: 3 0x80002530 (0x00e84ab3) x21 0x5706659f
core   0: 0x80002534 (0xb4daf493) andi    s1, s5, -1203
core   0: 3 0x80002534 (0xb4daf493) x9  0x5706610d
core   0: 0x80002538 (0x1ebf0493) addi    s1, t5, 491
core   0: 3 0x80002538 (0x1ebf0493) x9  0x80018ecf
core   0: 0x8000253c (0xb6448d93) addi    s11, s1, -1180
core   0: 3 0x8000253c (0xb6448d93) x27 0x80018a33
core   0: 0x80002540 (0xb1322b93) slti    s7, tp, -1261
core   0: 3 0x80002540 (0xb1322b93) x23 0x00000000
core   0: 0x80002544 (0x98d24e13) xori    t3, tp, -1651
core   0: 3 0x80002544 (0x98d24e13) x28 0xfffff98c
core   0: 0x80002548 (0x24a9fb13) andi    s6, s3, 586
core   0: 3 0x80002548 (0x24a9fb13) x22 0x0000000a
core   0: 0x8000254c (0xcd00b493) sltiu   s1, ra, -816
core   0: 3 0x8000254c (0xcd00b493) x9  0x00000001
core   0: 0x80002550 (0xdbddb313) sltiu   t1, s11, -579
core   0: 3 0x80002550 (0xdbddb313) x6  0x00000001
core   0: 0x80002554 (0x0df36a13) ori     s4, t1, 223
core   0: 3 0x80002554 (0x0df36a13) x20 0x000000df
core   0: 0x80002558 (0x0176dd93) srli    s11, a3, 23
core   0: 3 0x80002558 (0x0176dd93) x27 0x00000000
core   0: 0x8000255c (0x00000013) nop
core   0: 3 0x8000255c (0x00000013)
core   0: 0x80002560 (0x1f17c793) xori    a5, a5, 497
core   0: 3 0x80002560 (0x1f17c793) x15 0xfffff99c
core   0: 0x80002564 (0x4194d0b3) sra     ra, s1, s9
core   0: 3 0x80002564 (0x4194d0b3) x1  0x00000001
core   0: 0x80002568 (0x09aaa893) slti    a7, s5, 154
core   0: 3 0x80002568 (0x09aaa893) x17 0x00000000
core   0: 0x8000256c (0x00912633) slt     a2, sp, s1
core   0: 3 0x8000256c (0x00912633) x12 0x00000001
core   0: 0x80002570 (0x007fd313) srli    t1, t6, 7
core   0: 3 0x80002570 (0x007fd313) x6  0x00000000
core   0: 0x80002574 (0x2470f693) andi    a3, ra, 583
core   0: 3 0x80002574 (0x2470f693) x13 0x00000001
core   0: 0x80002578 (0x016b6d33) or      s10, s6, s6
core   0: 3 0x80002578 (0x016b6d33) x26 0x0000000a
core   0: 0x8000257c (0x00de4033) xor     zero, t3, a3
core   0: 3 0x8000257c (0x00de4033)
core   0: 0x80002580 (0x40a65493) srai    s1, a2, 10
core   0: 3 0x80002580 (0x40a65493) x9  0x00000000
core   0: 0x80002584 (0x400d0333) sub     t1, s10, zero
core   0: 3 0x80002584 (0x400d0333) x6  0x0000000a
core   0: 0x80002588 (0x43e770b7) lui     ra, 0x43e77
core   0: 3 0x80002588 (0x43e770b7) x1  0x43e77000
core   0: 0x8000258c (0xd58e2c97) auipc   s9, 0xd58e2
core   0: 3 0x8000258c (0xd58e2c97) x25 0x558e458c
core   0: 0x80002590 (0xfee1ab97) auipc   s7, 0xfee1a
core   0: 3 0x80002590 (0xfee1ab97) x23 0x7ee1c590
core   0: 0x80002594 (0x00f3ffb3) and     t6, t2, a5
core   0: 3 0x80002594 (0x00f3ffb3) x31 0x32ab3810
core   0: 0x80002598 (0xa0719937) lui     s2, 0xa0719
core   0: 3 0x80002598 (0xa0719937) x18 0xa0719000
core   0: 0x8000259c (0x1e4eea37) lui     s4, 0x1e4ee
core   0: 3 0x8000259c (0x1e4eea37) x20 0x1e4ee000
core   0: 0x800025a0 (0x00b426b3) slt     a3, s0, a1
core   0: 3 0x800025a0 (0x00b426b3) x13 0x00000000
core   0: 0x800025a4 (0x00955b13) srli    s6, a0, 9
core   0: 3 0x800025a4 (0x00955b13) x22 0x004000a7
core   0: 0x800025a8 (0x013606b3) add     a3, a2, s3
core   0: 3 0x800025a8 (0x013606b3) x13 0x00000010
core   0: 0x800025ac (0x00d8d393) srli    t2, a7, 13
core   0: 3 0x800025ac (0x00d8d393) x7  0x00000000
core   0: 0x800025b0 (0x82b88ab7) lui     s5, 0x82b88
core   0: 3 0x800025b0 (0x82b88ab7) x21 0x82b88000
core   0: 0x800025b4 (0x7148d837) lui     a6, 0x7148d
core   0: 3 0x800025b4 (0x7148d837) x16 0x7148d000
core   0: 0x800025b8 (0x81746093) ori     ra, s0, -2025
core   0: 3 0x800025b8 (0x81746093) x1  0xffffffff
core   0: 0x800025bc (0x009138b3) sltu    a7, sp, s1
core   0: 3 0x800025bc (0x009138b3) x17 0x00000000
core   0: 0x800025c0 (0x00728233) add     tp, t0, t2
core   0: 3 0x800025c0 (0x00728233) x4  0xfffff86d
core   0: 0x800025c4 (0x0e11eb13) ori     s6, gp, 225
core   0: 3 0x800025c4 (0x0e11eb13) x22 0x000000e1
core   0: 0x800025c8 (0x01b35a33) srl     s4, t1, s11
core   0: 3 0x800025c8 (0x01b35a33) x20 0x0000000a
core   0: 0x800025cc (0x10982897) auipc   a7, 0x10982
core   0: 3 0x800025cc (0x10982897) x17 0x909845cc
core   0: 0x800025d0 (0x01311113) slli    sp, sp, 19
core   0: 3 0x800025d0 (0x01311113) x2  0x73200000
core   0: 0x800025d4 (0x40285ab3) sra     s5, a6, sp
core   0: 3 0x800025d4 (0x40285ab3) x21 0x7148d000
core   0: 0x800025d8 (0xf2e0f737) lui     a4, 0xf2e0f
core   0: 3 0x800025d8 (0xf2e0f737) x14 0xf2e0f000
core   0: 0x800025dc (0x00f081b3) add     gp, ra, a5
core   0: 3 0x800025dc (0x00f081b3) x3  0xfffff99b
core   0: 0x800025e0 (0x01d5f5b3) and     a1, a1, t4
core   0: 3 0x800025e0 (0x01d5f5b3) x11 0x20100000
core   0: 0x800025e4 (0x01739b93) slli    s7, t2, 23
core   0: 3 0x800025e4 (0x01739b93) x23 0x00000000
core   0: 0x800025e8 (0x004c3e33) sltu    t3, s8, tp
core   0: 3 0x800025e8 (0x004c3e33) x28 0x00000001
core   0: 0x800025ec (0x40bfd333) sra     t1, t6, a1
core   0: 3 0x800025ec (0x40bfd333) x6  0x32ab3810
core   0: 0x800025f0 (0x0131e433) or      s0, gp, s3
core   0: 3 0x800025f0 (0x0131e433) x8  0xfffff99f
core   0: 0x800025f4 (0x5a826a93) ori     s5, tp, 1448
core   0: 3 0x800025f4 (0x5a826a93) x21 0xfffffded
core   0: 0x800025f8 (0x00d7b033) sltu    zero, a5, a3
core   0: 3 0x800025f8 (0x00d7b033)
core   0: 0x800025fc (0x00715bb3) srl     s7, sp, t2
core   0: 3 0x800025fc (0x00715bb3) x23 0x73200000
core   0: 0x80002600 (0xb38d0193) addi    gp, s10, -1224
core   0: 3 0x80002600 (0xb38d0193) x3  0xfffffb42
core   0: 0x80002604 (0x409b00b3) sub     ra, s6, s1
core   0: 3 0x80002604 (0x409b00b3) x1  0x000000e1
core   0: 0x80002608 (0xd0b6fc13) andi    s8, a3, -757
core   0: 3 0x80002608 (0xd0b6fc13) x24 0x00000000
core   0: 0x8000260c (0x00000013) nop
core   0: 3 0x8000260c (0x00000013)
core   0: 0x80002610 (0x4078ddb3) sra     s11, a7, t2
core   0: 3 0x80002610 (0x4078ddb3) x27 0x909845cc
core   0: 0x80002614 (0x41db0733) sub     a4, s6, t4
core   0: 3 0x80002614 (0x41db0733) x14 0xde2d24da
core   0: 0x80002618 (0x013cd1b3) srl     gp, s9, s3
core   0: 3 0x80002618 (0x013cd1b3) x3  0x0000ab1c
core   0: 0x8000261c (0x00668133) add     sp, a3, t1
core   0: 3 0x8000261c (0x00668133) x2  0x32ab3820
core   0: 0x80002620 (0x00d7d433) srl     s0, a5, a3
core   0: 3 0x80002620 (0x00d7d433) x8  0x0000ffff
core   0: 0x80002624 (0x0187d693) srli    a3, a5, 24
core   0: 3 0x80002624 (0x0187d693) x13 0x000000ff
core   0: 0x80002628 (0x00000013) nop
core   0: 3 0x80002628 (0x00000013)
core   0: 0x8000262c (0x003c2333) slt     t1, s8, gp
core   0: 3 0x8000262c (0x003c2333) x6  0x00000001
core   0: 0x80002630 (0x009345b3) xor     a1, t1, s1
core   0: 3 0x80002630 (0x009345b3) x11 0x00000001
core   0: 0x80002634 (0xce848b93) addi    s7, s1, -792
core   0: 3 0x80002634 (0xce848b93) x23 0xfffffce8
core   0: 0x80002638 (0x006d1e33) sll     t3, s10, t1
core   0: 3 0x80002638 (0x006d1e33) x28 0x00000014
core   0: 0x8000263c (0x00000013) nop
core   0: 3 0x8000263c (0x00000013)
core   0: 0x80002640 (0x4086e893) ori     a7, a3, 1032
core   0: 3 0x80002640 (0x4086e893) x17 0x000004ff
core   0: 0x80002644 (0x005b5a93) srli    s5, s6, 5
core   0: 3 0x80002644 (0x005b5a93) x21 0x00000007
core   0: 0x80002648 (0xc2f2ae93) slti    t4, t0, -977
core   0: 3 0x80002648 (0xc2f2ae93) x29 0x00000001
core   0: 0x8000264c (0x40c8d6b3) sra     a3, a7, a2
core   0: 3 0x8000264c (0x40c8d6b3) x13 0x0000027f
core   0: 0x80002650 (0x0190a633) slt     a2, ra, s9
core   0: 3 0x80002650 (0x0190a633) x12 0x00000001
core   0: 0x80002654 (0x01a85cb3) srl     s9, a6, s10
core   0: 3 0x80002654 (0x01a85cb3) x25 0x001c5234
core   0: 0x80002658 (0x019e44b3) xor     s1, t3, s9
core   0: 3 0x80002658 (0x019e44b3) x9  0x001c5220
core   0: 0x8000265c (0x00bb9d93) slli    s11, s7, 11
core   0: 3 0x8000265c (0x00bb9d93) x27 0xffe74000
core   0: 0x80002660 (0x01e39b13) slli    s6, t2, 30
core   0: 3 0x80002660 (0x01e39b13) x22 0x00000000
core   0: 0x80002664 (0x00030c33) add     s8, t1, zero
core   0: 3 0x80002664 (0x00030c33) x24 0x00000001
core   0: 0x80002668 (0x00cd8c33) add     s8, s11, a2
core   0: 3 0x80002668 (0x00cd8c33) x24 0xffe74001
core   0: 0x8000266c (0x441a4413) xori    s0, s4, 1089
core   0: 3 0x8000266c (0x441a4413) x8  0x0000044b
core   0: 0x80002670 (0x00e6f0b3) and     ra, a3, a4
core   0: 3 0x80002670 (0x00e6f0b3) x1  0x0000005a
core   0: 0x80002674 (0x0147fcb3) and     s9, a5, s4
core   0: 3 0x80002674 (0x0147fcb3) x25 0x00000008
core   0: 0x80002678 (0x00993ab3) sltu    s5, s2, s1
core   0: 3 0x80002678 (0x00993ab3) x21 0x00000000
core   0: 0x8000267c (0x0096a333) slt     t1, a3, s1
core   0: 3 0x8000267c (0x0096a333) x6  0x00000001
core   0: 0x80002680 (0x01fbbcb3) sltu    s9, s7, t6
core   0: 3 0x80002680 (0x01fbbcb3) x25 0x00000000
core   0: 0x80002684 (0x010486b3) add     a3, s1, a6
core   0: 3 0x80002684 (0x010486b3) x13 0x71652220
core   0: 0x80002688 (0x0127da13) srli    s4, a5, 18
core   0: 3 0x80002688 (0x0127da13) x20 0x00003fff
core   0: 0x8000268c (0x013858b3) srl     a7, a6, s3
core   0: 3 0x8000268c (0x013858b3) x17 0x0000e291
core   0: 0x80002690 (0xfe5e8093) addi    ra, t4, -27
core   0: 3 0x80002690 (0xfe5e8093) x1  0xffffffe6
core   0: 0x80002694 (0x00000013) nop
core   0: 3 0x80002694 (0x00000013)
core   0: 0x80002698 (0x007f4433) xor     s0, t5, t2
core   0: 3 0x80002698 (0x007f4433) x8  0x80018ce4
core   0: 0x8000269c (0x01b55013) srli    zero, a0, 27
core   0: 3 0x8000269c (0x01b55013)
core   0: 0x800026a0 (0x01b5dbb3) srl     s7, a1, s11
core   0: 3 0x800026a0 (0x01b5dbb3) x23 0x00000001
core   0: 0x800026a4 (0x01642433) slt     s0, s0, s6
core   0: 3 0x800026a4 (0x01642433) x8  0x00000001
core   0: 0x800026a8 (0x7aa90e13) addi    t3, s2, 1962
core   0: 3 0x800026a8 (0x7aa90e13) x28 0xa07197aa
core   0: 0x800026ac (0x523a7593) andi    a1, s4, 1315
core   0: 3 0x800026ac (0x523a7593) x11 0x00000523
core   0: 0x800026b0 (0x000e9fb3) sll     t6, t4, zero
core   0: 3 0x800026b0 (0x000e9fb3) x31 0x00000001
core   0: 0x800026b4 (0x0023f2b3) and     t0, t2, sp
core   0: 3 0x800026b4 (0x0023f2b3) x5  0x00000000
core   0: 0x800026b8 (0x00000013) nop
core   0: 3 0x800026b8 (0x00000013)
core   0: 0x800026bc (0x01c6ddb3) srl     s11, a3, t3
core   0: 3 0x800026bc (0x01c6ddb3) x27 0x001c5948
core   0: 0x800026c0 (0x00785713) srli    a4, a6, 7
core   0: 3 0x800026c0 (0x00785713) x14 0x00e291a0
core   0: 0x800026c4 (0x00f3fbb3) and     s7, t2, a5
core   0: 3 0x800026c4 (0x00f3fbb3) x23 0x00000000
core   0: 0x800026c8 (0x006fe8b3) or      a7, t6, t1
core   0: 3 0x800026c8 (0x006fe8b3) x17 0x00000001
core   0: 0x800026cc (0x418a5cb3) sra     s9, s4, s8
core   0: 3 0x800026cc (0x418a5cb3) x25 0x00001fff
core   0: 0x800026d0 (0xe99a3893) sltiu   a7, s4, -359
core   0: 3 0x800026d0 (0xe99a3893) x17 0x00000001
core   0: 0x800026d4 (0x015936b3) sltu    a3, s2, s5
core   0: 3 0x800026d4 (0x015936b3) x13 0x00000000
core   0: 0x800026d8 (0x01c34733) xor     a4, t1, t3
core   0: 3 0x800026d8 (0x01c34733) x14 0xa07197ab
core   0: 0x800026dc (0x00000013) nop
core   0: 3 0x800026dc (0x00000013)
core   0: 0x800026e0 (0x40cc06b3) sub     a3, s8, a2
core   0: 3 0x800026e0 (0x40cc06b3) x13 0xffe74000
core   0: 0x800026e4 (0x41f90433) sub     s0, s2, t6
core   0: 3 0x800026e4 (0x41f90433) x8  0xa0718fff
core   0: 0x800026e8 (0xe336bb13) sltiu   s6, a3, -461
core   0: 3 0x800026e8 (0xe336bb13) x22 0x00000001
core   0: 0x800026ec (0x00000013) nop
core   0: 3 0x800026ec (0x00000013)
core   0: 0x800026f0 (0x0045bab3) sltu    s5, a1, tp
core   0: 3 0x800026f0 (0x0045bab3) x21 0x00000001
core   0: 0x800026f4 (0x015621b3) slt     gp, a2, s5
core   0: 3 0x800026f4 (0x015621b3) x3  0x00000000
core   0: 0x800026f8 (0x06e92293) slti    t0, s2, 110
core   0: 3 0x800026f8 (0x06e92293) x5  0x00000001
core   0: 0x800026fc (0x66717217) auipc   tp, 0x66717
core   0: 3 0x800026fc (0x66717217) x4  0xe67196fc
core   0: 0x80002700 (0x00000013) nop
core   0: 3 0x80002700 (0x00000013)
core   0: 0x80002704 (0x015073b3) and     t2, zero, s5
core   0: 3 0x80002704 (0x015073b3) x7  0x00000000
core   0: 0x80002708 (0x6a669937) lui     s2, 0x6a669
core   0: 3 0x80002708 (0x6a669937) x18 0x6a669000
core   0: 0x8000270c (0x41925633) sra     a2, tp, s9
core   0: 3 0x8000270c (0x41925633) x12 0xffffffff
core   0: 0x80002710 (0x01f20a33) add     s4, tp, t6
core   0: 3 0x80002710 (0x01f20a33) x20 0xe67196fd
core   0: 0x80002714 (0x5ed37093) andi    ra, t1, 1517
core   0: 3 0x80002714 (0x5ed37093) x1  0x00000001
core   0: 0x80002718 (0x01adaeb3) slt     t4, s11, s10
core   0: 3 0x80002718 (0x01adaeb3) x29 0x00000000
core   0: 0x8000271c (0x2995c117) auipc   sp, 0x2995c
core   0: 3 0x8000271c (0x2995c117) x2  0xa995e71c
core   0: 0x80002720 (0x848860b7) lui     ra, 0x84886
core   0: 3 0x80002720 (0x848860b7) x1  0x84886000
core   0: 0x80002724 (0x013842b3) xor     t0, a6, s3
core   0: 3 0x80002724 (0x013842b3) x5  0x7148d00f
core   0: 0x80002728 (0x00000013) nop
core   0: 3 0x80002728 (0x00000013)
core   0: 0x8000272c (0x0166a033) slt     zero, a3, s6
core   0: 3 0x8000272c (0x0166a033)
core   0: 0x80002730 (0x01725393) srli    t2, tp, 23
core   0: 3 0x80002730 (0x01725393) x7  0x000001cc
core   0: 0x80002734 (0x00b6a4b3) slt     s1, a3, a1
core   0: 3 0x80002734 (0x00b6a4b3) x9  0x00000001
core   0: 0x80002738 (0x09397797) auipc   a5, 0x9397
core   0: 3 0x80002738 (0x09397797) x15 0x89399738
core   0: 0x8000273c (0x284a4897) auipc   a7, 0x284a4
core   0: 3 0x8000273c (0x284a4897) x17 0xa84a673c
core   0: 0x80002740 (0x01ffd913) srli    s2, t6, 31
core   0: 3 0x80002740 (0x01ffd913) x18 0x00000000
core   0: 0x80002744 (0x01be95b3) sll     a1, t4, s11
core   0: 3 0x80002744 (0x01be95b3) x11 0x00000000
core   0: 0x80002748 (0xc86ffb93) andi    s7, t6, -890
core   0: 3 0x80002748 (0xc86ffb93) x23 0x00000000
core   0: 0x8000274c (0x004aacb3) slt     s9, s5, tp
core   0: 3 0x8000274c (0x004aacb3) x25 0x00000000
core   0: 0x80002750 (0x00ddfbb3) and     s7, s11, a3
core   0: 3 0x80002750 (0x00ddfbb3) x23 0x00044000
core   0: 0x80002754 (0xac985437) lui     s0, 0xac985
core   0: 3 0x80002754 (0xac985437) x8  0xac985000
core   0: 0x80002758 (0x41875a93) srai    s5, a4, 24
core   0: 3 0x80002758 (0x41875a93) x21 0xffffffa0
core   0: 0x8000275c (0x41eda293) slti    t0, s11, 1054
core   0: 3 0x8000275c (0x41eda293) x5  0x00000000
core   0: 0x80002760 (0x00873113) sltiu   sp, a4, 8
core   0: 3 0x80002760 (0x00873113) x2  0x00000000
core   0: 0x80002764 (0x003ebc33) sltu    s8, t4, gp
core   0: 3 0x80002764 (0x003ebc33) x24 0x00000000
core   0: 0x80002768 (0x40fd5e93) srai    t4, s10, 15
core   0: 3 0x80002768 (0x40fd5e93) x29 0x00000000
core   0: 0x8000276c (0x41125313) srai    t1, tp, 17
core   0: 3 0x8000276c (0x41125313) x6  0xfffff338
core   0: 0x80002770 (0x00043833) sltu    a6, s0, zero
core   0: 3 0x80002770 (0x00043833) x16 0x00000000
core   0: 0x80002774 (0x0126f133) and     sp, a3, s2
core   0: 3 0x80002774 (0x0126f133) x2  0x00000000
core   0: 0x80002778 (0xd83b8c97) auipc   s9, 0xd83b8
core   0: 3 0x80002778 (0xd83b8c97) x25 0x583ba778
core   0: 0x8000277c (0xb1e14193) xori    gp, sp, -1250
core   0: 3 0x8000277c (0xb1e14193) x3  0xfffffb1e
core   0: 0x80002780 (0x05354d93) xori    s11, a0, 83
core   0: 3 0x80002780 (0x05354d93) x27 0x80014e37
core   0: 0x80002784 (0x07e0ac37) lui     s8, 0x7e0a
core   0: 3 0x80002784 (0x07e0ac37) x24 0x07e0a000
core   0: 0x80002788 (0x400c5b93) srai    s7, s8, 0
core   0: 3 0x80002788 (0x400c5b93) x23 0x07e0a000
core   0: 0x8000278c (0x0192d1b3) srl     gp, t0, s9
core   0: 3 0x8000278c (0x0192d1b3) x3  0x00000000
core   0: 0x80002790 (0x00cc6a33) or      s4, s8, a2
core   0: 3 0x80002790 (0x00cc6a33) x20 0xffffffff
core   0: 0x80002794 (0x4074d733) sra     a4, s1, t2
core   0: 3 0x80002794 (0x4074d733) x14 0x00000000
core   0: 0x80002798 (0x8ae45697) auipc   a3, 0x8ae45
core   0: 3 0x80002798 (0x8ae45697) x13 0x0ae47798
core   0: 0x8000279c (0x00ec26b3) slt     a3, s8, a4
core   0: 3 0x8000279c (0x00ec26b3) x13 0x00000000
core   0: 0x800027a0 (0x4025d133) sra     sp, a1, sp
core   0: 3 0x800027a0 (0x4025d133) x2  0x00000000
core   0: 0x800027a4 (0x01dd3333) sltu    t1, s10, t4
core   0: 3 0x800027a4 (0x01dd3333) x6  0x00000000
core   0: 0x800027a8 (0x851bb593) sltiu   a1, s7, -1967
core   0: 3 0x800027a8 (0x851bb593) x11 0x00000001
core   0: 0x800027ac (0x018e8013) addi    zero, t4, 24
core   0: 3 0x800027ac (0x018e8013)
core   0: 0x800027b0 (0x00575c13) srli    s8, a4, 5
core   0: 3 0x800027b0 (0x00575c13) x24 0x00000000
core   0: 0x800027b4 (0x007b0c93) addi    s9, s6, 7
core   0: 3 0x800027b4 (0x007b0c93) x25 0x00000008
core   0: 0x800027b8 (0x006995b3) sll     a1, s3, t1
core   0: 3 0x800027b8 (0x006995b3) x11 0x0000000f
core   0: 0x800027bc (0x41b05813) srai    a6, zero, 27
core   0: 3 0x800027bc (0x41b05813) x16 0x00000000
core   0: 0x800027c0 (0x001d1b33) sll     s6, s10, ra
core   0: 3 0x800027c0 (0x001d1b33) x22 0x0000000a
core   0: 0x800027c4 (0x006484b3) add     s1, s1, t1
core   0: 3 0x800027c4 (0x006484b3) x9  0x00000001
core   0: 0x800027c8 (0x00571c33) sll     s8, a4, t0
core   0: 3 0x800027c8 (0x00571c33) x24 0x00000000
core   0: 0x800027cc (0x08e89c17) auipc   s8, 0x8e89
core   0: 3 0x800027cc (0x08e89c17) x24 0x88e8b7cc
core   0: 0x800027d0 (0x401b5593) srai    a1, s6, 1
core   0: 3 0x800027d0 (0x401b5593) x11 0x00000005
core   0: 0x800027d4 (0x01eadab3) srl     s5, s5, t5
core   0: 3 0x800027d4 (0x01eadab3) x21 0x0ffffffa
core   0: 0x800027d8 (0x0093ee33) or      t3, t2, s1
core   0: 3 0x800027d8 (0x0093ee33) x28 0x000001cd
core   0: 0x800027dc (0x008ed733) srl     a4, t4, s0
core   0: 3 0x800027dc (0x008ed733) x14 0x00000000
core   0: 0x800027e0 (0x01f9b833) sltu    a6, s3, t6
core   0: 3 0x800027e0 (0x01f9b833) x16 0x00000000
core   0: 0x800027e4 (0x01a20233) add     tp, tp, s10
core   0: 3 0x800027e4 (0x01a20233) x4  0xe6719706
core   0: 0x800027e8 (0x49081097) auipc   ra, 0x49081
core   0: 3 0x800027e8 (0x49081097) x1  0xc90837e8
core   0: 0x800027ec (0x01ddc133) xor     sp, s11, t4
core   0: 3 0x800027ec (0x01ddc133) x2  0x80014e37
core   0: 0x800027f0 (0xebc15b97) auipc   s7, 0xebc15
core   0: 3 0x800027f0 (0xebc15b97) x23 0x6bc177f0
core   0: 0x800027f4 (0x00a55193) srli    gp, a0, 10
core   0: 3 0x800027f4 (0x00a55193) x3  0x00200053
core   0: 0x800027f8 (0x41495cb3) sra     s9, s2, s4
core   0: 3 0x800027f8 (0x41495cb3) x25 0x00000000
core   0: 0x800027fc (0x007c5c13) srli    s8, s8, 7
core   0: 3 0x800027fc (0x007c5c13) x24 0x0111d16f
core   0: 0x80002800 (0x00a9d293) srli    t0, s3, 10
core   0: 3 0x80002800 (0x00a9d293) x5  0x00000000
core   0: 0x80002804 (0x51e84c13) xori    s8, a6, 1310
core   0: 3 0x80002804 (0x51e84c13) x24 0x0000051e
core   0: 0x80002808 (0x4fbb7913) andi    s2, s6, 1275
core   0: 3 0x80002808 (0x4fbb7913) x18 0x0000000a
core   0: 0x8000280c (0xc8bf7ab7) lui     s5, 0xc8bf7
core   0: 3 0x8000280c (0xc8bf7ab7) x21 0xc8bf7000
core   0: 0x80002810 (0x00a4d6b3) srl     a3, s1, a0
core   0: 3 0x80002810 (0x00a4d6b3) x13 0x00000000
core   0: 0x80002814 (0xa35afb93) andi    s7, s5, -1483
core   0: 3 0x80002814 (0xa35afb93) x23 0xc8bf7000
core   0: 0x80002818 (0x4b628113) addi    sp, t0, 1206
core   0: 3 0x80002818 (0x4b628113) x2  0x000004b6
core   0: 0x8000281c (0x0034dd93) srli    s11, s1, 3
core   0: 3 0x8000281c (0x0034dd93) x27 0x00000000
core   0: 0x80002820 (0x00defeb3) and     t4, t4, a3
core   0: 3 0x80002820 (0x00defeb3) x29 0x00000000
core   0: 0x80002824 (0xf3bc2193) slti    gp, s8, -197
core   0: 3 0x80002824 (0xf3bc2193) x3  0x00000000
core   0: 0x80002828 (0x00c85113) srli    sp, a6, 12
core   0: 3 0x80002828 (0x00c85113) x2  0x00000000
core   0: 0x8000282c (0x092e6193) ori     gp, t3, 146
core   0: 3 0x8000282c (0x092e6193) x3  0x000001df
core   0: 0x80002830 (0x01c938b3) sltu    a7, s2, t3
core   0: 3 0x80002830 (0x01c938b3) x17 0x00000001
core   0: 0x80002834 (0x41d75093) srai    ra, a4, 29
core   0: 3 0x80002834 (0x41d75093) x1  0x00000000
core   0: 0x80002838 (0x1f026d13) ori     s10, tp, 496
core   0: 3 0x80002838 (0x1f026d13) x26 0xe67197f6
core   0: 0x8000283c (0x401a0133) sub     sp, s4, ra
core   0: 3 0x8000283c (0x401a0133) x2  0xffffffff
core   0: 0x80002840 (0xd60998b7) lui     a7, 0xd6099
core   0: 3 0x80002840 (0xd60998b7) x17 0xd6099000
core   0: 0x80002844 (0x01482133) slt     sp, a6, s4
core   0: 3 0x80002844 (0x01482133) x2  0x00000000
core   0: 0x80002848 (0x40a902b3) sub     t0, s2, a0
core   0: 3 0x80002848 (0x40a902b3) x5  0x7ffeb1a6
core   0: 0x8000284c (0x012fa1b3) slt     gp, t6, s2
core   0: 3 0x8000284c (0x012fa1b3) x3  0x00000001
core   0: 0x80002850 (0x012265b3) or      a1, tp, s2
core   0: 3 0x80002850 (0x012265b3) x11 0xe671970e
core   0: 0x80002854 (0x013d0fb3) add     t6, s10, s3
core   0: 3 0x80002854 (0x013d0fb3) x31 0xe6719805
core   0: 0x80002858 (0x007ef633) and     a2, t4, t2
core   0: 3 0x80002858 (0x007ef633) x12 0x00000000
core   0: 0x8000285c (0x6aae8713) addi    a4, t4, 1706
core   0: 3 0x8000285c (0x6aae8713) x14 0x000006aa
core   0: 0x80002860 (0x00000013) nop
core   0: 3 0x80002860 (0x00000013)
core   0: 0x80002864 (0x01a0fe33) and     t3, ra, s10
core   0: 3 0x80002864 (0x01a0fe33) x28 0x00000000
core   0: 0x80002868 (0x004d9bb3) sll     s7, s11, tp
core   0: 3 0x80002868 (0x004d9bb3) x23 0x00000000
core   0: 0x8000286c (0x413dd4b3) sra     s1, s11, s3
core   0: 3 0x8000286c (0x413dd4b3) x9  0x00000000
core   0: 0x80002870 (0x406ed6b3) sra     a3, t4, t1
core   0: 3 0x80002870 (0x406ed6b3) x13 0x00000000
core   0: 0x80002874 (0xa1734413) xori    s0, t1, -1513
core   0: 3 0x80002874 (0xa1734413) x8  0xfffffa17
core   0: 0x80002878 (0x00000013) nop
core   0: 3 0x80002878 (0x00000013)
core   0: 0x8000287c (0x0e3ee793) ori     a5, t4, 227
core   0: 3 0x8000287c (0x0e3ee793) x15 0x000000e3
core   0: 0x80002880 (0x016a31b3) sltu    gp, s4, s6
core   0: 3 0x80002880 (0x016a31b3) x3  0x00000000
core   0: 0x80002884 (0x01a91db3) sll     s11, s2, s10
core   0: 3 0x80002884 (0x01a91db3) x27 0x02800000
core   0: 0x80002888 (0x4ebd2413) slti    s0, s10, 1259
core   0: 3 0x80002888 (0x4ebd2413) x8  0x00000001
core   0: 0x8000288c (0x00e02933) slt     s2, zero, a4
core   0: 3 0x8000288c (0x00e02933) x18 0x00000001
core   0: 0x80002890 (0x01cad093) srli    ra, s5, 28
core   0: 3 0x80002890 (0x01cad093) x1  0x0000000c
core   0: 0x80002894 (0xd368c693) xori    a3, a7, -714
core   0: 3 0x80002894 (0xd368c693) x13 0x29f66d36
core   0: 0x80002898 (0x41d28e33) sub     t3, t0, t4
core   0: 3 0x80002898 (0x41d28e33) x28 0x7ffeb1a6
core   0: 0x8000289c (0x2a7dcb13) xori    s6, s11, 679
core   0: 3 0x8000289c (0x2a7dcb13) x22 0x028002a7
core   0: 0x800028a0 (0x403cdeb3) sra     t4, s9, gp
core   0: 3 0x800028a0 (0x403cdeb3) x29 0x00000000
core   0: 0x800028a4 (0x32cc4593) xori    a1, s8, 812
core   0: 3 0x800028a4 (0x32cc4593) x11 0x00000632
core   0: 0x800028a8 (0x010e4fb3) xor     t6, t3, a6
core   0: 3 0x800028a8 (0x010e4fb3) x31 0x7ffeb1a6
core   0: 0x800028ac (0x01005f93) srli    t6, zero, 16
core   0: 3 0x800028ac (0x01005f93) x31 0x00000000
core   0: 0x800028b0 (0x417b5033) sra     zero, s6, s7
core   0: 3 0x800028b0 (0x417b5033)
core   0: 0x800028b4 (0xc13f3a13) sltiu   s4, t5, -1005
core   0: 3 0x800028b4 (0xc13f3a13) x20 0x00000001
core   0: 0x800028b8 (0x4adf8693) addi    a3, t6, 1197
core   0: 3 0x800028b8 (0x4adf8693) x13 0x000004ad
core   0: 0x800028bc (0x0131a433) slt     s0, gp, s3
core   0: 3 0x800028bc (0x0131a433) x8  0x00000001
core   0: 0x800028c0 (0x00aff3b3) and     t2, t6, a0
core   0: 3 0x800028c0 (0x00aff3b3) x7  0x00000000
core   0: 0x800028c4 (0xc0215fb7) lui     t6, 0xc0215
core   0: 3 0x800028c4 (0xc0215fb7) x31 0xc0215000
core   0: 0x800028c8 (0x41e55233) sra     tp, a0, t5
core   0: 3 0x800028c8 (0x41e55233) x4  0xf80014e6
core   0: 0x800028cc (0x004cbeb3) sltu    t4, s9, tp
core   0: 3 0x800028cc (0x004cbeb3) x29 0x00000001
core   0: 0x800028d0 (0x3b002793) slti    a5, zero, 944
core   0: 3 0x800028d0 (0x3b002793) x15 0x00000001
core   0: 0x800028d4 (0xcfbd8237) lui     tp, 0xcfbd8
core   0: 3 0x800028d4 (0xcfbd8237) x4  0xcfbd8000
core   0: 0x800028d8 (0x7e513c13) sltiu   s8, sp, 2021
core   0: 3 0x800028d8 (0x7e513c13) x24 0x00000001
core   0: 0x800028dc (0x015b4c33) xor     s8, s6, s5
core   0: 3 0x800028dc (0x015b4c33) x24 0xca3f72a7
core   0: 0x800028e0 (0x0195f333) and     t1, a1, s9
core   0: 3 0x800028e0 (0x0195f333) x6  0x00000000
core   0: 0x800028e4 (0x1dcd7b93) andi    s7, s10, 476
core   0: 3 0x800028e4 (0x1dcd7b93) x23 0x000001d4
core   0: 0x800028e8 (0x01689413) slli    s0, a7, 22
core   0: 3 0x800028e8 (0x01689413) x8  0x00000000
core   0: 0x800028ec (0x01c69593) slli    a1, a3, 28
core   0: 3 0x800028ec (0x01c69593) x11 0xd0000000
core   0: 0x800028f0 (0x0108ffb3) and     t6, a7, a6
core   0: 3 0x800028f0 (0x0108ffb3) x31 0x00000000
core   0: 0x800028f4 (0x01a4d413) srli    s0, s1, 26
core   0: 3 0x800028f4 (0x01a4d413) x8  0x00000000
core   0: 0x800028f8 (0x7afbb493) sltiu   s1, s7, 1967
core   0: 3 0x800028f8 (0x7afbb493) x9  0x00000001
core   0: 0x800028fc (0x41aedd13) srai    s10, t4, 26
core   0: 3 0x800028fc (0x41aedd13) x26 0x00000000
core   0: 0x80002900 (0x019db7b3) sltu    a5, s11, s9
core   0: 3 0x80002900 (0x019db7b3) x15 0x00000000
core   0: 0x80002904 (0x0b5bc913) xori    s2, s7, 181
core   0: 3 0x80002904 (0x0b5bc913) x18 0x00000161
core   0: 0x80002908 (0x21b54037) lui     zero, 0x21b54
core   0: 3 0x80002908 (0x21b54037)
core   0: 0x8000290c (0x1e2d4913) xori    s2, s10, 482
core   0: 3 0x8000290c (0x1e2d4913) x18 0x000001e2
core   0: 0x80002910 (0x016e1393) slli    t2, t3, 22
core   0: 3 0x80002910 (0x016e1393) x7  0x69800000
core   0: 0x80002914 (0x5c0c6917) auipc   s2, 0x5c0c6
core   0: 3 0x80002914 (0x5c0c6917) x18 0xdc0c8914
core   0: 0x80002918 (0x01713cb3) sltu    s9, sp, s7
core   0: 3 0x80002918 (0x01713cb3) x25 0x00000001
core   0: 0x8000291c (0x665a4837) lui     a6, 0x665a4
core   0: 3 0x8000291c (0x665a4837) x16 0x665a4000
core   0: 0x80002920 (0x2aea6293) ori     t0, s4, 686
core   0: 3 0x80002920 (0x2aea6293) x5  0x000002af
core   0: 0x80002924 (0x00f56633) or      a2, a0, a5
core   0: 3 0x80002924 (0x00f56633) x12 0x80014e64
core   0: 0x80002928 (0x006f4bb3) xor     s7, t5, t1
core   0: 3 0x80002928 (0x006f4bb3) x23 0x80018ce4
core   0: 0x8000292c (0xa69c3b93) sltiu   s7, s8, -1431
core   0: 3 0x8000292c (0xa69c3b93) x23 0x00000001
core   0: 0x80002930 (0x0197d193) srli    gp, a5, 25
core   0: 3 0x80002930 (0x0197d193) x3  0x00000000
core   0: 0x80002934 (0x40abddb3) sra     s11, s7, a0
core   0: 3 0x80002934 (0x40abddb3) x27 0x00000000
core   0: 0x80002938 (0x00f69f93) slli    t6, a3, 15
core   0: 3 0x80002938 (0x00f69f93) x31 0x02568000
core   0: 0x8000293c (0x00000013) nop
core   0: 3 0x8000293c (0x00000013)
core   0: 0x80002940 (0x01e57b33) and     s6, a0, t5
core   0: 3 0x80002940 (0x01e57b33) x22 0x80010c64
core   0: 0x80002944 (0x00c5c833) xor     a6, a1, a2
core   0: 3 0x80002944 (0x00c5c833) x16 0x50014e64
core   0: 0x80002948 (0x7c9bfd93) andi    s11, s7, 1993
core   0: 3 0x80002948 (0x7c9bfd93) x27 0x00000001
core   0: 0x8000294c (0x5e2c7593) andi    a1, s8, 1506
core   0: 3 0x8000294c (0x5e2c7593) x11 0x000000a2
core   0: 0x80002950 (0x00000013) nop
core   0: 3 0x80002950 (0x00000013)
core   0: 0x80002954 (0x5dd1ec97) auipc   s9, 0x5dd1e
core   0: 3 0x80002954 (0x5dd1ec97) x25 0xddd20954
core   0: 0x80002958 (0x180c7eb7) lui     t4, 0x180c7
core   0: 3 0x80002958 (0x180c7eb7) x29 0x180c7000
core   0: 0x8000295c (0x00925bb3) srl     s7, tp, s1
core   0: 3 0x8000295c (0x00925bb3) x23 0x67dec000
core   0: 0x80002960 (0x0048d293) srli    t0, a7, 4
core   0: 3 0x80002960 (0x0048d293) x5  0x0d609900
core   0: 0x80002964 (0x171a0e13) addi    t3, s4, 369
core   0: 3 0x80002964 (0x171a0e13) x28 0x00000172
core   0: 0x80002968 (0x00435ab3) srl     s5, t1, tp
core   0: 3 0x80002968 (0x00435ab3) x21 0x00000000
core   0: 0x8000296c (0x400c0033) sub     zero, s8, zero
core   0: 3 0x8000296c (0x400c0033)
core   0: 0x80002970 (0xab9b3e13) sltiu   t3, s6, -1351
core   0: 3 0x80002970 (0xab9b3e13) x28 0x00000001
core   0: 0x80002974 (0x41e78733) sub     a4, a5, t5
core   0: 3 0x80002974 (0x41e78733) x14 0x7ffe731c
core   0: 0x80002978 (0x016fb033) sltu    zero, t6, s6
core   0: 3 0x80002978 (0x016fb033)
core   0: 0x8000297c (0x00d7b633) sltu    a2, a5, a3
core   0: 3 0x8000297c (0x00d7b633) x12 0x00000001
core   0: 0x80002980 (0x001c66b3) or      a3, s8, ra
core   0: 3 0x80002980 (0x001c66b3) x13 0xca3f72af
core   0: 0x80002984 (0x10fe7d93) andi    s11, t3, 271
core   0: 3 0x80002984 (0x10fe7d93) x27 0x00000001
core   0: 0x80002988 (0x41fbd1b3) sra     gp, s7, t6
core   0: 3 0x80002988 (0x41fbd1b3) x3  0x67dec000
core   0: 0x8000298c (0x00471fb3) sll     t6, a4, tp
core   0: 3 0x8000298c (0x00471fb3) x31 0x7ffe731c
core   0: 0x80002990 (0x41c2dd93) srai    s11, t0, 28
core   0: 3 0x80002990 (0x41c2dd93) x27 0x00000000
core   0: 0x80002994 (0xbfc60713) addi    a4, a2, -1028
core   0: 3 0x80002994 (0xbfc60713) x14 0xfffffbfd
core   0: 0x80002998 (0x0002bcb3) sltu    s9, t0, zero
core   0: 3 0x80002998 (0x0002bcb3) x25 0x00000000
core   0: 0x8000299c (0x56c66d93) ori     s11, a2, 1388
core   0: 3 0x8000299c (0x56c66d93) x27 0x0000056d
core   0: 0x800029a0 (0x00000013) nop
core   0: 3 0x800029a0 (0x00000013)
core   0: 0x800029a4 (0x01f050b3) srl     ra, zero, t6
core   0: 3 0x800029a4 (0x01f050b3) x1  0x00000000
core   0: 0x800029a8 (0x01975e13) srli    t3, a4, 25
core   0: 3 0x800029a8 (0x01975e13) x28 0x0000007f
core   0: 0x800029ac (0x00566233) or      tp, a2, t0
core   0: 3 0x800029ac (0x00566233) x4  0x0d609901
core   0: 0x800029b0 (0x5f7596b7) lui     a3, 0x5f759
core   0: 3 0x800029b0 (0x5f7596b7) x13 0x5f759000
core   0: 0x800029b4 (0x0046b433) sltu    s0, a3, tp
core   0: 3 0x800029b4 (0x0046b433) x8  0x00000000
core   0: 0x800029b8 (0x403c87b3) sub     a5, s9, gp
core   0: 3 0x800029b8 (0x403c87b3) x15 0x98214000
core   0: 0x800029bc (0x72f758b7) lui     a7, 0x72f75
core   0: 3 0x800029bc (0x72f758b7) x17 0x72f75000
core   0: 0x800029c0 (0x0015d193) srli    gp, a1, 1
core   0: 3 0x800029c0 (0x0015d193) x3  0x00000051
core   0: 0x800029c4 (0x41365493) srai    s1, a2, 19
core   0: 3 0x800029c4 (0x41365493) x9  0x00000000
core   0: 0x800029c8 (0x40815233) sra     tp, sp, s0
core   0: 3 0x800029c8 (0x40815233) x4  0x00000000
core   0: 0x800029cc (0x01c56db3) or      s11, a0, t3
core   0: 3 0x800029cc (0x01c56db3) x27 0x80014e7f
core   0: 0x800029d0 (0xaf17f093) andi    ra, a5, -1295
core   0: 3 0x800029d0 (0xaf17f093) x1  0x98214000
core   0: 0x800029d4 (0xeed2a037) lui     zero, 0xeed2a
core   0: 3 0x800029d4 (0xeed2a037)
core   0: 0x800029d8 (0x01212e33) slt     t3, sp, s2
core   0: 3 0x800029d8 (0x01212e33) x28 0x00000000
core   0: 0x800029dc (0x412a5213) srai    tp, s4, 18
core   0: 3 0x800029dc (0x412a5213) x4  0x00000000
core   0: 0x800029e0 (0x9fadfd13) andi    s10, s11, -1542
core   0: 3 0x800029e0 (0x9fadfd13) x26 0x8001487a
core   0: 0x800029e4 (0x003f1eb3) sll     t4, t5, gp
core   0: 3 0x800029e4 (0x003f1eb3) x29 0x19c80000
core   0: 0x800029e8 (0x0120f233) and     tp, ra, s2
core   0: 3 0x800029e8 (0x0120f233) x4  0x98000000
core   0: 0x800029ec (0x01d71193) slli    gp, a4, 29
core   0: 3 0x800029ec (0x01d71193) x3  0xa0000000
core   0: 0x800029f0 (0x00000013) nop
core   0: 3 0x800029f0 (0x00000013)
core   0: 0x800029f4 (0x00ff8933) add     s2, t6, a5
core   0: 3 0x800029f4 (0x00ff8933) x18 0x181fb31c
core   0: 0x800029f8 (0x41ef5433) sra     s0, t5, t5
core   0: 3 0x800029f8 (0x41ef5433) x8  0xf80018ce
core   0: 0x800029fc (0x00205a13) srli    s4, zero, 2
core   0: 3 0x800029fc (0x00205a13) x20 0x00000000
core   0: 0x80002a00 (0x00000013) nop
core   0: 3 0x80002a00 (0x00000013)
core   0: 0x80002a04 (0x00000013) nop
core   0: 3 0x80002a04 (0x00000013)
core   0: 0x80002a08 (0x003e8fb3) add     t6, t4, gp
core   0: 3 0x80002a08 (0x003e8fb3) x31 0xb9c80000
core   0: 0x80002a0c (0x3d3e5cb7) lui     s9, 0x3d3e5
core   0: 3 0x80002a0c (0x3d3e5cb7) x25 0x3d3e5000
core   0: 0x80002a10 (0x0649a917) auipc   s2, 0x649a
core   0: 3 0x80002a10 (0x0649a917) x18 0x8649ca10
core   0: 0x80002a14 (0x41ebdb33) sra     s6, s7, t5
core   0: 3 0x80002a14 (0x41ebdb33) x22 0x067dec00
core   0: 0x80002a18 (0x01b417b3) sll     a5, s0, s11
core   0: 3 0x80002a18 (0x01b417b3) x15 0x00000000
core   0: 0x80002a1c (0x6c910813) addi    a6, sp, 1737
core   0: 3 0x80002a1c (0x6c910813) x16 0x000006c9
core   0: 0x80002a20 (0x980dc437) lui     s0, 0x980dc
core   0: 3 0x80002a20 (0x980dc437) x8  0x980dc000
core   0: 0x80002a24 (0x017f4933) xor     s2, t5, s7
core   0: 3 0x80002a24 (0x017f4933) x18 0xe7df4ce4
core   0: 0x80002a28 (0x84a1f617) auipc   a2, 0x84a1f
core   0: 3 0x80002a28 (0x84a1f617) x12 0x04a21a28
core   0: 0x80002a2c (0x9a11ae13) slti    t3, gp, -1631
core   0: 3 0x80002a2c (0x9a11ae13) x28 0x00000001
core   0: 0x80002a30 (0xeddf0413) addi    s0, t5, -291
core   0: 3 0x80002a30 (0xeddf0413) x8  0x80018bc1
core   0: 0x80002a34 (0x007b24b3) slt     s1, s6, t2
core   0: 3 0x80002a34 (0x007b24b3) x9  0x00000001
core   0: 0x80002a38 (0x00056833) or      a6, a0, zero
core   0: 3 0x80002a38 (0x00056833) x16 0x80014e64
core   0: 0x80002a3c (0x01ded493) srli    s1, t4, 29
core   0: 3 0x80002a3c (0x01ded493) x9  0x00000000
core   0: 0x80002a40 (0x01799a93) slli    s5, s3, 23
core   0: 3 0x80002a40 (0x01799a93) x21 0x07800000
core   0: 0x80002a44 (0x2c513813) sltiu   a6, sp, 709
core   0: 3 0x80002a44 (0x2c513813) x16 0x00000001
core   0: 0x80002a48 (0x417fd593) srai    a1, t6, 23
core   0: 3 0x80002a48 (0x417fd593) x11 0xffffff73
core   0: 0x80002a4c (0x840cad93) slti    s11, s9, -1984
core   0: 3 0x80002a4c (0x840cad93) x27 0x00000000
core   0: 0x80002a50 (0x00f34133) xor     sp, t1, a5
core   0: 3 0x80002a50 (0x00f34133) x2  0x00000000
core   0: 0x80002a54 (0x95965437) lui     s0, 0x95965
core   0: 3 0x80002a54 (0x95965437) x8  0x95965000
core   0: 0x80002a58 (0x005ea0b3) slt     ra, t4, t0
core   0: 3 0x80002a58 (0x005ea0b3) x1  0x00000000
core   0: 0x80002a5c (0x01fb82b3) add     t0, s7, t6
core   0: 3 0x80002a5c (0x01fb82b3) x5  0x21a6c000
core   0: 0x80002a60 (0x00000013) nop
core   0: 3 0x80002a60 (0x00000013)
core   0: 0x80002a64 (0x00d34233) xor     tp, t1, a3
core   0: 3 0x80002a64 (0x00d34233) x4  0x5f759000
core   0: 0x80002a68 (0x00db77b3) and     a5, s6, a3
core   0: 3 0x80002a68 (0x00db77b3) x15 0x06758000
core   0: 0x80002a6c (0x4da41d97) auipc   s11, 0x4da41
core   0: 3 0x80002a6c (0x4da41d97) x27 0xcda43a6c
core   0: 0x80002a70 (0x00455793) srli    a5, a0, 4
core   0: 3 0x80002a70 (0x00455793) x15 0x080014e6
core   0: 0x80002a74 (0x00ba88b3) add     a7, s5, a1
core   0: 3 0x80002a74 (0x00ba88b3) x17 0x077fff73
core   0: 0x80002a78 (0x9f7f9c97) auipc   s9, 0x9f7f9
core   0: 3 0x80002a78 (0x9f7f9c97) x25 0x1f7fba78
core   0: 0x80002a7c (0x9bbb8313) addi    t1, s7, -1605
core   0: 3 0x80002a7c (0x9bbb8313) x6  0x67deb9bb
core   0: 0x80002a80 (0x00000013) nop
core   0: 3 0x80002a80 (0x00000013)
core   0: 0x80002a84 (0x000b2933) slt     s2, s6, zero
core   0: 3 0x80002a84 (0x000b2933) x18 0x00000000
core   0: 0x80002a88 (0x015e5833) srl     a6, t3, s5
core   0: 3 0x80002a88 (0x015e5833) x16 0x00000001
core   0: 0x80002a8c (0xddf8e393) ori     t2, a7, -545
core   0: 3 0x80002a8c (0xddf8e393) x7  0xffffffff
core   0: 0x80002a90 (0x40178b33) sub     s6, a5, ra
core   0: 3 0x80002a90 (0x40178b33) x22 0x080014e6
core   0: 0x80002a94 (0x0140bdb3) sltu    s11, ra, s4
core   0: 3 0x80002a94 (0x0140bdb3) x27 0x00000000
core   0: 0x80002a98 (0x415b8eb3) sub     t4, s7, s5
core   0: 3 0x80002a98 (0x415b8eb3) x29 0x605ec000
core   0: 0x80002a9c (0x413250b3) sra     ra, tp, s3
core   0: 3 0x80002a9c (0x413250b3) x1  0x0000beeb
core   0: 0x80002aa0 (0x0170a4b3) slt     s1, ra, s7
core   0: 3 0x80002aa0 (0x0170a4b3) x9  0x00000001
core   0: 0x80002aa4 (0x012b31b3) sltu    gp, s6, s2
core   0: 3 0x80002aa4 (0x012b31b3) x3  0x00000000
core   0: 0x80002aa8 (0x1cee6093) ori     ra, t3, 462
core   0: 3 0x80002aa8 (0x1cee6093) x1  0x000001cf
core   0: 0x80002aac (0x002fb6b3) sltu    a3, t6, sp
core   0: 3 0x80002aac (0x002fb6b3) x13 0x00000000
core   0: 0x80002ab0 (0x5419f413) andi    s0, s3, 1345
core   0: 3 0x80002ab0 (0x5419f413) x8  0x00000001
core   0: 0x80002ab4 (0x00000013) nop
core   0: 3 0x80002ab4 (0x00000013)
core   0: 0x80002ab8 (0x01aab1b3) sltu    gp, s5, s10
core   0: 3 0x80002ab8 (0x01aab1b3) x3  0x00000001
core   0: 0x80002abc (0x002c9013) slli    zero, s9, 2
core   0: 3 0x80002abc (0x002c9013)
core   0: 0x80002ac0 (0x0013ac33) slt     s8, t2, ra
core   0: 3 0x80002ac0 (0x0013ac33) x24 0x00000001
core   0: 0x80002ac4 (0x97b50913) addi    s2, a0, -1669
core   0: 3 0x80002ac4 (0x97b50913) x18 0x800147df
core   0: 0x80002ac8 (0x40778133) sub     sp, a5, t2
core   0: 3 0x80002ac8 (0x40778133) x2  0x080014e7
core   0: 0x80002acc (0x01784633) xor     a2, a6, s7
core   0: 3 0x80002acc (0x01784633) x12 0x67dec001
core   0: 0x80002ad0 (0x00000013) nop
core   0: 3 0x80002ad0 (0x00000013)
core   0: 0x80002ad4 (0x00eca433) slt     s0, s9, a4
core   0: 3 0x80002ad4 (0x00eca433) x8  0x00000000
core   0: 0x80002ad8 (0x9a283613) sltiu   a2, a6, -1630
core   0: 3 0x80002ad8 (0x9a283613) x12 0x00000001
core   0: 0x80002adc (0x01e8bfb3) sltu    t6, a7, t5
core   0: 3 0x80002adc (0x01e8bfb3) x31 0x00000001
core   0: 0x80002ae0 (0x4e0a6317) auipc   t1, 0x4e0a6
core   0: 3 0x80002ae0 (0x4e0a6317) x6  0xce0a8ae0
core   0: 0x80002ae4 (0x00b31413) slli    s0, t1, 11
core   0: 3 0x80002ae4 (0x00b31413) x8  0x54570000
core   0: 0x80002ae8 (0x00000013) nop
core   0: 3 0x80002ae8 (0x00000013)
core   0: 0x80002aec (0x403adfb3) sra     t6, s5, gp
core   0: 3 0x80002aec (0x403adfb3) x31 0x03c00000
core   0: 0x80002af0 (0x405d8b33) sub     s6, s11, t0
core   0: 3 0x80002af0 (0x405d8b33) x22 0xde594000
core   0: 0x80002af4 (0x412a05b3) sub     a1, s4, s2
core   0: 3 0x80002af4 (0x412a05b3) x11 0x7ffeb821
core   0: 0x80002af8 (0x000bbdb3) sltu    s11, s7, zero
core   0: 3 0x80002af8 (0x000bbdb3) x27 0x00000000
core   0: 0x80002afc (0x403354b3) sra     s1, t1, gp
core   0: 3 0x80002afc (0x403354b3) x9  0xe7054570
core   0: 0x80002b00 (0x1efc6a93) ori     s5, s8, 495
core   0: 3 0x80002b00 (0x1efc6a93) x21 0x000001ef
core   0: 0x80002b04 (0x00f35a13) srli    s4, t1, 15
core   0: 3 0x80002b04 (0x00f35a13) x20 0x00019c15
core   0: 0x80002b08 (0x626d7f93) andi    t6, s10, 1574
core   0: 3 0x80002b08 (0x626d7f93) x31 0x00000022
core   0: 0x80002b0c (0x00371413) slli    s0, a4, 3
core   0: 3 0x80002b0c (0x00371413) x8  0xffffdfe8
core   0: 0x80002b10 (0xda477d93) andi    s11, a4, -604
core   0: 3 0x80002b10 (0xda477d93) x27 0xfffff9a4
core   0: 0x80002b14 (0x00000013) nop
core   0: 3 0x80002b14 (0x00000013)
core   0: 0x80002b18 (0x01a91b13) slli    s6, s2, 26
core   0: 3 0x80002b18 (0x01a91b13) x22 0x7c000000
core   0: 0x80002b1c (0x0afc1ab7) lui     s5, 0xafc1
core   0: 3 0x80002b1c (0x0afc1ab7) x21 0x0afc1000
core   0: 0x80002b20 (0x008df3b3) and     t2, s11, s0
core   0: 3 0x80002b20 (0x008df3b3) x7  0xffffd9a0
core   0: 0x80002b24 (0x003a3733) sltu    a4, s4, gp
core   0: 3 0x80002b24 (0x003a3733) x14 0x00000000
core   0: 0x80002b28 (0x013d48b3) xor     a7, s10, s3
core   0: 3 0x80002b28 (0x013d48b3) x17 0x80014875
core   0: 0x80002b2c (0x685aba93) sltiu   s5, s5, 1669
core   0: 3 0x80002b2c (0x685aba93) x21 0x00000000
core   0: 0x80002b30 (0xd4f18313) addi    t1, gp, -689
core   0: 3 0x80002b30 (0xd4f18313) x6  0xfffffd50
core   0: 0x80002b34 (0x7100e493) ori     s1, ra, 1808
core   0: 3 0x80002b34 (0x7100e493) x9  0x000007df
core   0: 0x80002b38 (0x2496bc13) sltiu   s8, a3, 585
core   0: 3 0x80002b38 (0x2496bc13) x24 0x00000001
core   0: 0x80002b3c (0x01a4ddb3) srl     s11, s1, s10
core   0: 3 0x80002b3c (0x01a4ddb3) x27 0x00000000
core   0: 0x80002b40 (0x49623837) lui     a6, 0x49623
core   0: 3 0x80002b40 (0x49623837) x16 0x49623000
core   0: 0x80002b44 (0x7f52a293) slti    t0, t0, 2037
core   0: 3 0x80002b44 (0x7f52a293) x5  0x00000000
core   0: 0x80002b48 (0x00bc1613) slli    a2, s8, 11
core   0: 3 0x80002b48 (0x00bc1613) x12 0x00000800
core   0: 0x80002b4c (0xba91bc13) sltiu   s8, gp, -1111
core   0: 3 0x80002b4c (0xba91bc13) x24 0x00000001
core   0: 0x80002b50 (0x009b9193) slli    gp, s7, 9
core   0: 3 0x80002b50 (0x009b9193) x3  0xbd800000
core   0: 0x80002b54 (0xd864bb93) sltiu   s7, s1, -634
core   0: 3 0x80002b54 (0xd864bb93) x23 0x00000001
core   0: 0x80002b58 (0x41c05033) sra     zero, zero, t3
core   0: 3 0x80002b58 (0x41c05033)
core   0: 0x80002b5c (0xd5609697) auipc   a3, 0xd5609
core   0: 3 0x80002b5c (0xd5609697) x13 0x5560bb5c
core   0: 0x80002b60 (0x017e03b3) add     t2, t3, s7
core   0: 3 0x80002b60 (0x017e03b3) x7  0x00000002
core   0: 0x80002b64 (0x00d77d33) and     s10, a4, a3
core   0: 3 0x80002b64 (0x00d77d33) x26 0x00000000
core   0: 0x80002b68 (0x417d53b3) sra     t2, s10, s7
core   0: 3 0x80002b68 (0x417d53b3) x7  0x00000000
core   0: 0x80002b6c (0x41aed613) srai    a2, t4, 26
core   0: 3 0x80002b6c (0x41aed613) x12 0x00000018
core   0: 0x80002b70 (0x1043fe93) andi    t4, t2, 260
core   0: 3 0x80002b70 (0x1043fe93) x29 0x00000000
core   0: 0x80002b74 (0x01341413) slli    s0, s0, 19
core   0: 3 0x80002b74 (0x01341413) x8  0xff400000
core   0: 0x80002b78 (0x5d5a4013) xori    zero, s4, 1493
core   0: 3 0x80002b78 (0x5d5a4013)
core   0: 0x80002b7c (0x00f91313) slli    t1, s2, 15
core   0: 3 0x80002b7c (0x00f91313) x6  0xa3ef8000
core   0: 0x80002b80 (0x00000013) nop
core   0: 3 0x80002b80 (0x00000013)
core   0: 0x80002b84 (0x001ede33) srl     t3, t4, ra
core   0: 3 0x80002b84 (0x001ede33) x28 0x00000000
core   0: 0x80002b88 (0x002cc033) xor     zero, s9, sp
core   0: 3 0x80002b88 (0x002cc033)
core   0: 0x80002b8c (0xfb1db493) sltiu   s1, s11, -79
core   0: 3 0x80002b8c (0xfb1db493) x9  0x00000001
core   0: 0x80002b90 (0xca933c13) sltiu   s8, t1, -855
core   0: 3 0x80002b90 (0xca933c13) x24 0x00000001
core   0: 0x80002b94 (0x00b96233) or      tp, s2, a1
core   0: 3 0x80002b94 (0x00b96233) x4  0xffffffff
core   0: 0x80002b98 (0x4144df93) srai    t6, s1, 20
core   0: 3 0x80002b98 (0x4144df93) x31 0x00000000
core   0: 0x80002b9c (0x00e440b3) xor     ra, s0, a4
core   0: 3 0x80002b9c (0x00e440b3) x1  0xff400000
core   0: 0x80002ba0 (0xd8fac093) xori    ra, s5, -625
core   0: 3 0x80002ba0 (0xd8fac093) x1  0xfffffd8f
core   0: 0x80002ba4 (0x414a0333) sub     t1, s4, s4
core   0: 3 0x80002ba4 (0x414a0333) x6  0x00000000
core   0: 0x80002ba8 (0x00000013) nop
core   0: 3 0x80002ba8 (0x00000013)
core   0: 0x80002bac (0x014f7eb3) and     t4, t5, s4
core   0: 3 0x80002bac (0x014f7eb3) x29 0x00018c04
core   0: 0x80002bb0 (0x5a137b17) auipc   s6, 0x5a137
core   0: 3 0x80002bb0 (0x5a137b17) x22 0xda139bb0
core   0: 0x80002bb4 (0x401dd3b3) sra     t2, s11, ra
core   0: 3 0x80002bb4 (0x401dd3b3) x7  0x00000000
core   0: 0x80002bb8 (0x951a9b97) auipc   s7, 0x951a9
core   0: 3 0x80002bb8 (0x951a9b97) x23 0x151abbb8
core   0: 0x80002bbc (0x41520433) sub     s0, tp, s5
core   0: 3 0x80002bbc (0x41520433) x8  0xffffffff
core   0: 0x80002bc0 (0x406e5893) srai    a7, t3, 6
core   0: 3 0x80002bc0 (0x406e5893) x17 0x00000000
core   0: 0x80002bc4 (0x057c4793) xori    a5, s8, 87
core   0: 3 0x80002bc4 (0x057c4793) x15 0x00000056
core   0: 0x80002bc8 (0x00320eb3) add     t4, tp, gp
core   0: 3 0x80002bc8 (0x00320eb3) x29 0xbd7fffff
core   0: 0x80002bcc (0x74572d13) slti    s10, a4, 1861
core   0: 3 0x80002bcc (0x74572d13) x26 0x00000001
core   0: 0x80002bd0 (0x010e81b3) add     gp, t4, a6
core   0: 3 0x80002bd0 (0x010e81b3) x3  0x06e22fff
core   0: 0x80002bd4 (0x01d003b3) add     t2, zero, t4
core   0: 3 0x80002bd4 (0x01d003b3) x7  0xbd7fffff
core   0: 0x80002bd8 (0x408580b3) sub     ra, a1, s0
core   0: 3 0x80002bd8 (0x408580b3) x1  0x7ffeb822
core   0: 0x80002bdc (0x413f5db3) sra     s11, t5, s3
core   0: 3 0x80002bdc (0x413f5db3) x27 0xffff0003
core   0: 0x80002be0 (0x00bcc733) xor     a4, s9, a1
core   0: 3 0x80002be0 (0x00bcc733) x14 0x60810259
core   0: 0x80002be4 (0x41695913) srai    s2, s2, 22
core   0: 3 0x80002be4 (0x41695913) x18 0xfffffe00
core   0: 0x80002be8 (0x00000013) nop
core   0: 3 0x80002be8 (0x00000013)
core   0: 0x80002bec (0x01637c33) and     s8, t1, s6
core   0: 3 0x80002bec (0x01637c33) x24 0x00000000
core   0: 0x80002bf0 (0x015cde93) srli    t4, s9, 21
core   0: 3 0x80002bf0 (0x015cde93) x29 0x000000fb
core   0: 0x80002bf4 (0x00f45233) srl     tp, s0, a5
core   0: 3 0x80002bf4 (0x00f45233) x4  0x000003ff
core   0: 0x80002bf8 (0x00eb9db3) sll     s11, s7, a4
core   0: 3 0x80002bf8 (0x00eb9db3) x27 0x70000000
core   0: 0x80002bfc (0x00b874b3) and     s1, a6, a1
core   0: 3 0x80002bfc (0x00b874b3) x9  0x49623000
core   0: 0x80002c00 (0x64ee5337) lui     t1, 0x64ee5
core   0: 3 0x80002c00 (0x64ee5337) x6  0x64ee5000
core   0: 0x80002c04 (0xe27c40b7) lui     ra, 0xe27c4
core   0: 3 0x80002c04 (0xe27c40b7) x1  0xe27c4000
core   0: 0x80002c08 (0xce4dc093) xori    ra, s11, -796
core   0: 3 0x80002c08 (0xce4dc093) x1  0x8ffffce4
core   0: 0x80002c0c (0x41cd0ab3) sub     s5, s10, t3
core   0: 3 0x80002c0c (0x41cd0ab3) x21 0x00000001
core   0: 0x80002c10 (0x00359c33) sll     s8, a1, gp
core   0: 3 0x80002c10 (0x00359c33) x24 0x80000000
core   0: 0x80002c14 (0x5098fc13) andi    s8, a7, 1289
core   0: 3 0x80002c14 (0x5098fc13) x24 0x00000000
core   0: 0x80002c18 (0x011b4033) xor     zero, s6, a7
core   0: 3 0x80002c18 (0x011b4033)
core   0: 0x80002c1c (0x87bfd4b7) lui     s1, 0x87bfd
core   0: 3 0x80002c1c (0x87bfd4b7) x9  0x87bfd000
core   0: 0x80002c20 (0x00c40db3) add     s11, s0, a2
core   0: 3 0x80002c20 (0x00c40db3) x27 0x00000017
core   0: 0x80002c24 (0x9a45b793) sltiu   a5, a1, -1628
core   0: 3 0x80002c24 (0x9a45b793) x15 0x00000001
core   0: 0x80002c28 (0x00000013) nop
core   0: 3 0x80002c28 (0x00000013)
core   0: 0x80002c2c (0x41c58733) sub     a4, a1, t3
core   0: 3 0x80002c2c (0x41c58733) x14 0x7ffeb821
core   0: 0x80002c30 (0x79c08613) addi    a2, ra, 1948
core   0: 3 0x80002c30 (0x79c08613) x12 0x90000480
core   0: 0x80002c34 (0x50996093) ori     ra, s2, 1289
core   0: 3 0x80002c34 (0x50996093) x1  0xffffff09
core   0: 0x80002c38 (0x168f22b7) lui     t0, 0x168f2
core   0: 3 0x80002c38 (0x168f22b7) x5  0x168f2000
core   0: 0x80002c3c (0x0140a233) slt     tp, ra, s4
core   0: 3 0x80002c3c (0x0140a233) x4  0x00000001
core   0: 0x80002c40 (0x0180bbb3) sltu    s7, ra, s8
core   0: 3 0x80002c40 (0x0180bbb3) x23 0x00000000
core   0: 0x80002c44 (0x4aa8ed13) ori     s10, a7, 1194
core   0: 3 0x80002c44 (0x4aa8ed13) x26 0x000004aa
core   0: 0x80002c48 (0x1352e293) ori     t0, t0, 309
core   0: 3 0x80002c48 (0x1352e293) x5  0x168f2135
core   0: 0x80002c4c (0x00005213) srli    tp, zero, 0
core   0: 3 0x80002c4c (0x00005213) x4  0x00000000
core   0: 0x80002c50 (0x2ab3ca13) xori    s4, t2, 683
core   0: 3 0x80002c50 (0x2ab3ca13) x20 0xbd7ffd54
core   0: 0x80002c54 (0x01379213) slli    tp, a5, 19
core   0: 3 0x80002c54 (0x01379213) x4  0x00080000
core   0: 0x80002c58 (0x0131d233) srl     tp, gp, s3
core   0: 3 0x80002c58 (0x0131d233) x4  0x00000dc4
core   0: 0x80002c5c (0x00000013) nop
core   0: 3 0x80002c5c (0x00000013)
core   0: 0x80002c60 (0x80f040b7) lui     ra, 0x80f04
core   0: 3 0x80002c60 (0x80f040b7) x1  0x80f04000
core   0: 0x80002c64 (0x01f59c33) sll     s8, a1, t6
core   0: 3 0x80002c64 (0x01f59c33) x24 0x7ffeb821
core   0: 0x80002c68 (0x00c39733) sll     a4, t2, a2
core   0: 3 0x80002c68 (0x00c39733) x14 0xbd7fffff
core   0: 0x80002c6c (0x40775713) srai    a4, a4, 7
core   0: 3 0x80002c6c (0x40775713) x14 0xff7affff
core   0: 0x80002c70 (0x372be313) ori     t1, s7, 882
core   0: 3 0x80002c70 (0x372be313) x6  0x00000372
core   0: 0x80002c74 (0x41cb81b3) sub     gp, s7, t3
core   0: 3 0x80002c74 (0x41cb81b3) x3  0x00000000
core   0: 0x80002c78 (0x008dec33) or      s8, s11, s0
core   0: 3 0x80002c78 (0x008dec33) x24 0xffffffff
core   0: 0x80002c7c (0x00d5dc13) srli    s8, a1, 13
core   0: 3 0x80002c7c (0x00d5dc13) x24 0x0003fff5
core   0: 0x80002c80 (0xfa5e6d17) auipc   s10, 0xfa5e6
core   0: 3 0x80002c80 (0xfa5e6d17) x26 0x7a5e8c80
core   0: 0x80002c84 (0x6f3d3393) sltiu   t2, s10, 1779
core   0: 3 0x80002c84 (0x6f3d3393) x7  0x00000000
core   0: 0x80002c88 (0x401505b3) sub     a1, a0, ra
core   0: 3 0x80002c88 (0x401505b3) x11 0xff110e64
core   0: 0x80002c8c (0x3381c117) auipc   sp, 0x3381c
core   0: 3 0x80002c8c (0x3381c117) x2  0xb381ec8c
core   0: 0x80002c90 (0x41d05733) sra     a4, zero, t4
core   0: 3 0x80002c90 (0x41d05733) x14 0x00000000
core   0: 0x80002c94 (0x414fdc13) srai    s8, t6, 20
core   0: 3 0x80002c94 (0x414fdc13) x24 0x00000000
core   0: 0x80002c98 (0xbc8ef113) andi    sp, t4, -1080
core   0: 3 0x80002c98 (0xbc8ef113) x2  0x000000c8
core   0: 0x80002c9c (0x015f23b3) slt     t2, t5, s5
core   0: 3 0x80002c9c (0x015f23b3) x7  0x00000001
core   0: 0x80002ca0 (0x00344133) xor     sp, s0, gp
core   0: 3 0x80002ca0 (0x00344133) x2  0xffffffff
core   0: 0x80002ca4 (0x417cd593) srai    a1, s9, 23
core   0: 3 0x80002ca4 (0x417cd593) x11 0x0000003e
core   0: 0x80002ca8 (0xfcfcb097) auipc   ra, 0xfcfcb
core   0: 3 0x80002ca8 (0xfcfcb097) x1  0x7cfcdca8
core   0: 0x80002cac (0x40fdd2b3) sra     t0, s11, a5
core   0: 3 0x80002cac (0x40fdd2b3) x5  0x0000000b
core   0: 0x80002cb0 (0x04773c93) sltiu   s9, a4, 71
core   0: 3 0x80002cb0 (0x04773c93) x25 0x00000001
core   0: 0x80002cb4 (0x41305433) sra     s0, zero, s3
core   0: 3 0x80002cb4 (0x41305433) x8  0x00000000
core   0: 0x80002cb8 (0x01557ab3) and     s5, a0, s5
core   0: 3 0x80002cb8 (0x01557ab3) x21 0x00000000
core   0: 0x80002cbc (0x01ea3333) sltu    t1, s4, t5
core   0: 3 0x80002cbc (0x01ea3333) x6  0x00000000
core   0: 0x80002cc0 (0x49bfde17) auipc   t3, 0x49bfd
core   0: 3 0x80002cc0 (0x49bfde17) x28 0xc9bffcc0
core   0: 0x80002cc4 (0x00d64333) xor     t1, a2, a3
core   0: 3 0x80002cc4 (0x00d64333) x6  0xc560bfdc
core   0: 0x80002cc8 (0x43ae0c13) addi    s8, t3, 1082
core   0: 3 0x80002cc8 (0x43ae0c13) x24 0xc9c000fa
core   0: 0x80002ccc (0x0154aeb3) slt     t4, s1, s5
core   0: 3 0x80002ccc (0x0154aeb3) x29 0x00000001
core   0: 0x80002cd0 (0x00411493) slli    s1, sp, 4
core   0: 3 0x80002cd0 (0x00411493) x9  0xfffffff0
core   0: 0x80002cd4 (0x0190a433) slt     s0, ra, s9
core   0: 3 0x80002cd4 (0x0190a433) x8  0x00000000
core   0: 0x80002cd8 (0x016b2d33) slt     s10, s6, s6
core   0: 3 0x80002cd8 (0x016b2d33) x26 0x00000000
core   0: 0x80002cdc (0x417801b3) sub     gp, a6, s7
core   0: 3 0x80002cdc (0x417801b3) x3  0x49623000
core   0: 0x80002ce0 (0x00331893) slli    a7, t1, 3
core   0: 3 0x80002ce0 (0x00331893) x17 0x2b05fee0
core   0: 0x80002ce4 (0x006f88b3) add     a7, t6, t1
core   0: 3 0x80002ce4 (0x006f88b3) x17 0xc560bfdc
core   0: 0x80002ce8 (0x41475433) sra     s0, a4, s4
core   0: 3 0x80002ce8 (0x41475433) x8  0x00000000
core   0: 0x80002cec (0x9c483793) sltiu   a5, a6, -1596
core   0: 3 0x80002cec (0x9c483793) x15 0x00000001
core   0: 0x80002cf0 (0x01fa9193) slli    gp, s5, 31
core   0: 3 0x80002cf0 (0x01fa9193) x3  0x00000000
core   0: 0x80002cf4 (0x414cddb3) sra     s11, s9, s4
core   0: 3 0x80002cf4 (0x414cddb3) x27 0x00000000
core   0: 0x80002cf8 (0x00e0d293) srli    t0, ra, 14
core   0: 3 0x80002cf8 (0x00e0d293) x5  0x0001f3f3
core   0: 0x80002cfc (0x719ea637) lui     a2, 0x719ea
core   0: 3 0x80002cfc (0x719ea637) x12 0x719ea000
core   0: 0x80002d00 (0x016a2033) slt     zero, s4, s6
core   0: 3 0x80002d00 (0x016a2033)
core   0: 0x80002d04 (0x012ba5b3) slt     a1, s7, s2
core   0: 3 0x80002d04 (0x012ba5b3) x11 0x00000000
core   0: 0x80002d08 (0x00517db3) and     s11, sp, t0
core   0: 3 0x80002d08 (0x00517db3) x27 0x0001f3f3
core   0: 0x80002d0c (0x00000013) nop
core   0: 3 0x80002d0c (0x00000013)
core   0: 0x80002d10 (0x017bd413) srli    s0, s7, 23
core   0: 3 0x80002d10 (0x017bd413) x8  0x00000000
core   0: 0x80002d14 (0x02dc7013) andi    zero, s8, 45
core   0: 3 0x80002d14 (0x02dc7013)
core   0: 0x80002d18 (0x014d55b3) srl     a1, s10, s4
core   0: 3 0x80002d18 (0x014d55b3) x11 0x00000000
core   0: 0x80002d1c (0x003cccb3) xor     s9, s9, gp
core   0: 3 0x80002d1c (0x003cccb3) x25 0x00000001
core   0: 0x80002d20 (0x40d65c13) srai    s8, a2, 13
core   0: 3 0x80002d20 (0x40d65c13) x24 0x00038cf5
core   0: 0x80002d24 (0x411d54b3) sra     s1, s10, a7
core   0: 3 0x80002d24 (0x411d54b3) x9  0x00000000
core   0: 0x80002d28 (0x010cdbb3) srl     s7, s9, a6
core   0: 3 0x80002d28 (0x010cdbb3) x23 0x00000001
core   0: 0x80002d2c (0x2e851417) auipc   s0, 0x2e851
core   0: 3 0x80002d2c (0x2e851417) x8  0xae853d2c
core   0: 0x80002d30 (0x002130b3) sltu    ra, sp, sp
core   0: 3 0x80002d30 (0x002130b3) x1  0x00000000
core   0: 0x80002d34 (0xbdbec313) xori    t1, t4, -1061
core   0: 3 0x80002d34 (0xbdbec313) x6  0xfffffbda
core   0: 0x80002d38 (0x002f8033) add     zero, t6, sp
core   0: 3 0x80002d38 (0x002f8033)
core   0: 0x80002d3c (0x413c8633) sub     a2, s9, s3
core   0: 3 0x80002d3c (0x413c8633) x12 0xfffffff2
core   0: 0x80002d40 (0x405edfb3) sra     t6, t4, t0
core   0: 3 0x80002d40 (0x405edfb3) x31 0x00000000
core   0: 0x80002d44 (0x009e9d33) sll     s10, t4, s1
core   0: 3 0x80002d44 (0x009e9d33) x26 0x00000001
core   0: 0x80002d48 (0x00cad433) srl     s0, s5, a2
core   0: 3 0x80002d48 (0x00cad433) x8  0x00000000
core   0: 0x80002d4c (0xd1940893) addi    a7, s0, -743
core   0: 3 0x80002d4c (0xd1940893) x17 0xfffffd19
core   0: 0x80002d50 (0x419ad693) srai    a3, s5, 25
core   0: 3 0x80002d50 (0x419ad693) x13 0x00000000
core   0: 0x80002d54 (0x41175333) sra     t1, a4, a7
core   0: 3 0x80002d54 (0x41175333) x6  0x00000000
core   0: 0x80002d58 (0x44457a93) andi    s5, a0, 1092
core   0: 3 0x80002d58 (0x44457a93) x21 0x00000444
core   0: 0x80002d5c (0x0130b333) sltu    t1, ra, s3
core   0: 3 0x80002d5c (0x0130b333) x6  0x00000001
core   0: 0x80002d60 (0x01019c33) sll     s8, gp, a6
core   0: 3 0x80002d60 (0x01019c33) x24 0x00000000
core   0: 0x80002d64 (0x010116b3) sll     a3, sp, a6
core   0: 3 0x80002d64 (0x010116b3) x13 0xffffffff
core   0: 0x80002d68 (0x010e1d13) slli    s10, t3, 16
core   0: 3 0x80002d68 (0x010e1d13) x26 0xfcc00000
core   0: 0x80002d6c (0xf7702593) slti    a1, zero, -137
core   0: 3 0x80002d6c (0xf7702593) x11 0x00000000
core   0: 0x80002d70 (0x01a82833) slt     a6, a6, s10
core   0: 3 0x80002d70 (0x01a82833) x16 0x00000000
core   0: 0x80002d74 (0xb5cc0a13) addi    s4, s8, -1188
core   0: 3 0x80002d74 (0xb5cc0a13) x20 0xfffffb5c
core   0: 0x80002d78 (0x101b6b17) auipc   s6, 0x101b6
core   0: 3 0x80002d78 (0x101b6b17) x22 0x901b8d78
core   0: 0x80002d7c (0x019ef933) and     s2, t4, s9
core   0: 3 0x80002d7c (0x019ef933) x18 0x00000001
core   0: 0x80002d80 (0xace1e193) ori     gp, gp, -1330
core   0: 3 0x80002d80 (0xace1e193) x3  0xffffface
core   0: 0x80002d84 (0x4cc54313) xori    t1, a0, 1228
core   0: 3 0x80002d84 (0x4cc54313) x6  0x80014aa8
core   0: 0x80002d88 (0x018df233) and     tp, s11, s8
core   0: 3 0x80002d88 (0x018df233) x4  0x00000000
core   0: 0x80002d8c (0x40ad0c33) sub     s8, s10, a0
core   0: 3 0x80002d8c (0x40ad0c33) x24 0x7cbeb19c
core   0: 0x80002d90 (0x41ac5e33) sra     t3, s8, s10
core   0: 3 0x80002d90 (0x41ac5e33) x28 0x7cbeb19c
core   0: 0x80002d94 (0x2649f817) auipc   a6, 0x2649f
core   0: 3 0x80002d94 (0x2649f817) x16 0xa64a1d94
core   0: 0x80002d98 (0x00131bb3) sll     s7, t1, ra
core   0: 3 0x80002d98 (0x00131bb3) x23 0x80014aa8
core   0: 0x80002d9c (0x2613bb93) sltiu   s7, t2, 609
core   0: 3 0x80002d9c (0x2613bb93) x23 0x00000001
core   0: 0x80002da0 (0x002b6c33) or      s8, s6, sp
core   0: 3 0x80002da0 (0x002b6c33) x24 0xffffffff
core   0: 0x80002da4 (0x40d50633) sub     a2, a0, a3
core   0: 3 0x80002da4 (0x40d50633) x12 0x80014e65
core   0: 0x80002da8 (0xaeac4b93) xori    s7, s8, -1302
core   0: 3 0x80002da8 (0xaeac4b93) x23 0x00000515
core   0: 0x80002dac (0x00bab633) sltu    a2, s5, a1
core   0: 3 0x80002dac (0x00bab633) x12 0x00000000
core   0: 0x80002db0 (0x0161a0b3) slt     ra, gp, s6
core   0: 3 0x80002db0 (0x0161a0b3) x1  0x00000000
core   0: 0x80002db4 (0x4104da33) sra     s4, s1, a6
core   0: 3 0x80002db4 (0x4104da33) x20 0x00000000
core   0: 0x80002db8 (0x00ed4633) xor     a2, s10, a4
core   0: 3 0x80002db8 (0x00ed4633) x12 0xfcc00000
core   0: 0x80002dbc (0x01232eb3) slt     t4, t1, s2
core   0: 3 0x80002dbc (0x01232eb3) x29 0x00000001
core   0: 0x80002dc0 (0x00000013) nop
core   0: 3 0x80002dc0 (0x00000013)
core   0: 0x80002dc4 (0x00eeccb3) xor     s9, t4, a4
core   0: 3 0x80002dc4 (0x00eeccb3) x25 0x00000001
core   0: 0x80002dc8 (0x009bf833) and     a6, s7, s1
core   0: 3 0x80002dc8 (0x009bf833) x16 0x00000000
core   0: 0x80002dcc (0x0131a033) slt     zero, gp, s3
core   0: 3 0x80002dcc (0x0131a033)
core   0: 0x80002dd0 (0x53fd2313) slti    t1, s10, 1343
core   0: 3 0x80002dd0 (0x53fd2313) x6  0x00000001
core   0: 0x80002dd4 (0xb7264237) lui     tp, 0xb7264
core   0: 3 0x80002dd4 (0xb7264237) x4  0xb7264000
core   0: 0x80002dd8 (0x003fe7b3) or      a5, t6, gp
core   0: 3 0x80002dd8 (0x003fe7b3) x15 0xffffface
core   0: 0x80002ddc (0x244f5a17) auipc   s4, 0x244f5
core   0: 3 0x80002ddc (0x244f5a17) x20 0xa44f7ddc
core   0: 0x80002de0 (0x787c0193) addi    gp, s8, 1927
core   0: 3 0x80002de0 (0x787c0193) x3  0x00000786
core   0: 0x80002de4 (0x40145bb3) sra     s7, s0, ra
core   0: 3 0x80002de4 (0x40145bb3) x23 0x00000000
core   0: 0x80002de8 (0x801e4c97) auipc   s9, 0x801e4
core   0: 3 0x80002de8 (0x801e4c97) x25 0x001e6de8
core   0: 0x80002dec (0x5a942193) slti    gp, s0, 1449
core   0: 3 0x80002dec (0x5a942193) x3  0x00000001
core   0: 0x80002df0 (0xc049a493) slti    s1, s3, -1020
core   0: 3 0x80002df0 (0xc049a493) x9  0x00000000
core   0: 0x80002df4 (0x01401293) slli    t0, zero, 20
core   0: 3 0x80002df4 (0x01401293) x5  0x00000000
core   0: 0x80002df8 (0x41628eb3) sub     t4, t0, s6
core   0: 3 0x80002df8 (0x41628eb3) x29 0x6fe47288
core   0: 0x80002dfc (0x00206cb3) or      s9, zero, sp
core   0: 3 0x80002dfc (0x00206cb3) x25 0xffffffff
core   0: 0x80002e00 (0x1fb0cc93) xori    s9, ra, 507
core   0: 3 0x80002e00 (0x1fb0cc93) x25 0x000001fb
core   0: 0x80002e04 (0x00df5b33) srl     s6, t5, a3
core   0: 3 0x80002e04 (0x00df5b33) x22 0x00000001
core   0: 0x80002e08 (0x0003dd13) srli    s10, t2, 0
core   0: 3 0x80002e08 (0x0003dd13) x26 0x00000001
core   0: 0x80002e0c (0xfb264b93) xori    s7, a2, -78
core   0: 3 0x80002e0c (0xfb264b93) x23 0x033fffb2
core   0: 0x80002e10 (0x003ed5b3) srl     a1, t4, gp
core   0: 3 0x80002e10 (0x003ed5b3) x11 0x37f23944
core   0: 0x80002e14 (0x00681a33) sll     s4, a6, t1
core   0: 3 0x80002e14 (0x00681a33) x20 0x00000000
core   0: 0x80002e18 (0x00000013) nop
core   0: 3 0x80002e18 (0x00000013)
core   0: 0x80002e1c (0xb5b4b493) sltiu   s1, s1, -1189
core   0: 3 0x80002e1c (0xb5b4b493) x9  0x00000001
core   0: 0x80002e20 (0x415dd033) sra     zero, s11, s5
core   0: 3 0x80002e20 (0x415dd033)
core   0: 0x80002e24 (0x01bee133) or      sp, t4, s11
core   0: 3 0x80002e24 (0x01bee133) x2  0x6fe5f3fb
core   0: 0x80002e28 (0x5107a193) slti    gp, a5, 1296
core   0: 3 0x80002e28 (0x5107a193) x3  0x00000001
core   0: 0x80002e2c (0xdf324613) xori    a2, tp, -525
core   0: 3 0x80002e2c (0xdf324613) x12 0x48d9bdf3
core   0: 0x80002e30 (0x40148633) sub     a2, s1, ra
core   0: 3 0x80002e30 (0x40148633) x12 0x00000001
core   0: 0x80002e34 (0x2cf52493) slti    s1, a0, 719
core   0: 3 0x80002e34 (0x2cf52493) x9  0x00000001
core   0: 0x80002e38 (0x41895393) srai    t2, s2, 24
core   0: 3 0x80002e38 (0x41895393) x7  0x00000000
core   0: 0x80002e3c (0x003ae733) or      a4, s5, gp
core   0: 3 0x80002e3c (0x003ae733) x14 0x00000445
core   0: 0x80002e40 (0xe44e3b93) sltiu   s7, t3, -444
core   0: 3 0x80002e40 (0xe44e3b93) x23 0x00000001
core   0: 0x80002e44 (0x8f44a393) slti    t2, s1, -1804
core   0: 3 0x80002e44 (0x8f44a393) x7  0x00000000
core   0: 0x80002e48 (0x014b9b13) slli    s6, s7, 20
core   0: 3 0x80002e48 (0x014b9b13) x22 0x00100000
core   0: 0x80002e4c (0x00632033) slt     zero, t1, t1
core   0: 3 0x80002e4c (0x00632033)
core   0: 0x80002e50 (0x00205893) srli    a7, zero, 2
core   0: 3 0x80002e50 (0x00205893) x17 0x00000000
core   0: 0x80002e54 (0x01d84933) xor     s2, a6, t4
core   0: 3 0x80002e54 (0x01d84933) x18 0x6fe47288
core   0: 0x80002e58 (0x417ed733) sra     a4, t4, s7
core   0: 3 0x80002e58 (0x417ed733) x14 0x37f23944
core   0: 0x80002e5c (0x0101b6b3) sltu    a3, gp, a6
core   0: 3 0x80002e5c (0x0101b6b3) x13 0x00000000
core   0: 0x80002e60 (0x7018e813) ori     a6, a7, 1793
core   0: 3 0x80002e60 (0x7018e813) x16 0x00000701
core   0: 0x80002e64 (0x009dad33) slt     s10, s11, s1
core   0: 3 0x80002e64 (0x009dad33) x26 0x00000000
core   0: 0x80002e68 (0x77833193) sltiu   gp, t1, 1912
core   0: 3 0x80002e68 (0x77833193) x3  0x00000001
core   0: 0x80002e6c (0xa1738893) addi    a7, t2, -1513
core   0: 3 0x80002e6c (0xa1738893) x17 0xfffffa17
core   0: 0x80002e70 (0x83c94113) xori    sp, s2, -1988
core   0: 3 0x80002e70 (0x83c94113) x2  0x901b8ab4
core   0: 0x80002e74 (0x0d3ecc93) xori    s9, t4, 211
core   0: 3 0x80002e74 (0x0d3ecc93) x25 0x6fe4725b
core   0: 0x80002e78 (0x0c0c0493) addi    s1, s8, 192
core   0: 3 0x80002e78 (0x0c0c0493) x9  0x000000bf
core   0: 0x80002e7c (0x7f2b8613) addi    a2, s7, 2034
core   0: 3 0x80002e7c (0x7f2b8613) x12 0x000007f3
core   0: 0x80002e80 (0xe3542193) slti    gp, s0, -459
core   0: 3 0x80002e80 (0xe3542193) x3  0x00000000
core   0: 0x80002e84 (0x395ae213) ori     tp, s5, 917
core   0: 3 0x80002e84 (0x395ae213) x4  0x000007d5
core   0: 0x80002e88 (0x411c5013) srai    zero, s8, 17
core   0: 3 0x80002e88 (0x411c5013)
core   0: 0x80002e8c (0x009fd233) srl     tp, t6, s1
core   0: 3 0x80002e8c (0x009fd233) x4  0x00000000
core   0: 0x80002e90 (0x48132237) lui     tp, 0x48132
core   0: 3 0x80002e90 (0x48132237) x4  0x48132000
core   0: 0x80002e94 (0x00808133) add     sp, ra, s0
core   0: 3 0x80002e94 (0x00808133) x2  0x00000000
core   0: 0x80002e98 (0x008bd213) srli    tp, s7, 8
core   0: 3 0x80002e98 (0x008bd213) x4  0x00000000
core   0: 0x80002e9c (0x00000013) nop
core   0: 3 0x80002e9c (0x00000013)
core   0: 0x80002ea0 (0x6e2d0593) addi    a1, s10, 1762
core   0: 3 0x80002ea0 (0x6e2d0593) x11 0x000006e2
core   0: 0x80002ea4 (0xac8a4317) auipc   t1, 0xac8a4
core   0: 3 0x80002ea4 (0xac8a4317) x6  0x2c8a6ea4
core   0: 0x80002ea8 (0xa047ac13) slti    s8, a5, -1532
core   0: 3 0x80002ea8 (0xa047ac13) x24 0x00000000
core   0: 0x80002eac (0x01917133) and     sp, sp, s9
core   0: 3 0x80002eac (0x01917133) x2  0x00000000
core   0: 0x80002eb0 (0x00785e93) srli    t4, a6, 7
core   0: 3 0x80002eb0 (0x00785e93) x29 0x0000000e
core   0: 0x80002eb4 (0x0029e4b3) or      s1, s3, sp
core   0: 3 0x80002eb4 (0x0029e4b3) x9  0x0000000f
core   0: 0x80002eb8 (0x29cda693) slti    a3, s11, 668
core   0: 3 0x80002eb8 (0x29cda693) x13 0x00000000
core   0: 0x80002ebc (0x1c213b93) sltiu   s7, sp, 450
core   0: 3 0x80002ebc (0x1c213b93) x23 0x00000001
core   0: 0x80002ec0 (0x0095fcb3) and     s9, a1, s1
core   0: 3 0x80002ec0 (0x0095fcb3) x25 0x00000002
core   0: 0x80002ec4 (0x3ba04413) xori    s0, zero, 954
core   0: 3 0x80002ec4 (0x3ba04413) x8  0x000003ba
core   0: 0x80002ec8 (0x27b76093) ori     ra, a4, 635
core   0: 3 0x80002ec8 (0x27b76093) x1  0x37f23b7f
core   0: 0x80002ecc (0x0179eeb3) or      t4, s3, s7
core   0: 3 0x80002ecc (0x0179eeb3) x29 0x0000000f
core   0: 0x80002ed0 (0x01badbb3) srl     s7, s5, s11
core   0: 3 0x80002ed0 (0x01badbb3) x23 0x00000000
core   0: 0x80002ed4 (0x012bde33) srl     t3, s7, s2
core   0: 3 0x80002ed4 (0x012bde33) x28 0x00000000
core   0: 0x80002ed8 (0x18e0fc13) andi    s8, ra, 398
core   0: 3 0x80002ed8 (0x18e0fc13) x24 0x0000010e
core   0: 0x80002edc (0x7b750913) addi    s2, a0, 1975
core   0: 3 0x80002edc (0x7b750913) x18 0x8001561b
core   0: 0x80002ee0 (0x014e0833) add     a6, t3, s4
core   0: 3 0x80002ee0 (0x014e0833) x16 0x00000000
core   0: 0x80002ee4 (0xc0224813) xori    a6, tp, -1022
core   0: 3 0x80002ee4 (0xc0224813) x16 0xfffffc02
core   0: 0x80002ee8 (0x00330d33) add     s10, t1, gp
core   0: 3 0x80002ee8 (0x00330d33) x26 0x2c8a6ea4
core   0: 0x80002eec (0x0124a933) slt     s2, s1, s2
core   0: 3 0x80002eec (0x0124a933) x18 0x00000000
core   0: 0x80002ef0 (0x401c6393) ori     t2, s8, 1025
core   0: 3 0x80002ef0 (0x401c6393) x7  0x0000050f
core   0: 0x80002ef4 (0x00a20eb3) add     t4, tp, a0
core   0: 3 0x80002ef4 (0x00a20eb3) x29 0x80014e64
core   0: 0x80002ef8 (0x011540b3) xor     ra, a0, a7
core   0: 3 0x80002ef8 (0x011540b3) x1  0x7ffeb473
core   0: 0x80002efc (0x019a8b33) add     s6, s5, s9
core   0: 3 0x80002efc (0x019a8b33) x22 0x00000446
core   0: 0x80002f00 (0xc3af0313) addi    t1, t5, -966
core   0: 3 0x80002f00 (0xc3af0313) x6  0x8001891e
core   0: 0x80002f04 (0x40105e13) srai    t3, zero, 1
core   0: 3 0x80002f04 (0x40105e13) x28 0x00000000
core   0: 0x80002f08 (0xa78f2d93) slti    s11, t5, -1416
core   0: 3 0x80002f08 (0xa78f2d93) x27 0x00000001
core   0: 0x80002f0c (0x3b0eb937) lui     s2, 0x3b0eb
core   0: 3 0x80002f0c (0x3b0eb937) x18 0x3b0eb000
core   0: 0x80002f10 (0x01821893) slli    a7, tp, 24
core   0: 3 0x80002f10 (0x01821893) x17 0x00000000
core   0: 0x80002f14 (0x00000013) nop
core   0: 3 0x80002f14 (0x00000013)
core   0: 0x80002f18 (0x05a46d13) ori     s10, s0, 90
core   0: 3 0x80002f18 (0x05a46d13) x26 0x000003fa
core   0: 0x80002f1c (0x0094d5b3) srl     a1, s1, s1
core   0: 3 0x80002f1c (0x0094d5b3) x11 0x00000000
core   0: 0x80002f20 (0x01cf1b93) slli    s7, t5, 28
core   0: 3 0x80002f20 (0x01cf1b93) x23 0x40000000
core   0: 0x80002f24 (0x000a41b3) xor     gp, s4, zero
core   0: 3 0x80002f24 (0x000a41b3) x3  0x00000000
core   0: 0x80002f28 (0x1e4c9117) auipc   sp, 0x1e4c9
core   0: 3 0x80002f28 (0x1e4c9117) x2  0x9e4cbf28
core   0: 0x80002f2c (0x019fdab3) srl     s5, t6, s9
core   0: 3 0x80002f2c (0x019fdab3) x21 0x00000000
core   0: 0x80002f30 (0x4013de13) srai    t3, t2, 1
core   0: 3 0x80002f30 (0x4013de13) x28 0x00000287
core   0: 0x80002f34 (0xc2285837) lui     a6, 0xc2285
core   0: 3 0x80002f34 (0xc2285837) x16 0xc2285000
core   0: 0x80002f38 (0x403bd8b3) sra     a7, s7, gp
core   0: 3 0x80002f38 (0x403bd8b3) x17 0x40000000
core   0: 0x80002f3c (0x4a3ef117) auipc   sp, 0x4a3ef
core   0: 3 0x80002f3c (0x4a3ef117) x2  0xca3f1f3c
core   0: 0x80002f40 (0x537fc193) xori    gp, t6, 1335
core   0: 3 0x80002f40 (0x537fc193) x3  0x00000537
core   0: 0x80002f44 (0x40a5dcb3) sra     s9, a1, a0
core   0: 3 0x80002f44 (0x40a5dcb3) x25 0x00000000
core   0: 0x80002f48 (0x41c00d33) sub     s10, zero, t3
core   0: 3 0x80002f48 (0x41c00d33) x26 0xfffffd79
core   0: 0x80002f4c (0x403f0c33) sub     s8, t5, gp
core   0: 3 0x80002f4c (0x403f0c33) x24 0x800187ad
core   0: 0x80002f50 (0xf3a68013) addi    zero, a3, -198
core   0: 3 0x80002f50 (0xf3a68013)
core   0: 0x80002f54 (0x00abffb3) and     t6, s7, a0
core   0: 3 0x80002f54 (0x00abffb3) x31 0x00000000
core   0: 0x80002f58 (0x4092d213) srai    tp, t0, 9
core   0: 3 0x80002f58 (0x4092d213) x4  0x00000000
core   0: 0x80002f5c (0x00f5d4b3) srl     s1, a1, a5
core   0: 3 0x80002f5c (0x00f5d4b3) x9  0x00000000
core   0: 0x80002f60 (0x007c02b3) add     t0, s8, t2
core   0: 3 0x80002f60 (0x007c02b3) x5  0x80018cbc
core   0: 0x80002f64 (0x678cae13) slti    t3, s9, 1656
core   0: 3 0x80002f64 (0x678cae13) x28 0x00000001
core   0: 0x80002f68 (0xc1e4e293) ori     t0, s1, -994
core   0: 3 0x80002f68 (0xc1e4e293) x5  0xfffffc1e
core   0: 0x80002f6c (0x418b5493) srai    s1, s6, 24
core   0: 3 0x80002f6c (0x418b5493) x9  0x00000000
core   0: 0x80002f70 (0x01399713) slli    a4, s3, 19
core   0: 3 0x80002f70 (0x01399713) x14 0x00780000
core   0: 0x80002f74 (0x3e5d3013) sltiu   zero, s10, 997
core   0: 3 0x80002f74 (0x3e5d3013)
core   0: 0x80002f78 (0x5ad52613) slti    a2, a0, 1453
core   0: 3 0x80002f78 (0x5ad52613) x12 0x00000001
core   0: 0x80002f7c (0x013e1ab3) sll     s5, t3, s3
core   0: 3 0x80002f7c (0x013e1ab3) x21 0x00008000
core   0: 0x80002f80 (0xef4ae493) ori     s1, s5, -268
core   0: 3 0x80002f80 (0xef4ae493) x9  0xfffffef4
core   0: 0x80002f84 (0x54862893) slti    a7, a2, 1352
core   0: 3 0x80002f84 (0x54862893) x17 0x00000001
core   0: 0x80002f88 (0x00000013) nop
core   0: 3 0x80002f88 (0x00000013)
core   0: 0x80002f8c (0x689d0d13) addi    s10, s10, 1673
core   0: 3 0x80002f8c (0x689d0d13) x26 0x00000402
core   0: 0x80002f90 (0x00fd1613) slli    a2, s10, 15
core   0: 3 0x80002f90 (0x00fd1613) x12 0x02010000
core   0: 0x80002f94 (0x00307fb3) and     t6, zero, gp
core   0: 3 0x80002f94 (0x00307fb3) x31 0x00000000
core   0: 0x80002f98 (0x48cae817) auipc   a6, 0x48cae
core   0: 3 0x80002f98 (0x48cae817) x16 0xc8cb0f98
core   0: 0x80002f9c (0x0179dbb3) srl     s7, s3, s7
core   0: 3 0x80002f9c (0x0179dbb3) x23 0x0000000f
core   0: 0x80002fa0 (0x00f4b2b3) sltu    t0, s1, a5
core   0: 3 0x80002fa0 (0x00f4b2b3) x5  0x00000000
core   0: 0x80002fa4 (0x0e2013b7) lui     t2, 0xe201
core   0: 3 0x80002fa4 (0x0e2013b7) x7  0x0e201000
core   0: 0x80002fa8 (0x86d84413) xori    s0, a6, -1939
core   0: 3 0x80002fa8 (0x86d84413) x8  0x3734f7f5
core   0: 0x80002fac (0xd030a913) slti    s2, ra, -765
core   0: 3 0x80002fac (0xd030a913) x18 0x00000000
core   0: 0x80002fb0 (0xd39a0837) lui     a6, 0xd39a0
core   0: 3 0x80002fb0 (0xd39a0837) x16 0xd39a0000
core   0: 0x80002fb4 (0x00c477b3) and     a5, s0, a2
core   0: 3 0x80002fb4 (0x00c477b3) x15 0x02000000
core   0: 0x80002fb8 (0x01659d93) slli    s11, a1, 22
core   0: 3 0x80002fb8 (0x01659d93) x27 0x00000000
core   0: 0x80002fbc (0x008a0db3) add     s11, s4, s0
core   0: 3 0x80002fbc (0x008a0db3) x27 0x3734f7f5
core   0: 0x80002fc0 (0x19ea6813) ori     a6, s4, 414
core   0: 3 0x80002fc0 (0x19ea6813) x16 0x0000019e
core   0: 0x80002fc4 (0x00000013) nop
core   0: 3 0x80002fc4 (0x00000013)
core   0: 0x80002fc8 (0x00ab5413) srli    s0, s6, 10
core   0: 3 0x80002fc8 (0x00ab5413) x8  0x00000001
core   0: 0x80002fcc (0x0a480f97) auipc   t6, 0xa480
core   0: 3 0x80002fcc (0x0a480f97) x31 0x8a482fcc
core   0: 0x80002fd0 (0x00000013) nop
core   0: 3 0x80002fd0 (0x00000013)
core   0: 0x80002fd4 (0x005ceab3) or      s5, s9, t0
core   0: 3 0x80002fd4 (0x005ceab3) x21 0x00000000
core   0: 0x80002fd8 (0x00000013) nop
core   0: 3 0x80002fd8 (0x00000013)
core   0: 0x80002fdc (0xb6b8c837) lui     a6, 0xb6b8c
core   0: 3 0x80002fdc (0xb6b8c837) x16 0xb6b8c000
core   0: 0x80002fe0 (0x004bdd13) srli    s10, s7, 4
core   0: 3 0x80002fe0 (0x004bdd13) x26 0x00000000
core   0: 0x80002fe4 (0x7d37fcb7) lui     s9, 0x7d37f
core   0: 3 0x80002fe4 (0x7d37fcb7) x25 0x7d37f000
core   0: 0x80002fe8 (0xeee44f93) xori    t6, s0, -274
core   0: 3 0x80002fe8 (0xeee44f93) x31 0xfffffeef
core   0: 0x80002fec (0x41b7da13) srai    s4, a5, 27
core   0: 3 0x80002fec (0x41b7da13) x20 0x00000000
core   0: 0x80002ff0 (0x010cc2b3) xor     t0, s9, a6
core   0: 3 0x80002ff0 (0x010cc2b3) x5  0xcb8f3000
core   0: 0x80002ff4 (0x001d70b3) and     ra, s10, ra
core   0: 3 0x80002ff4 (0x001d70b3) x1  0x00000000
core   0: 0x80002ff8 (0x012a5893) srli    a7, s4, 18
core   0: 3 0x80002ff8 (0x012a5893) x17 0x00000000
core   0: 0x80002ffc (0x009cd493) srli    s1, s9, 9
core   0: 3 0x80002ffc (0x009cd493) x9  0x003e9bf8
core   0: 0x80003000 (0x011f6433) or      s0, t5, a7
core   0: 3 0x80003000 (0x011f6433) x8  0x80018ce4
core   0: 0x80003004 (0x00357eb3) and     t4, a0, gp
core   0: 3 0x80003004 (0x00357eb3) x29 0x00000424
core   0: 0x80003008 (0x006b80b3) add     ra, s7, t1
core   0: 3 0x80003008 (0x006b80b3) x1  0x8001892d
core   0: 0x8000300c (0x40735c33) sra     s8, t1, t2
core   0: 3 0x8000300c (0x40735c33) x24 0x8001891e
core   0: 0x80003010 (0xeb57f793) andi    a5, a5, -331
core   0: 3 0x80003010 (0xeb57f793) x15 0x02000000
core   0: 0x80003014 (0xf6248613) addi    a2, s1, -158
core   0: 3 0x80003014 (0xf6248613) x12 0x003e9b5a
core   0: 0x80003018 (0x40805db3) sra     s11, zero, s0
core   0: 3 0x80003018 (0x40805db3) x27 0x00000000
core   0: 0x8000301c (0x00cc2db3) slt     s11, s8, a2
core   0: 3 0x8000301c (0x00cc2db3) x27 0x00000001
core   0: 0x80003020 (0x01c2f5b3) and     a1, t0, t3
core   0: 3 0x80003020 (0x01c2f5b3) x11 0x00000000
core   0: 0x80003024 (0x01806133) or      sp, zero, s8
core   0: 3 0x80003024 (0x01806133) x2  0x8001891e
core   0: 0x80003028 (0x40a98333) sub     t1, s3, a0
core   0: 3 0x80003028 (0x40a98333) x6  0x7ffeb1ab
core   0: 0x8000302c (0x009f1113) slli    sp, t5, 9
core   0: 3 0x8000302c (0x009f1113) x2  0x0319c800
core   0: 0x80003030 (0x41e95333) sra     t1, s2, t5
core   0: 3 0x80003030 (0x41e95333) x6  0x00000000
core   0: 0x80003034 (0x019815b3) sll     a1, a6, s9
core   0: 3 0x80003034 (0x019815b3) x11 0xb6b8c000
core   0: 0x80003038 (0x41a95133) sra     sp, s2, s10
core   0: 3 0x80003038 (0x41a95133) x2  0x00000000
core   0: 0x8000303c (0x00000013) nop
core   0: 3 0x8000303c (0x00000013)
core   0: 0x80003040 (0x00949cb3) sll     s9, s1, s1
core   0: 3 0x80003040 (0x00949cb3) x25 0xf8000000
core   0: 0x80003044 (0x10dfd237) lui     tp, 0x10dfd
core   0: 3 0x80003044 (0x10dfd237) x4  0x10dfd000
core   0: 0x80003048 (0x01b9cab3) xor     s5, s3, s11
core   0: 3 0x80003048 (0x01b9cab3) x21 0x0000000e
core   0: 0x8000304c (0x4166de93) srai    t4, a3, 22
core   0: 3 0x8000304c (0x4166de93) x29 0x00000000
core   0: 0x80003050 (0x011fd633) srl     a2, t6, a7
core   0: 3 0x80003050 (0x011fd633) x12 0xfffffeef
core   0: 0x80003054 (0x01f4a433) slt     s0, s1, t6
core   0: 3 0x80003054 (0x01f4a433) x8  0x00000000
core   0: 0x80003058 (0x00abf033) and     zero, s7, a0
core   0: 3 0x80003058 (0x00abf033)
core   0: 0x8000305c (0x00fb12b3) sll     t0, s6, a5
core   0: 3 0x8000305c (0x00fb12b3) x5  0x00000446
core   0: 0x80003060 (0x01a103b3) add     t2, sp, s10
core   0: 3 0x80003060 (0x01a103b3) x7  0x00000000
core   0: 0x80003064 (0xa5668393) addi    t2, a3, -1450
core   0: 3 0x80003064 (0xa5668393) x7  0xfffffa56
core   0: 0x80003068 (0x0194dc13) srli    s8, s1, 25
core   0: 3 0x80003068 (0x0194dc13) x24 0x00000000
core   0: 0x8000306c (0x41f5d7b3) sra     a5, a1, t6
core   0: 3 0x8000306c (0x41f5d7b3) x15 0xffff6d71
core   0: 0x80003070 (0x00e1b333) sltu    t1, gp, a4
core   0: 3 0x80003070 (0x00e1b333) x6  0x00000001
core   0: 0x80003074 (0x41c6d193) srai    gp, a3, 28
core   0: 3 0x80003074 (0x41c6d193) x3  0x00000000
core   0: 0x80003078 (0xe7587a93) andi    s5, a6, -395
core   0: 3 0x80003078 (0xe7587a93) x21 0xb6b8c000
core   0: 0x8000307c (0x00e96eb3) or      t4, s2, a4
core   0: 3 0x8000307c (0x00e96eb3) x29 0x00780000
core   0: 0x80003080 (0x00ca72b3) and     t0, s4, a2
core   0: 3 0x80003080 (0x00ca72b3) x5  0x00000000
core   0: 0x80003084 (0x43b12d13) slti    s10, sp, 1083
core   0: 3 0x80003084 (0x43b12d13) x26 0x00000001
core   0: 0x80003088 (0x41ed0833) sub     a6, s10, t5
core   0: 3 0x80003088 (0x41ed0833) x16 0x7ffe731d
core   0: 0x8000308c (0xe994c813) xori    a6, s1, -359
core   0: 3 0x8000308c (0xe994c813) x16 0xffc16561
core   0: 0x80003090 (0x017a7633) and     a2, s4, s7
core   0: 3 0x80003090 (0x017a7633) x12 0x00000000
core   0: 0x80003094 (0x00000013) nop
core   0: 3 0x80003094 (0x00000013)
core   0: 0x80003098 (0x005b8bb3) add     s7, s7, t0
core   0: 3 0x80003098 (0x005b8bb3) x23 0x0000000f
core   0: 0x8000309c (0x014152b3) srl     t0, sp, s4
core   0: 3 0x8000309c (0x014152b3) x5  0x00000000
core   0: 0x800030a0 (0x00000013) nop
core   0: 3 0x800030a0 (0x00000013)
core   0: 0x800030a4 (0x01f7d293) srli    t0, a5, 31
core   0: 3 0x800030a4 (0x01f7d293) x5  0x00000001
core   0: 0x800030a8 (0x016fcab3) xor     s5, t6, s6
core   0: 3 0x800030a8 (0x016fcab3) x21 0xfffffaa9
core   0: 0x800030ac (0x00ffd913) srli    s2, t6, 15
core   0: 3 0x800030ac (0x00ffd913) x18 0x0001ffff
core   0: 0x800030b0 (0x01e9db93) srli    s7, s3, 30
core   0: 3 0x800030b0 (0x01e9db93) x23 0x00000000
core   0: 0x800030b4 (0x005e1eb3) sll     t4, t3, t0
core   0: 3 0x800030b4 (0x005e1eb3) x29 0x00000002
core   0: 0x800030b8 (0x016f9093) slli    ra, t6, 22
core   0: 3 0x800030b8 (0x016f9093) x1  0xbbc00000
core   0: 0x800030bc (0x4e21f093) andi    ra, gp, 1250
core   0: 3 0x800030bc (0x4e21f093) x1  0x00000000
core   0: 0x800030c0 (0x27e98b13) addi    s6, s3, 638
core   0: 3 0x800030c0 (0x27e98b13) x22 0x0000028d
core   0: 0x800030c4 (0x67d3ee17) auipc   t3, 0x67d3e
core   0: 3 0x800030c4 (0x67d3ee17) x28 0xe7d410c4
core   0: 0x800030c8 (0x00000013) nop
core   0: 3 0x800030c8 (0x00000013)
core   0: 0x800030cc (0xfd26ca13) xori    s4, a3, -46
core   0: 3 0x800030cc (0xfd26ca13) x20 0xffffffd2
core   0: 0x800030d0 (0xd350bc93) sltiu   s9, ra, -715
core   0: 3 0x800030d0 (0xd350bc93) x25 0x00000001
core   0: 0x800030d4 (0x08442593) slti    a1, s0, 132
core   0: 3 0x800030d4 (0x08442593) x11 0x00000001
core   0: 0x800030d8 (0x01f176b3) and     a3, sp, t6
core   0: 3 0x800030d8 (0x01f176b3) x13 0x00000000
core   0: 0x800030dc (0x01bf4bb3) xor     s7, t5, s11
core   0: 3 0x800030dc (0x01bf4bb3) x23 0x80018ce5
core   0: 0x800030e0 (0xea226913) ori     s2, tp, -350
core   0: 3 0x800030e0 (0xea226913) x18 0xfffffea2
core   0: 0x800030e4 (0x012070b3) and     ra, zero, s2
core   0: 3 0x800030e4 (0x012070b3) x1  0x00000000
core   0: 0x800030e8 (0x01246db3) or      s11, s0, s2
core   0: 3 0x800030e8 (0x01246db3) x27 0xfffffea2
core   0: 0x800030ec (0x011ce6b3) or      a3, s9, a7
core   0: 3 0x800030ec (0x011ce6b3) x13 0x00000001
core   0: 0x800030f0 (0x9349f237) lui     tp, 0x9349f
core   0: 3 0x800030f0 (0x9349f237) x4  0x9349f000
core   0: 0x800030f4 (0x00000013) nop
core   0: 3 0x800030f4 (0x00000013)
core   0: 0x800030f8 (0x009a5f93) srli    t6, s4, 9
core   0: 3 0x800030f8 (0x009a5f93) x31 0x007fffff
core   0: 0x800030fc (0x01955a13) srli    s4, a0, 25
core   0: 3 0x800030fc (0x01955a13) x20 0x00000040
core   0: 0x80003100 (0x4fe32c93) slti    s9, t1, 1278
core   0: 3 0x80003100 (0x4fe32c93) x25 0x00000001
core   0: 0x80003104 (0x01ef5293) srli    t0, t5, 30
core   0: 3 0x80003104 (0x01ef5293) x5  0x00000002
core   0: 0x80003108 (0x005e4833) xor     a6, t3, t0
core   0: 3 0x80003108 (0x005e4833) x16 0xe7d410c6
core   0: 0x8000310c (0x01061d13) slli    s10, a2, 16
core   0: 3 0x8000310c (0x01061d13) x26 0x00000000
core   0: 0x80003110 (0x00ddb833) sltu    a6, s11, a3
core   0: 3 0x80003110 (0x00ddb833) x16 0x00000000
core   0: 0x80003114 (0x00496b33) or      s6, s2, tp
core   0: 3 0x80003114 (0x00496b33) x22 0xfffffea2
core   0: 0x80003118 (0x005d5a33) srl     s4, s10, t0
core   0: 3 0x80003118 (0x005d5a33) x20 0x00000000
core   0: 0x8000311c (0x00000013) nop
core   0: 3 0x8000311c (0x00000013)
core   0: 0x80003120 (0xfc9a4c93) xori    s9, s4, -55
core   0: 3 0x80003120 (0xfc9a4c93) x25 0xffffffc9
core   0: 0x80003124 (0x00529293) slli    t0, t0, 5
core   0: 3 0x80003124 (0x00529293) x5  0x00000040
core   0: 0x80003128 (0xcfa57897) auipc   a7, 0xcfa57
core   0: 3 0x80003128 (0xcfa57897) x17 0x4fa5a128
core   0: 0x8000312c (0xd2293b93) sltiu   s7, s2, -734
core   0: 3 0x8000312c (0xd2293b93) x23 0x00000000
core   0: 0x80003130 (0x001933b3) sltu    t2, s2, ra
core   0: 3 0x80003130 (0x001933b3) x7  0x00000000
core   0: 0x80003134 (0x0132ae33) slt     t3, t0, s3
core   0: 3 0x80003134 (0x0132ae33) x28 0x00000000
core   0: 0x80003138 (0x01d19333) sll     t1, gp, t4
core   0: 3 0x80003138 (0x01d19333) x6  0x00000000
core   0: 0x8000313c (0x00b49413) slli    s0, s1, 11
core   0: 3 0x8000313c (0x00b49413) x8  0xf4dfc000
core   0: 0x80003140 (0x40445db3) sra     s11, s0, tp
core   0: 3 0x80003140 (0x40445db3) x27 0xf4dfc000
core   0: 0x80003144 (0x0062c1b3) xor     gp, t0, t1
core   0: 3 0x80003144 (0x0062c1b3) x3  0x00000040
core   0: 0x80003148 (0x00e516b3) sll     a3, a0, a4
core   0: 3 0x80003148 (0x00e516b3) x13 0x80014e64
core   0: 0x8000314c (0x23f56013) ori     zero, a0, 575
core   0: 3 0x8000314c (0x23f56013)
core   0: 0x80003150 (0x012e9733) sll     a4, t4, s2
core   0: 3 0x80003150 (0x012e9733) x14 0x00000008
core   0: 0x80003154 (0xb6c6eb93) ori     s7, a3, -1172
core   0: 3 0x80003154 (0xb6c6eb93) x23 0xffffff6c
core   0: 0x80003158 (0x0166d213) srli    tp, a3, 22
core   0: 3 0x80003158 (0x0166d213) x4  0x00000200
core   0: 0x8000315c (0x00243033) sltu    zero, s0, sp
core   0: 3 0x8000315c (0x00243033)
core   0: 0x80003160 (0x015a97b3) sll     a5, s5, s5
core   0: 3 0x80003160 (0x015a97b3) x15 0xfff55200
core   0: 0x80003164 (0x0197c5b3) xor     a1, a5, s9
core   0: 3 0x80003164 (0x0197c5b3) x11 0x000aadc9
core   0: 0x80003168 (0x93866413) ori     s0, a2, -1736
core   0: 3 0x80003168 (0x93866413) x8  0xfffff938
core   0: 0x8000316c (0x000e1a93) slli    s5, t3, 0
core   0: 3 0x8000316c (0x000e1a93) x21 0x00000000
core   0: 0x80003170 (0x41875fb3) sra     t6, a4, s8
core   0: 3 0x80003170 (0x41875fb3) x31 0x00000008
core   0: 0x80003174 (0x000d9d93) slli    s11, s11, 0
core   0: 3 0x80003174 (0x000d9d93) x27 0xf4dfc000
core   0: 0x80003178 (0xc1c54113) xori    sp, a0, -996
core   0: 3 0x80003178 (0xc1c54113) x2  0x7ffeb278
core   0: 0x8000317c (0x0163e2b3) or      t0, t2, s6
core   0: 3 0x8000317c (0x0163e2b3) x5  0xfffffea2
core   0: 0x80003180 (0x415adeb3) sra     t4, s5, s5
core   0: 3 0x80003180 (0x415adeb3) x29 0x00000000
core   0: 0x80003184 (0x40ae5a13) srai    s4, t3, 10
core   0: 3 0x80003184 (0x40ae5a13) x20 0x00000000
core   0: 0x80003188 (0x005b9b13) slli    s6, s7, 5
core   0: 3 0x80003188 (0x005b9b13) x22 0xffffed80
core   0: 0x8000318c (0xcadca013) slti    zero, s9, -851
core   0: 3 0x8000318c (0xcadca013)
core   0: 0x80003190 (0x41ac0933) sub     s2, s8, s10
core   0: 3 0x80003190 (0x41ac0933) x18 0x00000000
core   0: 0x80003194 (0x0182f5b3) and     a1, t0, s8
core   0: 3 0x80003194 (0x0182f5b3) x11 0x00000000
core   0: 0x80003198 (0x00f0be33) sltu    t3, ra, a5
core   0: 3 0x80003198 (0x00f0be33) x28 0x00000001
core   0: 0x8000319c (0x01cd45b3) xor     a1, s10, t3
core   0: 3 0x8000319c (0x01cd45b3) x11 0x00000001
core   0: 0x800031a0 (0x984b0d13) addi    s10, s6, -1660
core   0: 3 0x800031a0 (0x984b0d13) x26 0xffffe704
core   0: 0x800031a4 (0x018d6bb3) or      s7, s10, s8
core   0: 3 0x800031a4 (0x018d6bb3) x23 0xffffe704
core   0: 0x800031a8 (0x40fa5093) srai    ra, s4, 15
core   0: 3 0x800031a8 (0x40fa5093) x1  0x00000000
core   0: 0x800031ac (0x000e3933) sltu    s2, t3, zero
core   0: 3 0x800031ac (0x000e3933) x18 0x00000000
core   0: 0x800031b0 (0x0159d6b3) srl     a3, s3, s5
core   0: 3 0x800031b0 (0x0159d6b3) x13 0x0000000f
core   0: 0x800031b4 (0x9ad2ec93) ori     s9, t0, -1619
core   0: 3 0x800031b4 (0x9ad2ec93) x25 0xffffffaf
core   0: 0x800031b8 (0x014b1b13) slli    s6, s6, 20
core   0: 3 0x800031b8 (0x014b1b13) x22 0xd8000000
core   0: 0x800031bc (0x01435ab3) srl     s5, t1, s4
core   0: 3 0x800031bc (0x01435ab3) x21 0x00000000
core   0: 0x800031c0 (0x01b6a333) slt     t1, a3, s11
core   0: 3 0x800031c0 (0x01b6a333) x6  0x00000000
core   0: 0x800031c4 (0x01200033) add     zero, zero, s2
core   0: 3 0x800031c4 (0x01200033)
core   0: 0x800031c8 (0x9633ce13) xori    t3, t2, -1693
core   0: 3 0x800031c8 (0x9633ce13) x28 0xfffff963
core   0: 0x800031cc (0x019dd193) srli    gp, s11, 25
core   0: 3 0x800031cc (0x019dd193) x3  0x0000007a
core   0: 0x800031d0 (0x3b7d4293) xori    t0, s10, 951
core   0: 3 0x800031d0 (0x3b7d4293) x5  0xffffe4b3
core   0: 0x800031d4 (0x009e1413) slli    s0, t3, 9
core   0: 3 0x800031d4 (0x009e1413) x8  0xfff2c600
core   0: 0x800031d8 (0x00cd15b3) sll     a1, s10, a2
core   0: 3 0x800031d8 (0x00cd15b3) x11 0xffffe704
core   0: 0x800031dc (0x00c59613) slli    a2, a1, 12
core   0: 3 0x800031dc (0x00c59613) x12 0xfe704000
core   0: 0x800031e0 (0xb6500d93) li      s11, -1179
core   0: 3 0x800031e0 (0xb6500d93) x27 0xfffffb65
core   0: 0x800031e4 (0xaf40fb13) andi    s6, ra, -1292
core   0: 3 0x800031e4 (0xaf40fb13) x22 0x00000000
core   0: 0x800031e8 (0x4074dc93) srai    s9, s1, 7
core   0: 3 0x800031e8 (0x4074dc93) x25 0x00007d37
core   0: 0x800031ec (0x00d5bdb3) sltu    s11, a1, a3
core   0: 3 0x800031ec (0x00d5bdb3) x27 0x00000000
core   0: 0x800031f0 (0x01d29193) slli    gp, t0, 29
core   0: 3 0x800031f0 (0x01d29193) x3  0x60000000
core   0: 0x800031f4 (0x017b88b3) add     a7, s7, s7
core   0: 3 0x800031f4 (0x017b88b3) x17 0xffffce08
core   0: 0x800031f8 (0x00949133) sll     sp, s1, s1
core   0: 3 0x800031f8 (0x00949133) x2  0xf8000000
core   0: 0x800031fc (0x01d45bb3) srl     s7, s0, t4
core   0: 3 0x800031fc (0x01d45bb3) x23 0xfff2c600
core   0: 0x80003200 (0x00b511b3) sll     gp, a0, a1
core   0: 3 0x80003200 (0x00b511b3) x3  0x0014e640
core   0: 0x80003204 (0x00485893) srli    a7, a6, 4
core   0: 3 0x80003204 (0x00485893) x17 0x00000000
core   0: 0x80003208 (0x01d0dc93) srli    s9, ra, 29
core   0: 3 0x80003208 (0x01d0dc93) x25 0x00000000
core   0: 0x8000320c (0x24152213) slti    tp, a0, 577
core   0: 3 0x8000320c (0x24152213) x4  0x00000001
core   0: 0x80003210 (0x01480e33) add     t3, a6, s4
core   0: 3 0x80003210 (0x01480e33) x28 0x00000000
core   0: 0x80003214 (0x003313b3) sll     t2, t1, gp
core   0: 3 0x80003214 (0x003313b3) x7  0x00000000
core   0: 0x80003218 (0x41e45413) srai    s0, s0, 30
core   0: 3 0x80003218 (0x41e45413) x8  0xffffffff
core   0: 0x8000321c (0x01976d13) ori     s10, a4, 25
core   0: 3 0x8000321c (0x01976d13) x26 0x00000019
core   0: 0x80003220 (0x01ff4633) xor     a2, t5, t6
core   0: 3 0x80003220 (0x01ff4633) x12 0x80018cec
core   0: 0x80003224 (0x64244e37) lui     t3, 0x64244
core   0: 3 0x80003224 (0x64244e37) x28 0x64244000
core   0: 0x80003228 (0x01461193) slli    gp, a2, 20
core   0: 3 0x80003228 (0x01461193) x3  0xcec00000
core   0: 0x8000322c (0x00e9beb3) sltu    t4, s3, a4
core   0: 3 0x8000322c (0x00e9beb3) x29 0x00000000
core   0: 0x80003230 (0x00000013) nop
core   0: 3 0x80003230 (0x00000013)
core   0: 0x80003234 (0x27a32e93) slti    t4, t1, 634
core   0: 3 0x80003234 (0x27a32e93) x29 0x00000001
core   0: 0x80003238 (0x40af0733) sub     a4, t5, a0
core   0: 3 0x80003238 (0x40af0733) x14 0x00003e80
core   0: 0x8000323c (0x40c40db3) sub     s11, s0, a2
core   0: 3 0x8000323c (0x40c40db3) x27 0x7ffe7313
core   0: 0x80003240 (0x01919193) slli    gp, gp, 25
core   0: 3 0x80003240 (0x01919193) x3  0x00000000
core   0: 0x80003244 (0x00e7a4b3) slt     s1, a5, a4
core   0: 3 0x80003244 (0x00e7a4b3) x9  0x00000001
core   0: 0x80003248 (0x40d98933) sub     s2, s3, a3
core   0: 3 0x80003248 (0x40d98933) x18 0x00000000
core   0: 0x8000324c (0x005dc8b3) xor     a7, s11, t0
core   0: 3 0x8000324c (0x005dc8b3) x17 0x800197a0
core   0: 0x80003250 (0x5241fc93) andi    s9, gp, 1316
core   0: 3 0x80003250 (0x5241fc93) x25 0x00000000
core   0: 0x80003254 (0x4005d813) srai    a6, a1, 0
core   0: 3 0x80003254 (0x4005d813) x16 0xffffe704
core   0: 0x80003258 (0x00912933) slt     s2, sp, s1
core   0: 3 0x80003258 (0x00912933) x18 0x00000001
core   0: 0x8000325c (0x3ea8ffb7) lui     t6, 0x3ea8f
core   0: 3 0x8000325c (0x3ea8ffb7) x31 0x3ea8f000
core   0: 0x80003260 (0x016fcd33) xor     s10, t6, s6
core   0: 3 0x80003260 (0x016fcd33) x26 0x3ea8f000
core   0: 0x80003264 (0x7137f213) andi    tp, a5, 1811
core   0: 3 0x80003264 (0x7137f213) x4  0x00000200
core   0: 0x80003268 (0x01212bb3) slt     s7, sp, s2
core   0: 3 0x80003268 (0x01212bb3) x23 0x00000001
core   0: 0x8000326c (0x412354b3) sra     s1, t1, s2
core   0: 3 0x8000326c (0x412354b3) x9  0x00000000
core   0: 0x80003270 (0x004362b3) or      t0, t1, tp
core   0: 3 0x80003270 (0x004362b3) x5  0x00000200
core   0: 0x80003274 (0x005111b3) sll     gp, sp, t0
core   0: 3 0x80003274 (0x005111b3) x3  0xf8000000
core   0: 0x80003278 (0x0068dd33) srl     s10, a7, t1
core   0: 3 0x80003278 (0x0068dd33) x26 0x800197a0
core   0: 0x8000327c (0xa7a72413) slti    s0, a4, -1414
core   0: 3 0x8000327c (0xa7a72413) x8  0x00000000
core   0: 0x80003280 (0x01188fb3) add     t6, a7, a7
core   0: 3 0x80003280 (0x01188fb3) x31 0x00032f40
core   0: 0x80003284 (0x00ac67b3) or      a5, s8, a0
core   0: 3 0x80003284 (0x00ac67b3) x15 0x80014e64
core   0: 0x80003288 (0x0190d893) srli    a7, ra, 25
core   0: 3 0x80003288 (0x0190d893) x17 0x00000000
core   0: 0x8000328c (0x00c191b3) sll     gp, gp, a2
core   0: 3 0x8000328c (0x00c191b3) x3  0x00000000
core   0: 0x80003290 (0x00b89ab3) sll     s5, a7, a1
core   0: 3 0x80003290 (0x00b89ab3) x21 0x00000000
core   0: 0x80003294 (0x001d1b33) sll     s6, s10, ra
core   0: 3 0x80003294 (0x001d1b33) x22 0x800197a0
core   0: 0x80003298 (0x0da08793) addi    a5, ra, 218
core   0: 3 0x80003298 (0x0da08793) x15 0x000000da
core   0: 0x8000329c (0x017ddb13) srli    s6, s11, 23
core   0: 3 0x8000329c (0x017ddb13) x22 0x000000ff
core   0: 0x800032a0 (0xa220b297) auipc   t0, 0xa220b
core   0: 3 0x800032a0 (0xa220b297) x5  0x2220e2a0
core   0: 0x800032a4 (0x01fdb4b3) sltu    s1, s11, t6
core   0: 3 0x800032a4 (0x01fdb4b3) x9  0x00000000
core   0: 0x800032a8 (0x8bbdae93) slti    t4, s11, -1861
core   0: 3 0x800032a8 (0x8bbdae93) x29 0x00000000
core   0: 0x800032ac (0x0116b233) sltu    tp, a3, a7
core   0: 3 0x800032ac (0x0116b233) x4  0x00000000
core   0: 0x800032b0 (0x00361eb3) sll     t4, a2, gp
core   0: 3 0x800032b0 (0x00361eb3) x29 0x80018cec
core   0: 0x800032b4 (0x0038b733) sltu    a4, a7, gp
core   0: 3 0x800032b4 (0x0038b733) x14 0x00000000
core   0: 0x800032b8 (0xbf400d13) li      s10, -1036
core   0: 3 0x800032b8 (0xbf400d13) x26 0xfffffbf4
core   0: 0x800032bc (0x00a64b33) xor     s6, a2, a0
core   0: 3 0x800032bc (0x00a64b33) x22 0x0000c288
core   0: 0x800032c0 (0x4ada2c17) auipc   s8, 0x4ada2
core   0: 3 0x800032c0 (0x4ada2c17) x24 0xcada52c0
core   0: 0x800032c4 (0x003fd4b3) srl     s1, t6, gp
core   0: 3 0x800032c4 (0x003fd4b3) x9  0x00032f40
core   0: 0x800032c8 (0xe3c44b13) xori    s6, s0, -452
core   0: 3 0x800032c8 (0xe3c44b13) x22 0xfffffe3c
core   0: 0x800032cc (0x41c45a93) srai    s5, s0, 28
core   0: 3 0x800032cc (0x41c45a93) x21 0x00000000
core   0: 0x800032d0 (0x00000013) nop
core   0: 3 0x800032d0 (0x00000013)
core   0: 0x800032d4 (0xf1330793) addi    a5, t1, -237
core   0: 3 0x800032d4 (0xf1330793) x15 0xffffff13
core   0: 0x800032d8 (0xf1a3a793) slti    a5, t2, -230
core   0: 3 0x800032d8 (0xf1a3a793) x15 0x00000000
core   0: 0x800032dc (0x00601e33) sll     t3, zero, t1
core   0: 3 0x800032dc (0x00601e33) x28 0x00000000
core   0: 0x800032e0 (0x00cb1c33) sll     s8, s6, a2
core   0: 3 0x800032e0 (0x00cb1c33) x24 0xffe3c000
core   0: 0x800032e4 (0x0058f633) and     a2, a7, t0
core   0: 3 0x800032e4 (0x0058f633) x12 0x00000000
core   0: 0x800032e8 (0x411cd493) srai    s1, s9, 17
core   0: 3 0x800032e8 (0x411cd493) x9  0x00000000
core   0: 0x800032ec (0x01892bb3) slt     s7, s2, s8
core   0: 3 0x800032ec (0x01892bb3) x23 0x00000000
core   0: 0x800032f0 (0x004fa033) slt     zero, t6, tp
core   0: 3 0x800032f0 (0x004fa033)
core   0: 0x800032f4 (0x40715d33) sra     s10, sp, t2
core   0: 3 0x800032f4 (0x40715d33) x26 0xf8000000
core   0: 0x800032f8 (0xb950ba13) sltiu   s4, ra, -1131
core   0: 3 0x800032f8 (0xb950ba13) x20 0x00000001
core   0: 0x800032fc (0x86cf4e13) xori    t3, t5, -1940
core   0: 3 0x800032fc (0x86cf4e13) x28 0x7ffe7488
core   0: 0x80003300 (0xefe83d13) sltiu   s10, a6, -258
core   0: 3 0x80003300 (0xefe83d13) x26 0x00000001
core   0: 0x80003304 (0x00660fb3) add     t6, a2, t1
core   0: 3 0x80003304 (0x00660fb3) x31 0x00000000
core   0: 0x80003308 (0x41275333) sra     t1, a4, s2
core   0: 3 0x80003308 (0x41275333) x6  0x00000000
core   0: 0x8000330c (0xe8db2b13) slti    s6, s6, -371
core   0: 3 0x8000330c (0xe8db2b13) x22 0x00000001
core   0: 0x80003310 (0x01179713) slli    a4, a5, 17
core   0: 3 0x80003310 (0x01179713) x14 0x00000000
core   0: 0x80003314 (0x013403b3) add     t2, s0, s3
core   0: 3 0x80003314 (0x013403b3) x7  0x0000000f
core   0: 0x80003318 (0x017bd933) srl     s2, s7, s7
core   0: 3 0x80003318 (0x017bd933) x18 0x00000000
core   0: 0x8000331c (0x899d4437) lui     s0, 0x899d4
core   0: 3 0x8000331c (0x899d4437) x8  0x899d4000
core   0: 0x80003320 (0x005d4c33) xor     s8, s10, t0
core   0: 3 0x80003320 (0x005d4c33) x24 0x2220e2a1
core   0: 0x80003324 (0x01bdd733) srl     a4, s11, s11
core   0: 3 0x80003324 (0x01bdd733) x14 0x00000fff
core   0: 0x80003328 (0x003a9c13) slli    s8, s5, 3
core   0: 3 0x80003328 (0x003a9c13) x24 0x00000000
core   0: 0x8000332c (0x006737b3) sltu    a5, a4, t1
core   0: 3 0x8000332c (0x006737b3) x15 0x00000000
core   0: 0x80003330 (0x40728d33) sub     s10, t0, t2
core   0: 3 0x80003330 (0x40728d33) x26 0x2220e291
core   0: 0x80003334 (0x322cf313) andi    t1, s9, 802
core   0: 3 0x80003334 (0x322cf313) x6  0x00000000
core   0: 0x80003338 (0x01c40cb3) add     s9, s0, t3
core   0: 3 0x80003338 (0x01c40cb3) x25 0x099bb488
core   0: 0x8000333c (0x01452833) slt     a6, a0, s4
core   0: 3 0x8000333c (0x01452833) x16 0x00000001
core   0: 0x80003340 (0x4427ee13) ori     t3, a5, 1090
core   0: 3 0x80003340 (0x4427ee13) x28 0x00000442
core   0: 0x80003344 (0x00000013) nop
core   0: 3 0x80003344 (0x00000013)
core   0: 0x80003348 (0x01f356b3) srl     a3, t1, t6
core   0: 3 0x80003348 (0x01f356b3) x13 0x00000000
core   0: 0x8000334c (0x40be5293) srai    t0, t3, 11
core   0: 3 0x8000334c (0x40be5293) x5  0x00000000
core   0: 0x80003350 (0x827e4793) xori    a5, t3, -2009
core   0: 3 0x80003350 (0x827e4793) x15 0xfffffc65
core   0: 0x80003354 (0x052cb793) sltiu   a5, s9, 82
core   0: 3 0x80003354 (0x052cb793) x15 0x00000000
core   0: 0x80003358 (0xcd9c7b13) andi    s6, s8, -807
core   0: 3 0x80003358 (0xcd9c7b13) x22 0x00000000
core   0: 0x8000335c (0x003853b3) srl     t2, a6, gp
core   0: 3 0x8000335c (0x003853b3) x7  0x00000001
core   0: 0x80003360 (0x015537b3) sltu    a5, a0, s5
core   0: 3 0x80003360 (0x015537b3) x15 0x00000000
core   0: 0x80003364 (0x00000013) nop
core   0: 3 0x80003364 (0x00000013)
core   0: 0x80003368 (0x6de74b93) xori    s7, a4, 1758
core   0: 3 0x80003368 (0x6de74b93) x23 0x00000921
core   0: 0x8000336c (0x7fee5eb7) lui     t4, 0x7fee5
core   0: 3 0x8000336c (0x7fee5eb7) x29 0x7fee5000
core   0: 0x80003370 (0xbd3d3e13) sltiu   t3, s10, -1069
core   0: 3 0x80003370 (0xbd3d3e13) x28 0x00000001
core   0: 0x80003374 (0x017aa3b3) slt     t2, s5, s7
core   0: 3 0x80003374 (0x017aa3b3) x7  0x00000001
core   0: 0x80003378 (0x0115ccb3) xor     s9, a1, a7
core   0: 3 0x80003378 (0x0115ccb3) x25 0xffffe704
core   0: 0x8000337c (0x004766b3) or      a3, a4, tp
core   0: 3 0x8000337c (0x004766b3) x13 0x00000fff
core   0: 0x80003380 (0x40b55793) srai    a5, a0, 11
core   0: 3 0x80003380 (0x40b55793) x15 0xfff00029
core   0: 0x80003384 (0x00000013) nop
core   0: 3 0x80003384 (0x00000013)
core   0: 0x80003388 (0x00a8a2b3) slt     t0, a7, a0
core   0: 3 0x80003388 (0x00a8a2b3) x5  0x00000000
core   0: 0x8000338c (0x41ef0933) sub     s2, t5, t5
core   0: 3 0x8000338c (0x41ef0933) x18 0x00000000
core   0: 0x80003390 (0x4053d4b3) sra     s1, t2, t0
core   0: 3 0x80003390 (0x4053d4b3) x9  0x00000001
core   0: 0x80003394 (0x418b0b33) sub     s6, s6, s8
core   0: 3 0x80003394 (0x418b0b33) x22 0x00000000
core   0: 0x80003398 (0x4b806e93) ori     t4, zero, 1208
core   0: 3 0x80003398 (0x4b806e93) x29 0x000004b8
core   0: 0x8000339c (0x00000013) nop
core   0: 3 0x8000339c (0x00000013)
core   0: 0x800033a0 (0x00000013) nop
core   0: 3 0x800033a0 (0x00000013)
core   0: 0x800033a4 (0x412304b3) sub     s1, t1, s2
core   0: 3 0x800033a4 (0x412304b3) x9  0x00000000
core   0: 0x800033a8 (0x85656f93) ori     t6, a0, -1962
core   0: 3 0x800033a8 (0x85656f93) x31 0xfffffe76
core   0: 0x800033ac (0x002016b3) sll     a3, zero, sp
core   0: 3 0x800033ac (0x002016b3) x13 0x00000000
core   0: 0x800033b0 (0x019d0fb3) add     t6, s10, s9
core   0: 3 0x800033b0 (0x019d0fb3) x31 0x2220c995
core   0: 0x800033b4 (0x01949733) sll     a4, s1, s9
core   0: 3 0x800033b4 (0x01949733) x14 0x00000000
core   0: 0x800033b8 (0x01131593) slli    a1, t1, 17
core   0: 3 0x800033b8 (0x01131593) x11 0x00000000
core   0: 0x800033bc (0x4fcd7813) andi    a6, s10, 1276
core   0: 3 0x800033bc (0x4fcd7813) x16 0x00000090
core   0: 0x800033c0 (0x4104d6b3) sra     a3, s1, a6
core   0: 3 0x800033c0 (0x4104d6b3) x13 0x00000000
core   0: 0x800033c4 (0x01751893) slli    a7, a0, 23
core   0: 3 0x800033c4 (0x01751893) x17 0x32000000
core   0: 0x800033c8 (0x00d645b3) xor     a1, a2, a3
core   0: 3 0x800033c8 (0x00d645b3) x11 0x00000000
core   0: 0x800033cc (0x4119d633) sra     a2, s3, a7
core   0: 3 0x800033cc (0x4119d633) x12 0x0000000f
core   0: 0x800033d0 (0x9d59a793) slti    a5, s3, -1579
core   0: 3 0x800033d0 (0x9d59a793) x15 0x00000000
core   0: 0x800033d4 (0x01a2df93) srli    t6, t0, 26
core   0: 3 0x800033d4 (0x01a2df93) x31 0x00000000
core   0: 0x800033d8 (0x00000013) nop
core   0: 3 0x800033d8 (0x00000013)
core   0: 0x800033dc (0x01d39c33) sll     s8, t2, t4
core   0: 3 0x800033dc (0x01d39c33) x24 0x01000000
core   0: 0x800033e0 (0x016a6eb3) or      t4, s4, s6
core   0: 3 0x800033e0 (0x016a6eb3) x29 0x00000001
core   0: 0x800033e4 (0xd3183d97) auipc   s11, 0xd3183
core   0: 3 0x800033e4 (0xd3183d97) x27 0x531863e4
core   0: 0x800033e8 (0xb66d7097) auipc   ra, 0xb66d7
core   0: 3 0x800033e8 (0xb66d7097) x1  0x366da3e8
core   0: 0x800033ec (0x5061ee93) ori     t4, gp, 1286
core   0: 3 0x800033ec (0x5061ee93) x29 0x00000506
core   0: 0x800033f0 (0x00e69d33) sll     s10, a3, a4
core   0: 3 0x800033f0 (0x00e69d33) x26 0x00000000
core   0: 0x800033f4 (0x00a0fe33) and     t3, ra, a0
core   0: 3 0x800033f4 (0x00a0fe33) x28 0x00010260
core   0: 0x800033f8 (0x1da8cc13) xori    s8, a7, 474
core   0: 3 0x800033f8 (0x1da8cc13) x24 0x320001da
core   0: 0x800033fc (0x014ea7b3) slt     a5, t4, s4
core   0: 3 0x800033fc (0x014ea7b3) x15 0x00000000
core   0: 0x80003400 (0x00835d13) srli    s10, t1, 8
core   0: 3 0x80003400 (0x00835d13) x26 0x00000000
core   0: 0x80003404 (0x00033333) sltu    t1, t1, zero
core   0: 3 0x80003404 (0x00033333) x6  0x00000000
core   0: 0x80003408 (0x01be15b3) sll     a1, t3, s11
core   0: 3 0x80003408 (0x01be15b3) x11 0x00102600
core   0: 0x8000340c (0x019dbdb3) sltu    s11, s11, s9
core   0: 3 0x8000340c (0x019dbdb3) x27 0x00000001
core   0: 0x80003410 (0x00000013) nop
core   0: 3 0x80003410 (0x00000013)
core   0: 0x80003414 (0x6b6c2c93) slti    s9, s8, 1718
core   0: 3 0x80003414 (0x6b6c2c93) x25 0x00000000
core   0: 0x80003418 (0xb070e893) ori     a7, ra, -1273
core   0: 3 0x80003418 (0xb070e893) x17 0xfffffbef
core   0: 0x8000341c (0xe97e6793) ori     a5, t3, -361
core   0: 3 0x8000341c (0xe97e6793) x15 0xfffffef7
core   0: 0x80003420 (0x403d0833) sub     a6, s10, gp
core   0: 3 0x80003420 (0x403d0833) x16 0x00000000
core   0: 0x80003424 (0x01b9e933) or      s2, s3, s11
core   0: 3 0x80003424 (0x01b9e933) x18 0x0000000f
core   0: 0x80003428 (0x01c83433) sltu    s0, a6, t3
core   0: 3 0x80003428 (0x01c83433) x8  0x00000001
core   0: 0x8000342c (0x000db5b3) sltu    a1, s11, zero
core   0: 3 0x8000342c (0x000db5b3) x11 0x00000000
core   0: 0x80003430 (0x00ef1833) sll     a6, t5, a4
core   0: 3 0x80003430 (0x00ef1833) x16 0x80018ce4
core   0: 0x80003434 (0x6c1c4593) xori    a1, s8, 1729
core   0: 3 0x80003434 (0x6c1c4593) x11 0x3200071b
core   0: 0x80003438 (0x4059d213) srai    tp, s3, 5
core   0: 3 0x80003438 (0x4059d213) x4  0x00000000
core   0: 0x8000343c (0x06df4ab7) lui     s5, 0x6df4
core   0: 3 0x8000343c (0x06df4ab7) x21 0x06df4000
core   0: 0x80003440 (0x01839eb3) sll     t4, t2, s8
core   0: 3 0x80003440 (0x01839eb3) x29 0x04000000
core   0: 0x80003444 (0x57818c93) addi    s9, gp, 1400
core   0: 3 0x80003444 (0x57818c93) x25 0x00000578
core   0: 0x80003448 (0x01955e93) srli    t4, a0, 25
core   0: 3 0x80003448 (0x01955e93) x29 0x00000040
core   0: 0x8000344c (0x71616113) ori     sp, sp, 1814
core   0: 3 0x8000344c (0x71616113) x2  0xf8000716
core   0: 0x80003450 (0x0132cc33) xor     s8, t0, s3
core   0: 3 0x80003450 (0x0132cc33) x24 0x0000000f
core   0: 0x80003454 (0x007e6233) or      tp, t3, t2
core   0: 3 0x80003454 (0x007e6233) x4  0x00010261
core   0: 0x80003458 (0x41715d33) sra     s10, sp, s7
core   0: 3 0x80003458 (0x41715d33) x26 0xfc00038b
core   0: 0x8000345c (0x6f702493) slti    s1, zero, 1783
core   0: 3 0x8000345c (0x6f702493) x9  0x00000001
core   0: 0x80003460 (0x95b0c113) xori    sp, ra, -1701
core   0: 3 0x80003460 (0x95b0c113) x2  0xc9925ab3
core   0: 0x80003464 (0x01a40eb3) add     t4, s0, s10
core   0: 3 0x80003464 (0x01a40eb3) x29 0xfc00038c
core   0: 0x80003468 (0x007a67b3) or      a5, s4, t2
core   0: 3 0x80003468 (0x007a67b3) x15 0x00000001
core   0: 0x8000346c (0x013d9013) slli    zero, s11, 19
core   0: 3 0x8000346c (0x013d9013)
core   0: 0x80003470 (0x81b92413) slti    s0, s2, -2021
core   0: 3 0x80003470 (0x81b92413) x8  0x00000000
core   0: 0x80003474 (0xa8ab3593) sltiu   a1, s6, -1398
core   0: 3 0x80003474 (0xa8ab3593) x11 0x00000001
core   0: 0x80003478 (0x011aaab3) slt     s5, s5, a7
core   0: 3 0x80003478 (0x011aaab3) x21 0x00000000
core   0: 0x8000347c (0x00000013) nop
core   0: 3 0x8000347c (0x00000013)
core   0: 0x80003480 (0x41f05a93) srai    s5, zero, 31
core   0: 3 0x80003480 (0x41f05a93) x21 0x00000000
core   0: 0x80003484 (0x0186d013) srli    zero, a3, 24
core   0: 3 0x80003484 (0x0186d013)
core   0: 0x80003488 (0x01b2ad33) slt     s10, t0, s11
core   0: 3 0x80003488 (0x01b2ad33) x26 0x00000001
core   0: 0x8000348c (0x005b06b3) add     a3, s6, t0
core   0: 3 0x8000348c (0x005b06b3) x13 0x00000000
core   0: 0x80003490 (0x016c5693) srli    a3, s8, 22
core   0: 3 0x80003490 (0x016c5693) x13 0x00000000
core   0: 0x80003494 (0x3eb01117) auipc   sp, 0x3eb01
core   0: 3 0x80003494 (0x3eb01117) x2  0xbeb04494
core   0: 0x80003498 (0xf1d1cc13) xori    s8, gp, -227
core   0: 3 0x80003498 (0xf1d1cc13) x24 0xffffff1d
core   0: 0x8000349c (0xc48a8593) addi    a1, s5, -952
core   0: 3 0x8000349c (0xc48a8593) x11 0xfffffc48
core   0: 0x800034a0 (0x01b29093) slli    ra, t0, 27
core   0: 3 0x800034a0 (0x01b29093) x1  0x00000000
core   0: 0x800034a4 (0x40ac5713) srai    a4, s8, 10
core   0: 3 0x800034a4 (0x40ac5713) x14 0xffffffff
core   0: 0x800034a8 (0x005100b3) add     ra, sp, t0
core   0: 3 0x800034a8 (0x005100b3) x1  0xbeb04494
core   0: 0x800034ac (0x000b2eb3) slt     t4, s6, zero
core   0: 3 0x800034ac (0x000b2eb3) x29 0x00000000
core   0: 0x800034b0 (0x76318713) addi    a4, gp, 1891
core   0: 3 0x800034b0 (0x76318713) x14 0x00000763
core   0: 0x800034b4 (0x01d0c3b3) xor     t2, ra, t4
core   0: 3 0x800034b4 (0x01d0c3b3) x7  0xbeb04494
core   0: 0x800034b8 (0x00540633) add     a2, s0, t0
core   0: 3 0x800034b8 (0x00540633) x12 0x00000000
core   0: 0x800034bc (0x018fe233) or      tp, t6, s8
core   0: 3 0x800034bc (0x018fe233) x4  0xffffff1d
core   0: 0x800034c0 (0x01a1f8b3) and     a7, gp, s10
core   0: 3 0x800034c0 (0x01a1f8b3) x17 0x00000000
core   0: 0x800034c4 (0x002d5313) srli    t1, s10, 2
core   0: 3 0x800034c4 (0x002d5313) x6  0x00000000
core   0: 0x800034c8 (0x0192e933) or      s2, t0, s9
core   0: 3 0x800034c8 (0x0192e933) x18 0x00000578
core   0: 0x800034cc (0x7e6efe13) andi    t3, t4, 2022
core   0: 3 0x800034cc (0x7e6efe13) x28 0x00000000
core   0: 0x800034d0 (0x59592c93) slti    s9, s2, 1429
core   0: 3 0x800034d0 (0x59592c93) x25 0x00000001
core   0: 0x800034d4 (0x007a5db3) srl     s11, s4, t2
core   0: 3 0x800034d4 (0x007a5db3) x27 0x00000000
core   0: 0x800034d8 (0x00b85693) srli    a3, a6, 11
core   0: 3 0x800034d8 (0x00b85693) x13 0x00100031
core   0: 0x800034dc (0x84354493) xori    s1, a0, -1981
core   0: 3 0x800034dc (0x84354493) x9  0x7ffeb627
core   0: 0x800034e0 (0x4071dd33) sra     s10, gp, t2
core   0: 3 0x800034e0 (0x4071dd33) x26 0x00000000
core   0: 0x800034e4 (0x197bf893) andi    a7, s7, 407
core   0: 3 0x800034e4 (0x197bf893) x17 0x00000101
core   0: 0x800034e8 (0x41f55ab3) sra     s5, a0, t6
core   0: 3 0x800034e8 (0x41f55ab3) x21 0x80014e64
core   0: 0x800034ec (0x000bdab3) srl     s5, s7, zero
core   0: 3 0x800034ec (0x000bdab3) x21 0x00000921
core   0: 0x800034f0 (0x01095133) srl     sp, s2, a6
core   0: 3 0x800034f0 (0x01095133) x2  0x00000057
core   0: 0x800034f4 (0x0037a933) slt     s2, a5, gp
core   0: 3 0x800034f4 (0x0037a933) x18 0x00000000
core   0: 0x800034f8 (0xa9dbe193) ori     gp, s7, -1379
core   0: 3 0x800034f8 (0xa9dbe193) x3  0xfffffbbd
core   0: 0x800034fc (0x00ebda93) srli    s5, s7, 14
core   0: 3 0x800034fc (0x00ebda93) x21 0x00000000
core   0: 0x80003500 (0x001c1313) slli    t1, s8, 1
core   0: 3 0x80003500 (0x001c1313) x6  0xfffffe3a
core   0: 0x80003504 (0x01944bb3) xor     s7, s0, s9
core   0: 3 0x80003504 (0x01944bb3) x23 0x00000001
core   0: 0x80003508 (0x7e838313) addi    t1, t2, 2024
core   0: 3 0x80003508 (0x7e838313) x6  0xbeb04c7c
core   0: 0x8000350c (0x01683db3) sltu    s11, a6, s6
core   0: 3 0x8000350c (0x01683db3) x27 0x00000000
core   0: 0x80003510 (0x0070cfb3) xor     t6, ra, t2
core   0: 3 0x80003510 (0x0070cfb3) x31 0x00000000
core   0: 0x80003514 (0x01f3bbb3) sltu    s7, t2, t6
core   0: 3 0x80003514 (0x01f3bbb3) x23 0x00000000
core   0: 0x80003518 (0x014b0033) add     zero, s6, s4
core   0: 3 0x80003518 (0x014b0033)
core   0: 0x8000351c (0x41925db3) sra     s11, tp, s9
core   0: 3 0x8000351c (0x41925db3) x27 0xffffff8e
core   0: 0x80003520 (0x6a6db113) sltiu   sp, s11, 1702
core   0: 3 0x80003520 (0x6a6db113) x2  0x00000000
core   0: 0x80003524 (0x014c0e33) add     t3, s8, s4
core   0: 3 0x80003524 (0x014c0e33) x28 0xffffff1e
core   0: 0x80003528 (0xa80db693) sltiu   a3, s11, -1408
core   0: 3 0x80003528 (0xa80db693) x13 0x00000000
core   0: 0x8000352c (0x290dc913) xori    s2, s11, 656
core   0: 3 0x8000352c (0x290dc913) x18 0xfffffd1e
core   0: 0x80003530 (0x00517933) and     s2, sp, t0
core   0: 3 0x80003530 (0x00517933) x18 0x00000000
core   0: 0x80003534 (0x00000013) nop
core   0: 3 0x80003534 (0x00000013)
core   0: 0x80003538 (0x40368d33) sub     s10, a3, gp
core   0: 3 0x80003538 (0x40368d33) x26 0x00000443
core   0: 0x8000353c (0x38aaf493) andi    s1, s5, 906
core   0: 3 0x8000353c (0x38aaf493) x9  0x00000000
core   0: 0x80003540 (0x002908b3) add     a7, s2, sp
core   0: 3 0x80003540 (0x002908b3) x17 0x00000000
core   0: 0x80003544 (0x01379e93) slli    t4, a5, 19
core   0: 3 0x80003544 (0x01379e93) x29 0x00080000
core   0: 0x80003548 (0x002f10b3) sll     ra, t5, sp
core   0: 3 0x80003548 (0x002f10b3) x1  0x80018ce4
core   0: 0x8000354c (0xd01a4193) xori    gp, s4, -767
core   0: 3 0x8000354c (0xd01a4193) x3  0xfffffd00
core   0: 0x80003550 (0x00670933) add     s2, a4, t1
core   0: 3 0x80003550 (0x00670933) x18 0xbeb053df
core   0: 0x80003554 (0x006ef233) and     tp, t4, t1
core   0: 3 0x80003554 (0x006ef233) x4  0x00000000
core   0: 0x80003558 (0x6e80af93) slti    t6, ra, 1768
core   0: 3 0x80003558 (0x6e80af93) x31 0x00000001
core   0: 0x8000355c (0x8823b913) sltiu   s2, t2, -1918
core   0: 3 0x8000355c (0x8823b913) x18 0x00000001
core   0: 0x80003560 (0x015901b3) add     gp, s2, s5
core   0: 3 0x80003560 (0x015901b3) x3  0x00000001
core   0: 0x80003564 (0x6c5e2837) lui     a6, 0x6c5e2
core   0: 3 0x80003564 (0x6c5e2837) x16 0x6c5e2000
core   0: 0x80003568 (0xc66a4b13) xori    s6, s4, -922
core   0: 3 0x80003568 (0xc66a4b13) x22 0xfffffc67
core   0: 0x8000356c (0x00af11b3) sll     gp, t5, a0
core   0: 3 0x8000356c (0x00af11b3) x3  0x0018ce40
core   0: 0x80003570 (0x40ecd293) srai    t0, s9, 14
core   0: 3 0x80003570 (0x40ecd293) x5  0x00000000
core   0: 0x80003574 (0x00c5fa33) and     s4, a1, a2
core   0: 3 0x80003574 (0x00c5fa33) x20 0x00000000
core   0: 0x80003578 (0xa323ea93) ori     s5, t2, -1486
core   0: 3 0x80003578 (0xa323ea93) x21 0xfffffeb6
core   0: 0x8000357c (0x9c0f4e93) xori    t4, t5, -1600
core   0: 3 0x8000357c (0x9c0f4e93) x29 0x7ffe7524
core   0: 0x80003580 (0x50c3e193) ori     gp, t2, 1292
core   0: 3 0x80003580 (0x50c3e193) x3  0xbeb0459c
core   0: 0x80003584 (0x011bc333) xor     t1, s7, a7
core   0: 3 0x80003584 (0x011bc333) x6  0x00000000
core   0: 0x80003588 (0x00645193) srli    gp, s0, 6
core   0: 3 0x80003588 (0x00645193) x3  0x00000000
core   0: 0x8000358c (0x91ea4113) xori    sp, s4, -1762
core   0: 3 0x8000358c (0x91ea4113) x2  0xfffff91e
core   0: 0x80003590 (0x930e8d17) auipc   s10, 0x930e8
core   0: 3 0x80003590 (0x930e8d17) x26 0x130eb590
core   0: 0x80003594 (0x729145b7) lui     a1, 0x72914
core   0: 3 0x80003594 (0x729145b7) x11 0x72914000
core   0: 0x80003598 (0x4048d193) srai    gp, a7, 4
core   0: 3 0x80003598 (0x4048d193) x3  0x00000000
core   0: 0x8000359c (0x6fa32a13) slti    s4, t1, 1786
core   0: 3 0x8000359c (0x6fa32a13) x20 0x00000001
core   0: 0x800035a0 (0x01bccd33) xor     s10, s9, s11
core   0: 3 0x800035a0 (0x01bccd33) x26 0xffffff8f
core   0: 0x800035a4 (0x00976ab3) or      s5, a4, s1
core   0: 3 0x800035a4 (0x00976ab3) x21 0x00000763
core   0: 0x800035a8 (0x3b062113) slti    sp, a2, 944
core   0: 3 0x800035a8 (0x3b062113) x2  0x00000001
core   0: 0x800035ac (0x1ba95397) auipc   t2, 0x1ba95
core   0: 3 0x800035ac (0x1ba95397) x7  0x9ba985ac
core   0: 0x800035b0 (0x00b53b33) sltu    s6, a0, a1
core   0: 3 0x800035b0 (0x00b53b33) x22 0x00000000
core   0: 0x800035b4 (0x00000013) nop
core   0: 3 0x800035b4 (0x00000013)
core   0: 0x800035b8 (0x415fdb93) srai    s7, t6, 21
core   0: 3 0x800035b8 (0x415fdb93) x23 0x00000000
core   0: 0x800035bc (0x01431bb3) sll     s7, t1, s4
core   0: 3 0x800035bc (0x01431bb3) x23 0x00000000
core   0: 0x800035c0 (0x00000013) nop
core   0: 3 0x800035c0 (0x00000013)
core   0: 0x800035c4 (0xa24d2713) slti    a4, s10, -1500
core   0: 3 0x800035c4 (0xa24d2713) x14 0x00000000
core   0: 0x800035c8 (0x0022b933) sltu    s2, t0, sp
core   0: 3 0x800035c8 (0x0022b933) x18 0x00000001
core   0: 0x800035cc (0xb2fb05b7) lui     a1, 0xb2fb0
core   0: 3 0x800035cc (0xb2fb05b7) x11 0xb2fb0000
core   0: 0x800035d0 (0x404cd233) sra     tp, s9, tp
core   0: 3 0x800035d0 (0x404cd233) x4  0x00000001
core   0: 0x800035d4 (0x40600cb3) sub     s9, zero, t1
core   0: 3 0x800035d4 (0x40600cb3) x25 0x00000000
core   0: 0x800035d8 (0x406ed5b3) sra     a1, t4, t1
core   0: 3 0x800035d8 (0x406ed5b3) x11 0x7ffe7524
core   0: 0x800035dc (0x01812a33) slt     s4, sp, s8
core   0: 3 0x800035dc (0x01812a33) x20 0x00000000
core   0: 0x800035e0 (0x01b5d7b3) srl     a5, a1, s11
core   0: 3 0x800035e0 (0x01b5d7b3) x15 0x0001fff9
core   0: 0x800035e4 (0x01bcb233) sltu    tp, s9, s11
core   0: 3 0x800035e4 (0x01bcb233) x4  0x00000001
core   0: 0x800035e8 (0x9cfba113) slti    sp, s7, -1585
core   0: 3 0x800035e8 (0x9cfba113) x2  0x00000000
core   0: 0x800035ec (0x00aeecb3) or      s9, t4, a0
core   0: 3 0x800035ec (0x00aeecb3) x25 0xffff7f64
core   0: 0x800035f0 (0x00af5d13) srli    s10, t5, 10
core   0: 3 0x800035f0 (0x00af5d13) x26 0x00200063
core   0: 0x800035f4 (0xcdcafe13) andi    t3, s5, -804
core   0: 3 0x800035f4 (0xcdcafe13) x28 0x00000440
core   0: 0x800035f8 (0x00052eb3) slt     t4, a0, zero
core   0: 3 0x800035f8 (0x00052eb3) x29 0x00000001
core   0: 0x800035fc (0x01a2a4b3) slt     s1, t0, s10
core   0: 3 0x800035fc (0x01a2a4b3) x9  0x00000001
core   0: 0x80003600 (0x948e4a17) auipc   s4, 0x948e4
core   0: 3 0x80003600 (0x948e4a17) x20 0x148e7600
core   0: 0x80003604 (0xa8e2beb7) lui     t4, 0xa8e2b
core   0: 3 0x80003604 (0xa8e2beb7) x29 0xa8e2b000
core   0: 0x80003608 (0x00469a33) sll     s4, a3, tp
core   0: 3 0x80003608 (0x00469a33) x20 0x00000000
core   0: 0x8000360c (0xca24da97) auipc   s5, 0xca24d
core   0: 3 0x8000360c (0xca24da97) x21 0x4a25060c
core   0: 0x80003610 (0x00761d33) sll     s10, a2, t2
core   0: 3 0x80003610 (0x00761d33) x26 0x00000000
core   0: 0x80003614 (0x16792317) auipc   t1, 0x16792
core   0: 3 0x80003614 (0x16792317) x6  0x96795614
core   0: 0x80003618 (0x01569733) sll     a4, a3, s5
core   0: 3 0x80003618 (0x01569733) x14 0x00000000
core   0: 0x8000361c (0xf1e5ca13) xori    s4, a1, -226
core   0: 3 0x8000361c (0xf1e5ca13) x20 0x80018a3a
core   0: 0x80003620 (0x00000013) nop
core   0: 3 0x80003620 (0x00000013)
core   0: 0x80003624 (0x9fb97c13) andi    s8, s2, -1541
core   0: 3 0x80003624 (0x9fb97c13) x24 0x00000001
core   0: 0x80003628 (0x00e3d433) srl     s0, t2, a4
core   0: 3 0x80003628 (0x00e3d433) x8  0x9ba985ac
core   0: 0x8000362c (0x01814633) xor     a2, sp, s8
core   0: 3 0x8000362c (0x01814633) x12 0x00000001
core   0: 0x80003630 (0x003f7633) and     a2, t5, gp
core   0: 3 0x80003630 (0x003f7633) x12 0x00000000
core   0: 0x80003634 (0x5272f713) andi    a4, t0, 1319
core   0: 3 0x80003634 (0x5272f713) x14 0x00000000
core   0: 0x80003638 (0x01752bb3) slt     s7, a0, s7
core   0: 3 0x80003638 (0x01752bb3) x23 0x00000001
core   0: 0x8000363c (0x01f72eb3) slt     t4, a4, t6
core   0: 3 0x8000363c (0x01f72eb3) x29 0x00000001
core   0: 0x80003640 (0x00240433) add     s0, s0, sp
core   0: 3 0x80003640 (0x00240433) x8  0x9ba985ac
core   0: 0x80003644 (0x3d492c13) slti    s8, s2, 980
core   0: 3 0x80003644 (0x3d492c13) x24 0x00000001
core   0: 0x80003648 (0xa44d2d93) slti    s11, s10, -1468
core   0: 3 0x80003648 (0xa44d2d93) x27 0x00000000
core   0: 0x8000364c (0x001bc1b3) xor     gp, s7, ra
core   0: 3 0x8000364c (0x001bc1b3) x3  0x80018ce5
core   0: 0x80003650 (0x014703b3) add     t2, a4, s4
core   0: 3 0x80003650 (0x014703b3) x7  0x80018a3a
core   0: 0x80003654 (0x37103313) sltiu   t1, zero, 881
core   0: 3 0x80003654 (0x37103313) x6  0x00000001
core   0: 0x80003658 (0x01b72633) slt     a2, a4, s11
core   0: 3 0x80003658 (0x01b72633) x12 0x00000000
core   0: 0x8000365c (0x22a7b613) sltiu   a2, a5, 554
core   0: 3 0x8000365c (0x22a7b613) x12 0x00000000
core   0: 0x80003660 (0x016bb1b3) sltu    gp, s7, s6
core   0: 3 0x80003660 (0x016bb1b3) x3  0x00000000
core   0: 0x80003664 (0x400b5a13) srai    s4, s6, 0
core   0: 3 0x80003664 (0x400b5a13) x20 0x00000000
core   0: 0x80003668 (0xca222213) slti    tp, tp, -862
core   0: 3 0x80003668 (0xca222213) x4  0x00000000
core   0: 0x8000366c (0x00000013) nop
core   0: 3 0x8000366c (0x00000013)
core   0: 0x80003670 (0x00850933) add     s2, a0, s0
core   0: 3 0x80003670 (0x00850933) x18 0x1baad410
core   0: 0x80003674 (0x78d43d93) sltiu   s11, s0, 1933
core   0: 3 0x80003674 (0x78d43d93) x27 0x00000000
core   0: 0x80003678 (0x0078c1b3) xor     gp, a7, t2
core   0: 3 0x80003678 (0x0078c1b3) x3  0x80018a3a
core   0: 0x8000367c (0x40175a33) sra     s4, a4, ra
core   0: 3 0x8000367c (0x40175a33) x20 0x00000000
core   0: 0x80003680 (0x01d993b3) sll     t2, s3, t4
core   0: 3 0x80003680 (0x01d993b3) x7  0x0000001e
core   0: 0x80003684 (0x41cd56b3) sra     a3, s10, t3
core   0: 3 0x80003684 (0x41cd56b3) x13 0x00000000
core   0: 0x80003688 (0x008c08b3) add     a7, s8, s0
core   0: 3 0x80003688 (0x008c08b3) x17 0x9ba985ad
core   0: 0x8000368c (0x00c8a033) slt     zero, a7, a2
core   0: 3 0x8000368c (0x00c8a033)
core   0: 0x80003690 (0x01ce5f93) srli    t6, t3, 28
core   0: 3 0x80003690 (0x01ce5f93) x31 0x00000000
core   0: 0x80003694 (0x00000013) nop
core   0: 3 0x80003694 (0x00000013)
core   0: 0x80003698 (0x413108b3) sub     a7, sp, s3
core   0: 3 0x80003698 (0x413108b3) x17 0xfffffff1
core   0: 0x8000369c (0x00000013) nop
core   0: 3 0x8000369c (0x00000013)
core   0: 0x800036a0 (0x009fc233) xor     tp, t6, s1
core   0: 3 0x800036a0 (0x009fc233) x4  0x00000001
core   0: 0x800036a4 (0x0188ddb3) srl     s11, a7, s8
core   0: 3 0x800036a4 (0x0188ddb3) x27 0x7ffffff8
core   0: 0x800036a8 (0x012010b3) sll     ra, zero, s2
core   0: 3 0x800036a8 (0x012010b3) x1  0x00000000
core   0: 0x800036ac (0xa46ded93) ori     s11, s11, -1466
core   0: 3 0x800036ac (0xa46ded93) x27 0xfffffffe
core   0: 0x800036b0 (0xc6ed2213) slti    tp, s10, -914
core   0: 3 0x800036b0 (0xc6ed2213) x4  0x00000000
core   0: 0x800036b4 (0xb94b3113) sltiu   sp, s6, -1132
core   0: 3 0x800036b4 (0xb94b3113) x2  0x00000001
core   0: 0x800036b8 (0xcd8be013) ori     zero, s7, -808
core   0: 3 0x800036b8 (0xcd8be013)
core   0: 0x800036bc (0x3b6f7eb7) lui     t4, 0x3b6f7
core   0: 3 0x800036bc (0x3b6f7eb7) x29 0x3b6f7000
core   0: 0x800036c0 (0x00c59e13) slli    t3, a1, 12
core   0: 3 0x800036c0 (0x00c59e13) x28 0xe7524000
core   0: 0x800036c4 (0x002204b3) add     s1, tp, sp
core   0: 3 0x800036c4 (0x002204b3) x9  0x00000001
core   0: 0x800036c8 (0x20378f93) addi    t6, a5, 515
core   0: 3 0x800036c8 (0x20378f93) x31 0x000201fc
core   0: 0x800036cc (0x00000013) nop
core   0: 3 0x800036cc (0x00000013)
core   0: 0x800036d0 (0xc9b05297) auipc   t0, 0xc9b05
core   0: 3 0x800036d0 (0xc9b05297) x5  0x49b086d0
core   0: 0x800036d4 (0x40ecd733) sra     a4, s9, a4
core   0: 3 0x800036d4 (0x40ecd733) x14 0xffff7f64
core   0: 0x800036d8 (0x00728b33) add     s6, t0, t2
core   0: 3 0x800036d8 (0x00728b33) x22 0x49b086ee
core   0: 0x800036dc (0x01389193) slli    gp, a7, 19
core   0: 3 0x800036dc (0x01389193) x3  0xff880000
core   0: 0x800036e0 (0xec44f2b7) lui     t0, 0xec44f
core   0: 3 0x800036e0 (0xec44f2b7) x5  0xec44f000
core   0: 0x800036e4 (0x13cb23b7) lui     t2, 0x13cb2
core   0: 3 0x800036e4 (0x13cb23b7) x7  0x13cb2000
core   0: 0x800036e8 (0x00ac1193) slli    gp, s8, 10
core   0: 3 0x800036e8 (0x00ac1193) x3  0x00000400
core   0: 0x800036ec (0x01e435b3) sltu    a1, s0, t5
core   0: 3 0x800036ec (0x01e435b3) x11 0x00000000
core   0: 0x800036f0 (0x005383b3) add     t2, t2, t0
core   0: 3 0x800036f0 (0x005383b3) x7  0x00101000
core   0: 0x800036f4 (0x01991db3) sll     s11, s2, s9
core   0: 3 0x800036f4 (0x01991db3) x27 0xbaad4100
core   0: 0x800036f8 (0x01777a33) and     s4, a4, s7
core   0: 3 0x800036f8 (0x01777a33) x20 0x00000000
core   0: 0x800036fc (0x86c62593) slti    a1, a2, -1940
core   0: 3 0x800036fc (0x86c62593) x11 0x00000000
core   0: 0x80003700 (0x00000013) nop
core   0: 3 0x80003700 (0x00000013)
core   0: 0x80003704 (0x418bde33) sra     t3, s7, s8
core   0: 3 0x80003704 (0x418bde33) x28 0x00000000
core   0: 0x80003708 (0x01a19413) slli    s0, gp, 26
core   0: 3 0x80003708 (0x01a19413) x8  0x00000000
core   0: 0x8000370c (0x00663133) sltu    sp, a2, t1
core   0: 3 0x8000370c (0x00663133) x2  0x00000001
core   0: 0x80003710 (0x01b6f833) and     a6, a3, s11
core   0: 3 0x80003710 (0x01b6f833) x16 0x00000000
core   0: 0x80003714 (0x00795733) srl     a4, s2, t2
core   0: 3 0x80003714 (0x00795733) x14 0x1baad410
core   0: 0x80003718 (0x004fd7b3) srl     a5, t6, tp
core   0: 3 0x80003718 (0x004fd7b3) x15 0x000201fc
core   0: 0x8000371c (0x0f027d13) andi    s10, tp, 240
core   0: 3 0x8000371c (0x0f027d13) x26 0x00000000
core   0: 0x80003720 (0x018a1793) slli    a5, s4, 24
core   0: 3 0x80003720 (0x018a1793) x15 0x00000000
core   0: 0x80003724 (0x40fb0833) sub     a6, s6, a5
core   0: 3 0x80003724 (0x40fb0833) x16 0x49b086ee
core   0: 0x80003728 (0xda877613) andi    a2, a4, -600
core   0: 3 0x80003728 (0xda877613) x12 0x1baad400
core   0: 0x8000372c (0x00c961b3) or      gp, s2, a2
core   0: 3 0x8000372c (0x00c961b3) x3  0x1baad410
core   0: 0x80003730 (0x00ed4a33) xor     s4, s10, a4
core   0: 3 0x80003730 (0x00ed4a33) x20 0x1baad410
core   0: 0x80003734 (0x41ebda33) sra     s4, s7, t5
core   0: 3 0x80003734 (0x41ebda33) x20 0x00000000
core   0: 0x80003738 (0x40fedeb3) sra     t4, t4, a5
core   0: 3 0x80003738 (0x40fedeb3) x29 0x3b6f7000
core   0: 0x8000373c (0x00dbacb3) slt     s9, s7, a3
core   0: 3 0x8000373c (0x00dbacb3) x25 0x00000000
core   0: 0x80003740 (0x2127a793) slti    a5, a5, 530
core   0: 3 0x80003740 (0x2127a793) x15 0x00000001
core   0: 0x80003744 (0x41175633) sra     a2, a4, a7
core   0: 3 0x80003744 (0x41175633) x12 0x00000dd5
core   0: 0x80003748 (0x00f62433) slt     s0, a2, a5
core   0: 3 0x80003748 (0x00f62433) x8  0x00000000
core   0: 0x8000374c (0x41cfd4b3) sra     s1, t6, t3
core   0: 3 0x8000374c (0x41cfd4b3) x9  0x000201fc
core   0: 0x80003750 (0xc47ebd93) sltiu   s11, t4, -953
core   0: 3 0x80003750 (0xc47ebd93) x27 0x00000001
core   0: 0x80003754 (0x1dedeb13) ori     s6, s11, 478
core   0: 3 0x80003754 (0x1dedeb13) x22 0x000001df
core   0: 0x80003758 (0x66586e13) ori     t3, a6, 1637
core   0: 3 0x80003758 (0x66586e13) x28 0x49b086ef
core   0: 0x8000375c (0x01e09213) slli    tp, ra, 30
core   0: 3 0x8000375c (0x01e09213) x4  0x00000000
core   0: 0x80003760 (0x00cb1413) slli    s0, s6, 12
core   0: 3 0x80003760 (0x00cb1413) x8  0x001df000
core   0: 0x80003764 (0x01526fb3) or      t6, tp, s5
core   0: 3 0x80003764 (0x01526fb3) x31 0x4a25060c
core   0: 0x80003768 (0xdbf2f113) andi    sp, t0, -577
core   0: 3 0x80003768 (0xdbf2f113) x2  0xec44f000
core   0: 0x8000376c (0x92ab2313) slti    t1, s6, -1750
core   0: 3 0x8000376c (0x92ab2313) x6  0x00000000
core   0: 0x80003770 (0x0041ec33) or      s8, gp, tp
core   0: 3 0x80003770 (0x0041ec33) x24 0x1baad410
core   0: 0x80003774 (0x40ac8ab3) sub     s5, s9, a0
core   0: 3 0x80003774 (0x40ac8ab3) x21 0x7ffeb19c
core   0: 0x80003778 (0xf9bb8a93) addi    s5, s7, -101
core   0: 3 0x80003778 (0xf9bb8a93) x21 0xffffff9c
core   0: 0x8000377c (0x00e55093) srli    ra, a0, 14
core   0: 3 0x8000377c (0x00e55093) x1  0x00020005
core   0: 0x80003780 (0x40088c33) sub     s8, a7, zero
core   0: 3 0x80003780 (0x40088c33) x24 0xfffffff1
core   0: 0x80003784 (0x014c3a33) sltu    s4, s8, s4
core   0: 3 0x80003784 (0x014c3a33) x20 0x00000000
core   0: 0x80003788 (0x015ccd33) xor     s10, s9, s5
core   0: 3 0x80003788 (0x015ccd33) x26 0xffffff9c
core   0: 0x8000378c (0x498cf493) andi    s1, s9, 1176
core   0: 3 0x8000378c (0x498cf493) x9  0x00000000
core   0: 0x80003790 (0x00288b33) add     s6, a7, sp
core   0: 3 0x80003790 (0x00288b33) x22 0xec44eff1
core   0: 0x80003794 (0x01c6d713) srli    a4, a3, 28
core   0: 3 0x80003794 (0x01c6d713) x14 0x00000000
core   0: 0x80003798 (0xd39d2093) slti    ra, s10, -711
core   0: 3 0x80003798 (0xd39d2093) x1  0x00000000
core   0: 0x8000379c (0x0058ec33) or      s8, a7, t0
core   0: 3 0x8000379c (0x0058ec33) x24 0xfffffff1
core   0: 0x800037a0 (0x01a96b33) or      s6, s2, s10
core   0: 3 0x800037a0 (0x01a96b33) x22 0xffffff9c
core   0: 0x800037a4 (0x0183dc33) srl     s8, t2, s8
core   0: 3 0x800037a4 (0x0183dc33) x24 0x00000008
core   0: 0x800037a8 (0x01cdf1b3) and     gp, s11, t3
core   0: 3 0x800037a8 (0x01cdf1b3) x3  0x00000001
core   0: 0x800037ac (0x002ff1b3) and     gp, t6, sp
core   0: 3 0x800037ac (0x002ff1b3) x3  0x48040000
core   0: 0x800037b0 (0x40ef84b3) sub     s1, t6, a4
core   0: 3 0x800037b0 (0x40ef84b3) x9  0x4a25060c
core   0: 0x800037b4 (0x00978233) add     tp, a5, s1
core   0: 3 0x800037b4 (0x00978233) x4  0x4a25060d
core   0: 0x800037b8 (0x006985b3) add     a1, s3, t1
core   0: 3 0x800037b8 (0x006985b3) x11 0x0000000f
core   0: 0x800037bc (0x00efaab3) slt     s5, t6, a4
core   0: 3 0x800037bc (0x00efaab3) x21 0x00000000
core   0: 0x800037c0 (0x408b84b3) sub     s1, s7, s0
core   0: 3 0x800037c0 (0x408b84b3) x9  0xffe21001
core   0: 0x800037c4 (0x8206a693) slti    a3, a3, -2016
core   0: 3 0x800037c4 (0x8206a693) x13 0x00000000
core   0: 0x800037c8 (0x018c1593) slli    a1, s8, 24
core   0: 3 0x800037c8 (0x018c1593) x11 0x08000000
core   0: 0x800037cc (0x00000013) nop
core   0: 3 0x800037cc (0x00000013)
core   0: 0x800037d0 (0x01b12733) slt     a4, sp, s11
core   0: 3 0x800037d0 (0x01b12733) x14 0x00000001
core   0: 0x800037d4 (0x016e27b3) slt     a5, t3, s6
core   0: 3 0x800037d4 (0x016e27b3) x15 0x00000000
core   0: 0x800037d8 (0x002e84b3) add     s1, t4, sp
core   0: 3 0x800037d8 (0x002e84b3) x9  0x27b46000
core   0: 0x800037dc (0x019cd113) srli    sp, s9, 25
core   0: 3 0x800037dc (0x019cd113) x2  0x00000000
core   0: 0x800037e0 (0xebbee093) ori     ra, t4, -325
core   0: 3 0x800037e0 (0xebbee093) x1  0xfffffebb
core   0: 0x800037e4 (0x40e98eb3) sub     t4, s3, a4
core   0: 3 0x800037e4 (0x40e98eb3) x29 0x0000000e
core   0: 0x800037e8 (0x01ad5333) srl     t1, s10, s10
core   0: 3 0x800037e8 (0x01ad5333) x6  0x0000000f
core   0: 0x800037ec (0x01805333) srl     t1, zero, s8
core   0: 3 0x800037ec (0x01805333) x6  0x00000000
core   0: 0x800037f0 (0x00015793) srli    a5, sp, 0
core   0: 3 0x800037f0 (0x00015793) x15 0x00000000
core   0: 0x800037f4 (0x859b3393) sltiu   t2, s6, -1959
core   0: 3 0x800037f4 (0x859b3393) x7  0x00000000
core   0: 0x800037f8 (0x0090ea33) or      s4, ra, s1
core   0: 3 0x800037f8 (0x0090ea33) x20 0xfffffebb
core   0: 0x800037fc (0x01a49213) slli    tp, s1, 26
core   0: 3 0x800037fc (0x01a49213) x4  0x00000000
core   0: 0x80003800 (0x018675b3) and     a1, a2, s8
core   0: 3 0x80003800 (0x018675b3) x11 0x00000000
core   0: 0x80003804 (0xd8ae6c93) ori     s9, t3, -630
core   0: 3 0x80003804 (0xd8ae6c93) x25 0xffffffef
core   0: 0x80003808 (0x00feb8b3) sltu    a7, t4, a5
core   0: 3 0x80003808 (0x00feb8b3) x17 0x00000000
core   0: 0x8000380c (0x01a3dd13) srli    s10, t2, 26
core   0: 3 0x8000380c (0x01a3dd13) x26 0x00000000
core   0: 0x80003810 (0x00dd76b3) and     a3, s10, a3
core   0: 3 0x80003810 (0x00dd76b3) x13 0x00000000
core   0: 0x80003814 (0xae6b0213) addi    tp, s6, -1306
core   0: 3 0x80003814 (0xae6b0213) x4  0xfffffa82
core   0: 0x80003818 (0x0112a933) slt     s2, t0, a7
core   0: 3 0x80003818 (0x0112a933) x18 0x00000001
core   0: 0x8000381c (0x008ddd93) srli    s11, s11, 8
core   0: 3 0x8000381c (0x008ddd93) x27 0x00000000
core   0: 0x80003820 (0x01b4da13) srli    s4, s1, 27
core   0: 3 0x80003820 (0x01b4da13) x20 0x00000004
core   0: 0x80003824 (0x01889713) slli    a4, a7, 24
core   0: 3 0x80003824 (0x01889713) x14 0x00000000
core   0: 0x80003828 (0x1c1f8c13) addi    s8, t6, 449
core   0: 3 0x80003828 (0x1c1f8c13) x24 0x4a2507cd
core   0: 0x8000382c (0x9903f713) andi    a4, t2, -1648
core   0: 3 0x8000382c (0x9903f713) x14 0x00000000
core   0: 0x80003830 (0x40cd0433) sub     s0, s10, a2
core   0: 3 0x80003830 (0x40cd0433) x8  0xfffff22b
core   0: 0x80003834 (0xbbbe6eb7) lui     t4, 0xbbbe6
core   0: 3 0x80003834 (0xbbbe6eb7) x29 0xbbbe6000
core   0: 0x80003838 (0x8488fb13) andi    s6, a7, -1976
core   0: 3 0x80003838 (0x8488fb13) x22 0x00000000
core   0: 0x8000383c (0x01488db3) add     s11, a7, s4
core   0: 3 0x8000383c (0x01488db3) x27 0x00000004
core   0: 0x80003840 (0xb7b07093) andi    ra, zero, -1157
core   0: 3 0x80003840 (0xb7b07093) x1  0x00000000
core   0: 0x80003844 (0x005cf0b3) and     ra, s9, t0
core   0: 3 0x80003844 (0x005cf0b3) x1  0xec44f000
core   0: 0x80003848 (0x01691933) sll     s2, s2, s6
core   0: 3 0x80003848 (0x01691933) x18 0x00000001
core   0: 0x8000384c (0x40a9d6b3) sra     a3, s3, a0
core   0: 3 0x8000384c (0x40a9d6b3) x13 0x00000000
core   0: 0x80003850 (0x6fb5a613) slti    a2, a1, 1787
core   0: 3 0x80003850 (0x6fb5a613) x12 0x00000001
core   0: 0x80003854 (0x01dd8b33) add     s6, s11, t4
core   0: 3 0x80003854 (0x01dd8b33) x22 0xbbbe6004
core   0: 0x80003858 (0x63eaf013) andi    zero, s5, 1598
core   0: 3 0x80003858 (0x63eaf013)
core   0: 0x8000385c (0x01dda7b3) slt     a5, s11, t4
core   0: 3 0x8000385c (0x01dda7b3) x15 0x00000000
core   0: 0x80003860 (0x3e24f193) andi    gp, s1, 994
core   0: 3 0x80003860 (0x3e24f193) x3  0x00000000
core   0: 0x80003864 (0x00a61a33) sll     s4, a2, a0
core   0: 3 0x80003864 (0x00a61a33) x20 0x00000010
core   0: 0x80003868 (0x01061c13) slli    s8, a2, 16
core   0: 3 0x80003868 (0x01061c13) x24 0x00010000
core   0: 0x8000386c (0x8f630813) addi    a6, t1, -1802
core   0: 3 0x8000386c (0x8f630813) x16 0xfffff8f6
core   0: 0x80003870 (0x0110c333) xor     t1, ra, a7
core   0: 3 0x80003870 (0x0110c333) x6  0xec44f000
core   0: 0x80003874 (0x01d55433) srl     s0, a0, t4
core   0: 3 0x80003874 (0x01d55433) x8  0x80014e64
core   0: 0x80003878 (0xf8b76913) ori     s2, a4, -117
core   0: 3 0x80003878 (0xf8b76913) x18 0xffffff8b
core   0: 0x8000387c (0x01fbebb3) or      s7, s7, t6
core   0: 3 0x8000387c (0x01fbebb3) x23 0x4a25060d
core   0: 0x80003880 (0x4acb7593) andi    a1, s6, 1196
core   0: 3 0x80003880 (0x4acb7593) x11 0x00000004
core   0: 0x80003884 (0x0111d393) srli    t2, gp, 17
core   0: 3 0x80003884 (0x0111d393) x7  0x00000000
core   0: 0x80003888 (0x0175fb33) and     s6, a1, s7
core   0: 3 0x80003888 (0x0175fb33) x22 0x00000004
core   0: 0x8000388c (0x414686b3) sub     a3, a3, s4
core   0: 3 0x8000388c (0x414686b3) x13 0xfffffff0
core   0: 0x80003890 (0x01941433) sll     s0, s0, s9
core   0: 3 0x80003890 (0x01941433) x8  0xa7320000
core   0: 0x80003894 (0x00788133) add     sp, a7, t2
core   0: 3 0x80003894 (0x00788133) x2  0x00000000
core   0: 0x80003898 (0x6314f613) andi    a2, s1, 1585
core   0: 3 0x80003898 (0x6314f613) x12 0x00000000
core   0: 0x8000389c (0xfb7c7c17) auipc   s8, 0xfb7c7
core   0: 3 0x8000389c (0xfb7c7c17) x24 0x7b7ca89c
core   0: 0x800038a0 (0x759c0713) addi    a4, s8, 1881
core   0: 3 0x800038a0 (0x759c0713) x14 0x7b7caff5
core   0: 0x800038a4 (0x00722633) slt     a2, tp, t2
core   0: 3 0x800038a4 (0x00722633) x12 0x00000001
core   0: 0x800038a8 (0x1dc6a293) slti    t0, a3, 476
core   0: 3 0x800038a8 (0x1dc6a293) x5  0x00000001
core   0: 0x800038ac (0x2ab24d93) xori    s11, tp, 683
core   0: 3 0x800038ac (0x2ab24d93) x27 0xfffff829
core   0: 0x800038b0 (0x00000013) nop
core   0: 3 0x800038b0 (0x00000013)
core   0: 0x800038b4 (0x002205b3) add     a1, tp, sp
core   0: 3 0x800038b4 (0x002205b3) x11 0xfffffa82
core   0: 0x800038b8 (0xeff63337) lui     t1, 0xeff63
core   0: 3 0x800038b8 (0xeff63337) x6  0xeff63000
core   0: 0x800038bc (0x01c94233) xor     tp, s2, t3
core   0: 3 0x800038bc (0x01c94233) x4  0xb64f7964
core   0: 0x800038c0 (0xce73e617) auipc   a2, 0xce73e
core   0: 3 0x800038c0 (0xce73e617) x12 0x4e7418c0
core   0: 0x800038c4 (0x22af1697) auipc   a3, 0x22af1
core   0: 3 0x800038c4 (0x22af1697) x13 0xa2af48c4
core   0: 0x800038c8 (0x00000013) nop
core   0: 3 0x800038c8 (0x00000013)
core   0: 0x800038cc (0xf5167493) andi    s1, a2, -175
core   0: 3 0x800038cc (0xf5167493) x9  0x4e741840
core   0: 0x800038d0 (0xa053a193) slti    gp, t2, -1531
core   0: 3 0x800038d0 (0xa053a193) x3  0x00000000
core   0: 0x800038d4 (0x00000013) nop
core   0: 3 0x800038d4 (0x00000013)
core   0: 0x800038d8 (0x12106593) ori     a1, zero, 289
core   0: 3 0x800038d8 (0x12106593) x11 0x00000121
core   0: 0x800038dc (0x41d15233) sra     tp, sp, t4
core   0: 3 0x800038dc (0x41d15233) x4  0x00000000
core   0: 0x800038e0 (0x00b99d33) sll     s10, s3, a1
core   0: 3 0x800038e0 (0x00b99d33) x26 0x0000001e
core   0: 0x800038e4 (0x155e4093) xori    ra, t3, 341
core   0: 3 0x800038e4 (0x155e4093) x1  0x49b087ba
core   0: 0x800038e8 (0x00bc40b3) xor     ra, s8, a1
core   0: 3 0x800038e8 (0x00bc40b3) x1  0x7b7ca9bd
core   0: 0x800038ec (0x014baa33) slt     s4, s7, s4
core   0: 3 0x800038ec (0x014baa33) x20 0x00000000
core   0: 0x800038f0 (0x017d8eb3) add     t4, s11, s7
core   0: 3 0x800038f0 (0x017d8eb3) x29 0x4a24fe36
core   0: 0x800038f4 (0x018ce4b3) or      s1, s9, s8
core   0: 3 0x800038f4 (0x018ce4b3) x9  0xffffffff
core   0: 0x800038f8 (0x00000013) nop
core   0: 3 0x800038f8 (0x00000013)
core   0: 0x800038fc (0x007fc133) xor     sp, t6, t2
core   0: 3 0x800038fc (0x007fc133) x2  0x4a25060c
core   0: 0x80003900 (0x8f72bd13) sltiu   s10, t0, -1801
core   0: 3 0x80003900 (0x8f72bd13) x26 0x00000001
core   0: 0x80003904 (0xddbcfb13) andi    s6, s9, -549
core   0: 3 0x80003904 (0xddbcfb13) x22 0xfffffdcb
core   0: 0x80003908 (0x00998833) add     a6, s3, s1
core   0: 3 0x80003908 (0x00998833) x16 0x0000000e
core   0: 0x8000390c (0x40600a33) sub     s4, zero, t1
core   0: 3 0x8000390c (0x40600a33) x20 0x1009d000
core   0: 0x80003910 (0x003df633) and     a2, s11, gp
core   0: 3 0x80003910 (0x003df633) x12 0x00000000
core   0: 0x80003914 (0xb6c6dab7) lui     s5, 0xb6c6d
core   0: 3 0x80003914 (0xb6c6dab7) x21 0xb6c6d000
core   0: 0x80003918 (0x9322f913) andi    s2, t0, -1742
core   0: 3 0x80003918 (0x9322f913) x18 0x00000000
core   0: 0x8000391c (0x00ba3333) sltu    t1, s4, a1
core   0: 3 0x8000391c (0x00ba3333) x6  0x00000000
core   0: 0x80003920 (0x01c8df93) srli    t6, a7, 28
core   0: 3 0x80003920 (0x01c8df93) x31 0x00000000
core   0: 0x80003924 (0x0106c0b3) xor     ra, a3, a6
core   0: 3 0x80003924 (0x0106c0b3) x1  0xa2af48ca
core   0: 0x80003928 (0x0063ffb3) and     t6, t2, t1
core   0: 3 0x80003928 (0x0063ffb3) x31 0x00000000
core   0: 0x8000392c (0x6a7fad93) slti    s11, t6, 1703
core   0: 3 0x8000392c (0x6a7fad93) x27 0x00000001
core   0: 0x80003930 (0x005c40b3) xor     ra, s8, t0
core   0: 3 0x80003930 (0x005c40b3) x1  0x7b7ca89d
core   0: 0x80003934 (0xaba59b37) lui     s6, 0xaba59
core   0: 3 0x80003934 (0xaba59b37) x22 0xaba59000
core   0: 0x80003938 (0x4096d793) srai    a5, a3, 9
core   0: 3 0x80003938 (0x4096d793) x15 0xffd157a4
core   0: 0x8000393c (0x00c2e433) or      s0, t0, a2
core   0: 3 0x8000393c (0x00c2e433) x8  0x00000001
core   0: 0x80003940 (0xcea88713) addi    a4, a7, -790
core   0: 3 0x80003940 (0xcea88713) x14 0xfffffcea
core   0: 0x80003944 (0x4007ddb3) sra     s11, a5, zero
core   0: 3 0x80003944 (0x4007ddb3) x27 0xffd157a4
core   0: 0x80003948 (0x4c7a4f93) xori    t6, s4, 1223
core   0: 3 0x80003948 (0x4c7a4f93) x31 0x1009d4c7
core   0: 0x8000394c (0x40a95613) srai    a2, s2, 10
core   0: 3 0x8000394c (0x40a95613) x12 0x00000000
core   0: 0x80003950 (0x00000013) nop
core   0: 3 0x80003950 (0x00000013)
core   0: 0x80003954 (0x03882613) slti    a2, a6, 56
core   0: 3 0x80003954 (0x03882613) x12 0x00000001
core   0: 0x80003958 (0x00bc2db3) slt     s11, s8, a1
core   0: 3 0x80003958 (0x00bc2db3) x27 0x00000000
core   0: 0x8000395c (0x79fcbc93) sltiu   s9, s9, 1951
core   0: 3 0x8000395c (0x79fcbc93) x25 0x00000000
core   0: 0x80003960 (0x01aedb13) srli    s6, t4, 26
core   0: 3 0x80003960 (0x01aedb13) x22 0x00000012
core   0: 0x80003964 (0xe9298237) lui     tp, 0xe9298
core   0: 3 0x80003964 (0xe9298237) x4  0xe9298000
core   0: 0x80003968 (0xfb234593) xori    a1, t1, -78
core   0: 3 0x80003968 (0xfb234593) x11 0xffffffb2
core   0: 0x8000396c (0x01aa9093) slli    ra, s5, 26
core   0: 3 0x8000396c (0x01aa9093) x1  0x00000000
core   0: 0x80003970 (0x00889c93) slli    s9, a7, 8
core   0: 3 0x80003970 (0x00889c93) x25 0x00000000
core   0: 0x80003974 (0x5e7fc913) xori    s2, t6, 1511
core   0: 3 0x80003974 (0x5e7fc913) x18 0x1009d120
core   0: 0x80003978 (0x847c8793) addi    a5, s9, -1977
core   0: 3 0x80003978 (0x847c8793) x15 0xfffff847
core   0: 0x8000397c (0xf59d2213) slti    tp, s10, -167
core   0: 3 0x8000397c (0xf59d2213) x4  0x00000000
core   0: 0x80003980 (0x010ad433) srl     s0, s5, a6
core   0: 3 0x80003980 (0x010ad433) x8  0x0002db1b
core   0: 0x80003984 (0x01419b13) slli    s6, gp, 20
core   0: 3 0x80003984 (0x01419b13) x22 0x00000000
core   0: 0x80003988 (0x1358fb93) andi    s7, a7, 309
core   0: 3 0x80003988 (0x1358fb93) x23 0x00000000
core   0: 0x8000398c (0x419a5333) sra     t1, s4, s9
core   0: 3 0x8000398c (0x419a5333) x6  0x1009d000
core   0: 0x80003990 (0x00000013) nop
core   0: 3 0x80003990 (0x00000013)
core   0: 0x80003994 (0x37c46717) auipc   a4, 0x37c46
core   0: 3 0x80003994 (0x37c46717) x14 0xb7c49994
core   0: 0x80003998 (0x0044acb3) slt     s9, s1, tp
core   0: 3 0x80003998 (0x0044acb3) x25 0x00000001
core   0: 0x8000399c (0x40a25fb3) sra     t6, tp, a0
core   0: 3 0x8000399c (0x40a25fb3) x31 0x00000000
core   0: 0x800039a0 (0x2a442697) auipc   a3, 0x2a442
core   0: 3 0x800039a0 (0x2a442697) x13 0xaa4459a0
core   0: 0x800039a4 (0x00000013) nop
core   0: 3 0x800039a4 (0x00000013)
core   0: 0x800039a8 (0xd404e193) ori     gp, s1, -704
core   0: 3 0x800039a8 (0xd404e193) x3  0xffffffff
core   0: 0x800039ac (0x410e5233) sra     tp, t3, a6
core   0: 3 0x800039ac (0x410e5233) x4  0x000126c2
core   0: 0x800039b0 (0x009ec5b3) xor     a1, t4, s1
core   0: 3 0x800039b0 (0x009ec5b3) x11 0xb5db01c9
core   0: 0x800039b4 (0x4129d613) srai    a2, s3, 18
core   0: 3 0x800039b4 (0x4129d613) x12 0x00000000
core   0: 0x800039b8 (0xd7616c13) ori     s8, sp, -650
core   0: 3 0x800039b8 (0xd7616c13) x24 0xffffff7e
core   0: 0x800039bc (0x00f49eb3) sll     t4, s1, a5
core   0: 3 0x800039bc (0x00f49eb3) x29 0xffffff80
core   0: 0x800039c0 (0xe511f293) andi    t0, gp, -431
core   0: 3 0x800039c0 (0xe511f293) x5  0xfffffe51
core   0: 0x800039c4 (0x41d987b3) sub     a5, s3, t4
core   0: 3 0x800039c4 (0x41d987b3) x15 0x0000008f
core   0: 0x800039c8 (0x00000013) nop
core   0: 3 0x800039c8 (0x00000013)
core   0: 0x800039cc (0xe62cb893) sltiu   a7, s9, -414
core   0: 3 0x800039cc (0xe62cb893) x17 0x00000001
core   0: 0x800039d0 (0x68984413) xori    s0, a6, 1673
core   0: 3 0x800039d0 (0x68984413) x8  0x00000687
core   0: 0x800039d4 (0x41825913) srai    s2, tp, 24
core   0: 3 0x800039d4 (0x41825913) x18 0x00000000
core   0: 0x800039d8 (0x0129aa33) slt     s4, s3, s2
core   0: 3 0x800039d8 (0x0129aa33) x20 0x00000000
core   0: 0x800039dc (0x00c8a033) slt     zero, a7, a2
core   0: 3 0x800039dc (0x00c8a033)
core   0: 0x800039e0 (0x01b90fb3) add     t6, s2, s11
core   0: 3 0x800039e0 (0x01b90fb3) x31 0x00000000
core   0: 0x800039e4 (0x000913b3) sll     t2, s2, zero
core   0: 3 0x800039e4 (0x000913b3) x7  0x00000000
core   0: 0x800039e8 (0x7380b093) sltiu   ra, ra, 1848
core   0: 3 0x800039e8 (0x7380b093) x1  0x00000001
core   0: 0x800039ec (0x01deaab3) slt     s5, t4, t4
core   0: 3 0x800039ec (0x01deaab3) x21 0x00000000
core   0: 0x800039f0 (0x01cf51b3) srl     gp, t5, t3
core   0: 3 0x800039f0 (0x01cf51b3) x3  0x00010003
core   0: 0x800039f4 (0x01463eb3) sltu    t4, a2, s4
core   0: 3 0x800039f4 (0x01463eb3) x29 0x00000000
core   0: 0x800039f8 (0x5e696693) ori     a3, s2, 1510
core   0: 3 0x800039f8 (0x5e696693) x13 0x000005e6
core   0: 0x800039fc (0x6aae7013) andi    zero, t3, 1706
core   0: 3 0x800039fc (0x6aae7013)
core   0: 0x80003a00 (0xe22da6b7) lui     a3, 0xe22da
core   0: 3 0x80003a00 (0xe22da6b7) x13 0xe22da000
core   0: 0x80003a04 (0x017ac7b3) xor     a5, s5, s7
core   0: 3 0x80003a04 (0x017ac7b3) x15 0x00000000
core   0: 0x80003a08 (0xe2aead93) slti    s11, t4, -470
core   0: 3 0x80003a08 (0xe2aead93) x27 0x00000000
core   0: 0x80003a0c (0x0169ad33) slt     s10, s3, s6
core   0: 3 0x80003a0c (0x0169ad33) x26 0x00000000
core   0: 0x80003a10 (0x00d8f133) and     sp, a7, a3
core   0: 3 0x80003a10 (0x00d8f133) x2  0x00000000
core   0: 0x80003a14 (0x1c313e93) sltiu   t4, sp, 451
core   0: 3 0x80003a14 (0x1c313e93) x29 0x00000001
core   0: 0x80003a18 (0x013b05b3) add     a1, s6, s3
core   0: 3 0x80003a18 (0x013b05b3) x11 0x0000000f
core   0: 0x80003a1c (0x000f46b3) xor     a3, t5, zero
core   0: 3 0x80003a1c (0x000f46b3) x13 0x80018ce4
core   0: 0x80003a20 (0x8f96a213) slti    tp, a3, -1799
core   0: 3 0x80003a20 (0x8f96a213) x4  0x00000001
core   0: 0x80003a24 (0xfd280413) addi    s0, a6, -46
core   0: 3 0x80003a24 (0xfd280413) x8  0xffffffe0
core   0: 0x80003a28 (0x007fe3b3) or      t2, t6, t2
core   0: 3 0x80003a28 (0x007fe3b3) x7  0x00000000
core   0: 0x80003a2c (0x01b92733) slt     a4, s2, s11
core   0: 3 0x80003a2c (0x01b92733) x14 0x00000000
core   0: 0x80003a30 (0x01f09393) slli    t2, ra, 31
core   0: 3 0x80003a30 (0x01f09393) x7  0x80000000
core   0: 0x80003a34 (0xfe59f693) andi    a3, s3, -27
core   0: 3 0x80003a34 (0xfe59f693) x13 0x00000005
core   0: 0x80003a38 (0x01d8b033) sltu    zero, a7, t4
core   0: 3 0x80003a38 (0x01d8b033)
core   0: 0x80003a3c (0xe53ead13) slti    s10, t4, -429
core   0: 3 0x80003a3c (0xe53ead13) x26 0x00000000
core   0: 0x80003a40 (0x013821b3) slt     gp, a6, s3
core   0: 3 0x80003a40 (0x013821b3) x3  0x00000001
core   0: 0x80003a44 (0x00165013) srli    zero, a2, 1
core   0: 3 0x80003a44 (0x00165013)
core   0: 0x80003a48 (0x402d5d93) srai    s11, s10, 2
core   0: 3 0x80003a48 (0x402d5d93) x27 0x00000000
core   0: 0x80003a4c (0x419c0433) sub     s0, s8, s9
core   0: 3 0x80003a4c (0x419c0433) x8  0xffffff7d
core   0: 0x80003a50 (0x0138c933) xor     s2, a7, s3
core   0: 3 0x80003a50 (0x0138c933) x18 0x0000000e
core   0: 0x80003a54 (0x0130f6b3) and     a3, ra, s3
core   0: 3 0x80003a54 (0x0130f6b3) x13 0x00000001
core   0: 0x80003a58 (0xb0512893) slti    a7, sp, -1275
core   0: 3 0x80003a58 (0xb0512893) x17 0x00000000
core   0: 0x80003a5c (0x93755bb7) lui     s7, 0x93755
core   0: 3 0x80003a5c (0x93755bb7) x23 0x93755000
core   0: 0x80003a60 (0x41aad213) srai    tp, s5, 26
core   0: 3 0x80003a60 (0x41aad213) x4  0x00000000
core   0: 0x80003a64 (0x27dee593) ori     a1, t4, 637
core   0: 3 0x80003a64 (0x27dee593) x11 0x0000027d
core   0: 0x80003a68 (0x40c0d1b3) sra     gp, ra, a2
core   0: 3 0x80003a68 (0x40c0d1b3) x3  0x00000001
core   0: 0x80003a6c (0xc0ddc697) auipc   a3, 0xc0ddc
core   0: 3 0x80003a6c (0xc0ddc697) x13 0x40ddfa6c
core   0: 0x80003a70 (0x00709093) slli    ra, ra, 7
core   0: 3 0x80003a70 (0x00709093) x1  0x00000080
core   0: 0x80003a74 (0x688ac913) xori    s2, s5, 1672
core   0: 3 0x80003a74 (0x688ac913) x18 0x00000688
core   0: 0x80003a78 (0x003fd913) srli    s2, t6, 3
core   0: 3 0x80003a78 (0x003fd913) x18 0x00000000
core   0: 0x80003a7c (0xd8caea93) ori     s5, s5, -628
core   0: 3 0x80003a7c (0xd8caea93) x21 0xfffffd8c
core   0: 0x80003a80 (0x41288b33) sub     s6, a7, s2
core   0: 3 0x80003a80 (0x41288b33) x22 0x00000000
core   0: 0x80003a84 (0x41acd493) srai    s1, s9, 26
core   0: 3 0x80003a84 (0x41acd493) x9  0x00000000
core   0: 0x80003a88 (0x00645a13) srli    s4, s0, 6
core   0: 3 0x80003a88 (0x00645a13) x20 0x03fffffd
core   0: 0x80003a8c (0x19ff6213) ori     tp, t5, 415
core   0: 3 0x80003a8c (0x19ff6213) x4  0x80018dff
core   0: 0x80003a90 (0x009ac6b3) xor     a3, s5, s1
core   0: 3 0x80003a90 (0x009ac6b3) x13 0xfffffd8c
core   0: 0x80003a94 (0x017707b3) add     a5, a4, s7
core   0: 3 0x80003a94 (0x017707b3) x15 0x93755000
core   0: 0x80003a98 (0x19fa6a13) ori     s4, s4, 415
core   0: 3 0x80003a98 (0x19fa6a13) x20 0x03ffffff
core   0: 0x80003a9c (0xf147cd13) xori    s10, a5, -236
core   0: 3 0x80003a9c (0xf147cd13) x26 0x6c8aaf14
core   0: 0x80003aa0 (0x0096d313) srli    t1, a3, 9
core   0: 3 0x80003aa0 (0x0096d313) x6  0x007ffffe
core   0: 0x80003aa4 (0x6f56ed17) auipc   s10, 0x6f56e
core   0: 3 0x80003aa4 (0x6f56ed17) x26 0xef571aa4
core   0: 0x80003aa8 (0xf4b856b7) lui     a3, 0xf4b85
core   0: 3 0x80003aa8 (0xf4b856b7) x13 0xf4b85000
core   0: 0x80003aac (0xb434f893) andi    a7, s1, -1213
core   0: 3 0x80003aac (0xb434f893) x17 0x00000000
core   0: 0x80003ab0 (0x92a4a093) slti    ra, s1, -1750
core   0: 3 0x80003ab0 (0x92a4a093) x1  0x00000000
core   0: 0x80003ab4 (0x16d3ee13) ori     t3, t2, 365
core   0: 3 0x80003ab4 (0x16d3ee13) x28 0x8000016d
core   0: 0x80003ab8 (0x414ada33) sra     s4, s5, s4
core   0: 3 0x80003ab8 (0x414ada33) x20 0xffffffff
core   0: 0x80003abc (0x00a33ab3) sltu    s5, t1, a0
core   0: 3 0x80003abc (0x00a33ab3) x21 0x00000001
core   0: 0x80003ac0 (0x0012a233) slt     tp, t0, ra
core   0: 3 0x80003ac0 (0x0012a233) x4  0x00000001
core   0: 0x80003ac4 (0x016c5fb3) srl     t6, s8, s6
core   0: 3 0x80003ac4 (0x016c5fb3) x31 0xffffff7e
core   0: 0x80003ac8 (0x7273a493) slti    s1, t2, 1831
core   0: 3 0x80003ac8 (0x7273a493) x9  0x00000001
core   0: 0x80003acc (0x41ad0ab3) sub     s5, s10, s10
core   0: 3 0x80003acc (0x41ad0ab3) x21 0x00000000
core   0: 0x80003ad0 (0x01c910b3) sll     ra, s2, t3
core   0: 3 0x80003ad0 (0x01c910b3) x1  0x00000000
core   0: 0x80003ad4 (0x00f278b3) and     a7, tp, a5
core   0: 3 0x80003ad4 (0x00f278b3) x17 0x00000000
core   0: 0x80003ad8 (0x013f1cb3) sll     s9, t5, s3
core   0: 3 0x80003ad8 (0x013f1cb3) x25 0xc6720000
core   0: 0x80003adc (0x013b8ab3) add     s5, s7, s3
core   0: 3 0x80003adc (0x013b8ab3) x21 0x9375500f
core   0: 0x80003ae0 (0x19a90293) addi    t0, s2, 410
core   0: 3 0x80003ae0 (0x19a90293) x5  0x0000019a
core   0: 0x80003ae4 (0xc72ab693) sltiu   a3, s5, -910
core   0: 3 0x80003ae4 (0xc72ab693) x13 0x00000001
core   0: 0x80003ae8 (0x00c96c33) or      s8, s2, a2
core   0: 3 0x80003ae8 (0x00c96c33) x24 0x00000000
core   0: 0x80003aec (0xb3122a93) slti    s5, tp, -1231
core   0: 3 0x80003aec (0xb3122a93) x21 0x00000000
core   0: 0x80003af0 (0x001a6cb3) or      s9, s4, ra
core   0: 3 0x80003af0 (0x001a6cb3) x25 0xffffffff
core   0: 0x80003af4 (0x00dd1b93) slli    s7, s10, 13
core   0: 3 0x80003af4 (0x00dd1b93) x23 0xe3548000
core   0: 0x80003af8 (0x413f81b3) sub     gp, t6, s3
core   0: 3 0x80003af8 (0x413f81b3) x3  0xffffff6f
core   0: 0x80003afc (0xb8fa8713) addi    a4, s5, -1137
core   0: 3 0x80003afc (0xb8fa8713) x14 0xfffffb8f
core   0: 0x80003b00 (0xb266e293) ori     t0, a3, -1242
core   0: 3 0x80003b00 (0xb266e293) x5  0xfffffb27
core   0: 0x80003b04 (0x0063e1b3) or      gp, t2, t1
core   0: 3 0x80003b04 (0x0063e1b3) x3  0x807ffffe
core   0: 0x80003b08 (0xdc318593) addi    a1, gp, -573
core   0: 3 0x80003b08 (0xdc318593) x11 0x807ffdc1
core   0: 0x80003b0c (0x01589a93) slli    s5, a7, 21
core   0: 3 0x80003b0c (0x01589a93) x21 0x00000000
core   0: 0x80003b10 (0x00ce41b3) xor     gp, t3, a2
core   0: 3 0x80003b10 (0x00ce41b3) x3  0x8000016d
core   0: 0x80003b14 (0x00dcbeb3) sltu    t4, s9, a3
core   0: 3 0x80003b14 (0x00dcbeb3) x29 0x00000000
core   0: 0x80003b18 (0xa1122c13) slti    s8, tp, -1519
core   0: 3 0x80003b18 (0xa1122c13) x24 0x00000000
core   0: 0x80003b1c (0x3486f313) andi    t1, a3, 840
core   0: 3 0x80003b1c (0x3486f313) x6  0x00000000
core   0: 0x80003b20 (0x00394e33) xor     t3, s2, gp
core   0: 3 0x80003b20 (0x00394e33) x28 0x8000016d
core   0: 0x80003b24 (0x40afd5b3) sra     a1, t6, a0
core   0: 3 0x80003b24 (0x40afd5b3) x11 0xfffffff7
core   0: 0x80003b28 (0xeb24aa93) slti    s5, s1, -334
core   0: 3 0x80003b28 (0xeb24aa93) x21 0x00000000
core   0: 0x80003b2c (0xaeb0dc17) auipc   s8, 0xaeb0d
core   0: 3 0x80003b2c (0xaeb0dc17) x24 0x2eb10b2c
core   0: 0x80003b30 (0x00bac933) xor     s2, s5, a1
core   0: 3 0x80003b30 (0x00bac933) x18 0xfffffff7
core   0: 0x80003b34 (0x0194d033) srl     zero, s1, s9
core   0: 3 0x80003b34 (0x0194d033)
core   0: 0x80003b38 (0xdafa3797) auipc   a5, 0xdafa3
core   0: 3 0x80003b38 (0xdafa3797) x15 0x5afa6b38
core   0: 0x80003b3c (0x41540233) sub     tp, s0, s5
core   0: 3 0x80003b3c (0x41540233) x4  0xffffff7d
core   0: 0x80003b40 (0xe49f0293) addi    t0, t5, -439
core   0: 3 0x80003b40 (0xe49f0293) x5  0x80018b2d
core   0: 0x80003b44 (0x01ffbcb3) sltu    s9, t6, t6
core   0: 3 0x80003b44 (0x01ffbcb3) x25 0x00000000
core   0: 0x80003b48 (0x003cd933) srl     s2, s9, gp
core   0: 3 0x80003b48 (0x003cd933) x18 0x00000000
core   0: 0x80003b4c (0x9e2b8617) auipc   a2, 0x9e2b8
core   0: 3 0x80003b4c (0x9e2b8617) x12 0x1e2bbb4c
core   0: 0x80003b50 (0x0153d3b3) srl     t2, t2, s5
core   0: 3 0x80003b50 (0x0153d3b3) x7  0x80000000
core   0: 0x80003b54 (0x01871c33) sll     s8, a4, s8
core   0: 3 0x80003b54 (0x01871c33) x24 0xffb8f000
core   0: 0x80003b58 (0xf07bcb93) xori    s7, s7, -249
core   0: 3 0x80003b58 (0xf07bcb93) x23 0x1cab7f07
core   0: 0x80003b5c (0xdfd68913) addi    s2, a3, -515
core   0: 3 0x80003b5c (0xdfd68913) x18 0xfffffdfe
core   0: 0x80003b60 (0x00b4f233) and     tp, s1, a1
core   0: 3 0x80003b60 (0x00b4f233) x4  0x00000001
core   0: 0x80003b64 (0x80e32013) slti    zero, t1, -2034
core   0: 3 0x80003b64 (0x80e32013)
core   0: 0x80003b68 (0x01f9d3b3) srl     t2, s3, t6
core   0: 3 0x80003b68 (0x01f9d3b3) x7  0x00000000
core   0: 0x80003b6c (0x41008d33) sub     s10, ra, a6
core   0: 3 0x80003b6c (0x41008d33) x26 0xfffffff2
core   0: 0x80003b70 (0x74ede113) ori     sp, s11, 1870
core   0: 3 0x80003b70 (0x74ede113) x2  0x0000074e
core   0: 0x80003b74 (0x4f818213) addi    tp, gp, 1272
core   0: 3 0x80003b74 (0x4f818213) x4  0x80000665
core   0: 0x80003b78 (0x00528633) add     a2, t0, t0
core   0: 3 0x80003b78 (0x00528633) x12 0x0003165a
core   0: 0x80003b7c (0x41e0d0b3) sra     ra, ra, t5
core   0: 3 0x80003b7c (0x41e0d0b3) x1  0x00000000
core   0: 0x80003b80 (0x00925cb3) srl     s9, tp, s1
core   0: 3 0x80003b80 (0x00925cb3) x25 0x40000332
core   0: 0x80003b84 (0x002a3ab3) sltu    s5, s4, sp
core   0: 3 0x80003b84 (0x002a3ab3) x21 0x00000000
core   0: 0x80003b88 (0x65483813) sltiu   a6, a6, 1620
core   0: 3 0x80003b88 (0x65483813) x16 0x00000001
core   0: 0x80003b8c (0x01a72e33) slt     t3, a4, s10
core   0: 3 0x80003b8c (0x01a72e33) x28 0x00000001
core   0: 0x80003b90 (0x01868c33) add     s8, a3, s8
core   0: 3 0x80003b90 (0x01868c33) x24 0xffb8f001
core   0: 0x80003b94 (0x01ff84b3) add     s1, t6, t6
core   0: 3 0x80003b94 (0x01ff84b3) x9  0xfffffefc
core   0: 0x80003b98 (0x001e1193) slli    gp, t3, 1
core   0: 3 0x80003b98 (0x001e1193) x3  0x00000002
core   0: 0x80003b9c (0x00000013) nop
core   0: 3 0x80003b9c (0x00000013)
core   0: 0x80003ba0 (0x0077e7b3) or      a5, a5, t2
core   0: 3 0x80003ba0 (0x0077e7b3) x15 0x5afa6b38
core   0: 0x80003ba4 (0x00000013) nop
core   0: 3 0x80003ba4 (0x00000013)
core   0: 0x80003ba8 (0x41405733) sra     a4, zero, s4
core   0: 3 0x80003ba8 (0x41405733) x14 0x00000000
core   0: 0x80003bac (0x00000013) nop
core   0: 3 0x80003bac (0x00000013)
core   0: 0x80003bb0 (0xf6402713) slti    a4, zero, -156
core   0: 3 0x80003bb0 (0xf6402713) x14 0x00000000
core   0: 0x80003bb4 (0x003c96b3) sll     a3, s9, gp
core   0: 3 0x80003bb4 (0x003c96b3) x13 0x00000cc8
core   0: 0x80003bb8 (0x01d57433) and     s0, a0, t4
core   0: 3 0x80003bb8 (0x01d57433) x8  0x00000000
core   0: 0x80003bbc (0x01883cb3) sltu    s9, a6, s8
core   0: 3 0x80003bbc (0x01883cb3) x25 0x00000001
core   0: 0x80003bc0 (0x01ba5133) srl     sp, s4, s11
core   0: 3 0x80003bc0 (0x01ba5133) x2  0xffffffff
core   0: 0x80003bc4 (0x00da8933) add     s2, s5, a3
core   0: 3 0x80003bc4 (0x00da8933) x18 0x00000cc8
core   0: 0x80003bc8 (0x001d1f93) slli    t6, s10, 1
core   0: 3 0x80003bc8 (0x001d1f93) x31 0xffffffe4
core   0: 0x80003bcc (0x01df9c33) sll     s8, t6, t4
core   0: 3 0x80003bcc (0x01df9c33) x24 0xffffffe4
core   0: 0x80003bd0 (0xbeb9c013) xori    zero, s3, -1045
core   0: 3 0x80003bd0 (0xbeb9c013)
core   0: 0x80003bd4 (0x00000013) nop
core   0: 3 0x80003bd4 (0x00000013)
core   0: 0x80003bd8 (0x007e2a33) slt     s4, t3, t2
core   0: 3 0x80003bd8 (0x007e2a33) x20 0x00000000
core   0: 0x80003bdc (0xf4c16c97) auipc   s9, 0xf4c16
core   0: 3 0x80003bdc (0xf4c16c97) x25 0x74c19bdc
core   0: 0x80003be0 (0xab5f8913) addi    s2, t6, -1355
core   0: 3 0x80003be0 (0xab5f8913) x18 0xfffffa99
core   0: 0x80003be4 (0x00e4c033) xor     zero, s1, a4
core   0: 3 0x80003be4 (0x00e4c033)
core   0: 0x80003be8 (0x01325833) srl     a6, tp, s3
core   0: 3 0x80003be8 (0x01325833) x16 0x00010000
core   0: 0x80003bec (0x1bc78b13) addi    s6, a5, 444
core   0: 3 0x80003bec (0x1bc78b13) x22 0x5afa6cf4
core   0: 0x80003bf0 (0x00e49593) slli    a1, s1, 14
core   0: 3 0x80003bf0 (0x00e49593) x11 0xffbf0000
core   0: 0x80003bf4 (0x007c16b3) sll     a3, s8, t2
core   0: 3 0x80003bf4 (0x007c16b3) x13 0xffffffe4
core   0: 0x80003bf8 (0x00177233) and     tp, a4, ra
core   0: 3 0x80003bf8 (0x00177233) x4  0x00000000
core   0: 0x80003bfc (0x40f45033) sra     zero, s0, a5
core   0: 3 0x80003bfc (0x40f45033)
core   0: 0x80003c00 (0xd8292337) lui     t1, 0xd8292
core   0: 3 0x80003c00 (0xd8292337) x6  0xd8292000
core   0: 0x80003c04 (0x01d81e33) sll     t3, a6, t4
core   0: 3 0x80003c04 (0x01d81e33) x28 0x00010000
core   0: 0x80003c08 (0x00a741b3) xor     gp, a4, a0
core   0: 3 0x80003c08 (0x00a741b3) x3  0x80014e64
core   0: 0x80003c0c (0x41b00d33) sub     s10, zero, s11
core   0: 3 0x80003c0c (0x41b00d33) x26 0x00000000
core   0: 0x80003c10 (0x016f52b3) srl     t0, t5, s6
core   0: 3 0x80003c10 (0x016f52b3) x5  0x00000800
core   0: 0x80003c14 (0x40d05333) sra     t1, zero, a3
core   0: 3 0x80003c14 (0x40d05333) x6  0x00000000
core   0: 0x80003c18 (0x972cb713) sltiu   a4, s9, -1678
core   0: 3 0x80003c18 (0x972cb713) x14 0x00000001
core   0: 0x80003c1c (0x23652b13) slti    s6, a0, 566
core   0: 3 0x80003c1c (0x23652b13) x22 0x00000001
core   0: 0x80003c20 (0x00b35293) srli    t0, t1, 11
core   0: 3 0x80003c20 (0x00b35293) x5  0x00000000
core   0: 0x80003c24 (0x40ff5133) sra     sp, t5, a5
core   0: 3 0x80003c24 (0x40ff5133) x2  0xffffff80
core   0: 0x80003c28 (0xd8fc6593) ori     a1, s8, -625
core   0: 3 0x80003c28 (0xd8fc6593) x11 0xffffffef
core   0: 0x80003c2c (0x00000013) nop
core   0: 3 0x80003c2c (0x00000013)
core   0: 0x80003c30 (0x41285093) srai    ra, a6, 18
core   0: 3 0x80003c30 (0x41285093) x1  0x00000000
core   0: 0x80003c34 (0xae888bb7) lui     s7, 0xae888
core   0: 3 0x80003c34 (0xae888bb7) x23 0xae888000
core   0: 0x80003c38 (0x00374333) xor     t1, a4, gp
core   0: 3 0x80003c38 (0x00374333) x6  0x80014e65
core   0: 0x80003c3c (0x4084d3b3) sra     t2, s1, s0
core   0: 3 0x80003c3c (0x4084d3b3) x7  0xfffffefc
core   0: 0x80003c40 (0x0053db93) srli    s7, t2, 5
core   0: 3 0x80003c40 (0x0053db93) x23 0x07fffff7
core   0: 0x80003c44 (0x00cb1a93) slli    s5, s6, 12
core   0: 3 0x80003c44 (0x00cb1a93) x21 0x00001000
core   0: 0x80003c48 (0x40a25a93) srai    s5, tp, 10
core   0: 3 0x80003c48 (0x40a25a93) x21 0x00000000
core   0: 0x80003c4c (0x003ac833) xor     a6, s5, gp
core   0: 3 0x80003c4c (0x003ac833) x16 0x80014e64
core   0: 0x80003c50 (0x41185233) sra     tp, a6, a7
core   0: 3 0x80003c50 (0x41185233) x4  0x80014e64
core   0: 0x80003c54 (0x01eb1a93) slli    s5, s6, 30
core   0: 3 0x80003c54 (0x01eb1a93) x21 0x40000000
core   0: 0x80003c58 (0xe75243b7) lui     t2, 0xe7524
core   0: 3 0x80003c58 (0xe75243b7) x7  0xe7524000
core   0: 0x80003c5c (0x01aa4eb3) xor     t4, s4, s10
core   0: 3 0x80003c5c (0x01aa4eb3) x29 0x00000000
core   0: 0x80003c60 (0x01281b33) sll     s6, a6, s2
core   0: 3 0x80003c60 (0x01281b33) x22 0xc8000000
core   0: 0x80003c64 (0x40c9d913) srai    s2, s3, 12
core   0: 3 0x80003c64 (0x40c9d913) x18 0x00000000
core   0: 0x80003c68 (0x00473933) sltu    s2, a4, tp
core   0: 3 0x80003c68 (0x00473933) x18 0x00000001
core   0: 0x80003c6c (0x89a6b937) lui     s2, 0x89a6b
core   0: 3 0x80003c6c (0x89a6b937) x18 0x89a6b000
core   0: 0x80003c70 (0x41e30d33) sub     s10, t1, t5
core   0: 3 0x80003c70 (0x41e30d33) x26 0xffffc181
core   0: 0x80003c74 (0xfee2cd13) xori    s10, t0, -18
core   0: 3 0x80003c74 (0xfee2cd13) x26 0xffffffee
core   0: 0x80003c78 (0x00fde6b3) or      a3, s11, a5
core   0: 3 0x80003c78 (0x00fde6b3) x13 0x5afa6b38
core   0: 0x80003c7c (0x41c8d2b3) sra     t0, a7, t3
core   0: 3 0x80003c7c (0x41c8d2b3) x5  0x00000000
core   0: 0x80003c80 (0x20f70813) addi    a6, a4, 527
core   0: 3 0x80003c80 (0x20f70813) x16 0x00000210
core   0: 0x80003c84 (0x011571b3) and     gp, a0, a7
core   0: 3 0x80003c84 (0x011571b3) x3  0x00000000
core   0: 0x80003c88 (0x40938ab3) sub     s5, t2, s1
core   0: 3 0x80003c88 (0x40938ab3) x21 0xe7524104
core   0: 0x80003c8c (0x3d89ccb7) lui     s9, 0x3d89c
core   0: 3 0x80003c8c (0x3d89ccb7) x25 0x3d89c000
core   0: 0x80003c90 (0x41818ab3) sub     s5, gp, s8
core   0: 3 0x80003c90 (0x41818ab3) x21 0x0000001c
core   0: 0x80003c94 (0x00c68c33) add     s8, a3, a2
core   0: 3 0x80003c94 (0x00c68c33) x24 0x5afd8192
core   0: 0x80003c98 (0x001f9213) slli    tp, t6, 1
core   0: 3 0x80003c98 (0x001f9213) x4  0xffffffc8
core   0: 0x80003c9c (0x98d26e13) ori     t3, tp, -1651
core   0: 3 0x80003c9c (0x98d26e13) x28 0xffffffcd
core   0: 0x80003ca0 (0x014cd433) srl     s0, s9, s4
core   0: 3 0x80003ca0 (0x014cd433) x8  0x3d89c000
core   0: 0x80003ca4 (0x00000013) nop
core   0: 3 0x80003ca4 (0x00000013)
core   0: 0x80003ca8 (0x00b2cd33) xor     s10, t0, a1
core   0: 3 0x80003ca8 (0x00b2cd33) x26 0xffffffef
core   0: 0x80003cac (0x417c0633) sub     a2, s8, s7
core   0: 3 0x80003cac (0x417c0633) x12 0x52fd819b
core   0: 0x80003cb0 (0x00ca1213) slli    tp, s4, 12
core   0: 3 0x80003cb0 (0x00ca1213) x4  0x00000000
core   0: 0x80003cb4 (0xb6053813) sltiu   a6, a0, -1184
core   0: 3 0x80003cb4 (0xb6053813) x16 0x00000001
core   0: 0x80003cb8 (0x00bcbc33) sltu    s8, s9, a1
core   0: 3 0x80003cb8 (0x00bcbc33) x24 0x00000001
core   0: 0x80003cbc (0x01101b33) sll     s6, zero, a7
core   0: 3 0x80003cbc (0x01101b33) x22 0x00000000
core   0: 0x80003cc0 (0x227a7493) andi    s1, s4, 551
core   0: 3 0x80003cc0 (0x227a7493) x9  0x00000000
core   0: 0x80003cc4 (0x019591b3) sll     gp, a1, s9
core   0: 3 0x80003cc4 (0x019591b3) x3  0xffffffef
core   0: 0x80003cc8 (0x00e26bb3) or      s7, tp, a4
core   0: 3 0x80003cc8 (0x00e26bb3) x23 0x00000001
core   0: 0x80003ccc (0x010a0233) add     tp, s4, a6
core   0: 3 0x80003ccc (0x010a0233) x4  0x00000001
core   0: 0x80003cd0 (0x001ad313) srli    t1, s5, 1
core   0: 3 0x80003cd0 (0x001ad313) x6  0x0000000e
core   0: 0x80003cd4 (0x748f3293) sltiu   t0, t5, 1864
core   0: 3 0x80003cd4 (0x748f3293) x5  0x00000000
core   0: 0x80003cd8 (0x01aa3333) sltu    t1, s4, s10
core   0: 3 0x80003cd8 (0x01aa3333) x6  0x00000001
core   0: 0x80003cdc (0x0139a733) slt     a4, s3, s3
core   0: 3 0x80003cdc (0x0139a733) x14 0x00000000
core   0: 0x80003ce0 (0xdbac7c37) lui     s8, 0xdbac7
core   0: 3 0x80003ce0 (0xdbac7c37) x24 0xdbac7000
core   0: 0x80003ce4 (0x33d36b17) auipc   s6, 0x33d36
core   0: 3 0x80003ce4 (0x33d36b17) x22 0xb3d39ce4
core   0: 0x80003ce8 (0x00321833) sll     a6, tp, gp
core   0: 3 0x80003ce8 (0x00321833) x16 0x00008000
core   0: 0x80003cec (0xf8d0c497) auipc   s1, 0xf8d0c
core   0: 3 0x80003cec (0xf8d0c497) x9  0x78d0fcec
core   0: 0x80003cf0 (0x00ce9b33) sll     s6, t4, a2
core   0: 3 0x80003cf0 (0x00ce9b33) x22 0x00000000
core   0: 0x80003cf4 (0x323da093) slti    ra, s11, 803
core   0: 3 0x80003cf4 (0x323da093) x1  0x00000001
core   0: 0x80003cf8 (0x019dd793) srli    a5, s11, 25
core   0: 3 0x80003cf8 (0x019dd793) x15 0x00000000
core   0: 0x80003cfc (0x010c9cb3) sll     s9, s9, a6
core   0: 3 0x80003cfc (0x010c9cb3) x25 0x3d89c000
core   0: 0x80003d00 (0x00468b33) add     s6, a3, tp
core   0: 3 0x80003d00 (0x00468b33) x22 0x5afa6b39
core   0: 0x80003d04 (0x27eaed93) ori     s11, s5, 638
core   0: 3 0x80003d04 (0x27eaed93) x27 0x0000027e
core   0: 0x80003d08 (0x573aae93) slti    t4, s5, 1395
core   0: 3 0x80003d08 (0x573aae93) x29 0x00000001
core   0: 0x80003d0c (0x0128d3b3) srl     t2, a7, s2
core   0: 3 0x80003d0c (0x0128d3b3) x7  0x00000000
core   0: 0x80003d10 (0x00000013) nop
core   0: 3 0x80003d10 (0x00000013)
core   0: 0x80003d14 (0xa72a4097) auipc   ra, 0xa72a4
core   0: 3 0x80003d14 (0xa72a4097) x1  0x272a7d14
core   0: 0x80003d18 (0x402381b3) sub     gp, t2, sp
core   0: 3 0x80003d18 (0x402381b3) x3  0x00000080
core   0: 0x80003d1c (0x009a0333) add     t1, s4, s1
core   0: 3 0x80003d1c (0x009a0333) x6  0x78d0fcec
core   0: 0x80003d20 (0x3d9d4d93) xori    s11, s10, 985
core   0: 3 0x80003d20 (0x3d9d4d93) x27 0xfffffc36
core   0: 0x80003d24 (0x018f1693) slli    a3, t5, 24
core   0: 3 0x80003d24 (0x018f1693) x13 0xe4000000
core   0: 0x80003d28 (0x01d8b0b3) sltu    ra, a7, t4
core   0: 3 0x80003d28 (0x01d8b0b3) x1  0x00000001
core   0: 0x80003d2c (0x3ac77893) andi    a7, a4, 940
core   0: 3 0x80003d2c (0x3ac77893) x17 0x00000000
core   0: 0x80003d30 (0xa7f76c13) ori     s8, a4, -1409
core   0: 3 0x80003d30 (0xa7f76c13) x24 0xfffffa7f
core   0: 0x80003d34 (0x0113f5b3) and     a1, t2, a7
core   0: 3 0x80003d34 (0x0113f5b3) x11 0x00000000
core   0: 0x80003d38 (0x01ce6233) or      tp, t3, t3
core   0: 3 0x80003d38 (0x01ce6233) x4  0xffffffcd
core   0: 0x80003d3c (0x2a438e13) addi    t3, t2, 676
core   0: 3 0x80003d3c (0x2a438e13) x28 0x000002a4
core   0: 0x80003d40 (0x151fa693) slti    a3, t6, 337
core   0: 3 0x80003d40 (0x151fa693) x13 0x00000001
core   0: 0x80003d44 (0x01d6edb3) or      s11, a3, t4
core   0: 3 0x80003d44 (0x01d6edb3) x27 0x00000001
core   0: 0x80003d48 (0xd02cf493) andi    s1, s9, -766
core   0: 3 0x80003d48 (0xd02cf493) x9  0x3d89c000
core   0: 0x80003d4c (0x00b13933) sltu    s2, sp, a1
core   0: 3 0x80003d4c (0x00b13933) x18 0x00000000
core   0: 0x80003d50 (0x005ba7b3) slt     a5, s7, t0
core   0: 3 0x80003d50 (0x005ba7b3) x15 0x00000000
core   0: 0x80003d54 (0x418f5333) sra     t1, t5, s8
core   0: 3 0x80003d54 (0x418f5333) x6  0xffffffff
core   0: 0x80003d58 (0x011e8733) add     a4, t4, a7
core   0: 3 0x80003d58 (0x011e8733) x14 0x00000001
core   0: 0x80003d5c (0x00765fb3) srl     t6, a2, t2
core   0: 3 0x80003d5c (0x00765fb3) x31 0x52fd819b
core   0: 0x80003d60 (0x0133d933) srl     s2, t2, s3
core   0: 3 0x80003d60 (0x0133d933) x18 0x00000000
core   0: 0x80003d64 (0x009d5b93) srli    s7, s10, 9
core   0: 3 0x80003d64 (0x009d5b93) x23 0x007fffff
core   0: 0x80003d68 (0x01879c93) slli    s9, a5, 24
core   0: 3 0x80003d68 (0x01879c93) x25 0x00000000
core   0: 0x80003d6c (0x401fd913) srai    s2, t6, 1
core   0: 3 0x80003d6c (0x401fd913) x18 0x297ec0cd
core   0: 0x80003d70 (0x00b15613) srli    a2, sp, 11
core   0: 3 0x80003d70 (0x00b15613) x12 0x001fffff
core   0: 0x80003d74 (0x00f42333) slt     t1, s0, a5
core   0: 3 0x80003d74 (0x00f42333) x6  0x00000000
core   0: 0x80003d78 (0xcd209817) auipc   a6, 0xcd209
core   0: 3 0x80003d78 (0xcd209817) x16 0x4d20cd78
core   0: 0x80003d7c (0x0044d233) srl     tp, s1, tp
core   0: 3 0x80003d7c (0x0044d233) x4  0x0001ec4e
core   0: 0x80003d80 (0x00c6d133) srl     sp, a3, a2
core   0: 3 0x80003d80 (0x00c6d133) x2  0x00000000
core   0: 0x80003d84 (0x673d7a93) andi    s5, s10, 1651
core   0: 3 0x80003d84 (0x673d7a93) x21 0x00000663
core   0: 0x80003d88 (0x0111da13) srli    s4, gp, 17
core   0: 3 0x80003d88 (0x0111da13) x20 0x00000000
core   0: 0x80003d8c (0x00d9d133) srl     sp, s3, a3
core   0: 3 0x80003d8c (0x00d9d133) x2  0x00000007
core   0: 0x80003d90 (0x00dc50b3) srl     ra, s8, a3
core   0: 3 0x80003d90 (0x00dc50b3) x1  0x7ffffd3f
core   0: 0x80003d94 (0x41af87b3) sub     a5, t6, s10
core   0: 3 0x80003d94 (0x41af87b3) x15 0x52fd81ac
core   0: 0x80003d98 (0x0615cc13) xori    s8, a1, 97
core   0: 3 0x80003d98 (0x0615cc13) x24 0x00000061
core   0: 0x80003d9c (0x90cf4313) xori    t1, t5, -1780
core   0: 3 0x80003d9c (0x90cf4313) x6  0x7ffe75e8
core   0: 0x80003da0 (0x016fe633) or      a2, t6, s6
core   0: 3 0x80003da0 (0x016fe633) x12 0x5affebbb
core   0: 0x80003da4 (0x01521db3) sll     s11, tp, s5
core   0: 3 0x80003da4 (0x01521db3) x27 0x000f6270
core   0: 0x80003da8 (0x00af3033) sltu    zero, t5, a0
core   0: 3 0x80003da8 (0x00af3033)
core   0: 0x80003dac (0x001f5c33) srl     s8, t5, ra
core   0: 3 0x80003dac (0x001f5c33) x24 0x00000001
core   0: 0x80003db0 (0x55a46c93) ori     s9, s0, 1370
core   0: 3 0x80003db0 (0x55a46c93) x25 0x3d89c55a
core   0: 0x80003db4 (0x00ffb933) sltu    s2, t6, a5
core   0: 3 0x80003db4 (0x00ffb933) x18 0x00000001
core   0: 0x80003db8 (0x004d0833) add     a6, s10, tp
core   0: 3 0x80003db8 (0x004d0833) x16 0x0001ec3d
core   0: 0x80003dbc (0x00a0e3b3) or      t2, ra, a0
core   0: 3 0x80003dbc (0x00a0e3b3) x7  0xffffff7f
core   0: 0x80003dc0 (0x00b89793) slli    a5, a7, 11
core   0: 3 0x80003dc0 (0x00b89793) x15 0x00000000
core   0: 0x80003dc4 (0x41e75a33) sra     s4, a4, t5
core   0: 3 0x80003dc4 (0x41e75a33) x20 0x00000000
core   0: 0x80003dc8 (0x621bc793) xori    a5, s7, 1569
core   0: 3 0x80003dc8 (0x621bc793) x15 0x007ff9de
core   0: 0x80003dcc (0x00000013) nop
core   0: 3 0x80003dcc (0x00000013)
core   0: 0x80003dd0 (0x1d1d7493) andi    s1, s10, 465
core   0: 3 0x80003dd0 (0x1d1d7493) x9  0x000001c1
core   0: 0x80003dd4 (0x00000013) nop
core   0: 3 0x80003dd4 (0x00000013)
core   0: 0x80003dd8 (0xfeb64793) xori    a5, a2, -21
core   0: 3 0x80003dd8 (0xfeb64793) x15 0xa5001450
core   0: 0x80003ddc (0x912b8813) addi    a6, s7, -1774
core   0: 3 0x80003ddc (0x912b8813) x16 0x007ff911
core   0: 0x80003de0 (0x0149db93) srli    s7, s3, 20
core   0: 3 0x80003de0 (0x0149db93) x23 0x00000000
core   0: 0x80003de4 (0x007bb1b3) sltu    gp, s7, t2
core   0: 3 0x80003de4 (0x007bb1b3) x3  0x00000001
core   0: 0x80003de8 (0x010618b3) sll     a7, a2, a6
core   0: 3 0x80003de8 (0x010618b3) x17 0xd7760000
core   0: 0x80003dec (0x0166b3b3) sltu    t2, a3, s6
core   0: 3 0x80003dec (0x0166b3b3) x7  0x00000001
core   0: 0x80003df0 (0x01693eb3) sltu    t4, s2, s6
core   0: 3 0x80003df0 (0x01693eb3) x29 0x00000001
core   0: 0x80003df4 (0x01a61bb3) sll     s7, a2, s10
core   0: 3 0x80003df4 (0x01a61bb3) x23 0xf5dd8000
core   0: 0x80003df8 (0x7b306d13) ori     s10, zero, 1971
core   0: 3 0x80003df8 (0x7b306d13) x26 0x000007b3
core   0: 0x80003dfc (0x91797113) andi    sp, s2, -1769
core   0: 3 0x80003dfc (0x91797113) x2  0x00000001
core   0: 0x80003e00 (0x018f4fb3) xor     t6, t5, s8
core   0: 3 0x80003e00 (0x018f4fb3) x31 0x80018ce5
core   0: 0x80003e04 (0x0135ebb3) or      s7, a1, s3
core   0: 3 0x80003e04 (0x0135ebb3) x23 0x0000000f
core   0: 0x80003e08 (0x6a222b13) slti    s6, tp, 1698
core   0: 3 0x80003e08 (0x6a222b13) x22 0x00000000
core   0: 0x80003e0c (0xf229ef93) ori     t6, s3, -222
core   0: 3 0x80003e0c (0xf229ef93) x31 0xffffff2f
core   0: 0x80003e10 (0x00a140b3) xor     ra, sp, a0
core   0: 3 0x80003e10 (0x00a140b3) x1  0x80014e65
core   0: 0x80003e14 (0x00401a33) sll     s4, zero, tp
core   0: 3 0x80003e14 (0x00401a33) x20 0x00000000
core   0: 0x80003e18 (0x01b4b2b3) sltu    t0, s1, s11
core   0: 3 0x80003e18 (0x01b4b2b3) x5  0x00000001
core   0: 0x80003e1c (0x54206a17) auipc   s4, 0x54206
core   0: 3 0x80003e1c (0x54206a17) x20 0xd4209e1c
core   0: 0x80003e20 (0x00000013) nop
core   0: 3 0x80003e20 (0x00000013)
core   0: 0x80003e24 (0x982c2913) slti    s2, s8, -1662
core   0: 3 0x80003e24 (0x982c2913) x18 0x00000000
core   0: 0x80003e28 (0x008ea7b3) slt     a5, t4, s0
core   0: 3 0x80003e28 (0x008ea7b3) x15 0x00000001
core   0: 0x80003e2c (0x01f1db13) srli    s6, gp, 31
core   0: 3 0x80003e2c (0x01f1db13) x22 0x00000000
core   0: 0x80003e30 (0x017de6b3) or      a3, s11, s7
core   0: 3 0x80003e30 (0x017de6b3) x13 0x000f627f
core   0: 0x80003e34 (0x005e1633) sll     a2, t3, t0
core   0: 3 0x80003e34 (0x005e1633) x12 0x00000548
core   0: 0x80003e38 (0x00000013) nop
core   0: 3 0x80003e38 (0x00000013)
core   0: 0x80003e3c (0x41d80e33) sub     t3, a6, t4
core   0: 3 0x80003e3c (0x41d80e33) x28 0x007ff910
core   0: 0x80003e40 (0x01311113) slli    sp, sp, 19
core   0: 3 0x80003e40 (0x01311113) x2  0x00080000
core   0: 0x80003e44 (0x41b38bb3) sub     s7, t2, s11
core   0: 3 0x80003e44 (0x41b38bb3) x23 0xfff09d91
core   0: 0x80003e48 (0x0054ccb3) xor     s9, s1, t0
core   0: 3 0x80003e48 (0x0054ccb3) x25 0x000001c0
core   0: 0x80003e4c (0x0083b5b3) sltu    a1, t2, s0
core   0: 3 0x80003e4c (0x0083b5b3) x11 0x00000001
core   0: 0x80003e50 (0x00000013) nop
core   0: 3 0x80003e50 (0x00000013)
core   0: 0x80003e54 (0xd5f1a013) slti    zero, gp, -673
core   0: 3 0x80003e54 (0xd5f1a013)
core   0: 0x80003e58 (0xbda04017) auipc   zero, 0xbda04
core   0: 3 0x80003e58 (0xbda04017)
core   0: 0x80003e5c (0x03378193) addi    gp, a5, 51
core   0: 3 0x80003e5c (0x03378193) x3  0x00000034
core   0: 0x80003e60 (0x0043d013) srli    zero, t2, 4
core   0: 3 0x80003e60 (0x0043d013)
core   0: 0x80003e64 (0x00438eb3) add     t4, t2, tp
core   0: 3 0x80003e64 (0x00438eb3) x29 0x0001ec4f
core   0: 0x80003e68 (0x71689db7) lui     s11, 0x71689
core   0: 3 0x80003e68 (0x71689db7) x27 0x71689000
core   0: 0x80003e6c (0x41a00cb3) sub     s9, zero, s10
core   0: 3 0x80003e6c (0x41a00cb3) x25 0xfffff84d
core   0: 0x80003e70 (0x8247c237) lui     tp, 0x8247c
core   0: 3 0x80003e70 (0x8247c237) x4  0x8247c000
core   0: 0x80003e74 (0x000bbe33) sltu    t3, s7, zero
core   0: 3 0x80003e74 (0x000bbe33) x28 0x00000000
core   0: 0x80003e78 (0x41ba5cb3) sra     s9, s4, s11
core   0: 3 0x80003e78 (0x41ba5cb3) x25 0xd4209e1c
core   0: 0x80003e7c (0x01cd5eb3) srl     t4, s10, t3
core   0: 3 0x80003e7c (0x01cd5eb3) x29 0x000007b3
core   0: 0x80003e80 (0x011d8733) add     a4, s11, a7
core   0: 3 0x80003e80 (0x011d8733) x14 0x48de9000
core   0: 0x80003e84 (0x5d573a13) sltiu   s4, a4, 1493
core   0: 3 0x80003e84 (0x5d573a13) x20 0x00000000
core   0: 0x80003e88 (0x001c4433) xor     s0, s8, ra
core   0: 3 0x80003e88 (0x001c4433) x8  0x80014e64
core   0: 0x80003e8c (0x18243113) sltiu   sp, s0, 386
core   0: 3 0x80003e8c (0x18243113) x2  0x00000000
core   0: 0x80003e90 (0x39eb7237) lui     tp, 0x39eb7
core   0: 3 0x80003e90 (0x39eb7237) x4  0x39eb7000
core   0: 0x80003e94 (0x003874b3) and     s1, a6, gp
core   0: 3 0x80003e94 (0x003874b3) x9  0x00000010
core   0: 0x80003e98 (0x014da4b3) slt     s1, s11, s4
core   0: 3 0x80003e98 (0x014da4b3) x9  0x00000000
core   0: 0x80003e9c (0x00142e33) slt     t3, s0, ra
core   0: 3 0x80003e9c (0x00142e33) x28 0x00000001
core   0: 0x80003ea0 (0x018ba833) slt     a6, s7, s8
core   0: 3 0x80003ea0 (0x018ba833) x16 0x00000001
core   0: 0x80003ea4 (0x00935113) srli    sp, t1, 9
core   0: 3 0x80003ea4 (0x00935113) x2  0x003fff3a
core   0: 0x80003ea8 (0x402a4313) xori    t1, s4, 1026
core   0: 3 0x80003ea8 (0x402a4313) x6  0x00000402
core   0: 0x80003eac (0x003dc833) xor     a6, s11, gp
core   0: 3 0x80003eac (0x003dc833) x16 0x71689034
core   0: 0x80003eb0 (0x4195d013) srai    zero, a1, 25
core   0: 3 0x80003eb0 (0x4195d013)
core   0: 0x80003eb4 (0x00295293) srli    t0, s2, 2
core   0: 3 0x80003eb4 (0x00295293) x5  0x00000000
core   0: 0x80003eb8 (0x019724b3) slt     s1, a4, s9
core   0: 3 0x80003eb8 (0x019724b3) x9  0x00000000
core   0: 0x80003ebc (0x011855b3) srl     a1, a6, a7
core   0: 3 0x80003ebc (0x011855b3) x11 0x71689034
core   0: 0x80003ec0 (0x00000013) nop
core   0: 3 0x80003ec0 (0x00000013)
core   0: 0x80003ec4 (0x14ff8ab7) lui     s5, 0x14ff8
core   0: 3 0x80003ec4 (0x14ff8ab7) x21 0x14ff8000
core   0: 0x80003ec8 (0x00bdb133) sltu    sp, s11, a1
core   0: 3 0x80003ec8 (0x00bdb133) x2  0x00000001
core   0: 0x80003ecc (0xecd27a13) andi    s4, tp, -307
core   0: 3 0x80003ecc (0xecd27a13) x20 0x39eb7000
core   0: 0x80003ed0 (0x85948193) addi    gp, s1, -1959
core   0: 3 0x80003ed0 (0x85948193) x3  0xfffff859
core   0: 0x80003ed4 (0x01443333) sltu    t1, s0, s4
core   0: 3 0x80003ed4 (0x01443333) x6  0x00000000
core   0: 0x80003ed8 (0x0036dd93) srli    s11, a3, 3
core   0: 3 0x80003ed8 (0x0036dd93) x27 0x0001ec4f
core   0: 0x80003edc (0x1ade20b7) lui     ra, 0x1ade2
core   0: 3 0x80003edc (0x1ade20b7) x1  0x1ade2000
core   0: 0x80003ee0 (0x019f0033) add     zero, t5, s9
core   0: 3 0x80003ee0 (0x019f0033)
core   0: 0x80003ee4 (0xc24a1337) lui     t1, 0xc24a1
core   0: 3 0x80003ee4 (0xc24a1337) x6  0xc24a1000
core   0: 0x80003ee8 (0x0019dd33) srl     s10, s3, ra
core   0: 3 0x80003ee8 (0x0019dd33) x26 0x0000000f
core   0: 0x80003eec (0x6ddd6193) ori     gp, s10, 1757
core   0: 3 0x80003eec (0x6ddd6193) x3  0x000006df
core   0: 0x80003ef0 (0x03100b13) li      s6, 49
core   0: 3 0x80003ef0 (0x03100b13) x22 0x00000031
core   0: 0x80003ef4 (0x4176dc93) srai    s9, a3, 23
core   0: 3 0x80003ef4 (0x4176dc93) x25 0x00000000
core   0: 0x80003ef8 (0x015947b3) xor     a5, s2, s5
core   0: 3 0x80003ef8 (0x015947b3) x15 0x14ff8000
core   0: 0x80003efc (0x00000013) nop
core   0: 3 0x80003efc (0x00000013)
core   0: 0x80003f00 (0x40a75693) srai    a3, a4, 10
core   0: 3 0x80003f00 (0x40a75693) x13 0x001237a4
core   0: 0x80003f04 (0x58b4b693) sltiu   a3, s1, 1419
core   0: 3 0x80003f04 (0x58b4b693) x13 0x00000001
core   0: 0x80003f08 (0x01f39b33) sll     s6, t2, t6
core   0: 3 0x80003f08 (0x01f39b33) x22 0x00008000
core   0: 0x80003f0c (0x01a0cbb3) xor     s7, ra, s10
core   0: 3 0x80003f0c (0x01a0cbb3) x23 0x1ade200f
core   0: 0x80003f10 (0x63a40693) addi    a3, s0, 1594
core   0: 3 0x80003f10 (0x63a40693) x13 0x8001549e
core   0: 0x80003f14 (0x41da5933) sra     s2, s4, t4
core   0: 3 0x80003f14 (0x41da5933) x18 0x0000073d
core   0: 0x80003f18 (0x01e476b3) and     a3, s0, t5
core   0: 3 0x80003f18 (0x01e476b3) x13 0x80010c64
core   0: 0x80003f1c (0x112ffe93) andi    t4, t6, 274
core   0: 3 0x80003f1c (0x112ffe93) x29 0x00000102
core   0: 0x80003f20 (0x005fc2b3) xor     t0, t6, t0
core   0: 3 0x80003f20 (0x005fc2b3) x5  0xffffff2f
core   0: 0x80003f24 (0x007952b3) srl     t0, s2, t2
core   0: 3 0x80003f24 (0x007952b3) x5  0x0000039e
core   0: 0x80003f28 (0x01b71b13) slli    s6, a4, 27
core   0: 3 0x80003f28 (0x01b71b13) x22 0x00000000
core   0: 0x80003f2c (0x00995e33) srl     t3, s2, s1
core   0: 3 0x80003f2c (0x00995e33) x28 0x0000073d
core   0: 0x80003f30 (0x01225ab3) srl     s5, tp, s2
core   0: 3 0x80003f30 (0x01225ab3) x21 0x00000001
core   0: 0x80003f34 (0xe9a7e893) ori     a7, a5, -358
core   0: 3 0x80003f34 (0xe9a7e893) x17 0xfffffe9a
core   0: 0x80003f38 (0x403f05b3) sub     a1, t5, gp
core   0: 3 0x80003f38 (0x403f05b3) x11 0x80018605
core   0: 0x80003f3c (0x01749ab3) sll     s5, s1, s7
core   0: 3 0x80003f3c (0x01749ab3) x21 0x00000000
core   0: 0x80003f40 (0x00045d33) srl     s10, s0, zero
core   0: 3 0x80003f40 (0x00045d33) x26 0x80014e64
core   0: 0x80003f44 (0x41ac83b3) sub     t2, s9, s10
core   0: 3 0x80003f44 (0x41ac83b3) x7  0x7ffeb19c
core   0: 0x80003f48 (0x00881693) slli    a3, a6, 8
core   0: 3 0x80003f48 (0x00881693) x13 0x68903400
core   0: 0x80003f4c (0x41550bb3) sub     s7, a0, s5
core   0: 3 0x80003f4c (0x41550bb3) x23 0x80014e64
core   0: 0x80003f50 (0x01bf36b3) sltu    a3, t5, s11
core   0: 3 0x80003f50 (0x01bf36b3) x13 0x00000000
core   0: 0x80003f54 (0xf0ba9eb7) lui     t4, 0xf0ba9
core   0: 3 0x80003f54 (0xf0ba9eb7) x29 0xf0ba9000
core   0: 0x80003f58 (0x52002597) auipc   a1, 0x52002
core   0: 3 0x80003f58 (0x52002597) x11 0xd2005f58
core   0: 0x80003f5c (0xab3b0493) addi    s1, s6, -1357
core   0: 3 0x80003f5c (0xab3b0493) x9  0xfffffab3
core   0: 0x80003f60 (0x008a9093) slli    ra, s5, 8
core   0: 3 0x80003f60 (0x008a9093) x1  0x00000000
core   0: 0x80003f64 (0xa5bccc13) xori    s8, s9, -1445
core   0: 3 0x80003f64 (0xa5bccc13) x24 0xfffffa5b
core   0: 0x80003f68 (0x014f5893) srli    a7, t5, 20
core   0: 3 0x80003f68 (0x014f5893) x17 0x00000800
core   0: 0x80003f6c (0x41870ab3) sub     s5, a4, s8
core   0: 3 0x80003f6c (0x41870ab3) x21 0x48de95a5
core   0: 0x80003f70 (0x2c31eeb7) lui     t4, 0x2c31e
core   0: 3 0x80003f70 (0x2c31eeb7) x29 0x2c31e000
core   0: 0x80003f74 (0x21cf6893) ori     a7, t5, 540
core   0: 3 0x80003f74 (0x21cf6893) x17 0x80018efc
core   0: 0x80003f78 (0x00ac1193) slli    gp, s8, 10
core   0: 3 0x80003f78 (0x00ac1193) x3  0xffe96c00
core   0: 0x80003f7c (0xfa16ab13) slti    s6, a3, -95
core   0: 3 0x80003f7c (0xfa16ab13) x22 0x00000000
core   0: 0x80003f80 (0x56dc4b93) xori    s7, s8, 1389
core   0: 3 0x80003f80 (0x56dc4b93) x23 0xffffff36
core   0: 0x80003f84 (0x00000013) nop
core   0: 3 0x80003f84 (0x00000013)
core   0: 0x80003f88 (0x1f3c3e13) sltiu   t3, s8, 499
core   0: 3 0x80003f88 (0x1f3c3e13) x28 0x00000000
core   0: 0x80003f8c (0x0166beb3) sltu    t4, a3, s6
core   0: 3 0x80003f8c (0x0166beb3) x29 0x00000000
core   0: 0x80003f90 (0x018ab0b3) sltu    ra, s5, s8
core   0: 3 0x80003f90 (0x018ab0b3) x1  0x00000001
core   0: 0x80003f94 (0x015da6b3) slt     a3, s11, s5
core   0: 3 0x80003f94 (0x015da6b3) x13 0x00000001
core   0: 0x80003f98 (0xb9444713) xori    a4, s0, -1132
core   0: 3 0x80003f98 (0xb9444713) x14 0x7ffeb5f0
core   0: 0x80003f9c (0x416b5793) srai    a5, s6, 22
core   0: 3 0x80003f9c (0x416b5793) x15 0x00000000
core   0: 0x80003fa0 (0x170ee593) ori     a1, t4, 368
core   0: 3 0x80003fa0 (0x170ee593) x11 0x00000170
core   0: 0x80003fa4 (0x013b4fb3) xor     t6, s6, s3
core   0: 3 0x80003fa4 (0x013b4fb3) x31 0x0000000f
core   0: 0x80003fa8 (0x3fb4e913) ori     s2, s1, 1019
core   0: 3 0x80003fa8 (0x3fb4e913) x18 0xfffffbfb
core   0: 0x80003fac (0x0175a033) slt     zero, a1, s7
core   0: 3 0x80003fac (0x0175a033)
core   0: 0x80003fb0 (0x00a40a33) add     s4, s0, a0
core   0: 3 0x80003fb0 (0x00a40a33) x20 0x00029cc8
core   0: 0x80003fb4 (0x00000013) nop
core   0: 3 0x80003fb4 (0x00000013)
core   0: 0x80003fb8 (0x3e0a3613) sltiu   a2, s4, 992
core   0: 3 0x80003fb8 (0x3e0a3613) x12 0x00000000
core   0: 0x80003fbc (0x01012933) slt     s2, sp, a6
core   0: 3 0x80003fbc (0x01012933) x18 0x00000001
core   0: 0x80003fc0 (0x0185d0b3) srl     ra, a1, s8
core   0: 3 0x80003fc0 (0x0185d0b3) x1  0x00000000
core   0: 0x80003fc4 (0x8e3ca117) auipc   sp, 0x8e3ca
core   0: 3 0x80003fc4 (0x8e3ca117) x2  0x0e3cdfc4
core   0: 0x80003fc8 (0x0062a433) slt     s0, t0, t1
core   0: 3 0x80003fc8 (0x0062a433) x8  0x00000000
core   0: 0x80003fcc (0x01761433) sll     s0, a2, s7
core   0: 3 0x80003fcc (0x01761433) x8  0x00000000
core   0: 0x80003fd0 (0x40c20c33) sub     s8, tp, a2
core   0: 3 0x80003fd0 (0x40c20c33) x24 0x39eb7000
core   0: 0x80003fd4 (0x40d85e33) sra     t3, a6, a3
core   0: 3 0x80003fd4 (0x40d85e33) x28 0x38b4481a
core   0: 0x80003fd8 (0x400dd413) srai    s0, s11, 0
core   0: 3 0x80003fd8 (0x400dd413) x8  0x0001ec4f
core   0: 0x80003fdc (0x40165733) sra     a4, a2, ra
core   0: 3 0x80003fdc (0x40165733) x14 0x00000000
core   0: 0x80003fe0 (0x584ead93) slti    s11, t4, 1412
core   0: 3 0x80003fe0 (0x584ead93) x27 0x00000001
core   0: 0x80003fe4 (0x01491893) slli    a7, s2, 20
core   0: 3 0x80003fe4 (0x01491893) x17 0x00100000
core   0: 0x80003fe8 (0x5f7c6493) ori     s1, s8, 1527
core   0: 3 0x80003fe8 (0x5f7c6493) x9  0x39eb75f7
core   0: 0x80003fec (0x01173333) sltu    t1, a4, a7
core   0: 3 0x80003fec (0x01173333) x6  0x00000001
core   0: 0x80003ff0 (0x7bab3017) auipc   zero, 0x7bab3
core   0: 3 0x80003ff0 (0x7bab3017)
core   0: 0x80003ff4 (0x00000013) nop
core   0: 3 0x80003ff4 (0x00000013)
core   0: 0x80003ff8 (0x5ab30a97) auipc   s5, 0x5ab30
core   0: 3 0x80003ff8 (0x5ab30a97) x21 0xdab33ff8
core   0: 0x80003ffc (0x52a43bb7) lui     s7, 0x52a43
core   0: 3 0x80003ffc (0x52a43bb7) x23 0x52a43000
core   0: 0x80004000 (0x40ed5d33) sra     s10, s10, a4
core   0: 3 0x80004000 (0x40ed5d33) x26 0x80014e64
core   0: 0x80004004 (0x00000013) nop
core   0: 3 0x80004004 (0x00000013)
core   0: 0x80004008 (0x01dc7c33) and     s8, s8, t4
core   0: 3 0x80004008 (0x01dc7c33) x24 0x00000000
core   0: 0x8000400c (0x0099ec33) or      s8, s3, s1
core   0: 3 0x8000400c (0x0099ec33) x24 0x39eb75ff
core   0: 0x80004010 (0x00000013) nop
core   0: 3 0x80004010 (0x00000013)
core   0: 0x80004014 (0xeb1556b7) lui     a3, 0xeb155
core   0: 3 0x80004014 (0xeb1556b7) x13 0xeb155000
core   0: 0x80004018 (0x8149e213) ori     tp, s3, -2028
core   0: 3 0x80004018 (0x8149e213) x4  0xfffff81f
core   0: 0x8000401c (0x877ee417) auipc   s0, 0x877ee
core   0: 3 0x8000401c (0x877ee417) x8  0x077f201c
core   0: 0x80004020 (0x40d287b3) sub     a5, t0, a3
core   0: 3 0x80004020 (0x40d287b3) x15 0x14eab39e
core   0: 0x80004024 (0x692d8937) lui     s2, 0x692d8
core   0: 3 0x80004024 (0x692d8937) x18 0x692d8000
core   0: 0x80004028 (0x410307b3) sub     a5, t1, a6
core   0: 3 0x80004028 (0x410307b3) x15 0x8e976fcd
core   0: 0x8000402c (0x010ade33) srl     t3, s5, a6
core   0: 3 0x8000402c (0x010ade33) x28 0x00000dab
core   0: 0x80004030 (0x00000013) nop
core   0: 3 0x80004030 (0x00000013)
core   0: 0x80004034 (0xbde9f713) andi    a4, s3, -1058
core   0: 3 0x80004034 (0xbde9f713) x14 0x0000000e
core   0: 0x80004038 (0x01d87b13) andi    s6, a6, 29
core   0: 3 0x80004038 (0x01d87b13) x22 0x00000014
core   0: 0x8000403c (0x41a3d213) srai    tp, t2, 26
core   0: 3 0x8000403c (0x41a3d213) x4  0x0000001f
core   0: 0x80004040 (0x00bcdd13) srli    s10, s9, 11
core   0: 3 0x80004040 (0x00bcdd13) x26 0x00000000
core   0: 0x80004044 (0x1bcbb093) sltiu   ra, s7, 444
core   0: 3 0x80004044 (0x1bcbb093) x1  0x00000000
core   0: 0x80004048 (0x00f35893) srli    a7, t1, 15
core   0: 3 0x80004048 (0x00f35893) x17 0x00000000
core   0: 0x8000404c (0x409d6013) ori     zero, s10, 1033
core   0: 3 0x8000404c (0x409d6013)
core   0: 0x80004050 (0x5c39d237) lui     tp, 0x5c39d
core   0: 3 0x80004050 (0x5c39d237) x4  0x5c39d000
core   0: 0x80004054 (0x01c74933) xor     s2, a4, t3
core   0: 3 0x80004054 (0x01c74933) x18 0x00000da5
core   0: 0x80004058 (0x8f862017) auipc   zero, 0x8f862
core   0: 3 0x80004058 (0x8f862017)
core   0: 0x8000405c (0x00000013) nop
core   0: 3 0x8000405c (0x00000013)
core   0: 0x80004060 (0x01859d33) sll     s10, a1, s8
core   0: 3 0x80004060 (0x01859d33) x26 0x00000000
core   0: 0x80004064 (0x00184a33) xor     s4, a6, ra
core   0: 3 0x80004064 (0x00184a33) x20 0x71689034
core   0: 0x80004068 (0x488d6713) ori     a4, s10, 1160
core   0: 3 0x80004068 (0x488d6713) x14 0x00000488
core   0: 0x8000406c (0x00339933) sll     s2, t2, gp
core   0: 3 0x8000406c (0x00339933) x18 0x7ffeb19c
core   0: 0x80004070 (0x40b4d2b3) sra     t0, s1, a1
core   0: 3 0x80004070 (0x40b4d2b3) x5  0x000039eb
core   0: 0x80004074 (0x41438133) sub     sp, t2, s4
core   0: 3 0x80004074 (0x41438133) x2  0x0e962168
core   0: 0x80004078 (0xeae1ce93) xori    t4, gp, -338
core   0: 3 0x80004078 (0xeae1ce93) x29 0x001692ae
core   0: 0x8000407c (0x98546393) ori     t2, s0, -1659
core   0: 3 0x8000407c (0x98546393) x7  0xfffff99d
core   0: 0x80004080 (0x416d8433) sub     s0, s11, s6
core   0: 3 0x80004080 (0x416d8433) x8  0xffffffed
core   0: 0x80004084 (0x01926bb3) or      s7, tp, s9
core   0: 3 0x80004084 (0x01926bb3) x23 0x5c39d000
core   0: 0x80004088 (0x009043b3) xor     t2, zero, s1
core   0: 3 0x80004088 (0x009043b3) x7  0x39eb75f7
core   0: 0x8000408c (0x82f3be13) sltiu   t3, t2, -2001
core   0: 3 0x8000408c (0x82f3be13) x28 0x00000001
core   0: 0x80004090 (0x41533e93) sltiu   t4, t1, 1045
core   0: 3 0x80004090 (0x41533e93) x29 0x00000001
core   0: 0x80004094 (0x9debbd93) sltiu   s11, s7, -1570
core   0: 3 0x80004094 (0x9debbd93) x27 0x00000001
core   0: 0x80004098 (0x00d531b3) sltu    gp, a0, a3
core   0: 3 0x80004098 (0x00d531b3) x3  0x00000001
core   0: 0x8000409c (0x009edbb3) srl     s7, t4, s1
core   0: 3 0x8000409c (0x009edbb3) x23 0x00000000
core   0: 0x800040a0 (0xa20eb193) sltiu   gp, t4, -1504
core   0: 3 0x800040a0 (0xa20eb193) x3  0x00000001
core   0: 0x800040a4 (0x0029fbb3) and     s7, s3, sp
core   0: 3 0x800040a4 (0x0029fbb3) x23 0x00000008
core   0: 0x800040a8 (0x014d7a33) and     s4, s10, s4
core   0: 3 0x800040a8 (0x014d7a33) x20 0x00000000
core   0: 0x800040ac (0x01485133) srl     sp, a6, s4
core   0: 3 0x800040ac (0x01485133) x2  0x71689034
core   0: 0x800040b0 (0x018cafb3) slt     t6, s9, s8
core   0: 3 0x800040b0 (0x018cafb3) x31 0x00000001
core   0: 0x800040b4 (0xcedc3113) sltiu   sp, s8, -787
core   0: 3 0x800040b4 (0xcedc3113) x2  0x00000001
core   0: 0x800040b8 (0x9430ea93) ori     s5, ra, -1725
core   0: 3 0x800040b8 (0x9430ea93) x21 0xfffff943
core   0: 0x800040bc (0x728da113) slti    sp, s11, 1832
core   0: 3 0x800040bc (0x728da113) x2  0x00000001
core   0: 0x800040c0 (0x01cbf933) and     s2, s7, t3
core   0: 3 0x800040c0 (0x01cbf933) x18 0x00000000
core   0: 0x800040c4 (0xb2b38497) auipc   s1, 0xb2b38
core   0: 3 0x800040c4 (0xb2b38497) x9  0x32b3c0c4
core   0: 0x800040c8 (0x00a953b3) srl     t2, s2, a0
core   0: 3 0x800040c8 (0x00a953b3) x7  0x00000000
core   0: 0x800040cc (0xc32df293) andi    t0, s11, -974
core   0: 3 0x800040cc (0xc32df293) x5  0x00000000
core   0: 0x800040d0 (0x410bd093) srai    ra, s7, 16
core   0: 3 0x800040d0 (0x410bd093) x1  0x00000000
core   0: 0x800040d4 (0x000f98b3) sll     a7, t6, zero
core   0: 3 0x800040d4 (0x000f98b3) x17 0x00000001
core   0: 0x800040d8 (0x0f456e13) ori     t3, a0, 244
core   0: 3 0x800040d8 (0x0f456e13) x28 0x80014ef4
core   0: 0x800040dc (0x01aa7333) and     t1, s4, s10
core   0: 3 0x800040dc (0x01aa7333) x6  0x00000000
core   0: 0x800040e0 (0x55040917) auipc   s2, 0x55040
core   0: 3 0x800040e0 (0x55040917) x18 0xd50440e0
core   0: 0x800040e4 (0x5beb4393) xori    t2, s6, 1470
core   0: 3 0x800040e4 (0x5beb4393) x7  0x000005aa
core   0: 0x800040e8 (0x05da7913) andi    s2, s4, 93
core   0: 3 0x800040e8 (0x05da7913) x18 0x00000000
core   0: 0x800040ec (0x015090b3) sll     ra, ra, s5
core   0: 3 0x800040ec (0x015090b3) x1  0x00000000
core   0: 0x800040f0 (0x3f88b813) sltiu   a6, a7, 1016
core   0: 3 0x800040f0 (0x3f88b813) x16 0x00000001
core   0: 0x800040f4 (0x001285b3) add     a1, t0, ra
core   0: 3 0x800040f4 (0x001285b3) x11 0x00000000
core   0: 0x800040f8 (0x54c97a13) andi    s4, s2, 1356
core   0: 3 0x800040f8 (0x54c97a13) x20 0x00000000
core   0: 0x800040fc (0x016352b3) srl     t0, t1, s6
core   0: 3 0x800040fc (0x016352b3) x5  0x00000000
core   0: 0x80004100 (0x00dd92b3) sll     t0, s11, a3
core   0: 3 0x80004100 (0x00dd92b3) x5  0x00000001
core   0: 0x80004104 (0x01595093) srli    ra, s2, 21
core   0: 3 0x80004104 (0x01595093) x1  0x00000000
core   0: 0x80004108 (0x01539713) slli    a4, t2, 21
core   0: 3 0x80004108 (0x01539713) x14 0xb5400000
core   0: 0x8000410c (0x414e5113) srai    sp, t3, 20
core   0: 3 0x8000410c (0x414e5113) x2  0xfffff800
core   0: 0x80004110 (0xed51ca13) xori    s4, gp, -299
core   0: 3 0x80004110 (0xed51ca13) x20 0xfffffed4
core   0: 0x80004114 (0x017a5713) srli    a4, s4, 23
core   0: 3 0x80004114 (0x017a5713) x14 0x000001ff
core   0: 0x80004118 (0x402d0fb3) sub     t6, s10, sp
core   0: 3 0x80004118 (0x402d0fb3) x31 0x00000800
core   0: 0x8000411c (0xbd60a113) slti    sp, ra, -1066
core   0: 3 0x8000411c (0xbd60a113) x2  0x00000000
core   0: 0x80004120 (0xcd2a6413) ori     s0, s4, -814
core   0: 3 0x80004120 (0xcd2a6413) x8  0xfffffed6
core   0: 0x80004124 (0x41565b93) srai    s7, a2, 21
core   0: 3 0x80004124 (0x41565b93) x23 0x00000000
core   0: 0x80004128 (0x01b11213) slli    tp, sp, 27
core   0: 3 0x80004128 (0x01b11213) x4  0x00000000
core   0: 0x8000412c (0x001e43b3) xor     t2, t3, ra
core   0: 3 0x8000412c (0x001e43b3) x7  0x80014ef4
core   0: 0x80004130 (0x003a5433) srl     s0, s4, gp
core   0: 3 0x80004130 (0x003a5433) x8  0x7fffff6a
core   0: 0x80004134 (0x002ef2b3) and     t0, t4, sp
core   0: 3 0x80004134 (0x002ef2b3) x5  0x00000000
core   0: 0x80004138 (0x01747633) and     a2, s0, s7
core   0: 3 0x80004138 (0x01747633) x12 0x00000000
core   0: 0x8000413c (0xfbaeea37) lui     s4, 0xfbaee
core   0: 3 0x8000413c (0xfbaeea37) x20 0xfbaee000
core   0: 0x80004140 (0x407fde93) srai    t4, t6, 7
core   0: 3 0x80004140 (0x407fde93) x29 0x00000010
core   0: 0x80004144 (0x8b217c13) andi    s8, sp, -1870
core   0: 3 0x80004144 (0x8b217c13) x24 0x00000000
core   0: 0x80004148 (0x00671a93) slli    s5, a4, 6
core   0: 3 0x80004148 (0x00671a93) x21 0x00007fc0
core   0: 0x8000414c (0x408987b3) sub     a5, s3, s0
core   0: 3 0x8000414c (0x408987b3) x15 0x800000a5
core   0: 0x80004150 (0xe288a713) slti    a4, a7, -472
core   0: 3 0x80004150 (0xe288a713) x14 0x00000000
core   0: 0x80004154 (0xdb86a913) slti    s2, a3, -584
core   0: 3 0x80004154 (0xdb86a913) x18 0x00000001
core   0: 0x80004158 (0x081c2393) slti    t2, s8, 129
core   0: 3 0x80004158 (0x081c2393) x7  0x00000001
core   0: 0x8000415c (0x41ffd193) srai    gp, t6, 31
core   0: 3 0x8000415c (0x41ffd193) x3  0x00000000
core   0: 0x80004160 (0xb88be593) ori     a1, s7, -1144
core   0: 3 0x80004160 (0xb88be593) x11 0xfffffb88
core   0: 0x80004164 (0x00c1e2b3) or      t0, gp, a2
core   0: 3 0x80004164 (0x00c1e2b3) x5  0x00000000
core   0: 0x80004168 (0x018001b3) add     gp, zero, s8
core   0: 3 0x80004168 (0x018001b3) x3  0x00000000
core   0: 0x8000416c (0x01ce9013) slli    zero, t4, 28
core   0: 3 0x8000416c (0x01ce9013)
core   0: 0x80004170 (0x90ea8613) addi    a2, s5, -1778
core   0: 3 0x80004170 (0x90ea8613) x12 0x000078ce
core   0: 0x80004174 (0x01ab6133) or      sp, s6, s10
core   0: 3 0x80004174 (0x01ab6133) x2  0x00000014
core   0: 0x80004178 (0xbf477937) lui     s2, 0xbf477
core   0: 3 0x80004178 (0xbf477937) x18 0xbf477000
core   0: 0x8000417c (0xafb7c493) xori    s1, a5, -1285
core   0: 3 0x8000417c (0xafb7c493) x9  0x7ffffa5e
core   0: 0x80004180 (0x01db12b3) sll     t0, s6, t4
core   0: 3 0x80004180 (0x01db12b3) x5  0x00140000
core   0: 0x80004184 (0x0162a0b3) slt     ra, t0, s6
core   0: 3 0x80004184 (0x0162a0b3) x1  0x00000000
core   0: 0x80004188 (0x00af1ab3) sll     s5, t5, a0
core   0: 3 0x80004188 (0x00af1ab3) x21 0x0018ce40
core   0: 0x8000418c (0x002e2d33) slt     s10, t3, sp
core   0: 3 0x8000418c (0x002e2d33) x26 0x00000001
core   0: 0x80004190 (0x417151b3) sra     gp, sp, s7
core   0: 3 0x80004190 (0x417151b3) x3  0x00000014
core   0: 0x80004194 (0x01440933) add     s2, s0, s4
core   0: 3 0x80004194 (0x01440933) x18 0x7baedf6a
core   0: 0x80004198 (0x0052ba33) sltu    s4, t0, t0
core   0: 3 0x80004198 (0x0052ba33) x20 0x00000000
core   0: 0x8000419c (0x00039333) sll     t1, t2, zero
core   0: 3 0x8000419c (0x00039333) x6  0x00000001
core   0: 0x800041a0 (0xf709d197) auipc   gp, 0xf709d
core   0: 3 0x800041a0 (0xf709d197) x3  0x770a11a0
core   0: 0x800041a4 (0x417c50b3) sra     ra, s8, s7
core   0: 3 0x800041a4 (0x417c50b3) x1  0x00000000
core   0: 0x800041a8 (0x2cb24a93) xori    s5, tp, 715
core   0: 3 0x800041a8 (0x2cb24a93) x21 0x000002cb
core   0: 0x800041ac (0x9adfa293) slti    t0, t6, -1619
core   0: 3 0x800041ac (0x9adfa293) x5  0x00000000
core   0: 0x800041b0 (0x00a8dfb3) srl     t6, a7, a0
core   0: 3 0x800041b0 (0x00a8dfb3) x31 0x00000000
core   0: 0x800041b4 (0x01c77a33) and     s4, a4, t3
core   0: 3 0x800041b4 (0x01c77a33) x20 0x00000000
core   0: 0x800041b8 (0x014f78b3) and     a7, t5, s4
core   0: 3 0x800041b8 (0x014f78b3) x17 0x00000000
core   0: 0x800041bc (0x00000013) nop
core   0: 3 0x800041bc (0x00000013)
core   0: 0x800041c0 (0x01a48633) add     a2, s1, s10
core   0: 3 0x800041c0 (0x01a48633) x12 0x7ffffa5f
core   0: 0x800041c4 (0x3f81bc13) sltiu   s8, gp, 1016
core   0: 3 0x800041c4 (0x3f81bc13) x24 0x00000000
core   0: 0x800041c8 (0x2fea9497) auipc   s1, 0x2fea9
core   0: 3 0x800041c8 (0x2fea9497) x9  0xafead1c8
core   0: 0x800041cc (0x41bed633) sra     a2, t4, s11
core   0: 3 0x800041cc (0x41bed633) x12 0x00000008
core   0: 0x800041d0 (0x01351833) sll     a6, a0, s3
core   0: 3 0x800041d0 (0x01351833) x16 0xa7320000
core   0: 0x800041d4 (0x695f2293) slti    t0, t5, 1685
core   0: 3 0x800041d4 (0x695f2293) x5  0x00000001
core   0: 0x800041d8 (0x13934f93) xori    t6, t1, 313
core   0: 3 0x800041d8 (0x13934f93) x31 0x00000138
core   0: 0x800041dc (0x0150ddb3) srl     s11, ra, s5
core   0: 3 0x800041dc (0x0150ddb3) x27 0x00000000
core   0: 0x800041e0 (0x0091bfb3) sltu    t6, gp, s1
core   0: 3 0x800041e0 (0x0091bfb3) x31 0x00000001
core   0: 0x800041e4 (0x0aa60293) addi    t0, a2, 170
core   0: 3 0x800041e4 (0x0aa60293) x5  0x000000b2
core   0: 0x800041e8 (0x0058e7b3) or      a5, a7, t0
core   0: 3 0x800041e8 (0x0058e7b3) x15 0x000000b2
core   0: 0x800041ec (0x1931be93) sltiu   t4, gp, 403
core   0: 3 0x800041ec (0x1931be93) x29 0x00000000
core   0: 0x800041f0 (0x00000013) nop
core   0: 3 0x800041f0 (0x00000013)
core   0: 0x800041f4 (0xfa18e713) ori     a4, a7, -95
core   0: 3 0x800041f4 (0xfa18e713) x14 0xffffffa1
core   0: 0x800041f8 (0x00111693) slli    a3, sp, 1
core   0: 3 0x800041f8 (0x00111693) x13 0x00000028
core   0: 0x800041fc (0x04456813) ori     a6, a0, 68
core   0: 3 0x800041fc (0x04456813) x16 0x80014e64
core   0: 0x80004200 (0xbc642093) slti    ra, s0, -1082
core   0: 3 0x80004200 (0xbc642093) x1  0x00000000
core   0: 0x80004204 (0x01d1edb3) or      s11, gp, t4
core   0: 3 0x80004204 (0x01d1edb3) x27 0x770a11a0
core   0: 0x80004208 (0x012d4933) xor     s2, s10, s2
core   0: 3 0x80004208 (0x012d4933) x18 0x7baedf6b
core   0: 0x8000420c (0x2989ceb7) lui     t4, 0x2989c
core   0: 3 0x8000420c (0x2989ceb7) x29 0x2989c000
core   0: 0x80004210 (0x01adb5b3) sltu    a1, s11, s10
core   0: 3 0x80004210 (0x01adb5b3) x11 0x00000000
core   0: 0x80004214 (0x013c06b3) add     a3, s8, s3
core   0: 3 0x80004214 (0x013c06b3) x13 0x0000000f
core   0: 0x80004218 (0x00f07b33) and     s6, zero, a5
core   0: 3 0x80004218 (0x00f07b33) x22 0x00000000
core   0: 0x8000421c (0x01e51593) slli    a1, a0, 30
core   0: 3 0x8000421c (0x01e51593) x11 0x00000000
core   0: 0x80004220 (0x01687b33) and     s6, a6, s6
core   0: 3 0x80004220 (0x01687b33) x22 0x00000000
core   0: 0x80004224 (0xd2220393) addi    t2, tp, -734
core   0: 3 0x80004224 (0xd2220393) x7  0xfffffd22
core   0: 0x80004228 (0x00000013) nop
core   0: 3 0x80004228 (0x00000013)
core   0: 0x8000422c (0x00000013) nop
core   0: 3 0x8000422c (0x00000013)
core   0: 0x80004230 (0x00cc5293) srli    t0, s8, 12
core   0: 3 0x80004230 (0x00cc5293) x5  0x00000000
core   0: 0x80004234 (0x0077d733) srl     a4, a5, t2
core   0: 3 0x80004234 (0x0077d733) x14 0x0000002c
core   0: 0x80004238 (0x0069a233) slt     tp, s3, t1
core   0: 3 0x80004238 (0x0069a233) x4  0x00000000
core   0: 0x8000423c (0x40615213) srai    tp, sp, 6
core   0: 3 0x8000423c (0x40615213) x4  0x00000000
core   0: 0x80004240 (0x0198f5b3) and     a1, a7, s9
core   0: 3 0x80004240 (0x0198f5b3) x11 0x00000000
core   0: 0x80004244 (0x00000013) nop
core   0: 3 0x80004244 (0x00000013)
core   0: 0x80004248 (0x01087733) and     a4, a6, a6
core   0: 3 0x80004248 (0x01087733) x14 0x80014e64
core   0: 0x8000424c (0x000a2db3) slt     s11, s4, zero
core   0: 3 0x8000424c (0x000a2db3) x27 0x00000000
core   0: 0x80004250 (0x8cd06b97) auipc   s7, 0x8cd06
core   0: 3 0x80004250 (0x8cd06b97) x23 0x0cd0a250
core   0: 0x80004254 (0x01109b93) slli    s7, ra, 17
core   0: 3 0x80004254 (0x01109b93) x23 0x00000000
core   0: 0x80004258 (0x013ecb33) xor     s6, t4, s3
core   0: 3 0x80004258 (0x013ecb33) x22 0x2989c00f
core   0: 0x8000425c (0x7aceae93) slti    t4, t4, 1964
core   0: 3 0x8000425c (0x7aceae93) x29 0x00000000
core   0: 0x80004260 (0x72d24d13) xori    s10, tp, 1837
core   0: 3 0x80004260 (0x72d24d13) x26 0x0000072d
core   0: 0x80004264 (0x4056d133) sra     sp, a3, t0
core   0: 3 0x80004264 (0x4056d133) x2  0x0000000f
core   0: 0x80004268 (0x002b51b3) srl     gp, s6, sp
core   0: 3 0x80004268 (0x002b51b3) x3  0x00005313
core   0: 0x8000426c (0x01d59e13) slli    t3, a1, 29
core   0: 3 0x8000426c (0x01d59e13) x28 0x00000000
core   0: 0x80004270 (0x009edb33) srl     s6, t4, s1
core   0: 3 0x80004270 (0x009edb33) x22 0x00000000
core   0: 0x80004274 (0x004d1613) slli    a2, s10, 4
core   0: 3 0x80004274 (0x004d1613) x12 0x000072d0
core   0: 0x80004278 (0x87003393) sltiu   t2, zero, -1936
core   0: 3 0x80004278 (0x87003393) x7  0x00000001
core   0: 0x8000427c (0xa6243293) sltiu   t0, s0, -1438
core   0: 3 0x8000427c (0xa6243293) x5  0x00000001
core   0: 0x80004280 (0x7b8e0d13) addi    s10, t3, 1976
core   0: 3 0x80004280 (0x7b8e0d13) x26 0x000007b8
core   0: 0x80004284 (0x411e01b3) sub     gp, t3, a7
core   0: 3 0x80004284 (0x411e01b3) x3  0x00000000
core   0: 0x80004288 (0x00429733) sll     a4, t0, tp
core   0: 3 0x80004288 (0x00429733) x14 0x00000001
core   0: 0x8000428c (0x00f05313) srli    t1, zero, 15
core   0: 3 0x8000428c (0x00f05313) x6  0x00000000
core   0: 0x80004290 (0x1aaced13) ori     s10, s9, 426
core   0: 3 0x80004290 (0x1aaced13) x26 0x000001aa
core   0: 0x80004294 (0x418351b3) sra     gp, t1, s8
core   0: 3 0x80004294 (0x418351b3) x3  0x00000000
core   0: 0x80004298 (0x40dd0d33) sub     s10, s10, a3
core   0: 3 0x80004298 (0x40dd0d33) x26 0x0000019b
core   0: 0x8000429c (0x0491db17) auipc   s6, 0x491d
core   0: 3 0x8000429c (0x0491db17) x22 0x8492129c
core   0: 0x800042a0 (0x18be4e13) xori    t3, t3, 395
core   0: 3 0x800042a0 (0x18be4e13) x28 0x0000018b
core   0: 0x800042a4 (0x41775ab3) sra     s5, a4, s7
core   0: 3 0x800042a4 (0x41775ab3) x21 0x00000001
core   0: 0x800042a8 (0x86503293) sltiu   t0, zero, -1947
core   0: 3 0x800042a8 (0x86503293) x5  0x00000001
core   0: 0x800042ac (0x00601893) slli    a7, zero, 6
core   0: 3 0x800042ac (0x00601893) x17 0x00000000
core   0: 0x800042b0 (0xeae54c13) xori    s8, a0, -338
core   0: 3 0x800042b0 (0xeae54c13) x24 0x7ffeb0ca
core   0: 0x800042b4 (0x01db1d33) sll     s10, s6, t4
core   0: 3 0x800042b4 (0x01db1d33) x26 0x8492129c
core   0: 0x800042b8 (0x4e122093) slti    ra, tp, 1249
core   0: 3 0x800042b8 (0x4e122093) x1  0x00000001
core   0: 0x800042bc (0xeed44b93) xori    s7, s0, -275
core   0: 3 0x800042bc (0xeed44b93) x23 0x80000187
core   0: 0x800042c0 (0x00a8aab3) slt     s5, a7, a0
core   0: 3 0x800042c0 (0x00a8aab3) x21 0x00000000
core   0: 0x800042c4 (0x01c882b3) add     t0, a7, t3
core   0: 3 0x800042c4 (0x01c882b3) x5  0x0000018b
core   0: 0x800042c8 (0x4185deb3) sra     t4, a1, s8
core   0: 3 0x800042c8 (0x4185deb3) x29 0x00000000
core   0: 0x800042cc (0xc216a793) slti    a5, a3, -991
core   0: 3 0x800042cc (0xc216a793) x15 0x00000000
core   0: 0x800042d0 (0xf2db8037) lui     zero, 0xf2db8
core   0: 3 0x800042d0 (0xf2db8037)
core   0: 0x800042d4 (0x01a65193) srli    gp, a2, 26
core   0: 3 0x800042d4 (0x01a65193) x3  0x00000000
core   0: 0x800042d8 (0x283b0713) addi    a4, s6, 643
core   0: 3 0x800042d8 (0x283b0713) x14 0x8492151f
core   0: 0x800042dc (0x00335d33) srl     s10, t1, gp
core   0: 3 0x800042dc (0x00335d33) x26 0x00000000
core   0: 0x800042e0 (0x18fd2713) slti    a4, s10, 399
core   0: 3 0x800042e0 (0x18fd2713) x14 0x00000001
core   0: 0x800042e4 (0x00c11d33) sll     s10, sp, a2
core   0: 3 0x800042e4 (0x00c11d33) x26 0x000f0000
core   0: 0x800042e8 (0x00000013) nop
core   0: 3 0x800042e8 (0x00000013)
core   0: 0x800042ec (0x3fe1ed97) auipc   s11, 0x3fe1e
core   0: 3 0x800042ec (0x3fe1ed97) x27 0xbfe222ec
core   0: 0x800042f0 (0x41c3d433) sra     s0, t2, t3
core   0: 3 0x800042f0 (0x41c3d433) x8  0x00000000
core   0: 0x800042f4 (0x01d7e8b3) or      a7, a5, t4
core   0: 3 0x800042f4 (0x01d7e8b3) x17 0x00000000
core   0: 0x800042f8 (0x011b1b93) slli    s7, s6, 17
core   0: 3 0x800042f8 (0x011b1b93) x23 0x25380000
core   0: 0x800042fc (0xf350fc93) andi    s9, ra, -203
core   0: 3 0x800042fc (0xf350fc93) x25 0x00000001
core   0: 0x80004300 (0x45028893) addi    a7, t0, 1104
core   0: 3 0x80004300 (0x45028893) x17 0x000005db
core   0: 0x80004304 (0x007edd93) srli    s11, t4, 7
core   0: 3 0x80004304 (0x007edd93) x27 0x00000000
core   0: 0x80004308 (0xe347ba13) sltiu   s4, a5, -460
core   0: 3 0x80004308 (0xe347ba13) x20 0x00000001
core   0: 0x8000430c (0xf876c613) xori    a2, a3, -121
core   0: 3 0x8000430c (0xf876c613) x12 0xffffff88
core   0: 0x80004310 (0x006a1b93) slli    s7, s4, 6
core   0: 3 0x80004310 (0x006a1b93) x23 0x00000040
core   0: 0x80004314 (0x00000013) nop
core   0: 3 0x80004314 (0x00000013)
core   0: 0x80004318 (0x460f2713) slti    a4, t5, 1120
core   0: 3 0x80004318 (0x460f2713) x14 0x00000001
core   0: 0x8000431c (0x4166d093) srai    ra, a3, 22
core   0: 3 0x8000431c (0x4166d093) x1  0x00000000
core   0: 0x80004320 (0x001ddc33) srl     s8, s11, ra
core   0: 3 0x80004320 (0x001ddc33) x24 0x00000000
core   0: 0x80004324 (0x00baa633) slt     a2, s5, a1
core   0: 3 0x80004324 (0x00baa633) x12 0x00000000
core   0: 0x80004328 (0x01786bb3) or      s7, a6, s7
core   0: 3 0x80004328 (0x01786bb3) x23 0x80014e64
core   0: 0x8000432c (0xca2fba13) sltiu   s4, t6, -862
core   0: 3 0x8000432c (0xca2fba13) x20 0x00000001
core   0: 0x80004330 (0xd794ea93) ori     s5, s1, -647
core   0: 3 0x80004330 (0xd794ea93) x21 0xfffffdf9
core   0: 0x80004334 (0x41990033) sub     zero, s2, s9
core   0: 3 0x80004334 (0x41990033)
core   0: 0x80004338 (0x01385413) srli    s0, a6, 19
core   0: 3 0x80004338 (0x01385413) x8  0x00001000
core   0: 0x8000433c (0x74fb2097) auipc   ra, 0x74fb2
core   0: 3 0x8000433c (0x74fb2097) x1  0xf4fb633c
core   0: 0x80004340 (0x4058d3b3) sra     t2, a7, t0
core   0: 3 0x80004340 (0x4058d3b3) x7  0x00000000
core   0: 0x80004344 (0x001aa8b3) slt     a7, s5, ra
core   0: 3 0x80004344 (0x001aa8b3) x17 0x00000000
core   0: 0x80004348 (0x41f006b3) sub     a3, zero, t6
core   0: 3 0x80004348 (0x41f006b3) x13 0xffffffff
core   0: 0x8000434c (0x416313b7) lui     t2, 0x41631
core   0: 3 0x8000434c (0x416313b7) x7  0x41631000
core   0: 0x80004350 (0x333b0a13) addi    s4, s6, 819
core   0: 3 0x80004350 (0x333b0a13) x20 0x849215cf
core   0: 0x80004354 (0x1c9be313) ori     t1, s7, 457
core   0: 3 0x80004354 (0x1c9be313) x6  0x80014fed
core   0: 0x80004358 (0x679ac113) xori    sp, s5, 1657
core   0: 3 0x80004358 (0x679ac113) x2  0xfffffb80
core   0: 0x8000435c (0x00a9b233) sltu    tp, s3, a0
core   0: 3 0x8000435c (0x00a9b233) x4  0x00000001
core   0: 0x80004360 (0x2878ab13) slti    s6, a7, 647
core   0: 3 0x80004360 (0x2878ab13) x22 0x00000001
core   0: 0x80004364 (0x0142bb33) sltu    s6, t0, s4
core   0: 3 0x80004364 (0x0142bb33) x22 0x00000001
core   0: 0x80004368 (0x00acbfb3) sltu    t6, s9, a0
core   0: 3 0x80004368 (0x00acbfb3) x31 0x00000001
core   0: 0x8000436c (0x003b1b33) sll     s6, s6, gp
core   0: 3 0x8000436c (0x003b1b33) x22 0x00000001
core   0: 0x80004370 (0x00821a93) slli    s5, tp, 8
core   0: 3 0x80004370 (0x00821a93) x21 0x00000100
core   0: 0x80004374 (0xfe294d13) xori    s10, s2, -30
core   0: 3 0x80004374 (0xfe294d13) x26 0x84512089
core   0: 0x80004378 (0x005b5393) srli    t2, s6, 5
core   0: 3 0x80004378 (0x005b5393) x7  0x00000000
core   0: 0x8000437c (0x011d9633) sll     a2, s11, a7
core   0: 3 0x8000437c (0x011d9633) x12 0x00000000
core   0: 0x80004380 (0x9a91f237) lui     tp, 0x9a91f
core   0: 3 0x80004380 (0x9a91f237) x4  0x9a91f000
core   0: 0x80004384 (0x00e812b3) sll     t0, a6, a4
core   0: 3 0x80004384 (0x00e812b3) x5  0x00029cc8
core   0: 0x80004388 (0x381dbe13) sltiu   t3, s11, 897
core   0: 3 0x80004388 (0x381dbe13) x28 0x00000001
core   0: 0x8000438c (0x98640713) addi    a4, s0, -1658
core   0: 3 0x8000438c (0x98640713) x14 0x00000986
core   0: 0x80004390 (0x01a1fbb3) and     s7, gp, s10
core   0: 3 0x80004390 (0x01a1fbb3) x23 0x00000000
core   0: 0x80004394 (0xb5597693) andi    a3, s2, -1195
core   0: 3 0x80004394 (0xb5597693) x13 0x7baedb41
core   0: 0x80004398 (0xb770ba13) sltiu   s4, ra, -1161
core   0: 3 0x80004398 (0xb770ba13) x20 0x00000001
core   0: 0x8000439c (0x0167b7b3) sltu    a5, a5, s6
core   0: 3 0x8000439c (0x0167b7b3) x15 0x00000001
core   0: 0x800043a0 (0x1c6e3413) sltiu   s0, t3, 454
core   0: 3 0x800043a0 (0x1c6e3413) x8  0x00000001
core   0: 0x800043a4 (0x1f2b4217) auipc   tp, 0x1f2b4
core   0: 3 0x800043a4 (0x1f2b4217) x4  0x9f2b83a4
core   0: 0x800043a8 (0x65372d37) lui     s10, 0x65372
core   0: 3 0x800043a8 (0x65372d37) x26 0x65372000
core   0: 0x800043ac (0x0174bcb3) sltu    s9, s1, s7
core   0: 3 0x800043ac (0x0174bcb3) x25 0x00000000
core   0: 0x800043b0 (0x40c3d733) sra     a4, t2, a2
core   0: 3 0x800043b0 (0x40c3d733) x14 0x00000000
core   0: 0x800043b4 (0x96f9e413) ori     s0, s3, -1681
core   0: 3 0x800043b4 (0x96f9e413) x8  0xfffff96f
core   0: 0x800043b8 (0x00cbf033) and     zero, s7, a2
core   0: 3 0x800043b8 (0x00cbf033)
core   0: 0x800043bc (0xcaa33a13) sltiu   s4, t1, -854
core   0: 3 0x800043bc (0xcaa33a13) x20 0x00000001
core   0: 0x800043c0 (0x001be4b3) or      s1, s7, ra
core   0: 3 0x800043c0 (0x001be4b3) x9  0xf4fb633c
core   0: 0x800043c4 (0x00739713) slli    a4, t2, 7
core   0: 3 0x800043c4 (0x00739713) x14 0x00000000
core   0: 0x800043c8 (0x59f17c13) andi    s8, sp, 1439
core   0: 3 0x800043c8 (0x59f17c13) x24 0x00000180
core   0: 0x800043cc (0x00826133) or      sp, tp, s0
core   0: 3 0x800043cc (0x00826133) x2  0xfffffbef
core   0: 0x800043d0 (0x47d6b197) auipc   gp, 0x47d6b
core   0: 3 0x800043d0 (0x47d6b197) x3  0xc7d6f3d0
core   0: 0x800043d4 (0xbcc0c693) xori    a3, ra, -1076
core   0: 3 0x800043d4 (0xbcc0c693) x13 0x0b0498f0
core   0: 0x800043d8 (0x000a1713) slli    a4, s4, 0
core   0: 3 0x800043d8 (0x000a1713) x14 0x00000001
core   0: 0x800043dc (0x004431b3) sltu    gp, s0, tp
core   0: 3 0x800043dc (0x004431b3) x3  0x00000000
core   0: 0x800043e0 (0x9ce4bc97) auipc   s9, 0x9ce4b
core   0: 3 0x800043e0 (0x9ce4bc97) x25 0x1ce4f3e0
core   0: 0x800043e4 (0x40900633) sub     a2, zero, s1
core   0: 3 0x800043e4 (0x40900633) x12 0x0b049cc4
core   0: 0x800043e8 (0x01a6cc33) xor     s8, a3, s10
core   0: 3 0x800043e8 (0x01a6cc33) x24 0x6e33b8f0
core   0: 0x800043ec (0x618bf813) andi    a6, s7, 1560
core   0: 3 0x800043ec (0x618bf813) x16 0x00000000
core   0: 0x800043f0 (0x00d49013) slli    zero, s1, 13
core   0: 3 0x800043f0 (0x00d49013)
core   0: 0x800043f4 (0x00090633) add     a2, s2, zero
core   0: 3 0x800043f4 (0x00090633) x12 0x7baedf6b
core   0: 0x800043f8 (0x013add33) srl     s10, s5, s3
core   0: 3 0x800043f8 (0x013add33) x26 0x00000000
core   0: 0x800043fc (0x009a75b3) and     a1, s4, s1
core   0: 3 0x800043fc (0x009a75b3) x11 0x00000000
core   0: 0x80004400 (0xdabefa93) andi    s5, t4, -597
core   0: 3 0x80004400 (0xdabefa93) x21 0x00000000
core   0: 0x80004404 (0xdd83ac93) slti    s9, t2, -552
core   0: 3 0x80004404 (0xdd83ac93) x25 0x00000000
core   0: 0x80004408 (0x417ed933) sra     s2, t4, s7
core   0: 3 0x80004408 (0x417ed933) x18 0x00000000
core   0: 0x8000440c (0x0035bbb3) sltu    s7, a1, gp
core   0: 3 0x8000440c (0x0035bbb3) x23 0x00000000
core   0: 0x80004410 (0x0083d8b3) srl     a7, t2, s0
core   0: 3 0x80004410 (0x0083d8b3) x17 0x00000000
core   0: 0x80004414 (0xe2278013) addi    zero, a5, -478
core   0: 3 0x80004414 (0xe2278013)
core   0: 0x80004418 (0xf5194193) xori    gp, s2, -175
core   0: 3 0x80004418 (0xf5194193) x3  0xffffff51
core   0: 0x8000441c (0x403a88b3) sub     a7, s5, gp
core   0: 3 0x8000441c (0x403a88b3) x17 0x000000af
core   0: 0x80004420 (0x005c20b3) slt     ra, s8, t0
core   0: 3 0x80004420 (0x005c20b3) x1  0x00000000
core   0: 0x80004424 (0x414b5b13) srai    s6, s6, 20
core   0: 3 0x80004424 (0x414b5b13) x22 0x00000000
core   0: 0x80004428 (0x9f0d8ab7) lui     s5, 0x9f0d8
core   0: 3 0x80004428 (0x9f0d8ab7) x21 0x9f0d8000
core   0: 0x8000442c (0x403856b3) sra     a3, a6, gp
core   0: 3 0x8000442c (0x403856b3) x13 0x00000000
core   0: 0x80004430 (0x00b821b3) slt     gp, a6, a1
core   0: 3 0x80004430 (0x00b821b3) x3  0x00000000
core   0: 0x80004434 (0x00281633) sll     a2, a6, sp
core   0: 3 0x80004434 (0x00281633) x12 0x00000000
core   0: 0x80004438 (0x01b36333) or      t1, t1, s11
core   0: 3 0x80004438 (0x01b36333) x6  0x80014fed
core   0: 0x8000443c (0xdb3aaf93) slti    t6, s5, -589
core   0: 3 0x8000443c (0xdb3aaf93) x31 0x00000001
core   0: 0x80004440 (0xe66dfdb7) lui     s11, 0xe66df
core   0: 3 0x80004440 (0xe66dfdb7) x27 0xe66df000
core   0: 0x80004444 (0x00c4d213) srli    tp, s1, 12
core   0: 3 0x80004444 (0x00c4d213) x4  0x000f4fb6
core   0: 0x80004448 (0x415fde33) sra     t3, t6, s5
core   0: 3 0x80004448 (0x415fde33) x28 0x00000001
core   0: 0x8000444c (0x4191d813) srai    a6, gp, 25
core   0: 3 0x8000444c (0x4191d813) x16 0x00000000
core   0: 0x80004450 (0x000584b3) add     s1, a1, zero
core   0: 3 0x80004450 (0x000584b3) x9  0x00000000
core   0: 0x80004454 (0x0098e333) or      t1, a7, s1
core   0: 3 0x80004454 (0x0098e333) x6  0x000000af
core   0: 0x80004458 (0x009c1813) slli    a6, s8, 9
core   0: 3 0x80004458 (0x009c1813) x16 0x6771e000
core   0: 0x8000445c (0x1d632413) slti    s0, t1, 470
core   0: 3 0x8000445c (0x1d632413) x8  0x00000001
core   0: 0x80004460 (0xe4ea9897) auipc   a7, 0xe4ea9
core   0: 3 0x80004460 (0xe4ea9897) x17 0x64ead460
core   0: 0x80004464 (0x401c5233) sra     tp, s8, ra
core   0: 3 0x80004464 (0x401c5233) x4  0x6e33b8f0
core   0: 0x80004468 (0x0071a3b3) slt     t2, gp, t2
core   0: 3 0x80004468 (0x0071a3b3) x7  0x00000000
core   0: 0x8000446c (0x404d0fb3) sub     t6, s10, tp
core   0: 3 0x8000446c (0x404d0fb3) x31 0x91cc4710
core   0: 0x80004470 (0xf70c5437) lui     s0, 0xf70c5
core   0: 3 0x80004470 (0xf70c5437) x8  0xf70c5000
core   0: 0x80004474 (0x002a9cb3) sll     s9, s5, sp
core   0: 3 0x80004474 (0x002a9cb3) x25 0xc0000000
core   0: 0x80004478 (0xd4360113) addi    sp, a2, -701
core   0: 3 0x80004478 (0xd4360113) x2  0xfffffd43
core   0: 0x8000447c (0xda9b7693) andi    a3, s6, -599
core   0: 3 0x8000447c (0xda9b7693) x13 0x00000000
core   0: 0x80004480 (0x009a3333) sltu    t1, s4, s1
core   0: 3 0x80004480 (0x009a3333) x6  0x00000000
core   0: 0x80004484 (0x2c8cfb93) andi    s7, s9, 712
core   0: 3 0x80004484 (0x2c8cfb93) x23 0x00000000
core   0: 0x80004488 (0xaa6fdfb7) lui     t6, 0xaa6fd
core   0: 3 0x80004488 (0xaa6fdfb7) x31 0xaa6fd000
core   0: 0x8000448c (0x0142a933) slt     s2, t0, s4
core   0: 3 0x8000448c (0x0142a933) x18 0x00000000
core   0: 0x80004490 (0x01761033) sll     zero, a2, s7
core   0: 3 0x80004490 (0x01761033)
core   0: 0x80004494 (0x40435013) srai    zero, t1, 4
core   0: 3 0x80004494 (0x40435013)
core   0: 0x80004498 (0x00000013) nop
core   0: 3 0x80004498 (0x00000013)
core   0: 0x8000449c (0x01cc70b3) and     ra, s8, t3
core   0: 3 0x8000449c (0x01cc70b3) x1  0x00000000
core   0: 0x800044a0 (0x00f34eb3) xor     t4, t1, a5
core   0: 3 0x800044a0 (0x00f34eb3) x29 0x00000001
core   0: 0x800044a4 (0x015bc033) xor     zero, s7, s5
core   0: 3 0x800044a4 (0x015bc033)
core   0: 0x800044a8 (0x01ec7eb3) and     t4, s8, t5
core   0: 3 0x800044a8 (0x01ec7eb3) x29 0x000188e0
core   0: 0x800044ac (0x012262b3) or      t0, tp, s2
core   0: 3 0x800044ac (0x012262b3) x5  0x6e33b8f0
core   0: 0x800044b0 (0x41e7dd93) srai    s11, a5, 30
core   0: 3 0x800044b0 (0x41e7dd93) x27 0x00000000
core   0: 0x800044b4 (0xf4514a93) xori    s5, sp, -187
core   0: 3 0x800044b4 (0xf4514a93) x21 0x00000206
core   0: 0x800044b8 (0x00984a33) xor     s4, a6, s1
core   0: 3 0x800044b8 (0x00984a33) x20 0x6771e000
core   0: 0x800044bc (0xbebc8813) addi    a6, s9, -1045
core   0: 3 0x800044bc (0xbebc8813) x16 0xbffffbeb
core   0: 0x800044c0 (0x00ed4033) xor     zero, s10, a4
core   0: 3 0x800044c0 (0x00ed4033)
core   0: 0x800044c4 (0x78a1e713) ori     a4, gp, 1930
core   0: 3 0x800044c4 (0x78a1e713) x14 0x0000078a
core   0: 0x800044c8 (0xe50df113) andi    sp, s11, -432
core   0: 3 0x800044c8 (0xe50df113) x2  0x00000000
core   0: 0x800044cc (0x019c53b3) srl     t2, s8, s9
core   0: 3 0x800044cc (0x019c53b3) x7  0x6e33b8f0
core   0: 0x800044d0 (0x00f97433) and     s0, s2, a5
core   0: 3 0x800044d0 (0x00f97433) x8  0x00000000
core   0: 0x800044d4 (0x00aea633) slt     a2, t4, a0
core   0: 3 0x800044d4 (0x00aea633) x12 0x00000000
core   0: 0x800044d8 (0x1f7d6013) ori     zero, s10, 503
core   0: 3 0x800044d8 (0x1f7d6013)
core   0: 0x800044dc (0x416e0933) sub     s2, t3, s6
core   0: 3 0x800044dc (0x416e0933) x18 0x00000001
core   0: 0x800044e0 (0x01f8f633) and     a2, a7, t6
core   0: 3 0x800044e0 (0x01f8f633) x12 0x206ad000
core   0: 0x800044e4 (0x01395c13) srli    s8, s2, 19
core   0: 3 0x800044e4 (0x01395c13) x24 0x00000000
core   0: 0x800044e8 (0x283afb13) andi    s6, s5, 643
core   0: 3 0x800044e8 (0x283afb13) x22 0x00000202
core   0: 0x800044ec (0x00ff82b3) add     t0, t6, a5
core   0: 3 0x800044ec (0x00ff82b3) x5  0xaa6fd001
core   0: 0x800044f0 (0x00397a33) and     s4, s2, gp
core   0: 3 0x800044f0 (0x00397a33) x20 0x00000000
core   0: 0x800044f4 (0x41c00bb3) sub     s7, zero, t3
core   0: 3 0x800044f4 (0x41c00bb3) x23 0xffffffff
core   0: 0x800044f8 (0x00452fb3) slt     t6, a0, tp
core   0: 3 0x800044f8 (0x00452fb3) x31 0x00000001
core   0: 0x800044fc (0x7ece7013) andi    zero, t3, 2028
core   0: 3 0x800044fc (0x7ece7013)
core   0: 0x80004500 (0x61c30013) addi    zero, t1, 1564
core   0: 3 0x80004500 (0x61c30013)
core   0: 0x80004504 (0x01eefb33) and     s6, t4, t5
core   0: 3 0x80004504 (0x01eefb33) x22 0x000188e0
core   0: 0x80004508 (0xed13b713) sltiu   a4, t2, -303
core   0: 3 0x80004508 (0xed13b713) x14 0x00000001
core   0: 0x8000450c (0x64672d97) auipc   s11, 0x64672
core   0: 3 0x8000450c (0x64672d97) x27 0xe467650c
core   0: 0x80004510 (0x3c967297) auipc   t0, 0x3c967
core   0: 3 0x80004510 (0x3c967297) x5  0xbc96b510
core   0: 0x80004514 (0x8b683897) auipc   a7, 0x8b683
core   0: 3 0x80004514 (0x8b683897) x17 0x0b687514
core   0: 0x80004518 (0x00b9a933) slt     s2, s3, a1
core   0: 3 0x80004518 (0x00b9a933) x18 0x00000000
core   0: 0x8000451c (0x00f88333) add     t1, a7, a5
core   0: 3 0x8000451c (0x00f88333) x6  0x0b687515
core   0: 0x80004520 (0x00639f93) slli    t6, t2, 6
core   0: 3 0x80004520 (0x00639f93) x31 0x8cee3c00
core   0: 0x80004524 (0x01969313) slli    t1, a3, 25
core   0: 3 0x80004524 (0x01969313) x6  0x00000000
core   0: 0x80004528 (0x2d0fc813) xori    a6, t6, 720
core   0: 3 0x80004528 (0x2d0fc813) x16 0x8cee3ed0
core   0: 0x8000452c (0x00000013) nop
core   0: 3 0x8000452c (0x00000013)
core   0: 0x80004530 (0x8fbc3413) sltiu   s0, s8, -1797
core   0: 3 0x80004530 (0x8fbc3413) x8  0x00000001
core   0: 0x80004534 (0x018cf033) and     zero, s9, s8
core   0: 3 0x80004534 (0x018cf033)
core   0: 0x80004538 (0x00000013) nop
core   0: 3 0x80004538 (0x00000013)
core   0: 0x8000453c (0x253aef93) ori     t6, s5, 595
core   0: 3 0x8000453c (0x253aef93) x31 0x00000257
core   0: 0x80004540 (0x010946b3) xor     a3, s2, a6
core   0: 3 0x80004540 (0x010946b3) x13 0x8cee3ed0
core   0: 0x80004544 (0xc4ab1437) lui     s0, 0xc4ab1
core   0: 3 0x80004544 (0xc4ab1437) x8  0xc4ab1000
core   0: 0x80004548 (0xa9804113) xori    sp, zero, -1384
core   0: 3 0x80004548 (0xa9804113) x2  0xfffffa98
core   0: 0x8000454c (0x00619833) sll     a6, gp, t1
core   0: 3 0x8000454c (0x00619833) x16 0x00000000
core   0: 0x80004550 (0x0033a7b3) slt     a5, t2, gp
core   0: 3 0x80004550 (0x0033a7b3) x15 0x00000000
core   0: 0x80004554 (0x41d30b33) sub     s6, t1, t4
core   0: 3 0x80004554 (0x41d30b33) x22 0xfffe7720
core   0: 0x80004558 (0x65ccfa13) andi    s4, s9, 1628
core   0: 3 0x80004558 (0x65ccfa13) x20 0x00000000
core   0: 0x8000455c (0x6ab9f113) andi    sp, s3, 1707
core   0: 3 0x8000455c (0x6ab9f113) x2  0x0000000b
core   0: 0x80004560 (0x00185d93) srli    s11, a6, 1
core   0: 3 0x80004560 (0x00185d93) x27 0x00000000
core   0: 0x80004564 (0x00d3d6b3) srl     a3, t2, a3
core   0: 3 0x80004564 (0x00d3d6b3) x13 0x00006e33
core   0: 0x80004568 (0x00000013) nop
core   0: 3 0x80004568 (0x00000013)
core   0: 0x8000456c (0x40ad5413) srai    s0, s10, 10
core   0: 3 0x8000456c (0x40ad5413) x8  0x00000000
core   0: 0x80004570 (0x00105633) srl     a2, zero, ra
core   0: 3 0x80004570 (0x00105633) x12 0x00000000
core   0: 0x80004574 (0xd3ee0493) addi    s1, t3, -706
core   0: 3 0x80004574 (0xd3ee0493) x9  0xfffffd3f
core   0: 0x80004578 (0x4216f793) andi    a5, a3, 1057
core   0: 3 0x80004578 (0x4216f793) x15 0x00000421
core   0: 0x8000457c (0x010cc233) xor     tp, s9, a6
core   0: 3 0x8000457c (0x010cc233) x4  0xc0000000
core   0: 0x80004580 (0x006df793) andi    a5, s11, 6
core   0: 3 0x80004580 (0x006df793) x15 0x00000000
core   0: 0x80004584 (0x00c91713) slli    a4, s2, 12
core   0: 3 0x80004584 (0x00c91713) x14 0x00000000
core   0: 0x80004588 (0x0085c833) xor     a6, a1, s0
core   0: 3 0x80004588 (0x0085c833) x16 0x00000000
core   0: 0x8000458c (0x0008d8b3) srl     a7, a7, zero
core   0: 3 0x8000458c (0x0008d8b3) x17 0x0b687514
core   0: 0x80004590 (0xed8cbe93) sltiu   t4, s9, -296
core   0: 3 0x80004590 (0xed8cbe93) x29 0x00000001
core   0: 0x80004594 (0x01bc1fb3) sll     t6, s8, s11
core   0: 3 0x80004594 (0x01bc1fb3) x31 0x00000000
core   0: 0x80004598 (0x00bbdb33) srl     s6, s7, a1
core   0: 3 0x80004598 (0x00bbdb33) x22 0xffffffff
core   0: 0x8000459c (0x40205613) srai    a2, zero, 2
core   0: 3 0x8000459c (0x40205613) x12 0x00000000
core   0: 0x800045a0 (0xbe26c793) xori    a5, a3, -1054
core   0: 3 0x800045a0 (0xbe26c793) x15 0xffff95d1
core   0: 0x800045a4 (0x8e594693) xori    a3, s2, -1819
core   0: 3 0x800045a4 (0x8e594693) x13 0xfffff8e5
core   0: 0x800045a8 (0x00000013) nop
core   0: 3 0x800045a8 (0x00000013)
core   0: 0x800045ac (0xe5653c37) lui     s8, 0xe5653
core   0: 3 0x800045ac (0xe5653c37) x24 0xe5653000
core   0: 0x800045b0 (0x008eb0b3) sltu    ra, t4, s0
core   0: 3 0x800045b0 (0x008eb0b3) x1  0x00000000
core   0: 0x800045b4 (0x019393b3) sll     t2, t2, s9
core   0: 3 0x800045b4 (0x019393b3) x7  0x6e33b8f0
core   0: 0x800045b8 (0x0a84bfb7) lui     t6, 0xa84b
core   0: 3 0x800045b8 (0x0a84bfb7) x31 0x0a84b000
core   0: 0x800045bc (0x0e913c17) auipc   s8, 0xe913
core   0: 3 0x800045bc (0x0e913c17) x24 0x8e9175bc
core   0: 0x800045c0 (0x82c40297) auipc   t0, 0x82c40
core   0: 3 0x800045c0 (0x82c40297) x5  0x02c445c0
core   0: 0x800045c4 (0xb4793c13) sltiu   s8, s2, -1209
core   0: 3 0x800045c4 (0xb4793c13) x24 0x00000001
core   0: 0x800045c8 (0xa426e413) ori     s0, a3, -1470
core   0: 3 0x800045c8 (0xa426e413) x8  0xfffffae7
core   0: 0x800045cc (0x40af5413) srai    s0, t5, 10
core   0: 3 0x800045cc (0x40af5413) x8  0xffe00063
core   0: 0x800045d0 (0x01ca55b3) srl     a1, s4, t3
core   0: 3 0x800045d0 (0x01ca55b3) x11 0x00000000
core   0: 0x800045d4 (0x83844713) xori    a4, s0, -1992
core   0: 3 0x800045d4 (0x83844713) x14 0x001ff85b
core   0: 0x800045d8 (0x01cdd6b3) srl     a3, s11, t3
core   0: 3 0x800045d8 (0x01cdd6b3) x13 0x00000000
core   0: 0x800045dc (0x40885733) sra     a4, a6, s0
core   0: 3 0x800045dc (0x40885733) x14 0x00000000
core   0: 0x800045e0 (0x404ddb13) srai    s6, s11, 4
core   0: 3 0x800045e0 (0x404ddb13) x22 0x00000000
core   0: 0x800045e4 (0x01a91eb3) sll     t4, s2, s10
core   0: 3 0x800045e4 (0x01a91eb3) x29 0x00000000
core   0: 0x800045e8 (0xa912c593) xori    a1, t0, -1391
core   0: 3 0x800045e8 (0xa912c593) x11 0xfd3bbf51
core   0: 0x800045ec (0x00d50433) add     s0, a0, a3
core   0: 3 0x800045ec (0x00d50433) x8  0x80014e64
core   0: 0x800045f0 (0x17e34a93) xori    s5, t1, 382
core   0: 3 0x800045f0 (0x17e34a93) x21 0x0000017e
core   0: 0x800045f4 (0xe9118313) addi    t1, gp, -367
core   0: 3 0x800045f4 (0xe9118313) x6  0xfffffe91
core   0: 0x800045f8 (0x41ce8033) sub     zero, t4, t3
core   0: 3 0x800045f8 (0x41ce8033)
core   0: 0x800045fc (0xd353b237) lui     tp, 0xd353b
core   0: 3 0x800045fc (0xd353b237) x4  0xd353b000
core   0: 0x80004600 (0x00f71b93) slli    s7, a4, 15
core   0: 3 0x80004600 (0x00f71b93) x23 0x00000000
core   0: 0x80004604 (0x01d01833) sll     a6, zero, t4
core   0: 3 0x80004604 (0x01d01833) x16 0x00000000
core   0: 0x80004608 (0x013fd313) srli    t1, t6, 19
core   0: 3 0x80004608 (0x013fd313) x6  0x00000150
core   0: 0x8000460c (0xad294ab7) lui     s5, 0xad294
core   0: 3 0x8000460c (0xad294ab7) x21 0xad294000
core   0: 0x80004610 (0x04727793) andi    a5, tp, 71
core   0: 3 0x80004610 (0x04727793) x15 0x00000000
core   0: 0x80004614 (0x0017ed33) or      s10, a5, ra
core   0: 3 0x80004614 (0x0017ed33) x26 0x00000000
core   0: 0x80004618 (0x01465333) srl     t1, a2, s4
core   0: 3 0x80004618 (0x01465333) x6  0x00000000
core   0: 0x8000461c (0x7667c713) xori    a4, a5, 1894
core   0: 3 0x8000461c (0x7667c713) x14 0x00000766
core   0: 0x80004620 (0x005f4bb3) xor     s7, t5, t0
core   0: 3 0x80004620 (0x005f4bb3) x23 0x82c5c924
core   0: 0x80004624 (0x0056f2b3) and     t0, a3, t0
core   0: 3 0x80004624 (0x0056f2b3) x5  0x00000000
core   0: 0x80004628 (0x41d1d833) sra     a6, gp, t4
core   0: 3 0x80004628 (0x41d1d833) x16 0x00000000
core   0: 0x8000462c (0x014a1413) slli    s0, s4, 20
core   0: 3 0x8000462c (0x014a1413) x8  0x00000000
core   0: 0x80004630 (0x019b2933) slt     s2, s6, s9
core   0: 3 0x80004630 (0x019b2933) x18 0x00000000
core   0: 0x80004634 (0x0196aa33) slt     s4, a3, s9
core   0: 3 0x80004634 (0x0196aa33) x20 0x00000000
core   0: 0x80004638 (0x342ec413) xori    s0, t4, 834
core   0: 3 0x80004638 (0x342ec413) x8  0x00000342
core   0: 0x8000463c (0x401000b3) sub     ra, zero, ra
core   0: 3 0x8000463c (0x401000b3) x1  0x00000000
core   0: 0x80004640 (0x01f436b3) sltu    a3, s0, t6
core   0: 3 0x80004640 (0x01f436b3) x13 0x00000001
core   0: 0x80004644 (0x01b82db3) slt     s11, a6, s11
core   0: 3 0x80004644 (0x01b82db3) x27 0x00000000
core   0: 0x80004648 (0x9954b393) sltiu   t2, s1, -1643
core   0: 3 0x80004648 (0x9954b393) x7  0x00000000
core   0: 0x8000464c (0x00b91a93) slli    s5, s2, 11
core   0: 3 0x8000464c (0x00b91a93) x21 0x00000000
core   0: 0x80004650 (0xaff99637) lui     a2, 0xaff99
core   0: 3 0x80004650 (0xaff99637) x12 0xaff99000
core   0: 0x80004654 (0xc7bd8d13) addi    s10, s11, -901
core   0: 3 0x80004654 (0xc7bd8d13) x26 0xfffffc7b
core   0: 0x80004658 (0x8f800293) li      t0, -1800
core   0: 3 0x80004658 (0x8f800293) x5  0xfffff8f8
core   0: 0x8000465c (0x41c507b3) sub     a5, a0, t3
core   0: 3 0x8000465c (0x41c507b3) x15 0x80014e63
core   0: 0x80004660 (0x003f1eb3) sll     t4, t5, gp
core   0: 3 0x80004660 (0x003f1eb3) x29 0x80018ce4
core   0: 0x80004664 (0x00000013) nop
core   0: 3 0x80004664 (0x00000013)
core   0: 0x80004668 (0x0079c3b3) xor     t2, s3, t2
core   0: 3 0x80004668 (0x0079c3b3) x7  0x0000000f
core   0: 0x8000466c (0x00c9b5b3) sltu    a1, s3, a2
core   0: 3 0x8000466c (0x00c9b5b3) x11 0x00000001
core   0: 0x80004670 (0x4522bc93) sltiu   s9, t0, 1106
core   0: 3 0x80004670 (0x4522bc93) x25 0x00000000
core   0: 0x80004674 (0x00815193) srli    gp, sp, 8
core   0: 3 0x80004674 (0x00815193) x3  0x00000000
core   0: 0x80004678 (0x01271fb3) sll     t6, a4, s2
core   0: 3 0x80004678 (0x01271fb3) x31 0x00000766
core   0: 0x8000467c (0x01ea7cb3) and     s9, s4, t5
core   0: 3 0x8000467c (0x01ea7cb3) x25 0x00000000
core   0: 0x80004680 (0x0048b333) sltu    t1, a7, tp
core   0: 3 0x80004680 (0x0048b333) x6  0x00000001
core   0: 0x80004684 (0x40985713) srai    a4, a6, 9
core   0: 3 0x80004684 (0x40985713) x14 0x00000000
core   0: 0x80004688 (0x0191fab3) and     s5, gp, s9
core   0: 3 0x80004688 (0x0191fab3) x21 0x00000000
core   0: 0x8000468c (0x01340233) add     tp, s0, s3
core   0: 3 0x8000468c (0x01340233) x4  0x00000351
core   0: 0x80004690 (0x00df1a93) slli    s5, t5, 13
core   0: 3 0x80004690 (0x00df1a93) x21 0x319c8000
core   0: 0x80004694 (0x0111d333) srl     t1, gp, a7
core   0: 3 0x80004694 (0x0111d333) x6  0x00000000
core   0: 0x80004698 (0x00d89a93) slli    s5, a7, 13
core   0: 3 0x80004698 (0x00d89a93) x21 0x0ea28000
core   0: 0x8000469c (0x006887b3) add     a5, a7, t1
core   0: 3 0x8000469c (0x006887b3) x15 0x0b687514
core   0: 0x800046a0 (0x00000013) nop
core   0: 3 0x800046a0 (0x00000013)
core   0: 0x800046a4 (0x414d82b3) sub     t0, s11, s4
core   0: 3 0x800046a4 (0x414d82b3) x5  0x00000000
core   0: 0x800046a8 (0x404e83b3) sub     t2, t4, tp
core   0: 3 0x800046a8 (0x404e83b3) x7  0x80018993
core   0: 0x800046ac (0x010411b3) sll     gp, s0, a6
core   0: 3 0x800046ac (0x010411b3) x3  0x00000342
core   0: 0x800046b0 (0x639ec8b7) lui     a7, 0x639ec
core   0: 3 0x800046b0 (0x639ec8b7) x17 0x639ec000
core   0: 0x800046b4 (0xb3503b93) sltiu   s7, zero, -1227
core   0: 3 0x800046b4 (0xb3503b93) x23 0x00000001
core   0: 0x800046b8 (0x00000013) nop
core   0: 3 0x800046b8 (0x00000013)
core   0: 0x800046bc (0x01944bb3) xor     s7, s0, s9
core   0: 3 0x800046bc (0x01944bb3) x23 0x00000342
core   0: 0x800046c0 (0xce554597) auipc   a1, 0xce554
core   0: 3 0x800046c0 (0xce554597) x11 0x4e5586c0
core   0: 0x800046c4 (0xd5420193) addi    gp, tp, -684
core   0: 3 0x800046c4 (0xd5420193) x3  0x000000a5
core   0: 0x800046c8 (0x0026cbb3) xor     s7, a3, sp
core   0: 3 0x800046c8 (0x0026cbb3) x23 0x0000000a
core   0: 0x800046cc (0x017f2933) slt     s2, t5, s7
core   0: 3 0x800046cc (0x017f2933) x18 0x00000001
core   0: 0x800046d0 (0x68027e93) andi    t4, tp, 1664
core   0: 3 0x800046d0 (0x68027e93) x29 0x00000200
core   0: 0x800046d4 (0x4ecefa93) andi    s5, t4, 1260
core   0: 3 0x800046d4 (0x4ecefa93) x21 0x00000000
core   0: 0x800046d8 (0xfc756097) auipc   ra, 0xfc756
core   0: 3 0x800046d8 (0xfc756097) x1  0x7c75a6d8
core   0: 0x800046dc (0x1d1bd317) auipc   t1, 0x1d1bd
core   0: 3 0x800046dc (0x1d1bd317) x6  0x9d1c16dc
core   0: 0x800046e0 (0x75f8e237) lui     tp, 0x75f8e
core   0: 3 0x800046e0 (0x75f8e237) x4  0x75f8e000
core   0: 0x800046e4 (0x3f81c493) xori    s1, gp, 1016
core   0: 3 0x800046e4 (0x3f81c493) x9  0x0000035d
core   0: 0x800046e8 (0xcd9d1737) lui     a4, 0xcd9d1
core   0: 3 0x800046e8 (0xcd9d1737) x14 0xcd9d1000
core   0: 0x800046ec (0x0041c8b3) xor     a7, gp, tp
core   0: 3 0x800046ec (0x0041c8b3) x17 0x75f8e0a5
core   0: 0x800046f0 (0x042e8413) addi    s0, t4, 66
core   0: 3 0x800046f0 (0x042e8413) x8  0x00000242
core   0: 0x800046f4 (0x7f56ab93) slti    s7, a3, 2037
core   0: 3 0x800046f4 (0x7f56ab93) x23 0x00000001
core   0: 0x800046f8 (0x00a7d693) srli    a3, a5, 10
core   0: 3 0x800046f8 (0x00a7d693) x13 0x0002da1d
core   0: 0x800046fc (0x63ae7bb7) lui     s7, 0x63ae7
core   0: 3 0x800046fc (0x63ae7bb7) x23 0x63ae7000
core   0: 0x80004700 (0xbc7eea93) ori     s5, t4, -1081
core   0: 3 0x80004700 (0xbc7eea93) x21 0xfffffbc7
core   0: 0x80004704 (0x87726b93) ori     s7, tp, -1929
core   0: 3 0x80004704 (0x87726b93) x23 0xfffff877
core   0: 0x80004708 (0x26397417) auipc   s0, 0x26397
core   0: 3 0x80004708 (0x26397417) x8  0xa639b708
core   0: 0x8000470c (0x01c15933) srl     s2, sp, t3
core   0: 3 0x8000470c (0x01c15933) x18 0x00000005
core   0: 0x80004710 (0x01b75033) srl     zero, a4, s11
core   0: 3 0x80004710 (0x01b75033)
core   0: 0x80004714 (0x32e26e97) auipc   t4, 0x32e26
core   0: 3 0x80004714 (0x32e26e97) x29 0xb2e2a714
core   0: 0x80004718 (0xd8c4b697) auipc   a3, 0xd8c4b
core   0: 3 0x80004718 (0xd8c4b697) x13 0x58c4f718
core   0: 0x8000471c (0x92178c93) addi    s9, a5, -1759
core   0: 3 0x8000471c (0x92178c93) x25 0x0b686e35
core   0: 0x80004720 (0x010d52b3) srl     t0, s10, a6
core   0: 3 0x80004720 (0x010d52b3) x5  0xfffffc7b
core   0: 0x80004724 (0x00a93933) sltu    s2, s2, a0
core   0: 3 0x80004724 (0x00a93933) x18 0x00000001
core   0: 0x80004728 (0x7be7c193) xori    gp, a5, 1982
core   0: 3 0x80004728 (0x7be7c193) x3  0x0b6872aa
core   0: 0x8000472c (0x01504b33) xor     s6, zero, s5
core   0: 3 0x8000472c (0x01504b33) x22 0xfffffbc7
core   0: 0x80004730 (0x70eaaa93) slti    s5, s5, 1806
core   0: 3 0x80004730 (0x70eaaa93) x21 0x00000001
core   0: 0x80004734 (0x001a80b3) add     ra, s5, ra
core   0: 3 0x80004734 (0x001a80b3) x1  0x7c75a6d9
core   0: 0x80004738 (0x00a29113) slli    sp, t0, 10
core   0: 3 0x80004738 (0x00a29113) x2  0xfff1ec00
core   0: 0x8000473c (0x37d94d13) xori    s10, s2, 893
core   0: 3 0x8000473c (0x37d94d13) x26 0x0000037c
core   0: 0x80004740 (0x017ee033) or      zero, t4, s7
core   0: 3 0x80004740 (0x017ee033)
core   0: 0x80004744 (0x3907b913) sltiu   s2, a5, 912
core   0: 3 0x80004744 (0x3907b913) x18 0x00000000
core   0: 0x80004748 (0x41525593) srai    a1, tp, 21
core   0: 3 0x80004748 (0x41525593) x11 0x000003af
core   0: 0x8000474c (0x0e5eb793) sltiu   a5, t4, 229
core   0: 3 0x8000474c (0x0e5eb793) x15 0x00000000
core   0: 0x80004750 (0x00691733) sll     a4, s2, t1
core   0: 3 0x80004750 (0x00691733) x14 0x00000000
core   0: 0x80004754 (0x483faab7) lui     s5, 0x483fa
core   0: 3 0x80004754 (0x483faab7) x21 0x483fa000
core   0: 0x80004758 (0x41a460b7) lui     ra, 0x41a46
core   0: 3 0x80004758 (0x41a460b7) x1  0x41a46000
core   0: 0x8000475c (0x014cafb3) slt     t6, s9, s4
core   0: 3 0x8000475c (0x014cafb3) x31 0x00000000
core   0: 0x80004760 (0x71c24893) xori    a7, tp, 1820
core   0: 3 0x80004760 (0x71c24893) x17 0x75f8e71c
core   0: 0x80004764 (0x00161193) slli    gp, a2, 1
core   0: 3 0x80004764 (0x00161193) x3  0x5ff32000
core   0: 0x80004768 (0x0146c633) xor     a2, a3, s4
core   0: 3 0x80004768 (0x0146c633) x12 0x58c4f718
core   0: 0x8000476c (0x41bf8c33) sub     s8, t6, s11
core   0: 3 0x8000476c (0x41bf8c33) x24 0x00000000
core   0: 0x80004770 (0xd18c3593) sltiu   a1, s8, -744
core   0: 3 0x80004770 (0xd18c3593) x11 0x00000001
core   0: 0x80004774 (0x40ce5233) sra     tp, t3, a2
core   0: 3 0x80004774 (0x40ce5233) x4  0x00000000
core   0: 0x80004778 (0x00bf0833) add     a6, t5, a1
core   0: 3 0x80004778 (0x00bf0833) x16 0x80018ce5
core   0: 0x8000477c (0x13362e93) slti    t4, a2, 307
core   0: 3 0x8000477c (0x13362e93) x29 0x00000000
core   0: 0x80004780 (0x00000013) nop
core   0: 3 0x80004780 (0x00000013)
core   0: 0x80004784 (0x80ff7213) andi    tp, t5, -2033
core   0: 3 0x80004784 (0x80ff7213) x4  0x80018804
core   0: 0x80004788 (0x00dd8db3) add     s11, s11, a3
core   0: 3 0x80004788 (0x00dd8db3) x27 0x58c4f718
core   0: 0x8000478c (0x00000013) nop
core   0: 3 0x8000478c (0x00000013)
core   0: 0x80004790 (0x00b8ddb3) srl     s11, a7, a1
core   0: 3 0x80004790 (0x00b8ddb3) x27 0x3afc738e
core   0: 0x80004794 (0x162197b7) lui     a5, 0x16219
core   0: 3 0x80004794 (0x162197b7) x15 0x16219000
core   0: 0x80004798 (0x00000013) nop
core   0: 3 0x80004798 (0x00000013)
core   0: 0x8000479c (0x13a12a13) slti    s4, sp, 314
core   0: 3 0x8000479c (0x13a12a13) x20 0x00000001
core   0: 0x800047a0 (0x41c0d333) sra     t1, ra, t3
core   0: 3 0x800047a0 (0x41c0d333) x6  0x20d23000
core   0: 0x800047a4 (0xf8af8593) addi    a1, t6, -118
core   0: 3 0x800047a4 (0xf8af8593) x11 0xffffff8a
core   0: 0x800047a8 (0x4125db13) srai    s6, a1, 18
core   0: 3 0x800047a8 (0x4125db13) x22 0xffffffff
core   0: 0x800047ac (0x017a3ab3) sltu    s5, s4, s7
core   0: 3 0x800047ac (0x017a3ab3) x21 0x00000001
core   0: 0x800047b0 (0x00007233) and     tp, zero, zero
core   0: 3 0x800047b0 (0x00007233) x4  0x00000000
core   0: 0x800047b4 (0x8964ee93) ori     t4, s1, -1898
core   0: 3 0x800047b4 (0x8964ee93) x29 0xfffffbdf
core   0: 0x800047b8 (0x014fb1b3) sltu    gp, t6, s4
core   0: 3 0x800047b8 (0x014fb1b3) x3  0x00000001
core   0: 0x800047bc (0x00261093) slli    ra, a2, 2
core   0: 3 0x800047bc (0x00261093) x1  0x6313dc60
core   0: 0x800047c0 (0x004a6d33) or      s10, s4, tp
core   0: 3 0x800047c0 (0x004a6d33) x26 0x00000001
core   0: 0x800047c4 (0x005d8333) add     t1, s11, t0
core   0: 3 0x800047c4 (0x005d8333) x6  0x3afc7009
core   0: 0x800047c8 (0x403f5193) srai    gp, t5, 3
core   0: 3 0x800047c8 (0x403f5193) x3  0xf000319c
core   0: 0x800047cc (0x003f8033) add     zero, t6, gp
core   0: 3 0x800047cc (0x003f8033)
core   0: 0x800047d0 (0x1a52b593) sltiu   a1, t0, 421
core   0: 3 0x800047d0 (0x1a52b593) x11 0x00000000
core   0: 0x800047d4 (0x015068b3) or      a7, zero, s5
core   0: 3 0x800047d4 (0x015068b3) x17 0x00000001
core   0: 0x800047d8 (0xc68d6fb7) lui     t6, 0xc68d6
core   0: 3 0x800047d8 (0xc68d6fb7) x31 0xc68d6000
core   0: 0x800047dc (0x6dd4eb93) ori     s7, s1, 1757
core   0: 3 0x800047dc (0x6dd4eb93) x23 0x000007dd
core   0: 0x800047e0 (0x0ea33613) sltiu   a2, t1, 234
core   0: 3 0x800047e0 (0x0ea33613) x12 0x00000000
core   0: 0x800047e4 (0x004e9193) slli    gp, t4, 4
core   0: 3 0x800047e4 (0x004e9193) x3  0xffffbdf0
core   0: 0x800047e8 (0x00974c33) xor     s8, a4, s1
core   0: 3 0x800047e8 (0x00974c33) x24 0x0000035d
core   0: 0x800047ec (0x413b0833) sub     a6, s6, s3
core   0: 3 0x800047ec (0x413b0833) x16 0xfffffff0
core   0: 0x800047f0 (0x0115f933) and     s2, a1, a7
core   0: 3 0x800047f0 (0x0115f933) x18 0x00000000
core   0: 0x800047f4 (0x00cba7b3) slt     a5, s7, a2
core   0: 3 0x800047f4 (0x00cba7b3) x15 0x00000000
core   0: 0x800047f8 (0x00c605b3) add     a1, a2, a2
core   0: 3 0x800047f8 (0x00c605b3) x11 0x00000000
core   0: 0x800047fc (0x018827b3) slt     a5, a6, s8
core   0: 3 0x800047fc (0x018827b3) x15 0x00000001
core   0: 0x80004800 (0x73f80193) addi    gp, a6, 1855
core   0: 3 0x80004800 (0x73f80193) x3  0x0000072f
core   0: 0x80004804 (0x812a4c17) auipc   s8, 0x812a4
core   0: 3 0x80004804 (0x812a4c17) x24 0x012a8804
core   0: 0x80004808 (0x311bfb93) andi    s7, s7, 785
core   0: 3 0x80004808 (0x311bfb93) x23 0x00000311
core   0: 0x8000480c (0x82424c13) xori    s8, tp, -2012
core   0: 3 0x8000480c (0x82424c13) x24 0xfffff824
core   0: 0x80004810 (0x11be0793) addi    a5, t3, 283
core   0: 3 0x80004810 (0x11be0793) x15 0x0000011c
core   0: 0x80004814 (0x00f9dfb3) srl     t6, s3, a5
core   0: 3 0x80004814 (0x00f9dfb3) x31 0x00000000
core   0: 0x80004818 (0x00000013) nop
core   0: 3 0x80004818 (0x00000013)
core   0: 0x8000481c (0x9b3b1117) auipc   sp, 0x9b3b1
core   0: 3 0x8000481c (0x9b3b1117) x2  0x1b3b581c
core   0: 0x80004820 (0x6141f393) andi    t2, gp, 1556
core   0: 3 0x80004820 (0x6141f393) x7  0x00000604
core   0: 0x80004824 (0x4153d213) srai    tp, t2, 21
core   0: 3 0x80004824 (0x4153d213) x4  0x00000000
core   0: 0x80004828 (0x001a2333) slt     t1, s4, ra
core   0: 3 0x80004828 (0x001a2333) x6  0x00000001
core   0: 0x8000482c (0x01385c13) srli    s8, a6, 19
core   0: 3 0x8000482c (0x01385c13) x24 0x00001fff
core   0: 0x80004830 (0xe5d444b7) lui     s1, 0xe5d44
core   0: 3 0x80004830 (0xe5d444b7) x9  0xe5d44000
core   0: 0x80004834 (0xce727893) andi    a7, tp, -793
core   0: 3 0x80004834 (0xce727893) x17 0x00000000
core   0: 0x80004838 (0xa6177713) andi    a4, a4, -1439
core   0: 3 0x80004838 (0xa6177713) x14 0x00000000
core   0: 0x8000483c (0x0119e433) or      s0, s3, a7
core   0: 3 0x8000483c (0x0119e433) x8  0x0000000f
core   0: 0x80004840 (0xa0ac3d97) auipc   s11, 0xa0ac3
core   0: 3 0x80004840 (0xa0ac3d97) x27 0x20ac7840
core   0: 0x80004844 (0x01dc5413) srli    s0, s8, 29
core   0: 3 0x80004844 (0x01dc5413) x8  0x00000000
core   0: 0x80004848 (0x00000013) nop
core   0: 3 0x80004848 (0x00000013)
core   0: 0x8000484c (0x41c35293) srai    t0, t1, 28
core   0: 3 0x8000484c (0x41c35293) x5  0x00000000
core   0: 0x80004850 (0x00b8b233) sltu    tp, a7, a1
core   0: 3 0x80004850 (0x00b8b233) x4  0x00000000
core   0: 0x80004854 (0x01f0bb33) sltu    s6, ra, t6
core   0: 3 0x80004854 (0x01f0bb33) x22 0x00000000
core   0: 0x80004858 (0x8fea2693) slti    a3, s4, -1794
core   0: 3 0x80004858 (0x8fea2693) x13 0x00000000
core   0: 0x8000485c (0x6fd83813) sltiu   a6, a6, 1789
core   0: 3 0x8000485c (0x6fd83813) x16 0x00000000
core   0: 0x80004860 (0xaa436f93) ori     t6, t1, -1372
core   0: 3 0x80004860 (0xaa436f93) x31 0xfffffaa5
core   0: 0x80004864 (0xdc32e113) ori     sp, t0, -573
core   0: 3 0x80004864 (0xdc32e113) x2  0xfffffdc3
core   0: 0x80004868 (0x83113e17) auipc   t3, 0x83113
core   0: 3 0x80004868 (0x83113e17) x28 0x03117868
core   0: 0x8000486c (0x015d1793) slli    a5, s10, 21
core   0: 3 0x8000486c (0x015d1793) x15 0x00200000
core   0: 0x80004870 (0x000eb1b3) sltu    gp, t4, zero
core   0: 3 0x80004870 (0x000eb1b3) x3  0x00000000
core   0: 0x80004874 (0x013dcfb3) xor     t6, s11, s3
core   0: 3 0x80004874 (0x013dcfb3) x31 0x20ac784f
core   0: 0x80004878 (0x819cab13) slti    s6, s9, -2023
core   0: 3 0x80004878 (0x819cab13) x22 0x00000000
core   0: 0x8000487c (0x018aad33) slt     s10, s5, s8
core   0: 3 0x8000487c (0x018aad33) x26 0x00000001
core   0: 0x80004880 (0x5d757213) andi    tp, a0, 1495
core   0: 3 0x80004880 (0x5d757213) x4  0x00000444
core   0: 0x80004884 (0x001f8bb3) add     s7, t6, ra
core   0: 3 0x80004884 (0x001f8bb3) x23 0x83c054af
core   0: 0x80004888 (0x3a9e3737) lui     a4, 0x3a9e3
core   0: 3 0x80004888 (0x3a9e3737) x14 0x3a9e3000
core   0: 0x8000488c (0x003a43b3) xor     t2, s4, gp
core   0: 3 0x8000488c (0x003a43b3) x7  0x00000001
core   0: 0x80004890 (0x5331e313) ori     t1, gp, 1331
core   0: 3 0x80004890 (0x5331e313) x6  0x00000533
core   0: 0x80004894 (0x0179d5b3) srl     a1, s3, s7
core   0: 3 0x80004894 (0x0179d5b3) x11 0x00000000
core   0: 0x80004898 (0x41105093) srai    ra, zero, 17
core   0: 3 0x80004898 (0x41105093) x1  0x00000000
core   0: 0x8000489c (0x009e7133) and     sp, t3, s1
core   0: 3 0x8000489c (0x009e7133) x2  0x01104000
core   0: 0x800048a0 (0x00d8bc33) sltu    s8, a7, a3
core   0: 3 0x800048a0 (0x00d8bc33) x24 0x00000000
core   0: 0x800048a4 (0x013d5e93) srli    t4, s10, 19
core   0: 3 0x800048a4 (0x013d5e93) x29 0x00000000
core   0: 0x800048a8 (0x4180d093) srai    ra, ra, 24
core   0: 3 0x800048a8 (0x4180d093) x1  0x00000000
core   0: 0x800048ac (0x01e8fd33) and     s10, a7, t5
core   0: 3 0x800048ac (0x01e8fd33) x26 0x00000000
core   0: 0x800048b0 (0x00eea733) slt     a4, t4, a4
core   0: 3 0x800048b0 (0x00eea733) x14 0x00000001
core   0: 0x800048b4 (0x01f72233) slt     tp, a4, t6
core   0: 3 0x800048b4 (0x01f72233) x4  0x00000001
core   0: 0x800048b8 (0x27a07613) andi    a2, zero, 634
core   0: 3 0x800048b8 (0x27a07613) x12 0x00000000
core   0: 0x800048bc (0x01921d93) slli    s11, tp, 25
core   0: 3 0x800048bc (0x01921d93) x27 0x02000000
core   0: 0x800048c0 (0x3a6f4c17) auipc   s8, 0x3a6f4
core   0: 3 0x800048c0 (0x3a6f4c17) x24 0xba6f88c0
core   0: 0x800048c4 (0x01e69b93) slli    s7, a3, 30
core   0: 3 0x800048c4 (0x01e69b93) x23 0x00000000
core   0: 0x800048c8 (0xfd11ce13) xori    t3, gp, -47
core   0: 3 0x800048c8 (0xfd11ce13) x28 0xffffffd1
core   0: 0x800048cc (0x4164dc93) srai    s9, s1, 22
core   0: 3 0x800048cc (0x4164dc93) x25 0xffffff97
core   0: 0x800048d0 (0x6c6df593) andi    a1, s11, 1734
core   0: 3 0x800048d0 (0x6c6df593) x11 0x00000000
core   0: 0x800048d4 (0x89c24a93) xori    s5, tp, -1892
core   0: 3 0x800048d4 (0x89c24a93) x21 0xfffff89d
core   0: 0x800048d8 (0x403f5a93) srai    s5, t5, 3
core   0: 3 0x800048d8 (0x403f5a93) x21 0xf000319c
core   0: 0x800048dc (0x405f82b3) sub     t0, t6, t0
core   0: 3 0x800048dc (0x405f82b3) x5  0x20ac784f
core   0: 0x800048e0 (0x013a34b3) sltu    s1, s4, s3
core   0: 3 0x800048e0 (0x013a34b3) x9  0x00000001
core   0: 0x800048e4 (0x004d3633) sltu    a2, s10, tp
core   0: 3 0x800048e4 (0x004d3633) x12 0x00000001
core   0: 0x800048e8 (0x003bd413) srli    s0, s7, 3
core   0: 3 0x800048e8 (0x003bd413) x8  0x00000000
core   0: 0x800048ec (0x3e1c5437) lui     s0, 0x3e1c5
core   0: 3 0x800048ec (0x3e1c5437) x8  0x3e1c5000
core   0: 0x800048f0 (0xfe6713b7) lui     t2, 0xfe671
core   0: 3 0x800048f0 (0xfe6713b7) x7  0xfe671000
core   0: 0x800048f4 (0x87dc4f93) xori    t6, s8, -1923
core   0: 3 0x800048f4 (0x87dc4f93) x31 0x459070bd
core   0: 0x800048f8 (0xc270b2b7) lui     t0, 0xc270b
core   0: 3 0x800048f8 (0xc270b2b7) x5  0xc270b000
core   0: 0x800048fc (0x0128a8b3) slt     a7, a7, s2
core   0: 3 0x800048fc (0x0128a8b3) x17 0x00000000
core   0: 0x80004900 (0x03723b13) sltiu   s6, tp, 55
core   0: 3 0x80004900 (0x03723b13) x22 0x00000001
core   0: 0x80004904 (0x22df4393) xori    t2, t5, 557
core   0: 3 0x80004904 (0x22df4393) x7  0x80018ec9
core   0: 0x80004908 (0x01480233) add     tp, a6, s4
core   0: 3 0x80004908 (0x01480233) x4  0x00000001
core   0: 0x8000490c (0x01a25233) srl     tp, tp, s10
core   0: 3 0x8000490c (0x01a25233) x4  0x00000001
core   0: 0x80004910 (0x3ed24013) xori    zero, tp, 1005
core   0: 3 0x80004910 (0x3ed24013)
core   0: 0x80004914 (0x13b3d0b7) lui     ra, 0x13b3d
core   0: 3 0x80004914 (0x13b3d0b7) x1  0x13b3d000
core   0: 0x80004918 (0x400484b3) sub     s1, s1, zero
core   0: 3 0x80004918 (0x400484b3) x9  0x00000001
core   0: 0x8000491c (0x007be3b3) or      t2, s7, t2
core   0: 3 0x8000491c (0x007be3b3) x7  0x80018ec9
core   0: 0x80004920 (0x400a03b3) sub     t2, s4, zero
core   0: 3 0x80004920 (0x400a03b3) x7  0x00000001
core   0: 0x80004924 (0x012f1133) sll     sp, t5, s2
core   0: 3 0x80004924 (0x012f1133) x2  0x80018ce4
core   0: 0x80004928 (0x409e0ab3) sub     s5, t3, s1
core   0: 3 0x80004928 (0x409e0ab3) x21 0xffffffd0
core   0: 0x8000492c (0x00871413) slli    s0, a4, 8
core   0: 3 0x8000492c (0x00871413) x8  0x00000100
core   0: 0x80004930 (0x01755db3) srl     s11, a0, s7
core   0: 3 0x80004930 (0x01755db3) x27 0x80014e64
core   0: 0x80004934 (0x00df5933) srl     s2, t5, a3
core   0: 3 0x80004934 (0x00df5933) x18 0x80018ce4
core   0: 0x80004938 (0x139cc837) lui     a6, 0x139cc
core   0: 3 0x80004938 (0x139cc837) x16 0x139cc000
core   0: 0x8000493c (0x47f03bb7) lui     s7, 0x47f03
core   0: 3 0x8000493c (0x47f03bb7) x23 0x47f03000
core   0: 0x80004940 (0x40215e33) sra     t3, sp, sp
core   0: 3 0x80004940 (0x40215e33) x28 0xf80018ce
core   0: 0x80004944 (0xa715c313) xori    t1, a1, -1423
core   0: 3 0x80004944 (0xa715c313) x6  0xfffffa71
core   0: 0x80004948 (0x0188a0b3) slt     ra, a7, s8
core   0: 3 0x80004948 (0x0188a0b3) x1  0x00000000
core   0: 0x8000494c (0x41f40ab3) sub     s5, s0, t6
core   0: 3 0x8000494c (0x41f40ab3) x21 0xba6f9043
core   0: 0x80004950 (0x01267cb3) and     s9, a2, s2
core   0: 3 0x80004950 (0x01267cb3) x25 0x00000000
core   0: 0x80004954 (0x00175433) srl     s0, a4, ra
core   0: 3 0x80004954 (0x00175433) x8  0x00000001
core   0: 0x80004958 (0x4ebb4493) xori    s1, s6, 1259
core   0: 3 0x80004958 (0x4ebb4493) x9  0x000004ea
core   0: 0x8000495c (0x40f4d713) srai    a4, s1, 15
core   0: 3 0x8000495c (0x40f4d713) x14 0x00000000
core   0: 0x80004960 (0x4107d313) srai    t1, a5, 16
core   0: 3 0x80004960 (0x4107d313) x6  0x00000020
core   0: 0x80004964 (0x0165d433) srl     s0, a1, s6
core   0: 3 0x80004964 (0x0165d433) x8  0x00000000
core   0: 0x80004968 (0x003ab733) sltu    a4, s5, gp
core   0: 3 0x80004968 (0x003ab733) x14 0x00000000
core   0: 0x8000496c (0x401155b3) sra     a1, sp, ra
core   0: 3 0x8000496c (0x401155b3) x11 0x80018ce4
core   0: 0x80004970 (0xd6e3c693) xori    a3, t2, -658
core   0: 3 0x80004970 (0xd6e3c693) x13 0xfffffd6f
core   0: 0x80004974 (0x00e722b3) slt     t0, a4, a4
core   0: 3 0x80004974 (0x00e722b3) x5  0x00000000
core   0: 0x80004978 (0x01d38db3) add     s11, t2, t4
core   0: 3 0x80004978 (0x01d38db3) x27 0x00000001
core   0: 0x8000497c (0x00edc1b3) xor     gp, s11, a4
core   0: 3 0x8000497c (0x00edc1b3) x3  0x00000001
core   0: 0x80004980 (0x007ce5b3) or      a1, s9, t2
core   0: 3 0x80004980 (0x007ce5b3) x11 0x00000001
core   0: 0x80004984 (0x00710633) add     a2, sp, t2
core   0: 3 0x80004984 (0x00710633) x12 0x80018ce5
core   0: 0x80004988 (0x001dd313) srli    t1, s11, 1
core   0: 3 0x80004988 (0x001dd313) x6  0x00000000
core   0: 0x8000498c (0x41305213) srai    tp, zero, 19
core   0: 3 0x8000498c (0x41305213) x4  0x00000000
core   0: 0x80004990 (0x01a988b3) add     a7, s3, s10
core   0: 3 0x80004990 (0x01a988b3) x17 0x0000000f
core   0: 0x80004994 (0x00dbc833) xor     a6, s7, a3
core   0: 3 0x80004994 (0x00dbc833) x16 0xb80fcd6f
core   0: 0x80004998 (0x014b9c93) slli    s9, s7, 20
core   0: 3 0x80004998 (0x014b9c93) x25 0x00000000
core   0: 0x8000499c (0x09c93413) sltiu   s0, s2, 156
core   0: 3 0x8000499c (0x09c93413) x8  0x00000000
core   0: 0x800049a0 (0x41c6de93) srai    t4, a3, 28
core   0: 3 0x800049a0 (0x41c6de93) x29 0xffffffff
core   0: 0x800049a4 (0x00000013) nop
core   0: 3 0x800049a4 (0x00000013)
core   0: 0x800049a8 (0x0061d313) srli    t1, gp, 6
core   0: 3 0x800049a8 (0x0061d313) x6  0x00000000
core   0: 0x800049ac (0x01ca8db3) add     s11, s5, t3
core   0: 3 0x800049ac (0x01ca8db3) x27 0xb26fa911
core   0: 0x800049b0 (0x40095a33) sra     s4, s2, zero
core   0: 3 0x800049b0 (0x40095a33) x20 0x80018ce4
core   0: 0x800049b4 (0x2ba32393) slti    t2, t1, 698
core   0: 3 0x800049b4 (0x2ba32393) x7  0x00000001
core   0: 0x800049b8 (0x01af1d13) slli    s10, t5, 26
core   0: 3 0x800049b8 (0x01af1d13) x26 0x90000000
core   0: 0x800049bc (0xdda14313) xori    t1, sp, -550
core   0: 3 0x800049bc (0xdda14313) x6  0x7ffe713e
core   0: 0x800049c0 (0x40b68233) sub     tp, a3, a1
core   0: 3 0x800049c0 (0x40b68233) x4  0xfffffd6e
core   0: 0x800049c4 (0x018ce633) or      a2, s9, s8
core   0: 3 0x800049c4 (0x018ce633) x12 0xba6f88c0
core   0: 0x800049c8 (0x01cec0b3) xor     ra, t4, t3
core   0: 3 0x800049c8 (0x01cec0b3) x1  0x07ffe731
core   0: 0x800049cc (0x0fdc3e37) lui     t3, 0xfdc3
core   0: 3 0x800049cc (0x0fdc3e37) x28 0x0fdc3000
core   0: 0x800049d0 (0x40c18233) sub     tp, gp, a2
core   0: 3 0x800049d0 (0x40c18233) x4  0x45907741
core   0: 0x800049d4 (0x419f5bb3) sra     s7, t5, s9
core   0: 3 0x800049d4 (0x419f5bb3) x23 0x80018ce4
core   0: 0x800049d8 (0x7ad43797) auipc   a5, 0x7ad43
core   0: 3 0x800049d8 (0x7ad43797) x15 0xfad479d8
core   0: 0x800049dc (0x01ea5913) srli    s2, s4, 30
core   0: 3 0x800049dc (0x01ea5913) x18 0x00000002
core   0: 0x800049e0 (0x00e0eab3) or      s5, ra, a4
core   0: 3 0x800049e0 (0x00e0eab3) x21 0x07ffe731
core   0: 0x800049e4 (0x2f8fe593) ori     a1, t6, 760
core   0: 3 0x800049e4 (0x2f8fe593) x11 0x459072fd
core   0: 0x800049e8 (0x6506c617) auipc   a2, 0x6506c
core   0: 3 0x800049e8 (0x6506c617) x12 0xe50709e8
core   0: 0x800049ec (0x003cccb3) xor     s9, s9, gp
core   0: 3 0x800049ec (0x003cccb3) x25 0x00000001
core   0: 0x800049f0 (0x40fed113) srai    sp, t4, 15
core   0: 3 0x800049f0 (0x40fed113) x2  0xffffffff
core   0: 0x800049f4 (0x40585113) srai    sp, a6, 5
core   0: 3 0x800049f4 (0x40585113) x2  0xfdc07e6b
core   0: 0x800049f8 (0x00000013) nop
core   0: 3 0x800049f8 (0x00000013)
core   0: 0x800049fc (0x39ee7213) andi    tp, t3, 926
core   0: 3 0x800049fc (0x39ee7213) x4  0x00000000
core   0: 0x80004a00 (0x009376b3) and     a3, t1, s1
core   0: 3 0x80004a00 (0x009376b3) x13 0x0000002a
core   0: 0x80004a04 (0x412383b3) sub     t2, t2, s2
core   0: 3 0x80004a04 (0x412383b3) x7  0xffffffff
core   0: 0x80004a08 (0xfe99ff93) andi    t6, s3, -23
core   0: 3 0x80004a08 (0xfe99ff93) x31 0x00000009
core   0: 0x80004a0c (0x00f95b13) srli    s6, s2, 15
core   0: 3 0x80004a0c (0x00f95b13) x22 0x00000000
core   0: 0x80004a10 (0x013dd033) srl     zero, s11, s3
core   0: 3 0x80004a10 (0x013dd033)
core   0: 0x80004a14 (0x2709e913) ori     s2, s3, 624
core   0: 3 0x80004a14 (0x2709e913) x18 0x0000027f
core   0: 0x80004a18 (0x01d87733) and     a4, a6, t4
core   0: 3 0x80004a18 (0x01d87733) x14 0xb80fcd6f
core   0: 0x80004a1c (0x01c08433) add     s0, ra, t3
core   0: 3 0x80004a1c (0x01c08433) x8  0x17dc1731
core   0: 0x80004a20 (0x01bf0a33) add     s4, t5, s11
core   0: 3 0x80004a20 (0x01bf0a33) x20 0x327135f5
core   0: 0x80004a24 (0x01533c33) sltu    s8, t1, s5
core   0: 3 0x80004a24 (0x01533c33) x24 0x00000000
core   0: 0x80004a28 (0x01534c33) xor     s8, t1, s5
core   0: 3 0x80004a28 (0x01534c33) x24 0x7801960f
core   0: 0x80004a2c (0x0147c733) xor     a4, a5, s4
core   0: 3 0x80004a2c (0x0147c733) x14 0xc8a54c2d
core   0: 0x80004a30 (0xae6a4413) xori    s0, s4, -1306
core   0: 3 0x80004a30 (0xae6a4413) x8  0xcd8ecf13
core   0: 0x80004a34 (0x40258fb3) sub     t6, a1, sp
core   0: 3 0x80004a34 (0x40258fb3) x31 0x47cff492
core   0: 0x80004a38 (0x011b1ab3) sll     s5, s6, a7
core   0: 3 0x80004a38 (0x011b1ab3) x21 0x00000000
core   0: 0x80004a3c (0x00000013) nop
core   0: 3 0x80004a3c (0x00000013)
core   0: 0x80004a40 (0x003aa633) slt     a2, s5, gp
core   0: 3 0x80004a40 (0x003aa633) x12 0x00000001
core   0: 0x80004a44 (0x419a53b3) sra     t2, s4, s9
core   0: 3 0x80004a44 (0x419a53b3) x7  0x19389afa
core   0: 0x80004a48 (0x41b1db33) sra     s6, gp, s11
core   0: 3 0x80004a48 (0x41b1db33) x22 0x00000000
core   0: 0x80004a4c (0x3c91f937) lui     s2, 0x3c91f
core   0: 3 0x80004a4c (0x3c91f937) x18 0x3c91f000
core   0: 0x80004a50 (0x000cbb33) sltu    s6, s9, zero
core   0: 3 0x80004a50 (0x000cbb33) x22 0x00000000
core   0: 0x80004a54 (0x01334cb3) xor     s9, t1, s3
core   0: 3 0x80004a54 (0x01334cb3) x25 0x7ffe7131
core   0: 0x80004a58 (0x00943ab3) sltu    s5, s0, s1
core   0: 3 0x80004a58 (0x00943ab3) x21 0x00000000
core   0: 0x80004a5c (0x01555193) srli    gp, a0, 21
core   0: 3 0x80004a5c (0x01555193) x3  0x00000400
core   0: 0x80004a60 (0xece07093) andi    ra, zero, -306
core   0: 3 0x80004a60 (0xece07093) x1  0x00000000
core   0: 0x80004a64 (0x00237833) and     a6, t1, sp
core   0: 3 0x80004a64 (0x00237833) x16 0x7dc0702a
core   0: 0x80004a68 (0x018bd733) srl     a4, s7, s8
core   0: 3 0x80004a68 (0x018bd733) x14 0x00010003
core   0: 0x80004a6c (0xa3716693) ori     a3, sp, -1481
core   0: 3 0x80004a6c (0xa3716693) x13 0xfffffe7f
core   0: 0x80004a70 (0x011a1213) slli    tp, s4, 17
core   0: 3 0x80004a70 (0x011a1213) x4  0x6bea0000
core   0: 0x80004a74 (0xe49e7793) andi    a5, t3, -439
core   0: 3 0x80004a74 (0xe49e7793) x15 0x0fdc3000
core   0: 0x80004a78 (0x01fba833) slt     a6, s7, t6
core   0: 3 0x80004a78 (0x01fba833) x16 0x00000001
core   0: 0x80004a7c (0x40da5693) srai    a3, s4, 13
core   0: 3 0x80004a7c (0x40da5693) x13 0x00019389
core   0: 0x80004a80 (0x01e0acb3) slt     s9, ra, t5
core   0: 3 0x80004a80 (0x01e0acb3) x25 0x00000000
core   0: 0x80004a84 (0x00af7593) andi    a1, t5, 10
core   0: 3 0x80004a84 (0x00af7593) x11 0x00000000
core   0: 0x80004a88 (0x01e801b3) add     gp, a6, t5
core   0: 3 0x80004a88 (0x01e801b3) x3  0x80018ce5
core   0: 0x80004a8c (0x00d8e833) or      a6, a7, a3
core   0: 3 0x80004a8c (0x00d8e833) x16 0x0001938f
core   0: 0x80004a90 (0x37dabe13) sltiu   t3, s5, 893
core   0: 3 0x80004a90 (0x37dabe13) x28 0x00000001
core   0: 0x80004a94 (0x40615313) srai    t1, sp, 6
core   0: 3 0x80004a94 (0x40615313) x6  0xfff701f9
core   0: 0x80004a98 (0x003d1a13) slli    s4, s10, 3
core   0: 3 0x80004a98 (0x003d1a13) x20 0x80000000
core   0: 0x80004a9c (0x40ff8c33) sub     s8, t6, a5
core   0: 3 0x80004a9c (0x40ff8c33) x24 0x37f3c492
core   0: 0x80004aa0 (0x00c81613) slli    a2, a6, 12
core   0: 3 0x80004aa0 (0x00c81613) x12 0x1938f000
core   0: 0x80004aa4 (0x0cea3fb7) lui     t6, 0xcea3
core   0: 3 0x80004aa4 (0x0cea3fb7) x31 0x0cea3000
core   0: 0x80004aa8 (0xde7f4a93) xori    s5, t5, -537
core   0: 3 0x80004aa8 (0xde7f4a93) x21 0x7ffe7103
core   0: 0x80004aac (0x009c1bb3) sll     s7, s8, s1
core   0: 3 0x80004aac (0x009c1bb3) x23 0xcf124800
core   0: 0x80004ab0 (0x40ddda13) srai    s4, s11, 13
core   0: 3 0x80004ab0 (0x40ddda13) x20 0xfffd937d
core   0: 0x80004ab4 (0x00563933) sltu    s2, a2, t0
core   0: 3 0x80004ab4 (0x00563933) x18 0x00000000
core   0: 0x80004ab8 (0x0165d0b3) srl     ra, a1, s6
core   0: 3 0x80004ab8 (0x0165d0b3) x1  0x00000000
core   0: 0x80004abc (0x00000013) nop
core   0: 3 0x80004abc (0x00000013)
core   0: 0x80004ac0 (0x01e89813) slli    a6, a7, 30
core   0: 3 0x80004ac0 (0x01e89813) x16 0xc0000000
core   0: 0x80004ac4 (0x4099d913) srai    s2, s3, 9
core   0: 3 0x80004ac4 (0x4099d913) x18 0x00000000
core   0: 0x80004ac8 (0x40140833) sub     a6, s0, ra
core   0: 3 0x80004ac8 (0x40140833) x16 0xcd8ecf13
core   0: 0x80004acc (0x018c9b93) slli    s7, s9, 24
core   0: 3 0x80004acc (0x018c9b93) x23 0x00000000
core   0: 0x80004ad0 (0x7f8c9337) lui     t1, 0x7f8c9
core   0: 3 0x80004ad0 (0x7f8c9337) x6  0x7f8c9000
core   0: 0x80004ad4 (0x01d64633) xor     a2, a2, t4
core   0: 3 0x80004ad4 (0x01d64633) x12 0xe6c70fff
core   0: 0x80004ad8 (0x01bc4eb3) xor     t4, s8, s11
core   0: 3 0x80004ad8 (0x01bc4eb3) x29 0x859c6d83
core   0: 0x80004adc (0x41e08eb3) sub     t4, ra, t5
core   0: 3 0x80004adc (0x41e08eb3) x29 0x7ffe731c
core   0: 0x80004ae0 (0x01417333) and     t1, sp, s4
core   0: 3 0x80004ae0 (0x01417333) x6  0xfdc01269
core   0: 0x80004ae4 (0x01d653b3) srl     t2, a2, t4
core   0: 3 0x80004ae4 (0x01d653b3) x7  0x0000000e
core   0: 0x80004ae8 (0xbe0cbb93) sltiu   s7, s9, -1056
core   0: 3 0x80004ae8 (0xbe0cbb93) x23 0x00000001
core   0: 0x80004aec (0x01d7bab3) sltu    s5, a5, t4
core   0: 3 0x80004aec (0x01d7bab3) x21 0x00000001
core   0: 0x80004af0 (0x0d882693) slti    a3, a6, 216
core   0: 3 0x80004af0 (0x0d882693) x13 0x00000001
core   0: 0x80004af4 (0x4072d713) srai    a4, t0, 7
core   0: 3 0x80004af4 (0x4072d713) x14 0x00000000
core   0: 0x80004af8 (0x4f5c2713) slti    a4, s8, 1269
core   0: 3 0x80004af8 (0x4f5c2713) x14 0x00000000
core   0: 0x80004afc (0x6b084c93) xori    s9, a6, 1712
core   0: 3 0x80004afc (0x6b084c93) x25 0xcd8ec9a3
core   0: 0x80004b00 (0x00380b33) add     s6, a6, gp
core   0: 3 0x80004b00 (0x00380b33) x22 0x4d905bf8
core   0: 0x80004b04 (0x41ced133) sra     sp, t4, t3
core   0: 3 0x80004b04 (0x41ced133) x2  0x3fff398e
core   0: 0x80004b08 (0x8610ac93) slti    s9, ra, -1951
core   0: 3 0x80004b08 (0x8610ac93) x25 0x00000000
core   0: 0x80004b0c (0x00f875b3) and     a1, a6, a5
core   0: 3 0x80004b0c (0x00f875b3) x11 0x0d8c0000
core   0: 0x80004b10 (0x011ef033) and     zero, t4, a7
core   0: 3 0x80004b10 (0x011ef033)
core   0: 0x80004b14 (0x013d9693) slli    a3, s11, 19
core   0: 3 0x80004b14 (0x013d9693) x13 0x48880000
core   0: 0x80004b18 (0x8654b097) auipc   ra, 0x8654b
core   0: 3 0x80004b18 (0x8654b097) x1  0x0654fb18
core   0: 0x80004b1c (0xadd8b893) sltiu   a7, a7, -1315
core   0: 3 0x80004b1c (0xadd8b893) x17 0x00000001
core   0: 0x80004b20 (0x00d1edb3) or      s11, gp, a3
core   0: 3 0x80004b20 (0x00d1edb3) x27 0xc8898ce5
core   0: 0x80004b24 (0x0093ccb3) xor     s9, t2, s1
core   0: 3 0x80004b24 (0x0093ccb3) x25 0x000004e4
core   0: 0x80004b28 (0x003690b3) sll     ra, a3, gp
core   0: 3 0x80004b28 (0x003690b3) x1  0x11000000
core   0: 0x80004b2c (0x00000013) nop
core   0: 3 0x80004b2c (0x00000013)
core   0: 0x80004b30 (0x00a1dab3) srl     s5, gp, a0
core   0: 3 0x80004b30 (0x00a1dab3) x21 0x080018ce
core   0: 0x80004b34 (0x00000013) nop
core   0: 3 0x80004b34 (0x00000013)
core   0: 0x80004b38 (0x6ade54b7) lui     s1, 0x6ade5
core   0: 3 0x80004b38 (0x6ade54b7) x9  0x6ade5000
core   0: 0x80004b3c (0x00aed033) srl     zero, t4, a0
core   0: 3 0x80004b3c (0x00aed033)
core   0: 0x80004b40 (0x001cafb3) slt     t6, s9, ra
core   0: 3 0x80004b40 (0x001cafb3) x31 0x00000001
core   0: 0x80004b44 (0x007af8b3) and     a7, s5, t2
core   0: 3 0x80004b44 (0x007af8b3) x17 0x0000000e
core   0: 0x80004b48 (0x01719db7) lui     s11, 0x1719
core   0: 3 0x80004b48 (0x01719db7) x27 0x01719000
core   0: 0x80004b4c (0x00175233) srl     tp, a4, ra
core   0: 3 0x80004b4c (0x00175233) x4  0x00000000
core   0: 0x80004b50 (0x07498a93) addi    s5, s3, 116
core   0: 3 0x80004b50 (0x07498a93) x21 0x00000083
core   0: 0x80004b54 (0xae315d37) lui     s10, 0xae315
core   0: 3 0x80004b54 (0xae315d37) x26 0xae315000
core   0: 0x80004b58 (0x003bd433) srl     s0, s7, gp
core   0: 3 0x80004b58 (0x003bd433) x8  0x00000000
core   0: 0x80004b5c (0x053a6393) ori     t2, s4, 83
core   0: 3 0x80004b5c (0x053a6393) x7  0xfffd937f
core   0: 0x80004b60 (0x245d6693) ori     a3, s10, 581
core   0: 3 0x80004b60 (0x245d6693) x13 0xae315245
core   0: 0x80004b64 (0x00000013) nop
core   0: 3 0x80004b64 (0x00000013)
core   0: 0x80004b68 (0x8bac1bb7) lui     s7, 0x8bac1
core   0: 3 0x80004b68 (0x8bac1bb7) x23 0x8bac1000
core   0: 0x80004b6c (0x1f090e93) addi    t4, s2, 496
core   0: 3 0x80004b6c (0x1f090e93) x29 0x000001f0
core   0: 0x80004b70 (0x00f79db3) sll     s11, a5, a5
core   0: 3 0x80004b70 (0x00f79db3) x27 0x0fdc3000
core   0: 0x80004b74 (0x40930e33) sub     t3, t1, s1
core   0: 3 0x80004b74 (0x40930e33) x28 0x92e1c269
core   0: 0x80004b78 (0x41078c33) sub     s8, a5, a6
core   0: 3 0x80004b78 (0x41078c33) x24 0x424d60ed
core   0: 0x80004b7c (0x01c0bbb3) sltu    s7, ra, t3
core   0: 3 0x80004b7c (0x01c0bbb3) x23 0x00000001
core   0: 0x80004b80 (0x00555633) srl     a2, a0, t0
core   0: 3 0x80004b80 (0x00555633) x12 0x80014e64
core   0: 0x80004b84 (0x401dd613) srai    a2, s11, 1
core   0: 3 0x80004b84 (0x401dd613) x12 0x07ee1800
core   0: 0x80004b88 (0x005d5ab3) srl     s5, s10, t0
core   0: 3 0x80004b88 (0x005d5ab3) x21 0xae315000
core   0: 0x80004b8c (0x41f08e33) sub     t3, ra, t6
core   0: 3 0x80004b8c (0x41f08e33) x28 0x10ffffff
core   0: 0x80004b90 (0x63e0abb7) lui     s7, 0x63e0a
core   0: 3 0x80004b90 (0x63e0abb7) x23 0x63e0a000
core   0: 0x80004b94 (0x535e7893) andi    a7, t3, 1333
core   0: 3 0x80004b94 (0x535e7893) x17 0x00000535
core   0: 0x80004b98 (0x404d5113) srai    sp, s10, 4
core   0: 3 0x80004b98 (0x404d5113) x2  0xfae31500
core   0: 0x80004b9c (0x019c7eb3) and     t4, s8, s9
core   0: 3 0x80004b9c (0x019c7eb3) x29 0x000000e4
core   0: 0x80004ba0 (0x00000013) nop
core   0: 3 0x80004ba0 (0x00000013)
core   0: 0x80004ba4 (0x01a92bb3) slt     s7, s2, s10
core   0: 3 0x80004ba4 (0x01a92bb3) x23 0x00000000
core   0: 0x80004ba8 (0x5e514293) xori    t0, sp, 1509
core   0: 3 0x80004ba8 (0x5e514293) x5  0xfae310e5
core   0: 0x80004bac (0x01543133) sltu    sp, s0, s5
core   0: 3 0x80004bac (0x01543133) x2  0x00000001
core   0: 0x80004bb0 (0x41b457b3) sra     a5, s0, s11
core   0: 3 0x80004bb0 (0x41b457b3) x15 0x00000000
core   0: 0x80004bb4 (0xa8c12913) slti    s2, sp, -1396
core   0: 3 0x80004bb4 (0xa8c12913) x18 0x00000000
core   0: 0x80004bb8 (0x00a61393) slli    t2, a2, 10
core   0: 3 0x80004bb8 (0x00a61393) x7  0xb8600000
core   0: 0x80004bbc (0x74eccb13) xori    s6, s9, 1870
core   0: 3 0x80004bbc (0x74eccb13) x22 0x000003aa
core   0: 0x80004bc0 (0x4139db13) srai    s6, s3, 19
core   0: 3 0x80004bc0 (0x4139db13) x22 0x00000000
core   0: 0x80004bc4 (0x002de433) or      s0, s11, sp
core   0: 3 0x80004bc4 (0x002de433) x8  0x0fdc3001
core   0: 0x80004bc8 (0xe6c7f693) andi    a3, a5, -404
core   0: 3 0x80004bc8 (0xe6c7f693) x13 0x00000000
core   0: 0x80004bcc (0x414e5393) srai    t2, t3, 20
core   0: 3 0x80004bcc (0x414e5393) x7  0x0000010f
core   0: 0x80004bd0 (0xdcee6a93) ori     s5, t3, -562
core   0: 3 0x80004bd0 (0xdcee6a93) x21 0xffffffff
core   0: 0x80004bd4 (0x00000013) nop
core   0: 3 0x80004bd4 (0x00000013)
core   0: 0x80004bd8 (0x0146ebb3) or      s7, a3, s4
core   0: 3 0x80004bd8 (0x0146ebb3) x23 0xfffd937d
core   0: 0x80004bdc (0x00dede33) srl     t3, t4, a3
core   0: 3 0x80004bdc (0x00dede33) x28 0x000000e4
core   0: 0x80004be0 (0xe0ffbd13) sltiu   s10, t6, -497
core   0: 3 0x80004be0 (0xe0ffbd13) x26 0x00000001
core   0: 0x80004be4 (0x00894db3) xor     s11, s2, s0
core   0: 3 0x80004be4 (0x00894db3) x27 0x0fdc3001
core   0: 0x80004be8 (0x7b282713) slti    a4, a6, 1970
core   0: 3 0x80004be8 (0x7b282713) x14 0x00000001
core   0: 0x80004bec (0x01885233) srl     tp, a6, s8
core   0: 3 0x80004bec (0x01885233) x4  0x00066c76
core   0: 0x80004bf0 (0x58f27493) andi    s1, tp, 1423
core   0: 3 0x80004bf0 (0x58f27493) x9  0x00000406
core   0: 0x80004bf4 (0x019c08b3) add     a7, s8, s9
core   0: 3 0x80004bf4 (0x019c08b3) x17 0x424d65d1
core   0: 0x80004bf8 (0x360e7213) andi    tp, t3, 864
core   0: 3 0x80004bf8 (0x360e7213) x4  0x00000060
core   0: 0x80004bfc (0x019124b3) slt     s1, sp, s9
core   0: 3 0x80004bfc (0x019124b3) x9  0x00000001
core   0: 0x80004c00 (0x00000013) nop
core   0: 3 0x80004c00 (0x00000013)
core   0: 0x80004c04 (0x00310a33) add     s4, sp, gp
core   0: 3 0x80004c04 (0x00310a33) x20 0x80018ce6
core   0: 0x80004c08 (0x0017ad33) slt     s10, a5, ra
core   0: 3 0x80004c08 (0x0017ad33) x26 0x00000001
core   0: 0x80004c0c (0xfae68593) addi    a1, a3, -82
core   0: 3 0x80004c0c (0xfae68593) x11 0xffffffae
core   0: 0x80004c10 (0x12492e37) lui     t3, 0x12492
core   0: 3 0x80004c10 (0x12492e37) x28 0x12492000
core   0: 0x80004c14 (0x80de3793) sltiu   a5, t3, -2035
core   0: 3 0x80004c14 (0x80de3793) x15 0x00000001
core   0: 0x80004c18 (0x01075f93) srli    t6, a4, 16
core   0: 3 0x80004c18 (0x01075f93) x31 0x00000000
core   0: 0x80004c1c (0x01ad5213) srli    tp, s10, 26
core   0: 3 0x80004c1c (0x01ad5213) x4  0x00000000
core   0: 0x80004c20 (0x01e61413) slli    s0, a2, 30
core   0: 3 0x80004c20 (0x01e61413) x8  0x00000000
core   0: 0x80004c24 (0x409dd293) srai    t0, s11, 9
core   0: 3 0x80004c24 (0x409dd293) x5  0x0007ee18
core   0: 0x80004c28 (0x0131bab3) sltu    s5, gp, s3
core   0: 3 0x80004c28 (0x0131bab3) x21 0x00000000
core   0: 0x80004c2c (0x9c492693) slti    a3, s2, -1596
core   0: 3 0x80004c2c (0x9c492693) x13 0x00000000
core   0: 0x80004c30 (0x3b94c913) xori    s2, s1, 953
core   0: 3 0x80004c30 (0x3b94c913) x18 0x000003b8
core   0: 0x80004c34 (0xe0c2f5b7) lui     a1, 0xe0c2f
core   0: 3 0x80004c34 (0xe0c2f5b7) x11 0xe0c2f000
core   0: 0x80004c38 (0x40445413) srai    s0, s0, 4
core   0: 3 0x80004c38 (0x40445413) x8  0x00000000
core   0: 0x80004c3c (0x00000013) nop
core   0: 3 0x80004c3c (0x00000013)
core   0: 0x80004c40 (0x75bbac13) slti    s8, s7, 1883
core   0: 3 0x80004c40 (0x75bbac13) x24 0x00000001
core   0: 0x80004c44 (0x41cd0933) sub     s2, s10, t3
core   0: 3 0x80004c44 (0x41cd0933) x18 0xedb6e001
core   0: 0x80004c48 (0x000cbcb3) sltu    s9, s9, zero
core   0: 3 0x80004c48 (0x000cbcb3) x25 0x00000000
core   0: 0x80004c4c (0x00305d13) srli    s10, zero, 3
core   0: 3 0x80004c4c (0x00305d13) x26 0x00000000
core   0: 0x80004c50 (0x01e50193) addi    gp, a0, 30
core   0: 3 0x80004c50 (0x01e50193) x3  0x80014e82
core   0: 0x80004c54 (0x01554eb3) xor     t4, a0, s5
core   0: 3 0x80004c54 (0x01554eb3) x29 0x80014e64
core   0: 0x80004c58 (0x000084b3) add     s1, ra, zero
core   0: 3 0x80004c58 (0x000084b3) x9  0x11000000
core   0: 0x80004c5c (0x402c5ab3) sra     s5, s8, sp
core   0: 3 0x80004c5c (0x402c5ab3) x21 0x00000000
core   0: 0x80004c60 (0x00d50a33) add     s4, a0, a3
core   0: 3 0x80004c60 (0x00d50a33) x20 0x80014e64
core   0: 0x80004c64 (0x65b2f193) andi    gp, t0, 1627
core   0: 3 0x80004c64 (0x65b2f193) x3  0x00000618
core   0: 0x80004c68 (0x016e5a93) srli    s5, t3, 22
core   0: 3 0x80004c68 (0x016e5a93) x21 0x00000049
core   0: 0x80004c6c (0x01033bb3) sltu    s7, t1, a6
core   0: 3 0x80004c6c (0x01033bb3) x23 0x00000000
core   0: 0x80004c70 (0x21244b93) xori    s7, s0, 530
core   0: 3 0x80004c70 (0x21244b93) x23 0x00000212
core   0: 0x80004c74 (0x3159ec93) ori     s9, s3, 789
core   0: 3 0x80004c74 (0x3159ec93) x25 0x0000031f
core   0: 0x80004c78 (0x010fd093) srli    ra, t6, 16
core   0: 3 0x80004c78 (0x010fd093) x1  0x00000000
core   0: 0x80004c7c (0xb0a16237) lui     tp, 0xb0a16
core   0: 3 0x80004c7c (0xb0a16237) x4  0xb0a16000
core   0: 0x80004c80 (0x9b35ba13) sltiu   s4, a1, -1613
core   0: 3 0x80004c80 (0x9b35ba13) x20 0x00000001
core   0: 0x80004c84 (0xc50b6d13) ori     s10, s6, -944
core   0: 3 0x80004c84 (0xc50b6d13) x26 0xfffffc50
core   0: 0x80004c88 (0x36277c13) andi    s8, a4, 866
core   0: 3 0x80004c88 (0x36277c13) x24 0x00000000
core   0: 0x80004c8c (0x01448c33) add     s8, s1, s4
core   0: 3 0x80004c8c (0x01448c33) x24 0x11000001
core   0: 0x80004c90 (0x25134693) xori    a3, t1, 593
core   0: 3 0x80004c90 (0x25134693) x13 0xfdc01038
core   0: 0x80004c94 (0x410d0033) sub     zero, s10, a6
core   0: 3 0x80004c94 (0x410d0033)
core   0: 0x80004c98 (0x003062b3) or      t0, zero, gp
core   0: 3 0x80004c98 (0x003062b3) x5  0x00000618
core   0: 0x80004c9c (0x00d846b3) xor     a3, a6, a3
core   0: 3 0x80004c9c (0x00d846b3) x13 0x304edf2b
core   0: 0x80004ca0 (0x01f57233) and     tp, a0, t6
core   0: 3 0x80004ca0 (0x01f57233) x4  0x00000000
core   0: 0x80004ca4 (0x00405093) srli    ra, zero, 4
core   0: 3 0x80004ca4 (0x00405093) x1  0x00000000
core   0: 0x80004ca8 (0xf470f393) andi    t2, ra, -185
core   0: 3 0x80004ca8 (0xf470f393) x7  0x00000000
core   0: 0x80004cac (0x0049e8b3) or      a7, s3, tp
core   0: 3 0x80004cac (0x0049e8b3) x17 0x0000000f
core   0: 0x80004cb0 (0x01ef1cb3) sll     s9, t5, t5
core   0: 3 0x80004cb0 (0x01ef1cb3) x25 0x0018ce40
core   0: 0x80004cb4 (0x000b04b3) add     s1, s6, zero
core   0: 3 0x80004cb4 (0x000b04b3) x9  0x00000000
core   0: 0x80004cb8 (0x0172cfb3) xor     t6, t0, s7
core   0: 3 0x80004cb8 (0x0172cfb3) x31 0x0000040a
core   0: 0x80004cbc (0x54800013) li      zero, 1352
core   0: 3 0x80004cbc (0x54800013)
core   0: 0x80004cc0 (0x574a2e93) slti    t4, s4, 1396
core   0: 3 0x80004cc0 (0x574a2e93) x29 0x00000001
core   0: 0x80004cc4 (0x98842093) slti    ra, s0, -1656
core   0: 3 0x80004cc4 (0x98842093) x1  0x00000000
core   0: 0x80004cc8 (0x37758293) addi    t0, a1, 887
core   0: 3 0x80004cc8 (0x37758293) x5  0xe0c2f377
core   0: 0x80004ccc (0x00000013) nop
core   0: 3 0x80004ccc (0x00000013)
core   0: 0x80004cd0 (0x40dd0633) sub     a2, s10, a3
core   0: 3 0x80004cd0 (0x40dd0633) x12 0xcfb11d25
core   0: 0x80004cd4 (0xa2540213) addi    tp, s0, -1499
core   0: 3 0x80004cd4 (0xa2540213) x4  0xfffffa25
core   0: 0x80004cd8 (0x412f8933) sub     s2, t6, s2
core   0: 3 0x80004cd8 (0x412f8933) x18 0x12492409
core   0: 0x80004cdc (0x002b9113) slli    sp, s7, 2
core   0: 3 0x80004cdc (0x002b9113) x2  0x00000848
core   0: 0x80004ce0 (0x01bc5d93) srli    s11, s8, 27
core   0: 3 0x80004ce0 (0x01bc5d93) x27 0x00000002
core   0: 0x80004ce4 (0x5a821db7) lui     s11, 0x5a821
core   0: 3 0x80004ce4 (0x5a821db7) x27 0x5a821000
core   0: 0x80004ce8 (0x51ef7d93) andi    s11, t5, 1310
core   0: 3 0x80004ce8 (0x51ef7d93) x27 0x00000404
core   0: 0x80004cec (0xe100c393) xori    t2, ra, -496
core   0: 3 0x80004cec (0xe100c393) x7  0xfffffe10
core   0: 0x80004cf0 (0x41f4dfb3) sra     t6, s1, t6
core   0: 3 0x80004cf0 (0x41f4dfb3) x31 0x00000000
core   0: 0x80004cf4 (0x01fa33b3) sltu    t2, s4, t6
core   0: 3 0x80004cf4 (0x01fa33b3) x7  0x00000000
core   0: 0x80004cf8 (0x0063fe33) and     t3, t2, t1
core   0: 3 0x80004cf8 (0x0063fe33) x28 0x00000000
core   0: 0x80004cfc (0x54a42037) lui     zero, 0x54a42
core   0: 3 0x80004cfc (0x54a42037)
core   0: 0x80004d00 (0x015f46b3) xor     a3, t5, s5
core   0: 3 0x80004d00 (0x015f46b3) x13 0x80018cad
core   0: 0x80004d04 (0x01da0bb3) add     s7, s4, t4
core   0: 3 0x80004d04 (0x01da0bb3) x23 0x00000002
core   0: 0x80004d08 (0x7363fb93) andi    s7, t2, 1846
core   0: 3 0x80004d08 (0x7363fb93) x23 0x00000000
core   0: 0x80004d0c (0x416802b3) sub     t0, a6, s6
core   0: 3 0x80004d0c (0x416802b3) x5  0xcd8ecf13
core   0: 0x80004d10 (0xdb4c4c13) xori    s8, s8, -588
core   0: 3 0x80004d10 (0xdb4c4c13) x24 0xeefffdb5
core   0: 0x80004d14 (0x01a80a33) add     s4, a6, s10
core   0: 3 0x80004d14 (0x01a80a33) x20 0xcd8ecb63
core   0: 0x80004d18 (0x01820a33) add     s4, tp, s8
core   0: 3 0x80004d18 (0x01820a33) x20 0xeefff7da
core   0: 0x80004d1c (0x006b9433) sll     s0, s7, t1
core   0: 3 0x80004d1c (0x006b9433) x8  0x00000000
core   0: 0x80004d20 (0x01f373b3) and     t2, t1, t6
core   0: 3 0x80004d20 (0x01f373b3) x7  0x00000000
core   0: 0x80004d24 (0x40ffd2b3) sra     t0, t6, a5
core   0: 3 0x80004d24 (0x40ffd2b3) x5  0x00000000
core   0: 0x80004d28 (0xfe89c113) xori    sp, s3, -24
core   0: 3 0x80004d28 (0xfe89c113) x2  0xffffffe7
core   0: 0x80004d2c (0x00eeee33) or      t3, t4, a4
core   0: 3 0x80004d2c (0x00eeee33) x28 0x00000001
core   0: 0x80004d30 (0x417787b3) sub     a5, a5, s7
core   0: 3 0x80004d30 (0x417787b3) x15 0x00000001
core   0: 0x80004d34 (0x402d0333) sub     t1, s10, sp
core   0: 3 0x80004d34 (0x402d0333) x6  0xfffffc69
core   0: 0x80004d38 (0x15fa6c17) auipc   s8, 0x15fa6
core   0: 3 0x80004d38 (0x15fa6c17) x24 0x95faad38
core   0: 0x80004d3c (0x36308b93) addi    s7, ra, 867
core   0: 3 0x80004d3c (0x36308b93) x23 0x00000363
core   0: 0x80004d40 (0xcf51b637) lui     a2, 0xcf51b
core   0: 3 0x80004d40 (0xcf51b637) x12 0xcf51b000
core   0: 0x80004d44 (0xc20a2393) slti    t2, s4, -992
core   0: 3 0x80004d44 (0xc20a2393) x7  0x00000001
core   0: 0x80004d48 (0x06787093) andi    ra, a6, 103
core   0: 3 0x80004d48 (0x06787093) x1  0x00000003
core   0: 0x80004d4c (0x003ea7b3) slt     a5, t4, gp
core   0: 3 0x80004d4c (0x003ea7b3) x15 0x00000001
core   0: 0x80004d50 (0xcd004893) xori    a7, zero, -816
core   0: 3 0x80004d50 (0xcd004893) x17 0xfffffcd0
core   0: 0x80004d54 (0x00000013) nop
core   0: 3 0x80004d54 (0x00000013)
core   0: 0x80004d58 (0x24984d13) xori    s10, a6, 585
core   0: 3 0x80004d58 (0x24984d13) x26 0xcd8ecd5a
core   0: 0x80004d5c (0x40445cb3) sra     s9, s0, tp
core   0: 3 0x80004d5c (0x40445cb3) x25 0x00000000
core   0: 0x80004d60 (0x23bf2913) slti    s2, t5, 571
core   0: 3 0x80004d60 (0x23bf2913) x18 0x00000001
core   0: 0x80004d64 (0x008094b3) sll     s1, ra, s0
core   0: 3 0x80004d64 (0x008094b3) x9  0x00000003
core   0: 0x80004d68 (0x4100dab3) sra     s5, ra, a6
core   0: 3 0x80004d68 (0x4100dab3) x21 0x00000000
core   0: 0x80004d6c (0x297ab713) sltiu   a4, s5, 663
core   0: 3 0x80004d6c (0x297ab713) x14 0x00000001
core   0: 0x80004d70 (0xb053ec93) ori     s9, t2, -1275
core   0: 3 0x80004d70 (0xb053ec93) x25 0xfffffb05
core   0: 0x80004d74 (0x016bd093) srli    ra, s7, 22
core   0: 3 0x80004d74 (0x016bd093) x1  0x00000000
core   0: 0x80004d78 (0x00581093) slli    ra, a6, 5
core   0: 3 0x80004d78 (0x00581093) x1  0xb1d9e260
core   0: 0x80004d7c (0x40c10233) sub     tp, sp, a2
core   0: 3 0x80004d7c (0x40c10233) x4  0x30ae4fe7
core   0: 0x80004d80 (0x02d20637) lui     a2, 0x2d20
core   0: 3 0x80004d80 (0x02d20637) x12 0x02d20000
core   0: 0x80004d84 (0x0149aab3) slt     s5, s3, s4
core   0: 3 0x80004d84 (0x0149aab3) x21 0x00000000
core   0: 0x80004d88 (0x00692cb3) slt     s9, s2, t1
core   0: 3 0x80004d88 (0x00692cb3) x25 0x00000000
core   0: 0x80004d8c (0x9b368493) addi    s1, a3, -1613
core   0: 3 0x80004d8c (0x9b368493) x9  0x80018660
core   0: 0x80004d90 (0x008030b3) snez    ra, s0
core   0: 3 0x80004d90 (0x008030b3) x1  0x00000000
core   0: 0x80004d94 (0x2262bf93) sltiu   t6, t0, 550
core   0: 3 0x80004d94 (0x2262bf93) x31 0x00000001
core   0: 0x80004d98 (0xcd5beeb7) lui     t4, 0xcd5be
core   0: 3 0x80004d98 (0xcd5beeb7) x29 0xcd5be000
core   0: 0x80004d9c (0x003db4b3) sltu    s1, s11, gp
core   0: 3 0x80004d9c (0x003db4b3) x9  0x00000001
core   0: 0x80004da0 (0x77c5f693) andi    a3, a1, 1916
core   0: 3 0x80004da0 (0x77c5f693) x13 0x00000000
core   0: 0x80004da4 (0x014ce933) or      s2, s9, s4
core   0: 3 0x80004da4 (0x014ce933) x18 0xeefff7da
core   0: 0x80004da8 (0x4007dfb3) sra     t6, a5, zero
core   0: 3 0x80004da8 (0x4007dfb3) x31 0x00000001
core   0: 0x80004dac (0x0024edb3) or      s11, s1, sp
core   0: 3 0x80004dac (0x0024edb3) x27 0xffffffe7
core   0: 0x80004db0 (0xf5570793) addi    a5, a4, -171
core   0: 3 0x80004db0 (0xf5570793) x15 0xffffff56
core   0: 0x80004db4 (0x005e7b33) and     s6, t3, t0
core   0: 3 0x80004db4 (0x005e7b33) x22 0x00000000
core   0: 0x80004db8 (0x65d10d13) addi    s10, sp, 1629
core   0: 3 0x80004db8 (0x65d10d13) x26 0x00000644
core   0: 0x80004dbc (0x010d1013) slli    zero, s10, 16
core   0: 3 0x80004dbc (0x010d1013)
core   0: 0x80004dc0 (0xc7f2b493) sltiu   s1, t0, -897
core   0: 3 0x80004dc0 (0xc7f2b493) x9  0x00000001
core   0: 0x80004dc4 (0x019ead33) slt     s10, t4, s9
core   0: 3 0x80004dc4 (0x019ead33) x26 0x00000001
core   0: 0x80004dc8 (0x73c1b193) sltiu   gp, gp, 1852
core   0: 3 0x80004dc8 (0x73c1b193) x3  0x00000001
core   0: 0x80004dcc (0x8257bd13) sltiu   s10, a5, -2011
core   0: 3 0x80004dcc (0x8257bd13) x26 0x00000000
core   0: 0x80004dd0 (0x01cd9913) slli    s2, s11, 28
core   0: 3 0x80004dd0 (0x01cd9913) x18 0x70000000
core   0: 0x80004dd4 (0x01975f93) srli    t6, a4, 25
core   0: 3 0x80004dd4 (0x01975f93) x31 0x00000000
core   0: 0x80004dd8 (0xba867113) andi    sp, a2, -1112
core   0: 3 0x80004dd8 (0xba867113) x2  0x02d20000
core   0: 0x80004ddc (0x90ed6b17) auipc   s6, 0x90ed6
core   0: 3 0x80004ddc (0x90ed6b17) x22 0x10edaddc
core   0: 0x80004de0 (0x2650f793) andi    a5, ra, 613
core   0: 3 0x80004de0 (0x2650f793) x15 0x00000000
core   0: 0x80004de4 (0x86ace113) ori     sp, s9, -1942
core   0: 3 0x80004de4 (0x86ace113) x2  0xfffff86a
core   0: 0x80004de8 (0x01a01013) slli    zero, zero, 26
core   0: 3 0x80004de8 (0x01a01013)
core   0: 0x80004dec (0x009211b3) sll     gp, tp, s1
core   0: 3 0x80004dec (0x009211b3) x3  0x615c9fce
core   0: 0x80004df0 (0x1b117413) andi    s0, sp, 433
core   0: 3 0x80004df0 (0x1b117413) x8  0x00000020
core   0: 0x80004df4 (0x00ade333) or      t1, s11, a0
core   0: 3 0x80004df4 (0x00ade333) x6  0xffffffe7
core   0: 0x80004df8 (0xc5856193) ori     gp, a0, -936
core   0: 3 0x80004df8 (0xc5856193) x3  0xfffffe7c
core   0: 0x80004dfc (0xcaa77d13) andi    s10, a4, -854
core   0: 3 0x80004dfc (0xcaa77d13) x26 0x00000000
core   0: 0x80004e00 (0x9fc5eb13) ori     s6, a1, -1540
core   0: 3 0x80004e00 (0x9fc5eb13) x22 0xfffff9fc
core   0: 0x80004e04 (0x00121713) slli    a4, tp, 1
core   0: 3 0x80004e04 (0x00121713) x14 0x615c9fce
core   0: 0x80004e08 (0x0166bbb3) sltu    s7, a3, s6
core   0: 3 0x80004e08 (0x0166bbb3) x23 0x00000001
core   0: 0x80004e0c (0x01b06ab3) or      s5, zero, s11
core   0: 3 0x80004e0c (0x01b06ab3) x21 0xffffffe7
core   0: 0x80004e10 (0x015998b3) sll     a7, s3, s5
core   0: 3 0x80004e10 (0x015998b3) x17 0x00000780
core   0: 0x80004e14 (0x8f8392b7) lui     t0, 0x8f839
core   0: 3 0x80004e14 (0x8f8392b7) x5  0x8f839000
core   0: 0x80004e18 (0xd4480c13) addi    s8, a6, -700
core   0: 3 0x80004e18 (0xd4480c13) x24 0xcd8ecc57
core   0: 0x80004e1c (0xfe2fe113) ori     sp, t6, -30
core   0: 3 0x80004e1c (0xfe2fe113) x2  0xffffffe2
core   0: 0x80004e20 (0xd4110237) lui     tp, 0xd4110
core   0: 3 0x80004e20 (0xd4110237) x4  0xd4110000
core   0: 0x80004e24 (0x01268e33) add     t3, a3, s2
core   0: 3 0x80004e24 (0x01268e33) x28 0x70000000
core   0: 0x80004e28 (0x001201b3) add     gp, tp, ra
core   0: 3 0x80004e28 (0x001201b3) x3  0xd4110000
core   0: 0x80004e2c (0x01d2adb3) slt     s11, t0, t4
core   0: 3 0x80004e2c (0x01d2adb3) x27 0x00000001
core   0: 0x80004e30 (0x41cb51b3) sra     gp, s6, t3
core   0: 3 0x80004e30 (0x41cb51b3) x3  0xfffff9fc
core   0: 0x80004e34 (0x3fa447b7) lui     a5, 0x3fa44
core   0: 3 0x80004e34 (0x3fa447b7) x15 0x3fa44000
core   0: 0x80004e38 (0x00a95d13) srli    s10, s2, 10
core   0: 3 0x80004e38 (0x00a95d13) x26 0x001c0000
core   0: 0x80004e3c (0x015ddd33) srl     s10, s11, s5
core   0: 3 0x80004e3c (0x015ddd33) x26 0x00000000
core   0: 0x80004e40 (0x01001033) sll     zero, zero, a6
core   0: 3 0x80004e40 (0x01001033)
core   0: 0x80004e44 (0x011adbb3) srl     s7, s5, a7
core   0: 3 0x80004e44 (0x011adbb3) x23 0xffffffe7
core   0: 0x80004e48 (0x0042e233) or      tp, t0, tp
core   0: 3 0x80004e48 (0x0042e233) x4  0xdf939000
core   0: 0x80004e4c (0x00866333) or      t1, a2, s0
core   0: 3 0x80004e4c (0x00866333) x6  0x02d20020
core   0: 0x80004e50 (0x0044ccb3) xor     s9, s1, tp
core   0: 3 0x80004e50 (0x0044ccb3) x25 0xdf939001
core   0: 0x80004e54 (0x00d50eb3) add     t4, a0, a3
core   0: 3 0x80004e54 (0x00d50eb3) x29 0x80014e64
core   0: 0x80004e58 (0xb09a4f93) xori    t6, s4, -1271
core   0: 3 0x80004e58 (0xb09a4f93) x31 0x11000cd3
core   0: 0x80004e5c (0x01098e33) add     t3, s3, a6
core   0: 3 0x80004e5c (0x01098e33) x28 0xcd8ecf22
core   0: 0x80004e60 (0x189f3713) sltiu   a4, t5, 393
core   0: 3 0x80004e60 (0x189f3713) x14 0x00000000
core   0: 0x80004e64 (0x40465613) srai    a2, a2, 4
core   0: 3 0x80004e64 (0x40465613) x12 0x002d2000
core   0: 0x80004e68 (0x40e80233) sub     tp, a6, a4
core   0: 3 0x80004e68 (0x40e80233) x4  0xcd8ecf13
core   0: 0x80004e6c (0x66fe8013) addi    zero, t4, 1647
core   0: 3 0x80004e6c (0x66fe8013)
core   0: 0x80004e70 (0x40398eb3) sub     t4, s3, gp
core   0: 3 0x80004e70 (0x40398eb3) x29 0x00000613
core   0: 0x80004e74 (0x01a6cd33) xor     s10, a3, s10
core   0: 3 0x80004e74 (0x01a6cd33) x26 0x00000000
core   0: 0x80004e78 (0x0143a133) slt     sp, t2, s4
core   0: 3 0x80004e78 (0x0143a133) x2  0x00000000
core   0: 0x80004e7c (0x404a0eb3) sub     t4, s4, tp
core   0: 3 0x80004e7c (0x404a0eb3) x29 0x217128c7
core   0: 0x80004e80 (0xecc6be13) sltiu   t3, a3, -308
core   0: 3 0x80004e80 (0xecc6be13) x28 0x00000001
core   0: 0x80004e84 (0x0086b6b3) sltu    a3, a3, s0
core   0: 3 0x80004e84 (0x0086b6b3) x13 0x00000001
core   0: 0x80004e88 (0x00a15e13) srli    t3, sp, 10
core   0: 3 0x80004e88 (0x00a15e13) x28 0x00000000
core   0: 0x80004e8c (0xf7b35c37) lui     s8, 0xf7b35
core   0: 3 0x80004e8c (0xf7b35c37) x24 0xf7b35000
core   0: 0x80004e90 (0x41355eb3) sra     t4, a0, s3
core   0: 3 0x80004e90 (0x41355eb3) x29 0xffff0002
core   0: 0x80004e94 (0x4164da13) srai    s4, s1, 22
core   0: 3 0x80004e94 (0x4164da13) x20 0x00000000
core   0: 0x80004e98 (0x00d28a33) add     s4, t0, a3
core   0: 3 0x80004e98 (0x00d28a33) x20 0x8f839001
core   0: 0x80004e9c (0x41f704b3) sub     s1, a4, t6
core   0: 3 0x80004e9c (0x41f704b3) x9  0xeefff32d
core   0: 0x80004ea0 (0x41ecdbb3) sra     s7, s9, t5
core   0: 3 0x80004ea0 (0x41ecdbb3) x23 0xfdf93900
core   0: 0x80004ea4 (0x009f24b3) slt     s1, t5, s1
core   0: 3 0x80004ea4 (0x009f24b3) x9  0x00000001
core   0: 0x80004ea8 (0x008fbbb3) sltu    s7, t6, s0
core   0: 3 0x80004ea8 (0x008fbbb3) x23 0x00000000
core   0: 0x80004eac (0x016dae33) slt     t3, s11, s6
core   0: 3 0x80004eac (0x016dae33) x28 0x00000000
core   0: 0x80004eb0 (0xb391d837) lui     a6, 0xb391d
core   0: 3 0x80004eb0 (0xb391d837) x16 0xb391d000
core   0: 0x80004eb4 (0x018b5093) srli    ra, s6, 24
core   0: 3 0x80004eb4 (0x018b5093) x1  0x000000ff
core   0: 0x80004eb8 (0x0124c2b3) xor     t0, s1, s2
core   0: 3 0x80004eb8 (0x0124c2b3) x5  0x70000001
core   0: 0x80004ebc (0x0f3ab093) sltiu   ra, s5, 243
core   0: 3 0x80004ebc (0x0f3ab093) x1  0x00000000
core   0: 0x80004ec0 (0x57218e13) addi    t3, gp, 1394
core   0: 3 0x80004ec0 (0x57218e13) x28 0xffffff6e
core   0: 0x80004ec4 (0x4140a717) auipc   a4, 0x4140a
core   0: 3 0x80004ec4 (0x4140a717) x14 0xc140eec4
core   0: 0x80004ec8 (0x001d5413) srli    s0, s10, 1
core   0: 3 0x80004ec8 (0x001d5413) x8  0x00000000
core   0: 0x80004ecc (0x01346633) or      a2, s0, s3
core   0: 3 0x80004ecc (0x01346633) x12 0x0000000f
core   0: 0x80004ed0 (0x0140cb33) xor     s6, ra, s4
core   0: 3 0x80004ed0 (0x0140cb33) x22 0x8f839001
core   0: 0x80004ed4 (0x005707b3) add     a5, a4, t0
core   0: 3 0x80004ed4 (0x005707b3) x15 0x3140eec5
core   0: 0x80004ed8 (0x41635c93) srai    s9, t1, 22
core   0: 3 0x80004ed8 (0x41635c93) x25 0x0000000b
core   0: 0x80004edc (0x7ae8cc93) xori    s9, a7, 1966
core   0: 3 0x80004edc (0x7ae8cc93) x25 0x0000002e
core   0: 0x80004ee0 (0x016337b3) sltu    a5, t1, s6
core   0: 3 0x80004ee0 (0x016337b3) x15 0x00000001
core   0: 0x80004ee4 (0x4046dab3) sra     s5, a3, tp
core   0: 3 0x80004ee4 (0x4046dab3) x21 0x00000000
core   0: 0x80004ee8 (0x016e3333) sltu    t1, t3, s6
core   0: 3 0x80004ee8 (0x016e3333) x6  0x00000000
core   0: 0x80004eec (0x93928393) addi    t2, t0, -1735
core   0: 3 0x80004eec (0x93928393) x7  0x6ffff93a
core   0: 0x80004ef0 (0x0076dbb3) srl     s7, a3, t2
core   0: 3 0x80004ef0 (0x0076dbb3) x23 0x00000000
core   0: 0x80004ef4 (0x00637033) and     zero, t1, t1
core   0: 3 0x80004ef4 (0x00637033)
core   0: 0x80004ef8 (0x01d184b3) add     s1, gp, t4
core   0: 3 0x80004ef8 (0x01d184b3) x9  0xfffef9fe
core   0: 0x80004efc (0x0080e4b3) or      s1, ra, s0
core   0: 3 0x80004efc (0x0080e4b3) x9  0x00000000
core   0: 0x80004f00 (0x00000013) nop
core   0: 3 0x80004f00 (0x00000013)
core   0: 0x80004f04 (0x015d5813) srli    a6, s10, 21
core   0: 3 0x80004f04 (0x015d5813) x16 0x00000000
core   0: 0x80004f08 (0x00cb9ab3) sll     s5, s7, a2
core   0: 3 0x80004f08 (0x00cb9ab3) x21 0x00000000
core   0: 0x80004f0c (0x35f5b813) sltiu   a6, a1, 863
core   0: 3 0x80004f0c (0x35f5b813) x16 0x00000000
core   0: 0x80004f10 (0x1d193f93) sltiu   t6, s2, 465
core   0: 3 0x80004f10 (0x1d193f93) x31 0x00000000
core   0: 0x80004f14 (0x0c4b3393) sltiu   t2, s6, 196
core   0: 3 0x80004f14 (0x0c4b3393) x7  0x00000000
core   0: 0x80004f18 (0x00e33fb3) sltu    t6, t1, a4
core   0: 3 0x80004f18 (0x00e33fb3) x31 0x00000001
core   0: 0x80004f1c (0x01f20eb3) add     t4, tp, t6
core   0: 3 0x80004f1c (0x01f20eb3) x29 0xcd8ecf14
core   0: 0x80004f20 (0xb60a8113) addi    sp, s5, -1184
core   0: 3 0x80004f20 (0xb60a8113) x2  0xfffffb60
core   0: 0x80004f24 (0x00000013) nop
core   0: 3 0x80004f24 (0x00000013)
core   0: 0x80004f28 (0x40c3dab3) sra     s5, t2, a2
core   0: 3 0x80004f28 (0x40c3dab3) x21 0x00000000
core   0: 0x80004f2c (0xf995c713) xori    a4, a1, -103
core   0: 3 0x80004f2c (0xf995c713) x14 0x1f3d0f99
core   0: 0x80004f30 (0x0070d213) srli    tp, ra, 7
core   0: 3 0x80004f30 (0x0070d213) x4  0x00000000
core   0: 0x80004f34 (0x004142b3) xor     t0, sp, tp
core   0: 3 0x80004f34 (0x004142b3) x5  0xfffffb60
core   0: 0x80004f38 (0x0145c2b3) xor     t0, a1, s4
core   0: 3 0x80004f38 (0x0145c2b3) x5  0x6f416001
core   0: 0x80004f3c (0x013f35b3) sltu    a1, t5, s3
core   0: 3 0x80004f3c (0x013f35b3) x11 0x00000000
core   0: 0x80004f40 (0xdb92a4b7) lui     s1, 0xdb92a
core   0: 3 0x80004f40 (0xdb92a4b7) x9  0xdb92a000
core   0: 0x80004f44 (0x00ae3b33) sltu    s6, t3, a0
core   0: 3 0x80004f44 (0x00ae3b33) x22 0x00000000
core   0: 0x80004f48 (0xdd11a813) slti    a6, gp, -559
core   0: 3 0x80004f48 (0xdd11a813) x16 0x00000001
core   0: 0x80004f4c (0xe361e613) ori     a2, gp, -458
core   0: 3 0x80004f4c (0xe361e613) x12 0xfffffffe
core   0: 0x80004f50 (0x549d4693) xori    a3, s10, 1353
core   0: 3 0x80004f50 (0x549d4693) x13 0x00000549
core   0: 0x80004f54 (0x006ffd33) and     s10, t6, t1
core   0: 3 0x80004f54 (0x006ffd33) x26 0x00000000
core   0: 0x80004f58 (0x65e9cd13) xori    s10, s3, 1630
core   0: 3 0x80004f58 (0x65e9cd13) x26 0x00000651
core   0: 0x80004f5c (0x45127b13) andi    s6, tp, 1105
core   0: 3 0x80004f5c (0x45127b13) x22 0x00000000
core   0: 0x80004f60 (0x00dbe3b3) or      t2, s7, a3
core   0: 3 0x80004f60 (0x00dbe3b3) x7  0x00000549
core   0: 0x80004f64 (0x6dff8113) addi    sp, t6, 1759
core   0: 3 0x80004f64 (0x6dff8113) x2  0x000006e0
core   0: 0x80004f68 (0x00000013) nop
core   0: 3 0x80004f68 (0x00000013)
core   0: 0x80004f6c (0x00070333) add     t1, a4, zero
core   0: 3 0x80004f6c (0x00070333) x6  0x1f3d0f99
core   0: 0x80004f70 (0x00ceed33) or      s10, t4, a2
core   0: 3 0x80004f70 (0x00ceed33) x26 0xfffffffe
core   0: 0x80004f74 (0x012355b3) srl     a1, t1, s2
core   0: 3 0x80004f74 (0x012355b3) x11 0x1f3d0f99
core   0: 0x80004f78 (0xc1919237) lui     tp, 0xc1919
core   0: 3 0x80004f78 (0xc1919237) x4  0xc1919000
core   0: 0x80004f7c (0x01298eb3) add     t4, s3, s2
core   0: 3 0x80004f7c (0x01298eb3) x29 0x7000000f
core   0: 0x80004f80 (0x00b33133) sltu    sp, t1, a1
core   0: 3 0x80004f80 (0x00b33133) x2  0x00000000
core   0: 0x80004f84 (0x01bc6733) or      a4, s8, s11
core   0: 3 0x80004f84 (0x01bc6733) x14 0xf7b35001
core   0: 0x80004f88 (0x6249c493) xori    s1, s3, 1572
core   0: 3 0x80004f88 (0x6249c493) x9  0x0000062b
core   0: 0x80004f8c (0x40ee5633) sra     a2, t3, a4
core   0: 3 0x80004f8c (0x40ee5633) x12 0xffffffb7
core   0: 0x80004f90 (0xe68c3637) lui     a2, 0xe68c3
core   0: 3 0x80004f90 (0xe68c3637) x12 0xe68c3000
core   0: 0x80004f94 (0x704f8593) addi    a1, t6, 1796
core   0: 3 0x80004f94 (0x704f8593) x11 0x00000705
core   0: 0x80004f98 (0x4012dc93) srai    s9, t0, 1
core   0: 3 0x80004f98 (0x4012dc93) x25 0x37a0b000
core   0: 0x80004f9c (0x00e21a93) slli    s5, tp, 14
core   0: 3 0x80004f9c (0x00e21a93) x21 0x64000000
core   0: 0x80004fa0 (0x41b9d893) srai    a7, s3, 27
core   0: 3 0x80004fa0 (0x41b9d893) x17 0x00000000
core   0: 0x80004fa4 (0xce577b17) auipc   s6, 0xce577
core   0: 3 0x80004fa4 (0xce577b17) x22 0x4e57bfa4
core   0: 0x80004fa8 (0x22018c93) addi    s9, gp, 544
core   0: 3 0x80004fa8 (0x22018c93) x25 0xfffffc1c
core   0: 0x80004fac (0x00f63133) sltu    sp, a2, a5
core   0: 3 0x80004fac (0x00f63133) x2  0x00000000
core   0: 0x80004fb0 (0x01b6e933) or      s2, a3, s11
core   0: 3 0x80004fb0 (0x01b6e933) x18 0x00000549
core   0: 0x80004fb4 (0x010c6bb3) or      s7, s8, a6
core   0: 3 0x80004fb4 (0x010c6bb3) x23 0xf7b35001
core   0: 0x80004fb8 (0x00a99a93) slli    s5, s3, 10
core   0: 3 0x80004fb8 (0x00a99a93) x21 0x00003c00
core   0: 0x80004fbc (0x01fbb933) sltu    s2, s7, t6
core   0: 3 0x80004fbc (0x01fbb933) x18 0x00000000
core   0: 0x80004fc0 (0x00385213) srli    tp, a6, 3
core   0: 3 0x80004fc0 (0x00385213) x4  0x00000000
core   0: 0x80004fc4 (0x404addb3) sra     s11, s5, tp
core   0: 3 0x80004fc4 (0x404addb3) x27 0x00003c00
core   0: 0x80004fc8 (0x4a144717) auipc   a4, 0x4a144
core   0: 3 0x80004fc8 (0x4a144717) x14 0xca148fc8
core   0: 0x80004fcc (0x00c05d93) srli    s11, zero, 12
core   0: 3 0x80004fcc (0x00c05d93) x27 0x00000000
core   0: 0x80004fd0 (0x013f3133) sltu    sp, t5, s3
core   0: 3 0x80004fd0 (0x013f3133) x2  0x00000000
core   0: 0x80004fd4 (0x4198d7b3) sra     a5, a7, s9
core   0: 3 0x80004fd4 (0x4198d7b3) x15 0x00000000
core   0: 0x80004fd8 (0x2238b393) sltiu   t2, a7, 547
core   0: 3 0x80004fd8 (0x2238b393) x7  0x00000001
core   0: 0x80004fdc (0xd4aef913) andi    s2, t4, -694
core   0: 3 0x80004fdc (0xd4aef913) x18 0x7000000a
core   0: 0x80004fe0 (0x7d1aab17) auipc   s6, 0x7d1aa
core   0: 3 0x80004fe0 (0x7d1aab17) x22 0xfd1aefe0
core   0: 0x80004fe4 (0x645fc793) xori    a5, t6, 1605
core   0: 3 0x80004fe4 (0x645fc793) x15 0x00000644
core   0: 0x80004fe8 (0xacbda313) slti    t1, s11, -1333
core   0: 3 0x80004fe8 (0xacbda313) x6  0x00000000
core   0: 0x80004fec (0x788af7b7) lui     a5, 0x788af
core   0: 3 0x80004fec (0x788af7b7) x15 0x788af000
core   0: 0x80004ff0 (0x759e2b93) slti    s7, t3, 1881
core   0: 3 0x80004ff0 (0x759e2b93) x23 0x00000001
core   0: 0x80004ff4 (0x01dc51b3) srl     gp, s8, t4
core   0: 3 0x80004ff4 (0x01dc51b3) x3  0x0001ef66
core   0: 0x80004ff8 (0x00000013) nop
core   0: 3 0x80004ff8 (0x00000013)
core   0: 0x80004ffc (0x0097c8b7) lui     a7, 0x97c
core   0: 3 0x80004ffc (0x0097c8b7) x17 0x0097c000
core   0: 0x80005000 (0x002d77b3) and     a5, s10, sp
core   0: 3 0x80005000 (0x002d77b3) x15 0x00000000
core   0: 0x80005004 (0xea23b013) sltiu   zero, t2, -350
core   0: 3 0x80005004 (0xea23b013)
core   0: 0x80005008 (0x01e9dc33) srl     s8, s3, t5
core   0: 3 0x80005008 (0x01e9dc33) x24 0x00000000
core   0: 0x8000500c (0x00000013) nop
core   0: 3 0x8000500c (0x00000013)
core   0: 0x80005010 (0x0185cc33) xor     s8, a1, s8
core   0: 3 0x80005010 (0x0185cc33) x24 0x00000705
core   0: 0x80005014 (0x0179e733) or      a4, s3, s7
core   0: 3 0x80005014 (0x0179e733) x14 0x0000000f
core   0: 0x80005018 (0x01fb9713) slli    a4, s7, 31
core   0: 3 0x80005018 (0x01fb9713) x14 0x80000000
core   0: 0x8000501c (0x9375ac13) slti    s8, a1, -1737
core   0: 3 0x8000501c (0x9375ac13) x24 0x00000000
core   0: 0x80005020 (0x00fd1813) slli    a6, s10, 15
core   0: 3 0x80005020 (0x00fd1813) x16 0xffff0000
core   0: 0x80005024 (0x01b62c33) slt     s8, a2, s11
core   0: 3 0x80005024 (0x01b62c33) x24 0x00000001
core   0: 0x80005028 (0x00000013) nop
core   0: 3 0x80005028 (0x00000013)
core   0: 0x8000502c (0x41f75713) srai    a4, a4, 31
core   0: 3 0x8000502c (0x41f75713) x14 0xffffffff
core   0: 0x80005030 (0x0132ae33) slt     t3, t0, s3
core   0: 3 0x80005030 (0x0132ae33) x28 0x00000000
core   0: 0x80005034 (0x0063ca33) xor     s4, t2, t1
core   0: 3 0x80005034 (0x0063ca33) x20 0x00000001
core   0: 0x80005038 (0x01ddccb3) xor     s9, s11, t4
core   0: 3 0x80005038 (0x01ddccb3) x25 0x7000000f
core   0: 0x8000503c (0x00c53433) sltu    s0, a0, a2
core   0: 3 0x8000503c (0x00c53433) x8  0x00000001
core   0: 0x80005040 (0x00c176b3) and     a3, sp, a2
core   0: 3 0x80005040 (0x00c176b3) x13 0x00000000
core   0: 0x80005044 (0x005dc3b3) xor     t2, s11, t0
core   0: 3 0x80005044 (0x005dc3b3) x7  0x6f416001
core   0: 0x80005048 (0x11826c13) ori     s8, tp, 280
core   0: 3 0x80005048 (0x11826c13) x24 0x00000118
core   0: 0x8000504c (0x0129b033) sltu    zero, s3, s2
core   0: 3 0x8000504c (0x0129b033)
core   0: 0x80005050 (0x000eb133) sltu    sp, t4, zero
core   0: 3 0x80005050 (0x000eb133) x2  0x00000000
core   0: 0x80005054 (0x016df433) and     s0, s11, s6
core   0: 3 0x80005054 (0x016df433) x8  0x00000000
core   0: 0x80005058 (0x41710bb3) sub     s7, sp, s7
core   0: 3 0x80005058 (0x41710bb3) x23 0xffffffff
core   0: 0x8000505c (0x0067d793) srli    a5, a5, 6
core   0: 3 0x8000505c (0x0067d793) x15 0x00000000
core   0: 0x80005060 (0x01873d33) sltu    s10, a4, s8
core   0: 3 0x80005060 (0x01873d33) x26 0x00000000
core   0: 0x80005064 (0x403184b3) sub     s1, gp, gp
core   0: 3 0x80005064 (0x403184b3) x9  0x00000000
core   0: 0x80005068 (0x93196c93) ori     s9, s2, -1743
core   0: 3 0x80005068 (0x93196c93) x25 0xfffff93b
core   0: 0x8000506c (0xf1446113) ori     sp, s0, -236
core   0: 3 0x8000506c (0xf1446113) x2  0xffffff14
core   0: 0x80005070 (0x406c8d33) sub     s10, s9, t1
core   0: 3 0x80005070 (0x406c8d33) x26 0xfffff93b
core   0: 0x80005074 (0x00853833) sltu    a6, a0, s0
core   0: 3 0x80005074 (0x00853833) x16 0x00000000
core   0: 0x80005078 (0xce050e93) addi    t4, a0, -800
core   0: 3 0x80005078 (0xce050e93) x29 0x80014b44
core   0: 0x8000507c (0x013b7333) and     t1, s6, s3
core   0: 3 0x8000507c (0x013b7333) x6  0x00000000
core   0: 0x80005080 (0xb6b57a93) andi    s5, a0, -1173
core   0: 3 0x80005080 (0xb6b57a93) x21 0x80014a60
core   0: 0x80005084 (0x00301e33) sll     t3, zero, gp
core   0: 3 0x80005084 (0x00301e33) x28 0x00000000
core   0: 0x80005088 (0x40540333) sub     t1, s0, t0
core   0: 3 0x80005088 (0x40540333) x6  0x90be9fff
core   0: 0x8000508c (0xb2d5f337) lui     t1, 0xb2d5f
core   0: 3 0x8000508c (0xb2d5f337) x6  0xb2d5f000
core   0: 0x80005090 (0xee253813) sltiu   a6, a0, -286
core   0: 3 0x80005090 (0xee253813) x16 0x00000001
core   0: 0x80005094 (0x00000013) nop
core   0: 3 0x80005094 (0x00000013)
core   0: 0x80005098 (0x41795393) srai    t2, s2, 23
core   0: 3 0x80005098 (0x41795393) x7  0x000000e0
core   0: 0x8000509c (0x82798797) auipc   a5, 0x82798
core   0: 3 0x8000509c (0x82798797) x15 0x0279d09c
core   0: 0x800050a0 (0x0bbdba13) sltiu   s4, s11, 187
core   0: 3 0x800050a0 (0x0bbdba13) x20 0x00000001
core   0: 0x800050a4 (0x8809e4b7) lui     s1, 0x8809e
core   0: 3 0x800050a4 (0x8809e4b7) x9  0x8809e000
core   0: 0x800050a8 (0x007fd7b3) srl     a5, t6, t2
core   0: 3 0x800050a8 (0x007fd7b3) x15 0x00000001
core   0: 0x800050ac (0x6748eb93) ori     s7, a7, 1652
core   0: 3 0x800050ac (0x6748eb93) x23 0x0097c674
core   0: 0x800050b0 (0x48463313) sltiu   t1, a2, 1156
core   0: 3 0x800050b0 (0x48463313) x6  0x00000000
core   0: 0x800050b4 (0x8d373913) sltiu   s2, a4, -1837
core   0: 3 0x800050b4 (0x8d373913) x18 0x00000000
core   0: 0x800050b8 (0x403a5333) sra     t1, s4, gp
core   0: 3 0x800050b8 (0x403a5333) x6  0x00000000
core   0: 0x800050bc (0x5c99a297) auipc   t0, 0x5c99a
core   0: 3 0x800050bc (0x5c99a297) x5  0xdc99f0bc
core   0: 0x800050c0 (0x00000013) nop
core   0: 3 0x800050c0 (0x00000013)
core   0: 0x800050c4 (0xe9272213) slti    tp, a4, -366
core   0: 3 0x800050c4 (0xe9272213) x4  0x00000000
core   0: 0x800050c8 (0xdcb9b413) sltiu   s0, s3, -565
core   0: 3 0x800050c8 (0xdcb9b413) x8  0x00000001
core   0: 0x800050cc (0x010f38b3) sltu    a7, t5, a6
core   0: 3 0x800050cc (0x010f38b3) x17 0x00000000
core   0: 0x800050d0 (0x40f30433) sub     s0, t1, a5
core   0: 3 0x800050d0 (0x40f30433) x8  0xffffffff
core   0: 0x800050d4 (0x00166333) or      t1, a2, ra
core   0: 3 0x800050d4 (0x00166333) x6  0xe68c3000
core   0: 0x800050d8 (0x00000013) nop
core   0: 3 0x800050d8 (0x00000013)
core   0: 0x800050dc (0xc519f213) andi    tp, s3, -943
core   0: 3 0x800050dc (0xc519f213) x4  0x00000001
core   0: 0x800050e0 (0xf187a613) slti    a2, a5, -232
core   0: 3 0x800050e0 (0xf187a613) x12 0x00000000
core   0: 0x800050e4 (0x00000013) nop
core   0: 3 0x800050e4 (0x00000013)
core   0: 0x800050e8 (0x204696b7) lui     a3, 0x20469
core   0: 3 0x800050e8 (0x204696b7) x13 0x20469000
core   0: 0x800050ec (0xf89a2e93) slti    t4, s4, -119
core   0: 3 0x800050ec (0xf89a2e93) x29 0x00000000
core   0: 0x800050f0 (0x01d712b3) sll     t0, a4, t4
core   0: 3 0x800050f0 (0x01d712b3) x5  0xffffffff
core   0: 0x800050f4 (0x010d8ab3) add     s5, s11, a6
core   0: 3 0x800050f4 (0x010d8ab3) x21 0x00000001
core   0: 0x800050f8 (0x00fa83b3) add     t2, s5, a5
core   0: 3 0x800050f8 (0x00fa83b3) x7  0x00000002
core   0: 0x800050fc (0x0090d713) srli    a4, ra, 9
core   0: 3 0x800050fc (0x0090d713) x14 0x00000000
core   0: 0x80005100 (0x00df7c33) and     s8, t5, a3
core   0: 3 0x80005100 (0x00df7c33) x24 0x00008000
core   0: 0x80005104 (0x5c128a97) auipc   s5, 0x5c128
core   0: 3 0x80005104 (0x5c128a97) x21 0xdc12d104
core   0: 0x80005108 (0x001bd133) srl     sp, s7, ra
core   0: 3 0x80005108 (0x001bd133) x2  0x0097c674
core   0: 0x8000510c (0x41bd0bb3) sub     s7, s10, s11
core   0: 3 0x8000510c (0x41bd0bb3) x23 0xfffff93b
core   0: 0x80005110 (0x004f1133) sll     sp, t5, tp
core   0: 3 0x80005110 (0x004f1133) x2  0x000319c8
core   0: 0x80005114 (0x0cff2b13) slti    s6, t5, 207
core   0: 3 0x80005114 (0x0cff2b13) x22 0x00000001
core   0: 0x80005118 (0x00000013) nop
core   0: 3 0x80005118 (0x00000013)
core   0: 0x8000511c (0x01e67ab3) and     s5, a2, t5
core   0: 3 0x8000511c (0x01e67ab3) x21 0x00000000
core   0: 0x80005120 (0x82e8e193) ori     gp, a7, -2002
core   0: 3 0x80005120 (0x82e8e193) x3  0xfffff82e
core   0: 0x80005124 (0x00cebe33) sltu    t3, t4, a2
core   0: 3 0x80005124 (0x00cebe33) x28 0x00000000
core   0: 0x80005128 (0x0031bcb3) sltu    s9, gp, gp
core   0: 3 0x80005128 (0x0031bcb3) x25 0x00000000
core   0: 0x8000512c (0x00000013) nop
core   0: 3 0x8000512c (0x00000013)
core   0: 0x80005130 (0x47d10e13) addi    t3, sp, 1149
core   0: 3 0x80005130 (0x47d10e13) x28 0x00031e45
core   0: 0x80005134 (0xb5606613) ori     a2, zero, -1194
core   0: 3 0x80005134 (0xb5606613) x12 0xfffffb56
core   0: 0x80005138 (0x4a065417) auipc   s0, 0x4a065
core   0: 3 0x80005138 (0x4a065417) x8  0xca06a138
core   0: 0x8000513c (0x415a8433) sub     s0, s5, s5
core   0: 3 0x8000513c (0x415a8433) x8  0x00000000
core   0: 0x80005140 (0x40348233) sub     tp, s1, gp
core   0: 3 0x80005140 (0x40348233) x4  0x8809e7d2
core   0: 0x80005144 (0x3f254b13) xori    s6, a0, 1010
core   0: 3 0x80005144 (0x3f254b13) x22 0x80014d96
core   0: 0x80005148 (0x40765433) sra     s0, a2, t2
core   0: 3 0x80005148 (0x40765433) x8  0xfffffed5
core   0: 0x8000514c (0x047c0e13) addi    t3, s8, 71
core   0: 3 0x8000514c (0x047c0e13) x28 0x00008047
core   0: 0x80005150 (0x00ea5393) srli    t2, s4, 14
core   0: 3 0x80005150 (0x00ea5393) x7  0x00000000
core   0: 0x80005154 (0x0176f0b3) and     ra, a3, s7
core   0: 3 0x80005154 (0x0176f0b3) x1  0x20469000
core   0: 0x80005158 (0x56e60493) addi    s1, a2, 1390
core   0: 3 0x80005158 (0x56e60493) x9  0x000000c4
core   0: 0x8000515c (0x01205a93) srli    s5, zero, 18
core   0: 3 0x8000515c (0x01205a93) x21 0x00000000
core   0: 0x80005160 (0x01762b33) slt     s6, a2, s7
core   0: 3 0x80005160 (0x01762b33) x22 0x00000000
core   0: 0x80005164 (0x01eefa33) and     s4, t4, t5
core   0: 3 0x80005164 (0x01eefa33) x20 0x00000000
core   0: 0x80005168 (0x0d874a37) lui     s4, 0xd874
core   0: 3 0x80005168 (0x0d874a37) x20 0x0d874000
core   0: 0x8000516c (0xee198a13) addi    s4, s3, -287
core   0: 3 0x8000516c (0xee198a13) x20 0xfffffef0
core   0: 0x80005170 (0x411d0633) sub     a2, s10, a7
core   0: 3 0x80005170 (0x411d0633) x12 0xfffff93b
core   0: 0x80005174 (0x01bf9693) slli    a3, t6, 27
core   0: 3 0x80005174 (0x01bf9693) x13 0x08000000
core   0: 0x80005178 (0x00ccf0b3) and     ra, s9, a2
core   0: 3 0x80005178 (0x00ccf0b3) x1  0x00000000
core   0: 0x8000517c (0x85c76d93) ori     s11, a4, -1956
core   0: 3 0x8000517c (0x85c76d93) x27 0xfffff85c
core   0: 0x80005180 (0x013caab3) slt     s5, s9, s3
core   0: 3 0x80005180 (0x013caab3) x21 0x00000001
core   0: 0x80005184 (0x402b51b3) sra     gp, s6, sp
core   0: 3 0x80005184 (0x402b51b3) x3  0x00000000
core   0: 0x80005188 (0x87d4e013) ori     zero, s1, -1923
core   0: 3 0x80005188 (0x87d4e013)
core   0: 0x8000518c (0x01b79913) slli    s2, a5, 27
core   0: 3 0x8000518c (0x01b79913) x18 0x08000000
core   0: 0x80005190 (0x0139d2b3) srl     t0, s3, s3
core   0: 3 0x80005190 (0x0139d2b3) x5  0x00000000
core   0: 0x80005194 (0x40c88fb3) sub     t6, a7, a2
core   0: 3 0x80005194 (0x40c88fb3) x31 0x000006c5
core   0: 0x80005198 (0x99c42d93) slti    s11, s0, -1636
core   0: 3 0x80005198 (0x99c42d93) x27 0x00000000
core   0: 0x8000519c (0x7a431497) auipc   s1, 0x7a431
core   0: 3 0x8000519c (0x7a431497) x9  0xfa43619c
core   0: 0x800051a0 (0xa23ce397) auipc   t2, 0xa23ce
core   0: 3 0x800051a0 (0xa23ce397) x7  0x223d31a0
core   0: 0x800051a4 (0xaf99a113) slti    sp, s3, -1287
core   0: 3 0x800051a4 (0xaf99a113) x2  0x00000000
core   0: 0x800051a8 (0xdd23c093) xori    ra, t2, -558
core   0: 3 0x800051a8 (0xdd23c093) x1  0xddc2cc72
core   0: 0x800051ac (0x5c83b013) sltiu   zero, t2, 1480
core   0: 3 0x800051ac (0x5c83b013)
core   0: 0x800051b0 (0x400ad6b3) sra     a3, s5, zero
core   0: 3 0x800051b0 (0x400ad6b3) x13 0x00000001
core   0: 0x800051b4 (0x00fae3b3) or      t2, s5, a5
core   0: 3 0x800051b4 (0x00fae3b3) x7  0x00000001
core   0: 0x800051b8 (0x009baeb3) slt     t4, s7, s1
core   0: 3 0x800051b8 (0x009baeb3) x29 0x00000000
core   0: 0x800051bc (0x00516933) or      s2, sp, t0
core   0: 3 0x800051bc (0x00516933) x18 0x00000000
core   0: 0x800051c0 (0x931b6e37) lui     t3, 0x931b6
core   0: 3 0x800051c0 (0x931b6e37) x28 0x931b6000
core   0: 0x800051c4 (0x00000013) nop
core   0: 3 0x800051c4 (0x00000013)
core   0: 0x800051c8 (0x30b00e13) li      t3, 779
core   0: 3 0x800051c8 (0x30b00e13) x28 0x0000030b
core   0: 0x800051cc (0x41d30cb3) sub     s9, t1, t4
core   0: 3 0x800051cc (0x41d30cb3) x25 0xe68c3000
core   0: 0x800051d0 (0x42fd0213) addi    tp, s10, 1071
core   0: 3 0x800051d0 (0x42fd0213) x4  0xfffffd6a
core   0: 0x800051d4 (0x41625693) srai    a3, tp, 22
core   0: 3 0x800051d4 (0x41625693) x13 0xffffffff
core   0: 0x800051d8 (0x10302293) slti    t0, zero, 259
core   0: 3 0x800051d8 (0x10302293) x5  0x00000001
core   0: 0x800051dc (0x01d8e6b3) or      a3, a7, t4
core   0: 3 0x800051dc (0x01d8e6b3) x13 0x00000000
core   0: 0x800051e0 (0x91e42d93) slti    s11, s0, -1762
core   0: 3 0x800051e0 (0x91e42d93) x27 0x00000000
core   0: 0x800051e4 (0x00676cb3) or      s9, a4, t1
core   0: 3 0x800051e4 (0x00676cb3) x25 0xe68c3000
core   0: 0x800051e8 (0x01408a33) add     s4, ra, s4
core   0: 3 0x800051e8 (0x01408a33) x20 0xddc2cb62
core   0: 0x800051ec (0x013ee7b3) or      a5, t4, s3
core   0: 3 0x800051ec (0x013ee7b3) x15 0x0000000f
core   0: 0x800051f0 (0x0138d093) srli    ra, a7, 19
core   0: 3 0x800051f0 (0x0138d093) x1  0x00000000
core   0: 0x800051f4 (0x40c30d33) sub     s10, t1, a2
core   0: 3 0x800051f4 (0x40c30d33) x26 0xe68c36c5
core   0: 0x800051f8 (0x018724b3) slt     s1, a4, s8
core   0: 3 0x800051f8 (0x018724b3) x9  0x00000001
core   0: 0x800051fc (0xd2367e93) andi    t4, a2, -733
core   0: 3 0x800051fc (0xd2367e93) x29 0xfffff923
core   0: 0x80005200 (0x0002fe33) and     t3, t0, zero
core   0: 3 0x80005200 (0x0002fe33) x28 0x00000000
core   0: 0x80005204 (0x759b7813) andi    a6, s6, 1881
core   0: 3 0x80005204 (0x759b7813) x16 0x00000000
core   0: 0x80005208 (0x00b05e13) srli    t3, zero, 11
core   0: 3 0x80005208 (0x00b05e13) x28 0x00000000
core   0: 0x8000520c (0x81ecb413) sltiu   s0, s9, -2018
core   0: 3 0x8000520c (0x81ecb413) x8  0x00000001
core   0: 0x80005210 (0x413652b3) sra     t0, a2, s3
core   0: 3 0x80005210 (0x413652b3) x5  0xffffffff
core   0: 0x80005214 (0x015747b3) xor     a5, a4, s5
core   0: 3 0x80005214 (0x015747b3) x15 0x00000001
core   0: 0x80005218 (0x417c5bb3) sra     s7, s8, s7
core   0: 3 0x80005218 (0x417c5bb3) x23 0x00000000
core   0: 0x8000521c (0x002e4cb3) xor     s9, t3, sp
core   0: 3 0x8000521c (0x002e4cb3) x25 0x00000000
core   0: 0x80005220 (0x01595933) srl     s2, s2, s5
core   0: 3 0x80005220 (0x01595933) x18 0x00000000
core   0: 0x80005224 (0x004c5a33) srl     s4, s8, tp
core   0: 3 0x80005224 (0x004c5a33) x20 0x00000020
core   0: 0x80005228 (0x001178b3) and     a7, sp, ra
core   0: 3 0x80005228 (0x001178b3) x17 0x00000000
core   0: 0x8000522c (0x00e18e33) add     t3, gp, a4
core   0: 3 0x8000522c (0x00e18e33) x28 0x00000000
core   0: 0x80005230 (0xe4ed3693) sltiu   a3, s10, -434
core   0: 3 0x80005230 (0xe4ed3693) x13 0x00000001
core   0: 0x80005234 (0x01d45633) srl     a2, s0, t4
core   0: 3 0x80005234 (0x01d45633) x12 0x00000000
core   0: 0x80005238 (0x2dd7f113) andi    sp, a5, 733
core   0: 3 0x80005238 (0x2dd7f113) x2  0x00000001
core   0: 0x8000523c (0x41455393) srai    t2, a0, 20
core   0: 3 0x8000523c (0x41455393) x7  0xfffff800
core   0: 0x80005240 (0x007d51b3) srl     gp, s10, t2
core   0: 3 0x80005240 (0x007d51b3) x3  0xe68c36c5
core   0: 0x80005244 (0x00d6a7b3) slt     a5, a3, a3
core   0: 3 0x80005244 (0x00d6a7b3) x15 0x00000000
core   0: 0x80005248 (0x00000013) nop
core   0: 3 0x80005248 (0x00000013)
core   0: 0x8000524c (0x41815313) srai    t1, sp, 24
core   0: 3 0x8000524c (0x41815313) x6  0x00000000
core   0: 0x80005250 (0x31fcfe93) andi    t4, s9, 799
core   0: 3 0x80005250 (0x31fcfe93) x29 0x00000000
core   0: 0x80005254 (0x01f1f8b3) and     a7, gp, t6
core   0: 3 0x80005254 (0x01f1f8b3) x17 0x000006c5
core   0: 0x80005258 (0x00851193) slli    gp, a0, 8
core   0: 3 0x80005258 (0x00851193) x3  0x014e6400
core   0: 0x8000525c (0xd6b5eb93) ori     s7, a1, -661
core   0: 3 0x8000525c (0xd6b5eb93) x23 0xffffff6f
core   0: 0x80005260 (0x40c28db3) sub     s11, t0, a2
core   0: 3 0x80005260 (0x40c28db3) x27 0xffffffff
core   0: 0x80005264 (0x0103d113) srli    sp, t2, 16
core   0: 3 0x80005264 (0x0103d113) x2  0x0000ffff
core   0: 0x80005268 (0x01385f93) srli    t6, a6, 19
core   0: 3 0x80005268 (0x01385f93) x31 0x00000000
core   0: 0x8000526c (0x007d8933) add     s2, s11, t2
core   0: 3 0x8000526c (0x007d8933) x18 0xfffff7ff
core   0: 0x80005270 (0x03950c93) addi    s9, a0, 57
core   0: 3 0x80005270 (0x03950c93) x25 0x80014e9d
core   0: 0x80005274 (0x019ddcb3) srl     s9, s11, s9
core   0: 3 0x80005274 (0x019ddcb3) x25 0x00000007
core   0: 0x80005278 (0x019a5933) srl     s2, s4, s9
core   0: 3 0x80005278 (0x019a5933) x18 0x00000000
core   0: 0x8000527c (0x7e847b93) andi    s7, s0, 2024
core   0: 3 0x8000527c (0x7e847b93) x23 0x00000000
core   0: 0x80005280 (0x005da433) slt     s0, s11, t0
core   0: 3 0x80005280 (0x005da433) x8  0x00000000
core   0: 0x80005284 (0x2f30ef93) ori     t6, ra, 755
core   0: 3 0x80005284 (0x2f30ef93) x31 0x000002f3
core   0: 0x80005288 (0x00afb333) sltu    t1, t6, a0
core   0: 3 0x80005288 (0x00afb333) x6  0x00000001
core   0: 0x8000528c (0x0012f8b3) and     a7, t0, ra
core   0: 3 0x8000528c (0x0012f8b3) x17 0x00000000
core   0: 0x80005290 (0x01f95213) srli    tp, s2, 31
core   0: 3 0x80005290 (0x01f95213) x4  0x00000000
core   0: 0x80005294 (0x0096e133) or      sp, a3, s1
core   0: 3 0x80005294 (0x0096e133) x2  0x00000001
core   0: 0x80005298 (0x73c58813) addi    a6, a1, 1852
core   0: 3 0x80005298 (0x73c58813) x16 0x00000e41
core   0: 0x8000529c (0x014f67b3) or      a5, t5, s4
core   0: 3 0x8000529c (0x014f67b3) x15 0x80018ce4
core   0: 0x800052a0 (0x014f5913) srli    s2, t5, 20
core   0: 3 0x800052a0 (0x014f5913) x18 0x00000800
core   0: 0x800052a4 (0x1a86d797) auipc   a5, 0x1a86d
core   0: 3 0x800052a4 (0x1a86d797) x15 0x9a8722a4
core   0: 0x800052a8 (0x004d0633) add     a2, s10, tp
core   0: 3 0x800052a8 (0x004d0633) x12 0xe68c36c5
core   0: 0x800052ac (0x017cb6b3) sltu    a3, s9, s7
core   0: 3 0x800052ac (0x017cb6b3) x13 0x00000000
core   0: 0x800052b0 (0x00e29cb3) sll     s9, t0, a4
core   0: 3 0x800052b0 (0x00e29cb3) x25 0xffffffff
core   0: 0x800052b4 (0x016efdb3) and     s11, t4, s6
core   0: 3 0x800052b4 (0x016efdb3) x27 0x00000000
core   0: 0x800052b8 (0x615bc293) xori    t0, s7, 1557
core   0: 3 0x800052b8 (0x615bc293) x5  0x00000615
core   0: 0x800052bc (0x4125dc93) srai    s9, a1, 18
core   0: 3 0x800052bc (0x4125dc93) x25 0x00000000
core   0: 0x800052c0 (0x00de4bb3) xor     s7, t3, a3
core   0: 3 0x800052c0 (0x00de4bb3) x23 0x00000000
core   0: 0x800052c4 (0x01a6a3b3) slt     t2, a3, s10
core   0: 3 0x800052c4 (0x01a6a3b3) x7  0x00000000
core   0: 0x800052c8 (0x00000013) nop
core   0: 3 0x800052c8 (0x00000013)
core   0: 0x800052cc (0x408dd333) sra     t1, s11, s0
core   0: 3 0x800052cc (0x408dd333) x6  0x00000000
core   0: 0x800052d0 (0x40c70433) sub     s0, a4, a2
core   0: 3 0x800052d0 (0x40c70433) x8  0x1973c93b
core   0: 0x800052d4 (0x00bc3eb3) sltu    t4, s8, a1
core   0: 3 0x800052d4 (0x00bc3eb3) x29 0x00000000
core   0: 0x800052d8 (0x46d2c793) xori    a5, t0, 1133
core   0: 3 0x800052d8 (0x46d2c793) x15 0x00000278
core   0: 0x800052dc (0xfab4fc93) andi    s9, s1, -85
core   0: 3 0x800052dc (0xfab4fc93) x25 0x00000001
core   0: 0x800052e0 (0x00991813) slli    a6, s2, 9
core   0: 3 0x800052e0 (0x00991813) x16 0x00100000
core   0: 0x800052e4 (0x00c91a33) sll     s4, s2, a2
core   0: 3 0x800052e4 (0x00c91a33) x20 0x00010000
core   0: 0x800052e8 (0x1f74ac93) slti    s9, s1, 503
core   0: 3 0x800052e8 (0x1f74ac93) x25 0x00000001
core   0: 0x800052ec (0x01df1d93) slli    s11, t5, 29
core   0: 3 0x800052ec (0x01df1d93) x27 0x80000000
core   0: 0x800052f0 (0x01bd8033) add     zero, s11, s11
core   0: 3 0x800052f0 (0x01bd8033)
core   0: 0x800052f4 (0x010ad193) srli    gp, s5, 16
core   0: 3 0x800052f4 (0x010ad193) x3  0x00000000
core   0: 0x800052f8 (0x40940fb3) sub     t6, s0, s1
core   0: 3 0x800052f8 (0x40940fb3) x31 0x1973c93a
core   0: 0x800052fc (0x805e0593) addi    a1, t3, -2043
core   0: 3 0x800052fc (0x805e0593) x11 0xfffff805
core   0: 0x80005300 (0x004d5633) srl     a2, s10, tp
core   0: 3 0x80005300 (0x004d5633) x12 0xe68c36c5
core   0: 0x80005304 (0x40f650b3) sra     ra, a2, a5
core   0: 3 0x80005304 (0x40f650b3) x1  0xffffffe6
core   0: 0x80005308 (0xc98dac13) slti    s8, s11, -872
core   0: 3 0x80005308 (0xc98dac13) x24 0x00000001
core   0: 0x8000530c (0x00000013) nop
core   0: 3 0x8000530c (0x00000013)
core   0: 0x80005310 (0xd3a7b113) sltiu   sp, a5, -710
core   0: 3 0x80005310 (0xd3a7b113) x2  0x00000001
core   0: 0x80005314 (0xa99b6a93) ori     s5, s6, -1383
core   0: 3 0x80005314 (0xa99b6a93) x21 0xfffffa99
core   0: 0x80005318 (0x00d05093) srli    ra, zero, 13
core   0: 3 0x80005318 (0x00d05093) x1  0x00000000
core   0: 0x8000531c (0x00ff1433) sll     s0, t5, a5
core   0: 3 0x8000531c (0x00ff1433) x8  0xe4000000
core   0: 0x80005320 (0x00185cb3) srl     s9, a6, ra
core   0: 3 0x80005320 (0x00185cb3) x25 0x00100000
core   0: 0x80005324 (0xd372bb93) sltiu   s7, t0, -713
core   0: 3 0x80005324 (0xd372bb93) x23 0x00000001
core   0: 0x80005328 (0x62354a13) xori    s4, a0, 1571
core   0: 3 0x80005328 (0x62354a13) x20 0x80014847
core   0: 0x8000532c (0x41110e33) sub     t3, sp, a7
core   0: 3 0x8000532c (0x41110e33) x28 0x00000001
core   0: 0x80005330 (0x00000013) nop
core   0: 3 0x80005330 (0x00000013)
core   0: 0x80005334 (0x0036fb33) and     s6, a3, gp
core   0: 3 0x80005334 (0x0036fb33) x22 0x00000000
core   0: 0x80005338 (0x00d89493) slli    s1, a7, 13
core   0: 3 0x80005338 (0x00d89493) x9  0x00000000
core   0: 0x8000533c (0x00ba6bb3) or      s7, s4, a1
core   0: 3 0x8000533c (0x00ba6bb3) x23 0xfffff847
core   0: 0x80005340 (0xf52ae793) ori     a5, s5, -174
core   0: 3 0x80005340 (0xf52ae793) x15 0xffffffdb
core   0: 0x80005344 (0x87e6ac93) slti    s9, a3, -1922
core   0: 3 0x80005344 (0x87e6ac93) x25 0x00000000
core   0: 0x80005348 (0x00971c93) slli    s9, a4, 9
core   0: 3 0x80005348 (0x00971c93) x25 0x00000000
core   0: 0x8000534c (0x016e9913) slli    s2, t4, 22
core   0: 3 0x8000534c (0x016e9913) x18 0x00000000
core   0: 0x80005350 (0x00d35693) srli    a3, t1, 13
core   0: 3 0x80005350 (0x00d35693) x13 0x00000000
core   0: 0x80005354 (0xd1bac613) xori    a2, s5, -741
core   0: 3 0x80005354 (0xd1bac613) x12 0x00000782
core   0: 0x80005358 (0x8cdffc93) andi    s9, t6, -1843
core   0: 3 0x80005358 (0x8cdffc93) x25 0x1973c808
core   0: 0x8000535c (0x00b25313) srli    t1, tp, 11
core   0: 3 0x8000535c (0x00b25313) x6  0x00000000
core   0: 0x80005360 (0x01b774b3) and     s1, a4, s11
core   0: 3 0x80005360 (0x01b774b3) x9  0x00000000
core   0: 0x80005364 (0x01e27333) and     t1, tp, t5
core   0: 3 0x80005364 (0x01e27333) x6  0x00000000
core   0: 0x80005368 (0x019ed413) srli    s0, t4, 25
core   0: 3 0x80005368 (0x019ed413) x8  0x00000000
core   0: 0x8000536c (0x4ece4c13) xori    s8, t3, 1260
core   0: 3 0x8000536c (0x4ece4c13) x24 0x000004ed
core   0: 0x80005370 (0x00a32833) slt     a6, t1, a0
core   0: 3 0x80005370 (0x00a32833) x16 0x00000000
core   0: 0x80005374 (0x01370fb3) add     t6, a4, s3
core   0: 3 0x80005374 (0x01370fb3) x31 0x0000000f
core   0: 0x80005378 (0xd867b917) auipc   s2, 0xd867b
core   0: 3 0x80005378 (0xd867b917) x18 0x58680378
core   0: 0x8000537c (0x0179da33) srl     s4, s3, s7
core   0: 3 0x8000537c (0x0179da33) x20 0x00000000
core   0: 0x80005380 (0x01215833) srl     a6, sp, s2
core   0: 3 0x80005380 (0x01215833) x16 0x00000000
core   0: 0x80005384 (0x0089ce33) xor     t3, s3, s0
core   0: 3 0x80005384 (0x0089ce33) x28 0x0000000f
core   0: 0x80005388 (0xcaee2493) slti    s1, t3, -850
core   0: 3 0x80005388 (0xcaee2493) x9  0x00000000
core   0: 0x8000538c (0x882d7c93) andi    s9, s10, -1918
core   0: 3 0x8000538c (0x882d7c93) x25 0xe68c3080
core   0: 0x80005390 (0x92018e13) addi    t3, gp, -1760
core   0: 3 0x80005390 (0x92018e13) x28 0xfffff920
core   0: 0x80005394 (0x416dd2b3) sra     t0, s11, s6
core   0: 3 0x80005394 (0x416dd2b3) x5  0x80000000
core   0: 0x80005398 (0x40f98bb3) sub     s7, s3, a5
core   0: 3 0x80005398 (0x40f98bb3) x23 0x00000034
core   0: 0x8000539c (0x48ae4e13) xori    t3, t3, 1162
core   0: 3 0x8000539c (0x48ae4e13) x28 0xfffffdaa
core   0: 0x800053a0 (0xb7dbe213) ori     tp, s7, -1155
core   0: 3 0x800053a0 (0xb7dbe213) x4  0xfffffb7d
core   0: 0x800053a4 (0xdfc43293) sltiu   t0, s0, -516
core   0: 3 0x800053a4 (0xdfc43293) x5  0x00000001
core   0: 0x800053a8 (0x00000013) nop
core   0: 3 0x800053a8 (0x00000013)
core   0: 0x800053ac (0xfdd1a813) slti    a6, gp, -35
core   0: 3 0x800053ac (0xfdd1a813) x16 0x00000000
core   0: 0x800053b0 (0x00000013) nop
core   0: 3 0x800053b0 (0x00000013)
core   0: 0x800053b4 (0x041c4593) xori    a1, s8, 65
core   0: 3 0x800053b4 (0x041c4593) x11 0x000004ac
core   0: 0x800053b8 (0x01010033) add     zero, sp, a6
core   0: 3 0x800053b8 (0x01010033)
core   0: 0x800053bc (0x5ec2e417) auipc   s0, 0x5ec2e
core   0: 3 0x800053bc (0x5ec2e417) x8  0xdec333bc
core   0: 0x800053c0 (0x01e1efb3) or      t6, gp, t5
core   0: 3 0x800053c0 (0x01e1efb3) x31 0x80018ce4
core   0: 0x800053c4 (0xd7ffc893) xori    a7, t6, -641
core   0: 3 0x800053c4 (0xd7ffc893) x17 0x7ffe719b
core   0: 0x800053c8 (0x01027b33) and     s6, tp, a6
core   0: 3 0x800053c8 (0x01027b33) x22 0x00000000
core   0: 0x800053cc (0x41d1d133) sra     sp, gp, t4
core   0: 3 0x800053cc (0x41d1d133) x2  0x00000000
core   0: 0x800053d0 (0x008380b3) add     ra, t2, s0
core   0: 3 0x800053d0 (0x008380b3) x1  0xdec333bc
core   0: 0x800053d4 (0x014a7fb3) and     t6, s4, s4
core   0: 3 0x800053d4 (0x014a7fb3) x31 0x00000000
core   0: 0x800053d8 (0x41a2d313) srai    t1, t0, 26
core   0: 3 0x800053d8 (0x41a2d313) x6  0x00000000
core   0: 0x800053dc (0x015bb3b3) sltu    t2, s7, s5
core   0: 3 0x800053dc (0x015bb3b3) x7  0x00000001
core   0: 0x800053e0 (0x909be593) ori     a1, s7, -1783
core   0: 3 0x800053e0 (0x909be593) x11 0xfffff93d
core   0: 0x800053e4 (0x66048b13) addi    s6, s1, 1632
core   0: 3 0x800053e4 (0x66048b13) x22 0x00000660
core   0: 0x800053e8 (0x0004abb3) slt     s7, s1, zero
core   0: 3 0x800053e8 (0x0004abb3) x23 0x00000000
core   0: 0x800053ec (0x9727ba13) sltiu   s4, a5, -1678
core   0: 3 0x800053ec (0x9727ba13) x20 0x00000000
core   0: 0x800053f0 (0x010130b3) sltu    ra, sp, a6
core   0: 3 0x800053f0 (0x010130b3) x1  0x00000000
core   0: 0x800053f4 (0x01093db3) sltu    s11, s2, a6
core   0: 3 0x800053f4 (0x01093db3) x27 0x00000000
core   0: 0x800053f8 (0x0059f833) and     a6, s3, t0
core   0: 3 0x800053f8 (0x0059f833) x16 0x00000001
core   0: 0x800053fc (0x01fd65b3) or      a1, s10, t6
core   0: 3 0x800053fc (0x01fd65b3) x11 0xe68c36c5
core   0: 0x80005400 (0x77748793) addi    a5, s1, 1911
core   0: 3 0x80005400 (0x77748793) x15 0x00000777
core   0: 0x80005404 (0xd29ae793) ori     a5, s5, -727
core   0: 3 0x80005404 (0xd29ae793) x15 0xffffffb9
core   0: 0x80005408 (0x00d7cfb3) xor     t6, a5, a3
core   0: 3 0x80005408 (0x00d7cfb3) x31 0xffffffb9
core   0: 0x8000540c (0x0140c4b3) xor     s1, ra, s4
core   0: 3 0x8000540c (0x0140c4b3) x9  0x00000000
core   0: 0x80005410 (0x005f1e93) slli    t4, t5, 5
core   0: 3 0x80005410 (0x005f1e93) x29 0x00319c80
core   0: 0x80005414 (0x414c5033) sra     zero, s8, s4
core   0: 3 0x80005414 (0x414c5033)
core   0: 0x80005418 (0x00a5c8b3) xor     a7, a1, a0
core   0: 3 0x80005418 (0x00a5c8b3) x17 0x668d78a1
core   0: 0x8000541c (0x01286d33) or      s10, a6, s2
core   0: 3 0x8000541c (0x01286d33) x26 0x58680379
core   0: 0x80005420 (0x40f20bb3) sub     s7, tp, a5
core   0: 3 0x80005420 (0x40f20bb3) x23 0xfffffbc4
core   0: 0x80005424 (0xb94b2c93) slti    s9, s6, -1132
core   0: 3 0x80005424 (0xb94b2c93) x25 0x00000000
core   0: 0x80005428 (0x3156a213) slti    tp, a3, 789
core   0: 3 0x80005428 (0x3156a213) x4  0x00000001
core   0: 0x8000542c (0x1463ce17) auipc   t3, 0x1463c
core   0: 3 0x8000542c (0x1463ce17) x28 0x9464142c
core   0: 0x80005430 (0x019bad33) slt     s10, s7, s9
core   0: 3 0x80005430 (0x019bad33) x26 0x00000001
core   0: 0x80005434 (0xbb897b93) andi    s7, s2, -1096
core   0: 3 0x80005434 (0xbb897b93) x23 0x58680338
core   0: 0x80005438 (0x0079e233) or      tp, s3, t2
core   0: 3 0x80005438 (0x0079e233) x4  0x0000000f
core   0: 0x8000543c (0xf251f593) andi    a1, gp, -219
core   0: 3 0x8000543c (0xf251f593) x11 0x00000000
core   0: 0x80005440 (0x01a81d93) slli    s11, a6, 26
core   0: 3 0x80005440 (0x01a81d93) x27 0x04000000
core   0: 0x80005444 (0x00eec433) xor     s0, t4, a4
core   0: 3 0x80005444 (0x00eec433) x8  0x00319c80
core   0: 0x80005448 (0x80437017) auipc   zero, 0x80437
core   0: 3 0x80005448 (0x80437017)
core   0: 0x8000544c (0xdfa0cb17) auipc   s6, 0xdfa0c
core   0: 3 0x8000544c (0xdfa0cb17) x22 0x5fa1144c
core   0: 0x80005450 (0x017212b3) sll     t0, tp, s7
core   0: 3 0x80005450 (0x017212b3) x5  0x0f000000
core   0: 0x80005454 (0x01f41393) slli    t2, s0, 31
core   0: 3 0x80005454 (0x01f41393) x7  0x00000000
core   0: 0x80005458 (0x00d76333) or      t1, a4, a3
core   0: 3 0x80005458 (0x00d76333) x6  0x00000000
core   0: 0x8000545c (0x40128233) sub     tp, t0, ra
core   0: 3 0x8000545c (0x40128233) x4  0x0f000000
core   0: 0x80005460 (0x928bf393) andi    t2, s7, -1752
core   0: 3 0x80005460 (0x928bf393) x7  0x58680128
core   0: 0x80005464 (0x00000013) nop
core   0: 3 0x80005464 (0x00000013)
core   0: 0x80005468 (0x0185ce93) xori    t4, a1, 24
core   0: 3 0x80005468 (0x0185ce93) x29 0x00000018
core   0: 0x8000546c (0x01efd593) srli    a1, t6, 30
core   0: 3 0x8000546c (0x01efd593) x11 0x00000003
core   0: 0x80005470 (0x002df0b3) and     ra, s11, sp
core   0: 3 0x80005470 (0x002df0b3) x1  0x00000000
core   0: 0x80005474 (0x414e8cb3) sub     s9, t4, s4
core   0: 3 0x80005474 (0x414e8cb3) x25 0x00000018
core   0: 0x80005478 (0x01cabf93) sltiu   t6, s5, 28
core   0: 3 0x80005478 (0x01cabf93) x31 0x00000000
core   0: 0x8000547c (0x40015b13) srai    s6, sp, 0
core   0: 3 0x8000547c (0x40015b13) x22 0x00000000
core   0: 0x80005480 (0x40bfd033) sra     zero, t6, a1
core   0: 3 0x80005480 (0x40bfd033)
core   0: 0x80005484 (0x09630e93) addi    t4, t1, 150
core   0: 3 0x80005484 (0x09630e93) x29 0x00000096
core   0: 0x80005488 (0xfa55b117) auipc   sp, 0xfa55b
core   0: 3 0x80005488 (0xfa55b117) x2  0x7a560488
core   0: 0x8000548c (0x00cf5e13) srli    t3, t5, 12
core   0: 3 0x8000548c (0x00cf5e13) x28 0x00080018
core   0: 0x80005490 (0x004400b3) add     ra, s0, tp
core   0: 3 0x80005490 (0x004400b3) x1  0x0f319c80
core   0: 0x80005494 (0xcfef3d13) sltiu   s10, t5, -770
core   0: 3 0x80005494 (0xcfef3d13) x26 0x00000001
core   0: 0x80005498 (0x4e683d13) sltiu   s10, a6, 1254
core   0: 3 0x80005498 (0x4e683d13) x26 0x00000001
core   0: 0x8000549c (0x00183933) sltu    s2, a6, ra
core   0: 3 0x8000549c (0x00183933) x18 0x00000001
core   0: 0x800054a0 (0xa7f823b7) lui     t2, 0xa7f82
core   0: 3 0x800054a0 (0xa7f823b7) x7  0xa7f82000
core   0: 0x800054a4 (0x00e87833) and     a6, a6, a4
core   0: 3 0x800054a4 (0x00e87833) x16 0x00000000
core   0: 0x800054a8 (0x401f5cb3) sra     s9, t5, ra
core   0: 3 0x800054a8 (0x401f5cb3) x25 0x80018ce4
core   0: 0x800054ac (0x3370f413) andi    s0, ra, 823
core   0: 3 0x800054ac (0x3370f413) x8  0x00000000
core   0: 0x800054b0 (0x01d5e4b3) or      s1, a1, t4
core   0: 3 0x800054b0 (0x01d5e4b3) x9  0x00000097
core   0: 0x800054b4 (0x01681db3) sll     s11, a6, s6
core   0: 3 0x800054b4 (0x01681db3) x27 0x00000000
core   0: 0x800054b8 (0xf2a37893) andi    a7, t1, -214
core   0: 3 0x800054b8 (0xf2a37893) x17 0x00000000
core   0: 0x800054bc (0x00fc02b3) add     t0, s8, a5
core   0: 3 0x800054bc (0x00fc02b3) x5  0x000004a6
core   0: 0x800054c0 (0x01eedb33) srl     s6, t4, t5
core   0: 3 0x800054c0 (0x01eedb33) x22 0x00000009
core   0: 0x800054c4 (0x2dbaecb7) lui     s9, 0x2dbae
core   0: 3 0x800054c4 (0x2dbaecb7) x25 0x2dbae000
core   0: 0x800054c8 (0xe5679217) auipc   tp, 0xe5679
core   0: 3 0x800054c8 (0xe5679217) x4  0x6567e4c8
core   0: 0x800054cc (0x40015fb3) sra     t6, sp, zero
core   0: 3 0x800054cc (0x40015fb3) x31 0x7a560488
core   0: 0x800054d0 (0x01701a13) slli    s4, zero, 23
core   0: 3 0x800054d0 (0x01701a13) x20 0x00000000
core   0: 0x800054d4 (0x66b13113) sltiu   sp, sp, 1643
core   0: 3 0x800054d4 (0x66b13113) x2  0x00000000
core   0: 0x800054d8 (0x40cadd33) sra     s10, s5, a2
core   0: 3 0x800054d8 (0x40cadd33) x26 0xfffffea6
core   0: 0x800054dc (0x40cad313) srai    t1, s5, 12
core   0: 3 0x800054dc (0x40cad313) x6  0xffffffff
core   0: 0x800054e0 (0x01bcdbb3) srl     s7, s9, s11
core   0: 3 0x800054e0 (0x01bcdbb3) x23 0x2dbae000
core   0: 0x800054e4 (0xcc88c913) xori    s2, a7, -824
core   0: 3 0x800054e4 (0xcc88c913) x18 0xfffffcc8
core   0: 0x800054e8 (0x41140433) sub     s0, s0, a7
core   0: 3 0x800054e8 (0x41140433) x8  0x00000000
core   0: 0x800054ec (0xe2729fb7) lui     t6, 0xe2729
core   0: 3 0x800054ec (0xe2729fb7) x31 0xe2729000
core   0: 0x800054f0 (0x40d58233) sub     tp, a1, a3
core   0: 3 0x800054f0 (0x40d58233) x4  0x00000003
core   0: 0x800054f4 (0x017fddb3) srl     s11, t6, s7
core   0: 3 0x800054f4 (0x017fddb3) x27 0xe2729000
core   0: 0x800054f8 (0x01ad4a33) xor     s4, s10, s10
core   0: 3 0x800054f8 (0x01ad4a33) x20 0x00000000
core   0: 0x800054fc (0xcbd03597) auipc   a1, 0xcbd03
core   0: 3 0x800054fc (0xcbd03597) x11 0x4bd084fc
core   0: 0x80005500 (0x01096b33) or      s6, s2, a6
core   0: 3 0x80005500 (0x01096b33) x22 0xfffffcc8
core   0: 0x80005504 (0x012d32b3) sltu    t0, s10, s2
core   0: 3 0x80005504 (0x012d32b3) x5  0x00000000
core   0: 0x80005508 (0x012d0e33) add     t3, s10, s2
core   0: 3 0x80005508 (0x012d0e33) x28 0xfffffb6e
core   0: 0x8000550c (0x01bd7ab3) and     s5, s10, s11
core   0: 3 0x8000550c (0x01bd7ab3) x21 0xe2729000
core   0: 0x80005510 (0xce65fa13) andi    s4, a1, -794
core   0: 3 0x80005510 (0xce65fa13) x20 0x4bd084e4
core   0: 0x80005514 (0x41815013) srai    zero, sp, 24
core   0: 3 0x80005514 (0x41815013)
core   0: 0x80005518 (0x4043a593) slti    a1, t2, 1028
core   0: 3 0x80005518 (0x4043a593) x11 0x00000001
core   0: 0x8000551c (0x00b20633) add     a2, tp, a1
core   0: 3 0x8000551c (0x00b20633) x12 0x00000004
core   0: 0x80005520 (0x6f47c893) xori    a7, a5, 1780
core   0: 3 0x80005520 (0x6f47c893) x17 0xfffff94d
core   0: 0x80005524 (0x00ed72b3) and     t0, s10, a4
core   0: 3 0x80005524 (0x00ed72b3) x5  0x00000000
core   0: 0x80005528 (0x00e3da33) srl     s4, t2, a4
core   0: 3 0x80005528 (0x00e3da33) x20 0xa7f82000
core   0: 0x8000552c (0x408a5613) srai    a2, s4, 8
core   0: 3 0x8000552c (0x408a5613) x12 0xffa7f820
core   0: 0x80005530 (0x2b4df693) andi    a3, s11, 692
core   0: 3 0x80005530 (0x2b4df693) x13 0x00000000
core   0: 0x80005534 (0x0027e1b3) or      gp, a5, sp
core   0: 3 0x80005534 (0x0027e1b3) x3  0xffffffb9
core   0: 0x80005538 (0x0172dd13) srli    s10, t0, 23
core   0: 3 0x80005538 (0x0172dd13) x26 0x00000000
core   0: 0x8000553c (0x00614733) xor     a4, sp, t1
core   0: 3 0x8000553c (0x00614733) x14 0xffffffff
core   0: 0x80005540 (0x41ec05b3) sub     a1, s8, t5
core   0: 3 0x80005540 (0x41ec05b3) x11 0x7ffe7809
core   0: 0x80005544 (0x00000013) nop
core   0: 3 0x80005544 (0x00000013)
core   0: 0x80005548 (0x01945e93) srli    t4, s0, 25
core   0: 3 0x80005548 (0x01945e93) x29 0x00000000
core   0: 0x8000554c (0x00f8d293) srli    t0, a7, 15
core   0: 3 0x8000554c (0x00f8d293) x5  0x0001ffff
core   0: 0x80005550 (0x019144b3) xor     s1, sp, s9
core   0: 3 0x80005550 (0x019144b3) x9  0x2dbae000
core   0: 0x80005554 (0xbf3bb297) auipc   t0, 0xbf3bb
core   0: 3 0x80005554 (0xbf3bb297) x5  0x3f3c0554
core   0: 0x80005558 (0x008831b3) sltu    gp, a6, s0
core   0: 3 0x80005558 (0x008831b3) x3  0x00000000
core   0: 0x8000555c (0x7080ac97) auipc   s9, 0x7080a
core   0: 3 0x8000555c (0x7080ac97) x25 0xf080f55c
core   0: 0x80005560 (0x00000013) nop
core   0: 3 0x80005560 (0x00000013)
core   0: 0x80005564 (0x00b65113) srli    sp, a2, 11
core   0: 3 0x80005564 (0x00b65113) x2  0x001ff4ff
core   0: 0x80005568 (0x0a10e613) ori     a2, ra, 161
core   0: 3 0x80005568 (0x0a10e613) x12 0x0f319ca1
core   0: 0x8000556c (0x01495013) srli    zero, s2, 20
core   0: 3 0x8000556c (0x01495013)
core   0: 0x80005570 (0x0129a8b3) slt     a7, s3, s2
core   0: 3 0x80005570 (0x0129a8b3) x17 0x00000000
core   0: 0x80005574 (0x0124d793) srli    a5, s1, 18
core   0: 3 0x80005574 (0x0124d793) x15 0x00000b6e
core   0: 0x80005578 (0x014275b3) and     a1, tp, s4
core   0: 3 0x80005578 (0x014275b3) x11 0x00000000
core   0: 0x8000557c (0x01426cb3) or      s9, tp, s4
core   0: 3 0x8000557c (0x01426cb3) x25 0xa7f82003
core   0: 0x80005580 (0x83dd4e93) xori    t4, s10, -1987
core   0: 3 0x80005580 (0x83dd4e93) x29 0xfffff83d
core   0: 0x80005584 (0x41fc05b3) sub     a1, s8, t6
core   0: 3 0x80005584 (0x41fc05b3) x11 0x1d8d74ed
core   0: 0x80005588 (0x25300813) li      a6, 595
core   0: 3 0x80005588 (0x25300813) x16 0x00000253
core   0: 0x8000558c (0x76a94d13) xori    s10, s2, 1898
core   0: 3 0x8000558c (0x76a94d13) x26 0xfffffba2
core   0: 0x80005590 (0x00da4333) xor     t1, s4, a3
core   0: 3 0x80005590 (0x00da4333) x6  0xa7f82000
core   0: 0x80005594 (0xc555f297) auipc   t0, 0xc555f
core   0: 3 0x80005594 (0xc555f297) x5  0x45564594
core   0: 0x80005598 (0xd61c8c93) addi    s9, s9, -671
core   0: 3 0x80005598 (0xd61c8c93) x25 0xa7f81d64
core   0: 0x8000559c (0x41555bb3) sra     s7, a0, s5
core   0: 3 0x8000559c (0x41555bb3) x23 0x80014e64
core   0: 0x800055a0 (0xcf7a0a93) addi    s5, s4, -777
core   0: 3 0x800055a0 (0xcf7a0a93) x21 0xa7f81cf7
core   0: 0x800055a4 (0x97074893) xori    a7, a4, -1680
core   0: 3 0x800055a4 (0x97074893) x17 0x0000068f
core   0: 0x800055a8 (0x019038b3) snez    a7, s9
core   0: 3 0x800055a8 (0x019038b3) x17 0x00000001
core   0: 0x800055ac (0x00807fb3) and     t6, zero, s0
core   0: 3 0x800055ac (0x00807fb3) x31 0x00000000
core   0: 0x800055b0 (0xb4db4493) xori    s1, s6, -1203
core   0: 3 0x800055b0 (0xb4db4493) x9  0x00000785
core   0: 0x800055b4 (0x00488a33) add     s4, a7, tp
core   0: 3 0x800055b4 (0x00488a33) x20 0x00000004
core   0: 0x800055b8 (0x01e975b3) and     a1, s2, t5
core   0: 3 0x800055b8 (0x01e975b3) x11 0x80018cc0
core   0: 0x800055bc (0x40e870b7) lui     ra, 0x40e87
core   0: 3 0x800055bc (0x40e870b7) x1  0x40e87000
core   0: 0x800055c0 (0x01481c33) sll     s8, a6, s4
core   0: 3 0x800055c0 (0x01481c33) x24 0x00002530
core   0: 0x800055c4 (0x0097b233) sltu    tp, a5, s1
core   0: 3 0x800055c4 (0x0097b233) x4  0x00000000
core   0: 0x800055c8 (0x40698a33) sub     s4, s3, t1
core   0: 3 0x800055c8 (0x40698a33) x20 0x5807e00f
core   0: 0x800055cc (0x01309a13) slli    s4, ra, 19
core   0: 3 0x800055cc (0x01309a13) x20 0x80000000
core   0: 0x800055d0 (0xd562d4b7) lui     s1, 0xd562d
core   0: 3 0x800055d0 (0xd562d4b7) x9  0xd562d000
core   0: 0x800055d4 (0x00e06e33) or      t3, zero, a4
core   0: 3 0x800055d4 (0x00e06e33) x28 0xffffffff
core   0: 0x800055d8 (0x40308cb3) sub     s9, ra, gp
core   0: 3 0x800055d8 (0x40308cb3) x25 0x40e87000
core   0: 0x800055dc (0x1da42013) slti    zero, s0, 474
core   0: 3 0x800055dc (0x1da42013)
core   0: 0x800055e0 (0xb467e913) ori     s2, a5, -1210
core   0: 3 0x800055e0 (0xb467e913) x18 0xfffffb6e
core   0: 0x800055e4 (0x00000013) nop
core   0: 3 0x800055e4 (0x00000013)
core   0: 0x800055e8 (0x00355a33) srl     s4, a0, gp
core   0: 3 0x800055e8 (0x00355a33) x20 0x80014e64
core   0: 0x800055ec (0x2fec7393) andi    t2, s8, 766
core   0: 3 0x800055ec (0x2fec7393) x7  0x00000030
core   0: 0x800055f0 (0x8fdcbc97) auipc   s9, 0x8fdcb
core   0: 3 0x800055f0 (0x8fdcbc97) x25 0x0fdd05f0
core   0: 0x800055f4 (0x00d7e4b3) or      s1, a5, a3
core   0: 3 0x800055f4 (0x00d7e4b3) x9  0x00000b6e
core   0: 0x800055f8 (0x014cd833) srl     a6, s9, s4
core   0: 3 0x800055f8 (0x014cd833) x16 0x00fdd05f
core   0: 0x800055fc (0x00000013) nop
core   0: 3 0x800055fc (0x00000013)
core   0: 0x80005600 (0x0182b333) sltu    t1, t0, s8
core   0: 3 0x80005600 (0x0182b333) x6  0x00000000
core   0: 0x80005604 (0xa1e36413) ori     s0, t1, -1506
core   0: 3 0x80005604 (0xa1e36413) x8  0xfffffa1e
core   0: 0x80005608 (0x00236e33) or      t3, t1, sp
core   0: 3 0x80005608 (0x00236e33) x28 0x001ff4ff
core   0: 0x8000560c (0x5bdf7393) andi    t2, t5, 1469
core   0: 3 0x8000560c (0x5bdf7393) x7  0x000004a4
core   0: 0x80005610 (0x53a34213) xori    tp, t1, 1338
core   0: 3 0x80005610 (0x53a34213) x4  0x0000053a
core   0: 0x80005614 (0x019ad333) srl     t1, s5, s9
core   0: 3 0x80005614 (0x019ad333) x6  0x0000a7f8
core   0: 0x80005618 (0xc9f6a813) slti    a6, a3, -865
core   0: 3 0x80005618 (0xc9f6a813) x16 0x00000000
core   0: 0x8000561c (0x00251b13) slli    s6, a0, 2
core   0: 3 0x8000561c (0x00251b13) x22 0x00053990
core   0: 0x80005620 (0x41a25c33) sra     s8, tp, s10
core   0: 3 0x80005620 (0x41a25c33) x24 0x0000014e
core   0: 0x80005624 (0x01e425b3) slt     a1, s0, t5
core   0: 3 0x80005624 (0x01e425b3) x11 0x00000000
core   0: 0x80005628 (0x17108293) addi    t0, ra, 369
core   0: 3 0x80005628 (0x17108293) x5  0x40e87171
core   0: 0x8000562c (0x4137d433) sra     s0, a5, s3
core   0: 3 0x8000562c (0x4137d433) x8  0x00000000
core   0: 0x80005630 (0x00d0bab3) sltu    s5, ra, a3
core   0: 3 0x80005630 (0x00d0bab3) x21 0x00000000
core   0: 0x80005634 (0x01675613) srli    a2, a4, 22
core   0: 3 0x80005634 (0x01675613) x12 0x000003ff
core   0: 0x80005638 (0x00cd1713) slli    a4, s10, 12
core   0: 3 0x80005638 (0x00cd1713) x14 0xffba2000
core   0: 0x8000563c (0x414dd6b3) sra     a3, s11, s4
core   0: 3 0x8000563c (0x414dd6b3) x13 0xfe272900
core   0: 0x80005640 (0x00000013) nop
core   0: 3 0x80005640 (0x00000013)
core   0: 0x80005644 (0xdd424313) xori    t1, tp, -556
core   0: 3 0x80005644 (0xdd424313) x6  0xfffff8ee
core   0: 0x80005648 (0x00458933) add     s2, a1, tp
core   0: 3 0x80005648 (0x00458933) x18 0x0000053a
core   0: 0x8000564c (0x01860633) add     a2, a2, s8
core   0: 3 0x8000564c (0x01860633) x12 0x0000054d
core   0: 0x80005650 (0x5c0b3293) sltiu   t0, s6, 1472
core   0: 3 0x80005650 (0x5c0b3293) x5  0x00000000
core   0: 0x80005654 (0x015add33) srl     s10, s5, s5
core   0: 3 0x80005654 (0x015add33) x26 0x00000000
core   0: 0x80005658 (0x40cade13) srai    t3, s5, 12
core   0: 3 0x80005658 (0x40cade13) x28 0x00000000
core   0: 0x8000565c (0x6254c393) xori    t2, s1, 1573
core   0: 3 0x8000565c (0x6254c393) x7  0x00000d4b
core   0: 0x80005660 (0x008c9933) sll     s2, s9, s0
core   0: 3 0x80005660 (0x008c9933) x18 0x0fdd05f0
core   0: 0x80005664 (0xd945ed13) ori     s10, a1, -620
core   0: 3 0x80005664 (0xd945ed13) x26 0xfffffd94
core   0: 0x80005668 (0xb1b75817) auipc   a6, 0xb1b75
core   0: 3 0x80005668 (0xb1b75817) x16 0x31b7a668
core   0: 0x8000566c (0xc11af713) andi    a4, s5, -1007
core   0: 3 0x8000566c (0xc11af713) x14 0x00000000
core   0: 0x80005670 (0xe6239937) lui     s2, 0xe6239
core   0: 3 0x80005670 (0xe6239937) x18 0xe6239000
core   0: 0x80005674 (0x13974c93) xori    s9, a4, 313
core   0: 3 0x80005674 (0x13974c93) x25 0x00000139
core   0: 0x80005678 (0x0169dc93) srli    s9, s3, 22
core   0: 3 0x80005678 (0x0169dc93) x25 0x00000000
core   0: 0x8000567c (0x00000013) nop
core   0: 3 0x8000567c (0x00000013)
core   0: 0x80005680 (0x27e28293) addi    t0, t0, 638
core   0: 3 0x80005680 (0x27e28293) x5  0x0000027e
core   0: 0x80005684 (0x01246b33) or      s6, s0, s2
core   0: 3 0x80005684 (0x01246b33) x22 0xe6239000
core   0: 0x80005688 (0x00526433) or      s0, tp, t0
core   0: 3 0x80005688 (0x00526433) x8  0x0000077e
core   0: 0x8000568c (0x98c32413) slti    s0, t1, -1652
core   0: 3 0x8000568c (0x98c32413) x8  0x00000001
core   0: 0x80005690 (0xb8871e17) auipc   t3, 0xb8871
core   0: 3 0x80005690 (0xb8871e17) x28 0x38876690
core   0: 0x80005694 (0x01e31933) sll     s2, t1, t5
core   0: 3 0x80005694 (0x01e31933) x18 0xffff8ee0
core   0: 0x80005698 (0x0d0a2713) slti    a4, s4, 208
core   0: 3 0x80005698 (0x0d0a2713) x14 0x00000001
core   0: 0x8000569c (0x8d442013) slti    zero, s0, -1836
core   0: 3 0x8000569c (0x8d442013)
core   0: 0x800056a0 (0xd1ba0293) addi    t0, s4, -741
core   0: 3 0x800056a0 (0xd1ba0293) x5  0x80014b7f
core   0: 0x800056a4 (0x00000013) nop
core   0: 3 0x800056a4 (0x00000013)
core   0: 0x800056a8 (0xccc2cf93) xori    t6, t0, -820
core   0: 3 0x800056a8 (0xccc2cf93) x31 0x7ffeb7b3
core   0: 0x800056ac (0x7d15e597) auipc   a1, 0x7d15e
core   0: 3 0x800056ac (0x7d15e597) x11 0xfd1636ac
core   0: 0x800056b0 (0x01633b33) sltu    s6, t1, s6
core   0: 3 0x800056b0 (0x01633b33) x22 0x00000000
core   0: 0x800056b4 (0x0169dc13) srli    s8, s3, 22
core   0: 3 0x800056b4 (0x0169dc13) x24 0x00000000
core   0: 0x800056b8 (0x518c4e93) xori    t4, s8, 1304
core   0: 3 0x800056b8 (0x518c4e93) x29 0x00000518
core   0: 0x800056bc (0x418fdd13) srai    s10, t6, 24
core   0: 3 0x800056bc (0x418fdd13) x26 0x0000007f
core   0: 0x800056c0 (0x0082c233) xor     tp, t0, s0
core   0: 3 0x800056c0 (0x0082c233) x4  0x80014b7e
core   0: 0x800056c4 (0x0154a8b3) slt     a7, s1, s5
core   0: 3 0x800056c4 (0x0154a8b3) x17 0x00000000
core   0: 0x800056c8 (0x7d02a013) slti    zero, t0, 2000
core   0: 3 0x800056c8 (0x7d02a013)
core   0: 0x800056cc (0x00bdbe33) sltu    t3, s11, a1
core   0: 3 0x800056cc (0x00bdbe33) x28 0x00000001
core   0: 0x800056d0 (0xe37c2cb7) lui     s9, 0xe37c2
core   0: 3 0x800056d0 (0xe37c2cb7) x25 0xe37c2000
core   0: 0x800056d4 (0xc75c6917) auipc   s2, 0xc75c6
core   0: 3 0x800056d4 (0xc75c6917) x18 0x475cb6d4
core   0: 0x800056d8 (0x54b50793) addi    a5, a0, 1355
core   0: 3 0x800056d8 (0x54b50793) x15 0x800153af
core   0: 0x800056dc (0x01cb5b13) srli    s6, s6, 28
core   0: 3 0x800056dc (0x01cb5b13) x22 0x00000000
core   0: 0x800056e0 (0x010d1eb3) sll     t4, s10, a6
core   0: 3 0x800056e0 (0x010d1eb3) x29 0x00007f00
core   0: 0x800056e4 (0x00000013) nop
core   0: 3 0x800056e4 (0x00000013)
core   0: 0x800056e8 (0x004c9593) slli    a1, s9, 4
core   0: 3 0x800056e8 (0x004c9593) x11 0x37c20000
core   0: 0x800056ec (0x01d95013) srli    zero, s2, 29
core   0: 3 0x800056ec (0x01d95013)
core   0: 0x800056f0 (0xae606393) ori     t2, zero, -1306
core   0: 3 0x800056f0 (0xae606393) x7  0xfffffae6
core   0: 0x800056f4 (0xa042f593) andi    a1, t0, -1532
core   0: 3 0x800056f4 (0xa042f593) x11 0x80014a04
core   0: 0x800056f8 (0x2b672093) slti    ra, a4, 694
core   0: 3 0x800056f8 (0x2b672093) x1  0x00000001
core   0: 0x800056fc (0x0008ccb3) xor     s9, a7, zero
core   0: 3 0x800056fc (0x0008ccb3) x25 0x00000000
core   0: 0x80005700 (0x41378d33) sub     s10, a5, s3
core   0: 3 0x80005700 (0x41378d33) x26 0x800153a0
core   0: 0x80005704 (0x00ee5433) srl     s0, t3, a4
core   0: 3 0x80005704 (0x00ee5433) x8  0x00000000
core   0: 0x80005708 (0x012bde33) srl     t3, s7, s2
core   0: 3 0x80005708 (0x012bde33) x28 0x00000800
core   0: 0x8000570c (0xaa50ff93) andi    t6, ra, -1371
core   0: 3 0x8000570c (0xaa50ff93) x31 0x00000001
core   0: 0x80005710 (0x000fac33) slt     s8, t6, zero
core   0: 3 0x80005710 (0x000fac33) x24 0x00000000
core   0: 0x80005714 (0x00607633) and     a2, zero, t1
core   0: 3 0x80005714 (0x00607633) x12 0x00000000
core   0: 0x80005718 (0x82cd4a93) xori    s5, s10, -2004
core   0: 3 0x80005718 (0x82cd4a93) x21 0x7ffeab8c
core   0: 0x8000571c (0x01abceb3) xor     t4, s7, s10
core   0: 3 0x8000571c (0x01abceb3) x29 0x00001dc4
core   0: 0x80005720 (0x6eb16613) ori     a2, sp, 1771
core   0: 3 0x80005720 (0x6eb16613) x12 0x001ff6ff
core   0: 0x80005724 (0xe262f693) andi    a3, t0, -474
core   0: 3 0x80005724 (0xe262f693) x13 0x80014a26
core   0: 0x80005728 (0x00c70db3) add     s11, a4, a2
core   0: 3 0x80005728 (0x00c70db3) x27 0x001ff700
core   0: 0x8000572c (0x013cd193) srli    gp, s9, 19
core   0: 3 0x8000572c (0x013cd193) x3  0x00000000
core   0: 0x80005730 (0xd8afa893) slti    a7, t6, -630
core   0: 3 0x80005730 (0xd8afa893) x17 0x00000000
core   0: 0x80005734 (0x093ce813) ori     a6, s9, 147
core   0: 3 0x80005734 (0x093ce813) x16 0x00000093
core   0: 0x80005738 (0x00a9d033) srl     zero, s3, a0
core   0: 3 0x80005738 (0x00a9d033)
core   0: 0x8000573c (0x016a9213) slli    tp, s5, 22
core   0: 3 0x8000573c (0x016a9213) x4  0xe3000000
core   0: 0x80005740 (0x00dc9fb3) sll     t6, s9, a3
core   0: 3 0x80005740 (0x00dc9fb3) x31 0x00000000
core   0: 0x80005744 (0xe826fa13) andi    s4, a3, -382
core   0: 3 0x80005744 (0xe826fa13) x20 0x80014a02
core   0: 0x80005748 (0x00345b13) srli    s6, s0, 3
core   0: 3 0x80005748 (0x00345b13) x22 0x00000000
core   0: 0x8000574c (0x002a18b3) sll     a7, s4, sp
core   0: 3 0x8000574c (0x002a18b3) x17 0x00000000
core   0: 0x80005750 (0x00192933) slt     s2, s2, ra
core   0: 3 0x80005750 (0x00192933) x18 0x00000000
core   0: 0x80005754 (0xbb5ae713) ori     a4, s5, -1099
core   0: 3 0x80005754 (0xbb5ae713) x14 0xfffffbbd
core   0: 0x80005758 (0x00000013) nop
core   0: 3 0x80005758 (0x00000013)
core   0: 0x8000575c (0x41f0d593) srai    a1, ra, 31
core   0: 3 0x8000575c (0x41f0d593) x11 0x00000000
core   0: 0x80005760 (0xb09e3d93) sltiu   s11, t3, -1271
core   0: 3 0x80005760 (0xb09e3d93) x27 0x00000001
core   0: 0x80005764 (0xd8f1c413) xori    s0, gp, -625
core   0: 3 0x80005764 (0xd8f1c413) x8  0xfffffd8f
core   0: 0x80005768 (0x00fc1093) slli    ra, s8, 15
core   0: 3 0x80005768 (0x00fc1093) x1  0x00000000
core   0: 0x8000576c (0x00e021b3) slt     gp, zero, a4
core   0: 3 0x8000576c (0x00e021b3) x3  0x00000000
core   0: 0x80005770 (0xa603ac13) slti    s8, t2, -1440
core   0: 3 0x80005770 (0xa603ac13) x24 0x00000000
core   0: 0x80005774 (0x00107cb3) and     s9, zero, ra
core   0: 3 0x80005774 (0x00107cb3) x25 0x00000000
core   0: 0x80005778 (0x01c5efb3) or      t6, a1, t3
core   0: 3 0x80005778 (0x01c5efb3) x31 0x00000800
core   0: 0x8000577c (0x7bcdc213) xori    tp, s11, 1980
core   0: 3 0x8000577c (0x7bcdc213) x4  0x000007bd
core   0: 0x80005780 (0x01e39c93) slli    s9, t2, 30
core   0: 3 0x80005780 (0x01e39c93) x25 0x80000000
core   0: 0x80005784 (0x014f2d33) slt     s10, t5, s4
core   0: 3 0x80005784 (0x014f2d33) x26 0x00000000
core   0: 0x80005788 (0x007530b3) sltu    ra, a0, t2
core   0: 3 0x80005788 (0x007530b3) x1  0x00000001
core   0: 0x8000578c (0x00000013) nop
core   0: 3 0x8000578c (0x00000013)
core   0: 0x80005790 (0x01c7acb3) slt     s9, a5, t3
core   0: 3 0x80005790 (0x01c7acb3) x25 0x00000001
core   0: 0x80005794 (0x00e41333) sll     t1, s0, a4
core   0: 3 0x80005794 (0x00e41333) x6  0xe0000000
core   0: 0x80005798 (0x01654d33) xor     s10, a0, s6
core   0: 3 0x80005798 (0x01654d33) x26 0x80014e64
core   0: 0x8000579c (0x012a7cb3) and     s9, s4, s2
core   0: 3 0x8000579c (0x012a7cb3) x25 0x00000000
core   0: 0x800057a0 (0xd467af93) slti    t6, a5, -698
core   0: 3 0x800057a0 (0xd467af93) x31 0x00000001
core   0: 0x800057a4 (0x527c53b7) lui     t2, 0x527c5
core   0: 3 0x800057a4 (0x527c53b7) x7  0x527c5000
core   0: 0x800057a8 (0xd5a2ed13) ori     s10, t0, -678
core   0: 3 0x800057a8 (0xd5a2ed13) x26 0xffffff7f
core   0: 0x800057ac (0x413c5193) srai    gp, s8, 19
core   0: 3 0x800057ac (0x413c5193) x3  0x00000000
core   0: 0x800057b0 (0x41668133) sub     sp, a3, s6
core   0: 3 0x800057b0 (0x41668133) x2  0x80014a26
core   0: 0x800057b4 (0x88576a93) ori     s5, a4, -1915
core   0: 3 0x800057b4 (0x88576a93) x21 0xfffffbbd
core   0: 0x800057b8 (0x00e79813) slli    a6, a5, 14
core   0: 3 0x800057b8 (0x00e79813) x16 0x54ebc000
core   0: 0x800057bc (0x414fde33) sra     t3, t6, s4
core   0: 3 0x800057bc (0x414fde33) x28 0x00000000
core   0: 0x800057c0 (0x41d48cb3) sub     s9, s1, t4
core   0: 3 0x800057c0 (0x41d48cb3) x25 0xffffedaa
core   0: 0x800057c4 (0x40df5693) srai    a3, t5, 13
core   0: 3 0x800057c4 (0x40df5693) x13 0xfffc000c
core   0: 0x800057c8 (0xefc63d37) lui     s10, 0xefc63
core   0: 3 0x800057c8 (0xefc63d37) x26 0xefc63000
core   0: 0x800057cc (0xe8c18213) addi    tp, gp, -372
core   0: 3 0x800057cc (0xe8c18213) x4  0xfffffe8c
core   0: 0x800057d0 (0x01aedd93) srli    s11, t4, 26
core   0: 3 0x800057d0 (0x01aedd93) x27 0x00000000
core   0: 0x800057d4 (0x0125dcb3) srl     s9, a1, s2
core   0: 3 0x800057d4 (0x0125dcb3) x25 0x00000000
core   0: 0x800057d8 (0x016db433) sltu    s0, s11, s6
core   0: 3 0x800057d8 (0x016db433) x8  0x00000000
core   0: 0x800057dc (0x010f6733) or      a4, t5, a6
core   0: 3 0x800057dc (0x010f6733) x14 0xd4ebcce4
core   0: 0x800057e0 (0x006fc7b3) xor     a5, t6, t1
core   0: 3 0x800057e0 (0x006fc7b3) x15 0xe0000001
core   0: 0x800057e4 (0x5136f393) andi    t2, a3, 1299
core   0: 3 0x800057e4 (0x5136f393) x7  0x00000000
core   0: 0x800057e8 (0x00ad3433) sltu    s0, s10, a0
core   0: 3 0x800057e8 (0x00ad3433) x8  0x00000000
core   0: 0x800057ec (0x41dd8933) sub     s2, s11, t4
core   0: 3 0x800057ec (0x41dd8933) x18 0xffffe23c
core   0: 0x800057f0 (0x41eb07b3) sub     a5, s6, t5
core   0: 3 0x800057f0 (0x41eb07b3) x15 0x7ffe731c
core   0: 0x800057f4 (0x00ef6433) or      s0, t5, a4
core   0: 3 0x800057f4 (0x00ef6433) x8  0xd4ebcce4
core   0: 0x800057f8 (0x01679a33) sll     s4, a5, s6
core   0: 3 0x800057f8 (0x01679a33) x20 0x7ffe731c
core   0: 0x800057fc (0x017aa593) slti    a1, s5, 23
core   0: 3 0x800057fc (0x017aa593) x11 0x00000001
core   0: 0x80005800 (0x3cccaeb7) lui     t4, 0x3ccca
core   0: 3 0x80005800 (0x3cccaeb7) x29 0x3ccca000
core   0: 0x80005804 (0x01a345b3) xor     a1, t1, s10
core   0: 3 0x80005804 (0x01a345b3) x11 0x0fc63000
core   0: 0x80005808 (0x2155b613) sltiu   a2, a1, 533
core   0: 3 0x80005808 (0x2155b613) x12 0x00000000
core   0: 0x8000580c (0x01fbd7b3) srl     a5, s7, t6
core   0: 3 0x8000580c (0x01fbd7b3) x15 0x4000a732
core   0: 0x80005810 (0x01861913) slli    s2, a2, 24
core   0: 3 0x80005810 (0x01861913) x18 0x00000000
core   0: 0x80005814 (0x014d1eb3) sll     t4, s10, s4
core   0: 3 0x80005814 (0x014d1eb3) x29 0x00000000
core   0: 0x80005818 (0x018cd2b3) srl     t0, s9, s8
core   0: 3 0x80005818 (0x018cd2b3) x5  0x00000000
core   0: 0x8000581c (0xd3f38d93) addi    s11, t2, -705
core   0: 3 0x8000581c (0xd3f38d93) x27 0xfffffd3f
core   0: 0x80005820 (0x17606313) ori     t1, zero, 374
core   0: 3 0x80005820 (0x17606313) x6  0x00000176
core   0: 0x80005824 (0xed458f93) addi    t6, a1, -300
core   0: 3 0x80005824 (0xed458f93) x31 0x0fc62ed4
core   0: 0x80005828 (0x01af1c13) slli    s8, t5, 26
core   0: 3 0x80005828 (0x01af1c13) x24 0x90000000
core   0: 0x8000582c (0x00842c33) slt     s8, s0, s0
core   0: 3 0x8000582c (0x00842c33) x24 0x00000000
core   0: 0x80005830 (0x0101dd93) srli    s11, gp, 16
core   0: 3 0x80005830 (0x0101dd93) x27 0x00000000
core   0: 0x80005834 (0x01745333) srl     t1, s0, s7
core   0: 3 0x80005834 (0x01745333) x6  0x0d4ebcce
core   0: 0x80005838 (0x011fefb3) or      t6, t6, a7
core   0: 3 0x80005838 (0x011fefb3) x31 0x0fc62ed4
core   0: 0x8000583c (0x008151b3) srl     gp, sp, s0
core   0: 3 0x8000583c (0x008151b3) x3  0x080014a2
core   0: 0x80005840 (0x01a50eb3) add     t4, a0, s10
core   0: 3 0x80005840 (0x01a50eb3) x29 0x6fc77e64
core   0: 0x80005844 (0x011e5c13) srli    s8, t3, 17
core   0: 3 0x80005844 (0x011e5c13) x24 0x00000000
core   0: 0x80005848 (0x01cfcc33) xor     s8, t6, t3
core   0: 3 0x80005848 (0x01cfcc33) x24 0x0fc62ed4
core   0: 0x8000584c (0x4011ba13) sltiu   s4, gp, 1025
core   0: 3 0x8000584c (0x4011ba13) x20 0x00000000
core   0: 0x80005850 (0x68503e93) sltiu   t4, zero, 1669
core   0: 3 0x80005850 (0x68503e93) x29 0x00000001
core   0: 0x80005854 (0x00136bb3) or      s7, t1, ra
core   0: 3 0x80005854 (0x00136bb3) x23 0x0d4ebccf
core   0: 0x80005858 (0x015c97b3) sll     a5, s9, s5
core   0: 3 0x80005858 (0x015c97b3) x15 0x00000000
core   0: 0x8000585c (0x71340d13) addi    s10, s0, 1811
core   0: 3 0x8000585c (0x71340d13) x26 0xd4ebd3f7
core   0: 0x80005860 (0x004957b3) srl     a5, s2, tp
core   0: 3 0x80005860 (0x004957b3) x15 0x00000000
core   0: 0x80005864 (0x00025c93) srli    s9, tp, 0
core   0: 3 0x80005864 (0x00025c93) x25 0xfffffe8c
core   0: 0x80005868 (0x004c8bb3) add     s7, s9, tp
core   0: 3 0x80005868 (0x004c8bb3) x23 0xfffffd18
core   0: 0x8000586c (0x01d68233) add     tp, a3, t4
core   0: 3 0x8000586c (0x01d68233) x4  0xfffc000d
core   0: 0x80005870 (0x40315793) srai    a5, sp, 3
core   0: 3 0x80005870 (0x40315793) x15 0xf0002944
core   0: 0x80005874 (0x401557b3) sra     a5, a0, ra
core   0: 3 0x80005874 (0x401557b3) x15 0xc000a732
core   0: 0x80005878 (0x40c25b93) srai    s7, tp, 12
core   0: 3 0x80005878 (0x40c25b93) x23 0xffffffc0
core   0: 0x8000587c (0x000cc133) xor     sp, s9, zero
core   0: 3 0x8000587c (0x000cc133) x2  0xfffffe8c
core   0: 0x80005880 (0x402b5fb3) sra     t6, s6, sp
core   0: 3 0x80005880 (0x402b5fb3) x31 0x00000000
core   0: 0x80005884 (0xa51be2b7) lui     t0, 0xa51be
core   0: 3 0x80005884 (0xa51be2b7) x5  0xa51be000
core   0: 0x80005888 (0x6ed28213) addi    tp, t0, 1773
core   0: 3 0x80005888 (0x6ed28213) x4  0xa51be6ed
core   0: 0x8000588c (0x00398cb3) add     s9, s3, gp
core   0: 3 0x8000588c (0x00398cb3) x25 0x080014b1
core   0: 0x80005890 (0x98977a93) andi    s5, a4, -1655
core   0: 3 0x80005890 (0x98977a93) x21 0xd4ebc880
core   0: 0x80005894 (0x00d57db3) and     s11, a0, a3
core   0: 3 0x80005894 (0x00d57db3) x27 0x80000004
core   0: 0x80005898 (0x415b8a33) sub     s4, s7, s5
core   0: 3 0x80005898 (0x415b8a33) x20 0x2b143740
core   0: 0x8000589c (0x41158433) sub     s0, a1, a7
core   0: 3 0x8000589c (0x41158433) x8  0x0fc63000
core   0: 0x800058a0 (0x25886c13) ori     s8, a6, 600
core   0: 3 0x800058a0 (0x25886c13) x24 0x54ebc258
core   0: 0x800058a4 (0x017f2133) slt     sp, t5, s7
core   0: 3 0x800058a4 (0x017f2133) x2  0x00000001
core   0: 0x800058a8 (0x01f9e933) or      s2, s3, t6
core   0: 3 0x800058a8 (0x01f9e933) x18 0x0000000f
core   0: 0x800058ac (0x01ec9e13) slli    t3, s9, 30
core   0: 3 0x800058ac (0x01ec9e13) x28 0x40000000
core   0: 0x800058b0 (0x048ca013) slti    zero, s9, 72
core   0: 3 0x800058b0 (0x048ca013)
core   0: 0x800058b4 (0x9ea18e93) addi    t4, gp, -1558
core   0: 3 0x800058b4 (0x9ea18e93) x29 0x08000e8c
core   0: 0x800058b8 (0x014bd793) srli    a5, s7, 20
core   0: 3 0x800058b8 (0x014bd793) x15 0x00000fff
core   0: 0x800058bc (0x00fd5e13) srli    t3, s10, 15
core   0: 3 0x800058bc (0x00fd5e13) x28 0x0001a9d7
core   0: 0x800058c0 (0x010f0933) add     s2, t5, a6
core   0: 3 0x800058c0 (0x010f0933) x18 0xd4ed4ce4
core   0: 0x800058c4 (0x008021b3) slt     gp, zero, s0
core   0: 3 0x800058c4 (0x008021b3) x3  0x00000001
core   0: 0x800058c8 (0x010338b3) sltu    a7, t1, a6
core   0: 3 0x800058c8 (0x010338b3) x17 0x00000001
core   0: 0x800058cc (0x00000013) nop
core   0: 3 0x800058cc (0x00000013)
core   0: 0x800058d0 (0x00e34e33) xor     t3, t1, a4
core   0: 3 0x800058d0 (0x00e34e33) x28 0xd9a5702a
core   0: 0x800058d4 (0x5d157593) andi    a1, a0, 1489
core   0: 3 0x800058d4 (0x5d157593) x11 0x00000440
core   0: 0x800058d8 (0x40f0dc13) srai    s8, ra, 15
core   0: 3 0x800058d8 (0x40f0dc13) x24 0x00000000
core   0: 0x800058dc (0x01bcf5b3) and     a1, s9, s11
core   0: 3 0x800058dc (0x01bcf5b3) x11 0x00000000
core   0: 0x800058e0 (0x0166c933) xor     s2, a3, s6
core   0: 3 0x800058e0 (0x0166c933) x18 0xfffc000c
core   0: 0x800058e4 (0x018c77b3) and     a5, s8, s8
core   0: 3 0x800058e4 (0x018c77b3) x15 0x00000000
core   0: 0x800058e8 (0x95714113) xori    sp, sp, -1705
core   0: 3 0x800058e8 (0x95714113) x2  0xfffff956
core   0: 0x800058ec (0x9d850493) addi    s1, a0, -1576
core   0: 3 0x800058ec (0x9d850493) x9  0x8001483c
core   0: 0x800058f0 (0x0039fb33) and     s6, s3, gp
core   0: 3 0x800058f0 (0x0039fb33) x22 0x00000001
core   0: 0x800058f4 (0x00000013) nop
core   0: 3 0x800058f4 (0x00000013)
core   0: 0x800058f8 (0x0030a333) slt     t1, ra, gp
core   0: 3 0x800058f8 (0x0030a333) x6  0x00000000
core   0: 0x800058fc (0x0128d033) srl     zero, a7, s2
core   0: 3 0x800058fc (0x0128d033)
core   0: 0x80005900 (0x01c008b3) add     a7, zero, t3
core   0: 3 0x80005900 (0x01c008b3) x17 0xd9a5702a
core   0: 0x80005904 (0x01d09293) slli    t0, ra, 29
core   0: 3 0x80005904 (0x01d09293) x5  0x20000000
core   0: 0x80005908 (0x40860733) sub     a4, a2, s0
core   0: 3 0x80005908 (0x40860733) x14 0xf039d000
core   0: 0x8000590c (0xa73fe413) ori     s0, t6, -1421
core   0: 3 0x8000590c (0xa73fe413) x8  0xfffffa73
core   0: 0x80005910 (0xe7472813) slti    a6, a4, -396
core   0: 3 0x80005910 (0xe7472813) x16 0x00000001
core   0: 0x80005914 (0x3bb3a713) slti    a4, t2, 955
core   0: 3 0x80005914 (0x3bb3a713) x14 0x00000001
core   0: 0x80005918 (0x413bd913) srai    s2, s7, 19
core   0: 3 0x80005918 (0x413bd913) x18 0xffffffff
core   0: 0x8000591c (0x019138b3) sltu    a7, sp, s9
core   0: 3 0x8000591c (0x019138b3) x17 0x00000000
core   0: 0x80005920 (0x0190d5b3) srl     a1, ra, s9
core   0: 3 0x80005920 (0x0190d5b3) x11 0x00000000
core   0: 0x80005924 (0x0090f633) and     a2, ra, s1
core   0: 3 0x80005924 (0x0090f633) x12 0x00000000
core   0: 0x80005928 (0x93b62c93) slti    s9, a2, -1733
core   0: 3 0x80005928 (0x93b62c93) x25 0x00000000
core   0: 0x8000592c (0x401f0b33) sub     s6, t5, ra
core   0: 3 0x8000592c (0x401f0b33) x22 0x80018ce3
core   0: 0x80005930 (0x9d75af93) slti    t6, a1, -1577
core   0: 3 0x80005930 (0x9d75af93) x31 0x00000000
core   0: 0x80005934 (0x5bdf2ab7) lui     s5, 0x5bdf2
core   0: 3 0x80005934 (0x5bdf2ab7) x21 0x5bdf2000
core   0: 0x80005938 (0x6bdca017) auipc   zero, 0x6bdca
core   0: 3 0x80005938 (0x6bdca017)
core   0: 0x8000593c (0x0165f933) and     s2, a1, s6
core   0: 3 0x8000593c (0x0165f933) x18 0x00000000
core   0: 0x80005940 (0x00dc5433) srl     s0, s8, a3
core   0: 3 0x80005940 (0x00dc5433) x8  0x00000000
core   0: 0x80005944 (0xac5178b7) lui     a7, 0xac517
core   0: 3 0x80005944 (0xac5178b7) x17 0xac517000
core   0: 0x80005948 (0x0018ea33) or      s4, a7, ra
core   0: 3 0x80005948 (0x0018ea33) x20 0xac517001
core   0: 0x8000594c (0x01950cb3) add     s9, a0, s9
core   0: 3 0x8000594c (0x01950cb3) x25 0x80014e64
core   0: 0x80005950 (0x007dabb3) slt     s7, s11, t2
core   0: 3 0x80005950 (0x007dabb3) x23 0x00000001
core   0: 0x80005954 (0xf1e4fa93) andi    s5, s1, -226
core   0: 3 0x80005954 (0xf1e4fa93) x21 0x8001481c
core   0: 0x80005958 (0x41535793) srai    a5, t1, 21
core   0: 3 0x80005958 (0x41535793) x15 0x00000000
core   0: 0x8000595c (0x2467a893) slti    a7, a5, 582
core   0: 3 0x8000595c (0x2467a893) x17 0x00000001
core   0: 0x80005960 (0x41335b93) srai    s7, t1, 19
core   0: 3 0x80005960 (0x41335b93) x23 0x00000000
core   0: 0x80005964 (0x5f29ea93) ori     s5, s3, 1522
core   0: 3 0x80005964 (0x5f29ea93) x21 0x000005ff
core   0: 0x80005968 (0x2f0e4fb7) lui     t6, 0x2f0e4
core   0: 3 0x80005968 (0x2f0e4fb7) x31 0x2f0e4000
core   0: 0x8000596c (0x01dddd93) srli    s11, s11, 29
core   0: 3 0x8000596c (0x01dddd93) x27 0x00000004
core   0: 0x80005970 (0xc5d03c97) auipc   s9, 0xc5d03
core   0: 3 0x80005970 (0xc5d03c97) x25 0x45d08970
core   0: 0x80005974 (0x09ac0b37) lui     s6, 0x9ac0
core   0: 3 0x80005974 (0x09ac0b37) x22 0x09ac0000
core   0: 0x80005978 (0x41225cb3) sra     s9, tp, s2
core   0: 3 0x80005978 (0x41225cb3) x25 0xa51be6ed
core   0: 0x8000597c (0xb803aa97) auipc   s5, 0xb803a
core   0: 3 0x8000597c (0xb803aa97) x21 0x3803f97c
core   0: 0x80005980 (0xaf353013) sltiu   zero, a0, -1293
core   0: 3 0x80005980 (0xaf353013)
core   0: 0x80005984 (0x4053dd13) srai    s10, t2, 5
core   0: 3 0x80005984 (0x4053dd13) x26 0x00000000
core   0: 0x80005988 (0x0085c0b3) xor     ra, a1, s0
core   0: 3 0x80005988 (0x0085c0b3) x1  0x00000000
core   0: 0x8000598c (0x01d250b3) srl     ra, tp, t4
core   0: 3 0x8000598c (0x01d250b3) x1  0x000a51be
core   0: 0x80005990 (0x013ec033) xor     zero, t4, s3
core   0: 3 0x80005990 (0x013ec033)
core   0: 0x80005994 (0x00d21833) sll     a6, tp, a3
core   0: 3 0x80005994 (0x00d21833) x16 0xbe6ed000
core   0: 0x80005998 (0x01bd9cb3) sll     s9, s11, s11
core   0: 3 0x80005998 (0x01bd9cb3) x25 0x00000040
core   0: 0x8000599c (0x91130793) addi    a5, t1, -1775
core   0: 3 0x8000599c (0x91130793) x15 0xfffff911
core   0: 0x800059a0 (0x01011b13) slli    s6, sp, 16
core   0: 3 0x800059a0 (0x01011b13) x22 0xf9560000
core   0: 0x800059a4 (0x00000013) nop
core   0: 3 0x800059a4 (0x00000013)
core   0: 0x800059a8 (0x000ae733) or      a4, s5, zero
core   0: 3 0x800059a8 (0x000ae733) x14 0x3803f97c
core   0: 0x800059ac (0x582ec493) xori    s1, t4, 1410
core   0: 3 0x800059ac (0x582ec493) x9  0x08000b0e
core   0: 0x800059b0 (0x419d08b3) sub     a7, s10, s9
core   0: 3 0x800059b0 (0x419d08b3) x17 0xffffffc0
core   0: 0x800059b4 (0x691b6d13) ori     s10, s6, 1681
core   0: 3 0x800059b4 (0x691b6d13) x26 0xf9560691
core   0: 0x800059b8 (0x1db48b97) auipc   s7, 0x1db48
core   0: 3 0x800059b8 (0x1db48b97) x23 0x9db4d9b8
core   0: 0x800059bc (0x01c14cb3) xor     s9, sp, t3
core   0: 3 0x800059bc (0x01c14cb3) x25 0x265a897c
core   0: 0x800059c0 (0x00fb08b3) add     a7, s6, a5
core   0: 3 0x800059c0 (0x00fb08b3) x17 0xf955f911
core   0: 0x800059c4 (0x00af65b3) or      a1, t5, a0
core   0: 3 0x800059c4 (0x00af65b3) x11 0x8001cee4
core   0: 0x800059c8 (0xfc7acd13) xori    s10, s5, -57
core   0: 3 0x800059c8 (0xfc7acd13) x26 0xc7fc06bb
core   0: 0x800059cc (0x005e06b3) add     a3, t3, t0
core   0: 3 0x800059cc (0x005e06b3) x13 0xf9a5702a
core   0: 0x800059d0 (0x12317713) andi    a4, sp, 291
core   0: 3 0x800059d0 (0x12317713) x14 0x00000102
core   0: 0x800059d4 (0x01fd92b3) sll     t0, s11, t6
core   0: 3 0x800059d4 (0x01fd92b3) x5  0x00000004
core   0: 0x800059d8 (0x40b60833) sub     a6, a2, a1
core   0: 3 0x800059d8 (0x40b60833) x16 0x7ffe311c
core   0: 0x800059dc (0x41dbd633) sra     a2, s7, t4
core   0: 3 0x800059dc (0x41dbd633) x12 0xfff9db4d
core   0: 0x800059e0 (0x01fe4e33) xor     t3, t3, t6
core   0: 3 0x800059e0 (0x01fe4e33) x28 0xf6ab302a
core   0: 0x800059e4 (0x2bb50913) addi    s2, a0, 699
core   0: 3 0x800059e4 (0x2bb50913) x18 0x8001511f
core   0: 0x800059e8 (0x08af4313) xori    t1, t5, 138
core   0: 3 0x800059e8 (0x08af4313) x6  0x80018c6e
core   0: 0x800059ec (0x018fccb3) xor     s9, t6, s8
core   0: 3 0x800059ec (0x018fccb3) x25 0x2f0e4000
core   0: 0x800059f0 (0x00a99793) slli    a5, s3, 10
core   0: 3 0x800059f0 (0x00a99793) x15 0x00003c00
core   0: 0x800059f4 (0x0180bab3) sltu    s5, ra, s8
core   0: 3 0x800059f4 (0x0180bab3) x21 0x00000000
core   0: 0x800059f8 (0x41ac04b3) sub     s1, s8, s10
core   0: 3 0x800059f8 (0x41ac04b3) x9  0x3803f945
core   0: 0x800059fc (0x96454893) xori    a7, a0, -1692
core   0: 3 0x800059fc (0x96454893) x17 0x7ffeb700
core   0: 0x80005a00 (0x002beeb3) or      t4, s7, sp
core   0: 3 0x80005a00 (0x002beeb3) x29 0xfffff9fe
core   0: 0x80005a04 (0x00a71913) slli    s2, a4, 10
core   0: 3 0x80005a04 (0x00a71913) x18 0x00040800
core   0: 0x80005a08 (0x407c5793) srai    a5, s8, 7
core   0: 3 0x80005a08 (0x407c5793) x15 0x00000000
core   0: 0x80005a0c (0x8fbcda37) lui     s4, 0x8fbcd
core   0: 3 0x80005a0c (0x8fbcda37) x20 0x8fbcd000
core   0: 0x80005a10 (0x01a4c433) xor     s0, s1, s10
core   0: 3 0x80005a10 (0x01a4c433) x8  0xfffffffe
core   0: 0x80005a14 (0xf13a4037) lui     zero, 0xf13a4
core   0: 3 0x80005a14 (0xf13a4037)
core   0: 0x80005a18 (0x00000013) nop
core   0: 3 0x80005a18 (0x00000013)
core   0: 0x80005a1c (0x40ff0d33) sub     s10, t5, a5
core   0: 3 0x80005a1c (0x40ff0d33) x26 0x80018ce4
core   0: 0x80005a20 (0x00c08e33) add     t3, ra, a2
core   0: 3 0x80005a20 (0x00c08e33) x28 0x00042d0b
core   0: 0x80005a24 (0x6f932417) auipc   s0, 0x6f932
core   0: 3 0x80005a24 (0x6f932417) x8  0xef937a24
core   0: 0x80005a28 (0x1726c893) xori    a7, a3, 370
core   0: 3 0x80005a28 (0x1726c893) x17 0xf9a57158
core   0: 0x80005a2c (0x008a5333) srl     t1, s4, s0
core   0: 3 0x80005a2c (0x008a5333) x6  0x08fbcd00
core   0: 0x80005a30 (0x004edb33) srl     s6, t4, tp
core   0: 3 0x80005a30 (0x004edb33) x22 0x0007ffff
core   0: 0x80005a34 (0x4d1b8493) addi    s1, s7, 1233
core   0: 3 0x80005a34 (0x4d1b8493) x9  0x9db4de89
core   0: 0x80005a38 (0x00d39f93) slli    t6, t2, 13
core   0: 3 0x80005a38 (0x00d39f93) x31 0x00000000
core   0: 0x80005a3c (0x0114a933) slt     s2, s1, a7
core   0: 3 0x80005a3c (0x0114a933) x18 0x00000001
core   0: 0x80005a40 (0x00429133) sll     sp, t0, tp
core   0: 3 0x80005a40 (0x00429133) x2  0x00008000
core   0: 0x80005a44 (0xf6006a93) ori     s5, zero, -160
core   0: 3 0x80005a44 (0xf6006a93) x21 0xffffff60
core   0: 0x80005a48 (0x8867f113) andi    sp, a5, -1914
core   0: 3 0x80005a48 (0x8867f113) x2  0x00000000
core   0: 0x80005a4c (0x01514033) xor     zero, sp, s5
core   0: 3 0x80005a4c (0x01514033)
core   0: 0x80005a50 (0x011cab33) slt     s6, s9, a7
core   0: 3 0x80005a50 (0x011cab33) x22 0x00000000
core   0: 0x80005a54 (0x01e2f733) and     a4, t0, t5
core   0: 3 0x80005a54 (0x01e2f733) x14 0x00000004
core   0: 0x80005a58 (0x415382b3) sub     t0, t2, s5
core   0: 3 0x80005a58 (0x415382b3) x5  0x000000a0
core   0: 0x80005a5c (0x01d11133) sll     sp, sp, t4
core   0: 3 0x80005a5c (0x01d11133) x2  0x00000000
core   0: 0x80005a60 (0x0186ffb3) and     t6, a3, s8
core   0: 3 0x80005a60 (0x0186ffb3) x31 0x00000000
core   0: 0x80005a64 (0x00000013) nop
core   0: 3 0x80005a64 (0x00000013)
core   0: 0x80005a68 (0x9a99a4b7) lui     s1, 0x9a99a
core   0: 3 0x80005a68 (0x9a99a4b7) x9  0x9a99a000
core   0: 0x80005a6c (0x0ccaa197) auipc   gp, 0xccaa
core   0: 3 0x80005a6c (0x0ccaa197) x3  0x8ccafa6c
core   0: 0x80005a70 (0x004958b3) srl     a7, s2, tp
core   0: 3 0x80005a70 (0x004958b3) x17 0x00000000
core   0: 0x80005a74 (0xbf887913) andi    s2, a6, -1032
core   0: 3 0x80005a74 (0xbf887913) x18 0x7ffe3118
core   0: 0x80005a78 (0x0037b133) sltu    sp, a5, gp
core   0: 3 0x80005a78 (0x0037b133) x2  0x00000001
core   0: 0x80005a7c (0x00000013) nop
core   0: 3 0x80005a7c (0x00000013)
core   0: 0x80005a80 (0x01619713) slli    a4, gp, 22
core   0: 3 0x80005a80 (0x01619713) x14 0x9b000000
core   0: 0x80005a84 (0x0179c233) xor     tp, s3, s7
core   0: 3 0x80005a84 (0x0179c233) x4  0x9db4d9b7
core   0: 0x80005a88 (0x017e9833) sll     a6, t4, s7
core   0: 3 0x80005a88 (0x017e9833) x16 0xfe000000
core   0: 0x80005a8c (0x4b18e093) ori     ra, a7, 1201
core   0: 3 0x80005a8c (0x4b18e093) x1  0x000004b1
core   0: 0x80005a90 (0x01676633) or      a2, a4, s6
core   0: 3 0x80005a90 (0x01676633) x12 0x9b000000
core   0: 0x80005a94 (0x413cda93) srai    s5, s9, 19
core   0: 3 0x80005a94 (0x413cda93) x21 0x000005e1
core   0: 0x80005a98 (0x010afe33) and     t3, s5, a6
core   0: 3 0x80005a98 (0x010afe33) x28 0x00000000
core   0: 0x80005a9c (0x0043beb3) sltu    t4, t2, tp
core   0: 3 0x80005a9c (0x0043beb3) x29 0x00000001
core   0: 0x80005aa0 (0x00c925b3) slt     a1, s2, a2
core   0: 3 0x80005aa0 (0x00c925b3) x11 0x00000000
core   0: 0x80005aa4 (0x00ba2633) slt     a2, s4, a1
core   0: 3 0x80005aa4 (0x00ba2633) x12 0x00000001
core   0: 0x80005aa8 (0x00000013) nop
core   0: 3 0x80005aa8 (0x00000013)
core   0: 0x80005aac (0xd637a6b7) lui     a3, 0xd637a
core   0: 3 0x80005aac (0xd637a6b7) x13 0xd637a000
core   0: 0x80005ab0 (0x68767e13) andi    t3, a2, 1671
core   0: 3 0x80005ab0 (0x68767e13) x28 0x00000001
core   0: 0x80005ab4 (0x014380b3) add     ra, t2, s4
core   0: 3 0x80005ab4 (0x014380b3) x1  0x8fbcd000
core   0: 0x80005ab8 (0x5701a313) slti    t1, gp, 1392
core   0: 3 0x80005ab8 (0x5701a313) x6  0x00000001
core   0: 0x80005abc (0x01529e13) slli    t3, t0, 21
core   0: 3 0x80005abc (0x01529e13) x28 0x14000000
core   0: 0x80005ac0 (0x0016e833) or      a6, a3, ra
core   0: 3 0x80005ac0 (0x0016e833) x16 0xdfbff000
core   0: 0x80005ac4 (0x9ccc4e93) xori    t4, s8, -1588
core   0: 3 0x80005ac4 (0x9ccc4e93) x29 0xfffff9cc
core   0: 0x80005ac8 (0x005634b3) sltu    s1, a2, t0
core   0: 3 0x80005ac8 (0x005634b3) x9  0x00000001
core   0: 0x80005acc (0x01601c13) slli    s8, zero, 22
core   0: 3 0x80005acc (0x01601c13) x24 0x00000000
core   0: 0x80005ad0 (0x00e642b3) xor     t0, a2, a4
core   0: 3 0x80005ad0 (0x00e642b3) x5  0x9b000001
core   0: 0x80005ad4 (0x01dd1693) slli    a3, s10, 29
core   0: 3 0x80005ad4 (0x01dd1693) x13 0x80000000
core   0: 0x80005ad8 (0x6a558e13) addi    t3, a1, 1701
core   0: 3 0x80005ad8 (0x6a558e13) x28 0x000006a5
core   0: 0x80005adc (0x40725113) srai    sp, tp, 7
core   0: 3 0x80005adc (0x40725113) x2  0xff3b69b3
core   0: 0x80005ae0 (0x01cf98b3) sll     a7, t6, t3
core   0: 3 0x80005ae0 (0x01cf98b3) x17 0x00000000
core   0: 0x80005ae4 (0xefdaa713) slti    a4, s5, -259
core   0: 3 0x80005ae4 (0xefdaa713) x14 0x00000000
core   0: 0x80005ae8 (0x003e6a33) or      s4, t3, gp
core   0: 3 0x80005ae8 (0x003e6a33) x20 0x8ccafeed
core   0: 0x80005aec (0x41b2d313) srai    t1, t0, 27
core   0: 3 0x80005aec (0x41b2d313) x6  0xfffffff3
core   0: 0x80005af0 (0xfe18f393) andi    t2, a7, -31
core   0: 3 0x80005af0 (0xfe18f393) x7  0x00000000
core   0: 0x80005af4 (0x24e34837) lui     a6, 0x24e34
core   0: 3 0x80005af4 (0x24e34837) x16 0x24e34000
core   0: 0x80005af8 (0x00b30433) add     s0, t1, a1
core   0: 3 0x80005af8 (0x00b30433) x8  0xfffffff3
core   0: 0x80005afc (0x1f874013) xori    zero, a4, 504
core   0: 3 0x80005afc (0x1f874013)
core   0: 0x80005b00 (0x01acbcb3) sltu    s9, s9, s10
core   0: 3 0x80005b00 (0x01acbcb3) x25 0x00000001
core   0: 0x80005b04 (0xea5ab317) auipc   t1, 0xea5ab
core   0: 3 0x80005b04 (0xea5ab317) x6  0x6a5b0b04
core   0: 0x80005b08 (0x2e16e2b7) lui     t0, 0x2e16e
core   0: 3 0x80005b08 (0x2e16e2b7) x5  0x2e16e000
core   0: 0x80005b0c (0x4773f893) andi    a7, t2, 1143
core   0: 3 0x80005b0c (0x4773f893) x17 0x00000000
core   0: 0x80005b10 (0x6c660d93) addi    s11, a2, 1734
core   0: 3 0x80005b10 (0x6c660d93) x27 0x000006c7
core   0: 0x80005b14 (0x005e3b33) sltu    s6, t3, t0
core   0: 3 0x80005b14 (0x005e3b33) x22 0x00000001
core   0: 0x80005b18 (0x006706b3) add     a3, a4, t1
core   0: 3 0x80005b18 (0x006706b3) x13 0x6a5b0b04
core   0: 0x80005b1c (0xb7e47437) lui     s0, 0xb7e47
core   0: 3 0x80005b1c (0xb7e47437) x8  0xb7e47000
core   0: 0x80005b20 (0x004a6fb3) or      t6, s4, tp
core   0: 3 0x80005b20 (0x004a6fb3) x31 0x9dfeffff
core   0: 0x80005b24 (0xdbe12893) slti    a7, sp, -578
core   0: 3 0x80005b24 (0xdbe12893) x17 0x00000001
core   0: 0x80005b28 (0x01241433) sll     s0, s0, s2
core   0: 3 0x80005b28 (0x01241433) x8  0x00000000
core   0: 0x80005b2c (0x036e4193) xori    gp, t3, 54
core   0: 3 0x80005b2c (0x036e4193) x3  0x00000693
core   0: 0x80005b30 (0x21fcf493) andi    s1, s9, 543
core   0: 3 0x80005b30 (0x21fcf493) x9  0x00000001
core   0: 0x80005b34 (0x010e2833) slt     a6, t3, a6
core   0: 3 0x80005b34 (0x010e2833) x16 0x00000001
core   0: 0x80005b38 (0x019a5633) srl     a2, s4, s9
core   0: 3 0x80005b38 (0x019a5633) x12 0x46657f76
core   0: 0x80005b3c (0x522a8bb7) lui     s7, 0x522a8
core   0: 3 0x80005b3c (0x522a8bb7) x23 0x522a8000
core   0: 0x80005b40 (0x065f4c13) xori    s8, t5, 101
core   0: 3 0x80005b40 (0x065f4c13) x24 0x80018c81
core   0: 0x80005b44 (0x00f536b3) sltu    a3, a0, a5
core   0: 3 0x80005b44 (0x00f536b3) x13 0x00000000
core   0: 0x80005b48 (0x0112ab33) slt     s6, t0, a7
core   0: 3 0x80005b48 (0x0112ab33) x22 0x00000000
core   0: 0x80005b4c (0x017b9e93) slli    t4, s7, 23
core   0: 3 0x80005b4c (0x017b9e93) x29 0x00000000
core   0: 0x80005b50 (0x5f54eb13) ori     s6, s1, 1525
core   0: 3 0x80005b50 (0x5f54eb13) x22 0x000005f5
core   0: 0x80005b54 (0xd57f4713) xori    a4, t5, -681
core   0: 3 0x80005b54 (0xd57f4713) x14 0x7ffe71b3
core   0: 0x80005b58 (0x552767b7) lui     a5, 0x55276
core   0: 3 0x80005b58 (0x552767b7) x15 0x55276000
core   0: 0x80005b5c (0x40918eb3) sub     t4, gp, s1
core   0: 3 0x80005b5c (0x40918eb3) x29 0x00000692
core   0: 0x80005b60 (0x005e7bb3) and     s7, t3, t0
core   0: 3 0x80005b60 (0x005e7bb3) x23 0x00000000
core   0: 0x80005b64 (0x009d0a33) add     s4, s10, s1
core   0: 3 0x80005b64 (0x009d0a33) x20 0x80018ce5
core   0: 0x80005b68 (0x410781b3) sub     gp, a5, a6
core   0: 3 0x80005b68 (0x410781b3) x3  0x55275fff
core   0: 0x80005b6c (0x8cc8fa93) andi    s5, a7, -1844
core   0: 3 0x80005b6c (0x8cc8fa93) x21 0x00000000
core   0: 0x80005b70 (0x00c25113) srli    sp, tp, 12
core   0: 3 0x80005b70 (0x00c25113) x2  0x0009db4d
core   0: 0x80005b74 (0x7a946193) ori     gp, s0, 1961
core   0: 3 0x80005b74 (0x7a946193) x3  0x000007a9
core   0: 0x80005b78 (0x013f5a93) srli    s5, t5, 19
core   0: 3 0x80005b78 (0x013f5a93) x21 0x00001000
core   0: 0x80005b7c (0x0134b0b3) sltu    ra, s1, s3
core   0: 3 0x80005b7c (0x0134b0b3) x1  0x00000001
core   0: 0x80005b80 (0x00085013) srli    zero, a6, 0
core   0: 3 0x80005b80 (0x00085013)
core   0: 0x80005b84 (0x00e8db13) srli    s6, a7, 14
core   0: 3 0x80005b84 (0x00e8db13) x22 0x00000000
core   0: 0x80005b88 (0x2311ae93) slti    t4, gp, 561
core   0: 3 0x80005b88 (0x2311ae93) x29 0x00000000
core   0: 0x80005b8c (0x6cdb6393) ori     t2, s6, 1741
core   0: 3 0x80005b8c (0x6cdb6393) x7  0x000006cd
core   0: 0x80005b90 (0x0127fdb3) and     s11, a5, s2
core   0: 3 0x80005b90 (0x0127fdb3) x27 0x55262000
core   0: 0x80005b94 (0x00642a33) slt     s4, s0, t1
core   0: 3 0x80005b94 (0x00642a33) x20 0x00000001
core   0: 0x80005b98 (0x0063bc33) sltu    s8, t2, t1
core   0: 3 0x80005b98 (0x0063bc33) x24 0x00000001
core   0: 0x80005b9c (0x008d7eb3) and     t4, s10, s0
core   0: 3 0x80005b9c (0x008d7eb3) x29 0x00000000
core   0: 0x80005ba0 (0x00dff133) and     sp, t6, a3
core   0: 3 0x80005ba0 (0x00dff133) x2  0x00000000
core   0: 0x80005ba4 (0xa5b6bb93) sltiu   s7, a3, -1445
core   0: 3 0x80005ba4 (0xa5b6bb93) x23 0x00000001
core   0: 0x80005ba8 (0x01824ab3) xor     s5, tp, s8
core   0: 3 0x80005ba8 (0x01824ab3) x21 0x9db4d9b6
core   0: 0x80005bac (0x00dc7bb3) and     s7, s8, a3
core   0: 3 0x80005bac (0x00dc7bb3) x23 0x00000000
core   0: 0x80005bb0 (0xbbd48f93) addi    t6, s1, -1091
core   0: 3 0x80005bb0 (0xbbd48f93) x31 0xfffffbbe
core   0: 0x80005bb4 (0x0185d093) srli    ra, a1, 24
core   0: 3 0x80005bb4 (0x0185d093) x1  0x00000000
core   0: 0x80005bb8 (0xef71d897) auipc   a7, 0xef71d
core   0: 3 0x80005bb8 (0xef71d897) x17 0x6f722bb8
core   0: 0x80005bbc (0x012894b3) sll     s1, a7, s2
core   0: 3 0x80005bbc (0x012894b3) x9  0xb8000000
core   0: 0x80005bc0 (0x000b9713) slli    a4, s7, 0
core   0: 3 0x80005bc0 (0x000b9713) x14 0x00000000
core   0: 0x80005bc4 (0x4a0a0393) addi    t2, s4, 1184
core   0: 3 0x80005bc4 (0x4a0a0393) x7  0x000004a1
core   0: 0x80005bc8 (0x01a63db3) sltu    s11, a2, s10
core   0: 3 0x80005bc8 (0x01a63db3) x27 0x00000001
core   0: 0x80005bcc (0x40858133) sub     sp, a1, s0
core   0: 3 0x80005bcc (0x40858133) x2  0x00000000
core   0: 0x80005bd0 (0x0113b833) sltu    a6, t2, a7
core   0: 3 0x80005bd0 (0x0113b833) x16 0x00000001
core   0: 0x80005bd4 (0x9fb96d17) auipc   s10, 0x9fb96
core   0: 3 0x80005bd4 (0x9fb96d17) x26 0x1fb9bbd4
core   0: 0x80005bd8 (0xabb5f813) andi    a6, a1, -1349
core   0: 3 0x80005bd8 (0xabb5f813) x16 0x00000000
core   0: 0x80005bdc (0xf21b4813) xori    a6, s6, -223
core   0: 3 0x80005bdc (0xf21b4813) x16 0xffffff21
core   0: 0x80005be0 (0x0150f933) and     s2, ra, s5
core   0: 3 0x80005be0 (0x0150f933) x18 0x00000000
core   0: 0x80005be4 (0x387dbf93) sltiu   t6, s11, 903
core   0: 3 0x80005be4 (0x387dbf93) x31 0x00000001
core   0: 0x80005be8 (0x016ed093) srli    ra, t4, 22
core   0: 3 0x80005be8 (0x016ed093) x1  0x00000000
core   0: 0x80005bec (0x01dd1733) sll     a4, s10, t4
core   0: 3 0x80005bec (0x01dd1733) x14 0x1fb9bbd4
core   0: 0x80005bf0 (0x01632c33) slt     s8, t1, s6
core   0: 3 0x80005bf0 (0x01632c33) x24 0x00000000
core   0: 0x80005bf4 (0x004537b3) sltu    a5, a0, tp
core   0: 3 0x80005bf4 (0x004537b3) x15 0x00000001
core   0: 0x80005bf8 (0x014aa1b3) slt     gp, s5, s4
core   0: 3 0x80005bf8 (0x014aa1b3) x3  0x00000001
core   0: 0x80005bfc (0x61028db7) lui     s11, 0x61028
core   0: 3 0x80005bfc (0x61028db7) x27 0x61028000
core   0: 0x80005c00 (0x9242ad93) slti    s11, t0, -1756
core   0: 3 0x80005c00 (0x9242ad93) x27 0x00000000
core   0: 0x80005c04 (0x490a5d97) auipc   s11, 0x490a5
core   0: 3 0x80005c04 (0x490a5d97) x27 0xc90aac04
core   0: 0x80005c08 (0x016526b3) slt     a3, a0, s6
core   0: 3 0x80005c08 (0x016526b3) x13 0x00000001
core   0: 0x80005c0c (0x018c27b3) slt     a5, s8, s8
core   0: 3 0x80005c0c (0x018c27b3) x15 0x00000000
core   0: 0x80005c10 (0xeb3fe737) lui     a4, 0xeb3fe
core   0: 3 0x80005c10 (0xeb3fe737) x14 0xeb3fe000
core   0: 0x80005c14 (0x00277333) and     t1, a4, sp
core   0: 3 0x80005c14 (0x00277333) x6  0x00000000
core   0: 0x80005c18 (0x3d113b93) sltiu   s7, sp, 977
core   0: 3 0x80005c18 (0x3d113b93) x23 0x00000001
core   0: 0x80005c1c (0x7bde3217) auipc   tp, 0x7bde3
core   0: 3 0x80005c1c (0x7bde3217) x4  0xfbde8c1c
core   0: 0x80005c20 (0xf7b6fc13) andi    s8, a3, -133
core   0: 3 0x80005c20 (0xf7b6fc13) x24 0x00000001
core   0: 0x80005c24 (0x779e0093) addi    ra, t3, 1913
core   0: 3 0x80005c24 (0x779e0093) x1  0x00000e1e
core   0: 0x80005c28 (0x00b0dbb3) srl     s7, ra, a1
core   0: 3 0x80005c28 (0x00b0dbb3) x23 0x00000e1e
core   0: 0x80005c2c (0x01aa0a33) add     s4, s4, s10
core   0: 3 0x80005c2c (0x01aa0a33) x20 0x1fb9bbd5
core   0: 0x80005c30 (0x013dffb3) and     t6, s11, s3
core   0: 3 0x80005c30 (0x013dffb3) x31 0x00000004
core   0: 0x80005c34 (0x33e50c13) addi    s8, a0, 830
core   0: 3 0x80005c34 (0x33e50c13) x24 0x800151a2
core   0: 0x80005c38 (0x01b981b3) add     gp, s3, s11
core   0: 3 0x80005c38 (0x01b981b3) x3  0xc90aac13
core   0: 0x80005c3c (0x00f358b3) srl     a7, t1, a5
core   0: 3 0x80005c3c (0x00f358b3) x17 0x00000000
core   0: 0x80005c40 (0x0120b3b3) sltu    t2, ra, s2
core   0: 3 0x80005c40 (0x0120b3b3) x7  0x00000000
core   0: 0x80005c44 (0xb3847313) andi    t1, s0, -1224
core   0: 3 0x80005c44 (0xb3847313) x6  0x00000000
core   0: 0x80005c48 (0x00acb033) sltu    zero, s9, a0
core   0: 3 0x80005c48 (0x00acb033)
core   0: 0x80005c4c (0x00311833) sll     a6, sp, gp
core   0: 3 0x80005c4c (0x00311833) x16 0x00000000
core   0: 0x80005c50 (0x019935b3) sltu    a1, s2, s9
core   0: 3 0x80005c50 (0x019935b3) x11 0x00000001
core   0: 0x80005c54 (0x2d07f913) andi    s2, a5, 720
core   0: 3 0x80005c54 (0x2d07f913) x18 0x00000000
core   0: 0x80005c58 (0x12106593) ori     a1, zero, 289
core   0: 3 0x80005c58 (0x12106593) x11 0x00000121
core   0: 0x80005c5c (0x01dc8433) add     s0, s9, t4
core   0: 3 0x80005c5c (0x01dc8433) x8  0x00000001
core   0: 0x80005c60 (0x413b85b3) sub     a1, s7, s3
core   0: 3 0x80005c60 (0x413b85b3) x11 0x00000e0f
core   0: 0x80005c64 (0xba8bca13) xori    s4, s7, -1112
core   0: 3 0x80005c64 (0xba8bca13) x20 0xfffff5b6
core   0: 0x80005c68 (0x1f3bdb17) auipc   s6, 0x1f3bd
core   0: 3 0x80005c68 (0x1f3bdb17) x22 0x9f3c2c68
core   0: 0x80005c6c (0x01458933) add     s2, a1, s4
core   0: 3 0x80005c6c (0x01458933) x18 0x000003c5
core   0: 0x80005c70 (0x0d851337) lui     t1, 0xd851
core   0: 3 0x80005c70 (0x0d851337) x6  0x0d851000
core   0: 0x80005c74 (0x69e53413) sltiu   s0, a0, 1694
core   0: 3 0x80005c74 (0x69e53413) x8  0x00000000
core   0: 0x80005c78 (0x015f28b3) slt     a7, t5, s5
core   0: 3 0x80005c78 (0x015f28b3) x17 0x00000001
core   0: 0x80005c7c (0x77d08193) addi    gp, ra, 1917
core   0: 3 0x80005c7c (0x77d08193) x3  0x0000159b
core   0: 0x80005c80 (0x40e2dc13) srai    s8, t0, 14
core   0: 3 0x80005c80 (0x40e2dc13) x24 0x0000b85b
core   0: 0x80005c84 (0x00214033) xor     zero, sp, sp
core   0: 3 0x80005c84 (0x00214033)
core   0: 0x80005c88 (0x00000013) nop
core   0: 3 0x80005c88 (0x00000013)
core   0: 0x80005c8c (0x97817713) andi    a4, sp, -1672
core   0: 3 0x80005c8c (0x97817713) x14 0x00000000
core   0: 0x80005c90 (0x00062fb3) slt     t6, a2, zero
core   0: 3 0x80005c90 (0x00062fb3) x31 0x00000000
core   0: 0x80005c94 (0x4082d093) srai    ra, t0, 8
core   0: 3 0x80005c94 (0x4082d093) x1  0x002e16e0
core   0: 0x80005c98 (0x019e94b3) sll     s1, t4, s9
core   0: 3 0x80005c98 (0x019e94b3) x9  0x00000000
core   0: 0x80005c9c (0x9e34ea97) auipc   s5, 0x9e34e
core   0: 3 0x80005c9c (0x9e34ea97) x21 0x1e353c9c
core   0: 0x80005ca0 (0xe2ec3613) sltiu   a2, s8, -466
core   0: 3 0x80005ca0 (0xe2ec3613) x12 0x00000001
core   0: 0x80005ca4 (0x4d163093) sltiu   ra, a2, 1233
core   0: 3 0x80005ca4 (0x4d163093) x1  0x00000001
core   0: 0x80005ca8 (0x4ab23613) sltiu   a2, tp, 1195
core   0: 3 0x80005ca8 (0x4ab23613) x12 0x00000000
core   0: 0x80005cac (0x00000013) nop
core   0: 3 0x80005cac (0x00000013)
core   0: 0x80005cb0 (0x9ae1e693) ori     a3, gp, -1618
core   0: 3 0x80005cb0 (0x9ae1e693) x13 0xfffffdbf
core   0: 0x80005cb4 (0x4106d4b3) sra     s1, a3, a6
core   0: 3 0x80005cb4 (0x4106d4b3) x9  0xfffffdbf
core   0: 0x80005cb8 (0x01be7b33) and     s6, t3, s11
core   0: 3 0x80005cb8 (0x01be7b33) x22 0x00000404
core   0: 0x80005cbc (0x00c76633) or      a2, a4, a2
core   0: 3 0x80005cbc (0x00c76633) x12 0x00000000
core   0: 0x80005cc0 (0x008f1393) slli    t2, t5, 8
core   0: 3 0x80005cc0 (0x008f1393) x7  0x018ce400
core   0: 0x80005cc4 (0x01a77333) and     t1, a4, s10
core   0: 3 0x80005cc4 (0x01a77333) x6  0x00000000
core   0: 0x80005cc8 (0x1dc06593) ori     a1, zero, 476
core   0: 3 0x80005cc8 (0x1dc06593) x11 0x000001dc
core   0: 0x80005ccc (0x01095833) srl     a6, s2, a6
core   0: 3 0x80005ccc (0x01095833) x16 0x000003c5
core   0: 0x80005cd0 (0x011a2a33) slt     s4, s4, a7
core   0: 3 0x80005cd0 (0x011a2a33) x20 0x00000001
core   0: 0x80005cd4 (0x417d5413) srai    s0, s10, 23
core   0: 3 0x80005cd4 (0x417d5413) x8  0x0000003f
core   0: 0x80005cd8 (0x591b8b93) addi    s7, s7, 1425
core   0: 3 0x80005cd8 (0x591b8b93) x23 0x000013af
core   0: 0x80005cdc (0x00000013) nop
core   0: 3 0x80005cdc (0x00000013)
core   0: 0x80005ce0 (0x00179333) sll     t1, a5, ra
core   0: 3 0x80005ce0 (0x00179333) x6  0x00000000
core   0: 0x80005ce4 (0x0174f1b3) and     gp, s1, s7
core   0: 3 0x80005ce4 (0x0174f1b3) x3  0x000011af
core   0: 0x80005ce8 (0x76d86893) ori     a7, a6, 1901
core   0: 3 0x80005ce8 (0x76d86893) x17 0x000007ed
core   0: 0x80005cec (0xfb606097) auipc   ra, 0xfb606
core   0: 3 0x80005cec (0xfb606097) x1  0x7b60bcec
core   0: 0x80005cf0 (0x00000013) nop
core   0: 3 0x80005cf0 (0x00000013)
core   0: 0x80005cf4 (0x6754c7b7) lui     a5, 0x6754c
core   0: 3 0x80005cf4 (0x6754c7b7) x15 0x6754c000
core   0: 0x80005cf8 (0x2f58ac93) slti    s9, a7, 757
core   0: 3 0x80005cf8 (0x2f58ac93) x25 0x00000000
core   0: 0x80005cfc (0x40025093) srai    ra, tp, 0
core   0: 3 0x80005cfc (0x40025093) x1  0xfbde8c1c
core   0: 0x80005d00 (0x898c9937) lui     s2, 0x898c9
core   0: 3 0x80005d00 (0x898c9937) x18 0x898c9000
core   0: 0x80005d04 (0x0077b333) sltu    t1, a5, t2
core   0: 3 0x80005d04 (0x0077b333) x6  0x00000000
core   0: 0x80005d08 (0x00c41133) sll     sp, s0, a2
core   0: 3 0x80005d08 (0x00c41133) x2  0x0000003f
core   0: 0x80005d0c (0x004704b3) add     s1, a4, tp
core   0: 3 0x80005d0c (0x004704b3) x9  0xfbde8c1c
core   0: 0x80005d10 (0x01d693b3) sll     t2, a3, t4
core   0: 3 0x80005d10 (0x01d693b3) x7  0xfffffdbf
core   0: 0x80005d14 (0x0112c133) xor     sp, t0, a7
core   0: 3 0x80005d14 (0x0112c133) x2  0x2e16e7ed
core   0: 0x80005d18 (0x5492fd13) andi    s10, t0, 1353
core   0: 3 0x80005d18 (0x5492fd13) x26 0x00000000
core   0: 0x80005d1c (0x4f0dbd37) lui     s10, 0x4f0db
core   0: 3 0x80005d1c (0x4f0dbd37) x26 0x4f0db000
core   0: 0x80005d20 (0x67402f93) slti    t6, zero, 1652
core   0: 3 0x80005d20 (0x67402f93) x31 0x00000001
core   0: 0x80005d24 (0x410e5e33) sra     t3, t3, a6
core   0: 3 0x80005d24 (0x410e5e33) x28 0x00000035
core   0: 0x80005d28 (0x47757213) andi    tp, a0, 1143
core   0: 3 0x80005d28 (0x47757213) x4  0x00000464
core   0: 0x80005d2c (0xfe6ea293) slti    t0, t4, -26
core   0: 3 0x80005d2c (0xfe6ea293) x5  0x00000000
core   0: 0x80005d30 (0xf7054393) xori    t2, a0, -144
core   0: 3 0x80005d30 (0xf7054393) x7  0x7ffeb114
core   0: 0x80005d34 (0x41addb33) sra     s6, s11, s10
core   0: 3 0x80005d34 (0x41addb33) x22 0xc90aac04
core   0: 0x80005d38 (0x332dfd93) andi    s11, s11, 818
core   0: 3 0x80005d38 (0x332dfd93) x27 0x00000000
core   0: 0x80005d3c (0x0077a933) slt     s2, a5, t2
core   0: 3 0x80005d3c (0x0077a933) x18 0x00000001
core   0: 0x80005d40 (0x013c9893) slli    a7, s9, 19
core   0: 3 0x80005d40 (0x013c9893) x17 0x00000000
core   0: 0x80005d44 (0x84096493) ori     s1, s2, -1984
core   0: 3 0x80005d44 (0x84096493) x9  0xfffff841
core   0: 0x80005d48 (0x0036d733) srl     a4, a3, gp
core   0: 3 0x80005d48 (0x0036d733) x14 0x0001ffff
core   0: 0x80005d4c (0x01dfacb3) slt     s9, t6, t4
core   0: 3 0x80005d4c (0x01dfacb3) x25 0x00000000
core   0: 0x80005d50 (0x006f9713) slli    a4, t6, 6
core   0: 3 0x80005d50 (0x006f9713) x14 0x00000040
core   0: 0x80005d54 (0x003836b3) sltu    a3, a6, gp
core   0: 3 0x80005d54 (0x003836b3) x13 0x00000001
core   0: 0x80005d58 (0x41dc5593) srai    a1, s8, 29
core   0: 3 0x80005d58 (0x41dc5593) x11 0x00000000
core   0: 0x80005d5c (0x0014f8b3) and     a7, s1, ra
core   0: 3 0x80005d5c (0x0014f8b3) x17 0xfbde8800
core   0: 0x80005d60 (0x01605913) srli    s2, zero, 22
core   0: 3 0x80005d60 (0x01605913) x18 0x00000000
core   0: 0x80005d64 (0x0196adb3) slt     s11, a3, s9
core   0: 3 0x80005d64 (0x0196adb3) x27 0x00000000
core   0: 0x80005d68 (0x810ab017) auipc   zero, 0x810ab
core   0: 3 0x80005d68 (0x810ab017)
core   0: 0x80005d6c (0x40288833) sub     a6, a7, sp
core   0: 3 0x80005d6c (0x40288833) x16 0xcdc7a013
core   0: 0x80005d70 (0x019f9ab3) sll     s5, t6, s9
core   0: 3 0x80005d70 (0x019f9ab3) x21 0x00000001
core   0: 0x80005d74 (0xec37e413) ori     s0, a5, -317
core   0: 3 0x80005d74 (0xec37e413) x8  0xfffffec3
core   0: 0x80005d78 (0x11d68093) addi    ra, a3, 285
core   0: 3 0x80005d78 (0x11d68093) x1  0x0000011e
core   0: 0x80005d7c (0x00165c13) srli    s8, a2, 1
core   0: 3 0x80005d7c (0x00165c13) x24 0x00000000
core   0: 0x80005d80 (0xd59c2713) slti    a4, s8, -679
core   0: 3 0x80005d80 (0xd59c2713) x14 0x00000000
core   0: 0x80005d84 (0x00000013) nop
core   0: 3 0x80005d84 (0x00000013)
core   0: 0x80005d88 (0x01628733) add     a4, t0, s6
core   0: 3 0x80005d88 (0x01628733) x14 0xc90aac04
core   0: 0x80005d8c (0x41f206b3) sub     a3, tp, t6
core   0: 3 0x80005d8c (0x41f206b3) x13 0x00000463
core   0: 0x80005d90 (0x40428133) sub     sp, t0, tp
core   0: 3 0x80005d90 (0x40428133) x2  0xfffffb9c
core   0: 0x80005d94 (0xd7abf893) andi    a7, s7, -646
core   0: 3 0x80005d94 (0xd7abf893) x17 0x0000112a
core   0: 0x80005d98 (0x000cb333) sltu    t1, s9, zero
core   0: 3 0x80005d98 (0x000cb333) x6  0x00000000
core   0: 0x80005d9c (0xa22f6813) ori     a6, t5, -1502
core   0: 3 0x80005d9c (0xa22f6813) x16 0xfffffee6
core   0: 0x80005da0 (0x01cfa0b3) slt     ra, t6, t3
core   0: 3 0x80005da0 (0x01cfa0b3) x1  0x00000001
core   0: 0x80005da4 (0x0144d233) srl     tp, s1, s4
core   0: 3 0x80005da4 (0x0144d233) x4  0x7ffffc20
core   0: 0x80005da8 (0x018e1493) slli    s1, t3, 24
core   0: 3 0x80005da8 (0x018e1493) x9  0x35000000
core   0: 0x80005dac (0x0082d7b3) srl     a5, t0, s0
core   0: 3 0x80005dac (0x0082d7b3) x15 0x00000000
core   0: 0x80005db0 (0x018f30b3) sltu    ra, t5, s8
core   0: 3 0x80005db0 (0x018f30b3) x1  0x00000000
core   0: 0x80005db4 (0x4f7ce213) ori     tp, s9, 1271
core   0: 3 0x80005db4 (0x4f7ce213) x4  0x000004f7
core   0: 0x80005db8 (0xb11cca37) lui     s4, 0xb11cc
core   0: 3 0x80005db8 (0xb11cca37) x20 0xb11cc000
core   0: 0x80005dbc (0x015b5c93) srli    s9, s6, 21
core   0: 3 0x80005dbc (0x015b5c93) x25 0x00000648
core   0: 0x80005dc0 (0x0168ee33) or      t3, a7, s6
core   0: 3 0x80005dc0 (0x0168ee33) x28 0xc90abd2e
core   0: 0x80005dc4 (0x00000013) nop
core   0: 3 0x80005dc4 (0x00000013)
core   0: 0x80005dc8 (0x16d7ea13) ori     s4, a5, 365
core   0: 3 0x80005dc8 (0x16d7ea13) x20 0x0000016d
core   0: 0x80005dcc (0x373eb593) sltiu   a1, t4, 883
core   0: 3 0x80005dcc (0x373eb593) x11 0x00000001
core   0: 0x80005dd0 (0x7c900a93) li      s5, 1993
core   0: 3 0x80005dd0 (0x7c900a93) x21 0x000007c9
core   0: 0x80005dd4 (0x00475793) srli    a5, a4, 4
core   0: 3 0x80005dd4 (0x00475793) x15 0x0c90aac0
core   0: 0x80005dd8 (0x6dd20393) addi    t2, tp, 1757
core   0: 3 0x80005dd8 (0x6dd20393) x7  0x00000bd4
core   0: 0x80005ddc (0x01dc0433) add     s0, s8, t4
core   0: 3 0x80005ddc (0x01dc0433) x8  0x00000000
core   0: 0x80005de0 (0xa315a937) lui     s2, 0xa315a
core   0: 3 0x80005de0 (0xa315a937) x18 0xa315a000
core   0: 0x80005de4 (0x00c017b3) sll     a5, zero, a2
core   0: 3 0x80005de4 (0x00c017b3) x15 0x00000000
core   0: 0x80005de8 (0x6520c217) auipc   tp, 0x6520c
core   0: 3 0x80005de8 (0x6520c217) x4  0xe5211de8
core   0: 0x80005dec (0x00e35933) srl     s2, t1, a4
core   0: 3 0x80005dec (0x00e35933) x18 0x00000000
core   0: 0x80005df0 (0x0186dd13) srli    s10, a3, 24
core   0: 3 0x80005df0 (0x0186dd13) x26 0x00000000
core   0: 0x80005df4 (0x00000013) nop
core   0: 3 0x80005df4 (0x00000013)
core   0: 0x80005df8 (0x55162e13) slti    t3, a2, 1361
core   0: 3 0x80005df8 (0x55162e13) x28 0x00000001
core   0: 0x80005dfc (0x0bcaffb7) lui     t6, 0xbcaf
core   0: 3 0x80005dfc (0x0bcaffb7) x31 0x0bcaf000
core   0: 0x80005e00 (0x8f970b93) addi    s7, a4, -1799
core   0: 3 0x80005e00 (0x8f970b93) x23 0xc90aa4fd
core   0: 0x80005e04 (0x017e5a13) srli    s4, t3, 23
core   0: 3 0x80005e04 (0x017e5a13) x20 0x00000000
core   0: 0x80005e08 (0xa2680c13) addi    s8, a6, -1498
core   0: 3 0x80005e08 (0xa2680c13) x24 0xfffff90c
core   0: 0x80005e0c (0x48a4fe93) andi    t4, s1, 1162
core   0: 3 0x80005e0c (0x48a4fe93) x29 0x00000000
core   0: 0x80005e10 (0x00e69c93) slli    s9, a3, 14
core   0: 3 0x80005e10 (0x00e69c93) x25 0x0118c000
core   0: 0x80005e14 (0xbe53e413) ori     s0, t2, -1051
core   0: 3 0x80005e14 (0xbe53e413) x8  0xfffffbf5
core   0: 0x80005e18 (0x406e8b33) sub     s6, t4, t1
core   0: 3 0x80005e18 (0x406e8b33) x22 0x00000000
core   0: 0x80005e1c (0x006a0bb3) add     s7, s4, t1
core   0: 3 0x80005e1c (0x006a0bb3) x23 0x00000000
core   0: 0x80005e20 (0x35324913) xori    s2, tp, 851
core   0: 3 0x80005e20 (0x35324913) x18 0xe5211ebb
core   0: 0x80005e24 (0x00a57233) and     tp, a0, a0
core   0: 3 0x80005e24 (0x00a57233) x4  0x80014e64
core   0: 0x80005e28 (0x00459693) slli    a3, a1, 4
core   0: 3 0x80005e28 (0x00459693) x13 0x00000010
core   0: 0x80005e2c (0xbbd93693) sltiu   a3, s2, -1091
core   0: 3 0x80005e2c (0xbbd93693) x13 0x00000001
core   0: 0x80005e30 (0x2f883797) auipc   a5, 0x2f883
core   0: 3 0x80005e30 (0x2f883797) x15 0xaf888e30
core   0: 0x80005e34 (0x01b4fcb3) and     s9, s1, s11
core   0: 3 0x80005e34 (0x01b4fcb3) x25 0x00000000
core   0: 0x80005e38 (0xa5c68113) addi    sp, a3, -1444
core   0: 3 0x80005e38 (0xa5c68113) x2  0xfffffa5d
core   0: 0x80005e3c (0xfccf3f93) sltiu   t6, t5, -52
core   0: 3 0x80005e3c (0xfccf3f93) x31 0x00000001
core   0: 0x80005e40 (0x41795793) srai    a5, s2, 23
core   0: 3 0x80005e40 (0x41795793) x15 0xffffffca
core   0: 0x80005e44 (0x00975c13) srli    s8, a4, 9
core   0: 3 0x80005e44 (0x00975c13) x24 0x00648556
core   0: 0x80005e48 (0x4f143193) sltiu   gp, s0, 1265
core   0: 3 0x80005e48 (0x4f143193) x3  0x00000000
core   0: 0x80005e4c (0x657863b7) lui     t2, 0x65786
core   0: 3 0x80005e4c (0x657863b7) x7  0x65786000
core   0: 0x80005e50 (0x01a5dbb3) srl     s7, a1, s10
core   0: 3 0x80005e50 (0x01a5dbb3) x23 0x00000001
core   0: 0x80005e54 (0x00aec1b3) xor     gp, t4, a0
core   0: 3 0x80005e54 (0x00aec1b3) x3  0x80014e64
core   0: 0x80005e58 (0x3c8e0093) addi    ra, t3, 968
core   0: 3 0x80005e58 (0x3c8e0093) x1  0x000003c9
core   0: 0x80005e5c (0x1fda7e13) andi    t3, s4, 509
core   0: 3 0x80005e5c (0x1fda7e13) x28 0x00000000
core   0: 0x80005e60 (0x48aa2d93) slti    s11, s4, 1162
core   0: 3 0x80005e60 (0x48aa2d93) x27 0x00000001
core   0: 0x80005e64 (0x01f9d313) srli    t1, s3, 31
core   0: 3 0x80005e64 (0x01f9d313) x6  0x00000000
core   0: 0x80005e68 (0x4fc82b13) slti    s6, a6, 1276
core   0: 3 0x80005e68 (0x4fc82b13) x22 0x00000001
core   0: 0x80005e6c (0x00ddab33) slt     s6, s11, a3
core   0: 3 0x80005e6c (0x00ddab33) x22 0x00000000
core   0: 0x80005e70 (0x1aca2293) slti    t0, s4, 428
core   0: 3 0x80005e70 (0x1aca2293) x5  0x00000001
core   0: 0x80005e74 (0x7a20a613) slti    a2, ra, 1954
core   0: 3 0x80005e74 (0x7a20a613) x12 0x00000001
core   0: 0x80005e78 (0x01792a33) slt     s4, s2, s7
core   0: 3 0x80005e78 (0x01792a33) x20 0x00000001
core   0: 0x80005e7c (0x401d5b13) srai    s6, s10, 1
core   0: 3 0x80005e7c (0x401d5b13) x22 0x00000000
core   0: 0x80005e80 (0x405903b3) sub     t2, s2, t0
core   0: 3 0x80005e80 (0x405903b3) x7  0xe5211eba
core   0: 0x80005e84 (0x017f1233) sll     tp, t5, s7
core   0: 3 0x80005e84 (0x017f1233) x4  0x000319c8
core   0: 0x80005e88 (0x7313cf93) xori    t6, t2, 1841
core   0: 3 0x80005e88 (0x7313cf93) x31 0xe521198b
core   0: 0x80005e8c (0xa5deb193) sltiu   gp, t4, -1443
core   0: 3 0x80005e8c (0xa5deb193) x3  0x00000001
core   0: 0x80005e90 (0xd61b6093) ori     ra, s6, -671
core   0: 3 0x80005e90 (0xd61b6093) x1  0xfffffd61
core   0: 0x80005e94 (0x01de9493) slli    s1, t4, 29
core   0: 3 0x80005e94 (0x01de9493) x9  0x00000000
core   0: 0x80005e98 (0x00437233) and     tp, t1, tp
core   0: 3 0x80005e98 (0x00437233) x4  0x00000000
core   0: 0x80005e9c (0x01555833) srl     a6, a0, s5
core   0: 3 0x80005e9c (0x01555833) x16 0x004000a7
core   0: 0x80005ea0 (0x40185793) srai    a5, a6, 1
core   0: 3 0x80005ea0 (0x40185793) x15 0x00200053
core   0: 0x80005ea4 (0xedc03617) auipc   a2, 0xedc03
core   0: 3 0x80005ea4 (0xedc03617) x12 0x6dc08ea4
core   0: 0x80005ea8 (0xeb2f7393) andi    t2, t5, -334
core   0: 3 0x80005ea8 (0xeb2f7393) x7  0x80018ca0
core   0: 0x80005eac (0x3c512297) auipc   t0, 0x3c512
core   0: 3 0x80005eac (0x3c512297) x5  0xbc517eac
core   0: 0x80005eb0 (0x00c3f5b3) and     a1, t2, a2
core   0: 3 0x80005eb0 (0x00c3f5b3) x11 0x00008ca0
core   0: 0x80005eb4 (0x8b18c917) auipc   s2, 0x8b18c
core   0: 3 0x80005eb4 (0x8b18c917) x18 0x0b191eb4
core   0: 0x80005eb8 (0x01c40fb3) add     t6, s0, t3
core   0: 3 0x80005eb8 (0x01c40fb3) x31 0xfffffbf5
core   0: 0x80005ebc (0x00000013) nop
core   0: 3 0x80005ebc (0x00000013)
core   0: 0x80005ec0 (0x012a1593) slli    a1, s4, 18
core   0: 3 0x80005ec0 (0x012a1593) x11 0x00040000
core   0: 0x80005ec4 (0x00f878b3) and     a7, a6, a5
core   0: 3 0x80005ec4 (0x00f878b3) x17 0x00000003
core   0: 0x80005ec8 (0xdd49efb7) lui     t6, 0xdd49e
core   0: 3 0x80005ec8 (0xdd49efb7) x31 0xdd49e000
core   0: 0x80005ecc (0x00ea68b3) or      a7, s4, a4
core   0: 3 0x80005ecc (0x00ea68b3) x17 0xc90aac05
core   0: 0x80005ed0 (0x41d30933) sub     s2, t1, t4
core   0: 3 0x80005ed0 (0x41d30933) x18 0x00000000
core   0: 0x80005ed4 (0x4101db33) sra     s6, gp, a6
core   0: 3 0x80005ed4 (0x4101db33) x22 0x00000000
core   0: 0x80005ed8 (0x56980393) addi    t2, a6, 1385
core   0: 3 0x80005ed8 (0x56980393) x7  0x00400610
core   0: 0x80005edc (0x01927ab3) and     s5, tp, s9
core   0: 3 0x80005edc (0x01927ab3) x21 0x00000000
core   0: 0x80005ee0 (0x014770b3) and     ra, a4, s4
core   0: 3 0x80005ee0 (0x014770b3) x1  0x00000000
core   0: 0x80005ee4 (0x410f80b3) sub     ra, t6, a6
core   0: 3 0x80005ee4 (0x410f80b3) x1  0xdd09df59
core   0: 0x80005ee8 (0x00745a13) srli    s4, s0, 7
core   0: 3 0x80005ee8 (0x00745a13) x20 0x01fffff7
core   0: 0x80005eec (0x00a448b3) xor     a7, s0, a0
core   0: 3 0x80005eec (0x00a448b3) x17 0x7ffeb591
core   0: 0x80005ef0 (0x00285d33) srl     s10, a6, sp
core   0: 3 0x80005ef0 (0x00285d33) x26 0x00000000
core   0: 0x80005ef4 (0x1f2f3413) sltiu   s0, t5, 498
core   0: 3 0x80005ef4 (0x1f2f3413) x8  0x00000000
core   0: 0x80005ef8 (0x4103ab13) slti    s6, t2, 1040
core   0: 3 0x80005ef8 (0x4103ab13) x22 0x00000000
core   0: 0x80005efc (0x01857733) and     a4, a0, s8
core   0: 3 0x80005efc (0x01857733) x14 0x00000444
core   0: 0x80005f00 (0x768ba793) slti    a5, s7, 1896
core   0: 3 0x80005f00 (0x768ba793) x15 0x00000001
core   0: 0x80005f04 (0x00405eb3) srl     t4, zero, tp
core   0: 3 0x80005f04 (0x00405eb3) x29 0x00000000
core   0: 0x80005f08 (0x01bb33b3) sltu    t2, s6, s11
core   0: 3 0x80005f08 (0x01bb33b3) x7  0x00000001
core   0: 0x80005f0c (0xbf594817) auipc   a6, 0xbf594
core   0: 3 0x80005f0c (0xbf594817) x16 0x3f599f0c
core   0: 0x80005f10 (0x00000013) nop
core   0: 3 0x80005f10 (0x00000013)
core   0: 0x80005f14 (0x00d25a33) srl     s4, tp, a3
core   0: 3 0x80005f14 (0x00d25a33) x20 0x00000000
core   0: 0x80005f18 (0x40e65413) srai    s0, a2, 14
core   0: 3 0x80005f18 (0x40e65413) x8  0x0001b702
core   0: 0x80005f1c (0x41955fb3) sra     t6, a0, s9
core   0: 3 0x80005f1c (0x41955fb3) x31 0x80014e64
core   0: 0x80005f20 (0x6dc77e13) andi    t3, a4, 1756
core   0: 3 0x80005f20 (0x6dc77e13) x28 0x00000444
core   0: 0x80005f24 (0x9c6e0013) addi    zero, t3, -1594
core   0: 3 0x80005f24 (0x9c6e0013)
core   0: 0x80005f28 (0x00000013) nop
core   0: 3 0x80005f28 (0x00000013)
core   0: 0x80005f2c (0x0070f3b3) and     t2, ra, t2
core   0: 3 0x80005f2c (0x0070f3b3) x7  0x00000001
core   0: 0x80005f30 (0x014c8ab3) add     s5, s9, s4
core   0: 3 0x80005f30 (0x014c8ab3) x21 0x00000000
core   0: 0x80005f34 (0x40d95613) srai    a2, s2, 13
core   0: 3 0x80005f34 (0x40d95613) x12 0x00000000
core   0: 0x80005f38 (0x01e07d33) and     s10, zero, t5
core   0: 3 0x80005f38 (0x01e07d33) x26 0x00000000
core   0: 0x80005f3c (0x011686b3) add     a3, a3, a7
core   0: 3 0x80005f3c (0x011686b3) x13 0x7ffeb592
core   0: 0x80005f40 (0xf0dbe913) ori     s2, s7, -243
core   0: 3 0x80005f40 (0xf0dbe913) x18 0xffffff0d
core   0: 0x80005f44 (0x40e85db3) sra     s11, a6, a4
core   0: 3 0x80005f44 (0x40e85db3) x27 0x03f599f0
core   0: 0x80005f48 (0x00aed1b3) srl     gp, t4, a0
core   0: 3 0x80005f48 (0x00aed1b3) x3  0x00000000
core   0: 0x80005f4c (0x019106b3) add     a3, sp, s9
core   0: 3 0x80005f4c (0x019106b3) x13 0xfffffa5d
core   0: 0x80005f50 (0x004487b3) add     a5, s1, tp
core   0: 3 0x80005f50 (0x004487b3) x15 0x00000000
core   0: 0x80005f54 (0x008a9b13) slli    s6, s5, 8
core   0: 3 0x80005f54 (0x008a9b13) x22 0x00000000
core   0: 0x80005f58 (0xba474b93) xori    s7, a4, -1116
core   0: 3 0x80005f58 (0xba474b93) x23 0xffffffe0
core   0: 0x80005f5c (0x013602b3) add     t0, a2, s3
core   0: 3 0x80005f5c (0x013602b3) x5  0x0000000f
core   0: 0x80005f60 (0x9f10b393) sltiu   t2, ra, -1551
core   0: 3 0x80005f60 (0x9f10b393) x7  0x00000001
core   0: 0x80005f64 (0x7c1d6297) auipc   t0, 0x7c1d6
core   0: 3 0x80005f64 (0x7c1d6297) x5  0xfc1dbf64
core   0: 0x80005f68 (0x40270f93) addi    t6, a4, 1026
core   0: 3 0x80005f68 (0x40270f93) x31 0x00000846
core   0: 0x80005f6c (0x00ea6333) or      t1, s4, a4
core   0: 3 0x80005f6c (0x00ea6333) x6  0x00000444
core   0: 0x80005f70 (0x017f8113) addi    sp, t6, 23
core   0: 3 0x80005f70 (0x017f8113) x2  0x0000085d
core   0: 0x80005f74 (0x6281a613) slti    a2, gp, 1576
core   0: 3 0x80005f74 (0x6281a613) x12 0x00000001
core   0: 0x80005f78 (0x013f9db3) sll     s11, t6, s3
core   0: 3 0x80005f78 (0x013f9db3) x27 0x04230000
core   0: 0x80005f7c (0x019d5693) srli    a3, s10, 25
core   0: 3 0x80005f7c (0x019d5693) x13 0x00000000
core   0: 0x80005f80 (0x005b13b3) sll     t2, s6, t0
core   0: 3 0x80005f80 (0x005b13b3) x7  0x00000000
core   0: 0x80005f84 (0x00345933) srl     s2, s0, gp
core   0: 3 0x80005f84 (0x00345933) x18 0x0001b702
core   0: 0x80005f88 (0x00ba7ab3) and     s5, s4, a1
core   0: 3 0x80005f88 (0x00ba7ab3) x21 0x00000000
core   0: 0x80005f8c (0x4e4b7f93) andi    t6, s6, 1252
core   0: 3 0x80005f8c (0x4e4b7f93) x31 0x00000000
core   0: 0x80005f90 (0xde87a493) slti    s1, a5, -536
core   0: 3 0x80005f90 (0xde87a493) x9  0x00000000
core   0: 0x80005f94 (0x00ab2eb3) slt     t4, s6, a0
core   0: 3 0x80005f94 (0x00ab2eb3) x29 0x00000000
core   0: 0x80005f98 (0x41da0c33) sub     s8, s4, t4
core   0: 3 0x80005f98 (0x41da0c33) x24 0x00000000
core   0: 0x80005f9c (0x83cbcf93) xori    t6, s7, -1988
core   0: 3 0x80005f9c (0x83cbcf93) x31 0x000007dc
core   0: 0x80005fa0 (0x41438733) sub     a4, t2, s4
core   0: 3 0x80005fa0 (0x41438733) x14 0x00000000
core   0: 0x80005fa4 (0x3858bc93) sltiu   s9, a7, 901
core   0: 3 0x80005fa4 (0x3858bc93) x25 0x00000000
core   0: 0x80005fa8 (0x01cc5693) srli    a3, s8, 28
core   0: 3 0x80005fa8 (0x01cc5693) x13 0x00000000
core   0: 0x80005fac (0x0140f633) and     a2, ra, s4
core   0: 3 0x80005fac (0x0140f633) x12 0x00000000
core   0: 0x80005fb0 (0x40b6d7b3) sra     a5, a3, a1
core   0: 3 0x80005fb0 (0x40b6d7b3) x15 0x00000000
core   0: 0x80005fb4 (0xc25a7213) andi    tp, s4, -987
core   0: 3 0x80005fb4 (0xc25a7213) x4  0x00000000
core   0: 0x80005fb8 (0x00988a33) add     s4, a7, s1
core   0: 3 0x80005fb8 (0x00988a33) x20 0x7ffeb591
core   0: 0x80005fbc (0x08b383b7) lui     t2, 0x8b38
core   0: 3 0x80005fbc (0x08b383b7) x7  0x08b38000
core   0: 0x80005fc0 (0x0097d0b3) srl     ra, a5, s1
core   0: 3 0x80005fc0 (0x0097d0b3) x1  0x00000000
core   0: 0x80005fc4 (0x6f76a937) lui     s2, 0x6f76a
core   0: 3 0x80005fc4 (0x6f76a937) x18 0x6f76a000
core   0: 0x80005fc8 (0x01387933) and     s2, a6, s3
core   0: 3 0x80005fc8 (0x01387933) x18 0x0000000c
core   0: 0x80005fcc (0xc13d4893) xori    a7, s10, -1005
core   0: 3 0x80005fcc (0xc13d4893) x17 0xfffffc13
core   0: 0x80005fd0 (0x001532b3) sltu    t0, a0, ra
core   0: 3 0x80005fd0 (0x001532b3) x5  0x00000000
core   0: 0x80005fd4 (0x00015a93) srli    s5, sp, 0
core   0: 3 0x80005fd4 (0x00015a93) x21 0x0000085d
core   0: 0x80005fd8 (0x48597e13) andi    t3, s2, 1157
core   0: 3 0x80005fd8 (0x48597e13) x28 0x00000004
core   0: 0x80005fdc (0x40580eb3) sub     t4, a6, t0
core   0: 3 0x80005fdc (0x40580eb3) x29 0x3f599f0c
core   0: 0x80005fe0 (0x50f08613) addi    a2, ra, 1295
core   0: 3 0x80005fe0 (0x50f08613) x12 0x0000050f
core   0: 0x80005fe4 (0x40c75793) srai    a5, a4, 12
core   0: 3 0x80005fe4 (0x40c75793) x15 0x00000000
core   0: 0x80005fe8 (0x25e77d13) andi    s10, a4, 606
core   0: 3 0x80005fe8 (0x25e77d13) x26 0x00000000
core   0: 0x80005fec (0x012fab33) slt     s6, t6, s2
core   0: 3 0x80005fec (0x012fab33) x22 0x00000000
core   0: 0x80005ff0 (0x40ad8333) sub     t1, s11, a0
core   0: 3 0x80005ff0 (0x40ad8333) x6  0x8421b19c
core   0: 0x80005ff4 (0x432aaf93) slti    t6, s5, 1074
core   0: 3 0x80005ff4 (0x432aaf93) x31 0x00000000
core   0: 0x80005ff8 (0x4d4be413) ori     s0, s7, 1236
core   0: 3 0x80005ff8 (0x4d4be413) x8  0xfffffff4
core   0: 0x80005ffc (0x414586b3) sub     a3, a1, s4
core   0: 3 0x80005ffc (0x414586b3) x13 0x80054a6f
core   0: 0x80006000 (0x017210b3) sll     ra, tp, s7
core   0: 3 0x80006000 (0x017210b3) x1  0x00000000
core   0: 0x80006004 (0x41dc5613) srai    a2, s8, 29
core   0: 3 0x80006004 (0x41dc5613) x12 0x00000000
core   0: 0x80006008 (0x00000013) nop
core   0: 3 0x80006008 (0x00000013)
core   0: 0x8000600c (0x37cdc593) xori    a1, s11, 892
core   0: 3 0x8000600c (0x37cdc593) x11 0x0423037c
core   0: 0x80006010 (0x00000013) nop
core   0: 3 0x80006010 (0x00000013)
core   0: 0x80006014 (0x01c688b3) add     a7, a3, t3
core   0: 3 0x80006014 (0x01c688b3) x17 0x80054a73
core   0: 0x80006018 (0x01db7cb3) and     s9, s6, t4
core   0: 3 0x80006018 (0x01db7cb3) x25 0x00000000
core   0: 0x8000601c (0x00692cb3) slt     s9, s2, t1
core   0: 3 0x8000601c (0x00692cb3) x25 0x00000000
core   0: 0x80006020 (0x6c830313) addi    t1, t1, 1736
core   0: 3 0x80006020 (0x6c830313) x6  0x8421b864
core   0: 0x80006024 (0x82ca5617) auipc   a2, 0x82ca5
core   0: 3 0x80006024 (0x82ca5617) x12 0x02cab024
core   0: 0x80006028 (0x00adedb3) or      s11, s11, a0
core   0: 3 0x80006028 (0x00adedb3) x27 0x84234e64
core   0: 0x8000602c (0x019fd093) srli    ra, t6, 25
core   0: 3 0x8000602c (0x019fd093) x1  0x00000000
core   0: 0x80006030 (0x542b0417) auipc   s0, 0x542b0
core   0: 3 0x80006030 (0x542b0417) x8  0xd42b6030
core   0: 0x80006034 (0x54f72e93) slti    t4, a4, 1359
core   0: 3 0x80006034 (0x54f72e93) x29 0x00000001
core   0: 0x80006038 (0x5e292cb7) lui     s9, 0x5e292
core   0: 3 0x80006038 (0x5e292cb7) x25 0x5e292000
core   0: 0x8000603c (0x00ea30b3) sltu    ra, s4, a4
core   0: 3 0x8000603c (0x00ea30b3) x1  0x00000000
core   0: 0x80006040 (0x40a5d013) srai    zero, a1, 10
core   0: 3 0x80006040 (0x40a5d013)
core   0: 0x80006044 (0x0144d233) srl     tp, s1, s4
core   0: 3 0x80006044 (0x0144d233) x4  0x00000000
core   0: 0x80006048 (0x98721937) lui     s2, 0x98721
core   0: 3 0x80006048 (0x98721937) x18 0x98721000
core   0: 0x8000604c (0x53143a13) sltiu   s4, s0, 1329
core   0: 3 0x8000604c (0x53143a13) x20 0x00000000
core   0: 0x80006050 (0x41a60c33) sub     s8, a2, s10
core   0: 3 0x80006050 (0x41a60c33) x24 0x02cab024
core   0: 0x80006054 (0x00474433) xor     s0, a4, tp
core   0: 3 0x80006054 (0x00474433) x8  0x00000000
core   0: 0x80006058 (0xd7683013) sltiu   zero, a6, -650
core   0: 3 0x80006058 (0xd7683013)
core   0: 0x8000605c (0x00eedb93) srli    s7, t4, 14
core   0: 3 0x8000605c (0x00eedb93) x23 0x00000000
core   0: 0x80006060 (0x98fcad13) slti    s10, s9, -1649
core   0: 3 0x80006060 (0x98fcad13) x26 0x00000000
core   0: 0x80006064 (0x007aeeb3) or      t4, s5, t2
core   0: 3 0x80006064 (0x007aeeb3) x29 0x08b3885d
core   0: 0x80006068 (0x00000013) nop
core   0: 3 0x80006068 (0x00000013)
core   0: 0x8000606c (0x00c95713) srli    a4, s2, 12
core   0: 3 0x8000606c (0x00c95713) x14 0x00098721
core   0: 0x80006070 (0xe6c47713) andi    a4, s0, -404
core   0: 3 0x80006070 (0xe6c47713) x14 0x00000000
core   0: 0x80006074 (0x00000013) nop
core   0: 3 0x80006074 (0x00000013)
core   0: 0x80006078 (0x902e86b7) lui     a3, 0x902e8
core   0: 3 0x80006078 (0x902e86b7) x13 0x902e8000
core   0: 0x8000607c (0x91276693) ori     a3, a4, -1774
core   0: 3 0x8000607c (0x91276693) x13 0xfffff912
core   0: 0x80006080 (0x00919813) slli    a6, gp, 9
core   0: 3 0x80006080 (0x00919813) x16 0x00000000
core   0: 0x80006084 (0x23617913) andi    s2, sp, 566
core   0: 3 0x80006084 (0x23617913) x18 0x00000014
core   0: 0x80006088 (0x2f534193) xori    gp, t1, 757
core   0: 3 0x80006088 (0x2f534193) x3  0x8421ba91
core   0: 0x8000608c (0x41f65293) srai    t0, a2, 31
core   0: 3 0x8000608c (0x41f65293) x5  0x00000000
core   0: 0x80006090 (0x00000013) nop
core   0: 3 0x80006090 (0x00000013)
core   0: 0x80006094 (0x00000013) nop
core   0: 3 0x80006094 (0x00000013)
core   0: 0x80006098 (0x78c90b93) addi    s7, s2, 1932
core   0: 3 0x80006098 (0x78c90b93) x23 0x000007a0
core   0: 0x8000609c (0x0174ee33) or      t3, s1, s7
core   0: 3 0x8000609c (0x0174ee33) x28 0x000007a0
core   0: 0x800060a0 (0x00529bb3) sll     s7, t0, t0
core   0: 3 0x800060a0 (0x00529bb3) x23 0x00000000
core   0: 0x800060a4 (0x01c65433) srl     s0, a2, t3
core   0: 3 0x800060a4 (0x01c65433) x8  0x02cab024
core   0: 0x800060a8 (0x4134d493) srai    s1, s1, 19
core   0: 3 0x800060a8 (0x4134d493) x9  0x00000000
core   0: 0x800060ac (0x00859713) slli    a4, a1, 8
core   0: 3 0x800060ac (0x00859713) x14 0x23037c00
core   0: 0x800060b0 (0x76f84413) xori    s0, a6, 1903
core   0: 3 0x800060b0 (0x76f84413) x8  0x0000076f
core   0: 0x800060b4 (0x802b3e13) sltiu   t3, s6, -2046
core   0: 3 0x800060b4 (0x802b3e13) x28 0x00000001
core   0: 0x800060b8 (0xc9d3b593) sltiu   a1, t2, -867
core   0: 3 0x800060b8 (0xc9d3b593) x11 0x00000001
core   0: 0x800060bc (0xc10b64b7) lui     s1, 0xc10b6
core   0: 3 0x800060bc (0xc10b64b7) x9  0xc10b6000
core   0: 0x800060c0 (0x00ea7ab3) and     s5, s4, a4
core   0: 3 0x800060c0 (0x00ea7ab3) x21 0x00000000
core   0: 0x800060c4 (0x41b5d013) srai    zero, a1, 27
core   0: 3 0x800060c4 (0x41b5d013)
core   0: 0x800060c8 (0x014b21b3) slt     gp, s6, s4
core   0: 3 0x800060c8 (0x014b21b3) x3  0x00000000
core   0: 0x800060cc (0x01111093) slli    ra, sp, 17
core   0: 3 0x800060cc (0x01111093) x1  0x10ba0000
core   0: 0x800060d0 (0x013f1933) sll     s2, t5, s3
core   0: 3 0x800060d0 (0x013f1933) x18 0xc6720000
core   0: 0x800060d4 (0x41cc8eb3) sub     t4, s9, t3
core   0: 3 0x800060d4 (0x41cc8eb3) x29 0x5e291fff
core   0: 0x800060d8 (0x4155d713) srai    a4, a1, 21
core   0: 3 0x800060d8 (0x4155d713) x14 0x00000000
core   0: 0x800060dc (0x018ef6b3) and     a3, t4, s8
core   0: 3 0x800060dc (0x018ef6b3) x13 0x02081024
core   0: 0x800060e0 (0x00000013) nop
core   0: 3 0x800060e0 (0x00000013)
core   0: 0x800060e4 (0x412a0d33) sub     s10, s4, s2
core   0: 3 0x800060e4 (0x412a0d33) x26 0x398e0000
core   0: 0x800060e8 (0x40d08d33) sub     s10, ra, a3
core   0: 3 0x800060e8 (0x40d08d33) x26 0x0eb1efdc
core   0: 0x800060ec (0x0071d693) srli    a3, gp, 7
core   0: 3 0x800060ec (0x0071d693) x13 0x00000000
core   0: 0x800060f0 (0xe22feb93) ori     s7, t6, -478
core   0: 3 0x800060f0 (0xe22feb93) x23 0xfffffe22
core   0: 0x800060f4 (0x008d5fb3) srl     t6, s10, s0
core   0: 3 0x800060f4 (0x008d5fb3) x31 0x00001d63
core   0: 0x800060f8 (0x010c91b3) sll     gp, s9, a6
core   0: 3 0x800060f8 (0x010c91b3) x3  0x5e292000
core   0: 0x800060fc (0x842a3693) sltiu   a3, s4, -1982
core   0: 3 0x800060fc (0x842a3693) x13 0x00000001
core   0: 0x80006100 (0x4f559297) auipc   t0, 0x4f559
core   0: 3 0x80006100 (0x4f559297) x5  0xcf55f100
core   0: 0x80006104 (0x56113c93) sltiu   s9, sp, 1377
core   0: 3 0x80006104 (0x56113c93) x25 0x00000000
core   0: 0x80006108 (0x413fde33) sra     t3, t6, s3
core   0: 3 0x80006108 (0x413fde33) x28 0x00000000
core   0: 0x8000610c (0x6d0f10b7) lui     ra, 0x6d0f1
core   0: 3 0x8000610c (0x6d0f10b7) x1  0x6d0f1000
core   0: 0x80006110 (0xea607813) andi    a6, zero, -346
core   0: 3 0x80006110 (0xea607813) x16 0x00000000
core   0: 0x80006114 (0xf95dc113) xori    sp, s11, -107
core   0: 3 0x80006114 (0xf95dc113) x2  0x7bdcb1f1
core   0: 0x80006118 (0x0082b8b3) sltu    a7, t0, s0
core   0: 3 0x80006118 (0x0082b8b3) x17 0x00000000
core   0: 0x8000611c (0x01c51e13) slli    t3, a0, 28
core   0: 3 0x8000611c (0x01c51e13) x28 0x40000000
core   0: 0x80006120 (0x0128b733) sltu    a4, a7, s2
core   0: 3 0x80006120 (0x0128b733) x14 0x00000001
core   0: 0x80006124 (0x01ff2b33) slt     s6, t5, t6
core   0: 3 0x80006124 (0x01ff2b33) x22 0x00000001
core   0: 0x80006128 (0x2e76fa93) andi    s5, a3, 743
core   0: 3 0x80006128 (0x2e76fa93) x21 0x00000001
core   0: 0x8000612c (0xc0ae9e37) lui     t3, 0xc0ae9
core   0: 3 0x8000612c (0xc0ae9e37) x28 0xc0ae9000
core   0: 0x80006130 (0xe2f5ab13) slti    s6, a1, -465
core   0: 3 0x80006130 (0xe2f5ab13) x22 0x00000000
core   0: 0x80006134 (0x00000013) nop
core   0: 3 0x80006134 (0x00000013)
core   0: 0x80006138 (0x41925a33) sra     s4, tp, s9
core   0: 3 0x80006138 (0x41925a33) x20 0x00000000
core   0: 0x8000613c (0x00000013) nop
core   0: 3 0x8000613c (0x00000013)
core   0: 0x80006140 (0x00ff8db3) add     s11, t6, a5
core   0: 3 0x80006140 (0x00ff8db3) x27 0x00001d63
core   0: 0x80006144 (0x00000013) nop
core   0: 3 0x80006144 (0x00000013)
core   0: 0x80006148 (0xe841ca93) xori    s5, gp, -380
core   0: 3 0x80006148 (0xe841ca93) x21 0xa1d6de84
core   0: 0x8000614c (0x01086c33) or      s8, a6, a6
core   0: 3 0x8000614c (0x01086c33) x24 0x00000000
core   0: 0x80006150 (0x40d25213) srai    tp, tp, 13
core   0: 3 0x80006150 (0x40d25213) x4  0x00000000
core   0: 0x80006154 (0x4025d733) sra     a4, a1, sp
core   0: 3 0x80006154 (0x4025d733) x14 0x00000000
core   0: 0x80006158 (0x01cb1213) slli    tp, s6, 28
core   0: 3 0x80006158 (0x01cb1213) x4  0x00000000
core   0: 0x8000615c (0x00afabb3) slt     s7, t6, a0
core   0: 3 0x8000615c (0x00afabb3) x23 0x00000000
core   0: 0x80006160 (0x01f2a7b3) slt     a5, t0, t6
core   0: 3 0x80006160 (0x01f2a7b3) x15 0x00000001
core   0: 0x80006164 (0x00e50733) add     a4, a0, a4
core   0: 3 0x80006164 (0x00e50733) x14 0x80014e64
core   0: 0x80006168 (0x01c1db93) srli    s7, gp, 28
core   0: 3 0x80006168 (0x01c1db93) x23 0x00000005
core   0: 0x8000616c (0x00e613b3) sll     t2, a2, a4
core   0: 3 0x8000616c (0x00e613b3) x7  0x2cab0240
core   0: 0x80006170 (0x60e08793) addi    a5, ra, 1550
core   0: 3 0x80006170 (0x60e08793) x15 0x6d0f160e
core   0: 0x80006174 (0x008e8933) add     s2, t4, s0
core   0: 3 0x80006174 (0x008e8933) x18 0x5e29276e
core   0: 0x80006178 (0x187c6093) ori     ra, s8, 391
core   0: 3 0x80006178 (0x187c6093) x1  0x00000187
core   0: 0x8000617c (0x018a0033) add     zero, s4, s8
core   0: 3 0x8000617c (0x018a0033)
core   0: 0x80006180 (0x86bae093) ori     ra, s5, -1941
core   0: 3 0x80006180 (0x86bae093) x1  0xfffffeef
core   0: 0x80006184 (0x5912c413) xori    s0, t0, 1425
core   0: 3 0x80006184 (0x5912c413) x8  0xcf55f491
core   0: 0x80006188 (0x00767633) and     a2, a2, t2
core   0: 3 0x80006188 (0x00767633) x12 0x008a0000
core   0: 0x8000618c (0x413d50b3) sra     ra, s10, s3
core   0: 3 0x8000618c (0x413d50b3) x1  0x00001d63
core   0: 0x80006190 (0x019c9c13) slli    s8, s9, 25
core   0: 3 0x80006190 (0x019c9c13) x24 0x00000000
core   0: 0x80006194 (0x1f2ade97) auipc   t4, 0x1f2ad
core   0: 3 0x80006194 (0x1f2ade97) x29 0x9f2b3194
core   0: 0x80006198 (0x12d921b7) lui     gp, 0x12d92
core   0: 3 0x80006198 (0x12d921b7) x3  0x12d92000
core   0: 0x8000619c (0x00cd9a13) slli    s4, s11, 12
core   0: 3 0x8000619c (0x00cd9a13) x20 0x01d63000
core   0: 0x800061a0 (0xeb583037) lui     zero, 0xeb583
core   0: 3 0x800061a0 (0xeb583037)
core   0: 0x800061a4 (0x019967b3) or      a5, s2, s9
core   0: 3 0x800061a4 (0x019967b3) x15 0x5e29276e
core   0: 0x800061a8 (0x01ea9133) sll     sp, s5, t5
core   0: 3 0x800061a8 (0x01ea9133) x2  0x1d6de840
core   0: 0x800061ac (0x0171dbb3) srl     s7, gp, s7
core   0: 3 0x800061ac (0x0171dbb3) x23 0x0096c900
core   0: 0x800061b0 (0x00c168b3) or      a7, sp, a2
core   0: 3 0x800061b0 (0x00c168b3) x17 0x1defe840
core   0: 0x800061b4 (0xfbb8b197) auipc   gp, 0xfbb8b
core   0: 3 0x800061b4 (0xfbb8b197) x3  0x7bb911b4
core   0: 0x800061b8 (0x00a62a33) slt     s4, a2, a0
core   0: 3 0x800061b8 (0x00a62a33) x20 0x00000000
core   0: 0x800061bc (0xb847ae13) slti    t3, a5, -1148
core   0: 3 0x800061bc (0xb847ae13) x28 0x00000000
core   0: 0x800061c0 (0x014c26b3) slt     a3, s8, s4
core   0: 3 0x800061c0 (0x014c26b3) x13 0x00000000
core   0: 0x800061c4 (0x83720593) addi    a1, tp, -1993
core   0: 3 0x800061c4 (0x83720593) x11 0xfffff837
core   0: 0x800061c8 (0x0bcd8b93) addi    s7, s11, 188
core   0: 3 0x800061c8 (0x0bcd8b93) x23 0x00001e1f
core   0: 0x800061cc (0x00000013) nop
core   0: 3 0x800061cc (0x00000013)
core   0: 0x800061d0 (0x01c46433) or      s0, s0, t3
core   0: 3 0x800061d0 (0x01c46433) x8  0xcf55f491
core   0: 0x800061d4 (0x01ce0933) add     s2, t3, t3
core   0: 3 0x800061d4 (0x01ce0933) x18 0x00000000
core   0: 0x800061d8 (0x0014fb33) and     s6, s1, ra
core   0: 3 0x800061d8 (0x0014fb33) x22 0x00000000
core   0: 0x800061dc (0xe13acb93) xori    s7, s5, -493
core   0: 3 0x800061dc (0xe13acb93) x23 0x5e292097
core   0: 0x800061e0 (0x590c7b17) auipc   s6, 0x590c7
core   0: 3 0x800061e0 (0x590c7b17) x22 0xd90cd1e0
core   0: 0x800061e4 (0xff5eee93) ori     t4, t4, -11
core   0: 3 0x800061e4 (0xff5eee93) x29 0xfffffff5
core   0: 0x800061e8 (0x004c51b3) srl     gp, s8, tp
core   0: 3 0x800061e8 (0x004c51b3) x3  0x00000000
core   0: 0x800061ec (0x7d583b93) sltiu   s7, a6, 2005
core   0: 3 0x800061ec (0x7d583b93) x23 0x00000001
core   0: 0x800061f0 (0x0168cc33) xor     s8, a7, s6
core   0: 3 0x800061f0 (0x0168cc33) x24 0xc4e339a0
core   0: 0x800061f4 (0x012f0fb3) add     t6, t5, s2
core   0: 3 0x800061f4 (0x012f0fb3) x31 0x80018ce4
core   0: 0x800061f8 (0x0173d7b3) srl     a5, t2, s7
core   0: 3 0x800061f8 (0x0173d7b3) x15 0x16558120
core   0: 0x800061fc (0x00ec7033) and     zero, s8, a4
core   0: 3 0x800061fc (0x00ec7033)
core   0: 0x80006200 (0x00cf7cb3) and     s9, t5, a2
core   0: 3 0x80006200 (0x00cf7cb3) x25 0x00000000
core   0: 0x80006204 (0x41b10633) sub     a2, sp, s11
core   0: 3 0x80006204 (0x41b10633) x12 0x1d6dcadd
core   0: 0x80006208 (0x018ed213) srli    tp, t4, 24
core   0: 3 0x80006208 (0x018ed213) x4  0x000000ff
core   0: 0x8000620c (0x0100d913) srli    s2, ra, 16
core   0: 3 0x8000620c (0x0100d913) x18 0x00000000
core   0: 0x80006210 (0x4f65ad13) slti    s10, a1, 1270
core   0: 3 0x80006210 (0x4f65ad13) x26 0x00000001
core   0: 0x80006214 (0x43ea9797) auipc   a5, 0x43ea9
core   0: 3 0x80006214 (0x43ea9797) x15 0xc3eaf214
core   0: 0x80006218 (0x0133b0b3) sltu    ra, t2, s3
core   0: 3 0x80006218 (0x0133b0b3) x1  0x00000000
core   0: 0x8000621c (0x8e6c0f93) addi    t6, s8, -1818
core   0: 3 0x8000621c (0x8e6c0f93) x31 0xc4e33286
core   0: 0x80006220 (0x01da38b3) sltu    a7, s4, t4
core   0: 3 0x80006220 (0x01da38b3) x17 0x00000001
core   0: 0x80006224 (0x41da5633) sra     a2, s4, t4
core   0: 3 0x80006224 (0x41da5633) x12 0x00000000
core   0: 0x80006228 (0x3ddba797) auipc   a5, 0x3ddba
core   0: 3 0x80006228 (0x3ddba797) x15 0xbddc0228
core   0: 0x8000622c (0x40d607b3) sub     a5, a2, a3
core   0: 3 0x8000622c (0x40d607b3) x15 0x00000000
core   0: 0x80006230 (0x004fde33) srl     t3, t6, tp
core   0: 3 0x80006230 (0x004fde33) x28 0x00000001
core   0: 0x80006234 (0x01fe3633) sltu    a2, t3, t6
core   0: 3 0x80006234 (0x01fe3633) x12 0x00000001
core   0: 0x80006238 (0x01ee2eb3) slt     t4, t3, t5
core   0: 3 0x80006238 (0x01ee2eb3) x29 0x00000000
core   0: 0x8000623c (0x279f2193) slti    gp, t5, 633
core   0: 3 0x8000623c (0x279f2193) x3  0x00000001
core   0: 0x80006240 (0x0080b033) sltu    zero, ra, s0
core   0: 3 0x80006240 (0x0080b033)
core   0: 0x80006244 (0xf2ada393) slti    t2, s11, -214
core   0: 3 0x80006244 (0xf2ada393) x7  0x00000000
core   0: 0x80006248 (0x00000013) nop
core   0: 3 0x80006248 (0x00000013)
core   0: 0x8000624c (0x00a08733) add     a4, ra, a0
core   0: 3 0x8000624c (0x00a08733) x14 0x80014e64
core   0: 0x80006250 (0xa1ec3893) sltiu   a7, s8, -1506
core   0: 3 0x80006250 (0xa1ec3893) x17 0x00000001
core   0: 0x80006254 (0x2f480313) addi    t1, a6, 756
core   0: 3 0x80006254 (0x2f480313) x6  0x000002f4
core   0: 0x80006258 (0xa06db213) sltiu   tp, s11, -1530
core   0: 3 0x80006258 (0xa06db213) x4  0x00000001
core   0: 0x8000625c (0x0133dc13) srli    s8, t2, 19
core   0: 3 0x8000625c (0x0133dc13) x24 0x00000000
core   0: 0x80006260 (0x28ad4613) xori    a2, s10, 650
core   0: 3 0x80006260 (0x28ad4613) x12 0x0000028b
core   0: 0x80006264 (0xd036c037) lui     zero, 0xd036c
core   0: 3 0x80006264 (0xd036c037)
core   0: 0x80006268 (0xfcc5a913) slti    s2, a1, -52
core   0: 3 0x80006268 (0xfcc5a913) x18 0x00000001
core   0: 0x8000626c (0x41a3de33) sra     t3, t2, s10
core   0: 3 0x8000626c (0x41a3de33) x28 0x00000000
core   0: 0x80006270 (0x00831693) slli    a3, t1, 8
core   0: 3 0x80006270 (0x00831693) x13 0x0002f400
core   0: 0x80006274 (0x418c5713) srai    a4, s8, 24
core   0: 3 0x80006274 (0x418c5713) x14 0x00000000
core   0: 0x80006278 (0x00bc5593) srli    a1, s8, 11
core   0: 3 0x80006278 (0x00bc5593) x11 0x00000000
core   0: 0x8000627c (0x00d20733) add     a4, tp, a3
core   0: 3 0x8000627c (0x00d20733) x14 0x0002f401
core   0: 0x80006280 (0x00cfdab3) srl     s5, t6, a2
core   0: 3 0x80006280 (0x00cfdab3) x21 0x00189c66
core   0: 0x80006284 (0x211bc217) auipc   tp, 0x211bc
core   0: 3 0x80006284 (0x211bc217) x4  0xa11c2284
core   0: 0x80006288 (0x00b97eb3) and     t4, s2, a1
core   0: 3 0x80006288 (0x00b97eb3) x29 0x00000000
core   0: 0x8000628c (0x2f3eb613) sltiu   a2, t4, 755
core   0: 3 0x8000628c (0x2f3eb613) x12 0x00000001
core   0: 0x80006290 (0xef767613) andi    a2, a2, -265
core   0: 3 0x80006290 (0xef767613) x12 0x00000001
core   0: 0x80006294 (0x005146b3) xor     a3, sp, t0
core   0: 3 0x80006294 (0x005146b3) x13 0xd2381940
core   0: 0x80006298 (0x01e4e733) or      a4, s1, t5
core   0: 3 0x80006298 (0x01e4e733) x14 0xc10bece4
core   0: 0x8000629c (0x01d45613) srli    a2, s0, 29
core   0: 3 0x8000629c (0x01d45613) x12 0x00000006
core   0: 0x800062a0 (0x95d2e293) ori     t0, t0, -1699
core   0: 3 0x800062a0 (0x95d2e293) x5  0xfffff95d
core   0: 0x800062a4 (0x41710b33) sub     s6, sp, s7
core   0: 3 0x800062a4 (0x41710b33) x22 0x1d6de83f
core   0: 0x800062a8 (0x7e6f3493) sltiu   s1, t5, 2022
core   0: 3 0x800062a8 (0x7e6f3493) x9  0x00000000
core   0: 0x800062ac (0x8aabc913) xori    s2, s7, -1878
core   0: 3 0x800062ac (0x8aabc913) x18 0xfffff8ab
core   0: 0x800062b0 (0x40ca0233) sub     tp, s4, a2
core   0: 3 0x800062b0 (0x40ca0233) x4  0xfffffffa
core   0: 0x800062b4 (0x0155b733) sltu    a4, a1, s5
core   0: 3 0x800062b4 (0x0155b733) x14 0x00000001
core   0: 0x800062b8 (0x00582fb3) slt     t6, a6, t0
core   0: 3 0x800062b8 (0x00582fb3) x31 0x00000000
core   0: 0x800062bc (0x00000013) nop
core   0: 3 0x800062bc (0x00000013)
core   0: 0x800062c0 (0x00ae0933) add     s2, t3, a0
core   0: 3 0x800062c0 (0x00ae0933) x18 0x80014e64
core   0: 0x800062c4 (0x0004f833) and     a6, s1, zero
core   0: 3 0x800062c4 (0x0004f833) x16 0x00000000
core   0: 0x800062c8 (0x3310be13) sltiu   t3, ra, 817
core   0: 3 0x800062c8 (0x3310be13) x28 0x00000001
core   0: 0x800062cc (0x4106dc93) srai    s9, a3, 16
core   0: 3 0x800062cc (0x4106dc93) x25 0xffffd238
core   0: 0x800062d0 (0x00000013) nop
core   0: 3 0x800062d0 (0x00000013)
core   0: 0x800062d4 (0x4098d613) srai    a2, a7, 9
core   0: 3 0x800062d4 (0x4098d613) x12 0x00000000
core   0: 0x800062d8 (0x4007d833) sra     a6, a5, zero
core   0: 3 0x800062d8 (0x4007d833) x16 0x00000000
core   0: 0x800062dc (0x01549733) sll     a4, s1, s5
core   0: 3 0x800062dc (0x01549733) x14 0x00000000
core   0: 0x800062e0 (0x3193b693) sltiu   a3, t2, 793
core   0: 3 0x800062e0 (0x3193b693) x13 0x00000001
core   0: 0x800062e4 (0x013345b3) xor     a1, t1, s3
core   0: 3 0x800062e4 (0x013345b3) x11 0x000002fb
core   0: 0x800062e8 (0xbdcb2c17) auipc   s8, 0xbdcb2
core   0: 3 0x800062e8 (0xbdcb2c17) x24 0x3dcb82e8
core   0: 0x800062ec (0x6dbe7193) andi    gp, t3, 1755
core   0: 3 0x800062ec (0x6dbe7193) x3  0x00000001
core   0: 0x800062f0 (0x01f61213) slli    tp, a2, 31
core   0: 3 0x800062f0 (0x01f61213) x4  0x00000000
core   0: 0x800062f4 (0x00825b13) srli    s6, tp, 8
core   0: 3 0x800062f4 (0x00825b13) x22 0x00000000
core   0: 0x800062f8 (0x00000013) nop
core   0: 3 0x800062f8 (0x00000013)
core   0: 0x800062fc (0x00000013) nop
core   0: 3 0x800062fc (0x00000013)
core   0: 0x80006300 (0x405754b3) sra     s1, a4, t0
core   0: 3 0x80006300 (0x405754b3) x9  0x00000000
core   0: 0x80006304 (0x000b8733) add     a4, s7, zero
core   0: 3 0x80006304 (0x000b8733) x14 0x00000001
core   0: 0x80006308 (0x408adb33) sra     s6, s5, s0
core   0: 3 0x80006308 (0x408adb33) x22 0x0000000c
core   0: 0x8000630c (0x786b6b17) auipc   s6, 0x786b6
core   0: 3 0x8000630c (0x786b6b17) x22 0xf86bc30c
core   0: 0x80006310 (0x9d6cad13) slti    s10, s9, -1578
core   0: 3 0x80006310 (0x9d6cad13) x26 0x00000001
core   0: 0x80006314 (0x754d6393) ori     t2, s10, 1876
core   0: 3 0x80006314 (0x754d6393) x7  0x00000755
core   0: 0x80006318 (0x010aa133) slt     sp, s5, a6
core   0: 3 0x80006318 (0x010aa133) x2  0x00000000
core   0: 0x8000631c (0xe2783b13) sltiu   s6, a6, -473
core   0: 3 0x8000631c (0xe2783b13) x22 0x00000001
core   0: 0x80006320 (0x40d45b93) srai    s7, s0, 13
core   0: 3 0x80006320 (0x40d45b93) x23 0xfffe7aaf
core   0: 0x80006324 (0x40875793) srai    a5, a4, 8
core   0: 3 0x80006324 (0x40875793) x15 0x00000000
core   0: 0x80006328 (0x01c6a333) slt     t1, a3, t3
core   0: 3 0x80006328 (0x01c6a333) x6  0x00000000
core   0: 0x8000632c (0x003b7933) and     s2, s6, gp
core   0: 3 0x8000632c (0x003b7933) x18 0x00000001
core   0: 0x80006330 (0x4f5a8813) addi    a6, s5, 1269
core   0: 3 0x80006330 (0x4f5a8813) x16 0x0018a15b
core   0: 0x80006334 (0x40245b13) srai    s6, s0, 2
core   0: 3 0x80006334 (0x40245b13) x22 0xf3d57d24
core   0: 0x80006338 (0xbc95b293) sltiu   t0, a1, -1079
core   0: 3 0x80006338 (0xbc95b293) x5  0x00000001
core   0: 0x8000633c (0x01ab9113) slli    sp, s7, 26
core   0: 3 0x8000633c (0x01ab9113) x2  0xbc000000
core   0: 0x80006340 (0x01608033) add     zero, ra, s6
core   0: 3 0x80006340 (0x01608033)
core   0: 0x80006344 (0x0181b493) sltiu   s1, gp, 24
core   0: 3 0x80006344 (0x0181b493) x9  0x00000001
core   0: 0x80006348 (0x4d827913) andi    s2, tp, 1240
core   0: 3 0x80006348 (0x4d827913) x18 0x00000000
core   0: 0x8000634c (0x014ad313) srli    t1, s5, 20
core   0: 3 0x8000634c (0x014ad313) x6  0x00000001
core   0: 0x80006350 (0x8e8f81b7) lui     gp, 0x8e8f8
core   0: 3 0x80006350 (0x8e8f81b7) x3  0x8e8f8000
core   0: 0x80006354 (0xfe4df093) andi    ra, s11, -28
core   0: 3 0x80006354 (0xfe4df093) x1  0x00001d60
core   0: 0x80006358 (0x4179dd13) srai    s10, s3, 23
core   0: 3 0x80006358 (0x4179dd13) x26 0x00000000
core   0: 0x8000635c (0x41e05233) sra     tp, zero, t5
core   0: 3 0x8000635c (0x41e05233) x4  0x00000000
core   0: 0x80006360 (0x450b3013) sltiu   zero, s6, 1104
core   0: 3 0x80006360 (0x450b3013)
core   0: 0x80006364 (0x99daf313) andi    t1, s5, -1635
core   0: 3 0x80006364 (0x99daf313) x6  0x00189804
core   0: 0x80006368 (0x00388fb3) add     t6, a7, gp
core   0: 3 0x80006368 (0x00388fb3) x31 0x8e8f8001
core   0: 0x8000636c (0x00000013) nop
core   0: 3 0x8000636c (0x00000013)
core   0: 0x80006370 (0x013a4ab3) xor     s5, s4, s3
core   0: 3 0x80006370 (0x013a4ab3) x21 0x0000000f
core   0: 0x80006374 (0x008563b3) or      t2, a0, s0
core   0: 3 0x80006374 (0x008563b3) x7  0xcf55fef5
core   0: 0x80006378 (0x01778eb3) add     t4, a5, s7
core   0: 3 0x80006378 (0x01778eb3) x29 0xfffe7aaf
core   0: 0x8000637c (0x41838133) sub     sp, t2, s8
core   0: 3 0x8000637c (0x41838133) x2  0x918a7c0d
core   0: 0x80006380 (0x0565a893) slti    a7, a1, 86
core   0: 3 0x80006380 (0x0565a893) x17 0x00000000
core   0: 0x80006384 (0xc72ee237) lui     tp, 0xc72ee
core   0: 3 0x80006384 (0xc72ee237) x4  0xc72ee000
core   0: 0x80006388 (0x08414093) xori    ra, sp, 132
core   0: 3 0x80006388 (0x08414093) x1  0x918a7c89
core   0: 0x8000638c (0x012de3b3) or      t2, s11, s2
core   0: 3 0x8000638c (0x012de3b3) x7  0x00001d63
core   0: 0x80006390 (0x404a08b3) sub     a7, s4, tp
core   0: 3 0x80006390 (0x404a08b3) x17 0x38d12000
core   0: 0x80006394 (0x402fdab3) sra     s5, t6, sp
core   0: 3 0x80006394 (0x402fdab3) x21 0xfffc747c
core   0: 0x80006398 (0x41e18b33) sub     s6, gp, t5
core   0: 3 0x80006398 (0x41e18b33) x22 0x0e8df31c
core   0: 0x8000639c (0x00a62133) slt     sp, a2, a0
core   0: 3 0x8000639c (0x00a62133) x2  0x00000000
core   0: 0x800063a0 (0x413adf93) srai    t6, s5, 19
core   0: 3 0x800063a0 (0x413adf93) x31 0xffffffff
core   0: 0x800063a4 (0x862f7813) andi    a6, t5, -1950
core   0: 3 0x800063a4 (0x862f7813) x16 0x80018860
core   0: 0x800063a8 (0xfc666113) ori     sp, a2, -58
core   0: 3 0x800063a8 (0xfc666113) x2  0xffffffc6
core   0: 0x800063ac (0xc4fe8e93) addi    t4, t4, -945
core   0: 3 0x800063ac (0xc4fe8e93) x29 0xfffe76fe
core   0: 0x800063b0 (0x01bb66b3) or      a3, s6, s11
core   0: 3 0x800063b0 (0x01bb66b3) x13 0x0e8dff7f
core   0: 0x800063b4 (0x0141a0b3) slt     ra, gp, s4
core   0: 3 0x800063b4 (0x0141a0b3) x1  0x00000001
core   0: 0x800063b8 (0x01a6d813) srli    a6, a3, 26
core   0: 3 0x800063b8 (0x01a6d813) x16 0x00000003
core   0: 0x800063bc (0x00c6e5b3) or      a1, a3, a2
core   0: 3 0x800063bc (0x00c6e5b3) x11 0x0e8dff7f
core   0: 0x800063c0 (0x40215e93) srai    t4, sp, 2
core   0: 3 0x800063c0 (0x40215e93) x29 0xfffffff1
core   0: 0x800063c4 (0x00788933) add     s2, a7, t2
core   0: 3 0x800063c4 (0x00788933) x18 0x38d13d63
core   0: 0x800063c8 (0x5515cb13) xori    s6, a1, 1361
core   0: 3 0x800063c8 (0x5515cb13) x22 0x0e8dfa2e
core   0: 0x800063cc (0xbf6e7093) andi    ra, t3, -1034
core   0: 3 0x800063cc (0xbf6e7093) x1  0x00000000
core   0: 0x800063d0 (0xb9f34713) xori    a4, t1, -1121
core   0: 3 0x800063d0 (0xb9f34713) x14 0xffe7639b
core   0: 0x800063d4 (0x84168713) addi    a4, a3, -1983
core   0: 3 0x800063d4 (0x84168713) x14 0x0e8df7c0
core   0: 0x800063d8 (0x0173d793) srli    a5, t2, 23
core   0: 3 0x800063d8 (0x0173d793) x15 0x00000000
core   0: 0x800063dc (0x010c80b3) add     ra, s9, a6
core   0: 3 0x800063dc (0x010c80b3) x1  0xffffd23b
core   0: 0x800063e0 (0x804e2e13) slti    t3, t3, -2044
core   0: 3 0x800063e0 (0x804e2e13) x28 0x00000000
core   0: 0x800063e4 (0x0037c233) xor     tp, a5, gp
core   0: 3 0x800063e4 (0x0037c233) x4  0x8e8f8000
core   0: 0x800063e8 (0x006b47b3) xor     a5, s6, t1
core   0: 3 0x800063e8 (0x006b47b3) x15 0x0e95622a
core   0: 0x800063ec (0x015c64b3) or      s1, s8, s5
core   0: 3 0x800063ec (0x015c64b3) x9  0xfffff6fc
core   0: 0x800063f0 (0x00000013) nop
core   0: 3 0x800063f0 (0x00000013)
core   0: 0x800063f4 (0x013ecc33) xor     s8, t4, s3
core   0: 3 0x800063f4 (0x013ecc33) x24 0xfffffffe
core   0: 0x800063f8 (0x41f6d293) srai    t0, a3, 31
core   0: 3 0x800063f8 (0x41f6d293) x5  0x00000000
core   0: 0x800063fc (0x415b8ab3) sub     s5, s7, s5
core   0: 3 0x800063fc (0x415b8ab3) x21 0x00020633
core   0: 0x80006400 (0x55273113) sltiu   sp, a4, 1362
core   0: 3 0x80006400 (0x55273113) x2  0x00000000
core   0: 0x80006404 (0x018825b3) slt     a1, a6, s8
core   0: 3 0x80006404 (0x018825b3) x11 0x00000000
core   0: 0x80006408 (0x01e62eb3) slt     t4, a2, t5
core   0: 3 0x80006408 (0x01e62eb3) x29 0x00000000
core   0: 0x8000640c (0x5776b113) sltiu   sp, a3, 1399
core   0: 3 0x8000640c (0x5776b113) x2  0x00000000
core   0: 0x80006410 (0xa1403393) sltiu   t2, zero, -1516
core   0: 3 0x80006410 (0xa1403393) x7  0x00000001
core   0: 0x80006414 (0x015504b3) add     s1, a0, s5
core   0: 3 0x80006414 (0x015504b3) x9  0x80035497
core   0: 0x80006418 (0x956d8713) addi    a4, s11, -1706
core   0: 3 0x80006418 (0x956d8713) x14 0x000016b9
core   0: 0x8000641c (0x00dd1813) slli    a6, s10, 13
core   0: 3 0x8000641c (0x00dd1813) x16 0x00000000
core   0: 0x80006420 (0x00a61633) sll     a2, a2, a0
core   0: 3 0x80006420 (0x00a61633) x12 0x00000000
core   0: 0x80006424 (0x00274333) xor     t1, a4, sp
core   0: 3 0x80006424 (0x00274333) x6  0x000016b9
core   0: 0x80006428 (0x418f0e33) sub     t3, t5, s8
core   0: 3 0x80006428 (0x418f0e33) x28 0x80018ce6
core   0: 0x8000642c (0x9a4ca593) slti    a1, s9, -1628
core   0: 3 0x8000642c (0x9a4ca593) x11 0x00000001
core   0: 0x80006430 (0x015f9e93) slli    t4, t6, 21
core   0: 3 0x80006430 (0x015f9e93) x29 0xffe00000
core   0: 0x80006434 (0x16f40c13) addi    s8, s0, 367
core   0: 3 0x80006434 (0x16f40c13) x24 0xcf55f600
core   0: 0x80006438 (0x0015d313) srli    t1, a1, 1
core   0: 3 0x80006438 (0x0015d313) x6  0x00000000
core   0: 0x8000643c (0x0094f5b3) and     a1, s1, s1
core   0: 3 0x8000643c (0x0094f5b3) x11 0x80035497
core   0: 0x80006440 (0x00e21cb3) sll     s9, tp, a4
core   0: 3 0x80006440 (0x00e21cb3) x25 0x00000000
core   0: 0x80006444 (0x00000013) nop
core   0: 3 0x80006444 (0x00000013)
core   0: 0x80006448 (0x16a8b393) sltiu   t2, a7, 362
core   0: 3 0x80006448 (0x16a8b393) x7  0x00000000
core   0: 0x8000644c (0x014eb5b3) sltu    a1, t4, s4
core   0: 3 0x8000644c (0x014eb5b3) x11 0x00000000
core   0: 0x80006450 (0x00e41d93) slli    s11, s0, 14
core   0: 3 0x80006450 (0x00e41d93) x27 0x7d244000
core   0: 0x80006454 (0x00fa6033) or      zero, s4, a5
core   0: 3 0x80006454 (0x00fa6033)
core   0: 0x80006458 (0x00d35e93) srli    t4, t1, 13
core   0: 3 0x80006458 (0x00d35e93) x29 0x00000000
core   0: 0x8000645c (0x01e7dcb3) srl     s9, a5, t5
core   0: 3 0x8000645c (0x01e7dcb3) x25 0x00e95622
core   0: 0x80006460 (0xbd9f36b7) lui     a3, 0xbd9f3
core   0: 3 0x80006460 (0xbd9f36b7) x13 0xbd9f3000
core   0: 0x80006464 (0xdfe44593) xori    a1, s0, -514
core   0: 3 0x80006464 (0xdfe44593) x11 0x30aa096f
core   0: 0x80006468 (0x00000013) nop
core   0: 3 0x80006468 (0x00000013)
core   0: 0x8000646c (0x01049733) sll     a4, s1, a6
core   0: 3 0x8000646c (0x01049733) x14 0x80035497
core   0: 0x80006470 (0x409d02b3) sub     t0, s10, s1
core   0: 3 0x80006470 (0x409d02b3) x5  0x7ffcab69
core   0: 0x80006474 (0x00e6bc33) sltu    s8, a3, a4
core   0: 3 0x80006474 (0x00e6bc33) x24 0x00000000
core   0: 0x80006478 (0x5b1ea293) slti    t0, t4, 1457
core   0: 3 0x80006478 (0x5b1ea293) x5  0x00000001
core   0: 0x8000647c (0x00000013) nop
core   0: 3 0x8000647c (0x00000013)
core   0: 0x80006480 (0x00000013) nop
core   0: 3 0x80006480 (0x00000013)
core   0: 0x80006484 (0x9b1ccb93) xori    s7, s9, -1615
core   0: 3 0x80006484 (0x9b1ccb93) x23 0xff16af93
core   0: 0x80006488 (0x00a35593) srli    a1, t1, 10
core   0: 3 0x80006488 (0x00a35593) x11 0x00000000
core   0: 0x8000648c (0xc059f693) andi    a3, s3, -1019
core   0: 3 0x8000648c (0xc059f693) x13 0x00000005
core   0: 0x80006490 (0x00b07e33) and     t3, zero, a1
core   0: 3 0x80006490 (0x00b07e33) x28 0x00000000
core   0: 0x80006494 (0x00000013) nop
core   0: 3 0x80006494 (0x00000013)
core   0: 0x80006498 (0x69d86c93) ori     s9, a6, 1693
core   0: 3 0x80006498 (0x69d86c93) x25 0x0000069d
core   0: 0x8000649c (0xbe137813) andi    a6, t1, -1055
core   0: 3 0x8000649c (0xbe137813) x16 0x00000000
core   0: 0x800064a0 (0x2cb83293) sltiu   t0, a6, 715
core   0: 3 0x800064a0 (0x2cb83293) x5  0x00000001
core   0: 0x800064a4 (0x41f08733) sub     a4, ra, t6
core   0: 3 0x800064a4 (0x41f08733) x14 0xffffd23c
core   0: 0x800064a8 (0x00559793) slli    a5, a1, 5
core   0: 3 0x800064a8 (0x00559793) x15 0x00000000
core   0: 0x800064ac (0x418183b3) sub     t2, gp, s8
core   0: 3 0x800064ac (0x418183b3) x7  0x8e8f8000
core   0: 0x800064b0 (0x50042eb7) lui     t4, 0x50042
core   0: 3 0x800064b0 (0x50042eb7) x29 0x50042000
core   0: 0x800064b4 (0x0169fcb3) and     s9, s3, s6
core   0: 3 0x800064b4 (0x0169fcb3) x25 0x0000000e
core   0: 0x800064b8 (0x001c8333) add     t1, s9, ra
core   0: 3 0x800064b8 (0x001c8333) x6  0xffffd249
core   0: 0x800064bc (0x0077ab33) slt     s6, a5, t2
core   0: 3 0x800064bc (0x0077ab33) x22 0x00000000
core   0: 0x800064c0 (0x41f5d333) sra     t1, a1, t6
core   0: 3 0x800064c0 (0x41f5d333) x6  0x00000000
core   0: 0x800064c4 (0x011af3b3) and     t2, s5, a7
core   0: 3 0x800064c4 (0x011af3b3) x7  0x00000000
core   0: 0x800064c8 (0x01c01393) slli    t2, zero, 28
core   0: 3 0x800064c8 (0x01c01393) x7  0x00000000
core   0: 0x800064cc (0x00df1a13) slli    s4, t5, 13
core   0: 3 0x800064cc (0x00df1a13) x20 0x319c8000
core   0: 0x800064d0 (0x00704cb3) xor     s9, zero, t2
core   0: 3 0x800064d0 (0x00704cb3) x25 0x00000000
core   0: 0x800064d4 (0x10d7c113) xori    sp, a5, 269
core   0: 3 0x800064d4 (0x10d7c113) x2  0x0000010d
core   0: 0x800064d8 (0x00f84d33) xor     s10, a6, a5
core   0: 3 0x800064d8 (0x00f84d33) x26 0x00000000
core   0: 0x800064dc (0x6e75b793) sltiu   a5, a1, 1767
core   0: 3 0x800064dc (0x6e75b793) x15 0x00000001
core   0: 0x800064e0 (0x41db5b33) sra     s6, s6, t4
core   0: 3 0x800064e0 (0x41db5b33) x22 0x00000000
core   0: 0x800064e4 (0x01a99693) slli    a3, s3, 26
core   0: 3 0x800064e4 (0x01a99693) x13 0x3c000000
core   0: 0x800064e8 (0x39766e93) ori     t4, a2, 919
core   0: 3 0x800064e8 (0x39766e93) x29 0x00000397
core   0: 0x800064ec (0xfb0fe3b7) lui     t2, 0xfb0fe
core   0: 3 0x800064ec (0xfb0fe3b7) x7  0xfb0fe000
core   0: 0x800064f0 (0x00591c93) slli    s9, s2, 5
core   0: 3 0x800064f0 (0x00591c93) x25 0x1a27ac60
core   0: 0x800064f4 (0x0127b5b3) sltu    a1, a5, s2
core   0: 3 0x800064f4 (0x0127b5b3) x11 0x00000001
core   0: 0x800064f8 (0x001548b3) xor     a7, a0, ra
core   0: 3 0x800064f8 (0x001548b3) x17 0x7ffe9c5f
core   0: 0x800064fc (0x014c1013) slli    zero, s8, 20
core   0: 3 0x800064fc (0x014c1013)
core   0: 0x80006500 (0x014dcdb3) xor     s11, s11, s4
core   0: 3 0x80006500 (0x014dcdb3) x27 0x4cb8c000
core   0: 0x80006504 (0x9d133013) sltiu   zero, t1, -1583
core   0: 3 0x80006504 (0x9d133013)
core   0: 0x80006508 (0x004add13) srli    s10, s5, 4
core   0: 3 0x80006508 (0x004add13) x26 0x00002063
core   0: 0x8000650c (0x2a9d4713) xori    a4, s10, 681
core   0: 3 0x8000650c (0x2a9d4713) x14 0x000022ca
core   0: 0x80006510 (0x40c88bb3) sub     s7, a7, a2
core   0: 3 0x80006510 (0x40c88bb3) x23 0x7ffe9c5f
core   0: 0x80006514 (0x98fbb893) sltiu   a7, s7, -1649
core   0: 3 0x80006514 (0x98fbb893) x17 0x00000001
core   0: 0x80006518 (0x8ae4f713) andi    a4, s1, -1874
core   0: 3 0x80006518 (0x8ae4f713) x14 0x80035086
core   0: 0x8000651c (0x005f6bb3) or      s7, t5, t0
core   0: 3 0x8000651c (0x005f6bb3) x23 0x80018ce5
core   0: 0x80006520 (0x00bf7eb3) and     t4, t5, a1
core   0: 3 0x80006520 (0x00bf7eb3) x29 0x00000000
core   0: 0x80006524 (0x2685f413) andi    s0, a1, 616
core   0: 3 0x80006524 (0x2685f413) x8  0x00000000
core   0: 0x80006528 (0x4054ddb3) sra     s11, s1, t0
core   0: 3 0x80006528 (0x4054ddb3) x27 0xc001aa4b
core   0: 0x8000652c (0x01040db3) add     s11, s0, a6
core   0: 3 0x8000652c (0x01040db3) x27 0x00000000
core   0: 0x80006530 (0x00000013) nop
core   0: 3 0x80006530 (0x00000013)
core   0: 0x80006534 (0x409b8633) sub     a2, s7, s1
core   0: 3 0x80006534 (0x409b8633) x12 0xfffe384e
core   0: 0x80006538 (0x99b43a97) auipc   s5, 0x99b43
core   0: 3 0x80006538 (0x99b43a97) x21 0x19b49538
core   0: 0x8000653c (0x01129013) slli    zero, t0, 17
core   0: 3 0x8000653c (0x01129013)
core   0: 0x80006540 (0x506ba493) slti    s1, s7, 1286
core   0: 3 0x80006540 (0x506ba493) x9  0x00000001
core   0: 0x80006544 (0xbc843113) sltiu   sp, s0, -1080
core   0: 3 0x80006544 (0xbc843113) x2  0x00000001
core   0: 0x80006548 (0xe40de713) ori     a4, s11, -448
core   0: 3 0x80006548 (0xe40de713) x14 0xfffffe40
core   0: 0x8000654c (0x00c40eb3) add     t4, s0, a2
core   0: 3 0x8000654c (0x00c40eb3) x29 0xfffe384e
core   0: 0x80006550 (0x00233e33) sltu    t3, t1, sp
core   0: 3 0x80006550 (0x00233e33) x28 0x00000001
core   0: 0x80006554 (0x24f9cb93) xori    s7, s3, 591
core   0: 3 0x80006554 (0x24f9cb93) x23 0x00000240
core   0: 0x80006558 (0x01468233) add     tp, a3, s4
core   0: 3 0x80006558 (0x01468233) x4  0x6d9c8000
core   0: 0x8000655c (0x0012aeb3) slt     t4, t0, ra
core   0: 3 0x8000655c (0x0012aeb3) x29 0x00000000
core   0: 0x80006560 (0x01da3e33) sltu    t3, s4, t4
core   0: 3 0x80006560 (0x01da3e33) x28 0x00000000
core   0: 0x80006564 (0x007938b3) sltu    a7, s2, t2
core   0: 3 0x80006564 (0x007938b3) x17 0x00000001
core   0: 0x80006568 (0x0025a433) slt     s0, a1, sp
core   0: 3 0x80006568 (0x0025a433) x8  0x00000000
core   0: 0x8000656c (0x64068613) addi    a2, a3, 1600
core   0: 3 0x8000656c (0x64068613) x12 0x3c000640
core   0: 0x80006570 (0x5456fa13) andi    s4, a3, 1349
core   0: 3 0x80006570 (0x5456fa13) x20 0x00000000
core   0: 0x80006574 (0x346e2393) slti    t2, t3, 838
core   0: 3 0x80006574 (0x346e2393) x7  0x00000001
core   0: 0x80006578 (0x01f184b3) add     s1, gp, t6
core   0: 3 0x80006578 (0x01f184b3) x9  0x8e8f7fff
core   0: 0x8000657c (0x60538f93) addi    t6, t2, 1541
core   0: 3 0x8000657c (0x60538f93) x31 0x00000606
core   0: 0x80006580 (0x00c45493) srli    s1, s0, 12
core   0: 3 0x80006580 (0x00c45493) x9  0x00000000
core   0: 0x80006584 (0x00000013) nop
core   0: 3 0x80006584 (0x00000013)
core   0: 0x80006588 (0x01c48e33) add     t3, s1, t3
core   0: 3 0x80006588 (0x01c48e33) x28 0x00000000
core   0: 0x8000658c (0xf1e06893) ori     a7, zero, -226
core   0: 3 0x8000658c (0xf1e06893) x17 0xffffff1e
core   0: 0x80006590 (0x013e85b3) add     a1, t4, s3
core   0: 3 0x80006590 (0x013e85b3) x11 0x0000000f
core   0: 0x80006594 (0x00000013) nop
core   0: 3 0x80006594 (0x00000013)
core   0: 0x80006598 (0x0190b8b3) sltu    a7, ra, s9
core   0: 3 0x80006598 (0x0190b8b3) x17 0x00000000
core   0: 0x8000659c (0x684bb713) sltiu   a4, s7, 1668
core   0: 3 0x8000659c (0x684bb713) x14 0x00000001
core   0: 0x800065a0 (0x0fd17137) lui     sp, 0xfd17
core   0: 3 0x800065a0 (0x0fd17137) x2  0x0fd17000
core   0: 0x800065a4 (0x01bd62b3) or      t0, s10, s11
core   0: 3 0x800065a4 (0x01bd62b3) x5  0x00002063
core   0: 0x800065a8 (0x01498c33) add     s8, s3, s4
core   0: 3 0x800065a8 (0x01498c33) x24 0x0000000f
core   0: 0x800065ac (0xb9ba8a13) addi    s4, s5, -1125
core   0: 3 0x800065ac (0xb9ba8a13) x20 0x19b490d3
core   0: 0x800065b0 (0x41265033) sra     zero, a2, s2
core   0: 3 0x800065b0 (0x41265033)
core   0: 0x800065b4 (0x013a1413) slli    s0, s4, 19
core   0: 3 0x800065b4 (0x013a1413) x8  0x86980000
core   0: 0x800065b8 (0x41d95c13) srai    s8, s2, 29
core   0: 3 0x800065b8 (0x41d95c13) x24 0x00000001
core   0: 0x800065bc (0x013bb833) sltu    a6, s7, s3
core   0: 3 0x800065bc (0x013bb833) x16 0x00000000
core   0: 0x800065c0 (0x013cafb3) slt     t6, s9, s3
core   0: 3 0x800065c0 (0x013cafb3) x31 0x00000000
core   0: 0x800065c4 (0x7586b893) sltiu   a7, a3, 1880
core   0: 3 0x800065c4 (0x7586b893) x17 0x00000000
core   0: 0x800065c8 (0x00d19ab3) sll     s5, gp, a3
core   0: 3 0x800065c8 (0x00d19ab3) x21 0x8e8f8000
core   0: 0x800065cc (0x372d3093) sltiu   ra, s10, 882
core   0: 3 0x800065cc (0x372d3093) x1  0x00000000
core   0: 0x800065d0 (0x00000013) nop
core   0: 3 0x800065d0 (0x00000013)
core   0: 0x800065d4 (0xc49e4f93) xori    t6, t3, -951
core   0: 3 0x800065d4 (0xc49e4f93) x31 0xfffffc49
core   0: 0x800065d8 (0x404750b3) sra     ra, a4, tp
core   0: 3 0x800065d8 (0x404750b3) x1  0x00000001
core   0: 0x800065dc (0x013f8933) add     s2, t6, s3
core   0: 3 0x800065dc (0x013f8933) x18 0xfffffc58
core   0: 0x800065e0 (0x31cac213) xori    tp, s5, 796
core   0: 3 0x800065e0 (0x31cac213) x4  0x8e8f831c
core   0: 0x800065e4 (0x01b8d713) srli    a4, a7, 27
core   0: 3 0x800065e4 (0x01b8d713) x14 0x00000000
core   0: 0x800065e8 (0x013493b3) sll     t2, s1, s3
core   0: 3 0x800065e8 (0x013493b3) x7  0x00000000
core   0: 0x800065ec (0x001f4433) xor     s0, t5, ra
core   0: 3 0x800065ec (0x001f4433) x8  0x80018ce5
core   0: 0x800065f0 (0x004f1113) slli    sp, t5, 4
core   0: 3 0x800065f0 (0x004f1113) x2  0x0018ce40
core   0: 0x800065f4 (0x0152cc33) xor     s8, t0, s5
core   0: 3 0x800065f4 (0x0152cc33) x24 0x8e8fa063
core   0: 0x800065f8 (0x205bca17) auipc   s4, 0x205bc
core   0: 3 0x800065f8 (0x205bca17) x20 0xa05c25f8
core   0: 0x800065fc (0x015263b3) or      t2, tp, s5
core   0: 3 0x800065fc (0x015263b3) x7  0x8e8f831c
core   0: 0x80006600 (0x00000013) nop
core   0: 3 0x80006600 (0x00000013)
core   0: 0x80006604 (0x01ae5ab3) srl     s5, t3, s10
core   0: 3 0x80006604 (0x01ae5ab3) x21 0x00000000
core   0: 0x80006608 (0x00bd9833) sll     a6, s11, a1
core   0: 3 0x80006608 (0x00bd9833) x16 0x00000000
core   0: 0x8000660c (0x41dc5a13) srai    s4, s8, 29
core   0: 3 0x8000660c (0x41dc5a13) x20 0xfffffffc
core   0: 0x80006610 (0x0161f933) and     s2, gp, s6
core   0: 3 0x80006610 (0x0161f933) x18 0x00000000
core   0: 0x80006614 (0x8c9e4693) xori    a3, t3, -1847
core   0: 3 0x80006614 (0x8c9e4693) x13 0xfffff8c9
core   0: 0x80006618 (0x23e06b13) ori     s6, zero, 574
core   0: 3 0x80006618 (0x23e06b13) x22 0x0000023e
core   0: 0x8000661c (0x016abe33) sltu    t3, s5, s6
core   0: 3 0x8000661c (0x016abe33) x28 0x00000001
core   0: 0x80006620 (0x4f692d93) slti    s11, s2, 1270
core   0: 3 0x80006620 (0x4f692d93) x27 0x00000001
core   0: 0x80006624 (0x00419393) slli    t2, gp, 4
core   0: 3 0x80006624 (0x00419393) x7  0xe8f80000
core   0: 0x80006628 (0x00d77bb3) and     s7, a4, a3
core   0: 3 0x80006628 (0x00d77bb3) x23 0x00000000
core   0: 0x8000662c (0xb8bcf393) andi    t2, s9, -1141
core   0: 3 0x8000662c (0xb8bcf393) x7  0x1a27a800
core   0: 0x80006630 (0x498fef93) ori     t6, t6, 1176
core   0: 3 0x80006630 (0x498fef93) x31 0xfffffcd9
core   0: 0x80006634 (0x01376c33) or      s8, a4, s3
core   0: 3 0x80006634 (0x01376c33) x24 0x0000000f
core   0: 0x80006638 (0x41178db3) sub     s11, a5, a7
core   0: 3 0x80006638 (0x41178db3) x27 0x00000001
core   0: 0x8000663c (0x41f4d633) sra     a2, s1, t6
core   0: 3 0x8000663c (0x41f4d633) x12 0x00000000
core   0: 0x80006640 (0xd3d5b813) sltiu   a6, a1, -707
core   0: 3 0x80006640 (0xd3d5b813) x16 0x00000001
core   0: 0x80006644 (0x014893b3) sll     t2, a7, s4
core   0: 3 0x80006644 (0x014893b3) x7  0x00000000
core   0: 0x80006648 (0xf36f23b7) lui     t2, 0xf36f2
core   0: 3 0x80006648 (0xf36f23b7) x7  0xf36f2000
core   0: 0x8000664c (0x01329113) slli    sp, t0, 19
core   0: 3 0x8000664c (0x01329113) x2  0x03180000
core   0: 0x80006650 (0x00000013) nop
core   0: 3 0x80006650 (0x00000013)
core   0: 0x80006654 (0x94244613) xori    a2, s0, -1726
core   0: 3 0x80006654 (0x94244613) x12 0x7ffe75a7
core   0: 0x80006658 (0x41dc8ab3) sub     s5, s9, t4
core   0: 3 0x80006658 (0x41dc8ab3) x21 0x1a27ac60
core   0: 0x8000665c (0x004e0c33) add     s8, t3, tp
core   0: 3 0x8000665c (0x004e0c33) x24 0x8e8f831d
core   0: 0x80006660 (0x006556b3) srl     a3, a0, t1
core   0: 3 0x80006660 (0x006556b3) x13 0x80014e64
core   0: 0x80006664 (0x00071fb3) sll     t6, a4, zero
core   0: 3 0x80006664 (0x00071fb3) x31 0x00000000
core   0: 0x80006668 (0x01f5afb3) slt     t6, a1, t6
core   0: 3 0x80006668 (0x01f5afb3) x31 0x00000000
core   0: 0x8000666c (0xeb0a1917) auipc   s2, 0xeb0a1
core   0: 3 0x8000666c (0xeb0a1917) x18 0x6b0a766c
core   0: 0x80006670 (0x10860e93) addi    t4, a2, 264
core   0: 3 0x80006670 (0x10860e93) x29 0x7ffe76af
core   0: 0x80006674 (0x912e3813) sltiu   a6, t3, -1774
core   0: 3 0x80006674 (0x912e3813) x16 0x00000001
core   0: 0x80006678 (0x004a0c33) add     s8, s4, tp
core   0: 3 0x80006678 (0x004a0c33) x24 0x8e8f8318
core   0: 0x8000667c (0x0009eb33) or      s6, s3, zero
core   0: 3 0x8000667c (0x0009eb33) x22 0x0000000f
core   0: 0x80006680 (0xd9ffb493) sltiu   s1, t6, -609
core   0: 3 0x80006680 (0xd9ffb493) x9  0x00000001
core   0: 0x80006684 (0xf0b3ae13) slti    t3, t2, -245
core   0: 3 0x80006684 (0xf0b3ae13) x28 0x00000001
core   0: 0x80006688 (0x00fe6ab3) or      s5, t3, a5
core   0: 3 0x80006688 (0x00fe6ab3) x21 0x00000001
core   0: 0x8000668c (0xb112a413) slti    s0, t0, -1263
core   0: 3 0x8000668c (0xb112a413) x8  0x00000000
core   0: 0x80006690 (0x01a321b3) slt     gp, t1, s10
core   0: 3 0x80006690 (0x01a321b3) x3  0x00000001
core   0: 0x80006694 (0x403404b3) sub     s1, s0, gp
core   0: 3 0x80006694 (0x403404b3) x9  0xffffffff
core   0: 0x80006698 (0x009f3233) sltu    tp, t5, s1
core   0: 3 0x80006698 (0x009f3233) x4  0x00000001
core   0: 0x8000669c (0x01569b13) slli    s6, a3, 21
core   0: 3 0x8000669c (0x01569b13) x22 0xcc800000
core   0: 0x800066a0 (0xaf45a313) slti    t1, a1, -1292
core   0: 3 0x800066a0 (0xaf45a313) x6  0x00000000
core   0: 0x800066a4 (0x4117d133) sra     sp, a5, a7
core   0: 3 0x800066a4 (0x4117d133) x2  0x00000001
core   0: 0x800066a8 (0x01ce8833) add     a6, t4, t3
core   0: 3 0x800066a8 (0x01ce8833) x16 0x7ffe76b0
core   0: 0x800066ac (0x0008dd13) srli    s10, a7, 0
core   0: 3 0x800066ac (0x0008dd13) x26 0x00000000
core   0: 0x800066b0 (0x00382333) slt     t1, a6, gp
core   0: 3 0x800066b0 (0x00382333) x6  0x00000000
core   0: 0x800066b4 (0x0129b833) sltu    a6, s3, s2
core   0: 3 0x800066b4 (0x0129b833) x16 0x00000001
core   0: 0x800066b8 (0x3379a337) lui     t1, 0x3379a
core   0: 3 0x800066b8 (0x3379a337) x6  0x3379a000
core   0: 0x800066bc (0xaa4d3393) sltiu   t2, s10, -1372
core   0: 3 0x800066bc (0xaa4d3393) x7  0x00000001
core   0: 0x800066c0 (0x0156b133) sltu    sp, a3, s5
core   0: 3 0x800066c0 (0x0156b133) x2  0x00000000
core   0: 0x800066c4 (0xa7e62213) slti    tp, a2, -1410
core   0: 3 0x800066c4 (0xa7e62213) x4  0x00000000
core   0: 0x800066c8 (0x41985293) srai    t0, a6, 25
core   0: 3 0x800066c8 (0x41985293) x5  0x00000000
core   0: 0x800066cc (0x00e51a93) slli    s5, a0, 14
core   0: 3 0x800066cc (0x00e51a93) x21 0x53990000
core   0: 0x800066d0 (0x294a0593) addi    a1, s4, 660
core   0: 3 0x800066d0 (0x294a0593) x11 0x00000290
core   0: 0x800066d4 (0x52d13e13) sltiu   t3, sp, 1325
core   0: 3 0x800066d4 (0x52d13e13) x28 0x00000001
core   0: 0x800066d8 (0x419ad713) srai    a4, s5, 25
core   0: 3 0x800066d8 (0x419ad713) x14 0x00000029
core   0: 0x800066dc (0x67f4c413) xori    s0, s1, 1663
core   0: 3 0x800066dc (0x67f4c413) x8  0xfffff980
core   0: 0x800066e0 (0x0198a333) slt     t1, a7, s9
core   0: 3 0x800066e0 (0x0198a333) x6  0x00000001
core   0: 0x800066e4 (0x01076433) or      s0, a4, a6
core   0: 3 0x800066e4 (0x01076433) x8  0x00000029
core   0: 0x800066e8 (0x00099393) slli    t2, s3, 0
core   0: 3 0x800066e8 (0x00099393) x7  0x0000000f
core   0: 0x800066ec (0x00eb9833) sll     a6, s7, a4
core   0: 3 0x800066ec (0x00eb9833) x16 0x00000000
core   0: 0x800066f0 (0xfe9daab7) lui     s5, 0xfe9da
core   0: 3 0x800066f0 (0xfe9daab7) x21 0xfe9da000
core   0: 0x800066f4 (0x01a580b3) add     ra, a1, s10
core   0: 3 0x800066f4 (0x01a580b3) x1  0x00000290
core   0: 0x800066f8 (0x438af613) andi    a2, s5, 1080
core   0: 3 0x800066f8 (0x438af613) x12 0x00000000
core   0: 0x800066fc (0xe4c64893) xori    a7, a2, -436
core   0: 3 0x800066fc (0xe4c64893) x17 0xfffffe4c
core   0: 0x80006700 (0x2e5e0313) addi    t1, t3, 741
core   0: 3 0x80006700 (0x2e5e0313) x6  0x000002e6
core   0: 0x80006704 (0x6a2d3e13) sltiu   t3, s10, 1698
core   0: 3 0x80006704 (0x6a2d3e13) x28 0x00000001
core   0: 0x80006708 (0x40b7d093) srai    ra, a5, 11
core   0: 3 0x80006708 (0x40b7d093) x1  0x00000000
core   0: 0x8000670c (0x40cd5593) srai    a1, s10, 12
core   0: 3 0x8000670c (0x40cd5593) x11 0x00000000
core   0: 0x80006710 (0x01f4a633) slt     a2, s1, t6
core   0: 3 0x80006710 (0x01f4a633) x12 0x00000001
core   0: 0x80006714 (0x45078593) addi    a1, a5, 1104
core   0: 3 0x80006714 (0x45078593) x11 0x00000451
core   0: 0x80006718 (0x0125f133) and     sp, a1, s2
core   0: 3 0x80006718 (0x0125f133) x2  0x00000440
core   0: 0x8000671c (0x01f11a93) slli    s5, sp, 31
core   0: 3 0x8000671c (0x01f11a93) x21 0x00000000
core   0: 0x80006720 (0x00b161b3) or      gp, sp, a1
core   0: 3 0x80006720 (0x00b161b3) x3  0x00000451
core   0: 0x80006724 (0x4ccc3593) sltiu   a1, s8, 1228
core   0: 3 0x80006724 (0x4ccc3593) x11 0x00000000
core   0: 0x80006728 (0x015ceab3) or      s5, s9, s5
core   0: 3 0x80006728 (0x015ceab3) x21 0x1a27ac60
core   0: 0x8000672c (0x411ad593) srai    a1, s5, 17
core   0: 3 0x8000672c (0x411ad593) x11 0x00000d13
core   0: 0x80006730 (0xf5f00813) li      a6, -161
core   0: 3 0x80006730 (0xf5f00813) x16 0xffffff5f
core   0: 0x80006734 (0x01110d33) add     s10, sp, a7
core   0: 3 0x80006734 (0x01110d33) x26 0x0000028c
core   0: 0x80006738 (0x8390b213) sltiu   tp, ra, -1991
core   0: 3 0x80006738 (0x8390b213) x4  0x00000001
core   0: 0x8000673c (0xb35da193) slti    gp, s11, -1227
core   0: 3 0x8000673c (0xb35da193) x3  0x00000000
core   0: 0x80006740 (0x01101a13) slli    s4, zero, 17
core   0: 3 0x80006740 (0x01101a13) x20 0x00000000
core   0: 0x80006744 (0x017654b3) srl     s1, a2, s7
core   0: 3 0x80006744 (0x017654b3) x9  0x00000001
core   0: 0x80006748 (0x41ae08b3) sub     a7, t3, s10
core   0: 3 0x80006748 (0x41ae08b3) x17 0xfffffd75
core   0: 0x8000674c (0xfca73e97) auipc   t4, 0xfca73
core   0: 3 0x8000674c (0xfca73e97) x29 0x7ca7974c
core   0: 0x80006750 (0x33656a93) ori     s5, a0, 822
core   0: 3 0x80006750 (0x33656a93) x21 0x80014f76
core   0: 0x80006754 (0x01322b33) slt     s6, tp, s3
core   0: 3 0x80006754 (0x01322b33) x22 0x00000001
core   0: 0x80006758 (0x419add13) srai    s10, s5, 25
core   0: 3 0x80006758 (0x419add13) x26 0xffffffc0
core   0: 0x8000675c (0x1bf1c593) xori    a1, gp, 447
core   0: 3 0x8000675c (0x1bf1c593) x11 0x000001bf
core   0: 0x80006760 (0xe6a43d93) sltiu   s11, s0, -406
core   0: 3 0x80006760 (0xe6a43d93) x27 0x00000001
core   0: 0x80006764 (0x00080733) add     a4, a6, zero
core   0: 3 0x80006764 (0x00080733) x14 0xffffff5f
core   0: 0x80006768 (0x36e00097) auipc   ra, 0x36e00
core   0: 3 0x80006768 (0x36e00097) x1  0xb6e06768
core   0: 0x8000676c (0x406e5db3) sra     s11, t3, t1
core   0: 3 0x8000676c (0x406e5db3) x27 0x00000000
core   0: 0x80006770 (0x01b7feb3) and     t4, a5, s11
core   0: 3 0x80006770 (0x01b7feb3) x29 0x00000000
core   0: 0x80006774 (0x8019a913) slti    s2, s3, -2047
core   0: 3 0x80006774 (0x8019a913) x18 0x00000000
core   0: 0x80006778 (0x00000013) nop
core   0: 3 0x80006778 (0x00000013)
core   0: 0x8000677c (0x98044893) xori    a7, s0, -1664
core   0: 3 0x8000677c (0x98044893) x17 0xfffff9a9
core   0: 0x80006780 (0x000f45b3) xor     a1, t5, zero
core   0: 3 0x80006780 (0x000f45b3) x11 0x80018ce4
core   0: 0x80006784 (0x01797233) and     tp, s2, s7
core   0: 3 0x80006784 (0x01797233) x4  0x00000000
core   0: 0x80006788 (0x010ed7b3) srl     a5, t4, a6
core   0: 3 0x80006788 (0x010ed7b3) x15 0x00000000
core   0: 0x8000678c (0x00ececb3) or      s9, s9, a4
core   0: 3 0x8000678c (0x00ececb3) x25 0xffffff7f
core   0: 0x80006790 (0x404fd8b3) sra     a7, t6, tp
core   0: 3 0x80006790 (0x404fd8b3) x17 0x00000000
core   0: 0x80006794 (0xa0a47313) andi    t1, s0, -1526
core   0: 3 0x80006794 (0xa0a47313) x6  0x00000008
core   0: 0x80006798 (0xf0143793) sltiu   a5, s0, -255
core   0: 3 0x80006798 (0xf0143793) x15 0x00000001
core   0: 0x8000679c (0x00f2fab3) and     s5, t0, a5
core   0: 3 0x8000679c (0x00f2fab3) x21 0x00000000
core   0: 0x800067a0 (0x3bd70a13) addi    s4, a4, 957
core   0: 3 0x800067a0 (0x3bd70a13) x20 0x0000031c
core   0: 0x800067a4 (0x004f7c33) and     s8, t5, tp
core   0: 3 0x800067a4 (0x004f7c33) x24 0x00000000
core   0: 0x800067a8 (0x0001e5b3) or      a1, gp, zero
core   0: 3 0x800067a8 (0x0001e5b3) x11 0x00000000
core   0: 0x800067ac (0x0174bab3) sltu    s5, s1, s7
core   0: 3 0x800067ac (0x0174bab3) x21 0x00000000
core   0: 0x800067b0 (0x00261833) sll     a6, a2, sp
core   0: 3 0x800067b0 (0x00261833) x16 0x00000001
core   0: 0x800067b4 (0x17556c13) ori     s8, a0, 373
core   0: 3 0x800067b4 (0x17556c13) x24 0x80014f75
core   0: 0x800067b8 (0x00000013) nop
core   0: 3 0x800067b8 (0x00000013)
core   0: 0x800067bc (0x15d79637) lui     a2, 0x15d79
core   0: 3 0x800067bc (0x15d79637) x12 0x15d79000
core   0: 0x800067c0 (0x40fb8ab3) sub     s5, s7, a5
core   0: 3 0x800067c0 (0x40fb8ab3) x21 0xffffffff
core   0: 0x800067c4 (0x00ff5593) srli    a1, t5, 15
core   0: 3 0x800067c4 (0x00ff5593) x11 0x00010003
core   0: 0x800067c8 (0x009505b3) add     a1, a0, s1
core   0: 3 0x800067c8 (0x009505b3) x11 0x80014e65
core   0: 0x800067cc (0x015d5613) srli    a2, s10, 21
core   0: 3 0x800067cc (0x015d5613) x12 0x000007ff
core   0: 0x800067d0 (0x00cddeb3) srl     t4, s11, a2
core   0: 3 0x800067d0 (0x00cddeb3) x29 0x00000000
core   0: 0x800067d4 (0x017fa433) slt     s0, t6, s7
core   0: 3 0x800067d4 (0x017fa433) x8  0x00000000
core   0: 0x800067d8 (0x015e5c13) srli    s8, t3, 21
core   0: 3 0x800067d8 (0x015e5c13) x24 0x00000000
core   0: 0x800067dc (0x00000013) nop
core   0: 3 0x800067dc (0x00000013)
core   0: 0x800067e0 (0x01c31c33) sll     s8, t1, t3
core   0: 3 0x800067e0 (0x01c31c33) x24 0x00000010
core   0: 0x800067e4 (0xe2b66113) ori     sp, a2, -469
core   0: 3 0x800067e4 (0xe2b66113) x2  0xffffffff
core   0: 0x800067e8 (0x01d74db3) xor     s11, a4, t4
core   0: 3 0x800067e8 (0x01d74db3) x27 0xffffff5f
core   0: 0x800067ec (0x0d12bb37) lui     s6, 0xd12b
core   0: 3 0x800067ec (0x0d12bb37) x22 0x0d12b000
core   0: 0x800067f0 (0x013e0e33) add     t3, t3, s3
core   0: 3 0x800067f0 (0x013e0e33) x28 0x00000010
core   0: 0x800067f4 (0x00cdda93) srli    s5, s11, 12
core   0: 3 0x800067f4 (0x00cdda93) x21 0x000fffff
core   0: 0x800067f8 (0x10324a93) xori    s5, tp, 259
core   0: 3 0x800067f8 (0x10324a93) x21 0x00000103
core   0: 0x800067fc (0x545b2637) lui     a2, 0x545b2
core   0: 3 0x800067fc (0x545b2637) x12 0x545b2000
core   0: 0x80006800 (0x0120e633) or      a2, ra, s2
core   0: 3 0x80006800 (0x0120e633) x12 0xb6e06768
core   0: 0x80006804 (0x41415833) sra     a6, sp, s4
core   0: 3 0x80006804 (0x41415833) x16 0xffffffff
core   0: 0x80006808 (0x01909a13) slli    s4, ra, 25
core   0: 3 0x80006808 (0x01909a13) x20 0xd0000000
core   0: 0x8000680c (0x0178e433) or      s0, a7, s7
core   0: 3 0x8000680c (0x0178e433) x8  0x00000000
core   0: 0x80006810 (0x49828813) addi    a6, t0, 1176
core   0: 3 0x80006810 (0x49828813) x16 0x00000498
core   0: 0x80006814 (0x003da433) slt     s0, s11, gp
core   0: 3 0x80006814 (0x003da433) x8  0x00000001
core   0: 0x80006818 (0xe06b4ab7) lui     s5, 0xe06b4
core   0: 3 0x80006818 (0xe06b4ab7) x21 0xe06b4000
core   0: 0x8000681c (0x01883fb3) sltu    t6, a6, s8
core   0: 3 0x8000681c (0x01883fb3) x31 0x00000000
core   0: 0x80006820 (0x0f9b8497) auipc   s1, 0xf9b8
core   0: 3 0x80006820 (0x0f9b8497) x9  0x8f9be820
core   0: 0x80006824 (0x3c72b593) sltiu   a1, t0, 967
core   0: 3 0x80006824 (0x3c72b593) x11 0x00000001
core   0: 0x80006828 (0x5c9e1737) lui     a4, 0x5c9e1
core   0: 3 0x80006828 (0x5c9e1737) x14 0x5c9e1000
core   0: 0x8000682c (0x013cc2b3) xor     t0, s9, s3
core   0: 3 0x8000682c (0x013cc2b3) x5  0xffffff70
core   0: 0x80006830 (0x01ce3133) sltu    sp, t3, t3
core   0: 3 0x80006830 (0x01ce3133) x2  0x00000000
core   0: 0x80006834 (0x40a38d33) sub     s10, t2, a0
core   0: 3 0x80006834 (0x40a38d33) x26 0x7ffeb1ab
core   0: 0x80006838 (0x009b7bb3) and     s7, s6, s1
core   0: 3 0x80006838 (0x009b7bb3) x23 0x0d12a000
core   0: 0x8000683c (0x00a37733) and     a4, t1, a0
core   0: 3 0x8000683c (0x00a37733) x14 0x00000000
core   0: 0x80006840 (0x8a0ecc13) xori    s8, t4, -1888
core   0: 3 0x80006840 (0x8a0ecc13) x24 0xfffff8a0
core   0: 0x80006844 (0x0023c833) xor     a6, t2, sp
core   0: 3 0x80006844 (0x0023c833) x16 0x0000000f
core   0: 0x80006848 (0x45c1a013) slti    zero, gp, 1116
core   0: 3 0x80006848 (0x45c1a013)
core   0: 0x8000684c (0x0154fc33) and     s8, s1, s5
core   0: 3 0x8000684c (0x0154fc33) x24 0x800b4000
core   0: 0x80006850 (0x415205b3) sub     a1, tp, s5
core   0: 3 0x80006850 (0x415205b3) x11 0x1f94c000
core   0: 0x80006854 (0x01d81413) slli    s0, a6, 29
core   0: 3 0x80006854 (0x01d81413) x8  0xe0000000
core   0: 0x80006858 (0x01004333) xor     t1, zero, a6
core   0: 3 0x80006858 (0x01004333) x6  0x0000000f
core   0: 0x8000685c (0x011fd5b3) srl     a1, t6, a7
core   0: 3 0x8000685c (0x011fd5b3) x11 0x00000000
core   0: 0x80006860 (0x413757b3) sra     a5, a4, s3
core   0: 3 0x80006860 (0x413757b3) x15 0x00000000
core   0: 0x80006864 (0x00cd0933) add     s2, s10, a2
core   0: 3 0x80006864 (0x00cd0933) x18 0x36df1913
core   0: 0x80006868 (0x41660733) sub     a4, a2, s6
core   0: 3 0x80006868 (0x41660733) x14 0xa9cdb768
core   0: 0x8000686c (0x9008e213) ori     tp, a7, -1792
core   0: 3 0x8000686c (0x9008e213) x4  0xfffff900
core   0: 0x80006870 (0xd73e8013) addi    zero, t4, -653
core   0: 3 0x80006870 (0xd73e8013)
core   0: 0x80006874 (0x230b8a93) addi    s5, s7, 560
core   0: 3 0x80006874 (0x230b8a93) x21 0x0d12a230
core   0: 0x80006878 (0x01d3d113) srli    sp, t2, 29
core   0: 3 0x80006878 (0x01d3d113) x2  0x00000000
core   0: 0x8000687c (0xd082a597) auipc   a1, 0xd082a
core   0: 3 0x8000687c (0xd082a597) x11 0x5083087c
core   0: 0x80006880 (0x9212a613) slti    a2, t0, -1759
core   0: 3 0x80006880 (0x9212a613) x12 0x00000000
core   0: 0x80006884 (0x5a25c037) lui     zero, 0x5a25c
core   0: 3 0x80006884 (0x5a25c037)
core   0: 0x80006888 (0x00941293) slli    t0, s0, 9
core   0: 3 0x80006888 (0x00941293) x5  0x00000000
core   0: 0x8000688c (0x4140d613) srai    a2, ra, 20
core   0: 3 0x8000688c (0x4140d613) x12 0xfffffb6e
core   0: 0x80006890 (0x3da3e317) auipc   t1, 0x3da3e
core   0: 3 0x80006890 (0x3da3e317) x6  0xbda44890
core   0: 0x80006894 (0x216aa913) slti    s2, s5, 534
core   0: 3 0x80006894 (0x216aa913) x18 0x00000000
core   0: 0x80006898 (0xe27ebc93) sltiu   s9, t4, -473
core   0: 3 0x80006898 (0xe27ebc93) x25 0x00000001
core   0: 0x8000689c (0x0085e433) or      s0, a1, s0
core   0: 3 0x8000689c (0x0085e433) x8  0xf083087c
core   0: 0x800068a0 (0x00d04e33) xor     t3, zero, a3
core   0: 3 0x800068a0 (0x00d04e33) x28 0x80014e64
core   0: 0x800068a4 (0x40220db3) sub     s11, tp, sp
core   0: 3 0x800068a4 (0x40220db3) x27 0xfffff900
core   0: 0x800068a8 (0x011d15b3) sll     a1, s10, a7
core   0: 3 0x800068a8 (0x011d15b3) x11 0x7ffeb1ab
core   0: 0x800068ac (0x012f7433) and     s0, t5, s2
core   0: 3 0x800068ac (0x012f7433) x8  0x00000000
core   0: 0x800068b0 (0xafd82f97) auipc   t6, 0xafd82
core   0: 3 0x800068b0 (0xafd82f97) x31 0x2fd888b0
core   0: 0x800068b4 (0x6f87cb13) xori    s6, a5, 1784
core   0: 3 0x800068b4 (0x6f87cb13) x22 0x000006f8
core   0: 0x800068b8 (0x55714d13) xori    s10, sp, 1367
core   0: 3 0x800068b8 (0x55714d13) x26 0x00000557
core   0: 0x800068bc (0xcbc64313) xori    t1, a2, -836
core   0: 3 0x800068bc (0xcbc64313) x6  0x000007d2
core   0: 0x800068c0 (0x418d8cb3) sub     s9, s11, s8
core   0: 3 0x800068c0 (0x418d8cb3) x25 0x7ff4b900
core   0: 0x800068c4 (0x35123213) sltiu   tp, tp, 849
core   0: 3 0x800068c4 (0x35123213) x4  0x00000000
core   0: 0x800068c8 (0x009586b3) add     a3, a1, s1
core   0: 3 0x800068c8 (0x009586b3) x13 0x0f9a99cb
core   0: 0x800068cc (0x00307833) and     a6, zero, gp
core   0: 3 0x800068cc (0x00307833) x16 0x00000000
core   0: 0x800068d0 (0x00bf9893) slli    a7, t6, 11
core   0: 3 0x800068d0 (0x00bf9893) x17 0xc4458000
core   0: 0x800068d4 (0xb0088f93) addi    t6, a7, -1280
core   0: 3 0x800068d4 (0xb0088f93) x31 0xc4457b00
core   0: 0x800068d8 (0x4180d2b3) sra     t0, ra, s8
core   0: 3 0x800068d8 (0x4180d2b3) x5  0xb6e06768
core   0: 0x800068dc (0x64f20693) addi    a3, tp, 1615
core   0: 3 0x800068dc (0x64f20693) x13 0x0000064f
core   0: 0x800068e0 (0x00000013) nop
core   0: 3 0x800068e0 (0x00000013)
core   0: 0x800068e4 (0x41c45813) srai    a6, s0, 28
core   0: 3 0x800068e4 (0x41c45813) x16 0x00000000
core   0: 0x800068e8 (0x41cdeb93) ori     s7, s11, 1052
core   0: 3 0x800068e8 (0x41cdeb93) x23 0xfffffd1c
core   0: 0x800068ec (0xe75f3193) sltiu   gp, t5, -395
core   0: 3 0x800068ec (0xe75f3193) x3  0x00000001
core   0: 0x800068f0 (0x0043bbb3) sltu    s7, t2, tp
core   0: 3 0x800068f0 (0x0043bbb3) x23 0x00000000
core   0: 0x800068f4 (0x58d9d2b7) lui     t0, 0x58d9d
core   0: 3 0x800068f4 (0x58d9d2b7) x5  0x58d9d000
core   0: 0x800068f8 (0x8ac62313) slti    t1, a2, -1876
core   0: 3 0x800068f8 (0x8ac62313) x6  0x00000000
core   0: 0x800068fc (0x40595813) srai    a6, s2, 5
core   0: 3 0x800068fc (0x40595813) x16 0x00000000
core   0: 0x80006900 (0x1c474913) xori    s2, a4, 452
core   0: 3 0x80006900 (0x1c474913) x18 0xa9cdb6ac
core   0: 0x80006904 (0x002d20b3) slt     ra, s10, sp
core   0: 3 0x80006904 (0x002d20b3) x1  0x00000000
core   0: 0x80006908 (0x01500fb3) add     t6, zero, s5
core   0: 3 0x80006908 (0x01500fb3) x31 0x0d12a230
core   0: 0x8000690c (0x00f6e633) or      a2, a3, a5
core   0: 3 0x8000690c (0x00f6e633) x12 0x0000064f
core   0: 0x80006910 (0x6a108213) addi    tp, ra, 1697
core   0: 3 0x80006910 (0x6a108213) x4  0x000006a1
core   0: 0x80006914 (0x019ee5b3) or      a1, t4, s9
core   0: 3 0x80006914 (0x019ee5b3) x11 0x7ff4b900
core   0: 0x80006918 (0x00ff9fb3) sll     t6, t6, a5
core   0: 3 0x80006918 (0x00ff9fb3) x31 0x0d12a230
core   0: 0x8000691c (0xc25e1197) auipc   gp, 0xc25e1
core   0: 3 0x8000691c (0xc25e1197) x3  0x425e791c
core   0: 0x80006920 (0x00886db3) or      s11, a6, s0
core   0: 3 0x80006920 (0x00886db3) x27 0x00000000
core   0: 0x80006924 (0x00fa1d33) sll     s10, s4, a5
core   0: 3 0x80006924 (0x00fa1d33) x26 0xd0000000
core   0: 0x80006928 (0x40c80033) sub     zero, a6, a2
core   0: 3 0x80006928 (0x40c80033)
core   0: 0x8000692c (0x01b02233) slt     tp, zero, s11
core   0: 3 0x8000692c (0x01b02233) x4  0x00000000
core   0: 0x80006930 (0x011ea033) slt     zero, t4, a7
core   0: 3 0x80006930 (0x011ea033)
core   0: 0x80006934 (0xc01f3193) sltiu   gp, t5, -1023
core   0: 3 0x80006934 (0xc01f3193) x3  0x00000001
core   0: 0x80006938 (0x41d95d13) srai    s10, s2, 29
core   0: 3 0x80006938 (0x41d95d13) x26 0xfffffffd
core   0: 0x8000693c (0xf67eee13) ori     t3, t4, -153
core   0: 3 0x8000693c (0xf67eee13) x28 0xffffff67
core   0: 0x80006940 (0x4bc24017) auipc   zero, 0x4bc24
core   0: 3 0x80006940 (0x4bc24017)
core   0: 0x80006944 (0xa3743113) sltiu   sp, s0, -1481
core   0: 3 0x80006944 (0xa3743113) x2  0x00000001
core   0: 0x80006948 (0x41ced693) srai    a3, t4, 28
core   0: 3 0x80006948 (0x41ced693) x13 0x00000000
core   0: 0x8000694c (0x01520433) add     s0, tp, s5
core   0: 3 0x8000694c (0x01520433) x8  0x0d12a230
core   0: 0x80006950 (0x00000013) nop
core   0: 3 0x80006950 (0x00000013)
core   0: 0x80006954 (0x52396893) ori     a7, s2, 1315
core   0: 3 0x80006954 (0x52396893) x17 0xa9cdb7af
core   0: 0x80006958 (0x4e494713) xori    a4, s2, 1252
core   0: 3 0x80006958 (0x4e494713) x14 0xa9cdb248
core   0: 0x8000695c (0x189f3b93) sltiu   s7, t5, 393
core   0: 3 0x8000695c (0x189f3b93) x23 0x00000000
core   0: 0x80006960 (0xf97f6a13) ori     s4, t5, -105
core   0: 3 0x80006960 (0xf97f6a13) x20 0xfffffff7
core   0: 0x80006964 (0x01835113) srli    sp, t1, 24
core   0: 3 0x80006964 (0x01835113) x2  0x00000000
core   0: 0x80006968 (0x412c5a13) srai    s4, s8, 18
core   0: 3 0x80006968 (0x412c5a13) x20 0xffffe002
core   0: 0x8000696c (0xe5614e13) xori    t3, sp, -426
core   0: 3 0x8000696c (0xe5614e13) x28 0xfffffe56
core   0: 0x80006970 (0x00000013) nop
core   0: 3 0x80006970 (0x00000013)
core   0: 0x80006974 (0x012d5193) srli    gp, s10, 18
core   0: 3 0x80006974 (0x012d5193) x3  0x00003fff
core   0: 0x80006978 (0x019092b3) sll     t0, ra, s9
core   0: 3 0x80006978 (0x019092b3) x5  0x00000000
core   0: 0x8000697c (0x014ec133) xor     sp, t4, s4
core   0: 3 0x8000697c (0x014ec133) x2  0xffffe002
core   0: 0x80006980 (0x00ba85b3) add     a1, s5, a1
core   0: 3 0x80006980 (0x00ba85b3) x11 0x8d075b30
core   0: 0x80006984 (0x2a99b137) lui     sp, 0x2a99b
core   0: 3 0x80006984 (0x2a99b137) x2  0x2a99b000
core   0: 0x80006988 (0x90962a13) slti    s4, a2, -1783
core   0: 3 0x80006988 (0x90962a13) x20 0x00000000
core   0: 0x8000698c (0x5e0e3693) sltiu   a3, t3, 1504
core   0: 3 0x8000698c (0x5e0e3693) x13 0x00000000
core   0: 0x80006990 (0x4186d013) srai    zero, a3, 24
core   0: 3 0x80006990 (0x4186d013)
core   0: 0x80006994 (0x01757b33) and     s6, a0, s7
core   0: 3 0x80006994 (0x01757b33) x22 0x00000000
core   0: 0x80006998 (0x014d1233) sll     tp, s10, s4
core   0: 3 0x80006998 (0x014d1233) x4  0xfffffffd
core   0: 0x8000699c (0x3423ab93) slti    s7, t2, 834
core   0: 3 0x8000699c (0x3423ab93) x23 0x00000001
core   0: 0x800069a0 (0x1ee37b37) lui     s6, 0x1ee37
core   0: 3 0x800069a0 (0x1ee37b37) x22 0x1ee37000
core   0: 0x800069a4 (0xa5dfee13) ori     t3, t6, -1443
core   0: 3 0x800069a4 (0xa5dfee13) x28 0xfffffa7d
core   0: 0x800069a8 (0xb78b8c13) addi    s8, s7, -1160
core   0: 3 0x800069a8 (0xb78b8c13) x24 0xfffffb79
core   0: 0x800069ac (0x40aed413) srai    s0, t4, 10
core   0: 3 0x800069ac (0x40aed413) x8  0x00000000
core   0: 0x800069b0 (0x64d3e293) ori     t0, t2, 1613
core   0: 3 0x800069b0 (0x64d3e293) x5  0x0000064f
core   0: 0x800069b4 (0x012dc1b3) xor     gp, s11, s2
core   0: 3 0x800069b4 (0x012dc1b3) x3  0xa9cdb6ac
core   0: 0x800069b8 (0x00000013) nop
core   0: 3 0x800069b8 (0x00000013)
core   0: 0x800069bc (0x00c5c1b3) xor     gp, a1, a2
core   0: 3 0x800069bc (0x00c5c1b3) x3  0x8d075d7f
core   0: 0x800069c0 (0x400eb113) sltiu   sp, t4, 1024
core   0: 3 0x800069c0 (0x400eb113) x2  0x00000001
core   0: 0x800069c4 (0x40fd55b3) sra     a1, s10, a5
core   0: 3 0x800069c4 (0x40fd55b3) x11 0xfffffffd
core   0: 0x800069c8 (0x01f0ca33) xor     s4, ra, t6
core   0: 3 0x800069c8 (0x01f0ca33) x20 0x0d12a230
core   0: 0x800069cc (0xdcf4dbb7) lui     s7, 0xdcf4d
core   0: 3 0x800069cc (0xdcf4dbb7) x23 0xdcf4d000
core   0: 0x800069d0 (0x011f5293) srli    t0, t5, 17
core   0: 3 0x800069d0 (0x011f5293) x5  0x00004000
core   0: 0x800069d4 (0x00dd3a33) sltu    s4, s10, a3
core   0: 3 0x800069d4 (0x00dd3a33) x20 0x00000000
core   0: 0x800069d8 (0x01dc1e93) slli    t4, s8, 29
core   0: 3 0x800069d8 (0x01dc1e93) x29 0x20000000
core   0: 0x800069dc (0x01dddb33) srl     s6, s11, t4
core   0: 3 0x800069dc (0x01dddb33) x22 0x00000000
core   0: 0x800069e0 (0x004e7a33) and     s4, t3, tp
core   0: 3 0x800069e0 (0x004e7a33) x20 0xfffffa7d
core   0: 0x800069e4 (0x5af6b213) sltiu   tp, a3, 1455
core   0: 3 0x800069e4 (0x5af6b213) x4  0x00000001
core   0: 0x800069e8 (0x9bb6a037) lui     zero, 0x9bb6a
core   0: 3 0x800069e8 (0x9bb6a037)
core   0: 0x800069ec (0x41f4d413) srai    s0, s1, 31
core   0: 3 0x800069ec (0x41f4d413) x8  0xffffffff
core   0: 0x800069f0 (0xf518e593) ori     a1, a7, -175
core   0: 3 0x800069f0 (0xf518e593) x11 0xffffffff
core   0: 0x800069f4 (0x00048eb3) add     t4, s1, zero
core   0: 3 0x800069f4 (0x00048eb3) x29 0x8f9be820
core   0: 0x800069f8 (0x000cb7b3) sltu    a5, s9, zero
core   0: 3 0x800069f8 (0x000cb7b3) x15 0x00000000
core   0: 0x800069fc (0x006632b3) sltu    t0, a2, t1
core   0: 3 0x800069fc (0x006632b3) x5  0x00000000
core   0: 0x80006a00 (0xd1c9f693) andi    a3, s3, -740
core   0: 3 0x80006a00 (0xd1c9f693) x13 0x0000000c
core   0: 0x80006a04 (0x0026d213) srli    tp, a3, 2
core   0: 3 0x80006a04 (0x0026d213) x4  0x00000003
core   0: 0x80006a08 (0x67030813) addi    a6, t1, 1648
core   0: 3 0x80006a08 (0x67030813) x16 0x00000670
core   0: 0x80006a0c (0x004bb833) sltu    a6, s7, tp
core   0: 3 0x80006a0c (0x004bb833) x16 0x00000000
core   0: 0x80006a10 (0x7a4b4597) auipc   a1, 0x7a4b4
core   0: 3 0x80006a10 (0x7a4b4597) x11 0xfa4baa10
core   0: 0x80006a14 (0x0006ebb3) or      s7, a3, zero
core   0: 3 0x80006a14 (0x0006ebb3) x23 0x0000000c
core   0: 0x80006a18 (0x41045ab3) sra     s5, s0, a6
core   0: 3 0x80006a18 (0x41045ab3) x21 0xffffffff
core   0: 0x80006a1c (0x014a1713) slli    a4, s4, 20
core   0: 3 0x80006a1c (0x014a1713) x14 0xa7d00000
core   0: 0x80006a20 (0x0142cd33) xor     s10, t0, s4
core   0: 3 0x80006a20 (0x0142cd33) x26 0xfffffa7d
core   0: 0x80006a24 (0x01629893) slli    a7, t0, 22
core   0: 3 0x80006a24 (0x01629893) x17 0x00000000
core   0: 0x80006a28 (0x018a9233) sll     tp, s5, s8
core   0: 3 0x80006a28 (0x018a9233) x4  0xfe000000
core   0: 0x80006a2c (0x015f7133) and     sp, t5, s5
core   0: 3 0x80006a2c (0x015f7133) x2  0x80018ce4
core   0: 0x80006a30 (0x41c5d0b3) sra     ra, a1, t3
core   0: 3 0x80006a30 (0x41c5d0b3) x1  0xffffffff
core   0: 0x80006a34 (0x57228693) addi    a3, t0, 1394
core   0: 3 0x80006a34 (0x57228693) x13 0x00000572
core   0: 0x80006a38 (0x01354d33) xor     s10, a0, s3
core   0: 3 0x80006a38 (0x01354d33) x26 0x80014e6b
core   0: 0x80006a3c (0xa0dde093) ori     ra, s11, -1523
core   0: 3 0x80006a3c (0xa0dde093) x1  0xfffffa0d
core   0: 0x80006a40 (0x40b15bb3) sra     s7, sp, a1
core   0: 3 0x80006a40 (0x40b15bb3) x23 0xffff8001
core   0: 0x80006a44 (0x08643713) sltiu   a4, s0, 134
core   0: 3 0x80006a44 (0x08643713) x14 0x00000000
core   0: 0x80006a48 (0x9c27ed13) ori     s10, a5, -1598
core   0: 3 0x80006a48 (0x9c27ed13) x26 0xfffff9c2
core   0: 0x80006a4c (0x524ecc17) auipc   s8, 0x524ec
core   0: 3 0x80006a4c (0x524ecc17) x24 0xd24f2a4c
core   0: 0x80006a50 (0x52466393) ori     t2, a2, 1316
core   0: 3 0x80006a50 (0x52466393) x7  0x0000076f
core   0: 0x80006a54 (0x01585b93) srli    s7, a6, 21
core   0: 3 0x80006a54 (0x01585b93) x23 0x00000000
core   0: 0x80006a58 (0x003028b3) slt     a7, zero, gp
core   0: 3 0x80006a58 (0x003028b3) x17 0x00000000
core   0: 0x80006a5c (0x01c61113) slli    sp, a2, 28
core   0: 3 0x80006a5c (0x01c61113) x2  0xf0000000
core   0: 0x80006a60 (0x01880733) add     a4, a6, s8
core   0: 3 0x80006a60 (0x01880733) x14 0xd24f2a4c
core   0: 0x80006a64 (0x017b34b3) sltu    s1, s6, s7
core   0: 3 0x80006a64 (0x017b34b3) x9  0x00000000
core   0: 0x80006a68 (0x0a577a93) andi    s5, a4, 165
core   0: 3 0x80006a68 (0x0a577a93) x21 0x00000004
core   0: 0x80006a6c (0xb96c4413) xori    s0, s8, -1130
core   0: 3 0x80006a6c (0xb96c4413) x8  0x2db0d1da
core   0: 0x80006a70 (0x402988b3) sub     a7, s3, sp
core   0: 3 0x80006a70 (0x402988b3) x17 0x1000000f
core   0: 0x80006a74 (0x0194de13) srli    t3, s1, 25
core   0: 3 0x80006a74 (0x0194de13) x28 0x00000000
core   0: 0x80006a78 (0x40c981b3) sub     gp, s3, a2
core   0: 3 0x80006a78 (0x40c981b3) x3  0xfffff9c0
core   0: 0x80006a7c (0x0147f6b3) and     a3, a5, s4
core   0: 3 0x80006a7c (0x0147f6b3) x13 0x00000000
core   0: 0x80006a80 (0xc7f08d93) addi    s11, ra, -897
core   0: 3 0x80006a80 (0xc7f08d93) x27 0xfffff68c
core   0: 0x80006a84 (0x008d1713) slli    a4, s10, 8
core   0: 3 0x80006a84 (0x008d1713) x14 0xfff9c200
core   0: 0x80006a88 (0x11b3f093) andi    ra, t2, 283
core   0: 3 0x80006a88 (0x11b3f093) x1  0x0000010b
core   0: 0x80006a8c (0x0127ecb3) or      s9, a5, s2
core   0: 3 0x80006a8c (0x0127ecb3) x25 0xa9cdb6ac
core   0: 0x80006a90 (0x0052afb3) slt     t6, t0, t0
core   0: 3 0x80006a90 (0x0052afb3) x31 0x00000000
core   0: 0x80006a94 (0x00000013) nop
core   0: 3 0x80006a94 (0x00000013)
core   0: 0x80006a98 (0x41b25113) srai    sp, tp, 27
core   0: 3 0x80006a98 (0x41b25113) x2  0xffffffff
core   0: 0x80006a9c (0x015fd313) srli    t1, t6, 21
core   0: 3 0x80006a9c (0x015fd313) x6  0x00000000
core   0: 0x80006aa0 (0x41dad193) srai    gp, s5, 29
core   0: 3 0x80006aa0 (0x41dad193) x3  0x00000000
core   0: 0x80006aa4 (0x01ea6d33) or      s10, s4, t5
core   0: 3 0x80006aa4 (0x01ea6d33) x26 0xfffffefd
core   0: 0x80006aa8 (0x00c912b3) sll     t0, s2, a2
core   0: 3 0x80006aa8 (0x00c912b3) x5  0xdb560000
core   0: 0x80006aac (0xa381cd93) xori    s11, gp, -1480
core   0: 3 0x80006aac (0xa381cd93) x27 0xfffffa38
core   0: 0x80006ab0 (0x00000013) nop
core   0: 3 0x80006ab0 (0x00000013)
core   0: 0x80006ab4 (0x01832d33) slt     s10, t1, s8
core   0: 3 0x80006ab4 (0x01832d33) x26 0x00000000
core   0: 0x80006ab8 (0x019f1233) sll     tp, t5, s9
core   0: 3 0x80006ab8 (0x019f1233) x4  0x18ce4000
core   0: 0x80006abc (0x00aa21b3) slt     gp, s4, a0
core   0: 3 0x80006abc (0x00aa21b3) x3  0x00000000
core   0: 0x80006ac0 (0x41768c33) sub     s8, a3, s7
core   0: 3 0x80006ac0 (0x41768c33) x24 0x00000000
core   0: 0x80006ac4 (0x00c92633) slt     a2, s2, a2
core   0: 3 0x80006ac4 (0x00c92633) x12 0x00000001
core   0: 0x80006ac8 (0x401e5033) sra     zero, t3, ra
core   0: 3 0x80006ac8 (0x401e5033)
core   0: 0x80006acc (0x004e16b3) sll     a3, t3, tp
core   0: 3 0x80006acc (0x004e16b3) x13 0x00000000
core   0: 0x80006ad0 (0x0041d313) srli    t1, gp, 4
core   0: 3 0x80006ad0 (0x0041d313) x6  0x00000000
core   0: 0x80006ad4 (0x54109597) auipc   a1, 0x54109
core   0: 3 0x80006ad4 (0x54109597) x11 0xd410fad4
core   0: 0x80006ad8 (0x00dc3033) sltu    zero, s8, a3
core   0: 3 0x80006ad8 (0x00dc3033)
core   0: 0x80006adc (0xa70ec613) xori    a2, t4, -1424
core   0: 3 0x80006adc (0xa70ec613) x12 0x70641250
core   0: 0x80006ae0 (0x5f35b493) sltiu   s1, a1, 1523
core   0: 3 0x80006ae0 (0x5f35b493) x9  0x00000000
core   0: 0x80006ae4 (0x0153d693) srli    a3, t2, 21
core   0: 3 0x80006ae4 (0x0153d693) x13 0x00000000
core   0: 0x80006ae8 (0x415a57b3) sra     a5, s4, s5
core   0: 3 0x80006ae8 (0x415a57b3) x15 0xffffffa7
core   0: 0x80006aec (0x0fdbe737) lui     a4, 0xfdbe
core   0: 3 0x80006aec (0x0fdbe737) x14 0x0fdbe000
core   0: 0x80006af0 (0x7e843bb7) lui     s7, 0x7e843
core   0: 3 0x80006af0 (0x7e843bb7) x23 0x7e843000
core   0: 0x80006af4 (0x81a90713) addi    a4, s2, -2022
core   0: 3 0x80006af4 (0x81a90713) x14 0xa9cdaec6
core   0: 0x80006af8 (0x01abd1b3) srl     gp, s7, s10
core   0: 3 0x80006af8 (0x01abd1b3) x3  0x7e843000
core   0: 0x80006afc (0x674f3417) auipc   s0, 0x674f3
core   0: 3 0x80006afc (0x674f3417) x8  0xe74f9afc
core   0: 0x80006b00 (0x00d57033) and     zero, a0, a3
core   0: 3 0x80006b00 (0x00d57033)
core   0: 0x80006b04 (0x00da5cb3) srl     s9, s4, a3
core   0: 3 0x80006b04 (0x00da5cb3) x25 0xfffffa7d
core   0: 0x80006b08 (0x00127eb3) and     t4, tp, ra
core   0: 3 0x80006b08 (0x00127eb3) x29 0x00000000
core   0: 0x80006b0c (0xc5927e13) andi    t3, tp, -935
core   0: 3 0x80006b0c (0xc5927e13) x28 0x18ce4000
core   0: 0x80006b10 (0x00f018b3) sll     a7, zero, a5
core   0: 3 0x80006b10 (0x00f018b3) x17 0x00000000
core   0: 0x80006b14 (0x013ad0b3) srl     ra, s5, s3
core   0: 3 0x80006b14 (0x013ad0b3) x1  0x00000000
core   0: 0x80006b18 (0x0164f2b3) and     t0, s1, s6
core   0: 3 0x80006b18 (0x0164f2b3) x5  0x00000000
core   0: 0x80006b1c (0x9cd5cb13) xori    s6, a1, -1587
core   0: 3 0x80006b1c (0x9cd5cb13) x22 0x2bef0319
core   0: 0x80006b20 (0x4178d213) srai    tp, a7, 23
core   0: 3 0x80006b20 (0x4178d213) x4  0x00000000
core   0: 0x80006b24 (0x00e1bab3) sltu    s5, gp, a4
core   0: 3 0x80006b24 (0x00e1bab3) x21 0x00000001
core   0: 0x80006b28 (0x01139313) slli    t1, t2, 17
core   0: 3 0x80006b28 (0x01139313) x6  0x0ede0000
core   0: 0x80006b2c (0xe2b2e797) auipc   a5, 0xe2b2e
core   0: 3 0x80006b2c (0xe2b2e797) x15 0x62b34b2c
core   0: 0x80006b30 (0x01cd1c93) slli    s9, s10, 28
core   0: 3 0x80006b30 (0x01cd1c93) x25 0x00000000
core   0: 0x80006b34 (0x01f8ba33) sltu    s4, a7, t6
core   0: 3 0x80006b34 (0x01f8ba33) x20 0x00000000
core   0: 0x80006b38 (0x00d43433) sltu    s0, s0, a3
core   0: 3 0x80006b38 (0x00d43433) x8  0x00000000
core   0: 0x80006b3c (0x02653113) sltiu   sp, a0, 38
core   0: 3 0x80006b3c (0x02653113) x2  0x00000000
core   0: 0x80006b40 (0x4033dc93) srai    s9, t2, 3
core   0: 3 0x80006b40 (0x4033dc93) x25 0x000000ed
core   0: 0x80006b44 (0xc4bccb93) xori    s7, s9, -949
core   0: 3 0x80006b44 (0xc4bccb93) x23 0xfffffca6
core   0: 0x80006b48 (0xf7344193) xori    gp, s0, -141
core   0: 3 0x80006b48 (0xf7344193) x3  0xffffff73
core   0: 0x80006b4c (0x00b74c33) xor     s8, a4, a1
core   0: 3 0x80006b4c (0x00b74c33) x24 0x7ddd5412
core   0: 0x80006b50 (0x00712933) slt     s2, sp, t2
core   0: 3 0x80006b50 (0x00712933) x18 0x00000001
core   0: 0x80006b54 (0xaaf8bf93) sltiu   t6, a7, -1361
core   0: 3 0x80006b54 (0xaaf8bf93) x31 0x00000001
core   0: 0x80006b58 (0xe8538413) addi    s0, t2, -379
core   0: 3 0x80006b58 (0xe8538413) x8  0x000005f4
core   0: 0x80006b5c (0x01749f93) slli    t6, s1, 23
core   0: 3 0x80006b5c (0x01749f93) x31 0x00000000
core   0: 0x80006b60 (0xeb36b493) sltiu   s1, a3, -333
core   0: 3 0x80006b60 (0xeb36b493) x9  0x00000001
core   0: 0x80006b64 (0x2c472d13) slti    s10, a4, 708
core   0: 3 0x80006b64 (0x2c472d13) x26 0x00000001
core   0: 0x80006b68 (0xf5dc3713) sltiu   a4, s8, -163
core   0: 3 0x80006b68 (0xf5dc3713) x14 0x00000001
core   0: 0x80006b6c (0x35ac0793) addi    a5, s8, 858
core   0: 3 0x80006b6c (0x35ac0793) x15 0x7ddd576c
core   0: 0x80006b70 (0x0023b4b3) sltu    s1, t2, sp
core   0: 3 0x80006b70 (0x0023b4b3) x9  0x00000000
core   0: 0x80006b74 (0x00000013) nop
core   0: 3 0x80006b74 (0x00000013)
core   0: 0x80006b78 (0x011262b3) or      t0, tp, a7
core   0: 3 0x80006b78 (0x011262b3) x5  0x00000000
core   0: 0x80006b7c (0x00000013) nop
core   0: 3 0x80006b7c (0x00000013)
core   0: 0x80006b80 (0x41a902b3) sub     t0, s2, s10
core   0: 3 0x80006b80 (0x41a902b3) x5  0x00000000
core   0: 0x80006b84 (0x00945d13) srli    s10, s0, 9
core   0: 3 0x80006b84 (0x00945d13) x26 0x00000002
core   0: 0x80006b88 (0x40620b33) sub     s6, tp, t1
core   0: 3 0x80006b88 (0x40620b33) x22 0xf1220000
core   0: 0x80006b8c (0x01681133) sll     sp, a6, s6
core   0: 3 0x80006b8c (0x01681133) x2  0x00000000
core   0: 0x80006b90 (0x4056dd13) srai    s10, a3, 5
core   0: 3 0x80006b90 (0x4056dd13) x26 0x00000000
core   0: 0x80006b94 (0xb8e50a13) addi    s4, a0, -1138
core   0: 3 0x80006b94 (0xb8e50a13) x20 0x800149f2
core   0: 0x80006b98 (0x007e6cb3) or      s9, t3, t2
core   0: 3 0x80006b98 (0x007e6cb3) x25 0x18ce476f
core   0: 0x80006b9c (0x01789bb3) sll     s7, a7, s7
core   0: 3 0x80006b9c (0x01789bb3) x23 0x00000000
core   0: 0x80006ba0 (0xe8377593) andi    a1, a4, -381
core   0: 3 0x80006ba0 (0xe8377593) x11 0x00000001
core   0: 0x80006ba4 (0x01385693) srli    a3, a6, 19
core   0: 3 0x80006ba4 (0x01385693) x13 0x00000000
core   0: 0x80006ba8 (0x99847113) andi    sp, s0, -1640
core   0: 3 0x80006ba8 (0x99847113) x2  0x00000190
core   0: 0x80006bac (0x01941c93) slli    s9, s0, 25
core   0: 3 0x80006bac (0x01941c93) x25 0xe8000000
core   0: 0x80006bb0 (0x00291a93) slli    s5, s2, 2
core   0: 3 0x80006bb0 (0x00291a93) x21 0x00000004
core   0: 0x80006bb4 (0xb617ba13) sltiu   s4, a5, -1183
core   0: 3 0x80006bb4 (0xb617ba13) x20 0x00000001
core   0: 0x80006bb8 (0x011b43b3) xor     t2, s6, a7
core   0: 3 0x80006bb8 (0x011b43b3) x7  0xf1220000
core   0: 0x80006bbc (0x40a1d313) srai    t1, gp, 10
core   0: 3 0x80006bbc (0x40a1d313) x6  0xffffffff
core   0: 0x80006bc0 (0x4cf38a13) addi    s4, t2, 1231
core   0: 3 0x80006bc0 (0x4cf38a13) x20 0xf12204cf
core   0: 0x80006bc4 (0x83e37197) auipc   gp, 0x83e37
core   0: 3 0x80006bc4 (0x83e37197) x3  0x03e3dbc4
core   0: 0x80006bc8 (0x014c4eb3) xor     t4, s8, s4
core   0: 3 0x80006bc8 (0x014c4eb3) x29 0x8cff50dd
core   0: 0x80006bcc (0x00000013) nop
core   0: 3 0x80006bcc (0x00000013)
core   0: 0x80006bd0 (0x0107d093) srli    ra, a5, 16
core   0: 3 0x80006bd0 (0x0107d093) x1  0x00007ddd
core   0: 0x80006bd4 (0x0051beb3) sltu    t4, gp, t0
core   0: 3 0x80006bd4 (0x0051beb3) x29 0x00000000
core   0: 0x80006bd8 (0x40d5dd93) srai    s11, a1, 13
core   0: 3 0x80006bd8 (0x40d5dd93) x27 0x00000000
core   0: 0x80006bdc (0xc2a78113) addi    sp, a5, -982
core   0: 3 0x80006bdc (0xc2a78113) x2  0x7ddd5396
core   0: 0x80006be0 (0x7ff53a13) sltiu   s4, a0, 2047
core   0: 3 0x80006be0 (0x7ff53a13) x20 0x00000000
core   0: 0x80006be4 (0x40ddd033) sra     zero, s11, a3
core   0: 3 0x80006be4 (0x40ddd033)
core   0: 0x80006be8 (0x01f51413) slli    s0, a0, 31
core   0: 3 0x80006be8 (0x01f51413) x8  0x00000000
core   0: 0x80006bec (0x015457b3) srl     a5, s0, s5
core   0: 3 0x80006bec (0x015457b3) x15 0x00000000
core   0: 0x80006bf0 (0x00151d93) slli    s11, a0, 1
core   0: 3 0x80006bf0 (0x00151d93) x27 0x00029cc8
core   0: 0x80006bf4 (0x8b8da493) slti    s1, s11, -1864
core   0: 3 0x80006bf4 (0x8b8da493) x9  0x00000000
core   0: 0x80006bf8 (0x954eb797) auipc   a5, 0x954eb
core   0: 3 0x80006bf8 (0x954eb797) x15 0x154f1bf8
core   0: 0x80006bfc (0x008dba33) sltu    s4, s11, s0
core   0: 3 0x80006bfc (0x008dba33) x20 0x00000000
core   0: 0x80006c00 (0x017bbbb3) sltu    s7, s7, s7
core   0: 3 0x80006c00 (0x017bbbb3) x23 0x00000000
core   0: 0x80006c04 (0x01549ab3) sll     s5, s1, s5
core   0: 3 0x80006c04 (0x01549ab3) x21 0x00000000
core   0: 0x80006c08 (0x002e38b3) sltu    a7, t3, sp
core   0: 3 0x80006c08 (0x002e38b3) x17 0x00000001
core   0: 0x80006c0c (0xebfeff97) auipc   t6, 0xebfef
core   0: 3 0x80006c0c (0xebfeff97) x31 0x6bff5c0c
core   0: 0x80006c10 (0x5b35c893) xori    a7, a1, 1459
core   0: 3 0x80006c10 (0x5b35c893) x17 0x000005b2
core   0: 0x80006c14 (0x00a3eb33) or      s6, t2, a0
core   0: 3 0x80006c14 (0x00a3eb33) x22 0xf1234e64
core   0: 0x80006c18 (0x00dc06b3) add     a3, s8, a3
core   0: 3 0x80006c18 (0x00dc06b3) x13 0x7ddd5412
core   0: 0x80006c1c (0x01ab9db3) sll     s11, s7, s10
core   0: 3 0x80006c1c (0x01ab9db3) x27 0x00000000
core   0: 0x80006c20 (0x016f4d33) xor     s10, t5, s6
core   0: 3 0x80006c20 (0x016f4d33) x26 0x7122c280
core   0: 0x80006c24 (0xec4a4913) xori    s2, s4, -316
core   0: 3 0x80006c24 (0xec4a4913) x18 0xfffffec4
core   0: 0x80006c28 (0x5cbb2613) slti    a2, s6, 1483
core   0: 3 0x80006c28 (0x5cbb2613) x12 0x00000001
core   0: 0x80006c2c (0x012495b3) sll     a1, s1, s2
core   0: 3 0x80006c2c (0x012495b3) x11 0x00000000
core   0: 0x80006c30 (0x2ec43593) sltiu   a1, s0, 748
core   0: 3 0x80006c30 (0x2ec43593) x11 0x00000001
core   0: 0x80006c34 (0xe3020713) addi    a4, tp, -464
core   0: 3 0x80006c34 (0xe3020713) x14 0xfffffe30
core   0: 0x80006c38 (0xb333a113) slti    sp, t2, -1229
core   0: 3 0x80006c38 (0xb333a113) x2  0x00000001
core   0: 0x80006c3c (0x5d003c93) sltiu   s9, zero, 1488
core   0: 3 0x80006c3c (0x5d003c93) x25 0x00000001
core   0: 0x80006c40 (0x86a7e893) ori     a7, a5, -1942
core   0: 3 0x80006c40 (0x86a7e893) x17 0xfffffbfa
core   0: 0x80006c44 (0x8d606a17) auipc   s4, 0x8d606
core   0: 3 0x80006c44 (0x8d606a17) x20 0x0d60cc44
core   0: 0x80006c48 (0x00000013) nop
core   0: 3 0x80006c48 (0x00000013)
core   0: 0x80006c4c (0x41370933) sub     s2, a4, s3
core   0: 3 0x80006c4c (0x41370933) x18 0xfffffe21
core   0: 0x80006c50 (0x40fed133) sra     sp, t4, a5
core   0: 3 0x80006c50 (0x40fed133) x2  0x00000000
core   0: 0x80006c54 (0x40158d33) sub     s10, a1, ra
core   0: 3 0x80006c54 (0x40158d33) x26 0xffff8224
core   0: 0x80006c58 (0x439b8e93) addi    t4, s7, 1081
core   0: 3 0x80006c58 (0x439b8e93) x29 0x00000439
core   0: 0x80006c5c (0xb47af713) andi    a4, s5, -1209
core   0: 3 0x80006c5c (0xb47af713) x14 0x00000000
core   0: 0x80006c60 (0x40ded693) srai    a3, t4, 13
core   0: 3 0x80006c60 (0x40ded693) x13 0x00000000
core   0: 0x80006c64 (0x41a203b3) sub     t2, tp, s10
core   0: 3 0x80006c64 (0x41a203b3) x7  0x00007ddc
core   0: 0x80006c68 (0x3c20b413) sltiu   s0, ra, 962
core   0: 3 0x80006c68 (0x3c20b413) x8  0x00000000
core   0: 0x80006c6c (0x00f7cfb3) xor     t6, a5, a5
core   0: 3 0x80006c6c (0x00f7cfb3) x31 0x00000000
core   0: 0x80006c70 (0x41e1dc93) srai    s9, gp, 30
core   0: 3 0x80006c70 (0x41e1dc93) x25 0x00000000
core   0: 0x80006c74 (0x0034f933) and     s2, s1, gp
core   0: 3 0x80006c74 (0x0034f933) x18 0x00000000
core   0: 0x80006c78 (0x011a16b3) sll     a3, s4, a7
core   0: 3 0x80006c78 (0x011a16b3) x13 0x10000000
core   0: 0x80006c7c (0xca655b97) auipc   s7, 0xca655
core   0: 3 0x80006c7c (0xca655b97) x23 0x4a65bc7c
core   0: 0x80006c80 (0xf7d9aa93) slti    s5, s3, -131
core   0: 3 0x80006c80 (0xf7d9aa93) x21 0x00000000
core   0: 0x80006c84 (0x016dab33) slt     s6, s11, s6
core   0: 3 0x80006c84 (0x016dab33) x22 0x00000000
core   0: 0x80006c88 (0x004261b3) or      gp, tp, tp
core   0: 3 0x80006c88 (0x004261b3) x3  0x00000000
core   0: 0x80006c8c (0xb8406217) auipc   tp, 0xb8406
core   0: 3 0x80006c8c (0xb8406217) x4  0x3840cc8c
core   0: 0x80006c90 (0x404e8d33) sub     s10, t4, tp
core   0: 3 0x80006c90 (0x404e8d33) x26 0xc7bf37ad
core   0: 0x80006c94 (0x408905b3) sub     a1, s2, s0
core   0: 3 0x80006c94 (0x408905b3) x11 0x00000000
core   0: 0x80006c98 (0x00cbb733) sltu    a4, s7, a2
core   0: 3 0x80006c98 (0x00cbb733) x14 0x00000000
core   0: 0x80006c9c (0xc9daa093) slti    ra, s5, -867
core   0: 3 0x80006c9c (0xc9daa093) x1  0x00000000
core   0: 0x80006ca0 (0x8a52ca93) xori    s5, t0, -1883
core   0: 3 0x80006ca0 (0x8a52ca93) x21 0xfffff8a5
core   0: 0x80006ca4 (0x01999393) slli    t2, s3, 25
core   0: 3 0x80006ca4 (0x01999393) x7  0x1e000000
core   0: 0x80006ca8 (0x4135d5b3) sra     a1, a1, s3
core   0: 3 0x80006ca8 (0x4135d5b3) x11 0x00000000
core   0: 0x80006cac (0x41a857b3) sra     a5, a6, s10
core   0: 3 0x80006cac (0x41a857b3) x15 0x00000000
core   0: 0x80006cb0 (0x41a6d413) srai    s0, a3, 26
core   0: 3 0x80006cb0 (0x41a6d413) x8  0x00000004
core   0: 0x80006cb4 (0x41f5d613) srai    a2, a1, 31
core   0: 3 0x80006cb4 (0x41f5d613) x12 0x00000000
core   0: 0x80006cb8 (0x56403213) sltiu   tp, zero, 1380
core   0: 3 0x80006cb8 (0x56403213) x4  0x00000001
core   0: 0x80006cbc (0x41a6d633) sra     a2, a3, s10
core   0: 3 0x80006cbc (0x41a6d633) x12 0x00008000
core   0: 0x80006cc0 (0x00fe1933) sll     s2, t3, a5
core   0: 3 0x80006cc0 (0x00fe1933) x18 0x18ce4000
core   0: 0x80006cc4 (0x0094f433) and     s0, s1, s1
core   0: 3 0x80006cc4 (0x0094f433) x8  0x00000000
core   0: 0x80006cc8 (0xc52d6a13) ori     s4, s10, -942
core   0: 3 0x80006cc8 (0xc52d6a13) x20 0xffffffff
core   0: 0x80006ccc (0x010006b3) add     a3, zero, a6
core   0: 3 0x80006ccc (0x010006b3) x13 0x00000000
core   0: 0x80006cd0 (0x41c4db33) sra     s6, s1, t3
core   0: 3 0x80006cd0 (0x41c4db33) x22 0x00000000
core   0: 0x80006cd4 (0x01385193) srli    gp, a6, 19
core   0: 3 0x80006cd4 (0x01385193) x3  0x00000000
core   0: 0x80006cd8 (0x01f0d713) srli    a4, ra, 31
core   0: 3 0x80006cd8 (0x01f0d713) x14 0x00000000
core   0: 0x80006cdc (0x00f89b93) slli    s7, a7, 15
core   0: 3 0x80006cdc (0x00f89b93) x23 0xfdfd0000
core   0: 0x80006ce0 (0x01ce37b3) sltu    a5, t3, t3
core   0: 3 0x80006ce0 (0x01ce37b3) x15 0x00000000
core   0: 0x80006ce4 (0x410ade13) srai    t3, s5, 16
core   0: 3 0x80006ce4 (0x410ade13) x28 0xffffffff
core   0: 0x80006ce8 (0x40680933) sub     s2, a6, t1
core   0: 3 0x80006ce8 (0x40680933) x18 0x00000001
core   0: 0x80006cec (0x85c0f293) andi    t0, ra, -1956
core   0: 3 0x80006cec (0x85c0f293) x5  0x00000000
core   0: 0x80006cf0 (0x01179013) slli    zero, a5, 17
core   0: 3 0x80006cf0 (0x01179013)
core   0: 0x80006cf4 (0x01fd26b3) slt     a3, s10, t6
core   0: 3 0x80006cf4 (0x01fd26b3) x13 0x00000001
core   0: 0x80006cf8 (0x00d7dc93) srli    s9, a5, 13
core   0: 3 0x80006cf8 (0x00d7dc93) x25 0x00000000
core   0: 0x80006cfc (0x0f6dca93) xori    s5, s11, 246
core   0: 3 0x80006cfc (0x0f6dca93) x21 0x000000f6
core   0: 0x80006d00 (0x41498433) sub     s0, s3, s4
core   0: 3 0x80006d00 (0x41498433) x8  0x00000010
core   0: 0x80006d04 (0x40d9d413) srai    s0, s3, 13
core   0: 3 0x80006d04 (0x40d9d413) x8  0x00000000
core   0: 0x80006d08 (0x41515193) srai    gp, sp, 21
core   0: 3 0x80006d08 (0x41515193) x3  0x00000000
core   0: 0x80006d0c (0xcb467393) andi    t2, a2, -844
core   0: 3 0x80006d0c (0xcb467393) x7  0x00008000
core   0: 0x80006d10 (0x00855bb3) srl     s7, a0, s0
core   0: 3 0x80006d10 (0x00855bb3) x23 0x80014e64
core   0: 0x80006d14 (0xe1a54c13) xori    s8, a0, -486
core   0: 3 0x80006d14 (0xe1a54c13) x24 0x7ffeb07e
core   0: 0x80006d18 (0xd355d5b7) lui     a1, 0xd355d
core   0: 3 0x80006d18 (0xd355d5b7) x11 0xd355d000
core   0: 0x80006d1c (0x015a1e13) slli    t3, s4, 21
core   0: 3 0x80006d1c (0x015a1e13) x28 0xffe00000
core   0: 0x80006d20 (0x004d5093) srli    ra, s10, 4
core   0: 3 0x80006d20 (0x004d5093) x1  0x0c7bf37a
core   0: 0x80006d24 (0x01ee32b3) sltu    t0, t3, t5
core   0: 3 0x80006d24 (0x01ee32b3) x5  0x00000000
core   0: 0x80006d28 (0x006b68b3) or      a7, s6, t1
core   0: 3 0x80006d28 (0x006b68b3) x17 0xffffffff
core   0: 0x80006d2c (0x013e3433) sltu    s0, t3, s3
core   0: 3 0x80006d2c (0x013e3433) x8  0x00000000
core   0: 0x80006d30 (0x00cab633) sltu    a2, s5, a2
core   0: 3 0x80006d30 (0x00cab633) x12 0x00000001
core   0: 0x80006d34 (0x019a61b3) or      gp, s4, s9
core   0: 3 0x80006d34 (0x019a61b3) x3  0xffffffff
core   0: 0x80006d38 (0x00000013) nop
core   0: 3 0x80006d38 (0x00000013)
core   0: 0x80006d3c (0xdd3ea793) slti    a5, t4, -557
core   0: 3 0x80006d3c (0xdd3ea793) x15 0x00000000
core   0: 0x80006d40 (0x418cd013) srai    zero, s9, 24
core   0: 3 0x80006d40 (0x418cd013)
core   0: 0x80006d44 (0xead4b613) sltiu   a2, s1, -339
core   0: 3 0x80006d44 (0xead4b613) x12 0x00000001
core   0: 0x80006d48 (0x497e2293) slti    t0, t3, 1175
core   0: 3 0x80006d48 (0x497e2293) x5  0x00000001
core   0: 0x80006d4c (0x84de6b13) ori     s6, t3, -1971
core   0: 3 0x80006d4c (0x84de6b13) x22 0xfffff84d
core   0: 0x80006d50 (0x4136dc13) srai    s8, a3, 19
core   0: 3 0x80006d50 (0x4136dc13) x24 0x00000000
core   0: 0x80006d54 (0x00000013) nop
core   0: 3 0x80006d54 (0x00000013)
core   0: 0x80006d58 (0x70632093) slti    ra, t1, 1798
core   0: 3 0x80006d58 (0x70632093) x1  0x00000001
core   0: 0x80006d5c (0x00bedfb3) srl     t6, t4, a1
core   0: 3 0x80006d5c (0x00bedfb3) x31 0x00000439
core   0: 0x80006d60 (0x00539bb3) sll     s7, t2, t0
core   0: 3 0x80006d60 (0x00539bb3) x23 0x00010000
core   0: 0x80006d64 (0x0157de33) srl     t3, a5, s5
core   0: 3 0x80006d64 (0x0157de33) x28 0x00000000
core   0: 0x80006d68 (0x69833293) sltiu   t0, t1, 1688
core   0: 3 0x80006d68 (0x69833293) x5  0x00000000
core   0: 0x80006d6c (0xbba67d13) andi    s10, a2, -1094
core   0: 3 0x80006d6c (0xbba67d13) x26 0x00000000
core   0: 0x80006d70 (0x01f91b93) slli    s7, s2, 31
core   0: 3 0x80006d70 (0x01f91b93) x23 0x80000000
core   0: 0x80006d74 (0xe4187113) andi    sp, a6, -447
core   0: 3 0x80006d74 (0xe4187113) x2  0x00000000
core   0: 0x80006d78 (0x83018b13) addi    s6, gp, -2000
core   0: 3 0x80006d78 (0x83018b13) x22 0xfffff82f
core   0: 0x80006d7c (0xa6fbf813) andi    a6, s7, -1425
core   0: 3 0x80006d7c (0xa6fbf813) x16 0x80000000
core   0: 0x80006d80 (0x014ed833) srl     a6, t4, s4
core   0: 3 0x80006d80 (0x014ed833) x16 0x00000000
core   0: 0x80006d84 (0x927ee937) lui     s2, 0x927ee
core   0: 3 0x80006d84 (0x927ee937) x18 0x927ee000
core   0: 0x80006d88 (0x00d85293) srli    t0, a6, 13
core   0: 3 0x80006d88 (0x00d85293) x5  0x00000000
core   0: 0x80006d8c (0x0037ee33) or      t3, a5, gp
core   0: 3 0x80006d8c (0x0037ee33) x28 0xffffffff
core   0: 0x80006d90 (0xe6fb2013) slti    zero, s6, -401
core   0: 3 0x80006d90 (0xe6fb2013)
core   0: 0x80006d94 (0x017b6eb3) or      t4, s6, s7
core   0: 3 0x80006d94 (0x017b6eb3) x29 0xfffff82f
core   0: 0x80006d98 (0xd7cb6013) ori     zero, s6, -644
core   0: 3 0x80006d98 (0xd7cb6013)
core   0: 0x80006d9c (0x8f0ca213) slti    tp, s9, -1808
core   0: 3 0x80006d9c (0x8f0ca213) x4  0x00000000
core   0: 0x80006da0 (0x5e6b3f93) sltiu   t6, s6, 1510
core   0: 3 0x80006da0 (0x5e6b3f93) x31 0x00000000
core   0: 0x80006da4 (0xafd70337) lui     t1, 0xafd70
core   0: 3 0x80006da4 (0xafd70337) x6  0xafd70000
core   0: 0x80006da8 (0xc4de0b13) addi    s6, t3, -947
core   0: 3 0x80006da8 (0xc4de0b13) x22 0xfffffc4c
core   0: 0x80006dac (0x016a5133) srl     sp, s4, s6
core   0: 3 0x80006dac (0x016a5133) x2  0x000fffff
core   0: 0x80006db0 (0x00000013) nop
core   0: 3 0x80006db0 (0x00000013)
core   0: 0x80006db4 (0x43fadeb7) lui     t4, 0x43fad
core   0: 3 0x80006db4 (0x43fadeb7) x29 0x43fad000
core   0: 0x80006db8 (0x411cd593) srai    a1, s9, 17
core   0: 3 0x80006db8 (0x411cd593) x11 0x00000000
core   0: 0x80006dbc (0x00735913) srli    s2, t1, 7
core   0: 3 0x80006dbc (0x00735913) x18 0x015fae00
core   0: 0x80006dc0 (0x01d87233) and     tp, a6, t4
core   0: 3 0x80006dc0 (0x01d87233) x4  0x00000000
core   0: 0x80006dc4 (0x0002fb33) and     s6, t0, zero
core   0: 3 0x80006dc4 (0x0002fb33) x22 0x00000000
core   0: 0x80006dc8 (0x122aaa13) slti    s4, s5, 290
core   0: 3 0x80006dc8 (0x122aaa13) x20 0x00000001
core   0: 0x80006dcc (0x018b5933) srl     s2, s6, s8
core   0: 3 0x80006dcc (0x018b5933) x18 0x00000000
core   0: 0x80006dd0 (0x01af0a33) add     s4, t5, s10
core   0: 3 0x80006dd0 (0x01af0a33) x20 0x80018ce4
core   0: 0x80006dd4 (0x00bf6733) or      a4, t5, a1
core   0: 3 0x80006dd4 (0x00bf6733) x14 0x80018ce4
core   0: 0x80006dd8 (0x14b70bb7) lui     s7, 0x14b70
core   0: 3 0x80006dd8 (0x14b70bb7) x23 0x14b70000
core   0: 0x80006ddc (0x419707b3) sub     a5, a4, s9
core   0: 3 0x80006ddc (0x419707b3) x15 0x80018ce4
core   0: 0x80006de0 (0x01eadc13) srli    s8, s5, 30
core   0: 3 0x80006de0 (0x01eadc13) x24 0x00000000
core   0: 0x80006de4 (0xb3b6bd93) sltiu   s11, a3, -1221
core   0: 3 0x80006de4 (0xb3b6bd93) x27 0x00000001
core   0: 0x80006de8 (0x00547833) and     a6, s0, t0
core   0: 3 0x80006de8 (0x00547833) x16 0x00000000
core   0: 0x80006dec (0xaa4e6cb7) lui     s9, 0xaa4e6
core   0: 3 0x80006dec (0xaa4e6cb7) x25 0xaa4e6000
core   0: 0x80006df0 (0x93615917) auipc   s2, 0x93615
core   0: 3 0x80006df0 (0x93615917) x18 0x1361bdf0
core   0: 0x80006df4 (0x01344db3) xor     s11, s0, s3
core   0: 3 0x80006df4 (0x01344db3) x27 0x0000000f
core   0: 0x80006df8 (0x24de6413) ori     s0, t3, 589
core   0: 3 0x80006df8 (0x24de6413) x8  0xffffffff
core   0: 0x80006dfc (0x01995db3) srl     s11, s2, s9
core   0: 3 0x80006dfc (0x01995db3) x27 0x1361bdf0
core   0: 0x80006e00 (0x00000013) nop
core   0: 3 0x80006e00 (0x00000013)
core   0: 0x80006e04 (0x00511cb3) sll     s9, sp, t0
core   0: 3 0x80006e04 (0x00511cb3) x25 0x000fffff
core   0: 0x80006e08 (0x0067be33) sltu    t3, a5, t1
core   0: 3 0x80006e08 (0x0067be33) x28 0x00000001
core   0: 0x80006e0c (0x95bb4293) xori    t0, s6, -1701
core   0: 3 0x80006e0c (0x95bb4293) x5  0xfffff95b
core   0: 0x80006e10 (0xbfc3b293) sltiu   t0, t2, -1028
core   0: 3 0x80006e10 (0xbfc3b293) x5  0x00000001
core   0: 0x80006e14 (0x01598133) add     sp, s3, s5
core   0: 3 0x80006e14 (0x01598133) x2  0x00000105
core   0: 0x80006e18 (0x59d76d13) ori     s10, a4, 1437
core   0: 3 0x80006e18 (0x59d76d13) x26 0x80018dfd
core   0: 0x80006e1c (0x00fd03b3) add     t2, s10, a5
core   0: 3 0x80006e1c (0x00fd03b3) x7  0x00031ae1
core   0: 0x80006e20 (0x010d9733) sll     a4, s11, a6
core   0: 3 0x80006e20 (0x010d9733) x14 0x1361bdf0
core   0: 0x80006e24 (0x7c0ccc13) xori    s8, s9, 1984
core   0: 3 0x80006e24 (0x7c0ccc13) x24 0x000ff83f
core   0: 0x80006e28 (0x0c7ecb13) xori    s6, t4, 199
core   0: 3 0x80006e28 (0x0c7ecb13) x22 0x43fad0c7
core   0: 0x80006e2c (0x01d61693) slli    a3, a2, 29
core   0: 3 0x80006e2c (0x01d61693) x13 0x20000000
core   0: 0x80006e30 (0x006f9ab3) sll     s5, t6, t1
core   0: 3 0x80006e30 (0x006f9ab3) x21 0x00000000
core   0: 0x80006e34 (0x01431d13) slli    s10, t1, 20
core   0: 3 0x80006e34 (0x01431d13) x26 0x00000000
core   0: 0x80006e38 (0x015dc633) xor     a2, s11, s5
core   0: 3 0x80006e38 (0x015dc633) x12 0x1361bdf0
core   0: 0x80006e3c (0x5aff0613) addi    a2, t5, 1455
core   0: 3 0x80006e3c (0x5aff0613) x12 0x80019293
core   0: 0x80006e40 (0x013fee33) or      t3, t6, s3
core   0: 3 0x80006e40 (0x013fee33) x28 0x0000000f
core   0: 0x80006e44 (0x00000013) nop
core   0: 3 0x80006e44 (0x00000013)
core   0: 0x80006e48 (0x3894c293) xori    t0, s1, 905
core   0: 3 0x80006e48 (0x3894c293) x5  0x00000389
core   0: 0x80006e4c (0x0111b7b3) sltu    a5, gp, a7
core   0: 3 0x80006e4c (0x0111b7b3) x15 0x00000000
core   0: 0x80006e50 (0x017a65b3) or      a1, s4, s7
core   0: 3 0x80006e50 (0x017a65b3) x11 0x94b78ce4
core   0: 0x80006e54 (0x01ad4bb3) xor     s7, s10, s10
core   0: 3 0x80006e54 (0x01ad4bb3) x23 0x00000000
core   0: 0x80006e58 (0xe86a8613) addi    a2, s5, -378
core   0: 3 0x80006e58 (0xe86a8613) x12 0xfffffe86
core   0: 0x80006e5c (0xf9c9a593) slti    a1, s3, -100
core   0: 3 0x80006e5c (0xf9c9a593) x11 0x00000000
core   0: 0x80006e60 (0x00000013) nop
core   0: 3 0x80006e60 (0x00000013)
core   0: 0x80006e64 (0x009f9d33) sll     s10, t6, s1
core   0: 3 0x80006e64 (0x009f9d33) x26 0x00000000
core   0: 0x80006e68 (0x326ab393) sltiu   t2, s5, 806
core   0: 3 0x80006e68 (0x326ab393) x7  0x00000001
core   0: 0x80006e6c (0x41da0433) sub     s0, s4, t4
core   0: 3 0x80006e6c (0x41da0433) x8  0x3c06bce4
core   0: 0x80006e70 (0x01689133) sll     sp, a7, s6
core   0: 3 0x80006e70 (0x01689133) x2  0xffffff80
core   0: 0x80006e74 (0x784083b7) lui     t2, 0x78408
core   0: 3 0x80006e74 (0x784083b7) x7  0x78408000
core   0: 0x80006e78 (0xf54dfd17) auipc   s10, 0xf54df
core   0: 3 0x80006e78 (0xf54dfd17) x26 0x754e5e78
core   0: 0x80006e7c (0x9c1fea13) ori     s4, t6, -1599
core   0: 3 0x80006e7c (0x9c1fea13) x20 0xfffff9c1
core   0: 0x80006e80 (0x4081d433) sra     s0, gp, s0
core   0: 3 0x80006e80 (0x4081d433) x8  0xffffffff
core   0: 0x80006e84 (0x003f5a33) srl     s4, t5, gp
core   0: 3 0x80006e84 (0x003f5a33) x20 0x00000001
core   0: 0x80006e88 (0x012b5033) srl     zero, s6, s2
core   0: 3 0x80006e88 (0x012b5033)
core   0: 0x80006e8c (0x01c406b3) add     a3, s0, t3
core   0: 3 0x80006e8c (0x01c406b3) x13 0x0000000e
core   0: 0x80006e90 (0x0169fe33) and     t3, s3, s6
core   0: 3 0x80006e90 (0x0169fe33) x28 0x00000007
core   0: 0x80006e94 (0x00477e33) and     t3, a4, tp
core   0: 3 0x80006e94 (0x00477e33) x28 0x00000000
core   0: 0x80006e98 (0x00e343b3) xor     t2, t1, a4
core   0: 3 0x80006e98 (0x00e343b3) x7  0xbcb6bdf0
core   0: 0x80006e9c (0x38726213) ori     tp, tp, 903
core   0: 3 0x80006e9c (0x38726213) x4  0x00000387
core   0: 0x80006ea0 (0x01bbab33) slt     s6, s7, s11
core   0: 3 0x80006ea0 (0x01bbab33) x22 0x00000001
core   0: 0x80006ea4 (0x0105d433) srl     s0, a1, a6
core   0: 3 0x80006ea4 (0x0105d433) x8  0x00000000
core   0: 0x80006ea8 (0x01960c33) add     s8, a2, s9
core   0: 3 0x80006ea8 (0x01960c33) x24 0x000ffe85
core   0: 0x80006eac (0x3f2f4293) xori    t0, t5, 1010
core   0: 3 0x80006eac (0x3f2f4293) x5  0x80018f16
core   0: 0x80006eb0 (0x0176bd33) sltu    s10, a3, s7
core   0: 3 0x80006eb0 (0x0176bd33) x26 0x00000000
core   0: 0x80006eb4 (0xd791b293) sltiu   t0, gp, -647
core   0: 3 0x80006eb4 (0xd791b293) x5  0x00000000
core   0: 0x80006eb8 (0x006d81b3) add     gp, s11, t1
core   0: 3 0x80006eb8 (0x006d81b3) x3  0xc338bdf0
core   0: 0x80006ebc (0x0095f5b3) and     a1, a1, s1
core   0: 3 0x80006ebc (0x0095f5b3) x11 0x00000000
core   0: 0x80006ec0 (0x00e1d6b3) srl     a3, gp, a4
core   0: 3 0x80006ec0 (0x00e1d6b3) x13 0x0000c338
core   0: 0x80006ec4 (0x00bd70b3) and     ra, s10, a1
core   0: 3 0x80006ec4 (0x00bd70b3) x1  0x00000000
core   0: 0x80006ec8 (0x01f8d793) srli    a5, a7, 31
core   0: 3 0x80006ec8 (0x01f8d793) x15 0x00000001
core   0: 0x80006ecc (0x00000013) nop
core   0: 3 0x80006ecc (0x00000013)
core   0: 0x80006ed0 (0x8d74fa93) andi    s5, s1, -1833
core   0: 3 0x80006ed0 (0x8d74fa93) x21 0x00000000
core   0: 0x80006ed4 (0x41b082b3) sub     t0, ra, s11
core   0: 3 0x80006ed4 (0x41b082b3) x5  0xec9e4210
core   0: 0x80006ed8 (0x47cc2917) auipc   s2, 0x47cc2
core   0: 3 0x80006ed8 (0x47cc2917) x18 0xc7cc8ed8
core   0: 0x80006edc (0xfcc33793) sltiu   a5, t1, -52
core   0: 3 0x80006edc (0xfcc33793) x15 0x00000001
core   0: 0x80006ee0 (0xb21d0c13) addi    s8, s10, -1247
core   0: 3 0x80006ee0 (0xb21d0c13) x24 0xfffffb21
core   0: 0x80006ee4 (0x40765733) sra     a4, a2, t2
core   0: 3 0x80006ee4 (0x40765733) x14 0xffffffff
core   0: 0x80006ee8 (0x01788ab3) add     s5, a7, s7
core   0: 3 0x80006ee8 (0x01788ab3) x21 0xffffffff
core   0: 0x80006eec (0xbb2f8a13) addi    s4, t6, -1102
core   0: 3 0x80006eec (0xbb2f8a13) x20 0xfffffbb2
core   0: 0x80006ef0 (0x00d624b3) slt     s1, a2, a3
core   0: 3 0x80006ef0 (0x00d624b3) x9  0x00000001
core   0: 0x80006ef4 (0x40a80133) sub     sp, a6, a0
core   0: 3 0x80006ef4 (0x40a80133) x2  0x7ffeb19c
core   0: 0x80006ef8 (0x2d817393) andi    t2, sp, 728
core   0: 3 0x80006ef8 (0x2d817393) x7  0x00000098
core   0: 0x80006efc (0x01224fb3) xor     t6, tp, s2
core   0: 3 0x80006efc (0x01224fb3) x31 0xc7cc8d5f
core   0: 0x80006f00 (0xb4d50c93) addi    s9, a0, -1203
core   0: 3 0x80006f00 (0xb4d50c93) x25 0x800149b1
core   0: 0x80006f04 (0x00ed1693) slli    a3, s10, 14
core   0: 3 0x80006f04 (0x00ed1693) x13 0x00000000
core   0: 0x80006f08 (0x25642193) slti    gp, s0, 598
core   0: 3 0x80006f08 (0x25642193) x3  0x00000001
core   0: 0x80006f0c (0xca5e0113) addi    sp, t3, -859
core   0: 3 0x80006f0c (0xca5e0113) x2  0xfffffca5
core   0: 0x80006f10 (0x01172eb3) slt     t4, a4, a7
core   0: 3 0x80006f10 (0x01172eb3) x29 0x00000000
core   0: 0x80006f14 (0x3e802137) lui     sp, 0x3e802
core   0: 3 0x80006f14 (0x3e802137) x2  0x3e802000
core   0: 0x80006f18 (0x01071833) sll     a6, a4, a6
core   0: 3 0x80006f18 (0x01071833) x16 0xffffffff
core   0: 0x80006f1c (0xaf1fc713) xori    a4, t6, -1295
core   0: 3 0x80006f1c (0xaf1fc713) x14 0x383377ae
core   0: 0x80006f20 (0x5c1b3817) auipc   a6, 0x5c1b3
core   0: 3 0x80006f20 (0x5c1b3817) x16 0xdc1b9f20
core   0: 0x80006f24 (0x00ed1ab3) sll     s5, s10, a4
core   0: 3 0x80006f24 (0x00ed1ab3) x21 0x00000000
core   0: 0x80006f28 (0x006ed1b3) srl     gp, t4, t1
core   0: 3 0x80006f28 (0x006ed1b3) x3  0x00000000
core   0: 0x80006f2c (0x01431713) slli    a4, t1, 20
core   0: 3 0x80006f2c (0x01431713) x14 0x00000000
core   0: 0x80006f30 (0x412f0733) sub     a4, t5, s2
core   0: 3 0x80006f30 (0x412f0733) x14 0xb834fe0c
core   0: 0x80006f34 (0x00ead193) srli    gp, s5, 14
core   0: 3 0x80006f34 (0x00ead193) x3  0x00000000
core   0: 0x80006f38 (0x42b8ec13) ori     s8, a7, 1067
core   0: 3 0x80006f38 (0x42b8ec13) x24 0xffffffff
core   0: 0x80006f3c (0x01df23b3) slt     t2, t5, t4
core   0: 3 0x80006f3c (0x01df23b3) x7  0x00000001
core   0: 0x80006f40 (0x368b3413) sltiu   s0, s6, 872
core   0: 3 0x80006f40 (0x368b3413) x8  0x00000001
core   0: 0x80006f44 (0x00117733) and     a4, sp, ra
core   0: 3 0x80006f44 (0x00117733) x14 0x00000000
core   0: 0x80006f48 (0x00964eb3) xor     t4, a2, s1
core   0: 3 0x80006f48 (0x00964eb3) x29 0xfffffe87
core   0: 0x80006f4c (0x01f5dd13) srli    s10, a1, 31
core   0: 3 0x80006f4c (0x01f5dd13) x26 0x00000000
core   0: 0x80006f50 (0x001a91b3) sll     gp, s5, ra
core   0: 3 0x80006f50 (0x001a91b3) x3  0x00000000
core   0: 0x80006f54 (0x3aea6ab7) lui     s5, 0x3aea6
core   0: 3 0x80006f54 (0x3aea6ab7) x21 0x3aea6000
core   0: 0x80006f58 (0x01f79093) slli    ra, a5, 31
core   0: 3 0x80006f58 (0x01f79093) x1  0x80000000
core   0: 0x80006f5c (0xa54f7d13) andi    s10, t5, -1452
core   0: 3 0x80006f5c (0xa54f7d13) x26 0x80018844
core   0: 0x80006f60 (0x01eaa033) slt     zero, s5, t5
core   0: 3 0x80006f60 (0x01eaa033)
core   0: 0x80006f64 (0xf89a7017) auipc   zero, 0xf89a7
core   0: 3 0x80006f64 (0xf89a7017)
core   0: 0x80006f68 (0x118e3db7) lui     s11, 0x118e3
core   0: 3 0x80006f68 (0x118e3db7) x27 0x118e3000
core   0: 0x80006f6c (0xcf5e2497) auipc   s1, 0xcf5e2
core   0: 3 0x80006f6c (0xcf5e2497) x9  0x4f5e8f6c
core   0: 0x80006f70 (0x00168833) add     a6, a3, ra
core   0: 3 0x80006f70 (0x00168833) x16 0x80000000
core   0: 0x80006f74 (0x853562b7) lui     t0, 0x85356
core   0: 3 0x80006f74 (0x853562b7) x5  0x85356000
core   0: 0x80006f78 (0x006a32b3) sltu    t0, s4, t1
core   0: 3 0x80006f78 (0x006a32b3) x5  0x00000000
core   0: 0x80006f7c (0x018d1a33) sll     s4, s10, s8
core   0: 3 0x80006f7c (0x018d1a33) x20 0x00000000
core   0: 0x80006f80 (0x01a87733) and     a4, a6, s10
core   0: 3 0x80006f80 (0x01a87733) x14 0x80000000
core   0: 0x80006f84 (0x80c24817) auipc   a6, 0x80c24
core   0: 3 0x80006f84 (0x80c24817) x16 0x00c2af84
core   0: 0x80006f88 (0x91e67b13) andi    s6, a2, -1762
core   0: 3 0x80006f88 (0x91e67b13) x22 0xfffff806
core   0: 0x80006f8c (0x01eac1b3) xor     gp, s5, t5
core   0: 3 0x80006f8c (0x01eac1b3) x3  0xbaebece4
core   0: 0x80006f90 (0x16316e13) ori     t3, sp, 355
core   0: 3 0x80006f90 (0x16316e13) x28 0x3e802163
core   0: 0x80006f94 (0x4355fe13) andi    t3, a1, 1077
core   0: 3 0x80006f94 (0x4355fe13) x28 0x00000000
core   0: 0x80006f98 (0x5710d697) auipc   a3, 0x5710d
core   0: 3 0x80006f98 (0x5710d697) x13 0xd7113f98
core   0: 0x80006f9c (0x3ff5fc37) lui     s8, 0x3ff5f
core   0: 3 0x80006f9c (0x3ff5fc37) x24 0x3ff5f000
core   0: 0x80006fa0 (0x01181013) slli    zero, a6, 17
core   0: 3 0x80006fa0 (0x01181013)
core   0: 0x80006fa4 (0xd1514093) xori    ra, sp, -747
core   0: 3 0x80006fa4 (0xd1514093) x1  0xc17fdd15
core   0: 0x80006fa8 (0x01750d33) add     s10, a0, s7
core   0: 3 0x80006fa8 (0x01750d33) x26 0x80014e64
core   0: 0x80006fac (0x01c2e5b3) or      a1, t0, t3
core   0: 3 0x80006fac (0x01c2e5b3) x11 0x00000000
core   0: 0x80006fb0 (0xdc066693) ori     a3, a2, -576
core   0: 3 0x80006fb0 (0xdc066693) x13 0xffffffc6
core   0: 0x80006fb4 (0x0095b5b3) sltu    a1, a1, s1
core   0: 3 0x80006fb4 (0x0095b5b3) x11 0x00000001
core   0: 0x80006fb8 (0x4aa6f593) andi    a1, a3, 1194
core   0: 3 0x80006fb8 (0x4aa6f593) x11 0x00000482
core   0: 0x80006fbc (0x41d3d093) srai    ra, t2, 29
core   0: 3 0x80006fbc (0x41d3d093) x1  0x00000000
core   0: 0x80006fc0 (0x4108dab3) sra     s5, a7, a6
core   0: 3 0x80006fc0 (0x4108dab3) x21 0xffffffff
core   0: 0x80006fc4 (0x7eb76e13) ori     t3, a4, 2027
core   0: 3 0x80006fc4 (0x7eb76e13) x28 0x800007eb
core   0: 0x80006fc8 (0x0043c733) xor     a4, t2, tp
core   0: 3 0x80006fc8 (0x0043c733) x14 0x00000386
core   0: 0x80006fcc (0x41298133) sub     sp, s3, s2
core   0: 3 0x80006fcc (0x41298133) x2  0x38337137
core   0: 0x80006fd0 (0x0097d613) srli    a2, a5, 9
core   0: 3 0x80006fd0 (0x0097d613) x12 0x00000000
core   0: 0x80006fd4 (0x010c5a93) srli    s5, s8, 16
core   0: 3 0x80006fd4 (0x010c5a93) x21 0x00003ff5
core   0: 0x80006fd8 (0x00ccb8b3) sltu    a7, s9, a2
core   0: 3 0x80006fd8 (0x00ccb8b3) x17 0x00000000
core   0: 0x80006fdc (0x00000013) nop
core   0: 3 0x80006fdc (0x00000013)
core   0: 0x80006fe0 (0x1e1bc013) xori    zero, s7, 481
core   0: 3 0x80006fe0 (0x1e1bc013)
core   0: 0x80006fe4 (0x00000013) nop
core   0: 3 0x80006fe4 (0x00000013)
core   0: 0x80006fe8 (0x00b79813) slli    a6, a5, 11
core   0: 3 0x80006fe8 (0x00b79813) x16 0x00000800
core   0: 0x80006fec (0x5f02a437) lui     s0, 0x5f02a
core   0: 3 0x80006fec (0x5f02a437) x8  0x5f02a000
core   0: 0x80006ff0 (0x018064b3) or      s1, zero, s8
core   0: 3 0x80006ff0 (0x018064b3) x9  0x3ff5f000
core   0: 0x80006ff4 (0x3b68a2b7) lui     t0, 0x3b68a
core   0: 3 0x80006ff4 (0x3b68a2b7) x5  0x3b68a000
core   0: 0x80006ff8 (0x01508c33) add     s8, ra, s5
core   0: 3 0x80006ff8 (0x01508c33) x24 0x00003ff5
core   0: 0x80006ffc (0x3ac58b13) addi    s6, a1, 940
core   0: 3 0x80006ffc (0x3ac58b13) x22 0x0000082e
core   0: 0x80007000 (0xf0c807b7) lui     a5, 0xf0c80
core   0: 3 0x80007000 (0xf0c807b7) x15 0xf0c80000
core   0: 0x80007004 (0x00000013) nop
core   0: 3 0x80007004 (0x00000013)
core   0: 0x80007008 (0x0150edb3) or      s11, ra, s5
core   0: 3 0x80007008 (0x0150edb3) x27 0x00003ff5
core   0: 0x8000700c (0xf7f56197) auipc   gp, 0xf7f56
core   0: 3 0x8000700c (0xf7f56197) x3  0x77f5d00c
core   0: 0x80007010 (0x51d4c713) xori    a4, s1, 1309
core   0: 3 0x80007010 (0x51d4c713) x14 0x3ff5f51d
core   0: 0x80007014 (0x0108bc33) sltu    s8, a7, a6
core   0: 3 0x80007014 (0x0108bc33) x24 0x00000001
core   0: 0x80007018 (0x011cc6b3) xor     a3, s9, a7
core   0: 3 0x80007018 (0x011cc6b3) x13 0x800149b1
core   0: 0x8000701c (0x016cc2b3) xor     t0, s9, s6
core   0: 3 0x8000701c (0x016cc2b3) x5  0x8001419f
core   0: 0x80007020 (0x0091b033) sltu    zero, gp, s1
core   0: 3 0x80007020 (0x0091b033)
core   0: 0x80007024 (0x012a5833) srl     a6, s4, s2
core   0: 3 0x80007024 (0x012a5833) x16 0x00000000
core   0: 0x80007028 (0x01a846b3) xor     a3, a6, s10
core   0: 3 0x80007028 (0x01a846b3) x13 0x80014e64
core   0: 0x8000702c (0x014afcb3) and     s9, s5, s4
core   0: 3 0x8000702c (0x014afcb3) x25 0x00000000
core   0: 0x80007030 (0x012d47b3) xor     a5, s10, s2
core   0: 3 0x80007030 (0x012d47b3) x15 0x47cdc0bc
core   0: 0x80007034 (0x4196d733) sra     a4, a3, s9
core   0: 3 0x80007034 (0x4196d733) x14 0x80014e64
core   0: 0x80007038 (0x01d0d413) srli    s0, ra, 29
core   0: 3 0x80007038 (0x01d0d413) x8  0x00000000
core   0: 0x8000703c (0x00b04b33) xor     s6, zero, a1
core   0: 3 0x8000703c (0x00b04b33) x22 0x00000482
core   0: 0x80007040 (0xd02e4c93) xori    s9, t3, -766
core   0: 3 0x80007040 (0xd02e4c93) x25 0x7ffffae9
core   0: 0x80007044 (0x00679b33) sll     s6, a5, t1
core   0: 3 0x80007044 (0x00679b33) x22 0x47cdc0bc
core   0: 0x80007048 (0x7aca0c13) addi    s8, s4, 1964
core   0: 3 0x80007048 (0x7aca0c13) x24 0x000007ac
core   0: 0x8000704c (0x003bcb33) xor     s6, s7, gp
core   0: 3 0x8000704c (0x003bcb33) x22 0x77f5d00c
core   0: 0x80007050 (0x4c06f193) andi    gp, a3, 1216
core   0: 3 0x80007050 (0x4c06f193) x3  0x00000440
core   0: 0x80007054 (0x00000013) nop
core   0: 3 0x80007054 (0x00000013)
core   0: 0x80007058 (0x37867837) lui     a6, 0x37867
core   0: 3 0x80007058 (0x37867837) x16 0x37867000
core   0: 0x8000705c (0x01c91813) slli    a6, s2, 28
core   0: 3 0x8000705c (0x01c91813) x16 0x80000000
core   0: 0x80007060 (0x00000013) nop
core   0: 3 0x80007060 (0x00000013)
core   0: 0x80007064 (0x01fe73b3) and     t2, t3, t6
core   0: 3 0x80007064 (0x01fe73b3) x7  0x8000054b
core   0: 0x80007068 (0x00b7dc13) srli    s8, a5, 11
core   0: 3 0x80007068 (0x00b7dc13) x24 0x0008f9b8
core   0: 0x8000706c (0x405b5413) srai    s0, s6, 5
core   0: 3 0x8000706c (0x405b5413) x8  0x03bfae80
core   0: 0x80007070 (0x41385cb3) sra     s9, a6, s3
core   0: 3 0x80007070 (0x41385cb3) x25 0xffff0000
core   0: 0x80007074 (0x4a8461b7) lui     gp, 0x4a846
core   0: 3 0x80007074 (0x4a8461b7) x3  0x4a846000
core   0: 0x80007078 (0x0188d933) srl     s2, a7, s8
core   0: 3 0x80007078 (0x0188d933) x18 0x00000000
core   0: 0x8000707c (0x41f75893) srai    a7, a4, 31
core   0: 3 0x8000707c (0x41f75893) x17 0xffffffff
core   0: 0x80007080 (0xdb05cb93) xori    s7, a1, -592
core   0: 3 0x80007080 (0xdb05cb93) x23 0xfffff932
core   0: 0x80007084 (0x013fd433) srl     s0, t6, s3
core   0: 3 0x80007084 (0x013fd433) x8  0x00018f99
core   0: 0x80007088 (0x0115f8b3) and     a7, a1, a7
core   0: 3 0x80007088 (0x0115f8b3) x17 0x00000482
core   0: 0x8000708c (0x40965e13) srai    t3, a2, 9
core   0: 3 0x8000708c (0x40965e13) x28 0x00000000
core   0: 0x80007090 (0x98464293) xori    t0, a2, -1660
core   0: 3 0x80007090 (0x98464293) x5  0xfffff984
core   0: 0x80007094 (0x41405033) sra     zero, zero, s4
core   0: 3 0x80007094 (0x41405033)
core   0: 0x80007098 (0x41f50033) sub     zero, a0, t6
core   0: 3 0x80007098 (0x41f50033)
core   0: 0x8000709c (0x41595333) sra     t1, s2, s5
core   0: 3 0x8000709c (0x41595333) x6  0x00000000
core   0: 0x800070a0 (0xc8434d13) xori    s10, t1, -892
core   0: 3 0x800070a0 (0xc8434d13) x26 0xfffffc84
core   0: 0x800070a4 (0x0190c433) xor     s0, ra, s9
core   0: 3 0x800070a4 (0x0190c433) x8  0xffff0000
core   0: 0x800070a8 (0x002a9213) slli    tp, s5, 2
core   0: 3 0x800070a8 (0x002a9213) x4  0x0000ffd4
core   0: 0x800070ac (0xcf107f93) andi    t6, zero, -783
core   0: 3 0x800070ac (0xcf107f93) x31 0x00000000
core   0: 0x800070b0 (0x014b8a33) add     s4, s7, s4
core   0: 3 0x800070b0 (0x014b8a33) x20 0xfffff932
core   0: 0x800070b4 (0x00399c93) slli    s9, s3, 3
core   0: 3 0x800070b4 (0x00399c93) x25 0x00000078
core   0: 0x800070b8 (0x10356593) ori     a1, a0, 259
core   0: 3 0x800070b8 (0x10356593) x11 0x80014f67
core   0: 0x800070bc (0x7d3aeb93) ori     s7, s5, 2003
core   0: 3 0x800070bc (0x7d3aeb93) x23 0x00003ff7
core   0: 0x800070c0 (0xddfb1417) auipc   s0, 0xddfb1
core   0: 3 0x800070c0 (0xddfb1417) x8  0x5dfb80c0
core   0: 0x800070c4 (0x00000013) nop
core   0: 3 0x800070c4 (0x00000013)
core   0: 0x800070c8 (0x0e3be613) ori     a2, s7, 227
core   0: 3 0x800070c8 (0x0e3be613) x12 0x00003ff7
core   0: 0x800070cc (0x008c3633) sltu    a2, s8, s0
core   0: 3 0x800070cc (0x008c3633) x12 0x00000001
core   0: 0x800070d0 (0x013ccdb3) xor     s11, s9, s3
core   0: 3 0x800070d0 (0x013ccdb3) x27 0x00000077
core   0: 0x800070d4 (0x1d1ff937) lui     s2, 0x1d1ff
core   0: 3 0x800070d4 (0x1d1ff937) x18 0x1d1ff000
core   0: 0x800070d8 (0x00000013) nop
core   0: 3 0x800070d8 (0x00000013)
core   0: 0x800070dc (0x01ade833) or      a6, s11, s10
core   0: 3 0x800070dc (0x01ade833) x16 0xfffffcf7
core   0: 0x800070e0 (0x0062c3b3) xor     t2, t0, t1
core   0: 3 0x800070e0 (0x0062c3b3) x7  0xfffff984
core   0: 0x800070e4 (0x6bf6f813) andi    a6, a3, 1727
core   0: 3 0x800070e4 (0x6bf6f813) x16 0x00000624
core   0: 0x800070e8 (0x00b99b33) sll     s6, s3, a1
core   0: 3 0x800070e8 (0x00b99b33) x22 0x00000780
core   0: 0x800070ec (0xae600b93) li      s7, -1306
core   0: 3 0x800070ec (0xae600b93) x23 0xfffffae6
core   0: 0x800070f0 (0x299fcb13) xori    s6, t6, 665
core   0: 3 0x800070f0 (0x299fcb13) x22 0x00000299
core   0: 0x800070f4 (0x019e2033) slt     zero, t3, s9
core   0: 3 0x800070f4 (0x019e2033)
core   0: 0x800070f8 (0x019de633) or      a2, s11, s9
core   0: 3 0x800070f8 (0x019de633) x12 0x0000007f
core   0: 0x800070fc (0x0089d893) srli    a7, s3, 8
core   0: 3 0x800070fc (0x0089d893) x17 0x00000000
core   0: 0x80007100 (0x01349b33) sll     s6, s1, s3
core   0: 3 0x80007100 (0x01349b33) x22 0xf8000000
core   0: 0x80007104 (0x4192db13) srai    s6, t0, 25
core   0: 3 0x80007104 (0x4192db13) x22 0xffffffff
core   0: 0x80007108 (0x418c5233) sra     tp, s8, s8
core   0: 3 0x80007108 (0x418c5233) x4  0x00000000
core   0: 0x8000710c (0x01f40433) add     s0, s0, t6
core   0: 3 0x8000710c (0x01f40433) x8  0x5dfb80c0
core   0: 0x80007110 (0xde4fcb13) xori    s6, t6, -540
core   0: 3 0x80007110 (0xde4fcb13) x22 0xfffffde4
core   0: 0x80007114 (0x00000013) nop
core   0: 3 0x80007114 (0x00000013)
core   0: 0x80007118 (0x0087b7b3) sltu    a5, a5, s0
core   0: 3 0x80007118 (0x0087b7b3) x15 0x00000001
core   0: 0x8000711c (0x00000013) nop
core   0: 3 0x8000711c (0x00000013)
core   0: 0x80007120 (0xe2d87c93) andi    s9, a6, -467
core   0: 3 0x80007120 (0xe2d87c93) x25 0x00000624
core   0: 0x80007124 (0x00fb5b33) srl     s6, s6, a5
core   0: 3 0x80007124 (0x00fb5b33) x22 0x7ffffef2
core   0: 0x80007128 (0x015e17b3) sll     a5, t3, s5
core   0: 3 0x80007128 (0x015e17b3) x15 0x00000000
core   0: 0x8000712c (0x01b23fb3) sltu    t6, tp, s11
core   0: 3 0x8000712c (0x01b23fb3) x31 0x00000001
core   0: 0x80007130 (0x01916eb3) or      t4, sp, s9
core   0: 3 0x80007130 (0x01916eb3) x29 0x38337737
core   0: 0x80007134 (0x00c3ec33) or      s8, t2, a2
core   0: 3 0x80007134 (0x00c3ec33) x24 0xfffff9ff
core   0: 0x80007138 (0x00000013) nop
core   0: 3 0x80007138 (0x00000013)
core   0: 0x8000713c (0x4538cc13) xori    s8, a7, 1107
core   0: 3 0x8000713c (0x4538cc13) x24 0x00000453
core   0: 0x80007140 (0xa118a593) slti    a1, a7, -1519
core   0: 3 0x80007140 (0xa118a593) x11 0x00000000
core   0: 0x80007144 (0xfef4ad13) slti    s10, s1, -17
core   0: 3 0x80007144 (0xfef4ad13) x26 0x00000000
core   0: 0x80007148 (0x2e8bfe93) andi    t4, s7, 744
core   0: 3 0x80007148 (0x2e8bfe93) x29 0x000002e0
core   0: 0x8000714c (0x414dd793) srai    a5, s11, 20
core   0: 3 0x8000714c (0x414dd793) x15 0x00000000
core   0: 0x80007150 (0x02502213) slti    tp, zero, 37
core   0: 3 0x80007150 (0x02502213) x4  0x00000001
core   0: 0x80007154 (0x00000013) nop
core   0: 3 0x80007154 (0x00000013)
core   0: 0x80007158 (0x00f54633) xor     a2, a0, a5
core   0: 3 0x80007158 (0x00f54633) x12 0x80014e64
core   0: 0x8000715c (0x87f3e013) ori     zero, t2, -1921
core   0: 3 0x8000715c (0x87f3e013)
core   0: 0x80007160 (0x00d82733) slt     a4, a6, a3
core   0: 3 0x80007160 (0x00d82733) x14 0x00000000
core   0: 0x80007164 (0x00a0b133) sltu    sp, ra, a0
core   0: 3 0x80007164 (0x00a0b133) x2  0x00000001
core   0: 0x80007168 (0x01e15313) srli    t1, sp, 30
core   0: 3 0x80007168 (0x01e15313) x6  0x00000000
core   0: 0x8000716c (0xf9ec2b93) slti    s7, s8, -98
core   0: 3 0x8000716c (0xf9ec2b93) x23 0x00000000
core   0: 0x80007170 (0x9941afb7) lui     t6, 0x9941a
core   0: 3 0x80007170 (0x9941afb7) x31 0x9941a000
core   0: 0x80007174 (0xd5e9e297) auipc   t0, 0xd5e9e
core   0: 3 0x80007174 (0xd5e9e297) x5  0x55ea5174
core   0: 0x80007178 (0x008ed633) srl     a2, t4, s0
core   0: 3 0x80007178 (0x008ed633) x12 0x000002e0
core   0: 0x8000717c (0x010215b3) sll     a1, tp, a6
core   0: 3 0x8000717c (0x010215b3) x11 0x00000010
core   0: 0x80007180 (0xf4db15b7) lui     a1, 0xf4db1
core   0: 3 0x80007180 (0xf4db15b7) x11 0xf4db1000
core   0: 0x80007184 (0x4120d833) sra     a6, ra, s2
core   0: 3 0x80007184 (0x4120d833) x16 0x00000000
core   0: 0x80007188 (0x00000013) nop
core   0: 3 0x80007188 (0x00000013)
core   0: 0x8000718c (0x015a7bb3) and     s7, s4, s5
core   0: 3 0x8000718c (0x015a7bb3) x23 0x00003930
core   0: 0x80007190 (0x013518b3) sll     a7, a0, s3
core   0: 3 0x80007190 (0x013518b3) x17 0xa7320000
core   0: 0x80007194 (0x41fe5213) srai    tp, t3, 31
core   0: 3 0x80007194 (0x41fe5213) x4  0x00000000
core   0: 0x80007198 (0x0061e1b3) or      gp, gp, t1
core   0: 3 0x80007198 (0x0061e1b3) x3  0x4a846000
core   0: 0x8000719c (0x00000013) nop
core   0: 3 0x8000719c (0x00000013)
core   0: 0x800071a0 (0x9d497c93) andi    s9, s2, -1580
core   0: 3 0x800071a0 (0x9d497c93) x25 0x1d1ff000
core   0: 0x800071a4 (0x002987b3) add     a5, s3, sp
core   0: 3 0x800071a4 (0x002987b3) x15 0x00000010
core   0: 0x800071a8 (0xbc497a13) andi    s4, s2, -1084
core   0: 3 0x800071a8 (0xbc497a13) x20 0x1d1ff000
core   0: 0x800071ac (0xc592a697) auipc   a3, 0xc592a
core   0: 3 0x800071ac (0xc592a697) x13 0x459311ac
core   0: 0x800071b0 (0x017268b3) or      a7, tp, s7
core   0: 3 0x800071b0 (0x017268b3) x17 0x00003930
core   0: 0x800071b4 (0x428c8a17) auipc   s4, 0x428c8
core   0: 3 0x800071b4 (0x428c8a17) x20 0xc28cf1b4
core   0: 0x800071b8 (0xf7facc97) auipc   s9, 0xf7fac
core   0: 3 0x800071b8 (0xf7facc97) x25 0x77fb31b8
core   0: 0x800071bc (0x0158dab3) srl     s5, a7, s5
core   0: 3 0x800071bc (0x0158dab3) x21 0x00000000
core   0: 0x800071c0 (0x00ddd5b3) srl     a1, s11, a3
core   0: 3 0x800071c0 (0x00ddd5b3) x11 0x00000000
core   0: 0x800071c4 (0x06cd0013) addi    zero, s10, 108
core   0: 3 0x800071c4 (0x06cd0013)
core   0: 0x800071c8 (0x4099dcb3) sra     s9, s3, s1
core   0: 3 0x800071c8 (0x4099dcb3) x25 0x0000000f
core   0: 0x800071cc (0x4ba86f97) auipc   t6, 0x4ba86
core   0: 3 0x800071cc (0x4ba86f97) x31 0xcba8d1cc
core   0: 0x800071d0 (0x253afe13) andi    t3, s5, 595
core   0: 3 0x800071d0 (0x253afe13) x28 0x00000000
core   0: 0x800071d4 (0x32d7ee93) ori     t4, a5, 813
core   0: 3 0x800071d4 (0x32d7ee93) x29 0x0000033d
core   0: 0x800071d8 (0xa0887213) andi    tp, a6, -1528
core   0: 3 0x800071d8 (0xa0887213) x4  0x00000000
core   0: 0x800071dc (0x43e4be97) auipc   t4, 0x43e4b
core   0: 3 0x800071dc (0x43e4be97) x29 0xc3e521dc
core   0: 0x800071e0 (0x710c2e93) slti    t4, s8, 1808
core   0: 3 0x800071e0 (0x710c2e93) x29 0x00000001
core   0: 0x800071e4 (0x01665c33) srl     s8, a2, s6
core   0: 3 0x800071e4 (0x01665c33) x24 0x00000000
core   0: 0x800071e8 (0xd0862593) slti    a1, a2, -760
core   0: 3 0x800071e8 (0xd0862593) x11 0x00000000
core   0: 0x800071ec (0x01e1ec33) or      s8, gp, t5
core   0: 3 0x800071ec (0x01e1ec33) x24 0xca85ece4
core   0: 0x800071f0 (0x41e70233) sub     tp, a4, t5
core   0: 3 0x800071f0 (0x41e70233) x4  0x7ffe731c
core   0: 0x800071f4 (0x73bfea93) ori     s5, t6, 1851
core   0: 3 0x800071f4 (0x73bfea93) x21 0xcba8d7ff
core   0: 0x800071f8 (0x40a80333) sub     t1, a6, a0
core   0: 3 0x800071f8 (0x40a80333) x6  0x7ffeb19c
core   0: 0x800071fc (0x01e04c33) xor     s8, zero, t5
core   0: 3 0x800071fc (0x01e04c33) x24 0x80018ce4
core   0: 0x80007200 (0x00000013) nop
core   0: 3 0x80007200 (0x00000013)
core   0: 0x80007204 (0x61c0ae93) slti    t4, ra, 1564
core   0: 3 0x80007204 (0x61c0ae93) x29 0x00000001
core   0: 0x80007208 (0x014ca3b3) slt     t2, s9, s4
core   0: 3 0x80007208 (0x014ca3b3) x7  0x00000000
core   0: 0x8000720c (0x00000013) nop
core   0: 3 0x8000720c (0x00000013)
core   0: 0x80007210 (0x34903c13) sltiu   s8, zero, 841
core   0: 3 0x80007210 (0x34903c13) x24 0x00000001
core   0: 0x80007214 (0x974dfe13) andi    t3, s11, -1676
core   0: 3 0x80007214 (0x974dfe13) x28 0x00000074
core   0: 0x80007218 (0x41675793) srai    a5, a4, 22
core   0: 3 0x80007218 (0x41675793) x15 0x00000000
core   0: 0x8000721c (0x00d25813) srli    a6, tp, 13
core   0: 3 0x8000721c (0x00d25813) x16 0x0003fff3
core   0: 0x80007220 (0x01c63b33) sltu    s6, a2, t3
core   0: 3 0x80007220 (0x01c63b33) x22 0x00000000
core   0: 0x80007224 (0x0ad3c317) auipc   t1, 0xad3c
core   0: 3 0x80007224 (0x0ad3c317) x6  0x8ad43224
core   0: 0x80007228 (0xfde4e093) ori     ra, s1, -34
core   0: 3 0x80007228 (0xfde4e093) x1  0xffffffde
core   0: 0x8000722c (0x0160bdb3) sltu    s11, ra, s6
core   0: 3 0x8000722c (0x0160bdb3) x27 0x00000000
core   0: 0x80007230 (0x41f60433) sub     s0, a2, t6
core   0: 3 0x80007230 (0x41f60433) x8  0x34573114
core   0: 0x80007234 (0x0086d393) srli    t2, a3, 8
core   0: 3 0x80007234 (0x0086d393) x7  0x00459311
core   0: 0x80007238 (0xbf18ca93) xori    s5, a7, -1039
core   0: 3 0x80007238 (0xbf18ca93) x21 0xffffc2c1
core   0: 0x8000723c (0x00164fb3) xor     t6, a2, ra
core   0: 3 0x8000723c (0x00164fb3) x31 0xfffffd3e
core   0: 0x80007240 (0x01e19313) slli    t1, gp, 30
core   0: 3 0x80007240 (0x01e19313) x6  0x00000000
core   0: 0x80007244 (0x40d804b3) sub     s1, a6, a3
core   0: 3 0x80007244 (0x40d804b3) x9  0xba70ee47
core   0: 0x80007248 (0xd8486493) ori     s1, a6, -636
core   0: 3 0x80007248 (0xd8486493) x9  0xfffffff7
core   0: 0x8000724c (0x72826813) ori     a6, tp, 1832
core   0: 3 0x8000724c (0x72826813) x16 0x7ffe773c
core   0: 0x80007250 (0x01db1c13) slli    s8, s6, 29
core   0: 3 0x80007250 (0x01db1c13) x24 0x00000000
core   0: 0x80007254 (0x41425593) srai    a1, tp, 20
core   0: 3 0x80007254 (0x41425593) x11 0x000007ff
core   0: 0x80007258 (0x41f80d33) sub     s10, a6, t6
core   0: 3 0x80007258 (0x41f80d33) x26 0x7ffe79fe
core   0: 0x8000725c (0x4171d893) srai    a7, gp, 23
core   0: 3 0x8000725c (0x4171d893) x17 0x00000095
core   0: 0x80007260 (0x8a908a13) addi    s4, ra, -1879
core   0: 3 0x80007260 (0x8a908a13) x20 0xfffff887
core   0: 0x80007264 (0xee352e13) slti    t3, a0, -285
core   0: 3 0x80007264 (0xee352e13) x28 0x00000001
core   0: 0x80007268 (0x00794eb3) xor     t4, s2, t2
core   0: 3 0x80007268 (0x00794eb3) x29 0x1d5a6311
core   0: 0x8000726c (0x01d6eab3) or      s5, a3, t4
core   0: 3 0x8000726c (0x01d6eab3) x21 0x5ddb73bd
core   0: 0x80007270 (0x74339117) auipc   sp, 0x74339
core   0: 3 0x80007270 (0x74339117) x2  0xf4340270
core   0: 0x80007274 (0x01f91f93) slli    t6, s2, 31
core   0: 3 0x80007274 (0x01f91f93) x31 0x00000000
core   0: 0x80007278 (0x00150db3) add     s11, a0, ra
core   0: 3 0x80007278 (0x00150db3) x27 0x80014e42
core   0: 0x8000727c (0xdb8c0e13) addi    t3, s8, -584
core   0: 3 0x8000727c (0xdb8c0e13) x28 0xfffffdb8
core   0: 0x80007280 (0xba133297) auipc   t0, 0xba133
core   0: 3 0x80007280 (0xba133297) x5  0x3a13a280
core   0: 0x80007284 (0x00000013) nop
core   0: 3 0x80007284 (0x00000013)
core   0: 0x80007288 (0x012ffa33) and     s4, t6, s2
core   0: 3 0x80007288 (0x012ffa33) x20 0x00000000
core   0: 0x8000728c (0x40d35933) sra     s2, t1, a3
core   0: 3 0x8000728c (0x40d35933) x18 0x00000000
core   0: 0x80007290 (0x00feedb3) or      s11, t4, a5
core   0: 3 0x80007290 (0x00feedb3) x27 0x1d5a6311
core   0: 0x80007294 (0x00f810b3) sll     ra, a6, a5
core   0: 3 0x80007294 (0x00f810b3) x1  0x7ffe773c
core   0: 0x80007298 (0x00aa9733) sll     a4, s5, a0
core   0: 3 0x80007298 (0x00aa9733) x14 0xddb73bd0
core   0: 0x8000729c (0x732c0913) addi    s2, s8, 1842
core   0: 3 0x8000729c (0x732c0913) x18 0x00000732
core   0: 0x800072a0 (0x01b49733) sll     a4, s1, s11
core   0: 3 0x800072a0 (0x01b49733) x14 0xffee0000
core   0: 0x800072a4 (0x008e5a33) srl     s4, t3, s0
core   0: 3 0x800072a4 (0x008e5a33) x20 0x00000fff
core   0: 0x800072a8 (0x9d710d13) addi    s10, sp, -1577
core   0: 3 0x800072a8 (0x9d710d13) x26 0xf433fc47
core   0: 0x800072ac (0x675b4297) auipc   t0, 0x675b4
core   0: 3 0x800072ac (0x675b4297) x5  0xe75bb2ac
core   0: 0x800072b0 (0x6174a793) slti    a5, s1, 1559
core   0: 3 0x800072b0 (0x6174a793) x15 0x00000001
core   0: 0x800072b4 (0x0035c5b3) xor     a1, a1, gp
core   0: 3 0x800072b4 (0x0035c5b3) x11 0x4a8467ff
core   0: 0x800072b8 (0x76257813) andi    a6, a0, 1890
core   0: 3 0x800072b8 (0x76257813) x16 0x00000660
core   0: 0x800072bc (0x7b6226b7) lui     a3, 0x7b622
core   0: 3 0x800072bc (0x7b6226b7) x13 0x7b622000
core   0: 0x800072c0 (0xc9254213) xori    tp, a0, -878
core   0: 3 0x800072c0 (0xc9254213) x4  0x7ffeb2f6
core   0: 0x800072c4 (0x018143b3) xor     t2, sp, s8
core   0: 3 0x800072c4 (0x018143b3) x7  0xf4340270
core   0: 0x800072c8 (0x00132db3) slt     s11, t1, ra
core   0: 3 0x800072c8 (0x00132db3) x27 0x00000001
core   0: 0x800072cc (0x1e127113) andi    sp, tp, 481
core   0: 3 0x800072cc (0x1e127113) x2  0x000000e0
core   0: 0x800072d0 (0x01265a33) srl     s4, a2, s2
core   0: 3 0x800072d0 (0x01265a33) x20 0x00000000
core   0: 0x800072d4 (0x4137d713) srai    a4, a5, 19
core   0: 3 0x800072d4 (0x4137d713) x14 0x00000000
core   0: 0x800072d8 (0x001efa33) and     s4, t4, ra
core   0: 3 0x800072d8 (0x001efa33) x20 0x1d5a6310
core   0: 0x800072dc (0x01cac633) xor     a2, s5, t3
core   0: 3 0x800072dc (0x01cac633) x12 0xa2248e05
core   0: 0x800072e0 (0x006c9d93) slli    s11, s9, 6
core   0: 3 0x800072e0 (0x006c9d93) x27 0x000003c0
core   0: 0x800072e4 (0x01fb6333) or      t1, s6, t6
core   0: 3 0x800072e4 (0x01fb6333) x6  0x00000000
core   0: 0x800072e8 (0x0cccfb13) andi    s6, s9, 204
core   0: 3 0x800072e8 (0x0cccfb13) x22 0x0000000c
core   0: 0x800072ec (0x78554c97) auipc   s9, 0x78554
core   0: 3 0x800072ec (0x78554c97) x25 0xf855b2ec
core   0: 0x800072f0 (0x00adbbb3) sltu    s7, s11, a0
core   0: 3 0x800072f0 (0x00adbbb3) x23 0x00000001
core   0: 0x800072f4 (0x409c4413) xori    s0, s8, 1033
core   0: 3 0x800072f4 (0x409c4413) x8  0x00000409
core   0: 0x800072f8 (0x40915733) sra     a4, sp, s1
core   0: 3 0x800072f8 (0x40915733) x14 0x00000000
core   0: 0x800072fc (0x403df413) andi    s0, s11, 1027
core   0: 3 0x800072fc (0x403df413) x8  0x00000000
core   0: 0x80007300 (0x1b0ecd13) xori    s10, t4, 432
core   0: 3 0x80007300 (0x1b0ecd13) x26 0x1d5a62a1
core   0: 0x80007304 (0x581fa793) slti    a5, t6, 1409
core   0: 3 0x80007304 (0x581fa793) x15 0x00000001
core   0: 0x80007308 (0x41b6d413) srai    s0, a3, 27
core   0: 3 0x80007308 (0x41b6d413) x8  0x0000000f
core   0: 0x8000730c (0x48455fb7) lui     t6, 0x48455
core   0: 3 0x8000730c (0x48455fb7) x31 0x48455000
core   0: 0x80007310 (0x406584b3) sub     s1, a1, t1
core   0: 3 0x80007310 (0x406584b3) x9  0x4a8467ff
core   0: 0x80007314 (0x01d52333) slt     t1, a0, t4
core   0: 3 0x80007314 (0x01d52333) x6  0x00000001
core   0: 0x80007318 (0x30aebe13) sltiu   t3, t4, 778
core   0: 3 0x80007318 (0x30aebe13) x28 0x00000000
core   0: 0x8000731c (0x00000013) nop
core   0: 3 0x8000731c (0x00000013)
core   0: 0x80007320 (0x3f138013) addi    zero, t2, 1009
core   0: 3 0x80007320 (0x3f138013)
core   0: 0x80007324 (0x012d1b33) sll     s6, s10, s2
core   0: 3 0x80007324 (0x012d1b33) x22 0x8a840000
core   0: 0x80007328 (0x0025b033) sltu    zero, a1, sp
core   0: 3 0x80007328 (0x0025b033)
core   0: 0x8000732c (0x01225693) srli    a3, tp, 18
core   0: 3 0x8000732c (0x01225693) x13 0x00001fff
core   0: 0x80007330 (0x52f87b13) andi    s6, a6, 1327
core   0: 3 0x80007330 (0x52f87b13) x22 0x00000420
core   0: 0x80007334 (0x5a268637) lui     a2, 0x5a268
core   0: 3 0x80007334 (0x5a268637) x12 0x5a268000
core   0: 0x80007338 (0x00bfb133) sltu    sp, t6, a1
core   0: 3 0x80007338 (0x00bfb133) x2  0x00000001
core   0: 0x8000733c (0x40988b33) sub     s6, a7, s1
core   0: 3 0x8000733c (0x40988b33) x22 0xb57b9896
core   0: 0x80007340 (0x00cf4933) xor     s2, t5, a2
core   0: 3 0x80007340 (0x00cf4933) x18 0xda270ce4
core   0: 0x80007344 (0x00718e33) add     t3, gp, t2
core   0: 3 0x80007344 (0x00718e33) x28 0x3eb86270
core   0: 0x80007348 (0xda524313) xori    t1, tp, -603
core   0: 3 0x80007348 (0xda524313) x6  0x80014f53
core   0: 0x8000734c (0xb2ad7793) andi    a5, s10, -1238
core   0: 3 0x8000734c (0xb2ad7793) x15 0x1d5a6220
core   0: 0x80007350 (0x73fb7c13) andi    s8, s6, 1855
core   0: 3 0x80007350 (0x73fb7c13) x24 0x00000016
core   0: 0x80007354 (0x01164933) xor     s2, a2, a7
core   0: 3 0x80007354 (0x01164933) x18 0x5a268095
core   0: 0x80007358 (0x012b6633) or      a2, s6, s2
core   0: 3 0x80007358 (0x012b6633) x12 0xff7f9897
core   0: 0x8000735c (0x404d0ab3) sub     s5, s10, tp
core   0: 3 0x8000735c (0x404d0ab3) x21 0x9d5bafab
core   0: 0x80007360 (0x5944b113) sltiu   sp, s1, 1428
core   0: 3 0x80007360 (0x5944b113) x2  0x00000000
core   0: 0x80007364 (0x009b6233) or      tp, s6, s1
core   0: 3 0x80007364 (0x009b6233) x4  0xffffffff
core   0: 0x80007368 (0xa19e6813) ori     a6, t3, -1511
core   0: 3 0x80007368 (0xa19e6813) x16 0xfffffa79
core   0: 0x8000736c (0x4f268b97) auipc   s7, 0x4f268
core   0: 3 0x8000736c (0x4f268b97) x23 0xcf26f36c
core   0: 0x80007370 (0x01af31b3) sltu    gp, t5, s10
core   0: 3 0x80007370 (0x01af31b3) x3  0x00000000
core   0: 0x80007374 (0x01d42133) slt     sp, s0, t4
core   0: 3 0x80007374 (0x01d42133) x2  0x00000001
core   0: 0x80007378 (0x4b502d93) slti    s11, zero, 1205
core   0: 3 0x80007378 (0x4b502d93) x27 0x00000001
core   0: 0x8000737c (0x00e41493) slli    s1, s0, 14
core   0: 3 0x8000737c (0x00e41493) x9  0x0003c000
core   0: 0x80007380 (0x00b0b6b3) sltu    a3, ra, a1
core   0: 3 0x80007380 (0x00b0b6b3) x13 0x00000000
core   0: 0x80007384 (0x01031fb3) sll     t6, t1, a6
core   0: 3 0x80007384 (0x01031fb3) x31 0xa6000000
core   0: 0x80007388 (0x40ccd493) srai    s1, s9, 12
core   0: 3 0x80007388 (0x40ccd493) x9  0xffff855b
core   0: 0x8000738c (0x9d8c2013) slti    zero, s8, -1576
core   0: 3 0x8000738c (0x9d8c2013)
core   0: 0x80007390 (0x5b9ab713) sltiu   a4, s5, 1465
core   0: 3 0x80007390 (0x5b9ab713) x14 0x00000000
core   0: 0x80007394 (0x26ca22b7) lui     t0, 0x26ca2
core   0: 3 0x80007394 (0x26ca22b7) x5  0x26ca2000
core   0: 0x80007398 (0x01f73133) sltu    sp, a4, t6
core   0: 3 0x80007398 (0x01f73133) x2  0x00000001
core   0: 0x8000739c (0x73483793) sltiu   a5, a6, 1844
core   0: 3 0x8000739c (0x73483793) x15 0x00000000
core   0: 0x800073a0 (0x0161a133) slt     sp, gp, s6
core   0: 3 0x800073a0 (0x0161a133) x2  0x00000000
core   0: 0x800073a4 (0x54d5cb93) xori    s7, a1, 1357
core   0: 3 0x800073a4 (0x54d5cb93) x23 0x4a8462b2
core   0: 0x800073a8 (0x01936c13) ori     s8, t1, 25
core   0: 3 0x800073a8 (0x01936c13) x24 0x80014f5b
core   0: 0x800073ac (0xcec97a13) andi    s4, s2, -788
core   0: 3 0x800073ac (0xcec97a13) x20 0x5a268084
core   0: 0x800073b0 (0x00dbd833) srl     a6, s7, a3
core   0: 3 0x800073b0 (0x00dbd833) x16 0x4a8462b2
core   0: 0x800073b4 (0x34dda913) slti    s2, s11, 845
core   0: 3 0x800073b4 (0x34dda913) x18 0x00000001
core   0: 0x800073b8 (0x01135db3) srl     s11, t1, a7
core   0: 3 0x800073b8 (0x01135db3) x27 0x00000400
core   0: 0x800073bc (0xde682913) slti    s2, a6, -538
core   0: 3 0x800073bc (0xde682913) x18 0x00000000
core   0: 0x800073c0 (0x00b4c333) xor     t1, s1, a1
core   0: 3 0x800073c0 (0x00b4c333) x6  0xb57be2a4
core   0: 0x800073c4 (0xb7a06293) ori     t0, zero, -1158
core   0: 3 0x800073c4 (0xb7a06293) x5  0xfffffb7a
core   0: 0x800073c8 (0xa4ce3813) sltiu   a6, t3, -1460
core   0: 3 0x800073c8 (0xa4ce3813) x16 0x00000001
core   0: 0x800073cc (0x40bd5413) srai    s0, s10, 11
core   0: 3 0x800073cc (0x40bd5413) x8  0x0003ab4c
core   0: 0x800073d0 (0xd80fa313) slti    t1, t6, -640
core   0: 3 0x800073d0 (0xd80fa313) x6  0x00000001
core   0: 0x800073d4 (0x008d16b3) sll     a3, s10, s0
core   0: 3 0x800073d4 (0x008d16b3) x13 0xa62a1000
core   0: 0x800073d8 (0x004ea2b3) slt     t0, t4, tp
core   0: 3 0x800073d8 (0x004ea2b3) x5  0x00000000
core   0: 0x800073dc (0x327d2193) slti    gp, s10, 807
core   0: 3 0x800073dc (0x327d2193) x3  0x00000000
core   0: 0x800073e0 (0x00c74733) xor     a4, a4, a2
core   0: 3 0x800073e0 (0x00c74733) x14 0xff7f9897
core   0: 0x800073e4 (0x8f402b13) slti    s6, zero, -1804
core   0: 3 0x800073e4 (0x8f402b13) x22 0x00000000
core   0: 0x800073e8 (0xee55ae13) slti    t3, a1, -283
core   0: 3 0x800073e8 (0xee55ae13) x28 0x00000000
core   0: 0x800073ec (0x40e656b3) sra     a3, a2, a4
core   0: 3 0x800073ec (0x40e656b3) x13 0xfffffffe
core   0: 0x800073f0 (0x00da5433) srl     s0, s4, a3
core   0: 3 0x800073f0 (0x00da5433) x8  0x00000001
core   0: 0x800073f4 (0x01466bb3) or      s7, a2, s4
core   0: 3 0x800073f4 (0x01466bb3) x23 0xff7f9897
core   0: 0x800073f8 (0x013fc133) xor     sp, t6, s3
core   0: 3 0x800073f8 (0x013fc133) x2  0xa600000f
core   0: 0x800073fc (0xe11c7e93) andi    t4, s8, -495
core   0: 3 0x800073fc (0xe11c7e93) x29 0x80014e11
core   0: 0x80007400 (0x0157b2b3) sltu    t0, a5, s5
core   0: 3 0x80007400 (0x0157b2b3) x5  0x00000001
core   0: 0x80007404 (0x01bc7633) and     a2, s8, s11
core   0: 3 0x80007404 (0x01bc7633) x12 0x00000400
core   0: 0x80007408 (0x011a5c13) srli    s8, s4, 17
core   0: 3 0x80007408 (0x011a5c13) x24 0x00002d13
core   0: 0x8000740c (0xa4ab6d13) ori     s10, s6, -1462
core   0: 3 0x8000740c (0xa4ab6d13) x26 0xfffffa4a
core   0: 0x80007410 (0x411b8933) sub     s2, s7, a7
core   0: 3 0x80007410 (0x411b8933) x18 0xff7f9802
core   0: 0x80007414 (0x012701b3) add     gp, a4, s2
core   0: 3 0x80007414 (0x012701b3) x3  0xfeff3099
core   0: 0x80007418 (0x00d4bbb3) sltu    s7, s1, a3
core   0: 3 0x80007418 (0x00d4bbb3) x23 0x00000001
core   0: 0x8000741c (0x00a4eb33) or      s6, s1, a0
core   0: 3 0x8000741c (0x00a4eb33) x22 0xffffcf7f
core   0: 0x80007420 (0x40695b33) sra     s6, s2, t1
core   0: 3 0x80007420 (0x40695b33) x22 0xffbfcc01
core   0: 0x80007424 (0x00669e93) slli    t4, a3, 6
core   0: 3 0x80007424 (0x00669e93) x29 0xffffff80
core   0: 0x80007428 (0x00e83333) sltu    t1, a6, a4
core   0: 3 0x80007428 (0x00e83333) x6  0x00000001
core   0: 0x8000742c (0x0147db93) srli    s7, a5, 20
core   0: 3 0x8000742c (0x0147db93) x23 0x00000000
core   0: 0x80007430 (0x40e9d313) srai    t1, s3, 14
core   0: 3 0x80007430 (0x40e9d313) x6  0x00000000
core   0: 0x80007434 (0x1a060893) addi    a7, a2, 416
core   0: 3 0x80007434 (0x1a060893) x17 0x000005a0
core   0: 0x80007438 (0x0000adb3) slt     s11, ra, zero
core   0: 3 0x80007438 (0x0000adb3) x27 0x00000000
core   0: 0x8000743c (0x01d95213) srli    tp, s2, 29
core   0: 3 0x8000743c (0x01d95213) x4  0x00000007
core   0: 0x80007440 (0x006e7133) and     sp, t3, t1
core   0: 3 0x80007440 (0x006e7133) x2  0x00000000
core   0: 0x80007444 (0x00481e33) sll     t3, a6, tp
core   0: 3 0x80007444 (0x00481e33) x28 0x00000080
core   0: 0x80007448 (0x14207037) lui     zero, 0x14207
core   0: 3 0x80007448 (0x14207037)
core   0: 0x8000744c (0x41765433) sra     s0, a2, s7
core   0: 3 0x8000744c (0x41765433) x8  0x00000400
core   0: 0x80007450 (0x0164d313) srli    t1, s1, 22
core   0: 3 0x80007450 (0x0164d313) x6  0x000003ff
core   0: 0x80007454 (0x400a0eb3) sub     t4, s4, zero
core   0: 3 0x80007454 (0x400a0eb3) x29 0x5a268084
core   0: 0x80007458 (0x00adad33) slt     s10, s11, a0
core   0: 3 0x80007458 (0x00adad33) x26 0x00000000
core   0: 0x8000745c (0x01d19193) slli    gp, gp, 29
core   0: 3 0x8000745c (0x01d19193) x3  0x20000000
core   0: 0x80007460 (0x00000013) nop
core   0: 3 0x80007460 (0x00000013)
core   0: 0x80007464 (0x0129e6b3) or      a3, s3, s2
core   0: 3 0x80007464 (0x0129e6b3) x13 0xff7f980f
core   0: 0x80007468 (0x4d113893) sltiu   a7, sp, 1233
core   0: 3 0x80007468 (0x4d113893) x17 0x00000001
core   0: 0x8000746c (0x1a23b397) auipc   t2, 0x1a23b
core   0: 3 0x8000746c (0x1a23b397) x7  0x9a24246c
core   0: 0x80007470 (0x88880593) addi    a1, a6, -1912
core   0: 3 0x80007470 (0x88880593) x11 0xfffff889
core   0: 0x80007474 (0x41fbdd33) sra     s10, s7, t6
core   0: 3 0x80007474 (0x41fbdd33) x26 0x00000000
core   0: 0x80007478 (0x41bb0e33) sub     t3, s6, s11
core   0: 3 0x80007478 (0x41bb0e33) x28 0xffbfcc01
core   0: 0x8000747c (0x5ea8b293) sltiu   t0, a7, 1514
core   0: 3 0x8000747c (0x5ea8b293) x5  0x00000001
core   0: 0x80007480 (0x00000013) nop
core   0: 3 0x80007480 (0x00000013)
core   0: 0x80007484 (0x5c9bfd13) andi    s10, s7, 1481
core   0: 3 0x80007484 (0x5c9bfd13) x26 0x00000000
core   0: 0x80007488 (0x21470c93) addi    s9, a4, 532
core   0: 3 0x80007488 (0x21470c93) x25 0xff7f9aab
core   0: 0x8000748c (0xc1dc0237) lui     tp, 0xc1dc0
core   0: 3 0x8000748c (0xc1dc0237) x4  0xc1dc0000
core   0: 0x80007490 (0x2ef06813) ori     a6, zero, 751
core   0: 3 0x80007490 (0x2ef06813) x16 0x000002ef
core   0: 0x80007494 (0x017dd8b3) srl     a7, s11, s7
core   0: 3 0x80007494 (0x017dd8b3) x17 0x00000000
core   0: 0x80007498 (0x007f1ab3) sll     s5, t5, t2
core   0: 3 0x80007498 (0x007f1ab3) x21 0x18ce4000
core   0: 0x8000749c (0x00f4c4b3) xor     s1, s1, a5
core   0: 3 0x8000749c (0x00f4c4b3) x9  0xffff855b
core   0: 0x800074a0 (0x00a5d893) srli    a7, a1, 10
core   0: 3 0x800074a0 (0x00a5d893) x17 0x003ffffe
core   0: 0x800074a4 (0x4ec24d13) xori    s10, tp, 1260
core   0: 3 0x800074a4 (0x4ec24d13) x26 0xc1dc04ec
core   0: 0x800074a8 (0x0086b8b3) sltu    a7, a3, s0
core   0: 3 0x800074a8 (0x0086b8b3) x17 0x00000000
core   0: 0x800074ac (0x01b4a333) slt     t1, s1, s11
core   0: 3 0x800074ac (0x01b4a333) x6  0x00000001
core   0: 0x800074b0 (0x01372db3) slt     s11, a4, s3
core   0: 3 0x800074b0 (0x01372db3) x27 0x00000001
core   0: 0x800074b4 (0xfdf38817) auipc   a6, 0xfdf38
core   0: 3 0x800074b4 (0xfdf38817) x16 0x7df3f4b4
core   0: 0x800074b8 (0x00bc4eb3) xor     t4, s8, a1
core   0: 3 0x800074b8 (0x00bc4eb3) x29 0xffffd59a
core   0: 0x800074bc (0x013f1a13) slli    s4, t5, 19
core   0: 3 0x800074bc (0x013f1a13) x20 0x67200000
core   0: 0x800074c0 (0x4094d893) srai    a7, s1, 9
core   0: 3 0x800074c0 (0x4094d893) x17 0xffffffc2
core   0: 0x800074c4 (0x82846093) ori     ra, s0, -2008
core   0: 3 0x800074c4 (0x82846093) x1  0xfffffc28
core   0: 0x800074c8 (0x01089493) slli    s1, a7, 16
core   0: 3 0x800074c8 (0x01089493) x9  0xffc20000
core   0: 0x800074cc (0x01033033) sltu    zero, t1, a6
core   0: 3 0x800074cc (0x01033033)
core   0: 0x800074d0 (0x41bad713) srai    a4, s5, 27
core   0: 3 0x800074d0 (0x41bad713) x14 0x00000003
core   0: 0x800074d4 (0x009bb6b3) sltu    a3, s7, s1
core   0: 3 0x800074d4 (0x009bb6b3) x13 0x00000001
core   0: 0x800074d8 (0x0113c7b3) xor     a5, t2, a7
core   0: 3 0x800074d8 (0x0113c7b3) x15 0x65dbdbae
core   0: 0x800074dc (0x00000013) nop
core   0: 3 0x800074dc (0x00000013)
core   0: 0x800074e0 (0x00f9f7b3) and     a5, s3, a5
core   0: 3 0x800074e0 (0x00f9f7b3) x15 0x0000000e
core   0: 0x800074e4 (0x41c08733) sub     a4, ra, t3
core   0: 3 0x800074e4 (0x41c08733) x14 0x00403027
core   0: 0x800074e8 (0x01125db3) srl     s11, tp, a7
core   0: 3 0x800074e8 (0x01125db3) x27 0x30770000
core   0: 0x800074ec (0x00d1dc13) srli    s8, gp, 13
core   0: 3 0x800074ec (0x00d1dc13) x24 0x00010000
core   0: 0x800074f0 (0x405d0433) sub     s0, s10, t0
core   0: 3 0x800074f0 (0x405d0433) x8  0xc1dc04eb
core   0: 0x800074f4 (0x00f24fb3) xor     t6, tp, a5
core   0: 3 0x800074f4 (0x00f24fb3) x31 0xc1dc000e
core   0: 0x800074f8 (0x40b180b3) sub     ra, gp, a1
core   0: 3 0x800074f8 (0x40b180b3) x1  0x20000777
core   0: 0x800074fc (0xdae3bb13) sltiu   s6, t2, -594
core   0: 3 0x800074fc (0xdae3bb13) x22 0x00000001
core   0: 0x80007500 (0x00000013) nop
core   0: 3 0x80007500 (0x00000013)
core   0: 0x80007504 (0x00000013) nop
core   0: 3 0x80007504 (0x00000013)
core   0: 0x80007508 (0x00625693) srli    a3, tp, 6
core   0: 3 0x80007508 (0x00625693) x13 0x03077000
core   0: 0x8000750c (0x00000013) nop
core   0: 3 0x8000750c (0x00000013)
core   0: 0x80007510 (0xa739c7b7) lui     a5, 0xa739c
core   0: 3 0x80007510 (0xa739c7b7) x15 0xa739c000
core   0: 0x80007514 (0x00417233) and     tp, sp, tp
core   0: 3 0x80007514 (0x00417233) x4  0x00000000
core   0: 0x80007518 (0x338e6d13) ori     s10, t3, 824
core   0: 3 0x80007518 (0x338e6d13) x26 0xffbfcf39
core   0: 0x8000751c (0x94e1b5b7) lui     a1, 0x94e1b
core   0: 3 0x8000751c (0x94e1b5b7) x11 0x94e1b000
core   0: 0x80007520 (0x967a8b93) addi    s7, s5, -1689
core   0: 3 0x80007520 (0x967a8b93) x23 0x18ce3967
core   0: 0x80007524 (0x00194633) xor     a2, s2, ra
core   0: 3 0x80007524 (0x00194633) x12 0xdf7f9f75
core   0: 0x80007528 (0x000df8b3) and     a7, s11, zero
core   0: 3 0x80007528 (0x000df8b3) x17 0x00000000
core   0: 0x8000752c (0x007d51b3) srl     gp, s10, t2
core   0: 3 0x8000752c (0x007d51b3) x3  0x000ffbfc
core   0: 0x80007530 (0x00555d33) srl     s10, a0, t0
core   0: 3 0x80007530 (0x00555d33) x26 0x4000a732
core   0: 0x80007534 (0x00000013) nop
core   0: 3 0x80007534 (0x00000013)
core   0: 0x80007538 (0x9867e813) ori     a6, a5, -1658
core   0: 3 0x80007538 (0x9867e813) x16 0xfffff986
core   0: 0x8000753c (0x014b04b3) add     s1, s6, s4
core   0: 3 0x8000753c (0x014b04b3) x9  0x67200001
core   0: 0x80007540 (0x40d8db33) sra     s6, a7, a3
core   0: 3 0x80007540 (0x40d8db33) x22 0x00000000
core   0: 0x80007544 (0x00e05713) srli    a4, zero, 14
core   0: 3 0x80007544 (0x00e05713) x14 0x00000000
core   0: 0x80007548 (0x378f3193) sltiu   gp, t5, 888
core   0: 3 0x80007548 (0x378f3193) x3  0x00000000
core   0: 0x8000754c (0x0042bd33) sltu    s10, t0, tp
core   0: 3 0x8000754c (0x0042bd33) x26 0x00000000
core   0: 0x80007550 (0xc7677f93) andi    t6, a4, -906
core   0: 3 0x80007550 (0xc7677f93) x31 0x00000000
core   0: 0x80007554 (0x0179d213) srli    tp, s3, 23
core   0: 3 0x80007554 (0x0179d213) x4  0x00000000
core   0: 0x80007558 (0x00421813) slli    a6, tp, 4
core   0: 3 0x80007558 (0x00421813) x16 0x00000000
core   0: 0x8000755c (0x00000013) nop
core   0: 3 0x8000755c (0x00000013)
core   0: 0x80007560 (0xa6976813) ori     a6, a4, -1431
core   0: 3 0x80007560 (0xa6976813) x16 0xfffffa69
core   0: 0x80007564 (0x87b7fd93) andi    s11, a5, -1925
core   0: 3 0x80007564 (0x87b7fd93) x27 0xa739c000
core   0: 0x80007568 (0x7b6d4e93) xori    t4, s10, 1974
core   0: 3 0x80007568 (0x7b6d4e93) x29 0x000007b6
core   0: 0x8000756c (0x011584b3) add     s1, a1, a7
core   0: 3 0x8000756c (0x011584b3) x9  0x94e1b000
core   0: 0x80007570 (0x4004deb3) sra     t4, s1, zero
core   0: 3 0x80007570 (0x4004deb3) x29 0x94e1b000
core   0: 0x80007574 (0x000cdc33) srl     s8, s9, zero
core   0: 3 0x80007574 (0x000cdc33) x24 0xff7f9aab
core   0: 0x80007578 (0x4169d713) srai    a4, s3, 22
core   0: 3 0x80007578 (0x4169d713) x14 0x00000000
core   0: 0x8000757c (0x00bc3733) sltu    a4, s8, a1
core   0: 3 0x8000757c (0x00bc3733) x14 0x00000000
core   0: 0x80007580 (0x001e5eb3) srl     t4, t3, ra
core   0: 3 0x80007580 (0x001e5eb3) x29 0x000001ff
core   0: 0x80007584 (0xaa839617) auipc   a2, 0xaa839
core   0: 3 0x80007584 (0xaa839617) x12 0x2a840584
core   0: 0x80007588 (0x01a6a7b3) slt     a5, a3, s10
core   0: 3 0x80007588 (0x01a6a7b3) x15 0x00000000
core   0: 0x8000758c (0x00000013) nop
core   0: 3 0x8000758c (0x00000013)
core   0: 0x80007590 (0x000cf733) and     a4, s9, zero
core   0: 3 0x80007590 (0x000cf733) x14 0x00000000
core   0: 0x80007594 (0x848b4613) xori    a2, s6, -1976
core   0: 3 0x80007594 (0x848b4613) x12 0xfffff848
core   0: 0x80007598 (0x0184d133) srl     sp, s1, s8
core   0: 3 0x80007598 (0x0184d133) x2  0x00129c36
core   0: 0x8000759c (0xda2ff093) andi    ra, t6, -606
core   0: 3 0x8000759c (0xda2ff093) x1  0x00000000
core   0: 0x800075a0 (0xcbf78593) addi    a1, a5, -833
core   0: 3 0x800075a0 (0xcbf78593) x11 0xfffffcbf
core   0: 0x800075a4 (0xe64d6ab7) lui     s5, 0xe64d6
core   0: 3 0x800075a4 (0xe64d6ab7) x21 0xe64d6000
core   0: 0x800075a8 (0x41f88e33) sub     t3, a7, t6
core   0: 3 0x800075a8 (0x41f88e33) x28 0x00000000
core   0: 0x800075ac (0x41098133) sub     sp, s3, a6
core   0: 3 0x800075ac (0x41098133) x2  0x000005a6
core   0: 0x800075b0 (0x00d37133) and     sp, t1, a3
core   0: 3 0x800075b0 (0x00d37133) x2  0x00000000
core   0: 0x800075b4 (0x01309813) slli    a6, ra, 19
core   0: 3 0x800075b4 (0x01309813) x16 0x00000000
core   0: 0x800075b8 (0x434b8013) addi    zero, s7, 1076
core   0: 3 0x800075b8 (0x434b8013)
core   0: 0x800075bc (0x401e8917) auipc   s2, 0x401e8
core   0: 3 0x800075bc (0x401e8917) x18 0xc01ef5bc
core   0: 0x800075c0 (0x41cf8733) sub     a4, t6, t3
core   0: 3 0x800075c0 (0x41cf8733) x14 0x00000000
core   0: 0x800075c4 (0x00fec033) xor     zero, t4, a5
core   0: 3 0x800075c4 (0x00fec033)
core   0: 0x800075c8 (0xef4ac313) xori    t1, s5, -268
core   0: 3 0x800075c8 (0xef4ac313) x6  0x19b29ef4
core   0: 0x800075cc (0x00000013) nop
core   0: 3 0x800075cc (0x00000013)
core   0: 0x800075d0 (0x00000013) nop
core   0: 3 0x800075d0 (0x00000013)
core   0: 0x800075d4 (0x00f25b33) srl     s6, tp, a5
core   0: 3 0x800075d4 (0x00f25b33) x22 0x00000000
core   0: 0x800075d8 (0x00f07933) and     s2, zero, a5
core   0: 3 0x800075d8 (0x00f07933) x18 0x00000000
core   0: 0x800075dc (0x4156d713) srai    a4, a3, 21
core   0: 3 0x800075dc (0x4156d713) x14 0x00000018
core   0: 0x800075e0 (0x00000013) nop
core   0: 3 0x800075e0 (0x00000013)
core   0: 0x800075e4 (0x13657813) andi    a6, a0, 310
core   0: 3 0x800075e4 (0x13657813) x16 0x00000024
core   0: 0x800075e8 (0x0115cb33) xor     s6, a1, a7
core   0: 3 0x800075e8 (0x0115cb33) x22 0xfffffcbf
core   0: 0x800075ec (0x40355813) srai    a6, a0, 3
core   0: 3 0x800075ec (0x40355813) x16 0xf00029cc
core   0: 0x800075f0 (0x01e210b3) sll     ra, tp, t5
core   0: 3 0x800075f0 (0x01e210b3) x1  0x00000000
core   0: 0x800075f4 (0x41660a33) sub     s4, a2, s6
core   0: 3 0x800075f4 (0x41660a33) x20 0xfffffb89
core   0: 0x800075f8 (0x00de74b3) and     s1, t3, a3
core   0: 3 0x800075f8 (0x00de74b3) x9  0x00000000
core   0: 0x800075fc (0x004ba633) slt     a2, s7, tp
core   0: 3 0x800075fc (0x004ba633) x12 0x00000000
core   0: 0x80007600 (0x01a95833) srl     a6, s2, s10
core   0: 3 0x80007600 (0x01a95833) x16 0x00000000
core   0: 0x80007604 (0x01f3c833) xor     a6, t2, t6
core   0: 3 0x80007604 (0x01f3c833) x16 0x9a24246c
core   0: 0x80007608 (0x1bef3a37) lui     s4, 0x1bef3
core   0: 3 0x80007608 (0x1bef3a37) x20 0x1bef3000
core   0: 0x8000760c (0xeb63e913) ori     s2, t2, -330
core   0: 3 0x8000760c (0xeb63e913) x18 0xfffffefe
core   0: 0x80007610 (0x00000013) nop
core   0: 3 0x80007610 (0x00000013)
core   0: 0x80007614 (0x8d262613) slti    a2, a2, -1838
core   0: 3 0x80007614 (0x8d262613) x12 0x00000000
core   0: 0x80007618 (0x004180b3) add     ra, gp, tp
core   0: 3 0x80007618 (0x004180b3) x1  0x00000000
core   0: 0x8000761c (0x00507333) and     t1, zero, t0
core   0: 3 0x8000761c (0x00507333) x6  0x00000000
core   0: 0x80007620 (0x01665193) srli    gp, a2, 22
core   0: 3 0x80007620 (0x01665193) x3  0x00000000
core   0: 0x80007624 (0x0086f833) and     a6, a3, s0
core   0: 3 0x80007624 (0x0086f833) x16 0x01040000
core   0: 0x80007628 (0x01d87833) and     a6, a6, t4
core   0: 3 0x80007628 (0x01d87833) x16 0x00000000
core   0: 0x8000762c (0x410b5613) srai    a2, s6, 16
core   0: 3 0x8000762c (0x410b5613) x12 0xffffffff
core   0: 0x80007630 (0x011e3ab3) sltu    s5, t3, a7
core   0: 3 0x80007630 (0x011e3ab3) x21 0x00000000
core   0: 0x80007634 (0x00000013) nop
core   0: 3 0x80007634 (0x00000013)
core   0: 0x80007638 (0x000ae8b3) or      a7, s5, zero
core   0: 3 0x80007638 (0x000ae8b3) x17 0x00000000
core   0: 0x8000763c (0x1fddbb13) sltiu   s6, s11, 509
core   0: 3 0x8000763c (0x1fddbb13) x22 0x00000000
core   0: 0x80007640 (0x011593b3) sll     t2, a1, a7
core   0: 3 0x80007640 (0x011593b3) x7  0xfffffcbf
core   0: 0x80007644 (0x00157bb3) and     s7, a0, ra
core   0: 3 0x80007644 (0x00157bb3) x23 0x00000000
core   0: 0x80007648 (0x00d03633) snez    a2, a3
core   0: 3 0x80007648 (0x00d03633) x12 0x00000001
core   0: 0x8000764c (0x131ef093) andi    ra, t4, 305
core   0: 3 0x8000764c (0x131ef093) x1  0x00000131
core   0: 0x80007650 (0x00bf9d33) sll     s10, t6, a1
core   0: 3 0x80007650 (0x00bf9d33) x26 0x00000000
core   0: 0x80007654 (0xb62e3a13) sltiu   s4, t3, -1182
core   0: 3 0x80007654 (0xb62e3a13) x20 0x00000001
core   0: 0x80007658 (0x01f743b3) xor     t2, a4, t6
core   0: 3 0x80007658 (0x01f743b3) x7  0x00000018
core   0: 0x8000765c (0x00c59633) sll     a2, a1, a2
core   0: 3 0x8000765c (0x00c59633) x12 0xfffff97e
core   0: 0x80007660 (0x406f5733) sra     a4, t5, t1
core   0: 3 0x80007660 (0x406f5733) x14 0x80018ce4
core   0: 0x80007664 (0x01e76db3) or      s11, a4, t5
core   0: 3 0x80007664 (0x01e76db3) x27 0x80018ce4
core   0: 0x80007668 (0x0156de93) srli    t4, a3, 21
core   0: 3 0x80007668 (0x0156de93) x29 0x00000018
core   0: 0x8000766c (0xb9c1ee13) ori     t3, gp, -1124
core   0: 3 0x8000766c (0xb9c1ee13) x28 0xfffffb9c
core   0: 0x80007670 (0xedd50493) addi    s1, a0, -291
core   0: 3 0x80007670 (0xedd50493) x9  0x80014d41
core   0: 0x80007674 (0x0093c8b3) xor     a7, t2, s1
core   0: 3 0x80007674 (0x0093c8b3) x17 0x80014d59
core   0: 0x80007678 (0x0042a2b3) slt     t0, t0, tp
core   0: 3 0x80007678 (0x0042a2b3) x5  0x00000000
core   0: 0x8000767c (0x2fe46713) ori     a4, s0, 766
core   0: 3 0x8000767c (0x2fe46713) x14 0xc1dc06ff
core   0: 0x80007680 (0x00000013) nop
core   0: 3 0x80007680 (0x00000013)
core   0: 0x80007684 (0xe8c1b393) sltiu   t2, gp, -372
core   0: 3 0x80007684 (0xe8c1b393) x7  0x00000001
core   0: 0x80007688 (0x017febb3) or      s7, t6, s7
core   0: 3 0x80007688 (0x017febb3) x23 0x00000000
core   0: 0x8000768c (0x7d835337) lui     t1, 0x7d835
core   0: 3 0x8000768c (0x7d835337) x6  0x7d835000
core   0: 0x80007690 (0x5d36ab13) slti    s6, a3, 1491
core   0: 3 0x80007690 (0x5d36ab13) x22 0x00000000
core   0: 0x80007694 (0x417654b3) sra     s1, a2, s7
core   0: 3 0x80007694 (0x417654b3) x9  0xfffff97e
core   0: 0x80007698 (0x019966b3) or      a3, s2, s9
core   0: 3 0x80007698 (0x019966b3) x13 0xfffffeff
core   0: 0x8000769c (0x00e09713) slli    a4, ra, 14
core   0: 3 0x8000769c (0x00e09713) x14 0x004c4000
core   0: 0x800076a0 (0xd76fc837) lui     a6, 0xd76fc
core   0: 3 0x800076a0 (0xd76fc837) x16 0xd76fc000
core   0: 0x800076a4 (0x40cd84b3) sub     s1, s11, a2
core   0: 3 0x800076a4 (0x40cd84b3) x9  0x80019366
core   0: 0x800076a8 (0x6ed30297) auipc   t0, 0x6ed30
core   0: 3 0x800076a8 (0x6ed30297) x5  0xeed376a8
core   0: 0x800076ac (0xb8010713) addi    a4, sp, -1152
core   0: 3 0x800076ac (0xb8010713) x14 0xfffffb80
core   0: 0x800076b0 (0xfe7efa93) andi    s5, t4, -25
core   0: 3 0x800076b0 (0xfe7efa93) x21 0x00000000
core   0: 0x800076b4 (0x00f577b3) and     a5, a0, a5
core   0: 3 0x800076b4 (0x00f577b3) x15 0x00000000
core   0: 0x800076b8 (0x0077d933) srl     s2, a5, t2
core   0: 3 0x800076b8 (0x0077d933) x18 0x00000000
core   0: 0x800076bc (0x0176a933) slt     s2, a3, s7
core   0: 3 0x800076bc (0x0176a933) x18 0x00000001
core   0: 0x800076c0 (0x0bb80693) addi    a3, a6, 187
core   0: 3 0x800076c0 (0x0bb80693) x13 0xd76fc0bb
core   0: 0x800076c4 (0x0101f733) and     a4, gp, a6
core   0: 3 0x800076c4 (0x0101f733) x14 0x00000000
core   0: 0x800076c8 (0x016fd5b3) srl     a1, t6, s6
core   0: 3 0x800076c8 (0x016fd5b3) x11 0x00000000
core   0: 0x800076cc (0x00733bb3) sltu    s7, t1, t2
core   0: 3 0x800076cc (0x00733bb3) x23 0x00000000
core   0: 0x800076d0 (0x00c21c13) slli    s8, tp, 12
core   0: 3 0x800076d0 (0x00c21c13) x24 0x00000000
core   0: 0x800076d4 (0x615f0c93) addi    s9, t5, 1557
core   0: 3 0x800076d4 (0x615f0c93) x25 0x800192f9
core   0: 0x800076d8 (0x00cf1733) sll     a4, t5, a2
core   0: 3 0x800076d8 (0x00cf1733) x14 0x00000000
core   0: 0x800076dc (0x01179013) slli    zero, a5, 17
core   0: 3 0x800076dc (0x01179013)
core   0: 0x800076e0 (0x0195d733) srl     a4, a1, s9
core   0: 3 0x800076e0 (0x0195d733) x14 0x00000000
core   0: 0x800076e4 (0x01a1fdb3) and     s11, gp, s10
core   0: 3 0x800076e4 (0x01a1fdb3) x27 0x00000000
core   0: 0x800076e8 (0x00e334b3) sltu    s1, t1, a4
core   0: 3 0x800076e8 (0x00e334b3) x9  0x00000000
core   0: 0x800076ec (0x4109df93) srai    t6, s3, 16
core   0: 3 0x800076ec (0x4109df93) x31 0x00000000
core   0: 0x800076f0 (0x007e93b3) sll     t2, t4, t2
core   0: 3 0x800076f0 (0x007e93b3) x7  0x00000030
core   0: 0x800076f4 (0x082cae97) auipc   t4, 0x82ca
core   0: 3 0x800076f4 (0x082cae97) x29 0x882d16f4
core   0: 0x800076f8 (0x5e94a213) slti    tp, s1, 1513
core   0: 3 0x800076f8 (0x5e94a213) x4  0x00000001
core   0: 0x800076fc (0xa50023b7) lui     t2, 0xa5002
core   0: 3 0x800076fc (0xa50023b7) x7  0xa5002000
core   0: 0x80007700 (0x41500d33) sub     s10, zero, s5
core   0: 3 0x80007700 (0x41500d33) x26 0x00000000
core   0: 0x80007704 (0x00000013) nop
core   0: 3 0x80007704 (0x00000013)
core   0: 0x80007708 (0x4000dc33) sra     s8, ra, zero
core   0: 3 0x80007708 (0x4000dc33) x24 0x00000131
core   0: 0x8000770c (0x0192c433) xor     s0, t0, s9
core   0: 3 0x8000770c (0x0192c433) x8  0x6ed2e451
core   0: 0x80007710 (0xb01e2713) slti    a4, t3, -1279
core   0: 3 0x80007710 (0xb01e2713) x14 0x00000000
core   0: 0x80007714 (0x010cb633) sltu    a2, s9, a6
core   0: 3 0x80007714 (0x010cb633) x12 0x00000001
core   0: 0x80007718 (0x00c4a833) slt     a6, s1, a2
core   0: 3 0x80007718 (0x00c4a833) x16 0x00000001
core   0: 0x8000771c (0x007e1333) sll     t1, t3, t2
core   0: 3 0x8000771c (0x007e1333) x6  0xfffffb9c
core   0: 0x80007720 (0x00000013) nop
core   0: 3 0x80007720 (0x00000013)
core   0: 0x80007724 (0x01231c93) slli    s9, t1, 18
core   0: 3 0x80007724 (0x01231c93) x25 0xee700000
core   0: 0x80007728 (0x003603b3) add     t2, a2, gp
core   0: 3 0x80007728 (0x003603b3) x7  0x00000001
core   0: 0x8000772c (0x41f6db33) sra     s6, a3, t6
core   0: 3 0x8000772c (0x41f6db33) x22 0xd76fc0bb
core   0: 0x80007730 (0x40ae05b3) sub     a1, t3, a0
core   0: 3 0x80007730 (0x40ae05b3) x11 0x7ffead38
core   0: 0x80007734 (0x01879fb3) sll     t6, a5, s8
core   0: 3 0x80007734 (0x01879fb3) x31 0x00000000
core   0: 0x80007738 (0x00fe62b3) or      t0, t3, a5
core   0: 3 0x80007738 (0x00fe62b3) x5  0xfffffb9c
core   0: 0x8000773c (0x009e2233) slt     tp, t3, s1
core   0: 3 0x8000773c (0x009e2233) x4  0x00000001
core   0: 0x80007740 (0x18f18793) addi    a5, gp, 399
core   0: 3 0x80007740 (0x18f18793) x15 0x0000018f
core   0: 0x80007744 (0x3d5f6193) ori     gp, t5, 981
core   0: 3 0x80007744 (0x3d5f6193) x3  0x80018ff5
core   0: 0x80007748 (0x00969fb3) sll     t6, a3, s1
core   0: 3 0x80007748 (0x00969fb3) x31 0xd76fc0bb
core   0: 0x8000774c (0x01fe1813) slli    a6, t3, 31
core   0: 3 0x8000774c (0x01fe1813) x16 0x00000000
core   0: 0x80007750 (0x59e8c713) xori    a4, a7, 1438
core   0: 3 0x80007750 (0x59e8c713) x14 0x800148c7
core   0: 0x80007754 (0x386e3713) sltiu   a4, t3, 902
core   0: 3 0x80007754 (0x386e3713) x14 0x00000000
core   0: 0x80007758 (0x41ddd193) srai    gp, s11, 29
core   0: 3 0x80007758 (0x41ddd193) x3  0x00000000
core   0: 0x8000775c (0x0108d913) srli    s2, a7, 16
core   0: 3 0x8000775c (0x0108d913) x18 0x00008001
core   0: 0x80007760 (0xc2687393) andi    t2, a6, -986
core   0: 3 0x80007760 (0xc2687393) x7  0x00000000
core   0: 0x80007764 (0x01e5d793) srli    a5, a1, 30
core   0: 3 0x80007764 (0x01e5d793) x15 0x00000001
core   0: 0x80007768 (0x567c7893) andi    a7, s8, 1383
core   0: 3 0x80007768 (0x567c7893) x17 0x00000121
core   0: 0x8000776c (0x00000013) nop
core   0: 3 0x8000776c (0x00000013)
core   0: 0x80007770 (0x000f15b3) sll     a1, t5, zero
core   0: 3 0x80007770 (0x000f15b3) x11 0x80018ce4
core   0: 0x80007774 (0x0b4f2493) slti    s1, t5, 180
core   0: 3 0x80007774 (0x0b4f2493) x9  0x00000001
core   0: 0x80007778 (0x004c10b3) sll     ra, s8, tp
core   0: 3 0x80007778 (0x004c10b3) x1  0x00000262
core   0: 0x8000777c (0x01197333) and     t1, s2, a7
core   0: 3 0x8000777c (0x01197333) x6  0x00000001
core   0: 0x80007780 (0x012c18b3) sll     a7, s8, s2
core   0: 3 0x80007780 (0x012c18b3) x17 0x00000262
core   0: 0x80007784 (0xb50c8013) addi    zero, s9, -1200
core   0: 3 0x80007784 (0xb50c8013)
core   0: 0x80007788 (0xf7ed4113) xori    sp, s10, -130
core   0: 3 0x80007788 (0xf7ed4113) x2  0xffffff7e
core   0: 0x8000778c (0x00429013) slli    zero, t0, 4
core   0: 3 0x8000778c (0x00429013)
core   0: 0x80007790 (0x01effd33) and     s10, t6, t5
core   0: 3 0x80007790 (0x01effd33) x26 0x800180a0
core   0: 0x80007794 (0x00000013) nop
core   0: 3 0x80007794 (0x00000013)
core   0: 0x80007798 (0x0145c833) xor     a6, a1, s4
core   0: 3 0x80007798 (0x0145c833) x16 0x80018ce5
core   0: 0x8000779c (0x00c0b7b3) sltu    a5, ra, a2
core   0: 3 0x8000779c (0x00c0b7b3) x15 0x00000000
core   0: 0x800077a0 (0x01749d33) sll     s10, s1, s7
core   0: 3 0x800077a0 (0x01749d33) x26 0x00000001
core   0: 0x800077a4 (0x2162e793) ori     a5, t0, 534
core   0: 3 0x800077a4 (0x2162e793) x15 0xfffffb9e
core   0: 0x800077a8 (0xf8307837) lui     a6, 0xf8307
core   0: 3 0x800077a8 (0xf8307837) x16 0xf8307000
core   0: 0x800077ac (0x01d7ddb3) srl     s11, a5, t4
core   0: 3 0x800077ac (0x01d7ddb3) x27 0x00000fff
core   0: 0x800077b0 (0x12460c13) addi    s8, a2, 292
core   0: 3 0x800077b0 (0x12460c13) x24 0x00000125
core   0: 0x800077b4 (0x702d8b93) addi    s7, s11, 1794
core   0: 3 0x800077b4 (0x702d8b93) x23 0x00001701
core   0: 0x800077b8 (0x00c3df93) srli    t6, t2, 12
core   0: 3 0x800077b8 (0x00c3df93) x31 0x00000000
core   0: 0x800077bc (0x405105b3) sub     a1, sp, t0
core   0: 3 0x800077bc (0x405105b3) x11 0x000003e2
core   0: 0x800077c0 (0x40fc5ab3) sra     s5, s8, a5
core   0: 3 0x800077c0 (0x40fc5ab3) x21 0x00000000
core   0: 0x800077c4 (0x009ebb33) sltu    s6, t4, s1
core   0: 3 0x800077c4 (0x009ebb33) x22 0x00000000
core   0: 0x800077c8 (0x01a44833) xor     a6, s0, s10
core   0: 3 0x800077c8 (0x01a44833) x16 0x6ed2e450
core   0: 0x800077cc (0x01809593) slli    a1, ra, 24
core   0: 3 0x800077cc (0x01809593) x11 0x62000000
core   0: 0x800077d0 (0x00192fb3) slt     t6, s2, ra
core   0: 3 0x800077d0 (0x00192fb3) x31 0x00000000
core   0: 0x800077d4 (0x00000013) nop
core   0: 3 0x800077d4 (0x00000013)
core   0: 0x800077d8 (0xf15d8397) auipc   t2, 0xf15d8
core   0: 3 0x800077d8 (0xf15d8397) x7  0x715df7d8
core   0: 0x800077dc (0x00000013) nop
core   0: 3 0x800077dc (0x00000013)
core   0: 0x800077e0 (0x19e5ff93) andi    t6, a1, 414
core   0: 3 0x800077e0 (0x19e5ff93) x31 0x00000000
core   0: 0x800077e4 (0x79013913) sltiu   s2, sp, 1936
core   0: 3 0x800077e4 (0x79013913) x18 0x00000000
core   0: 0x800077e8 (0xdc8c7913) andi    s2, s8, -568
core   0: 3 0x800077e8 (0xdc8c7913) x18 0x00000100
core   0: 0x800077ec (0x005bb033) sltu    zero, s7, t0
core   0: 3 0x800077ec (0x005bb033)
core   0: 0x800077f0 (0x017756b3) srl     a3, a4, s7
core   0: 3 0x800077f0 (0x017756b3) x13 0x00000000
core   0: 0x800077f4 (0x291fe213) ori     tp, t6, 657
core   0: 3 0x800077f4 (0x291fe213) x4  0x00000291
core   0: 0x800077f8 (0x000a2eb3) slt     t4, s4, zero
core   0: 3 0x800077f8 (0x000a2eb3) x29 0x00000000
core   0: 0x800077fc (0x002a0db3) add     s11, s4, sp
core   0: 3 0x800077fc (0x002a0db3) x27 0xffffff7f
core   0: 0x80007800 (0x0121cdb3) xor     s11, gp, s2
core   0: 3 0x80007800 (0x0121cdb3) x27 0x00000100
core   0: 0x80007804 (0x017d2eb3) slt     t4, s10, s7
core   0: 3 0x80007804 (0x017d2eb3) x29 0x00000001
core   0: 0x80007808 (0x011afcb3) and     s9, s5, a7
core   0: 3 0x80007808 (0x011afcb3) x25 0x00000000
core   0: 0x8000780c (0xacbde613) ori     a2, s11, -1333
core   0: 3 0x8000780c (0xacbde613) x12 0xfffffbcb
core   0: 0x80007810 (0x9c9f6d13) ori     s10, t5, -1591
core   0: 3 0x80007810 (0x9c9f6d13) x26 0xfffffded
core   0: 0x80007814 (0x4fe5b213) sltiu   tp, a1, 1278
core   0: 3 0x80007814 (0x4fe5b213) x4  0x00000000
core   0: 0x80007818 (0x1bf30193) addi    gp, t1, 447
core   0: 3 0x80007818 (0x1bf30193) x3  0x000001c0
core   0: 0x8000781c (0x8706c193) xori    gp, a3, -1936
core   0: 3 0x8000781c (0x8706c193) x3  0xfffff870
core   0: 0x80007820 (0x0107a0b3) slt     ra, a5, a6
core   0: 3 0x80007820 (0x0107a0b3) x1  0x00000001
core   0: 0x80007824 (0x0030d1b3) srl     gp, ra, gp
core   0: 3 0x80007824 (0x0030d1b3) x3  0x00000000
core   0: 0x80007828 (0x00a09593) slli    a1, ra, 10
core   0: 3 0x80007828 (0x00a09593) x11 0x00000400
core   0: 0x8000782c (0x41bb0933) sub     s2, s6, s11
core   0: 3 0x8000782c (0x41bb0933) x18 0xffffff00
core   0: 0x80007830 (0x00395313) srli    t1, s2, 3
core   0: 3 0x80007830 (0x00395313) x6  0x1fffffe0
core   0: 0x80007834 (0x013fbdb3) sltu    s11, t6, s3
core   0: 3 0x80007834 (0x013fbdb3) x27 0x00000001
core   0: 0x80007838 (0x00effe33) and     t3, t6, a4
core   0: 3 0x80007838 (0x00effe33) x28 0x00000000
core   0: 0x8000783c (0x407dde13) srai    t3, s11, 7
core   0: 3 0x8000783c (0x407dde13) x28 0x00000000
core   0: 0x80007840 (0x002d43b3) xor     t2, s10, sp
core   0: 3 0x80007840 (0x002d43b3) x7  0x00000293
core   0: 0x80007844 (0x0067d793) srli    a5, a5, 6
core   0: 3 0x80007844 (0x0067d793) x15 0x03ffffee
core   0: 0x80007848 (0x00a065b3) or      a1, zero, a0
core   0: 3 0x80007848 (0x00a065b3) x11 0x80014e64
core   0: 0x8000784c (0x17b69817) auipc   a6, 0x17b69
core   0: 3 0x8000784c (0x17b69817) x16 0x97b7084c
core   0: 0x80007850 (0x408f6f93) ori     t6, t5, 1032
core   0: 3 0x80007850 (0x408f6f93) x31 0x80018cec
core   0: 0x80007854 (0x969e0493) addi    s1, t3, -1687
core   0: 3 0x80007854 (0x969e0493) x9  0xfffff969
core   0: 0x80007858 (0x006e6eb3) or      t4, t3, t1
core   0: 3 0x80007858 (0x006e6eb3) x29 0x1fffffe0
core   0: 0x8000785c (0x009ed5b3) srl     a1, t4, s1
core   0: 3 0x8000785c (0x009ed5b3) x11 0x000fffff
core   0: 0x80007860 (0x0070ad33) slt     s10, ra, t2
core   0: 3 0x80007860 (0x0070ad33) x26 0x00000001
core   0: 0x80007864 (0x00263333) sltu    t1, a2, sp
core   0: 3 0x80007864 (0x00263333) x6  0x00000001
core   0: 0x80007868 (0x6422eb13) ori     s6, t0, 1602
core   0: 3 0x80007868 (0x6422eb13) x22 0xffffffde
core   0: 0x8000786c (0x006a23b3) slt     t2, s4, t1
core   0: 3 0x8000786c (0x006a23b3) x7  0x00000000
core   0: 0x80007870 (0x404d8eb3) sub     t4, s11, tp
core   0: 3 0x80007870 (0x404d8eb3) x29 0x00000001
core   0: 0x80007874 (0x00000013) nop
core   0: 3 0x80007874 (0x00000013)
core   0: 0x80007878 (0xda7e2e93) slti    t4, t3, -601
core   0: 3 0x80007878 (0xda7e2e93) x29 0x00000000
core   0: 0x8000787c (0xc1fb7a13) andi    s4, s6, -993
core   0: 3 0x8000787c (0xc1fb7a13) x20 0xfffffc1e
core   0: 0x80007880 (0x00000013) nop
core   0: 3 0x80007880 (0x00000013)
core   0: 0x80007884 (0xc2f13193) sltiu   gp, sp, -977
core   0: 3 0x80007884 (0xc2f13193) x3  0x00000000
core   0: 0x80007888 (0x01a17933) and     s2, sp, s10
core   0: 3 0x80007888 (0x01a17933) x18 0x00000000
core   0: 0x8000788c (0x007b62b3) or      t0, s6, t2
core   0: 3 0x8000788c (0x007b62b3) x5  0xffffffde
core   0: 0x80007890 (0x01809d93) slli    s11, ra, 24
core   0: 3 0x80007890 (0x01809d93) x27 0x01000000
core   0: 0x80007894 (0x00000013) nop
core   0: 3 0x80007894 (0x00000013)
core   0: 0x80007898 (0x7168eb17) auipc   s6, 0x7168e
core   0: 3 0x80007898 (0x7168eb17) x22 0xf1695898
core   0: 0x8000789c (0xc0687413) andi    s0, a6, -1018
core   0: 3 0x8000789c (0xc0687413) x8  0x97b70804
core   0: 0x800078a0 (0x40b35433) sra     s0, t1, a1
core   0: 3 0x800078a0 (0x40b35433) x8  0x00000000
core   0: 0x800078a4 (0x0020b333) sltu    t1, ra, sp
core   0: 3 0x800078a4 (0x0020b333) x6  0x00000001
core   0: 0x800078a8 (0xcc322013) slti    zero, tp, -829
core   0: 3 0x800078a8 (0xcc322013)
core   0: 0x800078ac (0x00adbd33) sltu    s10, s11, a0
core   0: 3 0x800078ac (0x00adbd33) x26 0x00000001
core   0: 0x800078b0 (0x00f95b93) srli    s7, s2, 15
core   0: 3 0x800078b0 (0x00f95b93) x23 0x00000000
core   0: 0x800078b4 (0x6f681eb7) lui     t4, 0x6f681
core   0: 3 0x800078b4 (0x6f681eb7) x29 0x6f681000
core   0: 0x800078b8 (0x006d21b3) slt     gp, s10, t1
core   0: 3 0x800078b8 (0x006d21b3) x3  0x00000000
core   0: 0x800078bc (0x00e2e1b3) or      gp, t0, a4
core   0: 3 0x800078bc (0x00e2e1b3) x3  0xffffffde
core   0: 0x800078c0 (0xb51c0893) addi    a7, s8, -1199
core   0: 3 0x800078c0 (0xb51c0893) x17 0xfffffc76
core   0: 0x800078c4 (0x41080933) sub     s2, a6, a6
core   0: 3 0x800078c4 (0x41080933) x18 0x00000000
core   0: 0x800078c8 (0x0048d933) srl     s2, a7, tp
core   0: 3 0x800078c8 (0x0048d933) x18 0xfffffc76
core   0: 0x800078cc (0x00c656b3) srl     a3, a2, a2
core   0: 3 0x800078cc (0x00c656b3) x13 0x001fffff
core   0: 0x800078d0 (0x018431b3) sltu    gp, s0, s8
core   0: 3 0x800078d0 (0x018431b3) x3  0x00000001
core   0: 0x800078d4 (0x0118d613) srli    a2, a7, 17
core   0: 3 0x800078d4 (0x0118d613) x12 0x00007fff
core   0: 0x800078d8 (0xc9ed0897) auipc   a7, 0xc9ed0
core   0: 3 0x800078d8 (0xc9ed0897) x17 0x49ed78d8
core   0: 0x800078dc (0x1c7c6b13) ori     s6, s8, 455
core   0: 3 0x800078dc (0x1c7c6b13) x22 0x000001e7
core   0: 0x800078e0 (0xacb88d93) addi    s11, a7, -1333
core   0: 3 0x800078e0 (0xacb88d93) x27 0x49ed73a3
core   0: 0x800078e4 (0x77ba3713) sltiu   a4, s4, 1915
core   0: 3 0x800078e4 (0x77ba3713) x14 0x00000000
core   0: 0x800078e8 (0x36b1c2b7) lui     t0, 0x36b1c
core   0: 3 0x800078e8 (0x36b1c2b7) x5  0x36b1c000
core   0: 0x800078ec (0x0045c1b3) xor     gp, a1, tp
core   0: 3 0x800078ec (0x0045c1b3) x3  0x000fffff
core   0: 0x800078f0 (0x01661e93) slli    t4, a2, 22
core   0: 3 0x800078f0 (0x01661e93) x29 0xffc00000
core   0: 0x800078f4 (0xc39b3b93) sltiu   s7, s6, -967
core   0: 3 0x800078f4 (0xc39b3b93) x23 0x00000001
core   0: 0x800078f8 (0x0115deb3) srl     t4, a1, a7
core   0: 3 0x800078f8 (0x0115deb3) x29 0x00000000
core   0: 0x800078fc (0x00a86733) or      a4, a6, a0
core   0: 3 0x800078fc (0x00a86733) x14 0x97b74e6c
core   0: 0x80007900 (0x000631b3) sltu    gp, a2, zero
core   0: 3 0x80007900 (0x000631b3) x3  0x00000000
core   0: 0x80007904 (0x40d906b3) sub     a3, s2, a3
core   0: 3 0x80007904 (0x40d906b3) x13 0xffdffc77
core   0: 0x80007908 (0x012bd633) srl     a2, s7, s2
core   0: 3 0x80007908 (0x012bd633) x12 0x00000000
core   0: 0x8000790c (0x00052e33) slt     t3, a0, zero
core   0: 3 0x8000790c (0x00052e33) x28 0x00000001
core   0: 0x80007910 (0x008664b3) or      s1, a2, s0
core   0: 3 0x80007910 (0x008664b3) x9  0x00000000
core   0: 0x80007914 (0x007655b3) srl     a1, a2, t2
core   0: 3 0x80007914 (0x007655b3) x11 0x00000000
core   0: 0x80007918 (0x9237cb93) xori    s7, a5, -1757
core   0: 3 0x80007918 (0x9237cb93) x23 0xfc0006cd
core   0: 0x8000791c (0x2cc76613) ori     a2, a4, 716
core   0: 3 0x8000791c (0x2cc76613) x12 0x97b74eec
core   0: 0x80007920 (0xce53c293) xori    t0, t2, -795
core   0: 3 0x80007920 (0xce53c293) x5  0xfffffce5
core   0: 0x80007924 (0x85b23613) sltiu   a2, tp, -1957
core   0: 3 0x80007924 (0x85b23613) x12 0x00000001
core   0: 0x80007928 (0x94b5a813) slti    a6, a1, -1717
core   0: 3 0x80007928 (0x94b5a813) x16 0x00000000
core   0: 0x8000792c (0x40505093) srai    ra, zero, 5
core   0: 3 0x8000792c (0x40505093) x1  0x00000000
core   0: 0x80007930 (0x01ff36b3) sltu    a3, t5, t6
core   0: 3 0x80007930 (0x01ff36b3) x13 0x00000001
core   0: 0x80007934 (0x01138433) add     s0, t2, a7
core   0: 3 0x80007934 (0x01138433) x8  0x49ed78d8
core   0: 0x80007938 (0x017b1613) slli    a2, s6, 23
core   0: 3 0x80007938 (0x017b1613) x12 0xf3800000
core   0: 0x8000793c (0x9ba13093) sltiu   ra, sp, -1606
core   0: 3 0x8000793c (0x9ba13093) x1  0x00000000
core   0: 0x80007940 (0x93b7f313) andi    t1, a5, -1733
core   0: 3 0x80007940 (0x93b7f313) x6  0x03fff92a
core   0: 0x80007944 (0x40bf5fb3) sra     t6, t5, a1
core   0: 3 0x80007944 (0x40bf5fb3) x31 0x80018ce4
core   0: 0x80007948 (0x00e9c4b3) xor     s1, s3, a4
core   0: 3 0x80007948 (0x00e9c4b3) x9  0x97b74e63
core   0: 0x8000794c (0x0033c133) xor     sp, t2, gp
core   0: 3 0x8000794c (0x0033c133) x2  0x00000000
core   0: 0x80007950 (0x410c5833) sra     a6, s8, a6
core   0: 3 0x80007950 (0x410c5833) x16 0x00000125
core   0: 0x80007954 (0x00edc833) xor     a6, s11, a4
core   0: 3 0x80007954 (0x00edc833) x16 0xde5a3dcf
core   0: 0x80007958 (0x01996cb3) or      s9, s2, s9
core   0: 3 0x80007958 (0x01996cb3) x25 0xfffffc76
core   0: 0x8000795c (0x58ef2e93) slti    t4, t5, 1422
core   0: 3 0x8000795c (0x58ef2e93) x29 0x00000001
core   0: 0x80007960 (0x01b94b33) xor     s6, s2, s11
core   0: 3 0x80007960 (0x01b94b33) x22 0xb6128fd5
core   0: 0x80007964 (0x9d680613) addi    a2, a6, -1578
core   0: 3 0x80007964 (0x9d680613) x12 0xde5a37a5
core   0: 0x80007968 (0x74954313) xori    t1, a0, 1865
core   0: 3 0x80007968 (0x74954313) x6  0x8001492d
core   0: 0x8000796c (0x00016e33) or      t3, sp, zero
core   0: 3 0x8000796c (0x00016e33) x28 0x00000000
core   0: 0x80007970 (0x28ab7113) andi    sp, s6, 650
core   0: 3 0x80007970 (0x28ab7113) x2  0x00000280
core   0: 0x80007974 (0x014a9eb3) sll     t4, s5, s4
core   0: 3 0x80007974 (0x014a9eb3) x29 0x00000000
core   0: 0x80007978 (0x01485813) srli    a6, a6, 20
core   0: 3 0x80007978 (0x01485813) x16 0x00000de5
core   0: 0x8000797c (0x01430933) add     s2, t1, s4
core   0: 3 0x8000797c (0x01430933) x18 0x8001454b
core   0: 0x80007980 (0xd13d8f93) addi    t6, s11, -749
core   0: 3 0x80007980 (0xd13d8f93) x31 0x49ed70b6
core   0: 0x80007984 (0x4ea7ae13) slti    t3, a5, 1258
core   0: 3 0x80007984 (0x4ea7ae13) x28 0x00000000
core   0: 0x80007988 (0x40c65813) srai    a6, a2, 12
core   0: 3 0x80007988 (0x40c65813) x16 0xfffde5a3
core   0: 0x8000798c (0x00376217) auipc   tp, 0x376
core   0: 3 0x8000798c (0x00376217) x4  0x8037d98c
core   0: 0x80007990 (0x7b028393) addi    t2, t0, 1968
core   0: 3 0x80007990 (0x7b028393) x7  0x00000495
core   0: 0x80007994 (0x01ace7b3) or      a5, s9, s10
core   0: 3 0x80007994 (0x01ace7b3) x15 0xfffffc77
core   0: 0x80007998 (0x6da53d13) sltiu   s10, a0, 1754
core   0: 3 0x80007998 (0x6da53d13) x26 0x00000000
core   0: 0x8000799c (0x00f93bb3) sltu    s7, s2, a5
core   0: 3 0x8000799c (0x00f93bb3) x23 0x00000001
core   0: 0x800079a0 (0xb2c0b113) sltiu   sp, ra, -1236
core   0: 3 0x800079a0 (0xb2c0b113) x2  0x00000001
core   0: 0x800079a4 (0x00c25a93) srli    s5, tp, 12
core   0: 3 0x800079a4 (0x00c25a93) x21 0x0008037d
core   0: 0x800079a8 (0x415e8c33) sub     s8, t4, s5
core   0: 3 0x800079a8 (0x415e8c33) x24 0xfff7fc83
core   0: 0x800079ac (0x00000013) nop
core   0: 3 0x800079ac (0x00000013)
core   0: 0x800079b0 (0x01257c33) and     s8, a0, s2
core   0: 3 0x800079b0 (0x01257c33) x24 0x80014440
core   0: 0x800079b4 (0x40e5d733) sra     a4, a1, a4
core   0: 3 0x800079b4 (0x40e5d733) x14 0x00000000
core   0: 0x800079b8 (0x00000013) nop
core   0: 3 0x800079b8 (0x00000013)
core   0: 0x800079bc (0x01324933) xor     s2, tp, s3
core   0: 3 0x800079bc (0x01324933) x18 0x8037d983
core   0: 0x800079c0 (0x40ac55b3) sra     a1, s8, a0
core   0: 3 0x800079c0 (0x40ac55b3) x11 0xf8001444
core   0: 0x800079c4 (0xab2e6213) ori     tp, t3, -1358
core   0: 3 0x800079c4 (0xab2e6213) x4  0xfffffab2
core   0: 0x800079c8 (0x01a5c8b3) xor     a7, a1, s10
core   0: 3 0x800079c8 (0x01a5c8b3) x17 0xf8001444
core   0: 0x800079cc (0x0f320a93) addi    s5, tp, 243
core   0: 3 0x800079cc (0x0f320a93) x21 0xfffffba5
core   0: 0x800079d0 (0xee898193) addi    gp, s3, -280
core   0: 3 0x800079d0 (0xee898193) x3  0xfffffef7
core   0: 0x800079d4 (0x0066cdb3) xor     s11, a3, t1
core   0: 3 0x800079d4 (0x0066cdb3) x27 0x8001492c
core   0: 0x800079d8 (0x001c62b3) or      t0, s8, ra
core   0: 3 0x800079d8 (0x001c62b3) x5  0x80014440
core   0: 0x800079dc (0x40165e33) sra     t3, a2, ra
core   0: 3 0x800079dc (0x40165e33) x28 0xde5a37a5
core   0: 0x800079e0 (0x00000013) nop
core   0: 3 0x800079e0 (0x00000013)
core   0: 0x800079e4 (0x00e99fb3) sll     t6, s3, a4
core   0: 3 0x800079e4 (0x00e99fb3) x31 0x0000000f
core   0: 0x800079e8 (0xb8138693) addi    a3, t2, -1151
core   0: 3 0x800079e8 (0xb8138693) x13 0x00000016
core   0: 0x800079ec (0x41095493) srai    s1, s2, 16
core   0: 3 0x800079ec (0x41095493) x9  0xffff8037
core   0: 0x800079f0 (0x009edb33) srl     s6, t4, s1
core   0: 3 0x800079f0 (0x009edb33) x22 0x00000000
core   0: 0x800079f4 (0x00297b33) and     s6, s2, sp
core   0: 3 0x800079f4 (0x00297b33) x22 0x00000001
core   0: 0x800079f8 (0x41708c33) sub     s8, ra, s7
core   0: 3 0x800079f8 (0x41708c33) x24 0xffffffff
core   0: 0x800079fc (0x01879bb3) sll     s7, a5, s8
core   0: 3 0x800079fc (0x01879bb3) x23 0x80000000
core   0: 0x80007a00 (0x781c6193) ori     gp, s8, 1921
core   0: 3 0x80007a00 (0x781c6193) x3  0xffffffff
core   0: 0x80007a04 (0x419d8297) auipc   t0, 0x419d8
core   0: 3 0x80007a04 (0x419d8297) x5  0xc19dfa04
core   0: 0x80007a08 (0x01bdcdb3) xor     s11, s11, s11
core   0: 3 0x80007a08 (0x01bdcdb3) x27 0x00000000
core   0: 0x80007a0c (0xc957f313) andi    t1, a5, -875
core   0: 3 0x80007a0c (0xc957f313) x6  0xfffffc15
core   0: 0x80007a10 (0x019b5013) srli    zero, s6, 25
core   0: 3 0x80007a10 (0x019b5013)
core   0: 0x80007a14 (0x41468233) sub     tp, a3, s4
core   0: 3 0x80007a14 (0x41468233) x4  0x000003f8
core   0: 0x80007a18 (0xf3ac0c93) addi    s9, s8, -198
core   0: 3 0x80007a18 (0xf3ac0c93) x25 0xffffff39
core   0: 0x80007a1c (0x009dbb33) sltu    s6, s11, s1
core   0: 3 0x80007a1c (0x009dbb33) x22 0x00000001
core   0: 0x80007a20 (0x40ad52b3) sra     t0, s10, a0
core   0: 3 0x80007a20 (0x40ad52b3) x5  0x00000000
core   0: 0x80007a24 (0x9a42c713) xori    a4, t0, -1628
core   0: 3 0x80007a24 (0x9a42c713) x14 0xfffff9a4
core   0: 0x80007a28 (0xf285b293) sltiu   t0, a1, -216
core   0: 3 0x80007a28 (0xf285b293) x5  0x00000001
core   0: 0x80007a2c (0x01c7fb33) and     s6, a5, t3
core   0: 3 0x80007a2c (0x01c7fb33) x22 0xde5a3425
core   0: 0x80007a30 (0x003e9213) slli    tp, t4, 3
core   0: 3 0x80007a30 (0x003e9213) x4  0x00000000
core   0: 0x80007a34 (0x01a70db3) add     s11, a4, s10
core   0: 3 0x80007a34 (0x01a70db3) x27 0xfffff9a4
core   0: 0x80007a38 (0x01f06633) or      a2, zero, t6
core   0: 3 0x80007a38 (0x01f06633) x12 0x0000000f
core   0: 0x80007a3c (0x262ff613) andi    a2, t6, 610
core   0: 3 0x80007a3c (0x262ff613) x12 0x00000002
core   0: 0x80007a40 (0x010944b3) xor     s1, s2, a6
core   0: 3 0x80007a40 (0x010944b3) x9  0x7fca3c20
core   0: 0x80007a44 (0x01289193) slli    gp, a7, 18
core   0: 3 0x80007a44 (0x01289193) x3  0x51100000
core   0: 0x80007a48 (0x00c94cb3) xor     s9, s2, a2
core   0: 3 0x80007a48 (0x00c94cb3) x25 0x8037d981
core   0: 0x80007a4c (0x01ac7b33) and     s6, s8, s10
core   0: 3 0x80007a4c (0x01ac7b33) x22 0x00000000
core   0: 0x80007a50 (0xc7603a97) auipc   s5, 0xc7603
core   0: 3 0x80007a50 (0xc7603a97) x21 0x4760aa50
core   0: 0x80007a54 (0x41910e33) sub     t3, sp, s9
core   0: 3 0x80007a54 (0x41910e33) x28 0x7fc82680
core   0: 0x80007a58 (0x0134d1b3) srl     gp, s1, s3
core   0: 3 0x80007a58 (0x0134d1b3) x3  0x0000ff94
core   0: 0x80007a5c (0x4176d333) sra     t1, a3, s7
core   0: 3 0x80007a5c (0x4176d333) x6  0x00000016
core   0: 0x80007a60 (0x0004abb3) slt     s7, s1, zero
core   0: 3 0x80007a60 (0x0004abb3) x23 0x00000000
core   0: 0x80007a64 (0x0188b3b3) sltu    t2, a7, s8
core   0: 3 0x80007a64 (0x0188b3b3) x7  0x00000001
core   0: 0x80007a68 (0x12a3ae13) slti    t3, t2, 298
core   0: 3 0x80007a68 (0x12a3ae13) x28 0x00000001
core   0: 0x80007a6c (0xa1780293) addi    t0, a6, -1513
core   0: 3 0x80007a6c (0xa1780293) x5  0xfffddfba
core   0: 0x80007a70 (0x41f988b3) sub     a7, s3, t6
core   0: 3 0x80007a70 (0x41f988b3) x17 0x00000000
core   0: 0x80007a74 (0x92757917) auipc   s2, 0x92757
core   0: 3 0x80007a74 (0x92757917) x18 0x1275ea74
core   0: 0x80007a78 (0x40365933) sra     s2, a2, gp
core   0: 3 0x80007a78 (0x40365933) x18 0x00000000
core   0: 0x80007a7c (0xab2af113) andi    sp, s5, -1358
core   0: 3 0x80007a7c (0xab2af113) x2  0x4760aa10
core   0: 0x80007a80 (0x00107033) and     zero, zero, ra
core   0: 3 0x80007a80 (0x00107033)
core   0: 0x80007a84 (0x01aa5e13) srli    t3, s4, 26
core   0: 3 0x80007a84 (0x01aa5e13) x28 0x0000003f
core   0: 0x80007a88 (0x9c732293) slti    t0, t1, -1593
core   0: 3 0x80007a88 (0x9c732293) x5  0x00000000
core   0: 0x80007a8c (0x00000013) nop
core   0: 3 0x80007a8c (0x00000013)
core   0: 0x80007a90 (0x4118db13) srai    s6, a7, 17
core   0: 3 0x80007a90 (0x4118db13) x22 0x00000000
core   0: 0x80007a94 (0x00bd7bb3) and     s7, s10, a1
core   0: 3 0x80007a94 (0x00bd7bb3) x23 0x00000000
core   0: 0x80007a98 (0x00055593) srli    a1, a0, 0
core   0: 3 0x80007a98 (0x00055593) x11 0x80014e64
core   0: 0x80007a9c (0x2e3588b7) lui     a7, 0x2e358
core   0: 3 0x80007a9c (0x2e3588b7) x17 0x2e358000
core   0: 0x80007aa0 (0x014dc2b3) xor     t0, s11, s4
core   0: 3 0x80007aa0 (0x014dc2b3) x5  0x000005ba
core   0: 0x80007aa4 (0x0dccde97) auipc   t4, 0xdccd
core   0: 3 0x80007aa4 (0x0dccde97) x29 0x8dcd4aa4
core   0: 0x80007aa8 (0xa0c08a13) addi    s4, ra, -1524
core   0: 3 0x80007aa8 (0xa0c08a13) x20 0xfffffa0c
core   0: 0x80007aac (0x3c734193) xori    gp, t1, 967
core   0: 3 0x80007aac (0x3c734193) x3  0x000003d1
core   0: 0x80007ab0 (0x1e07ed37) lui     s10, 0x1e07e
core   0: 3 0x80007ab0 (0x1e07ed37) x26 0x1e07e000
core   0: 0x80007ab4 (0x00981f93) slli    t6, a6, 9
core   0: 3 0x80007ab4 (0x00981f93) x31 0xfbcb4600
core   0: 0x80007ab8 (0x000e37b3) sltu    a5, t3, zero
core   0: 3 0x80007ab8 (0x000e37b3) x15 0x00000000
core   0: 0x80007abc (0x009b6b33) or      s6, s6, s1
core   0: 3 0x80007abc (0x009b6b33) x22 0x7fca3c20
core   0: 0x80007ac0 (0x01620cb3) add     s9, tp, s6
core   0: 3 0x80007ac0 (0x01620cb3) x25 0x7fca3c20
core   0: 0x80007ac4 (0x90262a13) slti    s4, a2, -1790
core   0: 3 0x80007ac4 (0x90262a13) x20 0x00000000
core   0: 0x80007ac8 (0x40458e33) sub     t3, a1, tp
core   0: 3 0x80007ac8 (0x40458e33) x28 0x80014e64
core   0: 0x80007acc (0x3881bc13) sltiu   s8, gp, 904
core   0: 3 0x80007acc (0x3881bc13) x24 0x00000000
core   0: 0x80007ad0 (0x00756d33) or      s10, a0, t2
core   0: 3 0x80007ad0 (0x00756d33) x26 0x80014e65
core   0: 0x80007ad4 (0x00681833) sll     a6, a6, t1
core   0: 3 0x80007ad4 (0x00681833) x16 0x68c00000
core   0: 0x80007ad8 (0x01607b33) and     s6, zero, s6
core   0: 3 0x80007ad8 (0x01607b33) x22 0x00000000
core   0: 0x80007adc (0xd4036e13) ori     t3, t1, -704
core   0: 3 0x80007adc (0xd4036e13) x28 0xfffffd56
core   0: 0x80007ae0 (0xdc7e8193) addi    gp, t4, -569
core   0: 3 0x80007ae0 (0xdc7e8193) x3  0x8dcd486b
core   0: 0x80007ae4 (0xb464be37) lui     t3, 0xb464b
core   0: 3 0x80007ae4 (0xb464be37) x28 0xb464b000
core   0: 0x80007ae8 (0x01d9fe33) and     t3, s3, t4
core   0: 3 0x80007ae8 (0x01d9fe33) x28 0x00000004
core   0: 0x80007aec (0x00c3da13) srli    s4, t2, 12
core   0: 3 0x80007aec (0x00c3da13) x20 0x00000000
core   0: 0x80007af0 (0xfbbf8793) addi    a5, t6, -69
core   0: 3 0x80007af0 (0xfbbf8793) x15 0xfbcb45bb
core   0: 0x80007af4 (0x01ddd1b3) srl     gp, s11, t4
core   0: 3 0x80007af4 (0x01ddd1b3) x3  0x0fffff9a
core   0: 0x80007af8 (0x0e20ed93) ori     s11, ra, 226
core   0: 3 0x80007af8 (0x0e20ed93) x27 0x000000e2
core   0: 0x80007afc (0x00000013) nop
core   0: 3 0x80007afc (0x00000013)
core   0: 0x80007b00 (0x01dd9733) sll     a4, s11, t4
core   0: 3 0x80007b00 (0x01dd9733) x14 0x00000e20
core   0: 0x80007b04 (0x008ef5b3) and     a1, t4, s0
core   0: 3 0x80007b04 (0x008ef5b3) x11 0x09cd4880
core   0: 0x80007b08 (0x00ab4033) xor     zero, s6, a0
core   0: 3 0x80007b08 (0x00ab4033)
core   0: 0x80007b0c (0x00d102b3) add     t0, sp, a3
core   0: 3 0x80007b0c (0x00d102b3) x5  0x4760aa26
core   0: 0x80007b10 (0x00df2db3) slt     s11, t5, a3
core   0: 3 0x80007b10 (0x00df2db3) x27 0x00000001
core   0: 0x80007b14 (0x71dd0213) addi    tp, s10, 1821
core   0: 3 0x80007b14 (0x71dd0213) x4  0x80015582
core   0: 0x80007b18 (0x12cdc717) auipc   a4, 0x12cdc
core   0: 3 0x80007b18 (0x12cdc717) x14 0x92ce3b18
core   0: 0x80007b1c (0x000e5593) srli    a1, t3, 0
core   0: 3 0x80007b1c (0x000e5593) x11 0x00000004
core   0: 0x80007b20 (0x40f65233) sra     tp, a2, a5
core   0: 3 0x80007b20 (0x40f65233) x4  0x00000000
core   0: 0x80007b24 (0x00000013) nop
core   0: 3 0x80007b24 (0x00000013)
core   0: 0x80007b28 (0x5ef34297) auipc   t0, 0x5ef34
core   0: 3 0x80007b28 (0x5ef34297) x5  0xdef3bb28
core   0: 0x80007b2c (0xe523a593) slti    a1, t2, -430
core   0: 3 0x80007b2c (0xe523a593) x11 0x00000000
core   0: 0x80007b30 (0x1f740913) addi    s2, s0, 503
core   0: 3 0x80007b30 (0x1f740913) x18 0x49ed7acf
core   0: 0x80007b34 (0x41d05293) srai    t0, zero, 29
core   0: 3 0x80007b34 (0x41d05293) x5  0x00000000
core   0: 0x80007b38 (0x01b45d33) srl     s10, s0, s11
core   0: 3 0x80007b38 (0x01b45d33) x26 0x24f6bc6c
core   0: 0x80007b3c (0xac212613) slti    a2, sp, -1342
core   0: 3 0x80007b3c (0xac212613) x12 0x00000000
core   0: 0x80007b40 (0x59658397) auipc   t2, 0x59658
core   0: 3 0x80007b40 (0x59658397) x7  0xd965fb40
core   0: 0x80007b44 (0x40f5d8b3) sra     a7, a1, a5
core   0: 3 0x80007b44 (0x40f5d8b3) x17 0x00000000
core   0: 0x80007b48 (0x00096e33) or      t3, s2, zero
core   0: 3 0x80007b48 (0x00096e33) x28 0x49ed7acf
core   0: 0x80007b4c (0x417f5c93) srai    s9, t5, 23
core   0: 3 0x80007b4c (0x417f5c93) x25 0xffffff00
core   0: 0x80007b50 (0x00935193) srli    gp, t1, 9
core   0: 3 0x80007b50 (0x00935193) x3  0x00000000
core   0: 0x80007b54 (0x01485093) srli    ra, a6, 20
core   0: 3 0x80007b54 (0x01485093) x1  0x0000068c
core   0: 0x80007b58 (0x80222593) slti    a1, tp, -2046
core   0: 3 0x80007b58 (0x80222593) x11 0x00000000
core   0: 0x80007b5c (0x6206bb13) sltiu   s6, a3, 1568
core   0: 3 0x80007b5c (0x6206bb13) x22 0x00000001
core   0: 0x80007b60 (0x7beb0f93) addi    t6, s6, 1982
core   0: 3 0x80007b60 (0x7beb0f93) x31 0x000007bf
core   0: 0x80007b64 (0x00ff9cb3) sll     s9, t6, a5
core   0: 3 0x80007b64 (0x00ff9cb3) x25 0xf8000000
core   0: 0x80007b68 (0x008a0ab3) add     s5, s4, s0
core   0: 3 0x80007b68 (0x008a0ab3) x21 0x49ed78d8
core   0: 0x80007b6c (0xfd43c293) xori    t0, t2, -44
core   0: 3 0x80007b6c (0xfd43c293) x5  0x269a0494
core   0: 0x80007b70 (0x01ac7d33) and     s10, s8, s10
core   0: 3 0x80007b70 (0x01ac7d33) x26 0x00000000
core   0: 0x80007b74 (0xb1f3ca13) xori    s4, t2, -1249
core   0: 3 0x80007b74 (0xb1f3ca13) x20 0x269a005f
core   0: 0x80007b78 (0x00149313) slli    t1, s1, 1
core   0: 3 0x80007b78 (0x00149313) x6  0xff947840
core   0: 0x80007b7c (0x01d53bb3) sltu    s7, a0, t4
core   0: 3 0x80007b7c (0x01d53bb3) x23 0x00000001
core   0: 0x80007b80 (0x40d40cb3) sub     s9, s0, a3
core   0: 3 0x80007b80 (0x40d40cb3) x25 0x49ed78c2
core   0: 0x80007b84 (0xf2f71317) auipc   t1, 0xf2f71
core   0: 3 0x80007b84 (0xf2f71317) x6  0x72f78b84
core   0: 0x80007b88 (0x00154eb3) xor     t4, a0, ra
core   0: 3 0x80007b88 (0x00154eb3) x29 0x800148e8
core   0: 0x80007b8c (0x40b0d293) srai    t0, ra, 11
core   0: 3 0x80007b8c (0x40b0d293) x5  0x00000000
core   0: 0x80007b90 (0xb4353613) sltiu   a2, a0, -1213
core   0: 3 0x80007b90 (0xb4353613) x12 0x00000001
core   0: 0x80007b94 (0x40568fb3) sub     t6, a3, t0
core   0: 3 0x80007b94 (0x40568fb3) x31 0x00000016
core   0: 0x80007b98 (0x41c6d033) sra     zero, a3, t3
core   0: 3 0x80007b98 (0x41c6d033)
core   0: 0x80007b9c (0x92be3c13) sltiu   s8, t3, -1749
core   0: 3 0x80007b9c (0x92be3c13) x24 0x00000001
core   0: 0x80007ba0 (0x01538733) add     a4, t2, s5
core   0: 3 0x80007ba0 (0x01538733) x14 0x23537418
core   0: 0x80007ba4 (0x00a144b3) xor     s1, sp, a0
core   0: 3 0x80007ba4 (0x00a144b3) x9  0xc761e474
core   0: 0x80007ba8 (0x0b220093) addi    ra, tp, 178
core   0: 3 0x80007ba8 (0x0b220093) x1  0x000000b2
core   0: 0x80007bac (0xbc727893) andi    a7, tp, -1081
core   0: 3 0x80007bac (0xbc727893) x17 0x00000000
core   0: 0x80007bb0 (0xaded0437) lui     s0, 0xaded0
core   0: 3 0x80007bb0 (0xaded0437) x8  0xaded0000
core   0: 0x80007bb4 (0x0148c633) xor     a2, a7, s4
core   0: 3 0x80007bb4 (0x0148c633) x12 0x269a005f
core   0: 0x80007bb8 (0x26a84a17) auipc   s4, 0x26a84
core   0: 3 0x80007bb8 (0x26a84a17) x20 0xa6a8bbb8
core   0: 0x80007bbc (0x718bb093) sltiu   ra, s7, 1816
core   0: 3 0x80007bbc (0x718bb093) x1  0x00000001
core   0: 0x80007bc0 (0x01047433) and     s0, s0, a6
core   0: 3 0x80007bc0 (0x01047433) x8  0x28c00000
core   0: 0x80007bc4 (0x40d8d813) srai    a6, a7, 13
core   0: 3 0x80007bc4 (0x40d8d813) x16 0x00000000
core   0: 0x80007bc8 (0x3a1c7813) andi    a6, s8, 929
core   0: 3 0x80007bc8 (0x3a1c7813) x16 0x00000001
core   0: 0x80007bcc (0x00978e33) add     t3, a5, s1
core   0: 3 0x80007bcc (0x00978e33) x28 0xc32d2a2f
core   0: 0x80007bd0 (0x3490cd13) xori    s10, ra, 841
core   0: 3 0x80007bd0 (0x3490cd13) x26 0x00000348
core   0: 0x80007bd4 (0x9e258cb7) lui     s9, 0x9e258
core   0: 3 0x80007bd4 (0x9e258cb7) x25 0x9e258000
core   0: 0x80007bd8 (0xcee3ba93) sltiu   s5, t2, -786
core   0: 3 0x80007bd8 (0xcee3ba93) x21 0x00000001
core   0: 0x80007bdc (0xcc32ad17) auipc   s10, 0xcc32a
core   0: 3 0x80007bdc (0xcc32ad17) x26 0x4c331bdc
core   0: 0x80007be0 (0xea1fbd93) sltiu   s11, t6, -351
core   0: 3 0x80007be0 (0xea1fbd93) x27 0x00000001
core   0: 0x80007be4 (0x0144f633) and     a2, s1, s4
core   0: 3 0x80007be4 (0x0144f633) x12 0x8620a030
core   0: 0x80007be8 (0x00b898b3) sll     a7, a7, a1
core   0: 3 0x80007be8 (0x00b898b3) x17 0x00000000
core   0: 0x80007bec (0x3363ea93) ori     s5, t2, 822
core   0: 3 0x80007bec (0x3363ea93) x21 0xd965fb76
core   0: 0x80007bf0 (0x00d75293) srli    t0, a4, 13
core   0: 3 0x80007bf0 (0x00d75293) x5  0x00011a9b
core   0: 0x80007bf4 (0x53b38337) lui     t1, 0x53b38
core   0: 3 0x80007bf4 (0x53b38337) x6  0x53b38000
core   0: 0x80007bf8 (0x411c5113) srai    sp, s8, 17
core   0: 3 0x80007bf8 (0x411c5113) x2  0x00000000
core   0: 0x80007bfc (0x01b3ea33) or      s4, t2, s11
core   0: 3 0x80007bfc (0x01b3ea33) x20 0xd965fb41
core   0: 0x80007c00 (0x410050b3) sra     ra, zero, a6
core   0: 3 0x80007c00 (0x410050b3) x1  0x00000000
core   0: 0x80007c04 (0xb9a26c93) ori     s9, tp, -1126
core   0: 3 0x80007c04 (0xb9a26c93) x25 0xfffffb9a
core   0: 0x80007c08 (0x412cdab3) sra     s5, s9, s2
core   0: 3 0x80007c08 (0x412cdab3) x21 0xffffffff
core   0: 0x80007c0c (0x484304b7) lui     s1, 0x48430
core   0: 3 0x80007c0c (0x484304b7) x9  0x48430000
core   0: 0x80007c10 (0x004320b3) slt     ra, t1, tp
core   0: 3 0x80007c10 (0x004320b3) x1  0x00000000
core   0: 0x80007c14 (0x00c4e1b3) or      gp, s1, a2
core   0: 3 0x80007c14 (0x00c4e1b3) x3  0xce63a030
core   0: 0x80007c18 (0xe6916813) ori     a6, sp, -407
core   0: 3 0x80007c18 (0xe6916813) x16 0xfffffe69
core   0: 0x80007c1c (0x41c40233) sub     tp, s0, t3
core   0: 3 0x80007c1c (0x41c40233) x4  0x6592d5d1
core   0: 0x80007c20 (0x829776b7) lui     a3, 0x82977
core   0: 3 0x80007c20 (0x829776b7) x13 0x82977000
core   0: 0x80007c24 (0x01d5e433) or      s0, a1, t4
core   0: 3 0x80007c24 (0x01d5e433) x8  0x800148e8
core   0: 0x80007c28 (0x01c55db3) srl     s11, a0, t3
core   0: 3 0x80007c28 (0x01c55db3) x27 0x00010002
core   0: 0x80007c2c (0x00000013) nop
core   0: 3 0x80007c2c (0x00000013)
core   0: 0x80007c30 (0x05d1e013) ori     zero, gp, 93
core   0: 3 0x80007c30 (0x05d1e013)
core   0: 0x80007c34 (0x53583b13) sltiu   s6, a6, 1333
core   0: 3 0x80007c34 (0x53583b13) x22 0x00000000
core   0: 0x80007c38 (0x01c0be33) sltu    t3, ra, t3
core   0: 3 0x80007c38 (0x01c0be33) x28 0x00000001
core   0: 0x80007c3c (0x01951c33) sll     s8, a0, s9
core   0: 3 0x80007c3c (0x01951c33) x24 0x90000000
core   0: 0x80007c40 (0x000c78b3) and     a7, s8, zero
core   0: 3 0x80007c40 (0x000c78b3) x17 0x00000000
core   0: 0x80007c44 (0x011091b3) sll     gp, ra, a7
core   0: 3 0x80007c44 (0x011091b3) x3  0x00000000
core   0: 0x80007c48 (0x41045b13) srai    s6, s0, 16
core   0: 3 0x80007c48 (0x41045b13) x22 0xffff8001
core   0: 0x80007c4c (0x41505493) srai    s1, zero, 21
core   0: 3 0x80007c4c (0x41505493) x9  0x00000000
core   0: 0x80007c50 (0x00565013) srli    zero, a2, 5
core   0: 3 0x80007c50 (0x00565013)
core   0: 0x80007c54 (0x01b7f6b3) and     a3, a5, s11
core   0: 3 0x80007c54 (0x01b7f6b3) x13 0x00010002
core   0: 0x80007c58 (0x004d1c13) slli    s8, s10, 4
core   0: 3 0x80007c58 (0x004d1c13) x24 0xc331bdc0
core   0: 0x80007c5c (0xda61d337) lui     t1, 0xda61d
core   0: 3 0x80007c5c (0xda61d337) x6  0xda61d000
core   0: 0x80007c60 (0x01acccb3) xor     s9, s9, s10
core   0: 3 0x80007c60 (0x01acccb3) x25 0xb3cce046
core   0: 0x80007c64 (0x0400bb17) auipc   s6, 0x400b
core   0: 3 0x80007c64 (0x0400bb17) x22 0x84012c64
core   0: 0x80007c68 (0x4020d333) sra     t1, ra, sp
core   0: 3 0x80007c68 (0x4020d333) x6  0x00000000
core   0: 0x80007c6c (0x01fc7d33) and     s10, s8, t6
core   0: 3 0x80007c6c (0x01fc7d33) x26 0x00000000
core   0: 0x80007c70 (0x0141de13) srli    t3, gp, 20
core   0: 3 0x80007c70 (0x0141de13) x28 0x00000000
core   0: 0x80007c74 (0xc6a6ee13) ori     t3, a3, -918
core   0: 3 0x80007c74 (0xc6a6ee13) x28 0xfffffc6a
core   0: 0x80007c78 (0xeb956713) ori     a4, a0, -327
core   0: 3 0x80007c78 (0xeb956713) x14 0xfffffefd
core   0: 0x80007c7c (0x790dc593) xori    a1, s11, 1936
core   0: 3 0x80007c7c (0x790dc593) x11 0x00010792
core   0: 0x80007c80 (0x00000013) nop
core   0: 3 0x80007c80 (0x00000013)
core   0: 0x80007c84 (0x4056d113) srai    sp, a3, 5
core   0: 3 0x80007c84 (0x4056d113) x2  0x00000800
core   0: 0x80007c88 (0x89e43613) sltiu   a2, s0, -1890
core   0: 3 0x80007c88 (0x89e43613) x12 0x00000001
core   0: 0x80007c8c (0x0058ecb3) or      s9, a7, t0
core   0: 3 0x80007c8c (0x0058ecb3) x25 0x00011a9b
core   0: 0x80007c90 (0xf0face13) xori    t3, s5, -241
core   0: 3 0x80007c90 (0xf0face13) x28 0x000000f0
core   0: 0x80007c94 (0x0063dd33) srl     s10, t2, t1
core   0: 3 0x80007c94 (0x0063dd33) x26 0xd965fb40
core   0: 0x80007c98 (0x01187333) and     t1, a6, a7
core   0: 3 0x80007c98 (0x01187333) x6  0x00000000
core   0: 0x80007c9c (0xe98fce13) xori    t3, t6, -360
core   0: 3 0x80007c9c (0xe98fce13) x28 0xfffffe8e
core   0: 0x80007ca0 (0x00031b13) slli    s6, t1, 0
core   0: 3 0x80007ca0 (0x00031b13) x22 0x00000000
core   0: 0x80007ca4 (0x003a6033) or      zero, s4, gp
core   0: 3 0x80007ca4 (0x003a6033)
core   0: 0x80007ca8 (0x416b5bb3) sra     s7, s6, s6
core   0: 3 0x80007ca8 (0x416b5bb3) x23 0x00000000
core   0: 0x80007cac (0x2c9e0097) auipc   ra, 0x2c9e0
core   0: 3 0x80007cac (0x2c9e0097) x1  0xac9e7cac
core   0: 0x80007cb0 (0x01a65313) srli    t1, a2, 26
core   0: 3 0x80007cb0 (0x01a65313) x6  0x00000000
core   0: 0x80007cb4 (0xb20ea093) slti    ra, t4, -1248
core   0: 3 0x80007cb4 (0xb20ea093) x1  0x00000001
core   0: 0x80007cb8 (0x0b023d13) sltiu   s10, tp, 176
core   0: 3 0x80007cb8 (0x0b023d13) x26 0x00000000
core   0: 0x80007cbc (0x0015f8b3) and     a7, a1, ra
core   0: 3 0x80007cbc (0x0015f8b3) x17 0x00000000
core   0: 0x80007cc0 (0x01c1fcb3) and     s9, gp, t3
core   0: 3 0x80007cc0 (0x01c1fcb3) x25 0x00000000
core   0: 0x80007cc4 (0x1098c693) xori    a3, a7, 265
core   0: 3 0x80007cc4 (0x1098c693) x13 0x00000109
core   0: 0x80007cc8 (0x015743b3) xor     t2, a4, s5
core   0: 3 0x80007cc8 (0x015743b3) x7  0x00000102
core   0: 0x80007ccc (0x010e2333) slt     t1, t3, a6
core   0: 3 0x80007ccc (0x010e2333) x6  0x00000000
core   0: 0x80007cd0 (0x01abaa33) slt     s4, s7, s10
core   0: 3 0x80007cd0 (0x01abaa33) x20 0x00000000
core   0: 0x80007cd4 (0x0015ab13) slti    s6, a1, 1
core   0: 3 0x80007cd4 (0x0015ab13) x22 0x00000000
core   0: 0x80007cd8 (0x32e47db7) lui     s11, 0x32e47
core   0: 3 0x80007cd8 (0x32e47db7) x27 0x32e47000
core   0: 0x80007cdc (0x52977693) andi    a3, a4, 1321
core   0: 3 0x80007cdc (0x52977693) x13 0x00000429
core   0: 0x80007ce0 (0x00d058b3) srl     a7, zero, a3
core   0: 3 0x80007ce0 (0x00d058b3) x17 0x00000000
core   0: 0x80007ce4 (0x2a77cf93) xori    t6, a5, 679
core   0: 3 0x80007ce4 (0x2a77cf93) x31 0xfbcb471c
core   0: 0x80007ce8 (0x01c69433) sll     s0, a3, t3
core   0: 3 0x80007ce8 (0x01c69433) x8  0x010a4000
core   0: 0x80007cec (0x01203633) snez    a2, s2
core   0: 3 0x80007cec (0x01203633) x12 0x00000001
core   0: 0x80007cf0 (0x00000013) nop
core   0: 3 0x80007cf0 (0x00000013)
core   0: 0x80007cf4 (0x4118d233) sra     tp, a7, a7
core   0: 3 0x80007cf4 (0x4118d233) x4  0x00000000
core   0: 0x80007cf8 (0x01e41413) slli    s0, s0, 30
core   0: 3 0x80007cf8 (0x01e41413) x8  0x00000000
core   0: 0x80007cfc (0x00af4b33) xor     s6, t5, a0
core   0: 3 0x80007cfc (0x00af4b33) x22 0x0000c280
core   0: 0x80007d00 (0x01237a33) and     s4, t1, s2
core   0: 3 0x80007d00 (0x01237a33) x20 0x00000000
core   0: 0x80007d04 (0x416d54b3) sra     s1, s10, s6
core   0: 3 0x80007d04 (0x416d54b3) x9  0x00000000
core   0: 0x80007d08 (0x41798633) sub     a2, s3, s7
core   0: 3 0x80007d08 (0x41798633) x12 0x0000000f
core   0: 0x80007d0c (0x00000013) nop
core   0: 3 0x80007d0c (0x00000013)
core   0: 0x80007d10 (0xdc8c0637) lui     a2, 0xdc8c0
core   0: 3 0x80007d10 (0xdc8c0637) x12 0xdc8c0000
core   0: 0x80007d14 (0x2151fc37) lui     s8, 0x2151f
core   0: 3 0x80007d14 (0x2151fc37) x24 0x2151f000
core   0: 0x80007d18 (0xd33ec313) xori    t1, t4, -717
core   0: 3 0x80007d18 (0xd33ec313) x6  0x7ffeb5db
core   0: 0x80007d1c (0x40b858b3) sra     a7, a6, a1
core   0: 3 0x80007d1c (0x40b858b3) x17 0xffffffff
core   0: 0x80007d20 (0x0056bfb3) sltu    t6, a3, t0
core   0: 3 0x80007d20 (0x0056bfb3) x31 0x00000001
core   0: 0x80007d24 (0x41028cb3) sub     s9, t0, a6
core   0: 3 0x80007d24 (0x41028cb3) x25 0x00011c32
core   0: 0x80007d28 (0x001771b3) and     gp, a4, ra
core   0: 3 0x80007d28 (0x001771b3) x3  0x00000001
core   0: 0x80007d2c (0x01eb05b3) add     a1, s6, t5
core   0: 3 0x80007d2c (0x01eb05b3) x11 0x80024f64
core   0: 0x80007d30 (0x00cd5493) srli    s1, s10, 12
core   0: 3 0x80007d30 (0x00cd5493) x9  0x00000000
core   0: 0x80007d34 (0x00342333) slt     t1, s0, gp
core   0: 3 0x80007d34 (0x00342333) x6  0x00000001
core   0: 0x80007d38 (0x003a9ab3) sll     s5, s5, gp
core   0: 3 0x80007d38 (0x003a9ab3) x21 0xfffffffe
core   0: 0x80007d3c (0x019690b3) sll     ra, a3, s9
core   0: 3 0x80007d3c (0x019690b3) x1  0x10a40000
core   0: 0x80007d40 (0x95759bb7) lui     s7, 0x95759
core   0: 3 0x80007d40 (0x95759bb7) x23 0x95759000
core   0: 0x80007d44 (0xd862ac93) slti    s9, t0, -634
core   0: 3 0x80007d44 (0xd862ac93) x25 0x00000000
core   0: 0x80007d48 (0x40f001b3) sub     gp, zero, a5
core   0: 3 0x80007d48 (0x40f001b3) x3  0x0434ba45
core   0: 0x80007d4c (0xd0b72213) slti    tp, a4, -757
core   0: 3 0x80007d4c (0xd0b72213) x4  0x00000000
core   0: 0x80007d50 (0x00395733) srl     a4, s2, gp
core   0: 3 0x80007d50 (0x00395733) x14 0x024f6bd6
core   0: 0x80007d54 (0x00e75093) srli    ra, a4, 14
core   0: 3 0x80007d54 (0x00e75093) x1  0x0000093d
core   0: 0x80007d58 (0xf266ba17) auipc   s4, 0xf266b
core   0: 3 0x80007d58 (0xf266ba17) x20 0x72672d58
core   0: 0x80007d5c (0x00211913) slli    s2, sp, 2
core   0: 3 0x80007d5c (0x00211913) x18 0x00002000
core   0: 0x80007d60 (0x7f488c13) addi    s8, a7, 2036
core   0: 3 0x80007d60 (0x7f488c13) x24 0x000007f3
core   0: 0x80007d64 (0x1063a793) slti    a5, t2, 262
core   0: 3 0x80007d64 (0x1063a793) x15 0x00000001
core   0: 0x80007d68 (0x007da133) slt     sp, s11, t2
core   0: 3 0x80007d68 (0x007da133) x2  0x00000000
core   0: 0x80007d6c (0x0016ca33) xor     s4, a3, ra
core   0: 3 0x80007d6c (0x0016ca33) x20 0x00000d14
core   0: 0x80007d70 (0xe6353693) sltiu   a3, a0, -413
core   0: 3 0x80007d70 (0xe6353693) x13 0x00000001
core   0: 0x80007d74 (0x626a4937) lui     s2, 0x626a4
core   0: 3 0x80007d74 (0x626a4937) x18 0x626a4000
core   0: 0x80007d78 (0x0040c5b3) xor     a1, ra, tp
core   0: 3 0x80007d78 (0x0040c5b3) x11 0x0000093d
core   0: 0x80007d7c (0x00a6a2b3) slt     t0, a3, a0
core   0: 3 0x80007d7c (0x00a6a2b3) x5  0x00000000
core   0: 0x80007d80 (0x00000013) nop
core   0: 3 0x80007d80 (0x00000013)
core   0: 0x80007d84 (0x67c8fe93) andi    t4, a7, 1660
core   0: 3 0x80007d84 (0x67c8fe93) x29 0x0000067c
core   0: 0x80007d88 (0x41d16c17) auipc   s8, 0x41d16
core   0: 3 0x80007d88 (0x41d16c17) x24 0xc1d1dd88
core   0: 0x80007d8c (0xa4ac4493) xori    s1, s8, -1462
core   0: 3 0x80007d8c (0xa4ac4493) x9  0x3e2e27c2
core   0: 0x80007d90 (0x013f3d33) sltu    s10, t5, s3
core   0: 3 0x80007d90 (0x013f3d33) x26 0x00000000
core   0: 0x80007d94 (0x005127b3) slt     a5, sp, t0
core   0: 3 0x80007d94 (0x005127b3) x15 0x00000000
core   0: 0x80007d98 (0x0120fbb3) and     s7, ra, s2
core   0: 3 0x80007d98 (0x0120fbb3) x23 0x00000000
core   0: 0x80007d9c (0x018d1213) slli    tp, s10, 24
core   0: 3 0x80007d9c (0x018d1213) x4  0x00000000
core   0: 0x80007da0 (0x0fb62313) slti    t1, a2, 251
core   0: 3 0x80007da0 (0x0fb62313) x6  0x00000001
core   0: 0x80007da4 (0x40be5813) srai    a6, t3, 11
core   0: 3 0x80007da4 (0x40be5813) x16 0xffffffff
core   0: 0x80007da8 (0xa31c2d93) slti    s11, s8, -1487
core   0: 3 0x80007da8 (0xa31c2d93) x27 0x00000001
core   0: 0x80007dac (0x01693db3) sltu    s11, s2, s6
core   0: 3 0x80007dac (0x01693db3) x27 0x00000000
core   0: 0x80007db0 (0x00971b33) sll     s6, a4, s1
core   0: 3 0x80007db0 (0x00971b33) x22 0x093daf58
core   0: 0x80007db4 (0x820e7b93) andi    s7, t3, -2016
core   0: 3 0x80007db4 (0x820e7b93) x23 0xfffff800
core   0: 0x80007db8 (0x4064da93) srai    s5, s1, 6
core   0: 3 0x80007db8 (0x4064da93) x21 0x00f8b89f
core   0: 0x80007dbc (0x00000013) nop
core   0: 3 0x80007dbc (0x00000013)
core   0: 0x80007dc0 (0x019e9e13) slli    t3, t4, 25
core   0: 3 0x80007dc0 (0x019e9e13) x28 0xf8000000
core   0: 0x80007dc4 (0x01a25a33) srl     s4, tp, s10
core   0: 3 0x80007dc4 (0x01a25a33) x20 0x00000000
core   0: 0x80007dc8 (0x012c4bb3) xor     s7, s8, s2
core   0: 3 0x80007dc8 (0x012c4bb3) x23 0xa3bb9d88
core   0: 0x80007dcc (0x418d58b3) sra     a7, s10, s8
core   0: 3 0x80007dcc (0x418d58b3) x17 0x00000000
core   0: 0x80007dd0 (0x0116a1b3) slt     gp, a3, a7
core   0: 3 0x80007dd0 (0x0116a1b3) x3  0x00000000
core   0: 0x80007dd4 (0x2336ee13) ori     t3, a3, 563
core   0: 3 0x80007dd4 (0x2336ee13) x28 0x00000233
core   0: 0x80007dd8 (0x00d08833) add     a6, ra, a3
core   0: 3 0x80007dd8 (0x00d08833) x16 0x0000093e
core   0: 0x80007ddc (0x4194d713) srai    a4, s1, 25
core   0: 3 0x80007ddc (0x4194d713) x14 0x0000001f
core   0: 0x80007de0 (0x01455313) srli    t1, a0, 20
core   0: 3 0x80007de0 (0x01455313) x6  0x00000800
core   0: 0x80007de4 (0x005b9b33) sll     s6, s7, t0
core   0: 3 0x80007de4 (0x005b9b33) x22 0xa3bb9d88
core   0: 0x80007de8 (0x00cc47b3) xor     a5, s8, a2
core   0: 3 0x80007de8 (0x00cc47b3) x15 0x1d5ddd88
core   0: 0x80007dec (0x01e06c33) or      s8, zero, t5
core   0: 3 0x80007dec (0x01e06c33) x24 0x80018ce4
core   0: 0x80007df0 (0x01d6e3b3) or      t2, a3, t4
core   0: 3 0x80007df0 (0x01d6e3b3) x7  0x0000067d
core   0: 0x80007df4 (0x5a19cc93) xori    s9, s3, 1441
core   0: 3 0x80007df4 (0x5a19cc93) x25 0x000005ae
core   0: 0x80007df8 (0x0036ab33) slt     s6, a3, gp
core   0: 3 0x80007df8 (0x0036ab33) x22 0x00000000
core   0: 0x80007dfc (0x009a1233) sll     tp, s4, s1
core   0: 3 0x80007dfc (0x009a1233) x4  0x00000000
core   0: 0x80007e00 (0x76527393) andi    t2, tp, 1893
core   0: 3 0x80007e00 (0x76527393) x7  0x00000000
core   0: 0x80007e04 (0x41dcd093) srai    ra, s9, 29
core   0: 3 0x80007e04 (0x41dcd093) x1  0x00000000
core   0: 0x80007e08 (0xf4a4a313) slti    t1, s1, -182
core   0: 3 0x80007e08 (0xf4a4a313) x6  0x00000000
core   0: 0x80007e0c (0x403c52b3) sra     t0, s8, gp
core   0: 3 0x80007e0c (0x403c52b3) x5  0x80018ce4
core   0: 0x80007e10 (0x0012d493) srli    s1, t0, 1
core   0: 3 0x80007e10 (0x0012d493) x9  0x4000c672
core   0: 0x80007e14 (0x00611c13) slli    s8, sp, 6
core   0: 3 0x80007e14 (0x00611c13) x24 0x00000000
core   0: 0x80007e18 (0x013e2133) slt     sp, t3, s3
core   0: 3 0x80007e18 (0x013e2133) x2  0x00000000
core   0: 0x80007e1c (0x00cc9a93) slli    s5, s9, 12
core   0: 3 0x80007e1c (0x00cc9a93) x21 0x005ae000
core   0: 0x80007e20 (0x139cd897) auipc   a7, 0x139cd
core   0: 3 0x80007e20 (0x139cd897) x17 0x939d4e20
core   0: 0x80007e24 (0x01151233) sll     tp, a0, a7
core   0: 3 0x80007e24 (0x01151233) x4  0x80014e64
core   0: 0x80007e28 (0x4011d5b3) sra     a1, gp, ra
core   0: 3 0x80007e28 (0x4011d5b3) x11 0x00000000
core   0: 0x80007e2c (0x003a5a33) srl     s4, s4, gp
core   0: 3 0x80007e2c (0x003a5a33) x20 0x00000000
core   0: 0x80007e30 (0x41f00e33) sub     t3, zero, t6
core   0: 3 0x80007e30 (0x41f00e33) x28 0xffffffff
core   0: 0x80007e34 (0x010b2233) slt     tp, s6, a6
core   0: 3 0x80007e34 (0x010b2233) x4  0x00000001
core   0: 0x80007e38 (0x3d91b893) sltiu   a7, gp, 985
core   0: 3 0x80007e38 (0x3d91b893) x17 0x00000001
core   0: 0x80007e3c (0x2d91fe13) andi    t3, gp, 729
core   0: 3 0x80007e3c (0x2d91fe13) x28 0x00000000
core   0: 0x80007e40 (0x011d2e33) slt     t3, s10, a7
core   0: 3 0x80007e40 (0x011d2e33) x28 0x00000001
core   0: 0x80007e44 (0x01413833) sltu    a6, sp, s4
core   0: 3 0x80007e44 (0x01413833) x16 0x00000000
core   0: 0x80007e48 (0x0066d433) srl     s0, a3, t1
core   0: 3 0x80007e48 (0x0066d433) x8  0x00000001
core   0: 0x80007e4c (0xbf819a97) auipc   s5, 0xbf819
core   0: 3 0x80007e4c (0xbf819a97) x21 0x3f820e4c
core   0: 0x80007e50 (0x00283e33) sltu    t3, a6, sp
core   0: 3 0x80007e50 (0x00283e33) x28 0x00000000
core   0: 0x80007e54 (0x81c62b13) slti    s6, a2, -2020
core   0: 3 0x80007e54 (0x81c62b13) x22 0x00000001
core   0: 0x80007e58 (0x2e394e93) xori    t4, s2, 739
core   0: 3 0x80007e58 (0x2e394e93) x29 0x626a42e3
core   0: 0x80007e5c (0x20bcf217) auipc   tp, 0x20bcf
core   0: 3 0x80007e5c (0x20bcf217) x4  0xa0bd6e5c
core   0: 0x80007e60 (0x00cdd5b3) srl     a1, s11, a2
core   0: 3 0x80007e60 (0x00cdd5b3) x11 0x00000000
core   0: 0x80007e64 (0x77610f97) auipc   t6, 0x77610
core   0: 3 0x80007e64 (0x77610f97) x31 0xf7617e64
core   0: 0x80007e68 (0x00000013) nop
core   0: 3 0x80007e68 (0x00000013)
core   0: 0x80007e6c (0xb9628c13) addi    s8, t0, -1130
core   0: 3 0x80007e6c (0xb9628c13) x24 0x8001887a
core   0: 0x80007e70 (0x9fdb0693) addi    a3, s6, -1539
core   0: 3 0x80007e70 (0x9fdb0693) x13 0xfffff9fe
core   0: 0x80007e74 (0x012fe2b3) or      t0, t6, s2
core   0: 3 0x80007e74 (0x012fe2b3) x5  0xf76b7e64
core   0: 0x80007e78 (0x2db6e693) ori     a3, a3, 731
core   0: 3 0x80007e78 (0x2db6e693) x13 0xfffffbff
core   0: 0x80007e7c (0xdad46913) ori     s2, s0, -595
core   0: 3 0x80007e7c (0xdad46913) x18 0xfffffdad
core   0: 0x80007e80 (0x00789113) slli    sp, a7, 7
core   0: 3 0x80007e80 (0x00789113) x2  0x00000080
core   0: 0x80007e84 (0x0090a0b3) slt     ra, ra, s1
core   0: 3 0x80007e84 (0x0090a0b3) x1  0x00000001
core   0: 0x80007e88 (0x414bd913) srai    s2, s7, 20
core   0: 3 0x80007e88 (0x414bd913) x18 0xfffffa3b
core   0: 0x80007e8c (0x00cdf033) and     zero, s11, a2
core   0: 3 0x80007e8c (0x00cdf033)
core   0: 0x80007e90 (0x26edb813) sltiu   a6, s11, 622
core   0: 3 0x80007e90 (0x26edb813) x16 0x00000001
core   0: 0x80007e94 (0x00c6c337) lui     t1, 0xc6c
core   0: 3 0x80007e94 (0x00c6c337) x6  0x00c6c000
core   0: 0x80007e98 (0x84d50693) addi    a3, a0, -1971
core   0: 3 0x80007e98 (0x84d50693) x13 0x800146b1
core   0: 0x80007e9c (0x00e53433) sltu    s0, a0, a4
core   0: 3 0x80007e9c (0x00e53433) x8  0x00000000
core   0: 0x80007ea0 (0x00f45413) srli    s0, s0, 15
core   0: 3 0x80007ea0 (0x00f45413) x8  0x00000000
core   0: 0x80007ea4 (0x16257893) andi    a7, a0, 354
core   0: 3 0x80007ea4 (0x16257893) x17 0x00000060
core   0: 0x80007ea8 (0x1b75fab7) lui     s5, 0x1b75f
core   0: 3 0x80007ea8 (0x1b75fab7) x21 0x1b75f000
core   0: 0x80007eac (0xc0f9e393) ori     t2, s3, -1009
core   0: 3 0x80007eac (0xc0f9e393) x7  0xfffffc0f
core   0: 0x80007eb0 (0xeaada693) slti    a3, s11, -342
core   0: 3 0x80007eb0 (0xeaada693) x13 0x00000000
core   0: 0x80007eb4 (0x018315b3) sll     a1, t1, s8
core   0: 3 0x80007eb4 (0x018315b3) x11 0x00000000
core   0: 0x80007eb8 (0x1756b237) lui     tp, 0x1756b
core   0: 3 0x80007eb8 (0x1756b237) x4  0x1756b000
core   0: 0x80007ebc (0x401a5bb3) sra     s7, s4, ra
core   0: 3 0x80007ebc (0x401a5bb3) x23 0x00000000
core   0: 0x80007ec0 (0x0077c8b3) xor     a7, a5, t2
core   0: 3 0x80007ec0 (0x0077c8b3) x17 0xe2a22187
core   0: 0x80007ec4 (0x405805b3) sub     a1, a6, t0
core   0: 3 0x80007ec4 (0x405805b3) x11 0x0894819d
core   0: 0x80007ec8 (0x491bfe37) lui     t3, 0x491bf
core   0: 3 0x80007ec8 (0x491bfe37) x28 0x491bf000
core   0: 0x80007ecc (0x01331033) sll     zero, t1, s3
core   0: 3 0x80007ecc (0x01331033)
core   0: 0x80007ed0 (0x12b64313) xori    t1, a2, 299
core   0: 3 0x80007ed0 (0x12b64313) x6  0xdc8c012b
core   0: 0x80007ed4 (0x26a3fb93) andi    s7, t2, 618
core   0: 3 0x80007ed4 (0x26a3fb93) x23 0x0000000a
core   0: 0x80007ed8 (0x4040d713) srai    a4, ra, 4
core   0: 3 0x80007ed8 (0x4040d713) x14 0x00000000
core   0: 0x80007edc (0x0173df93) srli    t6, t2, 23
core   0: 3 0x80007edc (0x0173df93) x31 0x000001ff
core   0: 0x80007ee0 (0x009e9b13) slli    s6, t4, 9
core   0: 3 0x80007ee0 (0x009e9b13) x22 0xd485c600
core   0: 0x80007ee4 (0x41865fb3) sra     t6, a2, s8
core   0: 3 0x80007ee4 (0x41865fb3) x31 0xfffffff7
core   0: 0x80007ee8 (0x00000013) nop
core   0: 3 0x80007ee8 (0x00000013)
core   0: 0x80007eec (0xb0d57313) andi    t1, a0, -1267
core   0: 3 0x80007eec (0xb0d57313) x6  0x80014a04
core   0: 0x80007ef0 (0xa713bc13) sltiu   s8, t2, -1423
core   0: 3 0x80007ef0 (0xa713bc13) x24 0x00000000
core   0: 0x80007ef4 (0x013e0033) add     zero, t3, s3
core   0: 3 0x80007ef4 (0x013e0033)
core   0: 0x80007ef8 (0x00202ab3) slt     s5, zero, sp
core   0: 3 0x80007ef8 (0x00202ab3) x21 0x00000001
core   0: 0x80007efc (0x00000013) nop
core   0: 3 0x80007efc (0x00000013)
core   0: 0x80007f00 (0x000d91b3) sll     gp, s11, zero
core   0: 3 0x80007f00 (0x000d91b3) x3  0x00000000
core   0: 0x80007f04 (0x46b04d93) xori    s11, zero, 1131
core   0: 3 0x80007f04 (0x46b04d93) x27 0x0000046b
core   0: 0x80007f08 (0xdcbf8813) addi    a6, t6, -565
core   0: 3 0x80007f08 (0xdcbf8813) x16 0xfffffdc2
core   0: 0x80007f0c (0x0059c6b3) xor     a3, s3, t0
core   0: 3 0x80007f0c (0x0059c6b3) x13 0xf76b7e6b
core   0: 0x80007f10 (0x01586133) or      sp, a6, s5
core   0: 3 0x80007f10 (0x01586133) x2  0xfffffdc3
core   0: 0x80007f14 (0x01f56bb3) or      s7, a0, t6
core   0: 3 0x80007f14 (0x01f56bb3) x23 0xfffffff7
core   0: 0x80007f18 (0x01f3b133) sltu    sp, t2, t6
core   0: 3 0x80007f18 (0x01f3b133) x2  0x00000001
core   0: 0x80007f1c (0xb692ed13) ori     s10, t0, -1175
core   0: 3 0x80007f1c (0xb692ed13) x26 0xffffff6d
core   0: 0x80007f20 (0x00854cb3) xor     s9, a0, s0
core   0: 3 0x80007f20 (0x00854cb3) x25 0x80014e64
core   0: 0x80007f24 (0x00fae1b3) or      gp, s5, a5
core   0: 3 0x80007f24 (0x00fae1b3) x3  0x1d5ddd89
core   0: 0x80007f28 (0x3af42893) slti    a7, s0, 943
core   0: 3 0x80007f28 (0x3af42893) x17 0x00000001
core   0: 0x80007f2c (0x0528ef97) auipc   t6, 0x528e
core   0: 3 0x80007f2c (0x0528ef97) x31 0x85295f2c
core   0: 0x80007f30 (0x49b28b13) addi    s6, t0, 1179
core   0: 3 0x80007f30 (0x49b28b13) x22 0xf76b82ff
core   0: 0x80007f34 (0x01fab4b3) sltu    s1, s5, t6
core   0: 3 0x80007f34 (0x01fab4b3) x9  0x00000001
core   0: 0x80007f38 (0xbaaa38b7) lui     a7, 0xbaaa3
core   0: 3 0x80007f38 (0xbaaa38b7) x17 0xbaaa3000
core   0: 0x80007f3c (0x51e22d13) slti    s10, tp, 1310
core   0: 3 0x80007f3c (0x51e22d13) x26 0x00000000
core   0: 0x80007f40 (0xdd393317) auipc   t1, 0xdd393
core   0: 3 0x80007f40 (0xdd393317) x6  0x5d39af40
core   0: 0x80007f44 (0x365b6497) auipc   s1, 0x365b6
core   0: 3 0x80007f44 (0x365b6497) x9  0xb65bdf44
core   0: 0x80007f48 (0x00d13233) sltu    tp, sp, a3
core   0: 3 0x80007f48 (0x00d13233) x4  0x00000001
core   0: 0x80007f4c (0x6e99a813) slti    a6, s3, 1769
core   0: 3 0x80007f4c (0x6e99a813) x16 0x00000001
core   0: 0x80007f50 (0x40d8d633) sra     a2, a7, a3
core   0: 3 0x80007f50 (0x40d8d633) x12 0xfff75546
core   0: 0x80007f54 (0x0421cc93) xori    s9, gp, 66
core   0: 3 0x80007f54 (0x0421cc93) x25 0x1d5dddcb
core   0: 0x80007f58 (0x5bddeb13) ori     s6, s11, 1469
core   0: 3 0x80007f58 (0x5bddeb13) x22 0x000005ff
core   0: 0x80007f5c (0x015f9e13) slli    t3, t6, 21
core   0: 3 0x80007f5c (0x015f9e13) x28 0xe5800000
core   0: 0x80007f60 (0x40165893) srai    a7, a2, 1
core   0: 3 0x80007f60 (0x40165893) x17 0xfffbaaa3
core   0: 0x80007f64 (0x00562933) slt     s2, a2, t0
core   0: 3 0x80007f64 (0x00562933) x18 0x00000000
core   0: 0x80007f68 (0x412e6837) lui     a6, 0x412e6
core   0: 3 0x80007f68 (0x412e6837) x16 0x412e6000
core   0: 0x80007f6c (0x410d05b3) sub     a1, s10, a6
core   0: 3 0x80007f6c (0x410d05b3) x11 0xbed1a000
core   0: 0x80007f70 (0xadd12113) slti    sp, sp, -1315
core   0: 3 0x80007f70 (0xadd12113) x2  0x00000000
core   0: 0x80007f74 (0x00172633) slt     a2, a4, ra
core   0: 3 0x80007f74 (0x00172633) x12 0x00000001
core   0: 0x80007f78 (0x33386c13) ori     s8, a6, 819
core   0: 3 0x80007f78 (0x33386c13) x24 0x412e6333
core   0: 0x80007f7c (0xe17a3313) sltiu   t1, s4, -489
core   0: 3 0x80007f7c (0xe17a3313) x6  0x00000001
core   0: 0x80007f80 (0x004e1b93) slli    s7, t3, 4
core   0: 3 0x80007f80 (0x004e1b93) x23 0x58000000
core   0: 0x80007f84 (0x7341e893) ori     a7, gp, 1844
core   0: 3 0x80007f84 (0x7341e893) x17 0x1d5ddfbd
core   0: 0x80007f88 (0x00ae48b3) xor     a7, t3, a0
core   0: 3 0x80007f88 (0x00ae48b3) x17 0x65814e64
core   0: 0x80007f8c (0x059e0a13) addi    s4, t3, 89
core   0: 3 0x80007f8c (0x059e0a13) x20 0xe5800059
core   0: 0x80007f90 (0x40b90333) sub     t1, s2, a1
core   0: 3 0x80007f90 (0x40b90333) x6  0x412e6000
core   0: 0x80007f94 (0x411451b3) sra     gp, s0, a7
core   0: 3 0x80007f94 (0x411451b3) x3  0x00000000
core   0: 0x80007f98 (0x007b44b3) xor     s1, s6, t2
core   0: 3 0x80007f98 (0x007b44b3) x9  0xfffff9f0
core   0: 0x80007f9c (0x41838093) addi    ra, t2, 1048
core   0: 3 0x80007f9c (0x41838093) x1  0x00000027
core   0: 0x80007fa0 (0x6d526713) ori     a4, tp, 1749
core   0: 3 0x80007fa0 (0x6d526713) x14 0x000006d5
core   0: 0x80007fa4 (0x40140bb3) sub     s7, s0, ra
core   0: 3 0x80007fa4 (0x40140bb3) x23 0xffffffd9
core   0: 0x80007fa8 (0x017f5ab3) srl     s5, t5, s7
core   0: 3 0x80007fa8 (0x017f5ab3) x21 0x00000040
core   0: 0x80007fac (0x00000013) nop
core   0: 3 0x80007fac (0x00000013)
core   0: 0x80007fb0 (0x4086da93) srai    s5, a3, 8
core   0: 3 0x80007fb0 (0x4086da93) x21 0xfff76b7e
core   0: 0x80007fb4 (0x40a1f613) andi    a2, gp, 1034
core   0: 3 0x80007fb4 (0x40a1f613) x12 0x00000000
core   0: 0x80007fb8 (0x3d082193) slti    gp, a6, 976
core   0: 3 0x80007fb8 (0x3d082193) x3  0x00000000
core   0: 0x80007fbc (0x00333cb3) sltu    s9, t1, gp
core   0: 3 0x80007fbc (0x00333cb3) x25 0x00000000
core   0: 0x80007fc0 (0x42882c13) slti    s8, a6, 1064
core   0: 3 0x80007fc0 (0x42882c13) x24 0x00000000
core   0: 0x80007fc4 (0x718be713) ori     a4, s7, 1816
core   0: 3 0x80007fc4 (0x718be713) x14 0xffffffd9
core   0: 0x80007fc8 (0x01a2eeb3) or      t4, t0, s10
core   0: 3 0x80007fc8 (0x01a2eeb3) x29 0xf76b7e64
core   0: 0x80007fcc (0x008c87b3) add     a5, s9, s0
core   0: 3 0x80007fcc (0x008c87b3) x15 0x00000000
core   0: 0x80007fd0 (0x0042f233) and     tp, t0, tp
core   0: 3 0x80007fd0 (0x0042f233) x4  0x00000000
core   0: 0x80007fd4 (0x5bada093) slti    ra, s11, 1466
core   0: 3 0x80007fd4 (0x5bada093) x1  0x00000001
core   0: 0x80007fd8 (0x00a002b3) add     t0, zero, a0
core   0: 3 0x80007fd8 (0x00a002b3) x5  0x80014e64
core   0: 0x80007fdc (0x01b6a633) slt     a2, a3, s11
core   0: 3 0x80007fdc (0x01b6a633) x12 0x00000001
core   0: 0x80007fe0 (0x01b0d8b3) srl     a7, ra, s11
core   0: 3 0x80007fe0 (0x01b0d8b3) x17 0x00000000
core   0: 0x80007fe4 (0x0a983013) sltiu   zero, a6, 169
core   0: 3 0x80007fe4 (0x0a983013)
core   0: 0x80007fe8 (0x00d9f833) and     a6, s3, a3
core   0: 3 0x80007fe8 (0x00d9f833) x16 0x0000000b
core   0: 0x80007fec (0x01b31033) sll     zero, t1, s11
core   0: 3 0x80007fec (0x01b31033)
core   0: 0x80007ff0 (0x41ce55b3) sra     a1, t3, t3
core   0: 3 0x80007ff0 (0x41ce55b3) x11 0xe5800000
core   0: 0x80007ff4 (0xbcee3913) sltiu   s2, t3, -1074
core   0: 3 0x80007ff4 (0xbcee3913) x18 0x00000001
core   0: 0x80007ff8 (0x41325b13) srai    s6, tp, 19
core   0: 3 0x80007ff8 (0x41325b13) x22 0x00000000
core   0: 0x80007ffc (0x0110ccb3) xor     s9, ra, a7
core   0: 3 0x80007ffc (0x0110ccb3) x25 0x00000001
core   0: 0x80008000 (0x0078f0b3) and     ra, a7, t2
core   0: 3 0x80008000 (0x0078f0b3) x1  0x00000000
core   0: 0x80008004 (0x0134d3b3) srl     t2, s1, s3
core   0: 3 0x80008004 (0x0134d3b3) x7  0x0001ffff
core   0: 0x80008008 (0xad71b813) sltiu   a6, gp, -1321
core   0: 3 0x80008008 (0xad71b813) x16 0x00000001
core   0: 0x8000800c (0x0000b8b3) sltu    a7, ra, zero
core   0: 3 0x8000800c (0x0000b8b3) x17 0x00000000
core   0: 0x80008010 (0x00e1db33) srl     s6, gp, a4
core   0: 3 0x80008010 (0x00e1db33) x22 0x00000000
core   0: 0x80008014 (0x9941a793) slti    a5, gp, -1644
core   0: 3 0x80008014 (0x9941a793) x15 0x00000000
core   0: 0x80008018 (0x01882933) slt     s2, a6, s8
core   0: 3 0x80008018 (0x01882933) x18 0x00000000
core   0: 0x8000801c (0x4bad1b97) auipc   s7, 0x4bad1
core   0: 3 0x8000801c (0x4bad1b97) x23 0xcbad901c
core   0: 0x80008020 (0x41385f93) srai    t6, a6, 19
core   0: 3 0x80008020 (0x41385f93) x31 0x00000000
core   0: 0x80008024 (0xdba54d93) xori    s11, a0, -582
core   0: 3 0x80008024 (0xdba54d93) x27 0x7ffeb3de
core   0: 0x80008028 (0x41610233) sub     tp, sp, s6
core   0: 3 0x80008028 (0x41610233) x4  0x00000000
core   0: 0x8000802c (0xc6493317) auipc   t1, 0xc6493
core   0: 3 0x8000802c (0xc6493317) x6  0x4649b02c
core   0: 0x80008030 (0x40f28633) sub     a2, t0, a5
core   0: 3 0x80008030 (0x40f28633) x12 0x80014e64
core   0: 0x80008034 (0x401ddab3) sra     s5, s11, ra
core   0: 3 0x80008034 (0x401ddab3) x21 0x7ffeb3de
core   0: 0x80008038 (0xf476c813) xori    a6, a3, -185
core   0: 3 0x80008038 (0xf476c813) x16 0x0894812c
core   0: 0x8000803c (0x009c38b3) sltu    a7, s8, s1
core   0: 3 0x8000803c (0x009c38b3) x17 0x00000001
core   0: 0x80008040 (0x48b0cd13) xori    s10, ra, 1163
core   0: 3 0x80008040 (0x48b0cd13) x26 0x0000048b
core   0: 0x80008044 (0xe4ba8d93) addi    s11, s5, -437
core   0: 3 0x80008044 (0xe4ba8d93) x27 0x7ffeb229
core   0: 0x80008048 (0xaac8ef93) ori     t6, a7, -1364
core   0: 3 0x80008048 (0xaac8ef93) x31 0xfffffaad
core   0: 0x8000804c (0x4135d813) srai    a6, a1, 19
core   0: 3 0x8000804c (0x4135d813) x16 0xfffffcb0
core   0: 0x80008050 (0x0063c633) xor     a2, t2, t1
core   0: 3 0x80008050 (0x0063c633) x12 0x46484fd3
core   0: 0x80008054 (0x0130ecb3) or      s9, ra, s3
core   0: 3 0x80008054 (0x0130ecb3) x25 0x0000000f
core   0: 0x80008058 (0xfc363eb7) lui     t4, 0xfc363
core   0: 3 0x80008058 (0xfc363eb7) x29 0xfc363000
core   0: 0x8000805c (0x001da933) slt     s2, s11, ra
core   0: 3 0x8000805c (0x001da933) x18 0x00000000
core   0: 0x80008060 (0x09e48b13) addi    s6, s1, 158
core   0: 3 0x80008060 (0x09e48b13) x22 0xfffffa8e
core   0: 0x80008064 (0x009a96b3) sll     a3, s5, s1
core   0: 3 0x80008064 (0x009a96b3) x13 0xb3de0000
core   0: 0x80008068 (0x408b52b3) sra     t0, s6, s0
core   0: 3 0x80008068 (0x408b52b3) x5  0xfffffa8e
core   0: 0x8000806c (0x00000013) nop
core   0: 3 0x8000806c (0x00000013)
core   0: 0x80008070 (0x40155033) sra     zero, a0, ra
core   0: 3 0x80008070 (0x40155033)
core   0: 0x80008074 (0x4173d393) srai    t2, t2, 23
core   0: 3 0x80008074 (0x4173d393) x7  0x00000000
core   0: 0x80008078 (0x014ed693) srli    a3, t4, 20
core   0: 3 0x80008078 (0x014ed693) x13 0x00000fc3
core   0: 0x8000807c (0x00a95b33) srl     s6, s2, a0
core   0: 3 0x8000807c (0x00a95b33) x22 0x00000000
core   0: 0x80008080 (0x008ad493) srli    s1, s5, 8
core   0: 3 0x80008080 (0x008ad493) x9  0x007ffeb3
core   0: 0x80008084 (0x015f1493) slli    s1, t5, 21
core   0: 3 0x80008084 (0x015f1493) x9  0x9c800000
core   0: 0x80008088 (0x4160de93) srai    t4, ra, 22
core   0: 3 0x80008088 (0x4160de93) x29 0x00000000
core   0: 0x8000808c (0x01e8f733) and     a4, a7, t5
core   0: 3 0x8000808c (0x01e8f733) x14 0x00000000
core   0: 0x80008090 (0x00000013) nop
core   0: 3 0x80008090 (0x00000013)
core   0: 0x80008094 (0x8e77b693) sltiu   a3, a5, -1817
core   0: 3 0x80008094 (0x8e77b693) x13 0x00000001
core   0: 0x80008098 (0x005c98b3) sll     a7, s9, t0
core   0: 3 0x80008098 (0x005c98b3) x17 0x0003c000
core   0: 0x8000809c (0x0b1c2c13) slti    s8, s8, 177
core   0: 3 0x8000809c (0x0b1c2c13) x24 0x00000001
core   0: 0x800080a0 (0x01207eb3) and     t4, zero, s2
core   0: 3 0x800080a0 (0x01207eb3) x29 0x00000000
core   0: 0x800080a4 (0x0087e033) or      zero, a5, s0
core   0: 3 0x800080a4 (0x0087e033)
core   0: 0x800080a8 (0x0092d2b3) srl     t0, t0, s1
core   0: 3 0x800080a8 (0x0092d2b3) x5  0xfffffa8e
core   0: 0x800080ac (0x2d706e93) ori     t4, zero, 727
core   0: 3 0x800080ac (0x2d706e93) x29 0x000002d7
core   0: 0x800080b0 (0x00aba8b3) slt     a7, s7, a0
core   0: 3 0x800080b0 (0x00aba8b3) x17 0x00000000
core   0: 0x800080b4 (0x006c9a93) slli    s5, s9, 6
core   0: 3 0x800080b4 (0x006c9a93) x21 0x000003c0
core   0: 0x800080b8 (0x79858213) addi    tp, a1, 1944
core   0: 3 0x800080b8 (0x79858213) x4  0xe5800798
core   0: 0x800080bc (0xf151fc13) andi    s8, gp, -235
core   0: 3 0x800080bc (0xf151fc13) x24 0x00000000
core   0: 0x800080c0 (0x00d7e6b3) or      a3, a5, a3
core   0: 3 0x800080c0 (0x00d7e6b3) x13 0x00000001
core   0: 0x800080c4 (0x0148db93) srli    s7, a7, 20
core   0: 3 0x800080c4 (0x0148db93) x23 0x00000000
core   0: 0x800080c8 (0xcf92cf93) xori    t6, t0, -775
core   0: 3 0x800080c8 (0xcf92cf93) x31 0x00000677
core   0: 0x800080cc (0x01836733) or      a4, t1, s8
core   0: 3 0x800080cc (0x01836733) x14 0x4649b02c
core   0: 0x800080d0 (0x405480b3) sub     ra, s1, t0
core   0: 3 0x800080d0 (0x405480b3) x1  0x9c800572
core   0: 0x800080d4 (0x41dcda93) srai    s5, s9, 29
core   0: 3 0x800080d4 (0x41dcda93) x21 0x00000000
core   0: 0x800080d8 (0x00356cb3) or      s9, a0, gp
core   0: 3 0x800080d8 (0x00356cb3) x25 0x80014e64
core   0: 0x800080dc (0x4a6c4a13) xori    s4, s8, 1190
core   0: 3 0x800080dc (0x4a6c4a13) x20 0x000004a6
core   0: 0x800080e0 (0x6e3f0913) addi    s2, t5, 1763
core   0: 3 0x800080e0 (0x6e3f0913) x18 0x800193c7
core   0: 0x800080e4 (0x004bd133) srl     sp, s7, tp
core   0: 3 0x800080e4 (0x004bd133) x2  0x00000000
core   0: 0x800080e8 (0x4103d093) srai    ra, t2, 16
core   0: 3 0x800080e8 (0x4103d093) x1  0x00000000
core   0: 0x800080ec (0x00409e33) sll     t3, ra, tp
core   0: 3 0x800080ec (0x00409e33) x28 0x00000000
core   0: 0x800080f0 (0x0ff86217) auipc   tp, 0xff86
core   0: 3 0x800080f0 (0x0ff86217) x4  0x8ff8e0f0
core   0: 0x800080f4 (0x414d50b3) sra     ra, s10, s4
core   0: 3 0x800080f4 (0x414d50b3) x1  0x00000012
core   0: 0x800080f8 (0x01e96033) or      zero, s2, t5
core   0: 3 0x800080f8 (0x01e96033)
core   0: 0x800080fc (0x0196eab3) or      s5, a3, s9
core   0: 3 0x800080fc (0x0196eab3) x21 0x80014e65
core   0: 0x80008100 (0xca12e213) ori     tp, t0, -863
core   0: 3 0x80008100 (0xca12e213) x4  0xfffffeaf
core   0: 0x80008104 (0x01d6dd33) srl     s10, a3, t4
core   0: 3 0x80008104 (0x01d6dd33) x26 0x00000000
core   0: 0x80008108 (0xf1223093) sltiu   ra, tp, -238
core   0: 3 0x80008108 (0xf1223093) x1  0x00000001
core   0: 0x8000810c (0x00eab433) sltu    s0, s5, a4
core   0: 3 0x8000810c (0x00eab433) x8  0x00000000
core   0: 0x80008110 (0x00120333) add     t1, tp, ra
core   0: 3 0x80008110 (0x00120333) x6  0xfffffeb0
core   0: 0x80008114 (0x00604cb3) xor     s9, zero, t1
core   0: 3 0x80008114 (0x00604cb3) x25 0xfffffeb0
core   0: 0x80008118 (0xb12408b7) lui     a7, 0xb1240
core   0: 3 0x80008118 (0xb12408b7) x17 0xb1240000
core   0: 0x8000811c (0x007c3ab3) sltu    s5, s8, t2
core   0: 3 0x8000811c (0x007c3ab3) x21 0x00000000
core   0: 0x80008120 (0x41fc5d33) sra     s10, s8, t6
core   0: 3 0x80008120 (0x41fc5d33) x26 0x00000000
core   0: 0x80008124 (0x55ac0393) addi    t2, s8, 1370
core   0: 3 0x80008124 (0x55ac0393) x7  0x0000055a
core   0: 0x80008128 (0x0130ecb3) or      s9, ra, s3
core   0: 3 0x80008128 (0x0130ecb3) x25 0x0000000f
core   0: 0x8000812c (0x01fdd213) srli    tp, s11, 31
core   0: 3 0x8000812c (0x01fdd213) x4  0x00000000
core   0: 0x80008130 (0xd2e2ab13) slti    s6, t0, -722
core   0: 3 0x80008130 (0xd2e2ab13) x22 0x00000001
core   0: 0x80008134 (0x01d031b3) snez    gp, t4
core   0: 3 0x80008134 (0x01d031b3) x3  0x00000001
core   0: 0x80008138 (0x00000013) nop
core   0: 3 0x80008138 (0x00000013)
core   0: 0x8000813c (0x40f7d1b3) sra     gp, a5, a5
core   0: 3 0x8000813c (0x40f7d1b3) x3  0x00000000
core   0: 0x80008140 (0x093db937) lui     s2, 0x93db
core   0: 3 0x80008140 (0x093db937) x18 0x093db000
core   0: 0x80008144 (0x00f434b3) sltu    s1, s0, a5
core   0: 3 0x80008144 (0x00f434b3) x9  0x00000000
core   0: 0x80008148 (0x00633a33) sltu    s4, t1, t1
core   0: 3 0x80008148 (0x00633a33) x20 0x00000000
core   0: 0x8000814c (0x00bb4fb3) xor     t6, s6, a1
core   0: 3 0x8000814c (0x00bb4fb3) x31 0xe5800001
core   0: 0x80008150 (0x56188413) addi    s0, a7, 1377
core   0: 3 0x80008150 (0x56188413) x8  0xb1240561
core   0: 0x80008154 (0x97103e13) sltiu   t3, zero, -1679
core   0: 3 0x80008154 (0x97103e13) x28 0x00000001
core   0: 0x80008158 (0x03dd7f93) andi    t6, s10, 61
core   0: 3 0x80008158 (0x03dd7f93) x31 0x00000000
core   0: 0x8000815c (0x8ce3e913) ori     s2, t2, -1842
core   0: 3 0x8000815c (0x8ce3e913) x18 0xfffffdde
core   0: 0x80008160 (0xc7767f93) andi    t6, a2, -905
core   0: 3 0x80008160 (0xc7767f93) x31 0x46484c53
core   0: 0x80008164 (0xe7a38fb7) lui     t6, 0xe7a38
core   0: 3 0x80008164 (0xe7a38fb7) x31 0xe7a38000
core   0: 0x80008168 (0x01b46033) or      zero, s0, s11
core   0: 3 0x80008168 (0x01b46033)
core   0: 0x8000816c (0x2ed64d13) xori    s10, a2, 749
core   0: 3 0x8000816c (0x2ed64d13) x26 0x46484d3e
core   0: 0x80008170 (0x40fd08b3) sub     a7, s10, a5
core   0: 3 0x80008170 (0x40fd08b3) x17 0x46484d3e
core   0: 0x80008174 (0x00c15333) srl     t1, sp, a2
core   0: 3 0x80008174 (0x00c15333) x6  0x00000000
core   0: 0x80008178 (0x008f1d93) slli    s11, t5, 8
core   0: 3 0x80008178 (0x008f1d93) x27 0x018ce400
core   0: 0x8000817c (0x5a790e37) lui     t3, 0x5a790
core   0: 3 0x8000817c (0x5a790e37) x28 0x5a790000
core   0: 0x80008180 (0x1145fe93) andi    t4, a1, 276
core   0: 3 0x80008180 (0x1145fe93) x29 0x00000000
core   0: 0x80008184 (0x010984b3) add     s1, s3, a6
core   0: 3 0x80008184 (0x010984b3) x9  0xfffffcbf
core   0: 0x80008188 (0x7c20be13) sltiu   t3, ra, 1986
core   0: 3 0x80008188 (0x7c20be13) x28 0x00000001
core   0: 0x8000818c (0x416e5333) sra     t1, t3, s6
core   0: 3 0x8000818c (0x416e5333) x6  0x00000000
core   0: 0x80008190 (0xeb10e693) ori     a3, ra, -335
core   0: 3 0x80008190 (0xeb10e693) x13 0xfffffeb1
core   0: 0x80008194 (0x014b1e93) slli    t4, s6, 20
core   0: 3 0x80008194 (0x014b1e93) x29 0x00100000
core   0: 0x80008198 (0xd8e1f413) andi    s0, gp, -626
core   0: 3 0x80008198 (0xd8e1f413) x8  0x00000000
core   0: 0x8000819c (0x014e2433) slt     s0, t3, s4
core   0: 3 0x8000819c (0x014e2433) x8  0x00000000
core   0: 0x800081a0 (0x68b4f637) lui     a2, 0x68b4f
core   0: 3 0x800081a0 (0x68b4f637) x12 0x68b4f000
core   0: 0x800081a4 (0x00770633) add     a2, a4, t2
core   0: 3 0x800081a4 (0x00770633) x12 0x4649b586
core   0: 0x800081a8 (0x1096b613) sltiu   a2, a3, 265
core   0: 3 0x800081a8 (0x1096b613) x12 0x00000000
core   0: 0x800081ac (0x0189d033) srl     zero, s3, s8
core   0: 3 0x800081ac (0x0189d033)
core   0: 0x800081b0 (0x00db0933) add     s2, s6, a3
core   0: 3 0x800081b0 (0x00db0933) x18 0xfffffeb2
core   0: 0x800081b4 (0x01b81493) slli    s1, a6, 27
core   0: 3 0x800081b4 (0x01b81493) x9  0x80000000
core   0: 0x800081b8 (0xfcbf62b7) lui     t0, 0xfcbf6
core   0: 3 0x800081b8 (0xfcbf62b7) x5  0xfcbf6000
core   0: 0x800081bc (0x457d8593) addi    a1, s11, 1111
core   0: 3 0x800081bc (0x457d8593) x11 0x018ce857
core   0: 0x800081c0 (0x013b71b3) and     gp, s6, s3
core   0: 3 0x800081c0 (0x013b71b3) x3  0x00000001
core   0: 0x800081c4 (0x01be5913) srli    s2, t3, 27
core   0: 3 0x800081c4 (0x01be5913) x18 0x00000000
core   0: 0x800081c8 (0x41925c13) srai    s8, tp, 25
core   0: 3 0x800081c8 (0x41925c13) x24 0x00000000
core   0: 0x800081cc (0x40e18b33) sub     s6, gp, a4
core   0: 3 0x800081cc (0x40e18b33) x22 0xb9b64fd5
core   0: 0x800081d0 (0x013e90b3) sll     ra, t4, s3
core   0: 3 0x800081d0 (0x013e90b3) x1  0x00000000
core   0: 0x800081d4 (0xe66fa793) slti    a5, t6, -410
core   0: 3 0x800081d4 (0xe66fa793) x15 0x00000001
core   0: 0x800081d8 (0x01c928b3) slt     a7, s2, t3
core   0: 3 0x800081d8 (0x01c928b3) x17 0x00000001
core   0: 0x800081dc (0xd95b4893) xori    a7, s6, -619
core   0: 3 0x800081dc (0xd95b4893) x17 0x4649b240
core   0: 0x800081e0 (0x019a5c13) srli    s8, s4, 25
core   0: 3 0x800081e0 (0x019a5c13) x24 0x00000000
core   0: 0x800081e4 (0x23c3b913) sltiu   s2, t2, 572
core   0: 3 0x800081e4 (0x23c3b913) x18 0x00000000
core   0: 0x800081e8 (0x412dd613) srai    a2, s11, 18
core   0: 3 0x800081e8 (0x412dd613) x12 0x00000063
core   0: 0x800081ec (0x003e6b33) or      s6, t3, gp
core   0: 3 0x800081ec (0x003e6b33) x22 0x00000001
core   0: 0x800081f0 (0x0053a333) slt     t1, t2, t0
core   0: 3 0x800081f0 (0x0053a333) x6  0x00000000
core   0: 0x800081f4 (0x401088b3) sub     a7, ra, ra
core   0: 3 0x800081f4 (0x401088b3) x17 0x00000000
core   0: 0x800081f8 (0xb35cca93) xori    s5, s9, -1227
core   0: 3 0x800081f8 (0xb35cca93) x21 0xfffffb3a
core   0: 0x800081fc (0x0083fcb3) and     s9, t2, s0
core   0: 3 0x800081fc (0x0083fcb3) x25 0x00000000
core   0: 0x80008200 (0x6fcb7a13) andi    s4, s6, 1788
core   0: 3 0x80008200 (0x6fcb7a13) x20 0x00000000
core   0: 0x80008204 (0x01afe0b3) or      ra, t6, s10
core   0: 3 0x80008204 (0x01afe0b3) x1  0xe7ebcd3e
core   0: 0x80008208 (0x012d06b3) add     a3, s10, s2
core   0: 3 0x80008208 (0x012d06b3) x13 0x46484d3e
core   0: 0x8000820c (0x21d36013) ori     zero, t1, 541
core   0: 3 0x8000820c (0x21d36013)
core   0: 0x80008210 (0x01d83433) sltu    s0, a6, t4
core   0: 3 0x80008210 (0x01d83433) x8  0x00000000
core   0: 0x80008214 (0x4155dab3) sra     s5, a1, s5
core   0: 3 0x80008214 (0x4155dab3) x21 0x00000000
core   0: 0x80008218 (0x40d10fb3) sub     t6, sp, a3
core   0: 3 0x80008218 (0x40d10fb3) x31 0xb9b7b2c2
core   0: 0x8000821c (0x41f95ab3) sra     s5, s2, t6
core   0: 3 0x8000821c (0x41f95ab3) x21 0x00000000
core   0: 0x80008220 (0xb01ab293) sltiu   t0, s5, -1279
core   0: 3 0x80008220 (0xb01ab293) x5  0x00000001
core   0: 0x80008224 (0x002ef6b3) and     a3, t4, sp
core   0: 3 0x80008224 (0x002ef6b3) x13 0x00000000
core   0: 0x80008228 (0x00e8e933) or      s2, a7, a4
core   0: 3 0x80008228 (0x00e8e933) x18 0x4649b02c
core   0: 0x8000822c (0x00000013) nop
core   0: 3 0x8000822c (0x00000013)
core   0: 0x80008230 (0xd3673a93) sltiu   s5, a4, -714
core   0: 3 0x80008230 (0xd3673a93) x21 0x00000001
core   0: 0x80008234 (0x01a46d33) or      s10, s0, s10
core   0: 3 0x80008234 (0x01a46d33) x26 0x46484d3e
core   0: 0x80008238 (0x00d25c13) srli    s8, tp, 13
core   0: 3 0x80008238 (0x00d25c13) x24 0x00000000
core   0: 0x8000823c (0x414083b3) sub     t2, ra, s4
core   0: 3 0x8000823c (0x414083b3) x7  0xe7ebcd3e
core   0: 0x80008240 (0xe32eee97) auipc   t4, 0xe32ee
core   0: 3 0x80008240 (0xe32eee97) x29 0x632f6240
core   0: 0x80008244 (0x6b94bd93) sltiu   s11, s1, 1721
core   0: 3 0x80008244 (0x6b94bd93) x27 0x00000000
core   0: 0x80008248 (0x01572a33) slt     s4, a4, s5
core   0: 3 0x80008248 (0x01572a33) x20 0x00000000
core   0: 0x8000824c (0x01a69113) slli    sp, a3, 26
core   0: 3 0x8000824c (0x01a69113) x2  0x00000000
core   0: 0x80008250 (0xad144593) xori    a1, s0, -1327
core   0: 3 0x80008250 (0xad144593) x11 0xfffffad1
core   0: 0x80008254 (0x016190b3) sll     ra, gp, s6
core   0: 3 0x80008254 (0x016190b3) x1  0x00000002
core   0: 0x80008258 (0xd848fd13) andi    s10, a7, -636
core   0: 3 0x80008258 (0xd848fd13) x26 0x00000000
core   0: 0x8000825c (0x00727fb3) and     t6, tp, t2
core   0: 3 0x8000825c (0x00727fb3) x31 0x00000000
core   0: 0x80008260 (0x015f76b3) and     a3, t5, s5
core   0: 3 0x80008260 (0x015f76b3) x13 0x00000000
core   0: 0x80008264 (0x3b8fb893) sltiu   a7, t6, 952
core   0: 3 0x80008264 (0x3b8fb893) x17 0x00000001
core   0: 0x80008268 (0xb4074493) xori    s1, a4, -1216
core   0: 3 0x80008268 (0xb4074493) x9  0xb9b64b6c
core   0: 0x8000826c (0x0031efb3) or      t6, gp, gp
core   0: 3 0x8000826c (0x0031efb3) x31 0x00000001
core   0: 0x80008270 (0x01baf433) and     s0, s5, s11
core   0: 3 0x80008270 (0x01baf433) x8  0x00000000
core   0: 0x80008274 (0x01022d33) slt     s10, tp, a6
core   0: 3 0x80008274 (0x01022d33) x26 0x00000000
core   0: 0x80008278 (0x0194d0b3) srl     ra, s1, s9
core   0: 3 0x80008278 (0x0194d0b3) x1  0xb9b64b6c
core   0: 0x8000827c (0x08bef913) andi    s2, t4, 139
core   0: 3 0x8000827c (0x08bef913) x18 0x00000000
core   0: 0x80008280 (0x00000013) nop
core   0: 3 0x80008280 (0x00000013)
core   0: 0x80008284 (0x00000013) nop
core   0: 3 0x80008284 (0x00000013)
core   0: 0x80008288 (0x012053b3) srl     t2, zero, s2
core   0: 3 0x80008288 (0x012053b3) x7  0x00000000
core   0: 0x8000828c (0x41308e33) sub     t3, ra, s3
core   0: 3 0x8000828c (0x41308e33) x28 0xb9b64b5d
core   0: 0x80008290 (0x4ae08713) addi    a4, ra, 1198
core   0: 3 0x80008290 (0x4ae08713) x14 0xb9b6501a
core   0: 0x80008294 (0x014b5933) srl     s2, s6, s4
core   0: 3 0x80008294 (0x014b5933) x18 0x00000001
core   0: 0x80008298 (0xbb4843b7) lui     t2, 0xbb484
core   0: 3 0x80008298 (0xbb4843b7) x7  0xbb484000
core   0: 0x8000829c (0x003867b3) or      a5, a6, gp
core   0: 3 0x8000829c (0x003867b3) x15 0xfffffcb1
core   0: 0x800082a0 (0xe820c893) xori    a7, ra, -382
core   0: 3 0x800082a0 (0xe820c893) x17 0x4649b5ee
core   0: 0x800082a4 (0x01bbb733) sltu    a4, s7, s11
core   0: 3 0x800082a4 (0x01bbb733) x14 0x00000000
core   0: 0x800082a8 (0x01a21613) slli    a2, tp, 26
core   0: 3 0x800082a8 (0x01a21613) x12 0x00000000
core   0: 0x800082ac (0x4101dc13) srai    s8, gp, 16
core   0: 3 0x800082ac (0x4101dc13) x24 0x00000000
core   0: 0x800082b0 (0xc9bf0e13) addi    t3, t5, -869
core   0: 3 0x800082b0 (0xc9bf0e13) x28 0x8001897f
core   0: 0x800082b4 (0x40760fb3) sub     t6, a2, t2
core   0: 3 0x800082b4 (0x40760fb3) x31 0x44b7c000
core   0: 0x800082b8 (0x6020fe93) andi    t4, ra, 1538
core   0: 3 0x800082b8 (0x6020fe93) x29 0x00000200
core   0: 0x800082bc (0x00682333) slt     t1, a6, t1
core   0: 3 0x800082bc (0x00682333) x6  0x00000001
core   0: 0x800082c0 (0x628a7113) andi    sp, s4, 1576
core   0: 3 0x800082c0 (0x628a7113) x2  0x00000000
core   0: 0x800082c4 (0x01321193) slli    gp, tp, 19
core   0: 3 0x800082c4 (0x01321193) x3  0x00000000
core   0: 0x800082c8 (0x015ad4b3) srl     s1, s5, s5
core   0: 3 0x800082c8 (0x015ad4b3) x9  0x00000000
core   0: 0x800082cc (0xb7222d13) slti    s10, tp, -1166
core   0: 3 0x800082cc (0xb7222d13) x26 0x00000000
core   0: 0x800082d0 (0x01126cb3) or      s9, tp, a7
core   0: 3 0x800082d0 (0x01126cb3) x25 0x4649b5ee
core   0: 0x800082d4 (0x003953b3) srl     t2, s2, gp
core   0: 3 0x800082d4 (0x003953b3) x7  0x00000001
core   0: 0x800082d8 (0x00216b33) or      s6, sp, sp
core   0: 3 0x800082d8 (0x00216b33) x22 0x00000000
core   0: 0x800082dc (0x007b5c93) srli    s9, s6, 7
core   0: 3 0x800082dc (0x007b5c93) x25 0x00000000
core   0: 0x800082e0 (0x00c650b3) srl     ra, a2, a2
core   0: 3 0x800082e0 (0x00c650b3) x1  0x00000000
core   0: 0x800082e4 (0x00a63e33) sltu    t3, a2, a0
core   0: 3 0x800082e4 (0x00a63e33) x28 0x00000001
core   0: 0x800082e8 (0x00a25b13) srli    s6, tp, 10
core   0: 3 0x800082e8 (0x00a25b13) x22 0x00000000
core   0: 0x800082ec (0x017b0333) add     t1, s6, s7
core   0: 3 0x800082ec (0x017b0333) x6  0x00000000
core   0: 0x800082f0 (0x40105cb3) sra     s9, zero, ra
core   0: 3 0x800082f0 (0x40105cb3) x25 0x00000000
core   0: 0x800082f4 (0xeec76793) ori     a5, a4, -276
core   0: 3 0x800082f4 (0xeec76793) x15 0xfffffeec
core   0: 0x800082f8 (0x00e62cb3) slt     s9, a2, a4
core   0: 3 0x800082f8 (0x00e62cb3) x25 0x00000000
core   0: 0x800082fc (0x41502413) slti    s0, zero, 1045
core   0: 3 0x800082fc (0x41502413) x8  0x00000001
core   0: 0x80008300 (0xdbce9e97) auipc   t4, 0xdbce9
core   0: 3 0x80008300 (0xdbce9e97) x29 0x5bcf1300
core   0: 0x80008304 (0x00678b33) add     s6, a5, t1
core   0: 3 0x80008304 (0x00678b33) x22 0xfffffeec
core   0: 0x80008308 (0x01911713) slli    a4, sp, 25
core   0: 3 0x80008308 (0x01911713) x14 0x00000000
core   0: 0x8000830c (0x00000013) nop
core   0: 3 0x8000830c (0x00000013)
core   0: 0x80008310 (0x48c52093) slti    ra, a0, 1164
core   0: 3 0x80008310 (0x48c52093) x1  0x00000001
core   0: 0x80008314 (0xa7ebbd93) sltiu   s11, s7, -1410
core   0: 3 0x80008314 (0xa7ebbd93) x27 0x00000001
core   0: 0x80008318 (0x00f39cb3) sll     s9, t2, a5
core   0: 3 0x80008318 (0x00f39cb3) x25 0x00001000
core   0: 0x8000831c (0x40e0ddb3) sra     s11, ra, a4
core   0: 3 0x8000831c (0x40e0ddb3) x27 0x00000001
core   0: 0x80008320 (0x93d1ca13) xori    s4, gp, -1731
core   0: 3 0x80008320 (0x93d1ca13) x20 0xfffff93d
core   0: 0x80008324 (0x01761933) sll     s2, a2, s7
core   0: 3 0x80008324 (0x01761933) x18 0x00000000
core   0: 0x80008328 (0x8e7db293) sltiu   t0, s11, -1817
core   0: 3 0x80008328 (0x8e7db293) x5  0x00000001
core   0: 0x8000832c (0x4e66cc97) auipc   s9, 0x4e66c
core   0: 3 0x8000832c (0x4e66cc97) x25 0xce67432c
core   0: 0x80008330 (0x00000013) nop
core   0: 3 0x80008330 (0x00000013)
core   0: 0x80008334 (0x019010b3) sll     ra, zero, s9
core   0: 3 0x80008334 (0x019010b3) x1  0x00000000
core   0: 0x80008338 (0x21506713) ori     a4, zero, 533
core   0: 3 0x80008338 (0x21506713) x14 0x00000215
core   0: 0x8000833c (0x00d6bd33) sltu    s10, a3, a3
core   0: 3 0x8000833c (0x00d6bd33) x26 0x00000000
core   0: 0x80008340 (0x44586b13) ori     s6, a6, 1093
core   0: 3 0x80008340 (0x44586b13) x22 0xfffffcf5
core   0: 0x80008344 (0x01bf5613) srli    a2, t5, 27
core   0: 3 0x80008344 (0x01bf5613) x12 0x00000010
core   0: 0x80008348 (0x01cada93) srli    s5, s5, 28
core   0: 3 0x80008348 (0x01cada93) x21 0x00000000
core   0: 0x8000834c (0x001af7b3) and     a5, s5, ra
core   0: 3 0x8000834c (0x001af7b3) x15 0x00000000
core   0: 0x80008350 (0x00d7de93) srli    t4, a5, 13
core   0: 3 0x80008350 (0x00d7de93) x29 0x00000000
core   0: 0x80008354 (0x015c0b33) add     s6, s8, s5
core   0: 3 0x80008354 (0x015c0b33) x22 0x00000000
core   0: 0x80008358 (0xc98a17b7) lui     a5, 0xc98a1
core   0: 3 0x80008358 (0xc98a17b7) x15 0xc98a1000
core   0: 0x8000835c (0x7f3d3293) sltiu   t0, s10, 2035
core   0: 3 0x8000835c (0x7f3d3293) x5  0x00000001
core   0: 0x80008360 (0x01750ab3) add     s5, a0, s7
core   0: 3 0x80008360 (0x01750ab3) x21 0x80014e64
core   0: 0x80008364 (0x411fd913) srai    s2, t6, 17
core   0: 3 0x80008364 (0x411fd913) x18 0x0000225b
core   0: 0x80008368 (0x00319cb3) sll     s9, gp, gp
core   0: 3 0x80008368 (0x00319cb3) x25 0x00000000
core   0: 0x8000836c (0x0003ebb3) or      s7, t2, zero
core   0: 3 0x8000836c (0x0003ebb3) x23 0x00000001
core   0: 0x80008370 (0x40385133) sra     sp, a6, gp
core   0: 3 0x80008370 (0x40385133) x2  0xfffffcb0
core   0: 0x80008374 (0x009478b3) and     a7, s0, s1
core   0: 3 0x80008374 (0x009478b3) x17 0x00000000
core   0: 0x80008378 (0x01921ab3) sll     s5, tp, s9
core   0: 3 0x80008378 (0x01921ab3) x21 0x00000000
core   0: 0x8000837c (0x01679113) slli    sp, a5, 22
core   0: 3 0x8000837c (0x01679113) x2  0x00000000
core   0: 0x80008380 (0xd8fd4d17) auipc   s10, 0xd8fd4
core   0: 3 0x80008380 (0xd8fd4d17) x26 0x58fdc380
core   0: 0x80008384 (0x41e15113) srai    sp, sp, 30
core   0: 3 0x80008384 (0x41e15113) x2  0x00000000
core   0: 0x80008388 (0x00371933) sll     s2, a4, gp
core   0: 3 0x80008388 (0x00371933) x18 0x00000215
core   0: 0x8000838c (0x694ff293) andi    t0, t6, 1684
core   0: 3 0x8000838c (0x694ff293) x5  0x00000000
core   0: 0x80008390 (0xe6eeb493) sltiu   s1, t4, -402
core   0: 3 0x80008390 (0xe6eeb493) x9  0x00000001
core   0: 0x80008394 (0x00634d33) xor     s10, t1, t1
core   0: 3 0x80008394 (0x00634d33) x26 0x00000000
core   0: 0x80008398 (0x40ad5193) srai    gp, s10, 10
core   0: 3 0x80008398 (0x40ad5193) x3  0x00000000
core   0: 0x8000839c (0x41c68c33) sub     s8, a3, t3
core   0: 3 0x8000839c (0x41c68c33) x24 0xffffffff
core   0: 0x800083a0 (0x41430e33) sub     t3, t1, s4
core   0: 3 0x800083a0 (0x41430e33) x28 0x000006c3
core   0: 0x800083a4 (0x48906793) ori     a5, zero, 1161
core   0: 3 0x800083a4 (0x48906793) x15 0x00000489
core   0: 0x800083a8 (0x92cbf813) andi    a6, s7, -1748
core   0: 3 0x800083a8 (0x92cbf813) x16 0x00000000
core   0: 0x800083ac (0x411ed7b3) sra     a5, t4, a7
core   0: 3 0x800083ac (0x411ed7b3) x15 0x00000000
core   0: 0x800083b0 (0x41fdd233) sra     tp, s11, t6
core   0: 3 0x800083b0 (0x41fdd233) x4  0x00000001
core   0: 0x800083b4 (0x9629dcb7) lui     s9, 0x9629d
core   0: 3 0x800083b4 (0x9629dcb7) x25 0x9629d000
core   0: 0x800083b8 (0xf5a6f613) andi    a2, a3, -166
core   0: 3 0x800083b8 (0xf5a6f613) x12 0x00000000
core   0: 0x800083bc (0x006f3bb3) sltu    s7, t5, t1
core   0: 3 0x800083bc (0x006f3bb3) x23 0x00000000
core   0: 0x800083c0 (0x002c5e33) srl     t3, s8, sp
core   0: 3 0x800083c0 (0x002c5e33) x28 0xffffffff
core   0: 0x800083c4 (0x656ff217) auipc   tp, 0x656ff
core   0: 3 0x800083c4 (0x656ff217) x4  0xe57073c4
core   0: 0x800083c8 (0x419c80b3) sub     ra, s9, s9
core   0: 3 0x800083c8 (0x419c80b3) x1  0x00000000
core   0: 0x800083cc (0x2cf7eb93) ori     s7, a5, 719
core   0: 3 0x800083cc (0x2cf7eb93) x23 0x000002cf
core   0: 0x800083d0 (0x00631013) slli    zero, t1, 6
core   0: 3 0x800083d0 (0x00631013)
core   0: 0x800083d4 (0x018e9233) sll     tp, t4, s8
core   0: 3 0x800083d4 (0x018e9233) x4  0x00000000
core   0: 0x800083d8 (0x012500b3) add     ra, a0, s2
core   0: 3 0x800083d8 (0x012500b3) x1  0x80015079
core   0: 0x800083dc (0x00657d33) and     s10, a0, t1
core   0: 3 0x800083dc (0x00657d33) x26 0x00000000
core   0: 0x800083e0 (0x059ce193) ori     gp, s9, 89
core   0: 3 0x800083e0 (0x059ce193) x3  0x9629d059
core   0: 0x800083e4 (0x0053bab3) sltu    s5, t2, t0
core   0: 3 0x800083e4 (0x0053bab3) x21 0x00000000
core   0: 0x800083e8 (0x00000013) nop
core   0: 3 0x800083e8 (0x00000013)
core   0: 0x800083ec (0x001f96b3) sll     a3, t6, ra
core   0: 3 0x800083ec (0x001f96b3) x13 0x00000000
core   0: 0x800083f0 (0x002297b3) sll     a5, t0, sp
core   0: 3 0x800083f0 (0x002297b3) x15 0x00000000
core   0: 0x800083f4 (0x0153a133) slt     sp, t2, s5
core   0: 3 0x800083f4 (0x0153a133) x2  0x00000000
core   0: 0x800083f8 (0x757e4113) xori    sp, t3, 1879
core   0: 3 0x800083f8 (0x757e4113) x2  0xfffff8a8
core   0: 0x800083fc (0x011b5c13) srli    s8, s6, 17
core   0: 3 0x800083fc (0x011b5c13) x24 0x00000000
core   0: 0x80008400 (0x01aec733) xor     a4, t4, s10
core   0: 3 0x80008400 (0x01aec733) x14 0x00000000
core   0: 0x80008404 (0x40290133) sub     sp, s2, sp
core   0: 3 0x80008404 (0x40290133) x2  0x0000096d
core   0: 0x80008408 (0xd9b00a93) li      s5, -613
core   0: 3 0x80008408 (0xd9b00a93) x21 0xfffffd9b
core   0: 0x8000840c (0x01e6b733) sltu    a4, a3, t5
core   0: 3 0x8000840c (0x01e6b733) x14 0x00000001
core   0: 0x80008410 (0x01ea9193) slli    gp, s5, 30
core   0: 3 0x80008410 (0x01ea9193) x3  0xc0000000
core   0: 0x80008414 (0x39abe893) ori     a7, s7, 922
core   0: 3 0x80008414 (0x39abe893) x17 0x000003df
core   0: 0x80008418 (0xc2dfbb13) sltiu   s6, t6, -979
core   0: 3 0x80008418 (0xc2dfbb13) x22 0x00000001
core   0: 0x8000841c (0x01976733) or      a4, a4, s9
core   0: 3 0x8000841c (0x01976733) x14 0x9629d001
core   0: 0x80008420 (0x88542013) slti    zero, s0, -1915
core   0: 3 0x80008420 (0x88542013)
core   0: 0x80008424 (0x00a61333) sll     t1, a2, a0
core   0: 3 0x80008424 (0x00a61333) x6  0x00000000
core   0: 0x80008428 (0x60313113) sltiu   sp, sp, 1539
core   0: 3 0x80008428 (0x60313113) x2  0x00000000
core   0: 0x8000842c (0xf6ac6937) lui     s2, 0xf6ac6
core   0: 3 0x8000842c (0xf6ac6937) x18 0xf6ac6000
core   0: 0x80008430 (0x0030d7b3) srl     a5, ra, gp
core   0: 3 0x80008430 (0x0030d7b3) x15 0x80015079
core   0: 0x80008434 (0x015335b3) sltu    a1, t1, s5
core   0: 3 0x80008434 (0x015335b3) x11 0x00000001
core   0: 0x80008438 (0x00bd5313) srli    t1, s10, 11
core   0: 3 0x80008438 (0x00bd5313) x6  0x00000000
core   0: 0x8000843c (0x001c7633) and     a2, s8, ra
core   0: 3 0x8000843c (0x001c7633) x12 0x00000000
core   0: 0x80008440 (0x41be5933) sra     s2, t3, s11
core   0: 3 0x80008440 (0x41be5933) x18 0xffffffff
core   0: 0x80008444 (0x011994b3) sll     s1, s3, a7
core   0: 3 0x80008444 (0x011994b3) x9  0x80000000
core   0: 0x80008448 (0xce0f6493) ori     s1, t5, -800
core   0: 3 0x80008448 (0xce0f6493) x9  0xfffffce4
core   0: 0x8000844c (0x017a1613) slli    a2, s4, 23
core   0: 3 0x8000844c (0x017a1613) x12 0x9e800000
core   0: 0x80008450 (0x019d86b3) add     a3, s11, s9
core   0: 3 0x80008450 (0x019d86b3) x13 0x9629d001
core   0: 0x80008454 (0x00000013) nop
core   0: 3 0x80008454 (0x00000013)
core   0: 0x80008458 (0x412ad913) srai    s2, s5, 18
core   0: 3 0x80008458 (0x412ad913) x18 0xffffffff
core   0: 0x8000845c (0x40ba5413) srai    s0, s4, 11
core   0: 3 0x8000845c (0x40ba5413) x8  0xffffffff
core   0: 0x80008460 (0x0118b5b3) sltu    a1, a7, a7
core   0: 3 0x80008460 (0x0118b5b3) x11 0x00000000
core   0: 0x80008464 (0x002c0333) add     t1, s8, sp
core   0: 3 0x80008464 (0x002c0333) x6  0x00000000
core   0: 0x80008468 (0x40e4d1b3) sra     gp, s1, a4
core   0: 3 0x80008468 (0x40e4d1b3) x3  0xfffffe72
core   0: 0x8000846c (0x444f2293) slti    t0, t5, 1092
core   0: 3 0x8000846c (0x444f2293) x5  0x00000001
core   0: 0x80008470 (0x4faf4c93) xori    s9, t5, 1274
core   0: 3 0x80008470 (0x4faf4c93) x25 0x8001881e
core   0: 0x80008474 (0x4071da33) sra     s4, gp, t2
core   0: 3 0x80008474 (0x4071da33) x20 0xffffff39
core   0: 0x80008478 (0x80870f93) addi    t6, a4, -2040
core   0: 3 0x80008478 (0x80870f93) x31 0x9629c809
core   0: 0x8000847c (0x01a583b3) add     t2, a1, s10
core   0: 3 0x8000847c (0x01a583b3) x7  0x00000000
core   0: 0x80008480 (0x41dd0fb3) sub     t6, s10, t4
core   0: 3 0x80008480 (0x41dd0fb3) x31 0x00000000
core   0: 0x80008484 (0x0166ffb3) and     t6, a3, s6
core   0: 3 0x80008484 (0x0166ffb3) x31 0x00000001
core   0: 0x80008488 (0x00000013) nop
core   0: 3 0x80008488 (0x00000013)
core   0: 0x8000848c (0x058e81b7) lui     gp, 0x58e8
core   0: 3 0x8000848c (0x058e81b7) x3  0x058e8000
core   0: 0x80008490 (0x6b19fc13) andi    s8, s3, 1713
core   0: 3 0x80008490 (0x6b19fc13) x24 0x00000001
core   0: 0x80008494 (0x105d6b17) auipc   s6, 0x105d6
core   0: 3 0x80008494 (0x105d6b17) x22 0x905de494
core   0: 0x80008498 (0x0167e233) or      tp, a5, s6
core   0: 3 0x80008498 (0x0167e233) x4  0x905df4fd
core   0: 0x8000849c (0x00bbc633) xor     a2, s7, a1
core   0: 3 0x8000849c (0x00bbc633) x12 0x000002cf
core   0: 0x800084a0 (0x01abfb33) and     s6, s7, s10
core   0: 3 0x800084a0 (0x01abfb33) x22 0x00000000
core   0: 0x800084a4 (0x017701b3) add     gp, a4, s7
core   0: 3 0x800084a4 (0x017701b3) x3  0x9629d2d0
core   0: 0x800084a8 (0x00bade33) srl     t3, s5, a1
core   0: 3 0x800084a8 (0x00bade33) x28 0xfffffd9b
core   0: 0x800084ac (0x013aa3b3) slt     t2, s5, s3
core   0: 3 0x800084ac (0x013aa3b3) x7  0x00000001
core   0: 0x800084b0 (0x018c1b13) slli    s6, s8, 24
core   0: 3 0x800084b0 (0x018c1b13) x22 0x01000000
core   0: 0x800084b4 (0x8b012197) auipc   gp, 0x8b012
core   0: 3 0x800084b4 (0x8b012197) x3  0x0b01a4b4
core   0: 0x800084b8 (0xb6216013) ori     zero, sp, -1182
core   0: 3 0x800084b8 (0xb6216013)
core   0: 0x800084bc (0x403186b3) sub     a3, gp, gp
core   0: 3 0x800084bc (0x403186b3) x13 0x00000000
core   0: 0x800084c0 (0x6ea26313) ori     t1, tp, 1770
core   0: 3 0x800084c0 (0x6ea26313) x6  0x905df6ff
core   0: 0x800084c4 (0x91458b13) addi    s6, a1, -1772
core   0: 3 0x800084c4 (0x91458b13) x22 0xfffff914
core   0: 0x800084c8 (0x857a55b7) lui     a1, 0x857a5
core   0: 3 0x800084c8 (0x857a55b7) x11 0x857a5000
core   0: 0x800084cc (0x012b7833) and     a6, s6, s2
core   0: 3 0x800084cc (0x012b7833) x16 0xfffff914
core   0: 0x800084d0 (0xb2e8cc93) xori    s9, a7, -1234
core   0: 3 0x800084d0 (0xb2e8cc93) x25 0xfffff8f1
core   0: 0x800084d4 (0x46135617) auipc   a2, 0x46135
core   0: 3 0x800084d4 (0x46135617) x12 0xc613d4d4
core   0: 0x800084d8 (0x20413b93) sltiu   s7, sp, 516
core   0: 3 0x800084d8 (0x20413b93) x23 0x00000001
core   0: 0x800084dc (0x41f45613) srai    a2, s0, 31
core   0: 3 0x800084dc (0x41f45613) x12 0xffffffff
core   0: 0x800084e0 (0x00000013) nop
core   0: 3 0x800084e0 (0x00000013)
core   0: 0x800084e4 (0xfc536593) ori     a1, t1, -59
core   0: 3 0x800084e4 (0xfc536593) x11 0xffffffff
core   0: 0x800084e8 (0x01a78033) add     zero, a5, s10
core   0: 3 0x800084e8 (0x01a78033)
core   0: 0x800084ec (0x0113fb33) and     s6, t2, a7
core   0: 3 0x800084ec (0x0113fb33) x22 0x00000001
core   0: 0x800084f0 (0xb7194e13) xori    t3, s2, -1167
core   0: 3 0x800084f0 (0xb7194e13) x28 0x0000048e
core   0: 0x800084f4 (0x01dedab3) srl     s5, t4, t4
core   0: 3 0x800084f4 (0x01dedab3) x21 0x00000000
core   0: 0x800084f8 (0x4098d413) srai    s0, a7, 9
core   0: 3 0x800084f8 (0x4098d413) x8  0x00000001
core   0: 0x800084fc (0x01a83fb3) sltu    t6, a6, s10
core   0: 3 0x800084fc (0x01a83fb3) x31 0x00000000
core   0: 0x80008500 (0x01cd9a13) slli    s4, s11, 28
core   0: 3 0x80008500 (0x01cd9a13) x20 0x10000000
core   0: 0x80008504 (0x5afd3693) sltiu   a3, s10, 1455
core   0: 3 0x80008504 (0x5afd3693) x13 0x00000001
core   0: 0x80008508 (0x016ad213) srli    tp, s5, 22
core   0: 3 0x80008508 (0x016ad213) x4  0x00000000
core   0: 0x8000850c (0x01012033) slt     zero, sp, a6
core   0: 3 0x8000850c (0x01012033)
core   0: 0x80008510 (0x014e8a33) add     s4, t4, s4
core   0: 3 0x80008510 (0x014e8a33) x20 0x10000000
core   0: 0x80008514 (0x0078bb33) sltu    s6, a7, t2
core   0: 3 0x80008514 (0x0078bb33) x22 0x00000000
core   0: 0x80008518 (0x00c5feb3) and     t4, a1, a2
core   0: 3 0x80008518 (0x00c5feb3) x29 0xffffffff
core   0: 0x8000851c (0x01c1b3b3) sltu    t2, gp, t3
core   0: 3 0x8000851c (0x01c1b3b3) x7  0x00000000
core   0: 0x80008520 (0x1812a413) slti    s0, t0, 385
core   0: 3 0x80008520 (0x1812a413) x8  0x00000001
core   0: 0x80008524 (0x00138033) add     zero, t2, ra
core   0: 3 0x80008524 (0x00138033)
core   0: 0x80008528 (0x52ed8c93) addi    s9, s11, 1326
core   0: 3 0x80008528 (0x52ed8c93) x25 0x0000052f
core   0: 0x8000852c (0x5fa86d93) ori     s11, a6, 1530
core   0: 3 0x8000852c (0x5fa86d93) x27 0xfffffdfe
core   0: 0x80008530 (0x00aa9313) slli    t1, s5, 10
core   0: 3 0x80008530 (0x00aa9313) x6  0x00000000
core   0: 0x80008534 (0x0041e233) or      tp, gp, tp
core   0: 3 0x80008534 (0x0041e233) x4  0x0b01a4b4
core   0: 0x80008538 (0x01cf9c33) sll     s8, t6, t3
core   0: 3 0x80008538 (0x01cf9c33) x24 0x00000000
core   0: 0x8000853c (0x009597b3) sll     a5, a1, s1
core   0: 3 0x8000853c (0x009597b3) x15 0xfffffff0
core   0: 0x80008540 (0x00432133) slt     sp, t1, tp
core   0: 3 0x80008540 (0x00432133) x2  0x00000001
core   0: 0x80008544 (0xbdffe393) ori     t2, t6, -1057
core   0: 3 0x80008544 (0xbdffe393) x7  0xfffffbdf
core   0: 0x80008548 (0xd24a3013) sltiu   zero, s4, -732
core   0: 3 0x80008548 (0xd24a3013)
core   0: 0x8000854c (0x85b9ac13) slti    s8, s3, -1957
core   0: 3 0x8000854c (0x85b9ac13) x24 0x00000000
core   0: 0x80008550 (0x01aed713) srli    a4, t4, 26
core   0: 3 0x80008550 (0x01aed713) x14 0x0000003f
core   0: 0x80008554 (0x8b086613) ori     a2, a6, -1872
core   0: 3 0x80008554 (0x8b086613) x12 0xfffff9b4
core   0: 0x80008558 (0x7952cd93) xori    s11, t0, 1941
core   0: 3 0x80008558 (0x7952cd93) x27 0x00000794
core   0: 0x8000855c (0xbe9a4d17) auipc   s10, 0xbe9a4
core   0: 3 0x8000855c (0xbe9a4d17) x26 0x3e9ac55c
core   0: 0x80008560 (0x4087d093) srai    ra, a5, 8
core   0: 3 0x80008560 (0x4087d093) x1  0xffffffff
core   0: 0x80008564 (0x00bf64b3) or      s1, t5, a1
core   0: 3 0x80008564 (0x00bf64b3) x9  0xffffffff
core   0: 0x80008568 (0x00ed0433) add     s0, s10, a4
core   0: 3 0x80008568 (0x00ed0433) x8  0x3e9ac59b
core   0: 0x8000856c (0x8e4f2913) slti    s2, t5, -1820
core   0: 3 0x8000856c (0x8e4f2913) x18 0x00000001
core   0: 0x80008570 (0x00ead7b3) srl     a5, s5, a4
core   0: 3 0x80008570 (0x00ead7b3) x15 0x00000000
core   0: 0x80008574 (0x00354633) xor     a2, a0, gp
core   0: 3 0x80008574 (0x00354633) x12 0x8b00ead0
core   0: 0x80008578 (0x00000013) nop
core   0: 3 0x80008578 (0x00000013)
core   0: 0x8000857c (0xd8dbe213) ori     tp, s7, -627
core   0: 3 0x8000857c (0xd8dbe213) x4  0xfffffd8d
core   0: 0x80008580 (0x067dcd93) xori    s11, s11, 103
core   0: 3 0x80008580 (0x067dcd93) x27 0x000007f3
core   0: 0x80008584 (0x01629e93) slli    t4, t0, 22
core   0: 3 0x80008584 (0x01629e93) x29 0x00400000
core   0: 0x80008588 (0x7e6aae93) slti    t4, s5, 2022
core   0: 3 0x80008588 (0x7e6aae93) x29 0x00000001
core   0: 0x8000858c (0xa55fcc13) xori    s8, t6, -1451
core   0: 3 0x8000858c (0xa55fcc13) x24 0xfffffa55
core   0: 0x80008590 (0xcf451e97) auipc   t4, 0xcf451
core   0: 3 0x80008590 (0xcf451e97) x29 0x4f459590
core   0: 0x80008594 (0x40c0d613) srai    a2, ra, 12
core   0: 3 0x80008594 (0x40c0d613) x12 0xffffffff
core   0: 0x80008598 (0x40d2d013) srai    zero, t0, 13
core   0: 3 0x80008598 (0x40d2d013)
core   0: 0x8000859c (0x5ba3b813) sltiu   a6, t2, 1466
core   0: 3 0x8000859c (0x5ba3b813) x16 0x00000000
core   0: 0x800085a0 (0x41e3d413) srai    s0, t2, 30
core   0: 3 0x800085a0 (0x41e3d413) x8  0xffffffff
core   0: 0x800085a4 (0x01b91313) slli    t1, s2, 27
core   0: 3 0x800085a4 (0x01b91313) x6  0x08000000
core   0: 0x800085a8 (0x00000013) nop
core   0: 3 0x800085a8 (0x00000013)
core   0: 0x800085ac (0x013d9413) slli    s0, s11, 19
core   0: 3 0x800085ac (0x013d9413) x8  0x3f980000
core   0: 0x800085b0 (0x013c4133) xor     sp, s8, s3
core   0: 3 0x800085b0 (0x013c4133) x2  0xfffffa5a
core   0: 0x800085b4 (0xb0518413) addi    s0, gp, -1275
core   0: 3 0x800085b4 (0xb0518413) x8  0x0b019fb9
core   0: 0x800085b8 (0xd3fefa13) andi    s4, t4, -705
core   0: 3 0x800085b8 (0xd3fefa13) x20 0x4f459510
core   0: 0x800085bc (0x00614633) xor     a2, sp, t1
core   0: 3 0x800085bc (0x00614633) x12 0xf7fffa5a
core   0: 0x800085c0 (0x01c2a733) slt     a4, t0, t3
core   0: 3 0x800085c0 (0x01c2a733) x14 0x00000001
core   0: 0x800085c4 (0x00015d33) srl     s10, sp, zero
core   0: 3 0x800085c4 (0x00015d33) x26 0xfffffa5a
core   0: 0x800085c8 (0x41e28eb3) sub     t4, t0, t5
core   0: 3 0x800085c8 (0x41e28eb3) x29 0x7ffe731d
core   0: 0x800085cc (0x416ed413) srai    s0, t4, 22
core   0: 3 0x800085cc (0x416ed413) x8  0x000001ff
core   0: 0x800085d0 (0x55fc3a13) sltiu   s4, s8, 1375
core   0: 3 0x800085d0 (0x55fc3a13) x20 0x00000000
core   0: 0x800085d4 (0xbf092f93) slti    t6, s2, -1040
core   0: 3 0x800085d4 (0xbf092f93) x31 0x00000000
core   0: 0x800085d8 (0x416e5e13) srai    t3, t3, 22
core   0: 3 0x800085d8 (0x416e5e13) x28 0x00000000
core   0: 0x800085dc (0x4013db13) srai    s6, t2, 1
core   0: 3 0x800085dc (0x4013db13) x22 0xfffffdef
core   0: 0x800085e0 (0x40e60633) sub     a2, a2, a4
core   0: 3 0x800085e0 (0x40e60633) x12 0xf7fffa59
core   0: 0x800085e4 (0x01e31713) slli    a4, t1, 30
core   0: 3 0x800085e4 (0x01e31713) x14 0x00000000
core   0: 0x800085e8 (0x6bcb7f93) andi    t6, s6, 1724
core   0: 3 0x800085e8 (0x6bcb7f93) x31 0x000004ac
core   0: 0x800085ec (0x2ccca193) slti    gp, s9, 716
core   0: 3 0x800085ec (0x2ccca193) x3  0x00000000
core   0: 0x800085f0 (0x0127b4b3) sltu    s1, a5, s2
core   0: 3 0x800085f0 (0x0127b4b3) x9  0x00000001
core   0: 0x800085f4 (0x00e5ec33) or      s8, a1, a4
core   0: 3 0x800085f4 (0x00e5ec33) x24 0xffffffff
core   0: 0x800085f8 (0x006dfd33) and     s10, s11, t1
core   0: 3 0x800085f8 (0x006dfd33) x26 0x00000000
core   0: 0x800085fc (0xec8982b7) lui     t0, 0xec898
core   0: 3 0x800085fc (0xec8982b7) x5  0xec898000
core   0: 0x80008600 (0x017d03b3) add     t2, s10, s7
core   0: 3 0x80008600 (0x017d03b3) x7  0x00000001
core   0: 0x80008604 (0x006a2fb3) slt     t6, s4, t1
core   0: 3 0x80008604 (0x006a2fb3) x31 0x00000001
core   0: 0x80008608 (0x87bec613) xori    a2, t4, -1925
core   0: 3 0x80008608 (0x87bec613) x12 0x80018b66
core   0: 0x8000860c (0x407cd833) sra     a6, s9, t2
core   0: 3 0x8000860c (0x407cd833) x16 0x00000297
core   0: 0x80008610 (0xeaeb7613) andi    a2, s6, -338
core   0: 3 0x80008610 (0xeaeb7613) x12 0xfffffcae
core   0: 0x80008614 (0xc7d24313) xori    t1, tp, -899
core   0: 3 0x80008614 (0xc7d24313) x6  0x000001f0
core   0: 0x80008618 (0xe9e9e613) ori     a2, s3, -354
core   0: 3 0x80008618 (0xe9e9e613) x12 0xfffffe9f
core   0: 0x8000861c (0x00874333) xor     t1, a4, s0
core   0: 3 0x8000861c (0x00874333) x6  0x000001ff
core   0: 0x80008620 (0x00766133) or      sp, a2, t2
core   0: 3 0x80008620 (0x00766133) x2  0xfffffe9f
core   0: 0x80008624 (0x36192713) slti    a4, s2, 865
core   0: 3 0x80008624 (0x36192713) x14 0x00000001
core   0: 0x80008628 (0x408103b3) sub     t2, sp, s0
core   0: 3 0x80008628 (0x408103b3) x7  0xfffffca0
core   0: 0x8000862c (0x0130ad33) slt     s10, ra, s3
core   0: 3 0x8000862c (0x0130ad33) x26 0x00000001
core   0: 0x80008630 (0x00ff8eb3) add     t4, t6, a5
core   0: 3 0x80008630 (0x00ff8eb3) x29 0x00000001
core   0: 0x80008634 (0x019ca633) slt     a2, s9, s9
core   0: 3 0x80008634 (0x019ca633) x12 0x00000000
core   0: 0x80008638 (0xfb858c13) addi    s8, a1, -72
core   0: 3 0x80008638 (0xfb858c13) x24 0xffffffb7
core   0: 0x8000863c (0x9de9e413) ori     s0, s3, -1570
core   0: 3 0x8000863c (0x9de9e413) x8  0xfffff9df
core   0: 0x80008640 (0x283d4637) lui     a2, 0x283d4
core   0: 3 0x80008640 (0x283d4637) x12 0x283d4000
core   0: 0x80008644 (0xd480f913) andi    s2, ra, -696
core   0: 3 0x80008644 (0xd480f913) x18 0xfffffd48
core   0: 0x80008648 (0x01c42233) slt     tp, s0, t3
core   0: 3 0x80008648 (0x01c42233) x4  0x00000001
core   0: 0x8000864c (0x0dbd4d93) xori    s11, s10, 219
core   0: 3 0x8000864c (0x0dbd4d93) x27 0x000000da
core   0: 0x80008650 (0x49986c13) ori     s8, a6, 1177
core   0: 3 0x80008650 (0x49986c13) x24 0x0000069f
core   0: 0x80008654 (0x00000013) nop
core   0: 3 0x80008654 (0x00000013)
core   0: 0x80008658 (0x5c0aa093) slti    ra, s5, 1472
core   0: 3 0x80008658 (0x5c0aa093) x1  0x00000001
core   0: 0x8000865c (0x41695e13) srai    t3, s2, 22
core   0: 3 0x8000865c (0x41695e13) x28 0xffffffff
core   0: 0x80008660 (0x1f094713) xori    a4, s2, 496
core   0: 3 0x80008660 (0x1f094713) x14 0xfffffcb8
core   0: 0x80008664 (0xb0d82eb7) lui     t4, 0xb0d82
core   0: 3 0x80008664 (0xb0d82eb7) x29 0xb0d82000
core   0: 0x80008668 (0x8324e613) ori     a2, s1, -1998
core   0: 3 0x80008668 (0x8324e613) x12 0xfffff833
core   0: 0x8000866c (0x01849933) sll     s2, s1, s8
core   0: 3 0x8000866c (0x01849933) x18 0x80000000
core   0: 0x80008670 (0x91224f93) xori    t6, tp, -1774
core   0: 3 0x80008670 (0x91224f93) x31 0xfffff913
core   0: 0x80008674 (0xe5f1fe93) andi    t4, gp, -417
core   0: 3 0x80008674 (0xe5f1fe93) x29 0x00000000
core   0: 0x80008678 (0x015ed4b3) srl     s1, t4, s5
core   0: 3 0x80008678 (0x015ed4b3) x9  0x00000000
core   0: 0x8000867c (0x018052b3) srl     t0, zero, s8
core   0: 3 0x8000867c (0x018052b3) x5  0x00000000
core   0: 0x80008680 (0x015e8b33) add     s6, t4, s5
core   0: 3 0x80008680 (0x015e8b33) x22 0x00000000
core   0: 0x80008684 (0x2e502813) slti    a6, zero, 741
core   0: 3 0x80008684 (0x2e502813) x16 0x00000001
core   0: 0x80008688 (0x01781c33) sll     s8, a6, s7
core   0: 3 0x80008688 (0x01781c33) x24 0x00000002
core   0: 0x8000868c (0xbbc97793) andi    a5, s2, -1092
core   0: 3 0x8000868c (0xbbc97793) x15 0x80000000
core   0: 0x80008690 (0x00000013) nop
core   0: 3 0x80008690 (0x00000013)
core   0: 0x80008694 (0x0188dd93) srli    s11, a7, 24
core   0: 3 0x80008694 (0x0188dd93) x27 0x00000000
core   0: 0x80008698 (0x6679e893) ori     a7, s3, 1639
core   0: 3 0x80008698 (0x6679e893) x17 0x0000066f
core   0: 0x8000869c (0x4135d5b3) sra     a1, a1, s3
core   0: 3 0x8000869c (0x4135d5b3) x11 0xffffffff
core   0: 0x800086a0 (0x01c63fb3) sltu    t6, a2, t3
core   0: 3 0x800086a0 (0x01c63fb3) x31 0x00000001
core   0: 0x800086a4 (0x417e8233) sub     tp, t4, s7
core   0: 3 0x800086a4 (0x417e8233) x4  0xffffffff
core   0: 0x800086a8 (0x24ab0393) addi    t2, s6, 586
core   0: 3 0x800086a8 (0x24ab0393) x7  0x0000024a
core   0: 0x800086ac (0xab30fa13) andi    s4, ra, -1357
core   0: 3 0x800086ac (0xab30fa13) x20 0x00000001
core   0: 0x800086b0 (0x0121f033) and     zero, gp, s2
core   0: 3 0x800086b0 (0x0121f033)
core   0: 0x800086b4 (0x2944b593) sltiu   a1, s1, 660
core   0: 3 0x800086b4 (0x2944b593) x11 0x00000001
core   0: 0x800086b8 (0x01921e33) sll     t3, tp, s9
core   0: 3 0x800086b8 (0x01921e33) x28 0xffff8000
core   0: 0x800086bc (0x010590b3) sll     ra, a1, a6
core   0: 3 0x800086bc (0x010590b3) x1  0x00000002
core   0: 0x800086c0 (0x40955213) srai    tp, a0, 9
core   0: 3 0x800086c0 (0x40955213) x4  0xffc000a7
core   0: 0x800086c4 (0x00600833) add     a6, zero, t1
core   0: 3 0x800086c4 (0x00600833) x16 0x000001ff
core   0: 0x800086c8 (0x01361db3) sll     s11, a2, s3
core   0: 3 0x800086c8 (0x01361db3) x27 0xfc198000
core   0: 0x800086cc (0x406d0b33) sub     s6, s10, t1
core   0: 3 0x800086cc (0x406d0b33) x22 0xfffffe02
core   0: 0x800086d0 (0x00e62633) slt     a2, a2, a4
core   0: 3 0x800086d0 (0x00e62633) x12 0x00000001
core   0: 0x800086d4 (0x01e41ab3) sll     s5, s0, t5
core   0: 3 0x800086d4 (0x01e41ab3) x21 0xffff9df0
core   0: 0x800086d8 (0x01353033) sltu    zero, a0, s3
core   0: 3 0x800086d8 (0x01353033)
core   0: 0x800086dc (0x40b85313) srai    t1, a6, 11
core   0: 3 0x800086dc (0x40b85313) x6  0x00000000
core   0: 0x800086e0 (0x419900b3) sub     ra, s2, s9
core   0: 3 0x800086e0 (0x419900b3) x1  0x7ffffad1
core   0: 0x800086e4 (0x411f8a33) sub     s4, t6, a7
core   0: 3 0x800086e4 (0x411f8a33) x20 0xfffff992
core   0: 0x800086e8 (0x01b21593) slli    a1, tp, 27
core   0: 3 0x800086e8 (0x01b21593) x11 0x38000000
core   0: 0x800086ec (0x01ec6c33) or      s8, s8, t5
core   0: 3 0x800086ec (0x01ec6c33) x24 0x80018ce6
core   0: 0x800086f0 (0x8ee26413) ori     s0, tp, -1810
core   0: 3 0x800086f0 (0x8ee26413) x8  0xfffff8ef
core   0: 0x800086f4 (0x006007b3) add     a5, zero, t1
core   0: 3 0x800086f4 (0x006007b3) x15 0x00000000
core   0: 0x800086f8 (0xdb276893) ori     a7, a4, -590
core   0: 3 0x800086f8 (0xdb276893) x17 0xfffffdba
core   0: 0x800086fc (0x9d6752b7) lui     t0, 0x9d675
core   0: 3 0x800086fc (0x9d6752b7) x5  0x9d675000
core   0: 0x80008700 (0xfef43113) sltiu   sp, s0, -17
core   0: 3 0x80008700 (0xfef43113) x2  0x00000001
core   0: 0x80008704 (0x00000013) nop
core   0: 3 0x80008704 (0x00000013)
core   0: 0x80008708 (0xe606e913) ori     s2, a3, -416
core   0: 3 0x80008708 (0xe606e913) x18 0xfffffe61
core   0: 0x8000870c (0x01de7fb3) and     t6, t3, t4
core   0: 3 0x8000870c (0x01de7fb3) x31 0x00000000
core   0: 0x80008710 (0x01510b33) add     s6, sp, s5
core   0: 3 0x80008710 (0x01510b33) x22 0xffff9df1
core   0: 0x80008714 (0x00309913) slli    s2, ra, 3
core   0: 3 0x80008714 (0x00309913) x18 0xffffd688
core   0: 0x80008718 (0x944c6b13) ori     s6, s8, -1724
core   0: 3 0x80008718 (0x944c6b13) x22 0xfffffde6
core   0: 0x8000871c (0x41b8d933) sra     s2, a7, s11
core   0: 3 0x8000871c (0x41b8d933) x18 0xfffffdba
core   0: 0x80008720 (0x004ceb33) or      s6, s9, tp
core   0: 3 0x80008720 (0x004ceb33) x22 0xffc005af
core   0: 0x80008724 (0x0179c233) xor     tp, s3, s7
core   0: 3 0x80008724 (0x0179c233) x4  0x0000000e
core   0: 0x80008728 (0x3390ae93) slti    t4, ra, 825
core   0: 3 0x80008728 (0x3390ae93) x29 0x00000000
core   0: 0x8000872c (0x011a81b3) add     gp, s5, a7
core   0: 3 0x8000872c (0x011a81b3) x3  0xffff9baa
core   0: 0x80008730 (0x0244e893) ori     a7, s1, 36
core   0: 3 0x80008730 (0x0244e893) x17 0x00000024
core   0: 0x80008734 (0x005ea633) slt     a2, t4, t0
core   0: 3 0x80008734 (0x005ea633) x12 0x00000000
core   0: 0x80008738 (0x2a0f6c13) ori     s8, t5, 672
core   0: 3 0x80008738 (0x2a0f6c13) x24 0x80018ee4
core   0: 0x8000873c (0x1e3e4793) xori    a5, t3, 483
core   0: 3 0x8000873c (0x1e3e4793) x15 0xffff81e3
core   0: 0x80008740 (0x417b8bb3) sub     s7, s7, s7
core   0: 3 0x80008740 (0x417b8bb3) x23 0x00000000
core   0: 0x80008744 (0xbb01ce13) xori    t3, gp, -1104
core   0: 3 0x80008744 (0xbb01ce13) x28 0x0000601a
core   0: 0x80008748 (0x44a0e613) ori     a2, ra, 1098
core   0: 3 0x80008748 (0x44a0e613) x12 0x7ffffedb
core   0: 0x8000874c (0xd0bdec13) ori     s8, s11, -757
core   0: 3 0x8000874c (0xd0bdec13) x24 0xfffffd0b
core   0: 0x80008750 (0x0163c933) xor     s2, t2, s6
core   0: 3 0x80008750 (0x0163c933) x18 0xffc007e5
core   0: 0x80008754 (0x41f08333) sub     t1, ra, t6
core   0: 3 0x80008754 (0x41f08333) x6  0x7ffffad1
core   0: 0x80008758 (0x96a4e393) ori     t2, s1, -1686
core   0: 3 0x80008758 (0x96a4e393) x7  0xfffff96a
core   0: 0x8000875c (0x01c74133) xor     sp, a4, t3
core   0: 3 0x8000875c (0x01c74133) x2  0xffff9ca2
core   0: 0x80008760 (0x007f1a13) slli    s4, t5, 7
core   0: 3 0x80008760 (0x007f1a13) x20 0x00c67200
core   0: 0x80008764 (0xb7b9ca93) xori    s5, s3, -1157
core   0: 3 0x80008764 (0xb7b9ca93) x21 0xfffffb74
core   0: 0x80008768 (0x01021733) sll     a4, tp, a6
core   0: 3 0x80008768 (0x01021733) x14 0x00000000
core   0: 0x8000876c (0xce4f8593) addi    a1, t6, -796
core   0: 3 0x8000876c (0xce4f8593) x11 0xfffffce4
core   0: 0x80008770 (0xf291b393) sltiu   t2, gp, -215
core   0: 3 0x80008770 (0xf291b393) x7  0x00000001
core   0: 0x80008774 (0xbd484113) xori    sp, a6, -1068
core   0: 3 0x80008774 (0xbd484113) x2  0xfffffa2b
core   0: 0x80008778 (0x00000013) nop
core   0: 3 0x80008778 (0x00000013)
core   0: 0x8000877c (0x016fecb3) or      s9, t6, s6
core   0: 3 0x8000877c (0x016fecb3) x25 0xffc005af
core   0: 0x80008780 (0x4147d133) sra     sp, a5, s4
core   0: 3 0x80008780 (0x4147d133) x2  0xffff81e3
core   0: 0x80008784 (0x00000013) nop
core   0: 3 0x80008784 (0x00000013)
core   0: 0x80008788 (0xeb213b13) sltiu   s6, sp, -334
core   0: 3 0x80008788 (0xeb213b13) x22 0x00000001
core   0: 0x8000878c (0x011697b3) sll     a5, a3, a7
core   0: 3 0x8000878c (0x011697b3) x15 0x00000010
core   0: 0x80008790 (0x01b59a13) slli    s4, a1, 27
core   0: 3 0x80008790 (0x01b59a13) x20 0x20000000
core   0: 0x80008794 (0xa0bf6a13) ori     s4, t5, -1525
core   0: 3 0x80008794 (0xa0bf6a13) x20 0xfffffeef
core   0: 0x80008798 (0x0164de33) srl     t3, s1, s6
core   0: 3 0x80008798 (0x0164de33) x28 0x00000000
core   0: 0x8000879c (0x47ff0293) addi    t0, t5, 1151
core   0: 3 0x8000879c (0x47ff0293) x5  0x80019163
core   0: 0x800087a0 (0x01361313) slli    t1, a2, 19
core   0: 3 0x800087a0 (0x01361313) x6  0xf6d80000
core   0: 0x800087a4 (0xb5253313) sltiu   t1, a0, -1198
core   0: 3 0x800087a4 (0xb5253313) x6  0x00000001
core   0: 0x800087a8 (0xffb34393) xori    t2, t1, -5
core   0: 3 0x800087a8 (0xffb34393) x7  0xfffffffa
core   0: 0x800087ac (0x009d6333) or      t1, s10, s1
core   0: 3 0x800087ac (0x009d6333) x6  0x00000001
core   0: 0x800087b0 (0x44caf213) andi    tp, s5, 1100
core   0: 3 0x800087b0 (0x44caf213) x4  0x00000044
core   0: 0x800087b4 (0xa0dcb213) sltiu   tp, s9, -1523
core   0: 3 0x800087b4 (0xa0dcb213) x4  0x00000001
core   0: 0x800087b8 (0x00f41c33) sll     s8, s0, a5
core   0: 3 0x800087b8 (0x00f41c33) x24 0xf8ef0000
core   0: 0x800087bc (0xf4640113) addi    sp, s0, -186
core   0: 3 0x800087bc (0xf4640113) x2  0xfffff835
core   0: 0x800087c0 (0x001f1333) sll     t1, t5, ra
core   0: 3 0x800087c0 (0x001f1333) x6  0x19c80000
core   0: 0x800087c4 (0xce594397) auipc   t2, 0xce594
core   0: 3 0x800087c4 (0xce594397) x7  0x4e59c7c4
core   0: 0x800087c8 (0x01048033) add     zero, s1, a6
core   0: 3 0x800087c8 (0x01048033)
core   0: 0x800087cc (0x00a22633) slt     a2, tp, a0
core   0: 3 0x800087cc (0x00a22633) x12 0x00000000
core   0: 0x800087d0 (0x0042d693) srli    a3, t0, 4
core   0: 3 0x800087d0 (0x0042d693) x13 0x08001916
core   0: 0x800087d4 (0x00000013) nop
core   0: 3 0x800087d4 (0x00000013)
core   0: 0x800087d8 (0x019bb8b3) sltu    a7, s7, s9
core   0: 3 0x800087d8 (0x019bb8b3) x17 0x00000001
core   0: 0x800087dc (0x00c2abb3) slt     s7, t0, a2
core   0: 3 0x800087dc (0x00c2abb3) x23 0x00000001
core   0: 0x800087e0 (0x01989433) sll     s0, a7, s9
core   0: 3 0x800087e0 (0x01989433) x8  0x00008000
core   0: 0x800087e4 (0x75b743b7) lui     t2, 0x75b74
core   0: 3 0x800087e4 (0x75b743b7) x7  0x75b74000
core   0: 0x800087e8 (0x40460833) sub     a6, a2, tp
core   0: 3 0x800087e8 (0x40460833) x16 0xffffffff
core   0: 0x800087ec (0x6592cc93) xori    s9, t0, 1625
core   0: 3 0x800087ec (0x6592cc93) x25 0x8001973a
core   0: 0x800087f0 (0xf480cd13) xori    s10, ra, -184
core   0: 3 0x800087f0 (0xf480cd13) x26 0x80000599
core   0: 0x800087f4 (0xac793813) sltiu   a6, s2, -1337
core   0: 3 0x800087f4 (0xac793813) x16 0x00000001
core   0: 0x800087f8 (0x1dcd6713) ori     a4, s10, 476
core   0: 3 0x800087f8 (0x1dcd6713) x14 0x800005dd
core   0: 0x800087fc (0x0053cab3) xor     s5, t2, t0
core   0: 3 0x800087fc (0x0053cab3) x21 0xf5b6d163
core   0: 0x80008800 (0xda308237) lui     tp, 0xda308
core   0: 3 0x80008800 (0xda308237) x4  0xda308000
core   0: 0x80008804 (0x01f8ea33) or      s4, a7, t6
core   0: 3 0x80008804 (0x01f8ea33) x20 0x00000001
core   0: 0x80008808 (0x00e958b3) srl     a7, s2, a4
core   0: 3 0x80008808 (0x00e958b3) x17 0x00000007
core   0: 0x8000880c (0x00000013) nop
core   0: 3 0x8000880c (0x00000013)
core   0: 0x80008810 (0x00863b33) sltu    s6, a2, s0
core   0: 3 0x80008810 (0x00863b33) x22 0x00000001
core   0: 0x80008814 (0x00cd9433) sll     s0, s11, a2
core   0: 3 0x80008814 (0x00cd9433) x8  0xfc198000
core   0: 0x80008818 (0x01c5ceb3) xor     t4, a1, t3
core   0: 3 0x80008818 (0x01c5ceb3) x29 0xfffffce4
core   0: 0x8000881c (0xa7376e37) lui     t3, 0xa7376
core   0: 3 0x8000881c (0xa7376e37) x28 0xa7376000
core   0: 0x80008820 (0x001a6833) or      a6, s4, ra
core   0: 3 0x80008820 (0x001a6833) x16 0x7ffffad1
core   0: 0x80008824 (0x01b6bfb3) sltu    t6, a3, s11
core   0: 3 0x80008824 (0x01b6bfb3) x31 0x00000001
core   0: 0x80008828 (0x388fb893) sltiu   a7, t6, 904
core   0: 3 0x80008828 (0x388fb893) x17 0x00000001
core   0: 0x8000882c (0x41a408b3) sub     a7, s0, s10
core   0: 3 0x8000882c (0x41a408b3) x17 0x7c197a67
core   0: 0x80008830 (0xcfb38113) addi    sp, t2, -773
core   0: 3 0x80008830 (0xcfb38113) x2  0x75b73cfb
core   0: 0x80008834 (0x10302413) slti    s0, zero, 259
core   0: 3 0x80008834 (0x10302413) x8  0x00000001
core   0: 0x80008838 (0x009e9e33) sll     t3, t4, s1
core   0: 3 0x80008838 (0x009e9e33) x28 0xfffffce4
core   0: 0x8000883c (0x7925fdb7) lui     s11, 0x7925f
core   0: 3 0x8000883c (0x7925fdb7) x27 0x7925f000
core   0: 0x80008840 (0x6dbe0837) lui     a6, 0x6dbe0
core   0: 3 0x80008840 (0x6dbe0837) x16 0x6dbe0000
core   0: 0x80008844 (0x40495333) sra     t1, s2, tp
core   0: 3 0x80008844 (0x40495333) x6  0xffc007e5
core   0: 0x80008848 (0x981f2437) lui     s0, 0x981f2
core   0: 3 0x80008848 (0x981f2437) x8  0x981f2000
core   0: 0x8000884c (0x011384b3) add     s1, t2, a7
core   0: 3 0x8000884c (0x011384b3) x9  0xf1d0ba67
core   0: 0x80008850 (0x00ad9d93) slli    s11, s11, 10
core   0: 3 0x80008850 (0x00ad9d93) x27 0x97c00000
core   0: 0x80008854 (0x001c1493) slli    s1, s8, 1
core   0: 3 0x80008854 (0x001c1493) x9  0xf1de0000
core   0: 0x80008858 (0x418d55b3) sra     a1, s10, s8
core   0: 3 0x80008858 (0x418d55b3) x11 0x80000599
core   0: 0x8000885c (0x01f0fd33) and     s10, ra, t6
core   0: 3 0x8000885c (0x01f0fd33) x26 0x00000001
core   0: 0x80008860 (0x00000013) nop
core   0: 3 0x80008860 (0x00000013)
core   0: 0x80008864 (0x01da9233) sll     tp, s5, t4
core   0: 3 0x80008864 (0x01da9233) x4  0x5b6d1630
core   0: 0x80008868 (0x8d593893) sltiu   a7, s2, -1835
core   0: 3 0x80008868 (0x8d593893) x17 0x00000001
core   0: 0x8000886c (0x52532d93) slti    s11, t1, 1317
core   0: 3 0x8000886c (0x52532d93) x27 0x00000001
core   0: 0x80008870 (0x747ea8b7) lui     a7, 0x747ea
core   0: 3 0x80008870 (0x747ea8b7) x17 0x747ea000
core   0: 0x80008874 (0x0672c837) lui     a6, 0x672c
core   0: 3 0x80008874 (0x0672c837) x16 0x0672c000
core   0: 0x80008878 (0x8df9bb93) sltiu   s7, s3, -1825
core   0: 3 0x80008878 (0x8df9bb93) x23 0x00000001
core   0: 0x8000887c (0xe9824b93) xori    s7, tp, -360
core   0: 3 0x8000887c (0xe9824b93) x23 0xa492e8a8
core   0: 0x80008880 (0x0ef38cb7) lui     s9, 0xef38
core   0: 3 0x80008880 (0x0ef38cb7) x25 0x0ef38000
core   0: 0x80008884 (0x9b63ecb7) lui     s9, 0x9b63e
core   0: 3 0x80008884 (0x9b63ecb7) x25 0x9b63e000
core   0: 0x80008888 (0x00767133) and     sp, a2, t2
core   0: 3 0x80008888 (0x00767133) x2  0x00000000
core   0: 0x8000888c (0xa0912813) slti    a6, sp, -1527
core   0: 3 0x8000888c (0xa0912813) x16 0x00000000
core   0: 0x80008890 (0x00f1db33) srl     s6, gp, a5
core   0: 3 0x80008890 (0x00f1db33) x22 0x0000ffff
core   0: 0x80008894 (0x002f50b3) srl     ra, t5, sp
core   0: 3 0x80008894 (0x002f50b3) x1  0x80018ce4
core   0: 0x80008898 (0x01010c33) add     s8, sp, a6
core   0: 3 0x80008898 (0x01010c33) x24 0x00000000
core   0: 0x8000889c (0x01e79033) sll     zero, a5, t5
core   0: 3 0x8000889c (0x01e79033)
core   0: 0x800088a0 (0x0077dd13) srli    s10, a5, 7
core   0: 3 0x800088a0 (0x0077dd13) x26 0x00000000
core   0: 0x800088a4 (0xe9ebc793) xori    a5, s7, -354
core   0: 3 0x800088a4 (0xe9ebc793) x15 0x5b6d1636
core   0: 0x800088a8 (0x01a416b3) sll     a3, s0, s10
core   0: 3 0x800088a8 (0x01a416b3) x13 0x981f2000
core   0: 0x800088ac (0x41aad213) srai    tp, s5, 26
core   0: 3 0x800088ac (0x41aad213) x4  0xfffffffd
core   0: 0x800088b0 (0x00a97db3) and     s11, s2, a0
core   0: 3 0x800088b0 (0x00a97db3) x27 0x80000664
core   0: 0x800088b4 (0x01863c33) sltu    s8, a2, s8
core   0: 3 0x800088b4 (0x01863c33) x24 0x00000000
core   0: 0x800088b8 (0xf05ec717) auipc   a4, 0xf05ec
core   0: 3 0x800088b8 (0xf05ec717) x14 0x705f48b8
core   0: 0x800088bc (0x41355613) srai    a2, a0, 19
core   0: 3 0x800088bc (0x41355613) x12 0xfffff000
core   0: 0x800088c0 (0x4ebc7113) andi    sp, s8, 1259
core   0: 3 0x800088c0 (0x4ebc7113) x2  0x00000000
core   0: 0x800088c4 (0x0084cc33) xor     s8, s1, s0
core   0: 3 0x800088c4 (0x0084cc33) x24 0x69c12000
core   0: 0x800088c8 (0x00000013) nop
core   0: 3 0x800088c8 (0x00000013)
core   0: 0x800088cc (0x01949933) sll     s2, s1, s9
core   0: 3 0x800088cc (0x01949933) x18 0xf1de0000
core   0: 0x800088d0 (0x004e4eb3) xor     t4, t3, tp
core   0: 3 0x800088d0 (0x004e4eb3) x29 0x00000319
core   0: 0x800088d4 (0x4f71a613) slti    a2, gp, 1271
core   0: 3 0x800088d4 (0x4f71a613) x12 0x00000001
core   0: 0x800088d8 (0x00f74233) xor     tp, a4, a5
core   0: 3 0x800088d8 (0x00f74233) x4  0x2b325e8e
core   0: 0x800088dc (0x016bc633) xor     a2, s7, s6
core   0: 3 0x800088dc (0x016bc633) x12 0xa4921757
core   0: 0x800088e0 (0x345fb897) auipc   a7, 0x345fb
core   0: 3 0x800088e0 (0x345fb897) x17 0xb46038e0
core   0: 0x800088e4 (0x00e95a93) srli    s5, s2, 14
core   0: 3 0x800088e4 (0x00e95a93) x21 0x0003c778
core   0: 0x800088e8 (0x00003e33) snez    t3, zero
core   0: 3 0x800088e8 (0x00003e33) x28 0x00000000
core   0: 0x800088ec (0x8ca48fb7) lui     t6, 0x8ca48
core   0: 3 0x800088ec (0x8ca48fb7) x31 0x8ca48000
core   0: 0x800088f0 (0x00915d13) srli    s10, sp, 9
core   0: 3 0x800088f0 (0x00915d13) x26 0x00000000
core   0: 0x800088f4 (0x010cbcb3) sltu    s9, s9, a6
core   0: 3 0x800088f4 (0x010cbcb3) x25 0x00000000
core   0: 0x800088f8 (0x418a06b3) sub     a3, s4, s8
core   0: 3 0x800088f8 (0x418a06b3) x13 0x963ee001
core   0: 0x800088fc (0x01fd90b3) sll     ra, s11, t6
core   0: 3 0x800088fc (0x01fd90b3) x1  0x80000664
core   0: 0x80008900 (0x002e3933) sltu    s2, t3, sp
core   0: 3 0x80008900 (0x002e3933) x18 0x00000000
core   0: 0x80008904 (0x40ac04b3) sub     s1, s8, a0
core   0: 3 0x80008904 (0x40ac04b3) x9  0xe9bfd19c
core   0: 0x80008908 (0x1b594e37) lui     t3, 0x1b594
core   0: 3 0x80008908 (0x1b594e37) x28 0x1b594000
core   0: 0x8000890c (0x415ed793) srai    a5, t4, 21
core   0: 3 0x8000890c (0x415ed793) x15 0x00000000
core   0: 0x80008910 (0xf55be793) ori     a5, s7, -171
core   0: 3 0x80008910 (0xf55be793) x15 0xfffffffd
core   0: 0x80008914 (0x40b4d433) sra     s0, s1, a1
core   0: 3 0x80008914 (0x40b4d433) x8  0xfffffff4
core   0: 0x80008918 (0x206f81b7) lui     gp, 0x206f8
core   0: 3 0x80008918 (0x206f81b7) x3  0x206f8000
core   0: 0x8000891c (0x4629c593) xori    a1, s3, 1122
core   0: 3 0x8000891c (0x4629c593) x11 0x0000046d
core   0: 0x80008920 (0x41e08b33) sub     s6, ra, t5
core   0: 3 0x80008920 (0x41e08b33) x22 0xfffe7980
core   0: 0x80008924 (0x01d975b3) and     a1, s2, t4
core   0: 3 0x80008924 (0x01d975b3) x11 0x00000000
core   0: 0x80008928 (0x406fdd33) sra     s10, t6, t1
core   0: 3 0x80008928 (0x406fdd33) x26 0xfc652400
core   0: 0x8000892c (0x010720b3) slt     ra, a4, a6
core   0: 3 0x8000892c (0x010720b3) x1  0x00000000
core   0: 0x80008930 (0x0019d313) srli    t1, s3, 1
core   0: 3 0x80008930 (0x0019d313) x6  0x00000007
core   0: 0x80008934 (0x01485d33) srl     s10, a6, s4
core   0: 3 0x80008934 (0x01485d33) x26 0x00000000
core   0: 0x80008938 (0x20fdfa93) andi    s5, s11, 527
core   0: 3 0x80008938 (0x20fdfa93) x21 0x00000204
core   0: 0x8000893c (0x41b38ab3) sub     s5, t2, s11
core   0: 3 0x8000893c (0x41b38ab3) x21 0xf5b7399c
core   0: 0x80008940 (0x01ddd013) srli    zero, s11, 29
core   0: 3 0x80008940 (0x01ddd013)
core   0: 0x80008944 (0x00f991b3) sll     gp, s3, a5
core   0: 3 0x80008944 (0x00f991b3) x3  0xe0000000
core   0: 0x80008948 (0x019966b3) or      a3, s2, s9
core   0: 3 0x80008948 (0x019966b3) x13 0x00000000
core   0: 0x8000894c (0x00f47bb3) and     s7, s0, a5
core   0: 3 0x8000894c (0x00f47bb3) x23 0xfffffff4
core   0: 0x80008950 (0xb9b67637) lui     a2, 0xb9b67
core   0: 3 0x80008950 (0xb9b67637) x12 0xb9b67000
core   0: 0x80008954 (0x00e91b13) slli    s6, s2, 14
core   0: 3 0x80008954 (0x00e91b13) x22 0x00000000
core   0: 0x80008958 (0x5d650913) addi    s2, a0, 1494
core   0: 3 0x80008958 (0x5d650913) x18 0x8001543a
core   0: 0x8000895c (0x0036e7b3) or      a5, a3, gp
core   0: 3 0x8000895c (0x0036e7b3) x15 0xe0000000
core   0: 0x80008960 (0x408456b3) sra     a3, s0, s0
core   0: 3 0x80008960 (0x408456b3) x13 0xffffffff
core   0: 0x80008964 (0xb0934a93) xori    s5, t1, -1271
core   0: 3 0x80008964 (0xb0934a93) x21 0xfffffb0e
core   0: 0x80008968 (0x011d8a33) add     s4, s11, a7
core   0: 3 0x80008968 (0x011d8a33) x20 0x34603f44
core   0: 0x8000896c (0x0cebd237) lui     tp, 0xcebd
core   0: 3 0x8000896c (0x0cebd237) x4  0x0cebd000
core   0: 0x80008970 (0x4048db33) sra     s6, a7, tp
core   0: 3 0x80008970 (0x4048db33) x22 0xb46038e0
core   0: 0x80008974 (0x41ce5fb3) sra     t6, t3, t3
core   0: 3 0x80008974 (0x41ce5fb3) x31 0x1b594000
core   0: 0x80008978 (0x00be6c33) or      s8, t3, a1
core   0: 3 0x80008978 (0x00be6c33) x24 0x1b594000
core   0: 0x8000897c (0xadc44713) xori    a4, s0, -1316
core   0: 3 0x8000897c (0xadc44713) x14 0x00000528
core   0: 0x80008980 (0x0174e8b3) or      a7, s1, s7
core   0: 3 0x80008980 (0x0174e8b3) x17 0xfffffffc
core   0: 0x80008984 (0x01fcddb3) srl     s11, s9, t6
core   0: 3 0x80008984 (0x01fcddb3) x27 0x00000000
core   0: 0x80008988 (0x609df793) andi    a5, s11, 1545
core   0: 3 0x80008988 (0x609df793) x15 0x00000000
core   0: 0x8000898c (0x00000013) nop
core   0: 3 0x8000898c (0x00000013)
core   0: 0x80008990 (0x0085d913) srli    s2, a1, 8
core   0: 3 0x80008990 (0x0085d913) x18 0x00000000
core   0: 0x80008994 (0x407882b3) sub     t0, a7, t2
core   0: 3 0x80008994 (0x407882b3) x5  0x8a48bffc
core   0: 0x80008998 (0x6bf1ac13) slti    s8, gp, 1727
core   0: 3 0x80008998 (0x6bf1ac13) x24 0x00000001
core   0: 0x8000899c (0x182bfe13) andi    t3, s7, 386
core   0: 3 0x8000899c (0x182bfe13) x28 0x00000180
core   0: 0x800089a0 (0x64f9f437) lui     s0, 0x64f9f
core   0: 3 0x800089a0 (0x64f9f437) x8  0x64f9f000
core   0: 0x800089a4 (0x01db5cb3) srl     s9, s6, t4
core   0: 3 0x800089a4 (0x01db5cb3) x25 0x0000005a
core   0: 0x800089a8 (0x222ab093) sltiu   ra, s5, 546
core   0: 3 0x800089a8 (0x222ab093) x1  0x00000000
core   0: 0x800089ac (0x40975bb3) sra     s7, a4, s1
core   0: 3 0x800089ac (0x40975bb3) x23 0x00000000
core   0: 0x800089b0 (0x41e85d13) srai    s10, a6, 30
core   0: 3 0x800089b0 (0x41e85d13) x26 0x00000000
core   0: 0x800089b4 (0x84deae93) slti    t4, t4, -1971
core   0: 3 0x800089b4 (0x84deae93) x29 0x00000000
core   0: 0x800089b8 (0x00f27db3) and     s11, tp, a5
core   0: 3 0x800089b8 (0x00f27db3) x27 0x00000000
core   0: 0x800089bc (0xe5126c17) auipc   s8, 0xe5126
core   0: 3 0x800089bc (0xe5126c17) x24 0x6512e9bc
core   0: 0x800089c0 (0x00827333) and     t1, tp, s0
core   0: 3 0x800089c0 (0x00827333) x6  0x04e9d000
core   0: 0x800089c4 (0x00095a13) srli    s4, s2, 0
core   0: 3 0x800089c4 (0x00095a13) x20 0x00000000
core   0: 0x800089c8 (0x40b5d913) srai    s2, a1, 11
core   0: 3 0x800089c8 (0x40b5d913) x18 0x00000000
core   0: 0x800089cc (0x4135db93) srai    s7, a1, 19
core   0: 3 0x800089cc (0x4135db93) x23 0x00000000
core   0: 0x800089d0 (0x4175dc93) srai    s9, a1, 23
core   0: 3 0x800089d0 (0x4175dc93) x25 0x00000000
core   0: 0x800089d4 (0x36bb4a13) xori    s4, s6, 875
core   0: 3 0x800089d4 (0x36bb4a13) x20 0xb4603b8b
core   0: 0x800089d8 (0x00c85b93) srli    s7, a6, 12
core   0: 3 0x800089d8 (0x00c85b93) x23 0x00000000
core   0: 0x800089dc (0x01ed3733) sltu    a4, s10, t5
core   0: 3 0x800089dc (0x01ed3733) x14 0x00000001
core   0: 0x800089e0 (0x019bfcb3) and     s9, s7, s9
core   0: 3 0x800089e0 (0x019bfcb3) x25 0x00000000
core   0: 0x800089e4 (0x5697b617) auipc   a2, 0x5697b
core   0: 3 0x800089e4 (0x5697b617) x12 0xd69839e4
core   0: 0x800089e8 (0x41415333) sra     t1, sp, s4
core   0: 3 0x800089e8 (0x41415333) x6  0x00000000
core   0: 0x800089ec (0x4dc9b693) sltiu   a3, s3, 1244
core   0: 3 0x800089ec (0x4dc9b693) x13 0x00000001
core   0: 0x800089f0 (0x41675593) srai    a1, a4, 22
core   0: 3 0x800089f0 (0x41675593) x11 0x00000000
core   0: 0x800089f4 (0x0088ddb3) srl     s11, a7, s0
core   0: 3 0x800089f4 (0x0088ddb3) x27 0xfffffffc
core   0: 0x800089f8 (0x9ce48e37) lui     t3, 0x9ce48
core   0: 3 0x800089f8 (0x9ce48e37) x28 0x9ce48000
core   0: 0x800089fc (0x009a1b33) sll     s6, s4, s1
core   0: 3 0x800089fc (0x009a1b33) x22 0xb0000000
core   0: 0x80008a00 (0xe46b60b7) lui     ra, 0xe46b6
core   0: 3 0x80008a00 (0xe46b60b7) x1  0xe46b6000
core   0: 0x80008a04 (0x5d66ce93) xori    t4, a3, 1494
core   0: 3 0x80008a04 (0x5d66ce93) x29 0x000005d7
core   0: 0x80008a08 (0xc5c83a93) sltiu   s5, a6, -932
core   0: 3 0x80008a08 (0xc5c83a93) x21 0x00000001
core   0: 0x80008a0c (0x012c46b3) xor     a3, s8, s2
core   0: 3 0x80008a0c (0x012c46b3) x13 0x6512e9bc
core   0: 0x80008a10 (0x408656b3) sra     a3, a2, s0
core   0: 3 0x80008a10 (0x408656b3) x13 0xd69839e4
core   0: 0x80008a14 (0x0c62a337) lui     t1, 0xc62a
core   0: 3 0x80008a14 (0x0c62a337) x6  0x0c62a000
core   0: 0x80008a18 (0x41fe5b33) sra     s6, t3, t6
core   0: 3 0x80008a18 (0x41fe5b33) x22 0x9ce48000
core   0: 0x80008a1c (0xc99fab13) slti    s6, t6, -871
core   0: 3 0x80008a1c (0xc99fab13) x22 0x00000000
core   0: 0x80008a20 (0x014a3733) sltu    a4, s4, s4
core   0: 3 0x80008a20 (0x014a3733) x14 0x00000000
core   0: 0x80008a24 (0x01298133) add     sp, s3, s2
core   0: 3 0x80008a24 (0x01298133) x2  0x0000000f
core   0: 0x80008a28 (0xa6a15297) auipc   t0, 0xa6a15
core   0: 3 0x80008a28 (0xa6a15297) x5  0x26a1da28
core   0: 0x80008a2c (0x4017d013) srai    zero, a5, 1
core   0: 3 0x80008a2c (0x4017d013)
core   0: 0x80008a30 (0x40a9d013) srai    zero, s3, 10
core   0: 3 0x80008a30 (0x40a9d013)
core   0: 0x80008a34 (0x00a940b3) xor     ra, s2, a0
core   0: 3 0x80008a34 (0x00a940b3) x1  0x80014e64
core   0: 0x80008a38 (0x01ec5a93) srli    s5, s8, 30
core   0: 3 0x80008a38 (0x01ec5a93) x21 0x00000001
core   0: 0x80008a3c (0x0a643313) sltiu   t1, s0, 166
core   0: 3 0x80008a3c (0x0a643313) x6  0x00000000
core   0: 0x80008a40 (0x01efac33) slt     s8, t6, t5
core   0: 3 0x80008a40 (0x01efac33) x24 0x00000000
core   0: 0x80008a44 (0x4135d233) sra     tp, a1, s3
core   0: 3 0x80008a44 (0x4135d233) x4  0x00000000
core   0: 0x80008a48 (0xfae778b7) lui     a7, 0xfae77
core   0: 3 0x80008a48 (0xfae778b7) x17 0xfae77000
core   0: 0x80008a4c (0x74e66693) ori     a3, a2, 1870
core   0: 3 0x80008a4c (0x74e66693) x13 0xd6983fee
core   0: 0x80008a50 (0x018f9793) slli    a5, t6, 24
core   0: 3 0x80008a50 (0x018f9793) x15 0x00000000
core   0: 0x80008a54 (0xa8194613) xori    a2, s2, -1407
core   0: 3 0x80008a54 (0xa8194613) x12 0xfffffa81
core   0: 0x80008a58 (0x6228eb13) ori     s6, a7, 1570
core   0: 3 0x80008a58 (0x6228eb13) x22 0xfae77622
core   0: 0x80008a5c (0x01413633) sltu    a2, sp, s4
core   0: 3 0x80008a5c (0x01413633) x12 0x00000001
core   0: 0x80008a60 (0x01b45c93) srli    s9, s0, 27
core   0: 3 0x80008a60 (0x01b45c93) x25 0x0000000c
core   0: 0x80008a64 (0x419284b3) sub     s1, t0, s9
core   0: 3 0x80008a64 (0x419284b3) x9  0x26a1da1c
core   0: 0x80008a68 (0xee3c6e13) ori     t3, s8, -285
core   0: 3 0x80008a68 (0xee3c6e13) x28 0xfffffee3
core   0: 0x80008a6c (0x4b7c4837) lui     a6, 0x4b7c4
core   0: 3 0x80008a6c (0x4b7c4837) x16 0x4b7c4000
core   0: 0x80008a70 (0x407a8b33) sub     s6, s5, t2
core   0: 3 0x80008a70 (0x407a8b33) x22 0x8a48c001
core   0: 0x80008a74 (0x00f0c733) xor     a4, ra, a5
core   0: 3 0x80008a74 (0x00f0c733) x14 0x80014e64
core   0: 0x80008a78 (0x01e85c33) srl     s8, a6, t5
core   0: 3 0x80008a78 (0x01e85c33) x24 0x04b7c400
core   0: 0x80008a7c (0x2f5fba13) sltiu   s4, t6, 757
core   0: 3 0x80008a7c (0x2f5fba13) x20 0x00000000
core   0: 0x80008a80 (0x01356bb3) or      s7, a0, s3
core   0: 3 0x80008a80 (0x01356bb3) x23 0x80014e6f
core   0: 0x80008a84 (0x01259d93) slli    s11, a1, 18
core   0: 3 0x80008a84 (0x01259d93) x27 0x00000000
core   0: 0x80008a88 (0xf0307d13) andi    s10, zero, -253
core   0: 3 0x80008a88 (0xf0307d13) x26 0x00000000
core   0: 0x80008a8c (0xe3b1fc13) andi    s8, gp, -453
core   0: 3 0x80008a8c (0xe3b1fc13) x24 0xe0000000
core   0: 0x80008a90 (0xc6c0be13) sltiu   t3, ra, -916
core   0: 3 0x80008a90 (0xc6c0be13) x28 0x00000001
core   0: 0x80008a94 (0xf6170917) auipc   s2, 0xf6170
core   0: 3 0x80008a94 (0xf6170917) x18 0x76178a94
core   0: 0x80008a98 (0xdd4ce393) ori     t2, s9, -556
core   0: 3 0x80008a98 (0xdd4ce393) x7  0xfffffddc
core   0: 0x80008a9c (0xcac1bf93) sltiu   t6, gp, -852
core   0: 3 0x80008a9c (0xcac1bf93) x31 0x00000001
core   0: 0x80008aa0 (0x01e7dd33) srl     s10, a5, t5
core   0: 3 0x80008aa0 (0x01e7dd33) x26 0x00000000
core   0: 0x80008aa4 (0x003598b3) sll     a7, a1, gp
core   0: 3 0x80008aa4 (0x003598b3) x17 0x00000000
core   0: 0x80008aa8 (0xe388c293) xori    t0, a7, -456
core   0: 3 0x80008aa8 (0xe388c293) x5  0xfffffe38
core   0: 0x80008aac (0x0046da13) srli    s4, a3, 4
core   0: 3 0x80008aac (0x0046da13) x20 0x0d6983fe
core   0: 0x80008ab0 (0x0092acb3) slt     s9, t0, s1
core   0: 3 0x80008ab0 (0x0092acb3) x25 0x00000001
core   0: 0x80008ab4 (0x004c2233) slt     tp, s8, tp
core   0: 3 0x80008ab4 (0x004c2233) x4  0x00000001
core   0: 0x80008ab8 (0x0050b8b3) sltu    a7, ra, t0
core   0: 3 0x80008ab8 (0x0050b8b3) x17 0x00000001
core   0: 0x80008abc (0xf94ef793) andi    a5, t4, -108
core   0: 3 0x80008abc (0xf94ef793) x15 0x00000594
core   0: 0x80008ac0 (0x94cbb913) sltiu   s2, s7, -1716
core   0: 3 0x80008ac0 (0x94cbb913) x18 0x00000001
core   0: 0x80008ac4 (0x00d05693) srli    a3, zero, 13
core   0: 3 0x80008ac4 (0x00d05693) x13 0x00000000
core   0: 0x80008ac8 (0x0156fc33) and     s8, a3, s5
core   0: 3 0x80008ac8 (0x0156fc33) x24 0x00000000
core   0: 0x80008acc (0x009cacb3) slt     s9, s9, s1
core   0: 3 0x80008acc (0x009cacb3) x25 0x00000001
core   0: 0x80008ad0 (0xd1d1b493) sltiu   s1, gp, -739
core   0: 3 0x80008ad0 (0xd1d1b493) x9  0x00000001
core   0: 0x80008ad4 (0x01a48a33) add     s4, s1, s10
core   0: 3 0x80008ad4 (0x01a48a33) x20 0x00000001
core   0: 0x80008ad8 (0x00000013) nop
core   0: 3 0x80008ad8 (0x00000013)
core   0: 0x80008adc (0x08cffa13) andi    s4, t6, 140
core   0: 3 0x80008adc (0x08cffa13) x20 0x00000000
core   0: 0x80008ae0 (0x4b097b13) andi    s6, s2, 1200
core   0: 3 0x80008ae0 (0x4b097b13) x22 0x00000000
core   0: 0x80008ae4 (0x0193aeb3) slt     t4, t2, s9
core   0: 3 0x80008ae4 (0x0193aeb3) x29 0x00000001
core   0: 0x80008ae8 (0xed102413) slti    s0, zero, -303
core   0: 3 0x80008ae8 (0xed102413) x8  0x00000000
core   0: 0x80008aec (0x01b00b33) add     s6, zero, s11
core   0: 3 0x80008aec (0x01b00b33) x22 0x00000000
core   0: 0x80008af0 (0x015220b3) slt     ra, tp, s5
core   0: 3 0x80008af0 (0x015220b3) x1  0x00000000
core   0: 0x80008af4 (0x002584b3) add     s1, a1, sp
core   0: 3 0x80008af4 (0x002584b3) x9  0x0000000f
core   0: 0x80008af8 (0x01fc91b3) sll     gp, s9, t6
core   0: 3 0x80008af8 (0x01fc91b3) x3  0x00000002
core   0: 0x80008afc (0x85944d17) auipc   s10, 0x85944
core   0: 3 0x80008afc (0x85944d17) x26 0x0594cafc
core   0: 0x80008b00 (0x79144297) auipc   t0, 0x79144
core   0: 3 0x80008b00 (0x79144297) x5  0xf914cb00
core   0: 0x80008b04 (0x01584d33) xor     s10, a6, s5
core   0: 3 0x80008b04 (0x01584d33) x26 0x4b7c4001
core   0: 0x80008b08 (0x00e11813) slli    a6, sp, 14
core   0: 3 0x80008b08 (0x00e11813) x16 0x0003c000
core   0: 0x80008b0c (0x67007c13) andi    s8, zero, 1648
core   0: 3 0x80008b0c (0x67007c13) x24 0x00000000
core   0: 0x80008b10 (0x40bfdeb3) sra     t4, t6, a1
core   0: 3 0x80008b10 (0x40bfdeb3) x29 0x00000001
core   0: 0x80008b14 (0xf9536093) ori     ra, t1, -107
core   0: 3 0x80008b14 (0xf9536093) x1  0xffffff95
core   0: 0x80008b18 (0x002d8b33) add     s6, s11, sp
core   0: 3 0x80008b18 (0x002d8b33) x22 0x0000000f
core   0: 0x80008b1c (0x01a3c7b3) xor     a5, t2, s10
core   0: 3 0x80008b1c (0x01a3c7b3) x15 0xb483bddd
core   0: 0x80008b20 (0x004b9c93) slli    s9, s7, 4
core   0: 3 0x80008b20 (0x004b9c93) x25 0x0014e6f0
core   0: 0x80008b24 (0x5af30b97) auipc   s7, 0x5af30
core   0: 3 0x80008b24 (0x5af30b97) x23 0xdaf38b24
core   0: 0x80008b28 (0xc5c0e893) ori     a7, ra, -932
core   0: 3 0x80008b28 (0xc5c0e893) x17 0xffffffdd
core   0: 0x80008b2c (0x00ecd6b3) srl     a3, s9, a4
core   0: 3 0x80008b2c (0x00ecd6b3) x13 0x00014e6f
core   0: 0x80008b30 (0x090dc913) xori    s2, s11, 144
core   0: 3 0x80008b30 (0x090dc913) x18 0x00000090
core   0: 0x80008b34 (0x0053d293) srli    t0, t2, 5
core   0: 3 0x80008b34 (0x0053d293) x5  0x07ffffee
core   0: 0x80008b38 (0x016bb633) sltu    a2, s7, s6
core   0: 3 0x80008b38 (0x016bb633) x12 0x00000000
core   0: 0x80008b3c (0xf5834893) xori    a7, t1, -168
core   0: 3 0x80008b3c (0xf5834893) x17 0xffffff58
core   0: 0x80008b40 (0x73fe1037) lui     zero, 0x73fe1
core   0: 3 0x80008b40 (0x73fe1037)
core   0: 0x80008b44 (0x01329d93) slli    s11, t0, 19
core   0: 3 0x80008b44 (0x01329d93) x27 0xff700000
core   0: 0x80008b48 (0x001a20b3) slt     ra, s4, ra
core   0: 3 0x80008b48 (0x001a20b3) x1  0x00000000
core   0: 0x80008b4c (0x01c0f3b3) and     t2, ra, t3
core   0: 3 0x80008b4c (0x01c0f3b3) x7  0x00000000
core   0: 0x80008b50 (0x49b63193) sltiu   gp, a2, 1179
core   0: 3 0x80008b50 (0x49b63193) x3  0x00000001
core   0: 0x80008b54 (0x0112bdb3) sltu    s11, t0, a7
core   0: 3 0x80008b54 (0x0112bdb3) x27 0x00000001
core   0: 0x80008b58 (0x013584b3) add     s1, a1, s3
core   0: 3 0x80008b58 (0x013584b3) x9  0x0000000f
core   0: 0x80008b5c (0x01b1d833) srl     a6, gp, s11
core   0: 3 0x80008b5c (0x01b1d833) x16 0x00000000
core   0: 0x80008b60 (0x419457b3) sra     a5, s0, s9
core   0: 3 0x80008b60 (0x419457b3) x15 0x00000000
core   0: 0x80008b64 (0x00b32033) slt     zero, t1, a1
core   0: 3 0x80008b64 (0x00b32033)
core   0: 0x80008b68 (0xb5afc313) xori    t1, t6, -1190
core   0: 3 0x80008b68 (0xb5afc313) x6  0xfffffb5b
core   0: 0x80008b6c (0x72224393) xori    t2, tp, 1826
core   0: 3 0x80008b6c (0x72224393) x7  0x00000723
core   0: 0x80008b70 (0x00000013) nop
core   0: 3 0x80008b70 (0x00000013)
core   0: 0x80008b74 (0x37bb7213) andi    tp, s6, 891
core   0: 3 0x80008b74 (0x37bb7213) x4  0x0000000b
core   0: 0x80008b78 (0x00e08833) add     a6, ra, a4
core   0: 3 0x80008b78 (0x00e08833) x16 0x80014e64
core   0: 0x80008b7c (0xb8c3cb93) xori    s7, t2, -1140
core   0: 3 0x80008b7c (0xb8c3cb93) x23 0xfffffcaf
core   0: 0x80008b80 (0x98e10b13) addi    s6, sp, -1650
core   0: 3 0x80008b80 (0x98e10b13) x22 0xfffff99d
core   0: 0x80008b84 (0x09abba93) sltiu   s5, s7, 154
core   0: 3 0x80008b84 (0x09abba93) x21 0x00000000
core   0: 0x80008b88 (0x407792b7) lui     t0, 0x40779
core   0: 3 0x80008b88 (0x407792b7) x5  0x40779000
core   0: 0x80008b8c (0x41d054b3) sra     s1, zero, t4
core   0: 3 0x80008b8c (0x41d054b3) x9  0x00000000
core   0: 0x80008b90 (0x6cc40037) lui     zero, 0x6cc40
core   0: 3 0x80008b90 (0x6cc40037)
core   0: 0x80008b94 (0xf2317a13) andi    s4, sp, -221
core   0: 3 0x80008b94 (0xf2317a13) x20 0x00000003
core   0: 0x80008b98 (0xf30f3813) sltiu   a6, t5, -208
core   0: 3 0x80008b98 (0xf30f3813) x16 0x00000001
core   0: 0x80008b9c (0x1426c213) xori    tp, a3, 322
core   0: 3 0x80008b9c (0x1426c213) x4  0x00014f2d
core   0: 0x80008ba0 (0x7a022293) slti    t0, tp, 1952
core   0: 3 0x80008ba0 (0x7a022293) x5  0x00000000
core   0: 0x80008ba4 (0x69bc4b13) xori    s6, s8, 1691
core   0: 3 0x80008ba4 (0x69bc4b13) x22 0x0000069b
core   0: 0x80008ba8 (0xdcad0c93) addi    s9, s10, -566
core   0: 3 0x80008ba8 (0xdcad0c93) x25 0x4b7c3dcb
core   0: 0x80008bac (0x7755fb93) andi    s7, a1, 1909
core   0: 3 0x80008bac (0x7755fb93) x23 0x00000000
core   0: 0x80008bb0 (0x40728333) sub     t1, t0, t2
core   0: 3 0x80008bb0 (0x40728333) x6  0xfffff8dd
core   0: 0x80008bb4 (0x0007d733) srl     a4, a5, zero
core   0: 3 0x80008bb4 (0x0007d733) x14 0x00000000
core   0: 0x80008bb8 (0x40cbd213) srai    tp, s7, 12
core   0: 3 0x80008bb8 (0x40cbd213) x4  0x00000000
core   0: 0x80008bbc (0x00361113) slli    sp, a2, 3
core   0: 3 0x80008bbc (0x00361113) x2  0x00000000
core   0: 0x80008bc0 (0xba107e13) andi    t3, zero, -1119
core   0: 3 0x80008bc0 (0xba107e13) x28 0x00000000
core   0: 0x80008bc4 (0x001811b3) sll     gp, a6, ra
core   0: 3 0x80008bc4 (0x001811b3) x3  0x00000001
core   0: 0x80008bc8 (0x01ca83b3) add     t2, s5, t3
core   0: 3 0x80008bc8 (0x01ca83b3) x7  0x00000000
core   0: 0x80008bcc (0x015bee33) or      t3, s7, s5
core   0: 3 0x80008bcc (0x015bee33) x28 0x00000000
core   0: 0x80008bd0 (0x33450e93) addi    t4, a0, 820
core   0: 3 0x80008bd0 (0x33450e93) x29 0x80015198
core   0: 0x80008bd4 (0x01d70433) add     s0, a4, t4
core   0: 3 0x80008bd4 (0x01d70433) x8  0x80015198
core   0: 0x80008bd8 (0x0174cbb3) xor     s7, s1, s7
core   0: 3 0x80008bd8 (0x0174cbb3) x23 0x00000000
core   0: 0x80008bdc (0x0146f233) and     tp, a3, s4
core   0: 3 0x80008bdc (0x0146f233) x4  0x00000003
core   0: 0x80008be0 (0x8980a813) slti    a6, ra, -1896
core   0: 3 0x80008be0 (0x8980a813) x16 0x00000000
core   0: 0x80008be4 (0x01302133) slt     sp, zero, s3
core   0: 3 0x80008be4 (0x01302133) x2  0x00000001
core   0: 0x80008be8 (0x000a8b33) add     s6, s5, zero
core   0: 3 0x80008be8 (0x000a8b33) x22 0x00000000
core   0: 0x80008bec (0x00000013) nop
core   0: 3 0x80008bec (0x00000013)
core   0: 0x80008bf0 (0x01d472b3) and     t0, s0, t4
core   0: 3 0x80008bf0 (0x01d472b3) x5  0x80015198
core   0: 0x80008bf4 (0x858b3a13) sltiu   s4, s6, -1960
core   0: 3 0x80008bf4 (0x858b3a13) x20 0x00000001
core   0: 0x80008bf8 (0x0055eeb3) or      t4, a1, t0
core   0: 3 0x80008bf8 (0x0055eeb3) x29 0x80015198
core   0: 0x80008bfc (0x00a4f2b3) and     t0, s1, a0
core   0: 3 0x80008bfc (0x00a4f2b3) x5  0x00000000
core   0: 0x80008c00 (0x4122d613) srai    a2, t0, 18
core   0: 3 0x80008c00 (0x4122d613) x12 0x00000000
core   0: 0x80008c04 (0x01f5ffb3) and     t6, a1, t6
core   0: 3 0x80008c04 (0x01f5ffb3) x31 0x00000000
core   0: 0x80008c08 (0x409a8b33) sub     s6, s5, s1
core   0: 3 0x80008c08 (0x409a8b33) x22 0x00000000
core   0: 0x80008c0c (0xd0e16c13) ori     s8, sp, -754
core   0: 3 0x80008c0c (0xd0e16c13) x24 0xfffffd0f
core   0: 0x80008c10 (0x14d26793) ori     a5, tp, 333
core   0: 3 0x80008c10 (0x14d26793) x15 0x0000014f
core   0: 0x80008c14 (0x00ccf7b3) and     a5, s9, a2
core   0: 3 0x80008c14 (0x00ccf7b3) x15 0x00000000
core   0: 0x80008c18 (0x01158733) add     a4, a1, a7
core   0: 3 0x80008c18 (0x01158733) x14 0xffffff58
core   0: 0x80008c1c (0x01cd98b3) sll     a7, s11, t3
core   0: 3 0x80008c1c (0x01cd98b3) x17 0x00000001
core   0: 0x80008c20 (0x00aac4b3) xor     s1, s5, a0
core   0: 3 0x80008c20 (0x00aac4b3) x9  0x80014e64
core   0: 0x80008c24 (0x2733eb13) ori     s6, t2, 627
core   0: 3 0x80008c24 (0x2733eb13) x22 0x00000273
core   0: 0x80008c28 (0xdf154413) xori    s0, a0, -527
core   0: 3 0x80008c28 (0xdf154413) x8  0x7ffeb395
core   0: 0x80008c2c (0x40b7da93) srai    s5, a5, 11
core   0: 3 0x80008c2c (0x40b7da93) x21 0x00000000
core   0: 0x80008c30 (0x17434393) xori    t2, t1, 372
core   0: 3 0x80008c30 (0x17434393) x7  0xfffff9a9
core   0: 0x80008c34 (0x41535e33) sra     t3, t1, s5
core   0: 3 0x80008c34 (0x41535e33) x28 0xfffff8dd
core   0: 0x80008c38 (0x40508433) sub     s0, ra, t0
core   0: 3 0x80008c38 (0x40508433) x8  0x00000000
core   0: 0x80008c3c (0x00b81ab3) sll     s5, a6, a1
core   0: 3 0x80008c3c (0x00b81ab3) x21 0x00000000
core   0: 0x80008c40 (0x401b0033) sub     zero, s6, ra
core   0: 3 0x80008c40 (0x401b0033)
core   0: 0x80008c44 (0x00a1f733) and     a4, gp, a0
core   0: 3 0x80008c44 (0x00a1f733) x14 0x00000000
core   0: 0x80008c48 (0x40680e33) sub     t3, a6, t1
core   0: 3 0x80008c48 (0x40680e33) x28 0x00000723
core   0: 0x80008c4c (0x40cd5733) sra     a4, s10, a2
core   0: 3 0x80008c4c (0x40cd5733) x14 0x4b7c4001
core   0: 0x80008c50 (0x8cca3613) sltiu   a2, s4, -1844
core   0: 3 0x80008c50 (0x8cca3613) x12 0x00000001
core   0: 0x80008c54 (0x66813a13) sltiu   s4, sp, 1640
core   0: 3 0x80008c54 (0x66813a13) x20 0x00000001
core   0: 0x80008c58 (0x0002e7b3) or      a5, t0, zero
core   0: 3 0x80008c58 (0x0002e7b3) x15 0x00000000
core   0: 0x80008c5c (0x834e7813) andi    a6, t3, -1996
core   0: 3 0x80008c5c (0x834e7813) x16 0x00000020
core   0: 0x80008c60 (0x01779293) slli    t0, a5, 23
core   0: 3 0x80008c60 (0x01779293) x5  0x00000000
core   0: 0x80008c64 (0x41ead893) srai    a7, s5, 30
core   0: 3 0x80008c64 (0x41ead893) x17 0x00000000
core   0: 0x80008c68 (0x01ed9c33) sll     s8, s11, t5
core   0: 3 0x80008c68 (0x01ed9c33) x24 0x00000010
core   0: 0x80008c6c (0x01aa2ab3) slt     s5, s4, s10
core   0: 3 0x80008c6c (0x01aa2ab3) x21 0x00000001
core   0: 0x80008c70 (0x00000013) nop
core   0: 3 0x80008c70 (0x00000013)
core   0: 0x80008c74 (0x01b3eeb3) or      t4, t2, s11
core   0: 3 0x80008c74 (0x01b3eeb3) x29 0xfffff9a9
core   0: 0x80008c78 (0x00a19693) slli    a3, gp, 10
core   0: 3 0x80008c78 (0x00a19693) x13 0x00000400
core   0: 0x80008c7c (0x008fa0b3) slt     ra, t6, s0
core   0: 3 0x80008c7c (0x008fa0b3) x1  0x00000000
core   0: 0x80008c80 (0x03f54713) xori    a4, a0, 63
core   0: 3 0x80008c80 (0x03f54713) x14 0x80014e5b
core   0: 0x80008c84 (0xca1b8a97) auipc   s5, 0xca1b8
core   0: 3 0x80008c84 (0xca1b8a97) x21 0x4a1c0c84
core   0: 0x80008c88 (0x00000013) nop
core   0: 3 0x80008c88 (0x00000013)
core   0: 0x80008c8c (0x1098bf93) sltiu   t6, a7, 265
core   0: 3 0x80008c8c (0x1098bf93) x31 0x00000001
core   0: 0x80008c90 (0xac35f613) andi    a2, a1, -1341
core   0: 3 0x80008c90 (0xac35f613) x12 0x00000000
core   0: 0x80008c94 (0x00268db3) add     s11, a3, sp
core   0: 3 0x80008c94 (0x00268db3) x27 0x00000401
core   0: 0x80008c98 (0x0063d0b3) srl     ra, t2, t1
core   0: 3 0x80008c98 (0x0063d0b3) x1  0x00000007
core   0: 0x80008c9c (0x001dec33) or      s8, s11, ra
core   0: 3 0x80008c9c (0x001dec33) x24 0x00000407
core   0: 0x80008ca0 (0xccfc2a93) slti    s5, s8, -817
core   0: 3 0x80008ca0 (0xccfc2a93) x21 0x00000000
core   0: 0x80008ca4 (0xd3c6f193) andi    gp, a3, -708
core   0: 3 0x80008ca4 (0xd3c6f193) x3  0x00000400
core   0: 0x80008ca8 (0x00d973b3) and     t2, s2, a3
core   0: 3 0x80008ca8 (0x00d973b3) x7  0x00000000
core   0: 0x80008cac (0xd82cbe13) sltiu   t3, s9, -638
core   0: 3 0x80008cac (0xd82cbe13) x28 0x00000001
core   0: 0x80008cb0 (0x01d25493) srli    s1, tp, 29
core   0: 3 0x80008cb0 (0x01d25493) x9  0x00000000
core   0: 0x80008cb4 (0x00a75b13) srli    s6, a4, 10
core   0: 3 0x80008cb4 (0x00a75b13) x22 0x00200053
core   0: 0x80008cb8 (0x41c90eb3) sub     t4, s2, t3
core   0: 3 0x80008cb8 (0x41c90eb3) x29 0x0000008f
core   0: 0x80008cbc (0x00d29413) slli    s0, t0, 13
core   0: 3 0x80008cbc (0x00d29413) x8  0x00000000
core   0: 0x80008cc0 (0x4189dc13) srai    s8, s3, 24
core   0: 3 0x80008cc0 (0x4189dc13) x24 0x00000000
core   0: 0x80008cc4 (0x01b8acb3) slt     s9, a7, s11
core   0: 3 0x80008cc4 (0x01b8acb3) x25 0x00000001
core   0: 0x80008cc8 (0x00000013) nop
core   0: 3 0x80008cc8 (0x00000013)
core   0: 0x80008ccc (0x59bdcb93) xori    s7, s11, 1435
core   0: 3 0x80008ccc (0x59bdcb93) x23 0x0000019a
core   0: 0x80008cd0 (0x4073d033) sra     zero, t2, t2
core   0: 3 0x80008cd0 (0x4073d033)
core   0: 0x80008cd4 (0x00c6ea33) or      s4, a3, a2
core   0: 3 0x80008cd4 (0x00c6ea33) x20 0x00000400
core   0: 0x80008cd8 (0x00dd2633) slt     a2, s10, a3
core   0: 3 0x80008cd8 (0x00dd2633) x12 0x00000000
core   0: 0x80008cdc (0x006a5733) srl     a4, s4, t1
core   0: 3 0x80008cdc (0x006a5733) x14 0x00000000
core   0: 0x80008ce0 (0x0028a593) slti    a1, a7, 2
core   0: 3 0x80008ce0 (0x0028a593) x11 0x00000001
core   0: 0x80008ce4 (0x010d4eb3) xor     t4, s10, a6
core   0: 3 0x80008ce4 (0x010d4eb3) x29 0x4b7c4021
core   0: 0x80008ce8 (0x018f9a33) sll     s4, t6, s8
core   0: 3 0x80008ce8 (0x018f9a33) x20 0x00000001
core   0: 0x80008cec (0x9a30ff93) andi    t6, ra, -1629
core   0: 3 0x80008cec (0x9a30ff93) x31 0x00000003
core   0: 0x80008cf0 (0x526fee13) ori     t3, t6, 1318
core   0: 3 0x80008cf0 (0x526fee13) x28 0x00000527
core   0: 0x80008cf4 (0x01cfa733) slt     a4, t6, t3
core   0: 3 0x80008cf4 (0x01cfa733) x14 0x00000001
core   0: 0x80008cf8 (0xa441cc93) xori    s9, gp, -1468
core   0: 3 0x80008cf8 (0xa441cc93) x25 0xfffffe44
core   0: 0x80008cfc (0x00433e33) sltu    t3, t1, tp
core   0: 3 0x80008cfc (0x00433e33) x28 0x00000000
core   0: 0x80008d00 (0x00551793) slli    a5, a0, 5
core   0: 3 0x80008d00 (0x00551793) x15 0x0029cc80
core   0: 0x80008d04 (0x01932b33) slt     s6, t1, s9
core   0: 3 0x80008d04 (0x01932b33) x22 0x00000001
core   0: 0x80008d08 (0x00491d33) sll     s10, s2, tp
core   0: 3 0x80008d08 (0x00491d33) x26 0x00000480
core   0: 0x80008d0c (0x9e560793) addi    a5, a2, -1563
core   0: 3 0x80008d0c (0x9e560793) x15 0xfffff9e5
core   0: 0x80008d10 (0x1ac0bb93) sltiu   s7, ra, 428
core   0: 3 0x80008d10 (0x1ac0bb93) x23 0x00000001
core   0: 0x80008d14 (0xedbab693) sltiu   a3, s5, -293
core   0: 3 0x80008d14 (0xedbab693) x13 0x00000001
core   0: 0x80008d18 (0x00000013) nop
core   0: 3 0x80008d18 (0x00000013)
core   0: 0x80008d1c (0x12c8e793) ori     a5, a7, 300
core   0: 3 0x80008d1c (0x12c8e793) x15 0x0000012c
core   0: 0x80008d20 (0x00690d33) add     s10, s2, t1
core   0: 3 0x80008d20 (0x00690d33) x26 0xfffff96d
core   0: 0x80008d24 (0xde258e13) addi    t3, a1, -542
core   0: 3 0x80008d24 (0xde258e13) x28 0xfffffde3
core   0: 0x80008d28 (0x0131aa33) slt     s4, gp, s3
core   0: 3 0x80008d28 (0x0131aa33) x20 0x00000000
core   0: 0x80008d2c (0x01fe2733) slt     a4, t3, t6
core   0: 3 0x80008d2c (0x01fe2733) x14 0x00000001
core   0: 0x80008d30 (0x88ca8593) addi    a1, s5, -1908
core   0: 3 0x80008d30 (0x88ca8593) x11 0xfffff88c
core   0: 0x80008d34 (0x41bed1b3) sra     gp, t4, s11
core   0: 3 0x80008d34 (0x41bed1b3) x3  0x25be2010
core   0: 0x80008d38 (0x00acc933) xor     s2, s9, a0
core   0: 3 0x80008d38 (0x00acc933) x18 0x7ffeb020
core   0: 0x80008d3c (0x0191f2b3) and     t0, gp, s9
core   0: 3 0x80008d3c (0x0191f2b3) x5  0x25be2000
core   0: 0x80008d40 (0xb44e4897) auipc   a7, 0xb44e4
core   0: 3 0x80008d40 (0xb44e4897) x17 0x344ecd40
core   0: 0x80008d44 (0x41305493) srai    s1, zero, 19
core   0: 3 0x80008d44 (0x41305493) x9  0x00000000
core   0: 0x80008d48 (0xa429bbb7) lui     s7, 0xa429b
core   0: 3 0x80008d48 (0xa429bbb7) x23 0xa429b000
core   0: 0x80008d4c (0x00c9a1b3) slt     gp, s3, a2
core   0: 3 0x80008d4c (0x00c9a1b3) x3  0x00000000
core   0: 0x80008d50 (0xf68d20b7) lui     ra, 0xf68d2
core   0: 3 0x80008d50 (0xf68d20b7) x1  0xf68d2000
core   0: 0x80008d54 (0xc3ef8c93) addi    s9, t6, -962
core   0: 3 0x80008d54 (0xc3ef8c93) x25 0xfffffc41
core   0: 0x80008d58 (0x295d8c13) addi    s8, s11, 661
core   0: 3 0x80008d58 (0x295d8c13) x24 0x00000696
core   0: 0x80008d5c (0x41ced913) srai    s2, t4, 28
core   0: 3 0x80008d5c (0x41ced913) x18 0x00000004
core   0: 0x80008d60 (0x22624793) xori    a5, tp, 550
core   0: 3 0x80008d60 (0x22624793) x15 0x00000225
core   0: 0x80008d64 (0x008881b3) add     gp, a7, s0
core   0: 3 0x80008d64 (0x008881b3) x3  0x344ecd40
core   0: 0x80008d68 (0x0f80e493) ori     s1, ra, 248
core   0: 3 0x80008d68 (0x0f80e493) x9  0xf68d20f8
core   0: 0x80008d6c (0x419a5393) srai    t2, s4, 25
core   0: 3 0x80008d6c (0x419a5393) x7  0x00000000
core   0: 0x80008d70 (0x4ebafd13) andi    s10, s5, 1259
core   0: 3 0x80008d70 (0x4ebafd13) x26 0x00000000
core   0: 0x80008d74 (0x001b5713) srli    a4, s6, 1
core   0: 3 0x80008d74 (0x001b5713) x14 0x00000000
core   0: 0x80008d78 (0x79621797) auipc   a5, 0x79621
core   0: 3 0x80008d78 (0x79621797) x15 0xf9629d78
core   0: 0x80008d7c (0x4079de13) srai    t3, s3, 7
core   0: 3 0x80008d7c (0x4079de13) x28 0x00000000
core   0: 0x80008d80 (0x15868113) addi    sp, a3, 344
core   0: 3 0x80008d80 (0x15868113) x2  0x00000159
core   0: 0x80008d84 (0x04ba7c93) andi    s9, s4, 75
core   0: 3 0x80008d84 (0x04ba7c93) x25 0x00000000
core   0: 0x80008d88 (0x4116db33) sra     s6, a3, a7
core   0: 3 0x80008d88 (0x4116db33) x22 0x00000001
core   0: 0x80008d8c (0x007adb13) srli    s6, s5, 7
core   0: 3 0x80008d8c (0x007adb13) x22 0x00000000
core   0: 0x80008d90 (0xdd9142b7) lui     t0, 0xdd914
core   0: 3 0x80008d90 (0xdd9142b7) x5  0xdd914000
core   0: 0x80008d94 (0x95277693) andi    a3, a4, -1710
core   0: 3 0x80008d94 (0x95277693) x13 0x00000000
core   0: 0x80008d98 (0x010fb333) sltu    t1, t6, a6
core   0: 3 0x80008d98 (0x010fb333) x6  0x00000001
core   0: 0x80008d9c (0x00fdafb3) slt     t6, s11, a5
core   0: 3 0x80008d9c (0x00fdafb3) x31 0x00000000
core   0: 0x80008da0 (0x415ed313) srai    t1, t4, 21
core   0: 3 0x80008da0 (0x415ed313) x6  0x0000025b
core   0: 0x80008da4 (0x01fc5613) srli    a2, s8, 31
core   0: 3 0x80008da4 (0x01fc5613) x12 0x00000000
core   0: 0x80008da8 (0x001292b3) sll     t0, t0, ra
core   0: 3 0x80008da8 (0x001292b3) x5  0xdd914000
core   0: 0x80008dac (0x014526b3) slt     a3, a0, s4
core   0: 3 0x80008dac (0x014526b3) x13 0x00000001
core   0: 0x80008db0 (0x019d38b3) sltu    a7, s10, s9
core   0: 3 0x80008db0 (0x019d38b3) x17 0x00000000
core   0: 0x80008db4 (0x2aaa3893) sltiu   a7, s4, 682
core   0: 3 0x80008db4 (0x2aaa3893) x17 0x00000001
core   0: 0x80008db8 (0x4b805737) lui     a4, 0x4b805
core   0: 3 0x80008db8 (0x4b805737) x14 0x4b805000
core   0: 0x80008dbc (0x09e7afb7) lui     t6, 0x9e7a
core   0: 3 0x80008dbc (0x09e7afb7) x31 0x09e7a000
core   0: 0x80008dc0 (0x00d9e633) or      a2, s3, a3
core   0: 3 0x80008dc0 (0x00d9e633) x12 0x0000000f
core   0: 0x80008dc4 (0x60efbd93) sltiu   s11, t6, 1550
core   0: 3 0x80008dc4 (0x60efbd93) x27 0x00000000
core   0: 0x80008dc8 (0x00e84633) xor     a2, a6, a4
core   0: 3 0x80008dc8 (0x00e84633) x12 0x4b805020
core   0: 0x80008dcc (0x09aa2617) auipc   a2, 0x9aa2
core   0: 3 0x80008dcc (0x09aa2617) x12 0x89aaadcc
core   0: 0x80008dd0 (0x0170b133) sltu    sp, ra, s7
core   0: 3 0x80008dd0 (0x0170b133) x2  0x00000000
core   0: 0x80008dd4 (0x002abab3) sltu    s5, s5, sp
core   0: 3 0x80008dd4 (0x002abab3) x21 0x00000000
core   0: 0x80008dd8 (0x0335b113) sltiu   sp, a1, 51
core   0: 3 0x80008dd8 (0x0335b113) x2  0x00000000
core   0: 0x80008ddc (0x67e18913) addi    s2, gp, 1662
core   0: 3 0x80008ddc (0x67e18913) x18 0x344ed3be
core   0: 0x80008de0 (0x01c5a2b3) slt     t0, a1, t3
core   0: 3 0x80008de0 (0x01c5a2b3) x5  0x00000001
core   0: 0x80008de4 (0x727835b7) lui     a1, 0x72783
core   0: 3 0x80008de4 (0x727835b7) x11 0x72783000
core   0: 0x80008de8 (0x007275b3) and     a1, tp, t2
core   0: 3 0x80008de8 (0x007275b3) x11 0x00000000
core   0: 0x80008dec (0x01add193) srli    gp, s11, 26
core   0: 3 0x80008dec (0x01add193) x3  0x00000000
core   0: 0x80008df0 (0x26bda413) slti    s0, s11, 619
core   0: 3 0x80008df0 (0x26bda413) x8  0x00000001
core   0: 0x80008df4 (0xbdeb0393) addi    t2, s6, -1058
core   0: 3 0x80008df4 (0xbdeb0393) x7  0xfffffbde
core   0: 0x80008df8 (0x01ae85b3) add     a1, t4, s10
core   0: 3 0x80008df8 (0x01ae85b3) x11 0x4b7c4021
core   0: 0x80008dfc (0x9eda7a13) andi    s4, s4, -1555
core   0: 3 0x80008dfc (0x9eda7a13) x20 0x00000000
core   0: 0x80008e00 (0x3f76e597) auipc   a1, 0x3f76e
core   0: 3 0x80008e00 (0x3f76e597) x11 0xbf776e00
core   0: 0x80008e04 (0x71654b13) xori    s6, a0, 1814
core   0: 3 0x80008e04 (0x71654b13) x22 0x80014972
core   0: 0x80008e08 (0x3ddda613) slti    a2, s11, 989
core   0: 3 0x80008e08 (0x3ddda613) x12 0x00000001
core   0: 0x80008e0c (0x006771b3) and     gp, a4, t1
core   0: 3 0x80008e0c (0x006771b3) x3  0x00000000
core   0: 0x80008e10 (0x01300d33) add     s10, zero, s3
core   0: 3 0x80008e10 (0x01300d33) x26 0x0000000f
core   0: 0x80008e14 (0x018414b3) sll     s1, s0, s8
core   0: 3 0x80008e14 (0x018414b3) x9  0x00400000
core   0: 0x80008e18 (0x2e77c313) xori    t1, a5, 743
core   0: 3 0x80008e18 (0x2e77c313) x6  0xf9629f9f
core   0: 0x80008e1c (0x01f92c33) slt     s8, s2, t6
core   0: 3 0x80008e1c (0x01f92c33) x24 0x00000000
core   0: 0x80008e20 (0x00a99e13) slli    t3, s3, 10
core   0: 3 0x80008e20 (0x00a99e13) x28 0x00003c00
core   0: 0x80008e24 (0xa550f813) andi    a6, ra, -1451
core   0: 3 0x80008e24 (0xa550f813) x16 0xf68d2000
core   0: 0x80008e28 (0x9d56ee93) ori     t4, a3, -1579
core   0: 3 0x80008e28 (0x9d56ee93) x29 0xfffff9d5
core   0: 0x80008e2c (0x00cedb93) srli    s7, t4, 12
core   0: 3 0x80008e2c (0x00cedb93) x23 0x000fffff
core   0: 0x80008e30 (0x00284b33) xor     s6, a6, sp
core   0: 3 0x80008e30 (0x00284b33) x22 0xf68d2000
core   0: 0x80008e34 (0x79418a97) auipc   s5, 0x79418
core   0: 3 0x80008e34 (0x79418a97) x21 0xf9420e34
core   0: 0x80008e38 (0x410cd433) sra     s0, s9, a6
core   0: 3 0x80008e38 (0x410cd433) x8  0x00000000
core   0: 0x80008e3c (0x01655c93) srli    s9, a0, 22
core   0: 3 0x80008e3c (0x01655c93) x25 0x00000200
core   0: 0x80008e40 (0x21f79c37) lui     s8, 0x21f79
core   0: 3 0x80008e40 (0x21f79c37) x24 0x21f79000
core   0: 0x80008e44 (0xaa7ecf93) xori    t6, t4, -1369
core   0: 3 0x80008e44 (0xaa7ecf93) x31 0x00000372
core   0: 0x80008e48 (0x00138c33) add     s8, t2, ra
core   0: 3 0x80008e48 (0x00138c33) x24 0xf68d1bde
core   0: 0x80008e4c (0x01b89a93) slli    s5, a7, 27
core   0: 3 0x80008e4c (0x01b89a93) x21 0x08000000
core   0: 0x80008e50 (0x408904b3) sub     s1, s2, s0
core   0: 3 0x80008e50 (0x408904b3) x9  0x344ed3be
core   0: 0x80008e54 (0x0134d4b3) srl     s1, s1, s3
core   0: 3 0x80008e54 (0x0134d4b3) x9  0x0000689d
core   0: 0x80008e58 (0x00156433) or      s0, a0, ra
core   0: 3 0x80008e58 (0x00156433) x8  0xf68d6e64
core   0: 0x80008e5c (0x0065db13) srli    s6, a1, 6
core   0: 3 0x80008e5c (0x0065db13) x22 0x02fdddb8
core   0: 0x80008e60 (0x01e046b3) xor     a3, zero, t5
core   0: 3 0x80008e60 (0x01e046b3) x13 0x80018ce4
core   0: 0x80008e64 (0x40758733) sub     a4, a1, t2
core   0: 3 0x80008e64 (0x40758733) x14 0xbf777222
core   0: 0x80008e68 (0x00d81f93) slli    t6, a6, 13
core   0: 3 0x80008e68 (0x00d81f93) x31 0xa4000000
core   0: 0x80008e6c (0x0034ceb3) xor     t4, s1, gp
core   0: 3 0x80008e6c (0x0034ceb3) x29 0x0000689d
core   0: 0x80008e70 (0x0850fa93) andi    s5, ra, 133
core   0: 3 0x80008e70 (0x0850fa93) x21 0x00000000
core   0: 0x80008e74 (0xbb3d6713) ori     a4, s10, -1101
core   0: 3 0x80008e74 (0xbb3d6713) x14 0xfffffbbf
core   0: 0x80008e78 (0x00b19c13) slli    s8, gp, 11
core   0: 3 0x80008e78 (0x00b19c13) x24 0x00000000
core   0: 0x80008e7c (0x01b21793) slli    a5, tp, 27
core   0: 3 0x80008e7c (0x01b21793) x15 0x18000000
core   0: 0x80008e80 (0x0186c433) xor     s0, a3, s8
core   0: 3 0x80008e80 (0x0186c433) x8  0x80018ce4
core   0: 0x80008e84 (0x86d2e113) ori     sp, t0, -1939
core   0: 3 0x80008e84 (0x86d2e113) x2  0xfffff86d
core   0: 0x80008e88 (0x4d5524b7) lui     s1, 0x4d552
core   0: 3 0x80008e88 (0x4d5524b7) x9  0x4d552000
core   0: 0x80008e8c (0x10803093) sltiu   ra, zero, 264
core   0: 3 0x80008e8c (0x10803093) x1  0x00000001
core   0: 0x80008e90 (0x41140e33) sub     t3, s0, a7
core   0: 3 0x80008e90 (0x41140e33) x28 0x80018ce3
core   0: 0x80008e94 (0x406c5c33) sra     s8, s8, t1
core   0: 3 0x80008e94 (0x406c5c33) x24 0x00000000
core   0: 0x80008e98 (0xb8c5a297) auipc   t0, 0xb8c5a
core   0: 3 0x80008e98 (0xb8c5a297) x5  0x38c62e98
core   0: 0x80008e9c (0x407a5913) srai    s2, s4, 7
core   0: 3 0x80008e9c (0x407a5913) x18 0x00000000
core   0: 0x80008ea0 (0x0169c233) xor     tp, s3, s6
core   0: 3 0x80008ea0 (0x0169c233) x4  0x02fdddb7
core   0: 0x80008ea4 (0x00249e33) sll     t3, s1, sp
core   0: 3 0x80008ea4 (0x00249e33) x28 0xa4000000
core   0: 0x80008ea8 (0x01929313) slli    t1, t0, 25
core   0: 3 0x80008ea8 (0x01929313) x6  0x30000000
core   0: 0x80008eac (0xd1675297) auipc   t0, 0xd1675
core   0: 3 0x80008eac (0xd1675297) x5  0x5167deac
core   0: 0x80008eb0 (0x01e31a33) sll     s4, t1, t5
core   0: 3 0x80008eb0 (0x01e31a33) x20 0x00000000
core   0: 0x80008eb4 (0x01b39c33) sll     s8, t2, s11
core   0: 3 0x80008eb4 (0x01b39c33) x24 0xfffffbde
core   0: 0x80008eb8 (0x402e5693) srai    a3, t3, 2
core   0: 3 0x80008eb8 (0x402e5693) x13 0xe9000000
core   0: 0x80008ebc (0x0013fd33) and     s10, t2, ra
core   0: 3 0x80008ebc (0x0013fd33) x26 0x00000000
core   0: 0x80008ec0 (0x41b757b3) sra     a5, a4, s11
core   0: 3 0x80008ec0 (0x41b757b3) x15 0xfffffbbf
core   0: 0x80008ec4 (0xb1668197) auipc   gp, 0xb1668
core   0: 3 0x80008ec4 (0xb1668197) x3  0x31670ec4
core   0: 0x80008ec8 (0x0091c0b3) xor     ra, gp, s1
core   0: 3 0x80008ec8 (0x0091c0b3) x1  0x7c322ec4
core   0: 0x80008ecc (0x01d06433) or      s0, zero, t4
core   0: 3 0x80008ecc (0x01d06433) x8  0x0000689d
core   0: 0x80008ed0 (0xadf2e593) ori     a1, t0, -1313
core   0: 3 0x80008ed0 (0xadf2e593) x11 0xfffffeff
core   0: 0x80008ed4 (0x00a7d893) srli    a7, a5, 10
core   0: 3 0x80008ed4 (0x00a7d893) x17 0x003ffffe
core   0: 0x80008ed8 (0x01773a33) sltu    s4, a4, s7
core   0: 3 0x80008ed8 (0x01773a33) x20 0x00000000
core   0: 0x80008edc (0x00869633) sll     a2, a3, s0
core   0: 3 0x80008edc (0x00869633) x12 0x00000000
core   0: 0x80008ee0 (0x408558b3) sra     a7, a0, s0
core   0: 3 0x80008ee0 (0x408558b3) x17 0xfffffffc
core   0: 0x80008ee4 (0x00c5d233) srl     tp, a1, a2
core   0: 3 0x80008ee4 (0x00c5d233) x4  0xfffffeff
core   0: 0x80008ee8 (0x4f4c0e93) addi    t4, s8, 1268
core   0: 3 0x80008ee8 (0x4f4c0e93) x29 0x000000d2
core   0: 0x80008eec (0x013a7133) and     sp, s4, s3
core   0: 3 0x80008eec (0x013a7133) x2  0x00000000
core   0: 0x80008ef0 (0xdee7a393) slti    t2, a5, -530
core   0: 3 0x80008ef0 (0xdee7a393) x7  0x00000001
core   0: 0x80008ef4 (0x55063313) sltiu   t1, a2, 1360
core   0: 3 0x80008ef4 (0x55063313) x6  0x00000001
core   0: 0x80008ef8 (0x009b96b3) sll     a3, s7, s1
core   0: 3 0x80008ef8 (0x009b96b3) x13 0x000fffff
core   0: 0x80008efc (0x0015c433) xor     s0, a1, ra
core   0: 3 0x80008efc (0x0015c433) x8  0x83cdd03b
core   0: 0x80008f00 (0x014b6933) or      s2, s6, s4
core   0: 3 0x80008f00 (0x014b6933) x18 0x02fdddb8
core   0: 0x80008f04 (0x0039b6b3) sltu    a3, s3, gp
core   0: 3 0x80008f04 (0x0039b6b3) x13 0x00000001
core   0: 0x80008f08 (0x58bfce93) xori    t4, t6, 1419
core   0: 3 0x80008f08 (0x58bfce93) x29 0xa400058b
core   0: 0x80008f0c (0x3f692d93) slti    s11, s2, 1014
core   0: 3 0x80008f0c (0x3f692d93) x27 0x00000000
core   0: 0x80008f10 (0x540c7c17) auipc   s8, 0x540c7
core   0: 3 0x80008f10 (0x540c7c17) x24 0xd40cff10
core   0: 0x80008f14 (0x00000013) nop
core   0: 3 0x80008f14 (0x00000013)
core   0: 0x80008f18 (0x01cf3fb3) sltu    t6, t5, t3
core   0: 3 0x80008f18 (0x01cf3fb3) x31 0x00000001
core   0: 0x80008f1c (0x0017f833) and     a6, a5, ra
core   0: 3 0x80008f1c (0x0017f833) x16 0x7c322a84
core   0: 0x80008f20 (0xbb32cc93) xori    s9, t0, -1101
core   0: 3 0x80008f20 (0xbb32cc93) x25 0xae98251f
core   0: 0x80008f24 (0x015987b3) add     a5, s3, s5
core   0: 3 0x80008f24 (0x015987b3) x15 0x0000000f
core   0: 0x80008f28 (0x45a83b93) sltiu   s7, a6, 1114
core   0: 3 0x80008f28 (0x45a83b93) x23 0x00000000
core   0: 0x80008f2c (0x014f5713) srli    a4, t5, 20
core   0: 3 0x80008f2c (0x014f5713) x14 0x00000800
core   0: 0x80008f30 (0xd3e9cd97) auipc   s11, 0xd3e9c
core   0: 3 0x80008f30 (0xd3e9cd97) x27 0x53ea4f30
core   0: 0x80008f34 (0x2accbd13) sltiu   s10, s9, 684
core   0: 3 0x80008f34 (0x2accbd13) x26 0x00000000
core   0: 0x80008f38 (0x4195d013) srai    zero, a1, 25
core   0: 3 0x80008f38 (0x4195d013)
core   0: 0x80008f3c (0x8590f413) andi    s0, ra, -1959
core   0: 3 0x80008f3c (0x8590f413) x8  0x7c322840
core   0: 0x80008f40 (0x01903b33) snez    s6, s9
core   0: 3 0x80008f40 (0x01903b33) x22 0x00000001
core   0: 0x80008f44 (0x40ae0133) sub     sp, t3, a0
core   0: 3 0x80008f44 (0x40ae0133) x2  0x23feb19c
core   0: 0x80008f48 (0x96fcc493) xori    s1, s9, -1681
core   0: 3 0x80008f48 (0x96fcc493) x9  0x5167dc70
core   0: 0x80008f4c (0x018ed593) srli    a1, t4, 24
core   0: 3 0x80008f4c (0x018ed593) x11 0x000000a4
core   0: 0x80008f50 (0xe0167b13) andi    s6, a2, -511
core   0: 3 0x80008f50 (0xe0167b13) x22 0x00000000
core   0: 0x80008f54 (0x00863833) sltu    a6, a2, s0
core   0: 3 0x80008f54 (0x00863833) x16 0x00000001
core   0: 0x80008f58 (0x01e7bbb3) sltu    s7, a5, t5
core   0: 3 0x80008f58 (0x01e7bbb3) x23 0x00000001
core   0: 0x80008f5c (0x880c5c37) lui     s8, 0x880c5
core   0: 3 0x80008f5c (0x880c5c37) x24 0x880c5000
core   0: 0x80008f60 (0x38580293) addi    t0, a6, 901
core   0: 3 0x80008f60 (0x38580293) x5  0x00000386
core   0: 0x80008f64 (0x0a7e0a93) addi    s5, t3, 167
core   0: 3 0x80008f64 (0x0a7e0a93) x21 0xa40000a7
core   0: 0x80008f68 (0x00ff5713) srli    a4, t5, 15
core   0: 3 0x80008f68 (0x00ff5713) x14 0x00010003
core   0: 0x80008f6c (0x01d58133) add     sp, a1, t4
core   0: 3 0x80008f6c (0x01d58133) x2  0xa400062f
core   0: 0x80008f70 (0x01bffa33) and     s4, t6, s11
core   0: 3 0x80008f70 (0x01bffa33) x20 0x00000000
core   0: 0x80008f74 (0x00cd5b93) srli    s7, s10, 12
core   0: 3 0x80008f74 (0x00cd5b93) x23 0x00000000
core   0: 0x80008f78 (0x6068f597) auipc   a1, 0x6068f
core   0: 3 0x80008f78 (0x6068f597) x11 0xe0697f78
core   0: 0x80008f7c (0x00089c33) sll     s8, a7, zero
core   0: 3 0x80008f7c (0x00089c33) x24 0xfffffffc
core   0: 0x80008f80 (0x006cda93) srli    s5, s9, 6
core   0: 3 0x80008f80 (0x006cda93) x21 0x02ba6094
core   0: 0x80008f84 (0x02b82613) slti    a2, a6, 43
core   0: 3 0x80008f84 (0x02b82613) x12 0x00000001
core   0: 0x80008f88 (0x48d9c393) xori    t2, s3, 1165
core   0: 3 0x80008f88 (0x48d9c393) x7  0x00000482
core   0: 0x80008f8c (0x08bba693) slti    a3, s7, 139
core   0: 3 0x80008f8c (0x08bba693) x13 0x00000001
core   0: 0x80008f90 (0x417987b3) sub     a5, s3, s7
core   0: 3 0x80008f90 (0x417987b3) x15 0x0000000f
core   0: 0x80008f94 (0x27d0f213) andi    tp, ra, 637
core   0: 3 0x80008f94 (0x27d0f213) x4  0x00000244
core   0: 0x80008f98 (0x001c1613) slli    a2, s8, 1
core   0: 3 0x80008f98 (0x001c1613) x12 0xfffffff8
core   0: 0x80008f9c (0x014eedb3) or      s11, t4, s4
core   0: 3 0x80008f9c (0x014eedb3) x27 0xa400058b
core   0: 0x80008fa0 (0x4f5242b7) lui     t0, 0x4f524
core   0: 3 0x80008fa0 (0x4f5242b7) x5  0x4f524000
core   0: 0x80008fa4 (0x01c23c33) sltu    s8, tp, t3
core   0: 3 0x80008fa4 (0x01c23c33) x24 0x00000001
core   0: 0x80008fa8 (0xa8f0fd13) andi    s10, ra, -1393
core   0: 3 0x80008fa8 (0xa8f0fd13) x26 0x7c322a84
core   0: 0x80008fac (0x001fdd13) srli    s10, t6, 1
core   0: 3 0x80008fac (0x001fdd13) x26 0x00000000
core   0: 0x80008fb0 (0xe37e8e13) addi    t3, t4, -457
core   0: 3 0x80008fb0 (0xe37e8e13) x28 0xa40003c2
core   0: 0x80008fb4 (0x40f6d793) srai    a5, a3, 15
core   0: 3 0x80008fb4 (0x40f6d793) x15 0x00000000
core   0: 0x80008fb8 (0xbbc0b393) sltiu   t2, ra, -1092
core   0: 3 0x80008fb8 (0xbbc0b393) x7  0x00000001
core   0: 0x80008fbc (0x7e7d7c93) andi    s9, s10, 2023
core   0: 3 0x80008fbc (0x7e7d7c93) x25 0x00000000
core   0: 0x80008fc0 (0x40ae8a33) sub     s4, t4, a0
core   0: 3 0x80008fc0 (0x40ae8a33) x20 0x23feb727
core   0: 0x80008fc4 (0xe9147013) andi    zero, s0, -367
core   0: 3 0x80008fc4 (0xe9147013)
core   0: 0x80008fc8 (0x019d57b3) srl     a5, s10, s9
core   0: 3 0x80008fc8 (0x019d57b3) x15 0x00000000
core   0: 0x80008fcc (0x427e3a93) sltiu   s5, t3, 1063
core   0: 3 0x80008fcc (0x427e3a93) x21 0x00000000
core   0: 0x80008fd0 (0x01b3e033) or      zero, t2, s11
core   0: 3 0x80008fd0 (0x01b3e033)
core   0: 0x80008fd4 (0x0013ddb3) srl     s11, t2, ra
core   0: 3 0x80008fd4 (0x0013ddb3) x27 0x00000000
core   0: 0x80008fd8 (0x41a10db3) sub     s11, sp, s10
core   0: 3 0x80008fd8 (0x41a10db3) x27 0xa400062f
core   0: 0x80008fdc (0x79bc0e93) addi    t4, s8, 1947
core   0: 3 0x80008fdc (0x79bc0e93) x29 0x0000079c
core   0: 0x80008fe0 (0x614901b7) lui     gp, 0x61490
core   0: 3 0x80008fe0 (0x614901b7) x3  0x61490000
core   0: 0x80008fe4 (0x40685fb3) sra     t6, a6, t1
core   0: 3 0x80008fe4 (0x40685fb3) x31 0x00000000
core   0: 0x80008fe8 (0x001463b3) or      t2, s0, ra
core   0: 3 0x80008fe8 (0x001463b3) x7  0x7c322ec4
core   0: 0x80008fec (0x00e99013) slli    zero, s3, 14
core   0: 3 0x80008fec (0x00e99013)
core   0: 0x80008ff0 (0x00170e33) add     t3, a4, ra
core   0: 3 0x80008ff0 (0x00170e33) x28 0x7c332ec7
core   0: 0x80008ff4 (0xfb52ab93) slti    s7, t0, -75
core   0: 3 0x80008ff4 (0xfb52ab93) x23 0x00000000
core   0: 0x80008ff8 (0x0b4cb393) sltiu   t2, s9, 180
core   0: 3 0x80008ff8 (0x0b4cb393) x7  0x00000001
core   0: 0x80008ffc (0x54dfb417) auipc   s0, 0x54dfb
core   0: 3 0x80008ffc (0x54dfb417) x8  0xd4e03ffc
core   0: 0x80009000 (0xbed0e313) ori     t1, ra, -1043
core   0: 3 0x80009000 (0xbed0e313) x6  0xffffffed
core   0: 0x80009004 (0xeb5cc493) xori    s1, s9, -331
core   0: 3 0x80009004 (0xeb5cc493) x9  0xfffffeb5
core   0: 0x80009008 (0x003f8eb3) add     t4, t6, gp
core   0: 3 0x80009008 (0x003f8eb3) x29 0x61490000
core   0: 0x8000900c (0x0117fab3) and     s5, a5, a7
core   0: 3 0x8000900c (0x0117fab3) x21 0x00000000
core   0: 0x80009010 (0x40540cb3) sub     s9, s0, t0
core   0: 3 0x80009010 (0x40540cb3) x25 0x858dfffc
core   0: 0x80009014 (0x0124d313) srli    t1, s1, 18
core   0: 3 0x80009014 (0x0124d313) x6  0x00003fff
core   0: 0x80009018 (0x55cea117) auipc   sp, 0x55cea
core   0: 3 0x80009018 (0x55cea117) x2  0xd5cf3018
core   0: 0x8000901c (0x01b8d033) srl     zero, a7, s11
core   0: 3 0x8000901c (0x01b8d033)
core   0: 0x80009020 (0xf595f737) lui     a4, 0xf595f
core   0: 3 0x80009020 (0xf595f737) x14 0xf595f000
core   0: 0x80009024 (0x00279c93) slli    s9, a5, 2
core   0: 3 0x80009024 (0x00279c93) x25 0x00000000
core   0: 0x80009028 (0x01c55433) srl     s0, a0, t3
core   0: 3 0x80009028 (0x01c55433) x8  0x0100029c
core   0: 0x8000902c (0x75290693) addi    a3, s2, 1874
core   0: 3 0x8000902c (0x75290693) x13 0x02fde50a
core   0: 0x80009030 (0x00c91393) slli    t2, s2, 12
core   0: 3 0x80009030 (0x00c91393) x7  0xdddb8000
core   0: 0x80009034 (0xca60a193) slti    gp, ra, -858
core   0: 3 0x80009034 (0xca60a193) x3  0x00000000
core   0: 0x80009038 (0x01ac1db3) sll     s11, s8, s10
core   0: 3 0x80009038 (0x01ac1db3) x27 0x00000001
core   0: 0x8000903c (0x399793b7) lui     t2, 0x39979
core   0: 3 0x8000903c (0x399793b7) x7  0x39979000
core   0: 0x80009040 (0x4098d233) sra     tp, a7, s1
core   0: 3 0x80009040 (0x4098d233) x4  0xffffffff
core   0: 0x80009044 (0xe9f0bd93) sltiu   s11, ra, -353
core   0: 3 0x80009044 (0xe9f0bd93) x27 0x00000001
core   0: 0x80009048 (0x0d417913) andi    s2, sp, 212
core   0: 3 0x80009048 (0x0d417913) x18 0x00000010
core   0: 0x8000904c (0x0f6c4393) xori    t2, s8, 246
core   0: 3 0x8000904c (0x0f6c4393) x7  0x000000f7
core   0: 0x80009050 (0x013be7b3) or      a5, s7, s3
core   0: 3 0x80009050 (0x013be7b3) x15 0x0000000f
core   0: 0x80009054 (0x0167be33) sltu    t3, a5, s6
core   0: 3 0x80009054 (0x0167be33) x28 0x00000000
core   0: 0x80009058 (0x00e2feb3) and     t4, t0, a4
core   0: 3 0x80009058 (0x00e2feb3) x29 0x45104000
core   0: 0x8000905c (0x01ce37b3) sltu    a5, t3, t3
core   0: 3 0x8000905c (0x01ce37b3) x15 0x00000000
core   0: 0x80009060 (0x9154a113) slti    sp, s1, -1771
core   0: 3 0x80009060 (0x9154a113) x2  0x00000000
core   0: 0x80009064 (0x023b1db7) lui     s11, 0x23b1
core   0: 3 0x80009064 (0x023b1db7) x27 0x023b1000
core   0: 0x80009068 (0x01b16833) or      a6, sp, s11
core   0: 3 0x80009068 (0x01b16833) x16 0x023b1000
core   0: 0x8000906c (0x00149e33) sll     t3, s1, ra
core   0: 3 0x8000906c (0x00149e33) x28 0xffffeb50
core   0: 0x80009070 (0x8911a697) auipc   a3, 0x8911a
core   0: 3 0x80009070 (0x8911a697) x13 0x09123070
core   0: 0x80009074 (0xac28f793) andi    a5, a7, -1342
core   0: 3 0x80009074 (0xac28f793) x15 0xfffffac0
core   0: 0x80009078 (0xe0af7b13) andi    s6, t5, -502
core   0: 3 0x80009078 (0xe0af7b13) x22 0x80018c00
core   0: 0x8000907c (0x00e60033) add     zero, a2, a4
core   0: 3 0x8000907c (0x00e60033)
core   0: 0x80009080 (0x41e6dc13) srai    s8, a3, 30
core   0: 3 0x80009080 (0x41e6dc13) x24 0x00000000
core   0: 0x80009084 (0x01233433) sltu    s0, t1, s2
core   0: 3 0x80009084 (0x01233433) x8  0x00000000
core   0: 0x80009088 (0x01c09093) slli    ra, ra, 28
core   0: 3 0x80009088 (0x01c09093) x1  0x40000000
core   0: 0x8000908c (0x006faa33) slt     s4, t6, t1
core   0: 3 0x8000908c (0x006faa33) x20 0x00000001
core   0: 0x80009090 (0x47919217) auipc   tp, 0x47919
core   0: 3 0x80009090 (0x47919217) x4  0xc7922090
core   0: 0x80009094 (0x8aa42193) slti    gp, s0, -1878
core   0: 3 0x80009094 (0x8aa42193) x3  0x00000000
core   0: 0x80009098 (0x017b1293) slli    t0, s6, 23
core   0: 3 0x80009098 (0x017b1293) x5  0x00000000
core   0: 0x8000909c (0xcba50193) addi    gp, a0, -838
core   0: 3 0x8000909c (0xcba50193) x3  0x80014b1e
core   0: 0x800090a0 (0x85343613) sltiu   a2, s0, -1965
core   0: 3 0x800090a0 (0x85343613) x12 0x00000001
core   0: 0x800090a4 (0x006ad913) srli    s2, s5, 6
core   0: 3 0x800090a4 (0x006ad913) x18 0x00000000
core   0: 0x800090a8 (0xc0368b93) addi    s7, a3, -1021
core   0: 3 0x800090a8 (0xc0368b93) x23 0x09122c73
core   0: 0x800090ac (0x40ff5fb3) sra     t6, t5, a5
core   0: 3 0x800090ac (0x40ff5fb3) x31 0x80018ce4
core   0: 0x800090b0 (0xe6fae793) ori     a5, s5, -401
core   0: 3 0x800090b0 (0xe6fae793) x15 0xfffffe6f
core   0: 0x800090b4 (0x41abdd13) srai    s10, s7, 26
core   0: 3 0x800090b4 (0x41abdd13) x26 0x00000002
core   0: 0x800090b8 (0x00bbf733) and     a4, s7, a1
core   0: 3 0x800090b8 (0x00bbf733) x14 0x00002c70
core   0: 0x800090bc (0x01bd9e33) sll     t3, s11, s11
core   0: 3 0x800090bc (0x01bd9e33) x28 0x023b1000
core   0: 0x800090c0 (0x40775393) srai    t2, a4, 7
core   0: 3 0x800090c0 (0x40775393) x7  0x00000058
core   0: 0x800090c4 (0x00000013) nop
core   0: 3 0x800090c4 (0x00000013)
core   0: 0x800090c8 (0x00523333) sltu    t1, tp, t0
core   0: 3 0x800090c8 (0x00523333) x6  0x00000000
core   0: 0x800090cc (0x0003c0b3) xor     ra, t2, zero
core   0: 3 0x800090cc (0x0003c0b3) x1  0x00000058
core   0: 0x800090d0 (0x00000013) nop
core   0: 3 0x800090d0 (0x00000013)
core   0: 0x800090d4 (0x0032fb33) and     s6, t0, gp
core   0: 3 0x800090d4 (0x0032fb33) x22 0x00000000
core   0: 0x800090d8 (0x015a9493) slli    s1, s5, 21
core   0: 3 0x800090d8 (0x015a9493) x9  0x00000000
core   0: 0x800090dc (0x00d07d33) and     s10, zero, a3
core   0: 3 0x800090dc (0x00d07d33) x26 0x00000000
core   0: 0x800090e0 (0xd4d04e13) xori    t3, zero, -691
core   0: 3 0x800090e0 (0xd4d04e13) x28 0xfffffd4d
core   0: 0x800090e4 (0x00963bb3) sltu    s7, a2, s1
core   0: 3 0x800090e4 (0x00963bb3) x23 0x00000000
core   0: 0x800090e8 (0xc4bf2f93) slti    t6, t5, -949
core   0: 3 0x800090e8 (0xc4bf2f93) x31 0x00000001
core   0: 0x800090ec (0x0196b5b3) sltu    a1, a3, s9
core   0: 3 0x800090ec (0x0196b5b3) x11 0x00000000
core   0: 0x800090f0 (0x8eb83d13) sltiu   s10, a6, -1813
core   0: 3 0x800090f0 (0x8eb83d13) x26 0x00000001
core   0: 0x800090f4 (0x0168a5b3) slt     a1, a7, s6
core   0: 3 0x800090f4 (0x0168a5b3) x11 0x00000001
core   0: 0x800090f8 (0x49de6613) ori     a2, t3, 1181
core   0: 3 0x800090f8 (0x49de6613) x12 0xfffffddd
core   0: 0x800090fc (0x009df433) and     s0, s11, s1
core   0: 3 0x800090fc (0x009df433) x8  0x00000000
core   0: 0x80009100 (0x008a1ab3) sll     s5, s4, s0
core   0: 3 0x80009100 (0x008a1ab3) x21 0x00000001
core   0: 0x80009104 (0x00ef91b3) sll     gp, t6, a4
core   0: 3 0x80009104 (0x00ef91b3) x3  0x00010000
core   0: 0x80009108 (0x40388333) sub     t1, a7, gp
core   0: 3 0x80009108 (0x40388333) x6  0xfffefffc
core   0: 0x8000910c (0x2780a313) slti    t1, ra, 632
core   0: 3 0x8000910c (0x2780a313) x6  0x00000001
core   0: 0x80009110 (0x40ca8bb3) sub     s7, s5, a2
core   0: 3 0x80009110 (0x40ca8bb3) x23 0x00000224
core   0: 0x80009114 (0x41b4de93) srai    t4, s1, 27
core   0: 3 0x80009114 (0x41b4de93) x29 0x00000000
core   0: 0x80009118 (0xeb3d4e97) auipc   t4, 0xeb3d4
core   0: 3 0x80009118 (0xeb3d4e97) x29 0x6b3dd118
core   0: 0x8000911c (0x01ebd793) srli    a5, s7, 30
core   0: 3 0x8000911c (0x01ebd793) x15 0x00000000
core   0: 0x80009120 (0x0dd54897) auipc   a7, 0xdd54
core   0: 3 0x80009120 (0x0dd54897) x17 0x8dd5d120
core   0: 0x80009124 (0x0048ea33) or      s4, a7, tp
core   0: 3 0x80009124 (0x0048ea33) x20 0xcfd7f1b0
core   0: 0x80009128 (0xe045ec37) lui     s8, 0xe045e
core   0: 3 0x80009128 (0xe045ec37) x24 0xe045e000
core   0: 0x8000912c (0x00bfc5b3) xor     a1, t6, a1
core   0: 3 0x8000912c (0x00bfc5b3) x11 0x00000000
core   0: 0x80009130 (0x40385713) srai    a4, a6, 3
core   0: 3 0x80009130 (0x40385713) x14 0x00476200
core   0: 0x80009134 (0x41ff52b3) sra     t0, t5, t6
core   0: 3 0x80009134 (0x41ff52b3) x5  0xc000c672
core   0: 0x80009138 (0x17733d13) sltiu   s10, t1, 375
core   0: 3 0x80009138 (0x17733d13) x26 0x00000001
core   0: 0x8000913c (0xf32daa93) slti    s5, s11, -206
core   0: 3 0x8000913c (0xf32daa93) x21 0x00000000
core   0: 0x80009140 (0x01ef5113) srli    sp, t5, 30
core   0: 3 0x80009140 (0x01ef5113) x2  0x00000002
core   0: 0x80009144 (0x6c2c7193) andi    gp, s8, 1730
core   0: 3 0x80009144 (0x6c2c7193) x3  0x00000000
core   0: 0x80009148 (0x008d1433) sll     s0, s10, s0
core   0: 3 0x80009148 (0x008d1433) x8  0x00000001
core   0: 0x8000914c (0x1a058693) addi    a3, a1, 416
core   0: 3 0x8000914c (0x1a058693) x13 0x000001a0
core   0: 0x80009150 (0xd6006b93) ori     s7, zero, -672
core   0: 3 0x80009150 (0xd6006b93) x23 0xfffffd60
core   0: 0x80009154 (0x82f743b7) lui     t2, 0x82f74
core   0: 3 0x80009154 (0x82f743b7) x7  0x82f74000
core   0: 0x80009158 (0x01db5413) srli    s0, s6, 29
core   0: 3 0x80009158 (0x01db5413) x8  0x00000000
core   0: 0x8000915c (0x01075b93) srli    s7, a4, 16
core   0: 3 0x8000915c (0x01075b93) x23 0x00000047
core   0: 0x80009160 (0x31bae313) ori     t1, s5, 795
core   0: 3 0x80009160 (0x31bae313) x6  0x0000031b
core   0: 0x80009164 (0x411600b3) sub     ra, a2, a7
core   0: 3 0x80009164 (0x411600b3) x1  0x722a2cbd
core   0: 0x80009168 (0x0102f0b3) and     ra, t0, a6
core   0: 3 0x80009168 (0x0102f0b3) x1  0x00000000
core   0: 0x8000916c (0x00c757b3) srl     a5, a4, a2
core   0: 3 0x8000916c (0x00c757b3) x15 0x00000000
core   0: 0x80009170 (0x01d50fb3) add     t6, a0, t4
core   0: 3 0x80009170 (0x01d50fb3) x31 0xeb3f1f7c
core   0: 0x80009174 (0x00375393) srli    t2, a4, 3
core   0: 3 0x80009174 (0x00375393) x7  0x0008ec40
core   0: 0x80009178 (0x0141e6b3) or      a3, gp, s4
core   0: 3 0x80009178 (0x0141e6b3) x13 0xcfd7f1b0
core   0: 0x8000917c (0x19c4bb13) sltiu   s6, s1, 412
core   0: 3 0x8000917c (0x19c4bb13) x22 0x00000001
core   0: 0x80009180 (0x4192dd93) srai    s11, t0, 25
core   0: 3 0x80009180 (0x4192dd93) x27 0xffffffe0
core   0: 0x80009184 (0xd31e4d93) xori    s11, t3, -719
core   0: 3 0x80009184 (0xd31e4d93) x27 0x0000007c
core   0: 0x80009188 (0x0053d793) srli    a5, t2, 5
core   0: 3 0x80009188 (0x0053d793) x15 0x00004762
core   0: 0x8000918c (0x41a80033) sub     zero, a6, s10
core   0: 3 0x8000918c (0x41a80033)
core   0: 0x80009190 (0x015b5213) srli    tp, s6, 21
core   0: 3 0x80009190 (0x015b5213) x4  0x00000000
core   0: 0x80009194 (0xf4c10813) addi    a6, sp, -180
core   0: 3 0x80009194 (0xf4c10813) x16 0xffffff4e
core   0: 0x80009198 (0x01aede13) srli    t3, t4, 26
core   0: 3 0x80009198 (0x01aede13) x28 0x0000001a
core   0: 0x8000919c (0x00efb133) sltu    sp, t6, a4
core   0: 3 0x8000919c (0x00efb133) x2  0x00000000
core   0: 0x800091a0 (0x01363ab3) sltu    s5, a2, s3
core   0: 3 0x800091a0 (0x01363ab3) x21 0x00000000
core   0: 0x800091a4 (0x06132f93) slti    t6, t1, 97
core   0: 3 0x800091a4 (0x06132f93) x31 0x00000000
core   0: 0x800091a8 (0x2551e393) ori     t2, gp, 597
core   0: 3 0x800091a8 (0x2551e393) x7  0x00000255
core   0: 0x800091ac (0x41ef00b3) sub     ra, t5, t5
core   0: 3 0x800091ac (0x41ef00b3) x1  0x00000000
core   0: 0x800091b0 (0x406583b3) sub     t2, a1, t1
core   0: 3 0x800091b0 (0x406583b3) x7  0xfffffce5
core   0: 0x800091b4 (0x17643213) sltiu   tp, s0, 374
core   0: 3 0x800091b4 (0x17643213) x4  0x00000001
core   0: 0x800091b8 (0xf3850313) addi    t1, a0, -200
core   0: 3 0x800091b8 (0xf3850313) x6  0x80014d9c
core   0: 0x800091bc (0x1e853793) sltiu   a5, a0, 488
core   0: 3 0x800091bc (0x1e853793) x15 0x00000000
core   0: 0x800091c0 (0x76ae6eb7) lui     t4, 0x76ae6
core   0: 3 0x800091c0 (0x76ae6eb7) x29 0x76ae6000
core   0: 0x800091c4 (0x009a6233) or      tp, s4, s1
core   0: 3 0x800091c4 (0x009a6233) x4  0xcfd7f1b0
core   0: 0x800091c8 (0x7def50b7) lui     ra, 0x7def5
core   0: 3 0x800091c8 (0x7def50b7) x1  0x7def5000
core   0: 0x800091cc (0x4128df93) srai    t6, a7, 18
core   0: 3 0x800091cc (0x4128df93) x31 0xffffe375
core   0: 0x800091d0 (0x40aa51b3) sra     gp, s4, a0
core   0: 3 0x800091d0 (0x40aa51b3) x3  0xfcfd7f1b
core   0: 0x800091d4 (0x8f546c97) auipc   s9, 0x8f546
core   0: 3 0x800091d4 (0x8f546c97) x25 0x0f54f1d4
core   0: 0x800091d8 (0x78c88593) addi    a1, a7, 1932
core   0: 3 0x800091d8 (0x78c88593) x11 0x8dd5d8ac
core   0: 0x800091dc (0x00731a13) slli    s4, t1, 7
core   0: 3 0x800091dc (0x00731a13) x20 0x00a6ce00
core   0: 0x800091e0 (0x01e02fb3) slt     t6, zero, t5
core   0: 3 0x800091e0 (0x01e02fb3) x31 0x00000000
core   0: 0x800091e4 (0x00fe9113) slli    sp, t4, 15
core   0: 3 0x800091e4 (0x00fe9113) x2  0x30000000
core   0: 0x800091e8 (0x00a17b33) and     s6, sp, a0
core   0: 3 0x800091e8 (0x00a17b33) x22 0x00000000
core   0: 0x800091ec (0x5d77ec37) lui     s8, 0x5d77e
core   0: 3 0x800091ec (0x5d77ec37) x24 0x5d77e000
core   0: 0x800091f0 (0x01199493) slli    s1, s3, 17
core   0: 3 0x800091f0 (0x01199493) x9  0x001e0000
core   0: 0x800091f4 (0x4608a637) lui     a2, 0x4608a
core   0: 3 0x800091f4 (0x4608a637) x12 0x4608a000
core   0: 0x800091f8 (0xd8e42293) slti    t0, s0, -626
core   0: 3 0x800091f8 (0xd8e42293) x5  0x00000000
core   0: 0x800091fc (0xa6eff137) lui     sp, 0xa6eff
core   0: 3 0x800091fc (0xa6eff137) x2  0xa6eff000
core   0: 0x80009200 (0x412dd113) srai    sp, s11, 18
core   0: 3 0x80009200 (0x412dd113) x2  0x00000000
core   0: 0x80009204 (0x0099aa33) slt     s4, s3, s1
core   0: 3 0x80009204 (0x0099aa33) x20 0x00000001
core   0: 0x80009208 (0x99abe893) ori     a7, s7, -1638
core   0: 3 0x80009208 (0x99abe893) x17 0xfffff9df
core   0: 0x8000920c (0x418400b3) sub     ra, s0, s8
core   0: 3 0x8000920c (0x418400b3) x1  0xa2882000
core   0: 0x80009210 (0x01fb4a33) xor     s4, s6, t6
core   0: 3 0x80009210 (0x01fb4a33) x20 0x00000000
core   0: 0x80009214 (0x00eca933) slt     s2, s9, a4
core   0: 3 0x80009214 (0x00eca933) x18 0x00000000
core   0: 0x80009218 (0x00337eb3) and     t4, t1, gp
core   0: 3 0x80009218 (0x00337eb3) x29 0x80014d18
core   0: 0x8000921c (0xf0340f93) addi    t6, s0, -253
core   0: 3 0x8000921c (0xf0340f93) x31 0xffffff03
core   0: 0x80009220 (0x01e65093) srli    ra, a2, 30
core   0: 3 0x80009220 (0x01e65093) x1  0x00000001
core   0: 0x80009224 (0x00359e33) sll     t3, a1, gp
core   0: 3 0x80009224 (0x00359e33) x28 0x60000000
core   0: 0x80009228 (0x00661693) slli    a3, a2, 6
core   0: 3 0x80009228 (0x00661693) x13 0x82280000
core   0: 0x8000922c (0x01bdd733) srl     a4, s11, s11
core   0: 3 0x8000922c (0x01bdd733) x14 0x00000000
core   0: 0x80009230 (0x00e1cb33) xor     s6, gp, a4
core   0: 3 0x80009230 (0x00e1cb33) x22 0xfcfd7f1b
core   0: 0x80009234 (0x0450fa37) lui     s4, 0x450f
core   0: 3 0x80009234 (0x0450fa37) x20 0x0450f000
core   0: 0x80009238 (0x008a5c93) srli    s9, s4, 8
core   0: 3 0x80009238 (0x008a5c93) x25 0x000450f0
core   0: 0x8000923c (0xcdf9a593) slti    a1, s3, -801
core   0: 3 0x8000923c (0xcdf9a593) x11 0x00000000
core   0: 0x80009240 (0x00c80733) add     a4, a6, a2
core   0: 3 0x80009240 (0x00c80733) x14 0x46089f4e
core   0: 0x80009244 (0xda4a4b37) lui     s6, 0xda4a4
core   0: 3 0x80009244 (0xda4a4b37) x22 0xda4a4000
core   0: 0x80009248 (0x46e0b713) sltiu   a4, ra, 1134
core   0: 3 0x80009248 (0x46e0b713) x14 0x00000001
core   0: 0x8000924c (0x0178ee33) or      t3, a7, s7
core   0: 3 0x8000924c (0x0178ee33) x28 0xfffff9df
core   0: 0x80009250 (0x00ea8733) add     a4, s5, a4
core   0: 3 0x80009250 (0x00ea8733) x14 0x00000001
core   0: 0x80009254 (0x00476733) or      a4, a4, tp
core   0: 3 0x80009254 (0x00476733) x14 0xcfd7f1b1
core   0: 0x80009258 (0x00c19093) slli    ra, gp, 12
core   0: 3 0x80009258 (0x00c19093) x1  0xd7f1b000
core   0: 0x8000925c (0x00f75a33) srl     s4, a4, a5
core   0: 3 0x8000925c (0x00f75a33) x20 0xcfd7f1b1
core   0: 0x80009260 (0x406686b3) sub     a3, a3, t1
core   0: 3 0x80009260 (0x406686b3) x13 0x0226b264
core   0: 0x80009264 (0x272542b7) lui     t0, 0x27254
core   0: 3 0x80009264 (0x272542b7) x5  0x27254000
core   0: 0x80009268 (0x01070933) add     s2, a4, a6
core   0: 3 0x80009268 (0x01070933) x18 0xcfd7f0ff
core   0: 0x8000926c (0x0182acb3) slt     s9, t0, s8
core   0: 3 0x8000926c (0x0182acb3) x25 0x00000001
core   0: 0x80009270 (0x0074f5b3) and     a1, s1, t2
core   0: 3 0x80009270 (0x0074f5b3) x11 0x001e0000
core   0: 0x80009274 (0x01936fb3) or      t6, t1, s9
core   0: 3 0x80009274 (0x01936fb3) x31 0x80014d9d
core   0: 0x80009278 (0x00ebcfb3) xor     t6, s7, a4
core   0: 3 0x80009278 (0x00ebcfb3) x31 0xcfd7f1f6
core   0: 0x8000927c (0x0151d633) srl     a2, gp, s5
core   0: 3 0x8000927c (0x0151d633) x12 0xfcfd7f1b
core   0: 0x80009280 (0x015653b3) srl     t2, a2, s5
core   0: 3 0x80009280 (0x015653b3) x7  0xfcfd7f1b
core   0: 0x80009284 (0x8bbf0a93) addi    s5, t5, -1861
core   0: 3 0x80009284 (0x8bbf0a93) x21 0x8001859f
core   0: 0x80009288 (0x01b8d233) srl     tp, a7, s11
core   0: 3 0x80009288 (0x01b8d233) x4  0x0000000f
core   0: 0x8000928c (0x00f21db3) sll     s11, tp, a5
core   0: 3 0x8000928c (0x00f21db3) x27 0x0000000f
core   0: 0x80009290 (0x01463eb3) sltu    t4, a2, s4
core   0: 3 0x80009290 (0x01463eb3) x29 0x00000000
core   0: 0x80009294 (0x005cac33) slt     s8, s9, t0
core   0: 3 0x80009294 (0x005cac33) x24 0x00000001
core   0: 0x80009298 (0x41f3d133) sra     sp, t2, t6
core   0: 3 0x80009298 (0x41f3d133) x2  0xfffffff3
core   0: 0x8000929c (0x00480133) add     sp, a6, tp
core   0: 3 0x8000929c (0x00480133) x2  0xffffff5d
core   0: 0x800092a0 (0x20b47193) andi    gp, s0, 523
core   0: 3 0x800092a0 (0x20b47193) x3  0x00000000
core   0: 0x800092a4 (0x00d11193) slli    gp, sp, 13
core   0: 3 0x800092a4 (0x00d11193) x3  0xffeba000
core   0: 0x800092a8 (0x533ae213) ori     tp, s5, 1331
core   0: 3 0x800092a8 (0x533ae213) x4  0x800185bf
core   0: 0x800092ac (0x64c90793) addi    a5, s2, 1612
core   0: 3 0x800092ac (0x64c90793) x15 0xcfd7f74b
core   0: 0x800092b0 (0xb64a2a13) slti    s4, s4, -1180
core   0: 3 0x800092b0 (0xb64a2a13) x20 0x00000001
core   0: 0x800092b4 (0x01bde5b3) or      a1, s11, s11
core   0: 3 0x800092b4 (0x01bde5b3) x11 0x0000000f
core   0: 0x800092b8 (0x00296bb3) or      s7, s2, sp
core   0: 3 0x800092b8 (0x00296bb3) x23 0xffffffff
core   0: 0x800092bc (0x0185d593) srli    a1, a1, 24
core   0: 3 0x800092bc (0x0185d593) x11 0x00000000
core   0: 0x800092c0 (0x42c00193) li      gp, 1068
core   0: 3 0x800092c0 (0x42c00193) x3  0x0000042c
core   0: 0x800092c4 (0x5d6cf313) andi    t1, s9, 1494
core   0: 3 0x800092c4 (0x5d6cf313) x6  0x00000000
core   0: 0x800092c8 (0x416fd2b3) sra     t0, t6, s6
core   0: 3 0x800092c8 (0x416fd2b3) x5  0xcfd7f1f6
core   0: 0x800092cc (0xdde5c6b7) lui     a3, 0xdde5c
core   0: 3 0x800092cc (0xdde5c6b7) x13 0xdde5c000
core   0: 0x800092d0 (0x0bbbf213) andi    tp, s7, 187
core   0: 3 0x800092d0 (0x0bbbf213) x4  0x000000bb
core   0: 0x800092d4 (0x0b15ad13) slti    s10, a1, 177
core   0: 3 0x800092d4 (0x0b15ad13) x26 0x00000001
core   0: 0x800092d8 (0x41e40c33) sub     s8, s0, t5
core   0: 3 0x800092d8 (0x41e40c33) x24 0x7ffe731c
core   0: 0x800092dc (0x41005733) sra     a4, zero, a6
core   0: 3 0x800092dc (0x41005733) x14 0x00000000
core   0: 0x800092e0 (0x00af1333) sll     t1, t5, a0
core   0: 3 0x800092e0 (0x00af1333) x6  0x0018ce40
core   0: 0x800092e4 (0x01102fb3) slt     t6, zero, a7
core   0: 3 0x800092e4 (0x01102fb3) x31 0x00000000
core   0: 0x800092e8 (0x00000013) nop
core   0: 3 0x800092e8 (0x00000013)
core   0: 0x800092ec (0x018478b3) and     a7, s0, s8
core   0: 3 0x800092ec (0x018478b3) x17 0x00000000
core   0: 0x800092f0 (0x01c721b3) slt     gp, a4, t3
core   0: 3 0x800092f0 (0x01c721b3) x3  0x00000000
core   0: 0x800092f4 (0xa597f293) andi    t0, a5, -1447
core   0: 3 0x800092f4 (0xa597f293) x5  0xcfd7f249
core   0: 0x800092f8 (0x01ca1493) slli    s1, s4, 28
core   0: 3 0x800092f8 (0x01ca1493) x9  0x10000000
core   0: 0x800092fc (0x00000013) nop
core   0: 3 0x800092fc (0x00000013)
core   0: 0x80009300 (0xf7540a93) addi    s5, s0, -139
core   0: 3 0x80009300 (0xf7540a93) x21 0xffffff75
core   0: 0x80009304 (0x00551a93) slli    s5, a0, 5
core   0: 3 0x80009304 (0x00551a93) x21 0x0029cc80
core   0: 0x80009308 (0x418fd413) srai    s0, t6, 24
core   0: 3 0x80009308 (0x418fd413) x8  0x00000000
core   0: 0x8000930c (0x00384eb3) xor     t4, a6, gp
core   0: 3 0x8000930c (0x00384eb3) x29 0xffffff4e
core   0: 0x80009310 (0xab2efd13) andi    s10, t4, -1358
core   0: 3 0x80009310 (0xab2efd13) x26 0xfffffa02
core   0: 0x80009314 (0x0192d693) srli    a3, t0, 25
core   0: 3 0x80009314 (0x0192d693) x13 0x00000067
core   0: 0x80009318 (0x4f924393) xori    t2, tp, 1273
core   0: 3 0x80009318 (0x4f924393) x7  0x00000442
core   0: 0x8000931c (0x01911fb3) sll     t6, sp, s9
core   0: 3 0x8000931c (0x01911fb3) x31 0xfffffeba
core   0: 0x80009320 (0xae4f6b93) ori     s7, t5, -1308
core   0: 3 0x80009320 (0xae4f6b93) x23 0xfffffee4
core   0: 0x80009324 (0x01912733) slt     a4, sp, s9
core   0: 3 0x80009324 (0x01912733) x14 0x00000001
core   0: 0x80009328 (0x41e18ab3) sub     s5, gp, t5
core   0: 3 0x80009328 (0x41e18ab3) x21 0x7ffe731c
core   0: 0x8000932c (0xadb50413) addi    s0, a0, -1317
core   0: 3 0x8000932c (0xadb50413) x8  0x8001493f
core   0: 0x80009330 (0x0065a933) slt     s2, a1, t1
core   0: 3 0x80009330 (0x0065a933) x18 0x00000001
core   0: 0x80009334 (0xac108e13) addi    t3, ra, -1343
core   0: 3 0x80009334 (0xac108e13) x28 0xd7f1aac1
core   0: 0x80009338 (0x00642c33) slt     s8, s0, t1
core   0: 3 0x80009338 (0x00642c33) x24 0x00000001
core   0: 0x8000933c (0x38f86d13) ori     s10, a6, 911
core   0: 3 0x8000933c (0x38f86d13) x26 0xffffffcf
core   0: 0x80009340 (0x0b4f17b7) lui     a5, 0xb4f1
core   0: 3 0x80009340 (0x0b4f17b7) x15 0x0b4f1000
core   0: 0x80009344 (0x01b3f233) and     tp, t2, s11
core   0: 3 0x80009344 (0x01b3f233) x4  0x00000002
core   0: 0x80009348 (0x22edf213) andi    tp, s11, 558
core   0: 3 0x80009348 (0x22edf213) x4  0x0000000e
core   0: 0x8000934c (0x416c52b3) sra     t0, s8, s6
core   0: 3 0x8000934c (0x416c52b3) x5  0x00000001
core   0: 0x80009350 (0x009106b3) add     a3, sp, s1
core   0: 3 0x80009350 (0x009106b3) x13 0x0fffff5d
core   0: 0x80009354 (0x016f1233) sll     tp, t5, s6
core   0: 3 0x80009354 (0x016f1233) x4  0x80018ce4
core   0: 0x80009358 (0x00bb87b3) add     a5, s7, a1
core   0: 3 0x80009358 (0x00bb87b3) x15 0xfffffee4
core   0: 0x8000935c (0x0197f033) and     zero, a5, s9
core   0: 3 0x8000935c (0x0197f033)
core   0: 0x80009360 (0x01422233) slt     tp, tp, s4
core   0: 3 0x80009360 (0x01422233) x4  0x00000001
core   0: 0x80009364 (0x888f2393) slti    t2, t5, -1912
core   0: 3 0x80009364 (0x888f2393) x7  0x00000001
core   0: 0x80009368 (0x01ff5593) srli    a1, t5, 31
core   0: 3 0x80009368 (0x01ff5593) x11 0x00000001
core   0: 0x8000936c (0x00355e93) srli    t4, a0, 3
core   0: 3 0x8000936c (0x00355e93) x29 0x100029cc
core   0: 0x80009370 (0x01cfd5b3) srl     a1, t6, t3
core   0: 3 0x80009370 (0x01cfd5b3) x11 0x7fffff5d
core   0: 0x80009374 (0x00230bb3) add     s7, t1, sp
core   0: 3 0x80009374 (0x00230bb3) x23 0x0018cd9d
core   0: 0x80009378 (0xd461fc93) andi    s9, gp, -698
core   0: 3 0x80009378 (0xd461fc93) x25 0x00000000
core   0: 0x8000937c (0x01462bb3) slt     s7, a2, s4
core   0: 3 0x8000937c (0x01462bb3) x23 0x00000001
core   0: 0x80009380 (0x0073f6b3) and     a3, t2, t2
core   0: 3 0x80009380 (0x0073f6b3) x13 0x00000001
core   0: 0x80009384 (0x017b1293) slli    t0, s6, 23
core   0: 3 0x80009384 (0x017b1293) x5  0x00000000
core   0: 0x80009388 (0x20d16f93) ori     t6, sp, 525
core   0: 3 0x80009388 (0x20d16f93) x31 0xffffff5d
core   0: 0x8000938c (0x455ec093) xori    ra, t4, 1109
core   0: 3 0x8000938c (0x455ec093) x1  0x10002d99
core   0: 0x80009390 (0x018f9b93) slli    s7, t6, 24
core   0: 3 0x80009390 (0x018f9b93) x23 0x5d000000
core   0: 0x80009394 (0x00000013) nop
core   0: 3 0x80009394 (0x00000013)
core   0: 0x80009398 (0x00d266b3) or      a3, tp, a3
core   0: 3 0x80009398 (0x00d266b3) x13 0x00000001
core   0: 0x8000939c (0x403c03b3) sub     t2, s8, gp
core   0: 3 0x8000939c (0x403c03b3) x7  0x00000001
core   0: 0x800093a0 (0x24098c13) addi    s8, s3, 576
core   0: 3 0x800093a0 (0x24098c13) x24 0x0000024f
core   0: 0x800093a4 (0x8b9f0493) addi    s1, t5, -1863
core   0: 3 0x800093a4 (0x8b9f0493) x9  0x8001859d
core   0: 0x800093a8 (0x01692433) slt     s0, s2, s6
core   0: 3 0x800093a8 (0x01692433) x8  0x00000000
core   0: 0x800093ac (0x007acdb3) xor     s11, s5, t2
core   0: 3 0x800093ac (0x007acdb3) x27 0x7ffe731d
core   0: 0x800093b0 (0x0122f7b3) and     a5, t0, s2
core   0: 3 0x800093b0 (0x0122f7b3) x15 0x00000000
core   0: 0x800093b4 (0x013a1393) slli    t2, s4, 19
core   0: 3 0x800093b4 (0x013a1393) x7  0x00080000
core   0: 0x800093b8 (0x00342db3) slt     s11, s0, gp
core   0: 3 0x800093b8 (0x00342db3) x27 0x00000000
core   0: 0x800093bc (0xf364be93) sltiu   t4, s1, -202
core   0: 3 0x800093bc (0xf364be93) x29 0x00000001
core   0: 0x800093c0 (0x009ca733) slt     a4, s9, s1
core   0: 3 0x800093c0 (0x009ca733) x14 0x00000000
core   0: 0x800093c4 (0x00216bb3) or      s7, sp, sp
core   0: 3 0x800093c4 (0x00216bb3) x23 0xffffff5d
core   0: 0x800093c8 (0x41a852b3) sra     t0, a6, s10
core   0: 3 0x800093c8 (0x41a852b3) x5  0xffffffff
core   0: 0x800093cc (0x00000013) nop
core   0: 3 0x800093cc (0x00000013)
core   0: 0x800093d0 (0x014a0b33) add     s6, s4, s4
core   0: 3 0x800093d0 (0x014a0b33) x22 0x00000002
core   0: 0x800093d4 (0x42e08c13) addi    s8, ra, 1070
core   0: 3 0x800093d4 (0x42e08c13) x24 0x100031c7
core   0: 0x800093d8 (0xba7e3293) sltiu   t0, t3, -1113
core   0: 3 0x800093d8 (0xba7e3293) x5  0x00000001
core   0: 0x800093dc (0x017d1c93) slli    s9, s10, 23
core   0: 3 0x800093dc (0x017d1c93) x25 0xe7800000
core   0: 0x800093e0 (0xcfb4e893) ori     a7, s1, -773
core   0: 3 0x800093e0 (0xcfb4e893) x17 0xfffffdff
core   0: 0x800093e4 (0xb0f6b017) auipc   zero, 0xb0f6b
core   0: 3 0x800093e4 (0xb0f6b017)
core   0: 0x800093e8 (0xbfe3f393) andi    t2, t2, -1026
core   0: 3 0x800093e8 (0xbfe3f393) x7  0x00080000
core   0: 0x800093ec (0xdf1aa293) slti    t0, s5, -527
core   0: 3 0x800093ec (0xdf1aa293) x5  0x00000000
core   0: 0x800093f0 (0x1d904f93) xori    t6, zero, 473
core   0: 3 0x800093f0 (0x1d904f93) x31 0x000001d9
core   0: 0x800093f4 (0x418f5933) sra     s2, t5, s8
core   0: 3 0x800093f4 (0x418f5933) x18 0xff000319
core   0: 0x800093f8 (0x01a0a3b3) slt     t2, ra, s10
core   0: 3 0x800093f8 (0x01a0a3b3) x7  0x00000000
core   0: 0x800093fc (0x24380117) auipc   sp, 0x24380
core   0: 3 0x800093fc (0x24380117) x2  0xa43893fc
core   0: 0x80009400 (0xa339e313) ori     t1, s3, -1485
core   0: 3 0x80009400 (0xa339e313) x6  0xfffffa3f
core   0: 0x80009404 (0x00cc5133) srl     sp, s8, a2
core   0: 3 0x80009404 (0x00cc5133) x2  0x00000002
core   0: 0x80009408 (0x30e51197) auipc   gp, 0x30e51
core   0: 3 0x80009408 (0x30e51197) x3  0xb0e5a408
core   0: 0x8000940c (0x713bb793) sltiu   a5, s7, 1811
core   0: 3 0x8000940c (0x713bb793) x15 0x00000000
core   0: 0x80009410 (0xa2917a13) andi    s4, sp, -1495
core   0: 3 0x80009410 (0xa2917a13) x20 0x00000000
core   0: 0x80009414 (0x00757e33) and     t3, a0, t2
core   0: 3 0x80009414 (0x00757e33) x28 0x00000000
core   0: 0x80009418 (0x40105333) sra     t1, zero, ra
core   0: 3 0x80009418 (0x40105333) x6  0x00000000
core   0: 0x8000941c (0x00000013) nop
core   0: 3 0x8000941c (0x00000013)
core   0: 0x80009420 (0x005ec633) xor     a2, t4, t0
core   0: 3 0x80009420 (0x005ec633) x12 0x00000001
core   0: 0x80009424 (0x006b1793) slli    a5, s6, 6
core   0: 3 0x80009424 (0x006b1793) x15 0x00000080
core   0: 0x80009428 (0x00000013) nop
core   0: 3 0x80009428 (0x00000013)
core   0: 0x8000942c (0x0069d113) srli    sp, s3, 6
core   0: 3 0x8000942c (0x0069d113) x2  0x00000000
core   0: 0x80009430 (0x41528bb3) sub     s7, t0, s5
core   0: 3 0x80009430 (0x41528bb3) x23 0x80018ce4
core   0: 0x80009434 (0x91064813) xori    a6, a2, -1776
core   0: 3 0x80009434 (0x91064813) x16 0xfffff911
core   0: 0x80009438 (0x0049a4b3) slt     s1, s3, tp
core   0: 3 0x80009438 (0x0049a4b3) x9  0x00000000
core   0: 0x8000943c (0x40a0d113) srai    sp, ra, 10
core   0: 3 0x8000943c (0x40a0d113) x2  0x0004000b
core   0: 0x80009440 (0xe6776693) ori     a3, a4, -409
core   0: 3 0x80009440 (0xe6776693) x13 0xfffffe67
core   0: 0x80009444 (0x07f6b713) sltiu   a4, a3, 127
core   0: 3 0x80009444 (0x07f6b713) x14 0x00000000
core   0: 0x80009448 (0x013e9293) slli    t0, t4, 19
core   0: 3 0x80009448 (0x013e9293) x5  0x00080000
core   0: 0x8000944c (0x0b6aa393) slti    t2, s5, 182
core   0: 3 0x8000944c (0x0b6aa393) x7  0x00000000
core   0: 0x80009450 (0x01289e13) slli    t3, a7, 18
core   0: 3 0x80009450 (0x01289e13) x28 0xf7fc0000
core   0: 0x80009454 (0x67b36d93) ori     s11, t1, 1659
core   0: 3 0x80009454 (0x67b36d93) x27 0x0000067b
core   0: 0x80009458 (0x0006f7b3) and     a5, a3, zero
core   0: 3 0x80009458 (0x0006f7b3) x15 0x00000000
core   0: 0x8000945c (0xe0784313) xori    t1, a6, -505
core   0: 3 0x8000945c (0xe0784313) x6  0x00000716
core   0: 0x80009460 (0x01125033) srl     zero, tp, a7
core   0: 3 0x80009460 (0x01125033)
core   0: 0x80009464 (0x017e5093) srli    ra, t3, 23
core   0: 3 0x80009464 (0x017e5093) x1  0x000001ef
core   0: 0x80009468 (0x2810e093) ori     ra, ra, 641
core   0: 3 0x80009468 (0x2810e093) x1  0x000003ef
core   0: 0x8000946c (0xbb5ffb37) lui     s6, 0xbb5ff
core   0: 3 0x8000946c (0xbb5ffb37) x22 0xbb5ff000
core   0: 0x80009470 (0xb5e98913) addi    s2, s3, -1186
core   0: 3 0x80009470 (0xb5e98913) x18 0xfffffb6d
core   0: 0x80009474 (0x00a4a033) slt     zero, s1, a0
core   0: 3 0x80009474 (0x00a4a033)
core   0: 0x80009478 (0x0101e4b3) or      s1, gp, a6
core   0: 3 0x80009478 (0x0101e4b3) x9  0xfffffd19
core   0: 0x8000947c (0x238fba13) sltiu   s4, t6, 568
core   0: 3 0x8000947c (0x238fba13) x20 0x00000001
core   0: 0x80009480 (0x00a98233) add     tp, s3, a0
core   0: 3 0x80009480 (0x00a98233) x4  0x80014e73
core   0: 0x80009484 (0x1e3aa113) slti    sp, s5, 483
core   0: 3 0x80009484 (0x1e3aa113) x2  0x00000000
core   0: 0x80009488 (0x01ab1113) slli    sp, s6, 26
core   0: 3 0x80009488 (0x01ab1113) x2  0x00000000
core   0: 0x8000948c (0x00000013) nop
core   0: 3 0x8000948c (0x00000013)
core   0: 0x80009490 (0x003c7ab3) and     s5, s8, gp
core   0: 3 0x80009490 (0x003c7ab3) x21 0x10002000
core   0: 0x80009494 (0x5d630a93) addi    s5, t1, 1494
core   0: 3 0x80009494 (0x5d630a93) x21 0x00000cec
core   0: 0x80009498 (0x01e363b3) or      t2, t1, t5
core   0: 3 0x80009498 (0x01e363b3) x7  0x80018ff6
core   0: 0x8000949c (0x41f75cb3) sra     s9, a4, t6
core   0: 3 0x8000949c (0x41f75cb3) x25 0x00000000
core   0: 0x800094a0 (0xad1c7b93) andi    s7, s8, -1327
core   0: 3 0x800094a0 (0xad1c7b93) x23 0x100030c1
core   0: 0x800094a4 (0x41ba0233) sub     tp, s4, s11
core   0: 3 0x800094a4 (0x41ba0233) x4  0xfffff986
core   0: 0x800094a8 (0xeb1bfd13) andi    s10, s7, -335
core   0: 3 0x800094a8 (0xeb1bfd13) x26 0x10003081
core   0: 0x800094ac (0x0004d633) srl     a2, s1, zero
core   0: 3 0x800094ac (0x0004d633) x12 0xfffffd19
core   0: 0x800094b0 (0x001cf033) and     zero, s9, ra
core   0: 3 0x800094b0 (0x001cf033)
core   0: 0x800094b4 (0x0075f5b3) and     a1, a1, t2
core   0: 3 0x800094b4 (0x0075f5b3) x11 0x00018f54
core   0: 0x800094b8 (0x5ef92e93) slti    t4, s2, 1519
core   0: 3 0x800094b8 (0x5ef92e93) x29 0x00000001
core   0: 0x800094bc (0x01f70d33) add     s10, a4, t6
core   0: 3 0x800094bc (0x01f70d33) x26 0x000001d9
core   0: 0x800094c0 (0x66f8aa93) slti    s5, a7, 1647
core   0: 3 0x800094c0 (0x66f8aa93) x21 0x00000001
core   0: 0x800094c4 (0x00eb8e33) add     t3, s7, a4
core   0: 3 0x800094c4 (0x00eb8e33) x28 0x100030c1
core   0: 0x800094c8 (0x0094d4b3) srl     s1, s1, s1
core   0: 3 0x800094c8 (0x0094d4b3) x9  0x0000007f
core   0: 0x800094cc (0xe4b60593) addi    a1, a2, -437
core   0: 3 0x800094cc (0xe4b60593) x11 0xfffffb64
core   0: 0x800094d0 (0x4129d133) sra     sp, s3, s2
core   0: 3 0x800094d0 (0x4129d133) x2  0x00000000
core   0: 0x800094d4 (0x00464d33) xor     s10, a2, tp
core   0: 3 0x800094d4 (0x00464d33) x26 0x0000049f
core   0: 0x800094d8 (0x884e7cb7) lui     s9, 0x884e7
core   0: 3 0x800094d8 (0x884e7cb7) x25 0x884e7000
core   0: 0x800094dc (0x00da5b93) srli    s7, s4, 13
core   0: 3 0x800094dc (0x00da5b93) x23 0x00000000
core   0: 0x800094e0 (0x012d1833) sll     a6, s10, s2
core   0: 3 0x800094e0 (0x012d1833) x16 0x0093e000
core   0: 0x800094e4 (0x114ce113) ori     sp, s9, 276
core   0: 3 0x800094e4 (0x114ce113) x2  0x884e7114
core   0: 0x800094e8 (0x008c2193) slti    gp, s8, 8
core   0: 3 0x800094e8 (0x008c2193) x3  0x00000000
core   0: 0x800094ec (0x01591633) sll     a2, s2, s5
core   0: 3 0x800094ec (0x01591633) x12 0xfffff6da
core   0: 0x800094f0 (0x007e8db3) add     s11, t4, t2
core   0: 3 0x800094f0 (0x007e8db3) x27 0x80018ff7
core   0: 0x800094f4 (0x84de1c97) auipc   s9, 0x84de1
core   0: 3 0x800094f4 (0x84de1c97) x25 0x04dea4f4
core   0: 0x800094f8 (0x0106e133) or      sp, a3, a6
core   0: 3 0x800094f8 (0x0106e133) x2  0xfffffe67
core   0: 0x800094fc (0x00f28033) add     zero, t0, a5
core   0: 3 0x800094fc (0x00f28033)
core   0: 0x80009500 (0xb2dbe217) auipc   tp, 0xb2dbe
core   0: 3 0x80009500 (0xb2dbe217) x4  0x32dc7500
core   0: 0x80009504 (0x89632793) slti    a5, t1, -1898
core   0: 3 0x80009504 (0x89632793) x15 0x00000000
core   0: 0x80009508 (0x7046c413) xori    s0, a3, 1796
core   0: 3 0x80009508 (0x7046c413) x8  0xfffff963
core   0: 0x8000950c (0x076be097) auipc   ra, 0x76be
core   0: 3 0x8000950c (0x076be097) x1  0x876c750c
core   0: 0x80009510 (0x41225793) srai    a5, tp, 18
core   0: 3 0x80009510 (0x41225793) x15 0x00000cb7
core   0: 0x80009514 (0x00000013) nop
core   0: 3 0x80009514 (0x00000013)
core   0: 0x80009518 (0x8631ad13) slti    s10, gp, -1949
core   0: 3 0x80009518 (0x8631ad13) x26 0x00000000
core   0: 0x8000951c (0xd3861097) auipc   ra, 0xd3861
core   0: 3 0x8000951c (0xd3861097) x1  0x5386a51c
core   0: 0x80009520 (0x00000013) nop
core   0: 3 0x80009520 (0x00000013)
core   0: 0x80009524 (0x414fdc13) srai    s8, t6, 20
core   0: 3 0x80009524 (0x414fdc13) x24 0x00000000
core   0: 0x80009528 (0x93d87493) andi    s1, a6, -1731
core   0: 3 0x80009528 (0x93d87493) x9  0x0093e000
core   0: 0x8000952c (0x00000013) nop
core   0: 3 0x8000952c (0x00000013)
core   0: 0x80009530 (0xb617e493) ori     s1, a5, -1183
core   0: 3 0x80009530 (0xb617e493) x9  0xfffffff7
core   0: 0x80009534 (0x00000013) nop
core   0: 3 0x80009534 (0x00000013)
core   0: 0x80009538 (0x41e85793) srai    a5, a6, 30
core   0: 3 0x80009538 (0x41e85793) x15 0x00000000
core   0: 0x8000953c (0x414c80b3) sub     ra, s9, s4
core   0: 3 0x8000953c (0x414c80b3) x1  0x04dea4f3
core   0: 0x80009540 (0x402fd233) sra     tp, t6, sp
core   0: 3 0x80009540 (0x402fd233) x4  0x00000003
core   0: 0x80009544 (0x71109297) auipc   t0, 0x71109
core   0: 3 0x80009544 (0x71109297) x5  0xf1112544
core   0: 0x80009548 (0x01f79333) sll     t1, a5, t6
core   0: 3 0x80009548 (0x01f79333) x6  0x00000000
core   0: 0x8000954c (0x6fd9ce97) auipc   t4, 0x6fd9c
core   0: 3 0x8000954c (0x6fd9ce97) x29 0xefda554c
core   0: 0x80009550 (0x017d06b3) add     a3, s10, s7
core   0: 3 0x80009550 (0x017d06b3) x13 0x00000000
core   0: 0x80009554 (0x010b7c33) and     s8, s6, a6
core   0: 3 0x80009554 (0x010b7c33) x24 0x0013e000
core   0: 0x80009558 (0x411401b3) sub     gp, s0, a7
core   0: 3 0x80009558 (0x411401b3) x3  0xfffffb64
core   0: 0x8000955c (0x014fdc33) srl     s8, t6, s4
core   0: 3 0x8000955c (0x014fdc33) x24 0x000000ec
core   0: 0x80009560 (0x4028d433) sra     s0, a7, sp
core   0: 3 0x80009560 (0x4028d433) x8  0xfffffffb
core   0: 0x80009564 (0x3832cc13) xori    s8, t0, 899
core   0: 3 0x80009564 (0x3832cc13) x24 0xf11126c7
core   0: 0x80009568 (0x018d87b3) add     a5, s11, s8
core   0: 3 0x80009568 (0x018d87b3) x15 0x7112b6be
core   0: 0x8000956c (0xcf5c5637) lui     a2, 0xcf5c5
core   0: 3 0x8000956c (0xcf5c5637) x12 0xcf5c5000
core   0: 0x80009570 (0x65a0a193) slti    gp, ra, 1626
core   0: 3 0x80009570 (0x65a0a193) x3  0x00000000
core   0: 0x80009574 (0x00ab5933) srl     s2, s6, a0
core   0: 3 0x80009574 (0x00ab5933) x18 0x0bb5ff00
core   0: 0x80009578 (0x41abdb33) sra     s6, s7, s10
core   0: 3 0x80009578 (0x41abdb33) x22 0x00000000
core   0: 0x8000957c (0x00aa5c13) srli    s8, s4, 10
core   0: 3 0x8000957c (0x00aa5c13) x24 0x00000000
core   0: 0x80009580 (0x2a1d1297) auipc   t0, 0x2a1d1
core   0: 3 0x80009580 (0x2a1d1297) x5  0xaa1da580
core   0: 0x80009584 (0x0157e333) or      t1, a5, s5
core   0: 3 0x80009584 (0x0157e333) x6  0x7112b6bf
core   0: 0x80009588 (0x017c5713) srli    a4, s8, 23
core   0: 3 0x80009588 (0x017c5713) x14 0x00000000
core   0: 0x8000958c (0x41550ab3) sub     s5, a0, s5
core   0: 3 0x8000958c (0x41550ab3) x21 0x80014e63
core   0: 0x80009590 (0x416cd393) srai    t2, s9, 22
core   0: 3 0x80009590 (0x416cd393) x7  0x00000013
core   0: 0x80009594 (0x009a8133) add     sp, s5, s1
core   0: 3 0x80009594 (0x009a8133) x2  0x80014e5a
core   0: 0x80009598 (0x4153d693) srai    a3, t2, 21
core   0: 3 0x80009598 (0x4153d693) x13 0x00000000
core   0: 0x8000959c (0x01e081b3) add     gp, ra, t5
core   0: 3 0x8000959c (0x01e081b3) x3  0x84e031d7
core   0: 0x800095a0 (0x403705b3) sub     a1, a4, gp
core   0: 3 0x800095a0 (0x403705b3) x11 0x7b1fce29
core   0: 0x800095a4 (0x00079c13) slli    s8, a5, 0
core   0: 3 0x800095a4 (0x00079c13) x24 0x7112b6be
core   0: 0x800095a8 (0x1e3df493) andi    s1, s11, 483
core   0: 3 0x800095a8 (0x1e3df493) x9  0x000001e3
core   0: 0x800095ac (0x012b1493) slli    s1, s6, 18
core   0: 3 0x800095ac (0x012b1493) x9  0x00000000
core   0: 0x800095b0 (0x2b534d17) auipc   s10, 0x2b534
core   0: 3 0x800095b0 (0x2b534d17) x26 0xab53d5b0
core   0: 0x800095b4 (0x40dbdfb3) sra     t6, s7, a3
core   0: 3 0x800095b4 (0x40dbdfb3) x31 0x00000000
core   0: 0x800095b8 (0x019f56b3) srl     a3, t5, s9
core   0: 3 0x800095b8 (0x019f56b3) x13 0x00000800
core   0: 0x800095bc (0x007b9713) slli    a4, s7, 7
core   0: 3 0x800095bc (0x007b9713) x14 0x00000000
core   0: 0x800095c0 (0x003aafb3) slt     t6, s5, gp
core   0: 3 0x800095c0 (0x003aafb3) x31 0x00000001
core   0: 0x800095c4 (0x01f89c93) slli    s9, a7, 31
core   0: 3 0x800095c4 (0x01f89c93) x25 0x80000000
core   0: 0x800095c8 (0x00919233) sll     tp, gp, s1
core   0: 3 0x800095c8 (0x00919233) x4  0x84e031d7
core   0: 0x800095cc (0x003f1c13) slli    s8, t5, 3
core   0: 3 0x800095cc (0x003f1c13) x24 0x000c6720
core   0: 0x800095d0 (0x00dd5033) srl     zero, s10, a3
core   0: 3 0x800095d0 (0x00dd5033)
core   0: 0x800095d4 (0x0046e633) or      a2, a3, tp
core   0: 3 0x800095d4 (0x0046e633) x12 0x84e039d7
core   0: 0x800095d8 (0x0797fb13) andi    s6, a5, 121
core   0: 3 0x800095d8 (0x0797fb13) x22 0x00000038
core   0: 0x800095dc (0x40c28633) sub     a2, t0, a2
core   0: 3 0x800095dc (0x40c28633) x12 0x253d6ba9
core   0: 0x800095e0 (0x00faeab3) or      s5, s5, a5
core   0: 3 0x800095e0 (0x00faeab3) x21 0xf113feff
core   0: 0x800095e4 (0xacb20113) addi    sp, tp, -1333
core   0: 3 0x800095e4 (0xacb20113) x2  0x84e02ca2
core   0: 0x800095e8 (0xdff40193) addi    gp, s0, -513
core   0: 3 0x800095e8 (0xdff40193) x3  0xfffffdfa
core   0: 0x800095ec (0xa6156d93) ori     s11, a0, -1439
core   0: 3 0x800095ec (0xa6156d93) x27 0xfffffe65
core   0: 0x800095f0 (0x019198b3) sll     a7, gp, s9
core   0: 3 0x800095f0 (0x019198b3) x17 0xfffffdfa
core   0: 0x800095f4 (0xcfd5d8b7) lui     a7, 0xcfd5d
core   0: 3 0x800095f4 (0xcfd5d8b7) x17 0xcfd5d000
core   0: 0x800095f8 (0x41388733) sub     a4, a7, s3
core   0: 3 0x800095f8 (0x41388733) x14 0xcfd5cff1
core   0: 0x800095fc (0xa1c86a13) ori     s4, a6, -1508
core   0: 3 0x800095fc (0xa1c86a13) x20 0xfffffa1c
core   0: 0x80009600 (0x01285333) srl     t1, a6, s2
core   0: 3 0x80009600 (0x01285333) x6  0x0093e000
core   0: 0x80009604 (0x40730d33) sub     s10, t1, t2
core   0: 3 0x80009604 (0x40730d33) x26 0x0093dfed
core   0: 0x80009608 (0x0010ae33) slt     t3, ra, ra
core   0: 3 0x80009608 (0x0010ae33) x28 0x00000000
core   0: 0x8000960c (0x0162da13) srli    s4, t0, 22
core   0: 3 0x8000960c (0x0162da13) x20 0x000002a8
core   0: 0x80009610 (0x0f731397) auipc   t2, 0xf731
core   0: 3 0x80009610 (0x0f731397) x7  0x8f73a610
core   0: 0x80009614 (0xd547fd17) auipc   s10, 0xd547f
core   0: 3 0x80009614 (0xd547fd17) x26 0x55488614
core   0: 0x80009618 (0x0173dc93) srli    s9, t2, 23
core   0: 3 0x80009618 (0x0173dc93) x25 0x0000011e
core   0: 0x8000961c (0x89b07b93) andi    s7, zero, -1893
core   0: 3 0x8000961c (0x89b07b93) x23 0x00000000
core   0: 0x80009620 (0x35150893) addi    a7, a0, 849
core   0: 3 0x80009620 (0x35150893) x17 0x800151b5
core   0: 0x80009624 (0xaa5eab97) auipc   s7, 0xaa5ea
core   0: 3 0x80009624 (0xaa5eab97) x23 0x2a5f3624
core   0: 0x80009628 (0x993ac813) xori    a6, s5, -1645
core   0: 3 0x80009628 (0x993ac813) x16 0x0eec076c
core   0: 0x8000962c (0x1cc7ec93) ori     s9, a5, 460
core   0: 3 0x8000962c (0x1cc7ec93) x25 0x7112b7fe
core   0: 0x80009630 (0xfc1a7f93) andi    t6, s4, -63
core   0: 3 0x80009630 (0xfc1a7f93) x31 0x00000280
core   0: 0x80009634 (0x010fd493) srli    s1, t6, 16
core   0: 3 0x80009634 (0x010fd493) x9  0x00000000
core   0: 0x80009638 (0x01aedc13) srli    s8, t4, 26
core   0: 3 0x80009638 (0x01aedc13) x24 0x0000003b
core   0: 0x8000963c (0x01ae86b3) add     a3, t4, s10
core   0: 3 0x8000963c (0x01ae86b3) x13 0x4522db60
core   0: 0x80009640 (0x94b48113) addi    sp, s1, -1717
core   0: 3 0x80009640 (0x94b48113) x2  0xfffff94b
core   0: 0x80009644 (0x008ac833) xor     a6, s5, s0
core   0: 3 0x80009644 (0x008ac833) x16 0x0eec0104
core   0: 0x80009648 (0x412b5493) srai    s1, s6, 18
core   0: 3 0x80009648 (0x412b5493) x9  0x00000000
core   0: 0x8000964c (0x00810933) add     s2, sp, s0
core   0: 3 0x8000964c (0x00810933) x18 0xfffff946
core   0: 0x80009650 (0x00fee833) or      a6, t4, a5
core   0: 3 0x80009650 (0x00fee833) x16 0xffdaf7fe
core   0: 0x80009654 (0x000c23b3) slt     t2, s8, zero
core   0: 3 0x80009654 (0x000c23b3) x7  0x00000000
core   0: 0x80009658 (0xe9317093) andi    ra, sp, -365
core   0: 3 0x80009658 (0xe9317093) x1  0xfffff803
core   0: 0x8000965c (0x5f0be937) lui     s2, 0x5f0be
core   0: 3 0x8000965c (0x5f0be937) x18 0x5f0be000
core   0: 0x80009660 (0x265cef93) ori     t6, s9, 613
core   0: 3 0x80009660 (0x265cef93) x31 0x7112b7ff
core   0: 0x80009664 (0x01a7d0b3) srl     ra, a5, s10
core   0: 3 0x80009664 (0x01a7d0b3) x1  0x00000711
core   0: 0x80009668 (0x767ea293) slti    t0, t4, 1895
core   0: 3 0x80009668 (0x767ea293) x5  0x00000001
core   0: 0x8000966c (0x3529d337) lui     t1, 0x3529d
core   0: 3 0x8000966c (0x3529d337) x6  0x3529d000
core   0: 0x80009670 (0x02110b93) addi    s7, sp, 33
core   0: 3 0x80009670 (0x02110b93) x23 0xfffff96c
core   0: 0x80009674 (0x006543b3) xor     t2, a0, t1
core   0: 3 0x80009674 (0x006543b3) x7  0xb5289e64
core   0: 0x80009678 (0x40f3d793) srai    a5, t2, 15
core   0: 3 0x80009678 (0x40f3d793) x15 0xffff6a51
core   0: 0x8000967c (0x40d5d293) srai    t0, a1, 13
core   0: 3 0x8000967c (0x40d5d293) x5  0x0003d8fe
core   0: 0x80009680 (0x401650b3) sra     ra, a2, ra
core   0: 3 0x80009680 (0x401650b3) x1  0x0000129e
core   0: 0x80009684 (0x0097d093) srli    ra, a5, 9
core   0: 3 0x80009684 (0x0097d093) x1  0x007fffb5
core   0: 0x80009688 (0x01056c33) or      s8, a0, a6
core   0: 3 0x80009688 (0x01056c33) x24 0xffdbfffe
core   0: 0x8000968c (0x41f90db3) sub     s11, s2, t6
core   0: 3 0x8000968c (0x41f90db3) x27 0xedf92801
core   0: 0x80009690 (0x41fa5c33) sra     s8, s4, t6
core   0: 3 0x80009690 (0x41fa5c33) x24 0x00000000
core   0: 0x80009694 (0x01f91a33) sll     s4, s2, t6
core   0: 3 0x80009694 (0x01f91a33) x20 0x00000000
core   0: 0x80009698 (0xfc417737) lui     a4, 0xfc417
core   0: 3 0x80009698 (0xfc417737) x14 0xfc417000
core   0: 0x8000969c (0x00db9293) slli    t0, s7, 13
core   0: 3 0x8000969c (0x00db9293) x5  0xff2d8000
core   0: 0x800096a0 (0x00e8d613) srli    a2, a7, 14
core   0: 3 0x800096a0 (0x00e8d613) x12 0x00020005
core   0: 0x800096a4 (0x40355033) sra     zero, a0, gp
core   0: 3 0x800096a4 (0x40355033)
core   0: 0x800096a8 (0x0145bfb3) sltu    t6, a1, s4
core   0: 3 0x800096a8 (0x0145bfb3) x31 0x00000000
core   0: 0x800096ac (0x4028d813) srai    a6, a7, 2
core   0: 3 0x800096ac (0x4028d813) x16 0xe000546d
core   0: 0x800096b0 (0x00b45e13) srli    t3, s0, 11
core   0: 3 0x800096b0 (0x00b45e13) x28 0x001fffff
core   0: 0x800096b4 (0x01e39233) sll     tp, t2, t5
core   0: 3 0x800096b4 (0x01e39233) x4  0x5289e640
core   0: 0x800096b8 (0x01f775b3) and     a1, a4, t6
core   0: 3 0x800096b8 (0x01f775b3) x11 0x00000000
core   0: 0x800096bc (0x00759113) slli    sp, a1, 7
core   0: 3 0x800096bc (0x00759113) x2  0x00000000
core   0: 0x800096c0 (0x01031c33) sll     s8, t1, a6
core   0: 3 0x800096c0 (0x01031c33) x24 0x3a000000
core   0: 0x800096c4 (0x2dd69417) auipc   s0, 0x2dd69
core   0: 3 0x800096c4 (0x2dd69417) x8  0xadd726c4
core   0: 0x800096c8 (0xa1dafd93) andi    s11, s5, -1507
core   0: 3 0x800096c8 (0xa1dafd93) x27 0xf113fa1d
core   0: 0x800096cc (0x66dca813) slti    a6, s9, 1645
core   0: 3 0x800096cc (0x66dca813) x16 0x00000000
core   0: 0x800096d0 (0x01c1b7b3) sltu    a5, gp, t3
core   0: 3 0x800096d0 (0x01c1b7b3) x15 0x00000000
core   0: 0x800096d4 (0x40495413) srai    s0, s2, 4
core   0: 3 0x800096d4 (0x40495413) x8  0x05f0be00
core   0: 0x800096d8 (0x4a7bea17) auipc   s4, 0x4a7be
core   0: 3 0x800096d8 (0x4a7bea17) x20 0xca7c76d8
core   0: 0x800096dc (0x01d271b3) and     gp, tp, t4
core   0: 3 0x800096dc (0x01d271b3) x3  0x42884440
core   0: 0x800096e0 (0x34d98217) auipc   tp, 0x34d98
core   0: 3 0x800096e0 (0x34d98217) x4  0xb4da16e0
core   0: 0x800096e4 (0x41005733) sra     a4, zero, a6
core   0: 3 0x800096e4 (0x41005733) x14 0x00000000
core   0: 0x800096e8 (0x00df46b3) xor     a3, t5, a3
core   0: 3 0x800096e8 (0x00df46b3) x13 0xc5235784
core   0: 0x800096ec (0x41655693) srai    a3, a0, 22
core   0: 3 0x800096ec (0x41655693) x13 0xfffffe00
core   0: 0x800096f0 (0x0198fb33) and     s6, a7, s9
core   0: 3 0x800096f0 (0x0198fb33) x22 0x000011b4
core   0: 0x800096f4 (0x0045e633) or      a2, a1, tp
core   0: 3 0x800096f4 (0x0045e633) x12 0xb4da16e0
core   0: 0x800096f8 (0x016e5a93) srli    s5, t3, 22
core   0: 3 0x800096f8 (0x016e5a93) x21 0x00000000
core   0: 0x800096fc (0x00656333) or      t1, a0, t1
core   0: 3 0x800096fc (0x00656333) x6  0xb529de64
core   0: 0x80009700 (0x01a6a633) slt     a2, a3, s10
core   0: 3 0x80009700 (0x01a6a633) x12 0x00000001
core   0: 0x80009704 (0xed662213) slti    tp, a2, -298
core   0: 3 0x80009704 (0xed662213) x4  0x00000000
core   0: 0x80009708 (0x00c760b3) or      ra, a4, a2
core   0: 3 0x80009708 (0x00c760b3) x1  0x00000001
core   0: 0x8000970c (0xcde68c97) auipc   s9, 0xcde68
core   0: 3 0x8000970c (0xcde68c97) x25 0x4de7170c
core   0: 0x80009710 (0x3746ec93) ori     s9, a3, 884
core   0: 3 0x80009710 (0x3746ec93) x25 0xffffff74
core   0: 0x80009714 (0xbdd3bb93) sltiu   s7, t2, -1059
core   0: 3 0x80009714 (0xbdd3bb93) x23 0x00000001
core   0: 0x80009718 (0xe84f2713) slti    a4, t5, -380
core   0: 3 0x80009718 (0xe84f2713) x14 0x00000001
core   0: 0x8000971c (0x01b31e33) sll     t3, t1, s11
core   0: 3 0x8000971c (0x01b31e33) x28 0x80000000
core   0: 0x80009720 (0x417e5293) srai    t0, t3, 23
core   0: 3 0x80009720 (0x417e5293) x5  0xffffff00
core   0: 0x80009724 (0x0081bab3) sltu    s5, gp, s0
core   0: 3 0x80009724 (0x0081bab3) x21 0x00000000
core   0: 0x80009728 (0x00000013) nop
core   0: 3 0x80009728 (0x00000013)
core   0: 0x8000972c (0xd78d7b13) andi    s6, s10, -648
core   0: 3 0x8000972c (0xd78d7b13) x22 0x55488410
core   0: 0x80009730 (0x004705b3) add     a1, a4, tp
core   0: 3 0x80009730 (0x004705b3) x11 0x00000001
core   0: 0x80009734 (0x00166733) or      a4, a2, ra
core   0: 3 0x80009734 (0x00166733) x14 0x00000001
core   0: 0x80009738 (0xfa48bc93) sltiu   s9, a7, -92
core   0: 3 0x80009738 (0xfa48bc93) x25 0x00000001
core   0: 0x8000973c (0x81f27c93) andi    s9, tp, -2017
core   0: 3 0x8000973c (0x81f27c93) x25 0x00000000
core   0: 0x80009740 (0x403451b3) sra     gp, s0, gp
core   0: 3 0x80009740 (0x403451b3) x3  0x05f0be00
core   0: 0x80009744 (0xf645e393) ori     t2, a1, -156
core   0: 3 0x80009744 (0xf645e393) x7  0xffffff65
core   0: 0x80009748 (0x000460b3) or      ra, s0, zero
core   0: 3 0x80009748 (0x000460b3) x1  0x05f0be00
core   0: 0x8000974c (0x0145f7b3) and     a5, a1, s4
core   0: 3 0x8000974c (0x0145f7b3) x15 0x00000000
core   0: 0x80009750 (0x009ee4b3) or      s1, t4, s1
core   0: 3 0x80009750 (0x009ee4b3) x9  0xefda554c
core   0: 0x80009754 (0x4fdaec93) ori     s9, s5, 1277
core   0: 3 0x80009754 (0x4fdaec93) x25 0x000004fd
core   0: 0x80009758 (0x008571b3) and     gp, a0, s0
core   0: 3 0x80009758 (0x008571b3) x3  0x00000e00
core   0: 0x8000975c (0x419f5a93) srai    s5, t5, 25
core   0: 3 0x8000975c (0x419f5a93) x21 0xffffffc0
core   0: 0x80009760 (0x015d44b3) xor     s1, s10, s5
core   0: 3 0x80009760 (0x015d44b3) x9  0xaab779d4
core   0: 0x80009764 (0x00000013) nop
core   0: 3 0x80009764 (0x00000013)
core   0: 0x80009768 (0x013ce333) or      t1, s9, s3
core   0: 3 0x80009768 (0x013ce333) x6  0x000004ff
core   0: 0x8000976c (0x016cdcb3) srl     s9, s9, s6
core   0: 3 0x8000976c (0x016cdcb3) x25 0x00000000
core   0: 0x80009770 (0x01e60e33) add     t3, a2, t5
core   0: 3 0x80009770 (0x01e60e33) x28 0x80018ce5
core   0: 0x80009774 (0x00195933) srl     s2, s2, ra
core   0: 3 0x80009774 (0x00195933) x18 0x5f0be000
core   0: 0x80009778 (0x000fe133) or      sp, t6, zero
core   0: 3 0x80009778 (0x000fe133) x2  0x00000000
core   0: 0x8000977c (0x40f68fb3) sub     t6, a3, a5
core   0: 3 0x8000977c (0x40f68fb3) x31 0xfffffe00
core   0: 0x80009780 (0x008eaeb3) slt     t4, t4, s0
core   0: 3 0x80009780 (0x008eaeb3) x29 0x00000001
core   0: 0x80009784 (0xce4fa117) auipc   sp, 0xce4fa
core   0: 3 0x80009784 (0xce4fa117) x2  0x4e503784
core   0: 0x80009788 (0x73dc2e13) slti    t3, s8, 1853
core   0: 3 0x80009788 (0x73dc2e13) x28 0x00000000
core   0: 0x8000978c (0x41248ab3) sub     s5, s1, s2
core   0: 3 0x8000978c (0x41248ab3) x21 0x4bab99d4
core   0: 0x80009790 (0x41c2d0b3) sra     ra, t0, t3
core   0: 3 0x80009790 (0x41c2d0b3) x1  0xffffff00
core   0: 0x80009794 (0x00cdc033) xor     zero, s11, a2
core   0: 3 0x80009794 (0x00cdc033)
core   0: 0x80009798 (0x4053d213) srai    tp, t2, 5
core   0: 3 0x80009798 (0x4053d213) x4  0xfffffffb
core   0: 0x8000979c (0x05643613) sltiu   a2, s0, 86
core   0: 3 0x8000979c (0x05643613) x12 0x00000000
core   0: 0x800097a0 (0x012f6e33) or      t3, t5, s2
core   0: 3 0x800097a0 (0x012f6e33) x28 0xdf0bece4
core   0: 0x800097a4 (0xb0634893) xori    a7, t1, -1274
core   0: 3 0x800097a4 (0xb0634893) x17 0xfffffff9
core   0: 0x800097a8 (0x47b71597) auipc   a1, 0x47b71
core   0: 3 0x800097a8 (0x47b71597) x11 0xc7b7a7a8
core   0: 0x800097ac (0x0047fdb3) and     s11, a5, tp
core   0: 3 0x800097ac (0x0047fdb3) x27 0x00000000
core   0: 0x800097b0 (0x86dd2193) slti    gp, s10, -1939
core   0: 3 0x800097b0 (0x86dd2193) x3  0x00000000
core   0: 0x800097b4 (0x002cf833) and     a6, s9, sp
core   0: 3 0x800097b4 (0x002cf833) x16 0x00000000
core   0: 0x800097b8 (0x41ac0ab3) sub     s5, s8, s10
core   0: 3 0x800097b8 (0x41ac0ab3) x21 0xe4b779ec
core   0: 0x800097bc (0x007afdb3) and     s11, s5, t2
core   0: 3 0x800097bc (0x007afdb3) x27 0xe4b77964
core   0: 0x800097c0 (0xf7db2e13) slti    t3, s6, -131
core   0: 3 0x800097c0 (0xf7db2e13) x28 0x00000000
core   0: 0x800097c4 (0x413580b3) sub     ra, a1, s3
core   0: 3 0x800097c4 (0x413580b3) x1  0xc7b7a799
core   0: 0x800097c8 (0x00e753b3) srl     t2, a4, a4
core   0: 3 0x800097c8 (0x00e753b3) x7  0x00000000
core   0: 0x800097cc (0x0122b8b3) sltu    a7, t0, s2
core   0: 3 0x800097cc (0x0122b8b3) x17 0x00000000
core   0: 0x800097d0 (0xf41bf337) lui     t1, 0xf41bf
core   0: 3 0x800097d0 (0xf41bf337) x6  0xf41bf000
core   0: 0x800097d4 (0x01185d13) srli    s10, a6, 17
core   0: 3 0x800097d4 (0x01185d13) x26 0x00000000
core   0: 0x800097d8 (0x00000013) nop
core   0: 3 0x800097d8 (0x00000013)
core   0: 0x800097dc (0x00e026b3) slt     a3, zero, a4
core   0: 3 0x800097dc (0x00e026b3) x13 0x00000001
core   0: 0x800097e0 (0x94318d93) addi    s11, gp, -1725
core   0: 3 0x800097e0 (0x94318d93) x27 0xfffff943
core   0: 0x800097e4 (0xd625fab7) lui     s5, 0xd625f
core   0: 3 0x800097e4 (0xd625fab7) x21 0xd625f000
core   0: 0x800097e8 (0x00000013) nop
core   0: 3 0x800097e8 (0x00000013)
core   0: 0x800097ec (0x412b5333) sra     t1, s6, s2
core   0: 3 0x800097ec (0x412b5333) x6  0x55488410
core   0: 0x800097f0 (0x0132adb3) slt     s11, t0, s3
core   0: 3 0x800097f0 (0x0132adb3) x27 0x00000001
core   0: 0x800097f4 (0x00fed813) srli    a6, t4, 15
core   0: 3 0x800097f4 (0x00fed813) x16 0x00000000
core   0: 0x800097f8 (0x00000013) nop
core   0: 3 0x800097f8 (0x00000013)
core   0: 0x800097fc (0x0101aeb3) slt     t4, gp, a6
core   0: 3 0x800097fc (0x0101aeb3) x29 0x00000000
core   0: 0x80009800 (0xba523e13) sltiu   t3, tp, -1115
core   0: 3 0x80009800 (0xba523e13) x28 0x00000000
core   0: 0x80009804 (0xe756ec97) auipc   s9, 0xe756e
core   0: 3 0x80009804 (0xe756ec97) x25 0x67577804
core   0: 0x80009808 (0x58b9e393) ori     t2, s3, 1419
core   0: 3 0x80009808 (0x58b9e393) x7  0x0000058f
core   0: 0x8000980c (0xee763293) sltiu   t0, a2, -281
core   0: 3 0x8000980c (0xee763293) x5  0x00000001
core   0: 0x80009810 (0x0150a633) slt     a2, ra, s5
core   0: 3 0x80009810 (0x0150a633) x12 0x00000001
core   0: 0x80009814 (0x2e2ec893) xori    a7, t4, 738
core   0: 3 0x80009814 (0x2e2ec893) x17 0x000002e2
core   0: 0x80009818 (0x01fd0033) add     zero, s10, t6
core   0: 3 0x80009818 (0x01fd0033)
core   0: 0x8000981c (0x01919193) slli    gp, gp, 25
core   0: 3 0x8000981c (0x01919193) x3  0x00000000
core   0: 0x80009820 (0x9fc48793) addi    a5, s1, -1540
core   0: 3 0x80009820 (0x9fc48793) x15 0xaab773d0
core   0: 0x80009824 (0xd67bf613) andi    a2, s7, -665
core   0: 3 0x80009824 (0xd67bf613) x12 0x00000001
core   0: 0x80009828 (0x64ce4013) xori    zero, t3, 1612
core   0: 3 0x80009828 (0x64ce4013)
core   0: 0x8000982c (0x006c9e13) slli    t3, s9, 6
core   0: 3 0x8000982c (0x006c9e13) x28 0xd5de0100
core   0: 0x80009830 (0x001e7a33) and     s4, t3, ra
core   0: 3 0x80009830 (0x001e7a33) x20 0xc5960100
core   0: 0x80009834 (0x04b1fa93) andi    s5, gp, 75
core   0: 3 0x80009834 (0x04b1fa93) x21 0x00000000
core   0: 0x80009838 (0x41b5d793) srai    a5, a1, 27
core   0: 3 0x80009838 (0x41b5d793) x15 0xfffffff8
core   0: 0x8000983c (0x00000013) nop
core   0: 3 0x8000983c (0x00000013)
core   0: 0x80009840 (0x37522a93) slti    s5, tp, 885
core   0: 3 0x80009840 (0x37522a93) x21 0x00000001
core   0: 0x80009844 (0x002647b3) xor     a5, a2, sp
core   0: 3 0x80009844 (0x002647b3) x15 0x4e503785
core   0: 0x80009848 (0x6884a813) slti    a6, s1, 1672
core   0: 3 0x80009848 (0x6884a813) x16 0x00000001
core   0: 0x8000984c (0x0062ba13) sltiu   s4, t0, 6
core   0: 3 0x8000984c (0x0062ba13) x20 0x00000001
core   0: 0x80009850 (0x00571a13) slli    s4, a4, 5
core   0: 3 0x80009850 (0x00571a13) x20 0x00000020
core   0: 0x80009854 (0x01dde833) or      a6, s11, t4
core   0: 3 0x80009854 (0x01dde833) x16 0x00000001
core   0: 0x80009858 (0x0081f0b3) and     ra, gp, s0
core   0: 3 0x80009858 (0x0081f0b3) x1  0x00000000
core   0: 0x8000985c (0x40e55a93) srai    s5, a0, 14
core   0: 3 0x8000985c (0x40e55a93) x21 0xfffe0005
core   0: 0x80009860 (0x01658e33) add     t3, a1, s6
core   0: 3 0x80009860 (0x01658e33) x28 0x1d002bb8
core   0: 0x80009864 (0x003dad33) slt     s10, s11, gp
core   0: 3 0x80009864 (0x003dad33) x26 0x00000000
core   0: 0x80009868 (0x0019a2b3) slt     t0, s3, ra
core   0: 3 0x80009868 (0x0019a2b3) x5  0x00000000
core   0: 0x8000986c (0x4112d413) srai    s0, t0, 17
core   0: 3 0x8000986c (0x4112d413) x8  0x00000000
core   0: 0x80009870 (0x41cd0bb3) sub     s7, s10, t3
core   0: 3 0x80009870 (0x41cd0bb3) x23 0xe2ffd448
core   0: 0x80009874 (0x012e4433) xor     s0, t3, s2
core   0: 3 0x80009874 (0x012e4433) x8  0x420bcbb8
core   0: 0x80009878 (0x7076f097) auipc   ra, 0x7076f
core   0: 3 0x80009878 (0x7076f097) x1  0xf0778878
core   0: 0x8000987c (0x40cb5e93) srai    t4, s6, 12
core   0: 3 0x8000987c (0x40cb5e93) x29 0x00055488
core   0: 0x80009880 (0x00000013) nop
core   0: 3 0x80009880 (0x00000013)
core   0: 0x80009884 (0xa3e1a297) auipc   t0, 0xa3e1a
core   0: 3 0x80009884 (0xa3e1a297) x5  0x23e23884
core   0: 0x80009888 (0x9d193093) sltiu   ra, s2, -1583
core   0: 3 0x80009888 (0x9d193093) x1  0x00000001
core   0: 0x8000988c (0xb8067797) auipc   a5, 0xb8067
core   0: 3 0x8000988c (0xb8067797) x15 0x3807088c
core   0: 0x80009890 (0x016d7733) and     a4, s10, s6
core   0: 3 0x80009890 (0x016d7733) x14 0x00000000
core   0: 0x80009894 (0x7c4bbe13) sltiu   t3, s7, 1988
core   0: 3 0x80009894 (0x7c4bbe13) x28 0x00000000
core   0: 0x80009898 (0x00e09433) sll     s0, ra, a4
core   0: 3 0x80009898 (0x00e09433) x8  0x00000001
core   0: 0x8000989c (0x4196dfb3) sra     t6, a3, s9
core   0: 3 0x8000989c (0x4196dfb3) x31 0x00000000
core   0: 0x800098a0 (0x00af1313) slli    t1, t5, 10
core   0: 3 0x800098a0 (0x00af1313) x6  0x06339000
core   0: 0x800098a4 (0x019a74b3) and     s1, s4, s9
core   0: 3 0x800098a4 (0x019a74b3) x9  0x00000000
core   0: 0x800098a8 (0x404c5113) srai    sp, s8, 4
core   0: 3 0x800098a8 (0x404c5113) x2  0x03a00000
core   0: 0x800098ac (0x71024a17) auipc   s4, 0x71024
core   0: 3 0x800098ac (0x71024a17) x20 0xf102d8ac
core   0: 0x800098b0 (0x000086b3) add     a3, ra, zero
core   0: 3 0x800098b0 (0x000086b3) x13 0x00000001
core   0: 0x800098b4 (0xa4f03593) sltiu   a1, zero, -1457
core   0: 3 0x800098b4 (0xa4f03593) x11 0x00000001
core   0: 0x800098b8 (0x9f943013) sltiu   zero, s0, -1543
core   0: 3 0x800098b8 (0x9f943013)
core   0: 0x800098bc (0x4118dd33) sra     s10, a7, a7
core   0: 3 0x800098bc (0x4118dd33) x26 0x000000b8
core   0: 0x800098c0 (0x3defc293) xori    t0, t6, 990
core   0: 3 0x800098c0 (0x3defc293) x5  0x000003de
core   0: 0x800098c4 (0x0072d013) srli    zero, t0, 7
core   0: 3 0x800098c4 (0x0072d013)
core   0: 0x800098c8 (0xbb12f393) andi    t2, t0, -1103
core   0: 3 0x800098c8 (0xbb12f393) x7  0x00000390
core   0: 0x800098cc (0x41b43013) sltiu   zero, s0, 1051
core   0: 3 0x800098cc (0x41b43013)
core   0: 0x800098d0 (0x15af7193) andi    gp, t5, 346
core   0: 3 0x800098d0 (0x15af7193) x3  0x00000040
core   0: 0x800098d4 (0x01f19593) slli    a1, gp, 31
core   0: 3 0x800098d4 (0x01f19593) x11 0x00000000
core   0: 0x800098d8 (0x01347633) and     a2, s0, s3
core   0: 3 0x800098d8 (0x01347633) x12 0x00000001
core   0: 0x800098dc (0xced69d97) auipc   s11, 0xced69
core   0: 3 0x800098dc (0xced69d97) x27 0x4ed728dc
core   0: 0x800098e0 (0x9be46e13) ori     t3, s0, -1602
core   0: 3 0x800098e0 (0x9be46e13) x28 0xfffff9bf
core   0: 0x800098e4 (0x402e0733) sub     a4, t3, sp
core   0: 3 0x800098e4 (0x402e0733) x14 0xfc5ff9bf
core   0: 0x800098e8 (0x91766913) ori     s2, a2, -1769
core   0: 3 0x800098e8 (0x91766913) x18 0xfffff917
core   0: 0x800098ec (0x41075833) sra     a6, a4, a6
core   0: 3 0x800098ec (0x41075833) x16 0xfe2ffcdf
core   0: 0x800098f0 (0x00d56833) or      a6, a0, a3
core   0: 3 0x800098f0 (0x00d56833) x16 0x80014e65
core   0: 0x800098f4 (0x40f906b3) sub     a3, s2, a5
core   0: 3 0x800098f4 (0x40f906b3) x13 0xc7f8f08b
core   0: 0x800098f8 (0x01a05713) srli    a4, zero, 26
core   0: 3 0x800098f8 (0x01a05713) x14 0x00000000
core   0: 0x800098fc (0x01e4d893) srli    a7, s1, 30
core   0: 3 0x800098fc (0x01e4d893) x17 0x00000000
core   0: 0x80009900 (0xf6df3913) sltiu   s2, t5, -147
core   0: 3 0x80009900 (0xf6df3913) x18 0x00000001
core   0: 0x80009904 (0x01bc3033) sltu    zero, s8, s11
core   0: 3 0x80009904 (0x01bc3033)
core   0: 0x80009908 (0x2fdb4c97) auipc   s9, 0x2fdb4
core   0: 3 0x80009908 (0x2fdb4c97) x25 0xafdbd908
core   0: 0x8000990c (0x01c71093) slli    ra, a4, 28
core   0: 3 0x8000990c (0x01c71093) x1  0x00000000
core   0: 0x80009910 (0x004861b3) or      gp, a6, tp
core   0: 3 0x80009910 (0x004861b3) x3  0xffffffff
core   0: 0x80009914 (0x01e1dc13) srli    s8, gp, 30
core   0: 3 0x80009914 (0x01e1dc13) x24 0x00000003
core   0: 0x80009918 (0x0172a7b3) slt     a5, t0, s7
core   0: 3 0x80009918 (0x0172a7b3) x15 0x00000000
core   0: 0x8000991c (0x005b5093) srli    ra, s6, 5
core   0: 3 0x8000991c (0x005b5093) x1  0x02aa4420
core   0: 0x80009920 (0x004867b3) or      a5, a6, tp
core   0: 3 0x80009920 (0x004867b3) x15 0xffffffff
core   0: 0x80009924 (0x40485a13) srai    s4, a6, 4
core   0: 3 0x80009924 (0x40485a13) x20 0xf80014e6
core   0: 0x80009928 (0x01900db3) add     s11, zero, s9
core   0: 3 0x80009928 (0x01900db3) x27 0xafdbd908
core   0: 0x8000992c (0x41e30d33) sub     s10, t1, t5
core   0: 3 0x8000992c (0x41e30d33) x26 0x8632031c
core   0: 0x80009930 (0x83c42593) slti    a1, s0, -1988
core   0: 3 0x80009930 (0x83c42593) x11 0x00000000
core   0: 0x80009934 (0xd9b06b93) ori     s7, zero, -613
core   0: 3 0x80009934 (0xd9b06b93) x23 0xfffffd9b
core   0: 0x80009938 (0x8dff4897) auipc   a7, 0x8dff4
core   0: 3 0x80009938 (0x8dff4897) x17 0x0dffd938
core   0: 0x8000993c (0x0106bc33) sltu    s8, a3, a6
core   0: 3 0x8000993c (0x0106bc33) x24 0x00000000
core   0: 0x80009940 (0x001b5893) srli    a7, s6, 1
core   0: 3 0x80009940 (0x001b5893) x17 0x2aa44208
core   0: 0x80009944 (0xadfb95b7) lui     a1, 0xadfb9
core   0: 3 0x80009944 (0xadfb95b7) x11 0xadfb9000
core   0: 0x80009948 (0x01a326b3) slt     a3, t1, s10
core   0: 3 0x80009948 (0x01a326b3) x13 0x00000000
core   0: 0x8000994c (0x9c5cc717) auipc   a4, 0x9c5cc
core   0: 3 0x8000994c (0x9c5cc717) x14 0x1c5d594c
core   0: 0x80009950 (0x3f317893) andi    a7, sp, 1011
core   0: 3 0x80009950 (0x3f317893) x17 0x00000000
core   0: 0x80009954 (0x8a6b6b97) auipc   s7, 0x8a6b6
core   0: 3 0x80009954 (0x8a6b6b97) x23 0x0a6bf954
core   0: 0x80009958 (0x5be9b213) sltiu   tp, s3, 1470
core   0: 3 0x80009958 (0x5be9b213) x4  0x00000001
core   0: 0x8000995c (0x0027ae33) slt     t3, a5, sp
core   0: 3 0x8000995c (0x0027ae33) x28 0x00000001
core   0: 0x80009960 (0x01f79a13) slli    s4, a5, 31
core   0: 3 0x80009960 (0x01f79a13) x20 0x80000000
core   0: 0x80009964 (0x0047a1b3) slt     gp, a5, tp
core   0: 3 0x80009964 (0x0047a1b3) x3  0x00000001
core   0: 0x80009968 (0x5f4b6637) lui     a2, 0x5f4b6
core   0: 3 0x80009968 (0x5f4b6637) x12 0x5f4b6000
core   0: 0x8000996c (0x0089aab3) slt     s5, s3, s0
core   0: 3 0x8000996c (0x0089aab3) x21 0x00000000
core   0: 0x80009970 (0x40e08133) sub     sp, ra, a4
core   0: 3 0x80009970 (0x40e08133) x2  0xe64cead4
core   0: 0x80009974 (0x40f604b3) sub     s1, a2, a5
core   0: 3 0x80009974 (0x40f604b3) x9  0x5f4b6001
core   0: 0x80009978 (0x01e02233) slt     tp, zero, t5
core   0: 3 0x80009978 (0x01e02233) x4  0x00000000
core   0: 0x8000997c (0x0049a0b3) slt     ra, s3, tp
core   0: 3 0x8000997c (0x0049a0b3) x1  0x00000000
core   0: 0x80009980 (0x018e6a33) or      s4, t3, s8
core   0: 3 0x80009980 (0x018e6a33) x20 0x00000001
core   0: 0x80009984 (0x00000013) nop
core   0: 3 0x80009984 (0x00000013)
core   0: 0x80009988 (0x00000013) nop
core   0: 3 0x80009988 (0x00000013)
core   0: 0x8000998c (0x40c285b3) sub     a1, t0, a2
core   0: 3 0x8000998c (0x40c285b3) x11 0xa0b4a3de
core   0: 0x80009990 (0x010e4833) xor     a6, t3, a6
core   0: 3 0x80009990 (0x010e4833) x16 0x80014e64
core   0: 0x80009994 (0x00e04fb3) xor     t6, zero, a4
core   0: 3 0x80009994 (0x00e04fb3) x31 0x1c5d594c
core   0: 0x80009998 (0xc53cac13) slti    s8, s9, -941
core   0: 3 0x80009998 (0xc53cac13) x24 0x00000001
core   0: 0x8000999c (0x40b38b33) sub     s6, t2, a1
core   0: 3 0x8000999c (0x40b38b33) x22 0x5f4b5fb2
core   0: 0x800099a0 (0x994f8593) addi    a1, t6, -1644
core   0: 3 0x800099a0 (0x994f8593) x11 0x1c5d52e0
core   0: 0x800099a4 (0x01b11933) sll     s2, sp, s11
core   0: 3 0x800099a4 (0x01b11933) x18 0x4cead400
core   0: 0x800099a8 (0xa2c51037) lui     zero, 0xa2c51
core   0: 3 0x800099a8 (0xa2c51037)
core   0: 0x800099ac (0xba978b97) auipc   s7, 0xba978
core   0: 3 0x800099ac (0xba978b97) x23 0x3a9819ac
core   0: 0x800099b0 (0x012995b3) sll     a1, s3, s2
core   0: 3 0x800099b0 (0x012995b3) x11 0x0000000f
core   0: 0x800099b4 (0x320b8fb7) lui     t6, 0x320b8
core   0: 3 0x800099b4 (0x320b8fb7) x31 0x320b8000
core   0: 0x800099b8 (0xb60c8413) addi    s0, s9, -1184
core   0: 3 0x800099b8 (0xb60c8413) x8  0xafdbd468
core   0: 0x800099bc (0x5cd73893) sltiu   a7, a4, 1485
core   0: 3 0x800099bc (0x5cd73893) x17 0x00000000
core   0: 0x800099c0 (0x4122db13) srai    s6, t0, 18
core   0: 3 0x800099c0 (0x4122db13) x22 0x00000000
core   0: 0x800099c4 (0x01f728b3) slt     a7, a4, t6
core   0: 3 0x800099c4 (0x01f728b3) x17 0x00000001
core   0: 0x800099c8 (0xe4db0a93) addi    s5, s6, -435
core   0: 3 0x800099c8 (0xe4db0a93) x21 0xfffffe4d
core   0: 0x800099cc (0xda186837) lui     a6, 0xda186
core   0: 3 0x800099cc (0xda186837) x16 0xda186000
core   0: 0x800099d0 (0x013e1bb3) sll     s7, t3, s3
core   0: 3 0x800099d0 (0x013e1bb3) x23 0x00008000
core   0: 0x800099d4 (0xdee18c93) addi    s9, gp, -530
core   0: 3 0x800099d4 (0xdee18c93) x25 0xfffffdef
core   0: 0x800099d8 (0x01a4bc33) sltu    s8, s1, s10
core   0: 3 0x800099d8 (0x01a4bc33) x24 0x00000001
core   0: 0x800099dc (0x0111a633) slt     a2, gp, a7
core   0: 3 0x800099dc (0x0111a633) x12 0x00000000
core   0: 0x800099e0 (0x0121dc93) srli    s9, gp, 18
core   0: 3 0x800099e0 (0x0121dc93) x25 0x00000000
core   0: 0x800099e4 (0x00c71413) slli    s0, a4, 12
core   0: 3 0x800099e4 (0x00c71413) x8  0xd594c000
core   0: 0x800099e8 (0x41c8db93) srai    s7, a7, 28
core   0: 3 0x800099e8 (0x41c8db93) x23 0x00000000
core   0: 0x800099ec (0x42050893) addi    a7, a0, 1056
core   0: 3 0x800099ec (0x42050893) x17 0x80015284
core   0: 0x800099f0 (0x0161fb33) and     s6, gp, s6
core   0: 3 0x800099f0 (0x0161fb33) x22 0x00000000
core   0: 0x800099f4 (0xd8c1c313) xori    t1, gp, -628
core   0: 3 0x800099f4 (0xd8c1c313) x6  0xfffffd8d
core   0: 0x800099f8 (0x01909d93) slli    s11, ra, 25
core   0: 3 0x800099f8 (0x01909d93) x27 0x00000000
core   0: 0x800099fc (0x01b8d2b3) srl     t0, a7, s11
core   0: 3 0x800099fc (0x01b8d2b3) x5  0x80015284
core   0: 0x80009a00 (0x01c42433) slt     s0, s0, t3
core   0: 3 0x80009a00 (0x01c42433) x8  0x00000001
core   0: 0x80009a04 (0x412c5f93) srai    t6, s8, 18
core   0: 3 0x80009a04 (0x412c5f93) x31 0x00000000
core   0: 0x80009a08 (0xf08d0113) addi    sp, s10, -248
core   0: 3 0x80009a08 (0xf08d0113) x2  0x86320224
core   0: 0x80009a0c (0x016d2233) slt     tp, s10, s6
core   0: 3 0x80009a0c (0x016d2233) x4  0x00000001
core   0: 0x80009a10 (0x005677b3) and     a5, a2, t0
core   0: 3 0x80009a10 (0x005677b3) x15 0x00000000
core   0: 0x80009a14 (0x009c35b3) sltu    a1, s8, s1
core   0: 3 0x80009a14 (0x009c35b3) x11 0x00000001
core   0: 0x80009a18 (0x01710233) add     tp, sp, s7
core   0: 3 0x80009a18 (0x01710233) x4  0x86320224
core   0: 0x80009a1c (0x00000013) nop
core   0: 3 0x80009a1c (0x00000013)
core   0: 0x80009a20 (0x0009f733) and     a4, s3, zero
core   0: 3 0x80009a20 (0x0009f733) x14 0x00000000
core   0: 0x80009a24 (0x01e4a833) slt     a6, s1, t5
core   0: 3 0x80009a24 (0x01e4a833) x16 0x00000000
core   0: 0x80009a28 (0x413256b3) sra     a3, tp, s3
core   0: 3 0x80009a28 (0x413256b3) x13 0xffff0c64
core   0: 0x80009a2c (0x0064d1b3) srl     gp, s1, t1
core   0: 3 0x80009a2c (0x0064d1b3) x3  0x0002fa5b
core   0: 0x80009a30 (0x0064cd33) xor     s10, s1, t1
core   0: 3 0x80009a30 (0x0064cd33) x26 0xa0b49d8c
core   0: 0x80009a34 (0x2c1173b7) lui     t2, 0x2c117
core   0: 3 0x80009a34 (0x2c1173b7) x7  0x2c117000
core   0: 0x80009a38 (0x00000013) nop
core   0: 3 0x80009a38 (0x00000013)
core   0: 0x80009a3c (0x09610793) addi    a5, sp, 150
core   0: 3 0x80009a3c (0x09610793) x15 0x863202ba
core   0: 0x80009a40 (0x3791e813) ori     a6, gp, 889
core   0: 3 0x80009a40 (0x3791e813) x16 0x0002fb7b
core   0: 0x80009a44 (0x00a68433) add     s0, a3, a0
core   0: 3 0x80009a44 (0x00a68433) x8  0x80005ac8
core   0: 0x80009a48 (0x1008cb13) xori    s6, a7, 256
core   0: 3 0x80009a48 (0x1008cb13) x22 0x80015384
core   0: 0x80009a4c (0x4eaa4413) xori    s0, s4, 1258
core   0: 3 0x80009a4c (0x4eaa4413) x8  0x000004eb
core   0: 0x80009a50 (0x59ff7d13) andi    s10, t5, 1439
core   0: 3 0x80009a50 (0x59ff7d13) x26 0x00000484
core   0: 0x80009a54 (0x3066b593) sltiu   a1, a3, 774
core   0: 3 0x80009a54 (0x3066b593) x11 0x00000000
core   0: 0x80009a58 (0x1f760593) addi    a1, a2, 503
core   0: 3 0x80009a58 (0x1f760593) x11 0x000001f7
core   0: 0x80009a5c (0xa1ff81b7) lui     gp, 0xa1ff8
core   0: 3 0x80009a5c (0xa1ff81b7) x3  0xa1ff8000
core   0: 0x80009a60 (0x99732b97) auipc   s7, 0x99732
core   0: 3 0x80009a60 (0x99732b97) x23 0x1973ba60
core   0: 0x80009a64 (0xbc0275b7) lui     a1, 0xbc027
core   0: 3 0x80009a64 (0xbc0275b7) x11 0xbc027000
core   0: 0x80009a68 (0x005286b3) add     a3, t0, t0
core   0: 3 0x80009a68 (0x005286b3) x13 0x0002a508
core   0: 0x80009a6c (0x00000013) nop
core   0: 3 0x80009a6c (0x00000013)
core   0: 0x80009a70 (0xa82c8d93) addi    s11, s9, -1406
core   0: 3 0x80009a70 (0xa82c8d93) x27 0xfffffa82
core   0: 0x80009a74 (0x014d1d33) sll     s10, s10, s4
core   0: 3 0x80009a74 (0x014d1d33) x26 0x00000908
core   0: 0x80009a78 (0x409285b3) sub     a1, t0, s1
core   0: 3 0x80009a78 (0x409285b3) x11 0x20b5f283
core   0: 0x80009a7c (0x016cfa33) and     s4, s9, s6
core   0: 3 0x80009a7c (0x016cfa33) x20 0x00000000
core   0: 0x80009a80 (0xabb3c313) xori    t1, t2, -1349
core   0: 3 0x80009a80 (0xabb3c313) x6  0xd3ee8abb
core   0: 0x80009a84 (0x01624233) xor     tp, tp, s6
core   0: 3 0x80009a84 (0x01624233) x4  0x063351a0
core   0: 0x80009a88 (0xfce6be97) auipc   t4, 0xfce6b
core   0: 3 0x80009a88 (0xfce6be97) x29 0x7ce74a88
core   0: 0x80009a8c (0xa6976213) ori     tp, a4, -1431
core   0: 3 0x80009a8c (0xa6976213) x4  0xfffffa69
core   0: 0x80009a90 (0xfc7a6b93) ori     s7, s4, -57
core   0: 3 0x80009a90 (0xfc7a6b93) x23 0xffffffc7
core   0: 0x80009a94 (0x5be17893) andi    a7, sp, 1470
core   0: 3 0x80009a94 (0x5be17893) x17 0x00000024
core   0: 0x80009a98 (0xa96c68b7) lui     a7, 0xa96c6
core   0: 3 0x80009a98 (0xa96c68b7) x17 0xa96c6000
core   0: 0x80009a9c (0x2762e393) ori     t2, t0, 630
core   0: 3 0x80009a9c (0x2762e393) x7  0x800152f6
core   0: 0x80009aa0 (0x00cd32b3) sltu    t0, s10, a2
core   0: 3 0x80009aa0 (0x00cd32b3) x5  0x00000000
core   0: 0x80009aa4 (0xeb2d3e93) sltiu   t4, s10, -334
core   0: 3 0x80009aa4 (0xeb2d3e93) x29 0x00000001
core   0: 0x80009aa8 (0x40dc0db3) sub     s11, s8, a3
core   0: 3 0x80009aa8 (0x40dc0db3) x27 0xfffd5af9
core   0: 0x80009aac (0x00d2cab3) xor     s5, t0, a3
core   0: 3 0x80009aac (0x00d2cab3) x21 0x0002a508
core   0: 0x80009ab0 (0x01aec8b3) xor     a7, t4, s10
core   0: 3 0x80009ab0 (0x01aec8b3) x17 0x00000909
core   0: 0x80009ab4 (0x002a1933) sll     s2, s4, sp
core   0: 3 0x80009ab4 (0x002a1933) x18 0x00000000
core   0: 0x80009ab8 (0x71822593) slti    a1, tp, 1816
core   0: 3 0x80009ab8 (0x71822593) x11 0x00000001
core   0: 0x80009abc (0x4ffbc313) xori    t1, s7, 1279
core   0: 3 0x80009abc (0x4ffbc313) x6  0xfffffb38
core   0: 0x80009ac0 (0x0fdb7c93) andi    s9, s6, 253
core   0: 3 0x80009ac0 (0x0fdb7c93) x25 0x00000084
core   0: 0x80009ac4 (0x006a0233) add     tp, s4, t1
core   0: 3 0x80009ac4 (0x006a0233) x4  0xfffffb38
core   0: 0x80009ac8 (0x40708833) sub     a6, ra, t2
core   0: 3 0x80009ac8 (0x40708833) x16 0x7ffead0a
core   0: 0x80009acc (0x003e8c33) add     s8, t4, gp
core   0: 3 0x80009acc (0x003e8c33) x24 0xa1ff8001
core   0: 0x80009ad0 (0xc5748413) addi    s0, s1, -937
core   0: 3 0x80009ad0 (0xc5748413) x8  0x5f4b5c58
core   0: 0x80009ad4 (0xbcaab497) auipc   s1, 0xbcaab
core   0: 3 0x80009ad4 (0xbcaab497) x9  0x3cab4ad4
core   0: 0x80009ad8 (0x010fcb33) xor     s6, t6, a6
core   0: 3 0x80009ad8 (0x010fcb33) x22 0x7ffead0a
core   0: 0x80009adc (0x2b57a237) lui     tp, 0x2b57a
core   0: 3 0x80009adc (0x2b57a237) x4  0x2b57a000
core   0: 0x80009ae0 (0xa2b3b113) sltiu   sp, t2, -1493
core   0: 3 0x80009ae0 (0xa2b3b113) x2  0x00000001
core   0: 0x80009ae4 (0xa2e1e213) ori     tp, gp, -1490
core   0: 3 0x80009ae4 (0xa2e1e213) x4  0xfffffa2e
core   0: 0x80009ae8 (0x01d89693) slli    a3, a7, 29
core   0: 3 0x80009ae8 (0x01d89693) x13 0x20000000
core   0: 0x80009aec (0x0132d193) srli    gp, t0, 19
core   0: 3 0x80009aec (0x0132d193) x3  0x00000000
core   0: 0x80009af0 (0x74790613) addi    a2, s2, 1863
core   0: 3 0x80009af0 (0x74790613) x12 0x00000747
core   0: 0x80009af4 (0x31b03e13) sltiu   t3, zero, 795
core   0: 3 0x80009af4 (0x31b03e13) x28 0x00000001
core   0: 0x80009af8 (0x00b854b3) srl     s1, a6, a1
core   0: 3 0x80009af8 (0x00b854b3) x9  0x3fff5685
core   0: 0x80009afc (0x7c463b13) sltiu   s6, a2, 1988
core   0: 3 0x80009afc (0x7c463b13) x22 0x00000001
core   0: 0x80009b00 (0x00000013) nop
core   0: 3 0x80009b00 (0x00000013)
core   0: 0x80009b04 (0x009b0633) add     a2, s6, s1
core   0: 3 0x80009b04 (0x009b0633) x12 0x3fff5686
core   0: 0x80009b08 (0x01e8bbb3) sltu    s7, a7, t5
core   0: 3 0x80009b08 (0x01e8bbb3) x23 0x00000001
core   0: 0x80009b0c (0x0153f7b3) and     a5, t2, s5
core   0: 3 0x80009b0c (0x0153f7b3) x15 0x00000000
core   0: 0x80009b10 (0x01fb60b3) or      ra, s6, t6
core   0: 3 0x80009b10 (0x01fb60b3) x1  0x00000001
core   0: 0x80009b14 (0x004d1313) slli    t1, s10, 4
core   0: 3 0x80009b14 (0x004d1313) x6  0x00009080
core   0: 0x80009b18 (0x411fd933) sra     s2, t6, a7
core   0: 3 0x80009b18 (0x411fd933) x18 0x00000000
core   0: 0x80009b1c (0x00e40a33) add     s4, s0, a4
core   0: 3 0x80009b1c (0x00e40a33) x20 0x5f4b5c58
core   0: 0x80009b20 (0x410e8c33) sub     s8, t4, a6
core   0: 3 0x80009b20 (0x410e8c33) x24 0x800152f7
core   0: 0x80009b24 (0x0087f733) and     a4, a5, s0
core   0: 3 0x80009b24 (0x0087f733) x14 0x00000000
core   0: 0x80009b28 (0x01f194b3) sll     s1, gp, t6
core   0: 3 0x80009b28 (0x01f194b3) x9  0x00000000
core   0: 0x80009b2c (0xd3c5c793) xori    a5, a1, -708
core   0: 3 0x80009b2c (0xd3c5c793) x15 0xfffffd3d
core   0: 0x80009b30 (0x1f262493) slti    s1, a2, 498
core   0: 3 0x80009b30 (0x1f262493) x9  0x00000000
core   0: 0x80009b34 (0x7203c013) xori    zero, t2, 1824
core   0: 3 0x80009b34 (0x7203c013)
core   0: 0x80009b38 (0x756ec113) xori    sp, t4, 1878
core   0: 3 0x80009b38 (0x756ec113) x2  0x00000757
core   0: 0x80009b3c (0x6971b713) sltiu   a4, gp, 1687
core   0: 3 0x80009b3c (0x6971b713) x14 0x00000001
core   0: 0x80009b40 (0x013b70b3) and     ra, s6, s3
core   0: 3 0x80009b40 (0x013b70b3) x1  0x00000001
core   0: 0x80009b44 (0x508d4793) xori    a5, s10, 1288
core   0: 3 0x80009b44 (0x508d4793) x15 0x00000c00
core   0: 0x80009b48 (0x00000013) nop
core   0: 3 0x80009b48 (0x00000013)
core   0: 0x80009b4c (0x019b44b3) xor     s1, s6, s9
core   0: 3 0x80009b4c (0x019b44b3) x9  0x00000085
core   0: 0x80009b50 (0x008e5633) srl     a2, t3, s0
core   0: 3 0x80009b50 (0x008e5633) x12 0x00000000
core   0: 0x80009b54 (0x002987b3) add     a5, s3, sp
core   0: 3 0x80009b54 (0x002987b3) x15 0x00000766
core   0: 0x80009b58 (0x00fd15b3) sll     a1, s10, a5
core   0: 3 0x80009b58 (0x00fd15b3) x11 0x00024200
core   0: 0x80009b5c (0x011f1bb3) sll     s7, t5, a7
core   0: 3 0x80009b5c (0x011f1bb3) x23 0x0319c800
core   0: 0x80009b60 (0x00f911b3) sll     gp, s2, a5
core   0: 3 0x80009b60 (0x00f911b3) x3  0x00000000
core   0: 0x80009b64 (0x00dd9e13) slli    t3, s11, 13
core   0: 3 0x80009b64 (0x00dd9e13) x28 0xab5f2000
core   0: 0x80009b68 (0x41705033) sra     zero, zero, s7
core   0: 3 0x80009b68 (0x41705033)
core   0: 0x80009b6c (0x01bb1cb3) sll     s9, s6, s11
core   0: 3 0x80009b6c (0x01bb1cb3) x25 0x02000000
core   0: 0x80009b70 (0x416b5c33) sra     s8, s6, s6
core   0: 3 0x80009b70 (0x416b5c33) x24 0x00000000
core   0: 0x80009b74 (0x0063a733) slt     a4, t2, t1
core   0: 3 0x80009b74 (0x0063a733) x14 0x00000001
core   0: 0x80009b78 (0x012f2633) slt     a2, t5, s2
core   0: 3 0x80009b78 (0x012f2633) x12 0x00000001
core   0: 0x80009b7c (0x0d6c0913) addi    s2, s8, 214
core   0: 3 0x80009b7c (0x0d6c0913) x18 0x000000d6
core   0: 0x80009b80 (0xcfc7b8b7) lui     a7, 0xcfc7b
core   0: 3 0x80009b80 (0xcfc7b8b7) x17 0xcfc7b000
core   0: 0x80009b84 (0x6e524913) xori    s2, tp, 1765
core   0: 3 0x80009b84 (0x6e524913) x18 0xfffffccb
core   0: 0x80009b88 (0x013708b3) add     a7, a4, s3
core   0: 3 0x80009b88 (0x013708b3) x17 0x00000010
core   0: 0x80009b8c (0x267ec893) xori    a7, t4, 615
core   0: 3 0x80009b8c (0x267ec893) x17 0x00000266
core   0: 0x80009b90 (0x013812b3) sll     t0, a6, s3
core   0: 3 0x80009b90 (0x013812b3) x5  0x56850000
core   0: 0x80009b94 (0x01fe6a33) or      s4, t3, t6
core   0: 3 0x80009b94 (0x01fe6a33) x20 0xab5f2000
core   0: 0x80009b98 (0x004066b3) or      a3, zero, tp
core   0: 3 0x80009b98 (0x004066b3) x13 0xfffffa2e
core   0: 0x80009b9c (0x00000013) nop
core   0: 3 0x80009b9c (0x00000013)
core   0: 0x80009ba0 (0x40e554b3) sra     s1, a0, a4
core   0: 3 0x80009ba0 (0x40e554b3) x9  0xc000a732
core   0: 0x80009ba4 (0x014a45b3) xor     a1, s4, s4
core   0: 3 0x80009ba4 (0x014a45b3) x11 0x00000000
core   0: 0x80009ba8 (0x00e4ec33) or      s8, s1, a4
core   0: 3 0x80009ba8 (0x00e4ec33) x24 0xc000a733
core   0: 0x80009bac (0x00770633) add     a2, a4, t2
core   0: 3 0x80009bac (0x00770633) x12 0x800152f7
core   0: 0x80009bb0 (0x0011ea33) or      s4, gp, ra
core   0: 3 0x80009bb0 (0x0011ea33) x20 0x00000001
core   0: 0x80009bb4 (0x00a5eb33) or      s6, a1, a0
core   0: 3 0x80009bb4 (0x00a5eb33) x22 0x80014e64
core   0: 0x80009bb8 (0x015a1233) sll     tp, s4, s5
core   0: 3 0x80009bb8 (0x015a1233) x4  0x00000100
core   0: 0x80009bbc (0xbd3a7693) andi    a3, s4, -1069
core   0: 3 0x80009bbc (0xbd3a7693) x13 0x00000001
core   0: 0x80009bc0 (0xb777e317) auipc   t1, 0xb777e
core   0: 3 0x80009bc0 (0xb777e317) x6  0x37787bc0
core   0: 0x80009bc4 (0x01abd3b3) srl     t2, s7, s10
core   0: 3 0x80009bc4 (0x01abd3b3) x7  0x000319c8
core   0: 0x80009bc8 (0x01d462b3) or      t0, s0, t4
core   0: 3 0x80009bc8 (0x01d462b3) x5  0x5f4b5c59
core   0: 0x80009bcc (0x019c1a93) slli    s5, s8, 25
core   0: 3 0x80009bcc (0x019c1a93) x21 0x66000000
core   0: 0x80009bd0 (0x40265613) srai    a2, a2, 2
core   0: 3 0x80009bd0 (0x40265613) x12 0xe00054bd
core   0: 0x80009bd4 (0x01f71f93) slli    t6, a4, 31
core   0: 3 0x80009bd4 (0x01f71f93) x31 0x80000000
core   0: 0x80009bd8 (0x4139d5b3) sra     a1, s3, s3
core   0: 3 0x80009bd8 (0x4139d5b3) x11 0x00000000
core   0: 0x80009bdc (0x2e6d0217) auipc   tp, 0x2e6d0
core   0: 3 0x80009bdc (0x2e6d0217) x4  0xae6d9bdc
core   0: 0x80009be0 (0x00000013) nop
core   0: 3 0x80009be0 (0x00000013)
core   0: 0x80009be4 (0xcf1cff93) andi    t6, s9, -783
core   0: 3 0x80009be4 (0xcf1cff93) x31 0x02000000
core   0: 0x80009be8 (0x014cb6b3) sltu    a3, s9, s4
core   0: 3 0x80009be8 (0x014cb6b3) x13 0x00000000
core   0: 0x80009bec (0x417fd913) srai    s2, t6, 23
core   0: 3 0x80009bec (0x417fd913) x18 0x00000004
core   0: 0x80009bf0 (0x010be733) or      a4, s7, a6
core   0: 3 0x80009bf0 (0x010be733) x14 0x7fffed0a
core   0: 0x80009bf4 (0x01e85a33) srl     s4, a6, t5
core   0: 3 0x80009bf4 (0x01e85a33) x20 0x07ffead0
core   0: 0x80009bf8 (0x00fee7b3) or      a5, t4, a5
core   0: 3 0x80009bf8 (0x00fee7b3) x15 0x00000767
core   0: 0x80009bfc (0x12ca4613) xori    a2, s4, 300
core   0: 3 0x80009bfc (0x12ca4613) x12 0x07ffebfc
core   0: 0x80009c00 (0x013d9433) sll     s0, s11, s3
core   0: 3 0x80009c00 (0x013d9433) x8  0xad7c8000
core   0: 0x80009c04 (0x0188d113) srli    sp, a7, 24
core   0: 3 0x80009c04 (0x0188d113) x2  0x00000000
core   0: 0x80009c08 (0xf04ee893) ori     a7, t4, -252
core   0: 3 0x80009c08 (0xf04ee893) x17 0xffffff05
core   0: 0x80009c0c (0x00da8917) auipc   s2, 0xda8
core   0: 3 0x80009c0c (0x00da8917) x18 0x80db1c0c
core   0: 0x80009c10 (0x7c140293) addi    t0, s0, 1985
core   0: 3 0x80009c10 (0x7c140293) x5  0xad7c87c1
core   0: 0x80009c14 (0x005e3ab3) sltu    s5, t3, t0
core   0: 3 0x80009c14 (0x005e3ab3) x21 0x00000001
core   0: 0x80009c18 (0x00e3d833) srl     a6, t2, a4
core   0: 3 0x80009c18 (0x00e3d833) x16 0x000000c6
core   0: 0x80009c1c (0x4022d733) sra     a4, t0, sp
core   0: 3 0x80009c1c (0x4022d733) x14 0xad7c87c1
core   0: 0x80009c20 (0x01a09d33) sll     s10, ra, s10
core   0: 3 0x80009c20 (0x01a09d33) x26 0x00000100
core   0: 0x80009c24 (0x00ed3633) sltu    a2, s10, a4
core   0: 3 0x80009c24 (0x00ed3633) x12 0x00000001
core   0: 0x80009c28 (0x00845633) srl     a2, s0, s0
core   0: 3 0x80009c28 (0x00845633) x12 0xad7c8000
